2022-12-03 20:23:20.589 | INFO     | __main__:<module>:80 - 使用嵌入法 RandomForestClassifier 进行特征选择,剩余(1278, 16)个特征
2022-12-03 20:23:20.597 | INFO     | __main__:<module>:90 - 剩余的特征是：['age', 'alanine aminotransferase', 'albumin', 'total bilirubin', 'urea', 'creatinine', 'Uric Acid', 'total cholesterol', 'glycosylated hemoglobin', 'activated partial thromboplastin time', 'urine protein quantity', '24h urine protein quantity', 'Diabetes duration', 'C2/C0', 'NLR', 'HOMA-IR']
2022-12-03 20:23:20.613 | INFO     | __main__:<module>:111 - 使用 SMOTETomek 混合采样
2022-12-03 20:23:20.613 | INFO     | __main__:<module>:115 - 数据平衡前：非DPN组有530条,DPN组有748条
2022-12-03 20:23:20.679 | INFO     | __main__:<module>:117 - 数据平衡后：非DPN组有702条,DPN组有702条
2022-12-03 20:33:30.068 | INFO     | __main__:<module>:28 - 调参结束，最佳结果为:0.7369668246445498
2022-12-03 20:33:30.068 | INFO     | __main__:<module>:29 - 调参结束，最佳参数为:{'n_estimators': 350, 'max_depth': 12, 'grow_policy': 'lossguide', 'learning_rate': 0.04690250747972388, 'gamma': 1.2214671674376956e-05, 'reg_lambda': 2.592776397904034e-05, 'reg_alpha': 1.6642675952811388e-07, 'subsample': 0.897341255267949, 'colsample_bytree': 0.661037320664513}
2022-12-03 20:33:30.232 | WARNING  | __main__:<module>:26 - {'objective': 'binary:logistic', 'use_label_encoder': False, 'base_score': None, 'booster': None, 'callbacks': None, 'colsample_bylevel': None, 'colsample_bynode': None, 'colsample_bytree': 0.661037320664513, 'early_stopping_rounds': None, 'enable_categorical': False, 'eval_metric': None, 'gamma': 1.2214671674376956e-05, 'gpu_id': None, 'grow_policy': 'lossguide', 'importance_type': None, 'interaction_constraints': None, 'learning_rate': 0.04690250747972388, 'max_bin': None, 'max_cat_to_onehot': None, 'max_delta_step': None, 'max_depth': 12, 'max_leaves': None, 'min_child_weight': None, 'missing': nan, 'monotone_constraints': None, 'n_estimators': 350, 'n_jobs': None, 'num_parallel_tree': None, 'predictor': None, 'random_state': None, 'reg_alpha': 1.6642675952811388e-07, 'reg_lambda': 2.592776397904034e-05, 'sampling_method': None, 'scale_pos_weight': None, 'subsample': 0.897341255267949, 'tree_method': None, 'validate_parameters': None, 'verbosity': None}
2022-12-03 20:33:31.643 | WARNING  | __main__:<module>:40 - 0.787	0.806	0.761	0.783
2022-12-03 20:33:32.406 | WARNING  | __main__:<module>:40 - 0.752	0.757	0.746	0.752
2022-12-03 20:33:33.186 | WARNING  | __main__:<module>:40 - 0.801	0.809	0.786	0.797
2022-12-03 20:33:33.939 | WARNING  | __main__:<module>:40 - 0.709	0.693	0.743	0.717
2022-12-03 20:33:34.612 | WARNING  | __main__:<module>:40 - 0.729	0.735	0.714	0.725
2022-12-03 20:33:35.348 | WARNING  | __main__:<module>:40 - 0.779	0.791	0.757	0.774
2022-12-03 20:33:36.077 | WARNING  | __main__:<module>:40 - 0.743	0.783	0.671	0.723
2022-12-03 20:33:37.183 | WARNING  | __main__:<module>:40 - 0.714	0.768	0.614	0.683
2022-12-03 20:33:37.930 | WARNING  | __main__:<module>:40 - 0.786	0.812	0.743	0.776
2022-12-03 20:33:38.688 | WARNING  | __main__:<module>:40 - 0.729	0.758	0.671	0.712
2022-12-03 20:33:38.688 | WARNING  | __main__:<module>:42 - accuracy		mean:0.753	std:0.032
2022-12-03 20:33:38.688 | WARNING  | __main__:<module>:43 - precision		mean:0.771	std:0.036
2022-12-03 20:33:38.688 | WARNING  | __main__:<module>:44 - recall		mean:0.721	std:0.05
2022-12-03 20:33:38.688 | WARNING  | __main__:<module>:45 - f1		mean:0.744	std:0.036
2022-12-03 20:34:13.829 | INFO     | __main__:<module>:22 - 调参结束，最佳结果为:0.7843601895734598
2022-12-03 20:34:13.829 | INFO     | __main__:<module>:23 - 调参结束，最佳参数为:{'C': 0.9785655791014441, 'gamma': 0.9362199044137063}
2022-12-03 20:34:13.916 | WARNING  | __main__:<module>:6 - {'C': 0.9785655791014441, 'break_ties': False, 'cache_size': 200, 'class_weight': None, 'coef0': 0.0, 'decision_function_shape': 'ovr', 'degree': 3, 'gamma': 0.9362199044137063, 'kernel': 'rbf', 'max_iter': -1, 'probability': True, 'random_state': 43, 'shrinking': True, 'tol': 0.001, 'verbose': False}
2022-12-03 20:34:14.487 | WARNING  | __main__:<module>:19 - 0.759	0.691	0.944	0.798
2022-12-03 20:34:15.054 | WARNING  | __main__:<module>:19 - 0.766	0.716	0.887	0.792
2022-12-03 20:34:15.787 | WARNING  | __main__:<module>:19 - 0.766	0.703	0.914	0.795
2022-12-03 20:34:16.490 | WARNING  | __main__:<module>:19 - 0.738	0.685	0.871	0.767
2022-12-03 20:34:17.257 | WARNING  | __main__:<module>:19 - 0.8	0.728	0.957	0.827
2022-12-03 20:34:17.848 | WARNING  | __main__:<module>:19 - 0.814	0.756	0.929	0.833
2022-12-03 20:34:18.361 | WARNING  | __main__:<module>:19 - 0.757	0.7	0.9	0.788
2022-12-03 20:34:18.868 | WARNING  | __main__:<module>:19 - 0.729	0.663	0.929	0.774
2022-12-03 20:34:19.381 | WARNING  | __main__:<module>:19 - 0.8	0.728	0.957	0.827
2022-12-03 20:34:19.875 | WARNING  | __main__:<module>:19 - 0.764	0.703	0.914	0.795
2022-12-03 20:34:19.875 | WARNING  | __main__:<module>:21 - accuracy		mean:0.769	std:0.026
2022-12-03 20:34:19.879 | WARNING  | __main__:<module>:22 - precision		mean:0.707	std:0.025
2022-12-03 20:34:19.879 | WARNING  | __main__:<module>:23 - recall		mean:0.92	std:0.027
2022-12-03 20:34:19.879 | WARNING  | __main__:<module>:24 - f1		mean:0.8	std:0.021
2022-12-03 21:38:40.365 | INFO     | __main__:<module>:18 - 调参结束，最佳结果为:0.6587677725118484
2022-12-03 21:38:40.365 | INFO     | __main__:<module>:19 - 调参结束，最佳参数为:{'penalty': 'l2', 'C': 0.1192450312489694, 'max_iter': 3448}
2022-12-03 21:38:40.968 | WARNING  | __main__:<module>:15 - {'C': 0.1192450312489694, 'class_weight': None, 'dual': False, 'fit_intercept': True, 'intercept_scaling': 1, 'l1_ratio': None, 'max_iter': 3448, 'multi_class': 'auto', 'n_jobs': None, 'penalty': 'l2', 'random_state': None, 'solver': 'lbfgs', 'tol': 0.0001, 'verbose': 0, 'warm_start': False}
2022-12-03 21:38:40.979 | WARNING  | __main__:<module>:28 - 0.716	0.725	0.704	0.714
2022-12-03 21:38:40.994 | WARNING  | __main__:<module>:28 - 0.681	0.671	0.718	0.694
2022-12-03 21:38:40.999 | WARNING  | __main__:<module>:28 - 0.738	0.754	0.7	0.726
2022-12-03 21:38:41.012 | WARNING  | __main__:<module>:28 - 0.674	0.662	0.7	0.681
2022-12-03 21:38:41.030 | WARNING  | __main__:<module>:28 - 0.686	0.697	0.657	0.676
2022-12-03 21:38:41.040 | WARNING  | __main__:<module>:28 - 0.679	0.687	0.657	0.672
2022-12-03 21:38:41.050 | WARNING  | __main__:<module>:28 - 0.729	0.758	0.671	0.712
2022-12-03 21:38:41.060 | WARNING  | __main__:<module>:28 - 0.586	0.597	0.529	0.561
2022-12-03 21:38:41.072 | WARNING  | __main__:<module>:28 - 0.721	0.731	0.7	0.715
2022-12-03 21:38:41.081 | WARNING  | __main__:<module>:28 - 0.586	0.591	0.557	0.574
2022-12-03 21:38:41.081 | WARNING  | __main__:<module>:30 - accuracy		mean:0.679	std:0.052
2022-12-03 21:38:41.081 | WARNING  | __main__:<module>:31 - precision		mean:0.687	std:0.056
2022-12-03 21:38:41.088 | WARNING  | __main__:<module>:32 - recall		mean:0.659	std:0.062
2022-12-03 21:38:41.090 | WARNING  | __main__:<module>:33 - f1		mean:0.672	std:0.056
2022-12-03 21:39:34.124 | INFO     | __main__:<module>:23 - 调参结束，最佳结果为:0.7298578199052133
2022-12-03 21:39:34.125 | INFO     | __main__:<module>:24 - 调参结束，最佳参数为:{'n_estimators': 209, 'max_depth': 10, 'min_samples_split': 9}
2022-12-03 21:39:34.193 | WARNING  | __main__:<module>:11 - {'estimator__bootstrap': True, 'estimator__ccp_alpha': 0.0, 'estimator__class_weight': None, 'estimator__criterion': 'gini', 'estimator__max_depth': 8, 'estimator__max_features': 'auto', 'estimator__max_leaf_nodes': None, 'estimator__max_samples': None, 'estimator__min_impurity_decrease': 0.0, 'estimator__min_impurity_split': None, 'estimator__min_samples_leaf': 1, 'estimator__min_samples_split': 2, 'estimator__min_weight_fraction_leaf': 0.0, 'estimator__n_estimators': 200, 'estimator__n_jobs': None, 'estimator__oob_score': False, 'estimator__random_state': 43, 'estimator__verbose': 0, 'estimator__warm_start': False, 'estimator': RandomForestClassifier(max_depth=8, n_estimators=200, random_state=43), 'importance_getter': 'auto', 'max_features': None, 'norm_order': 1, 'prefit': True, 'threshold': None}
2022-12-03 21:39:34.634 | WARNING  | __main__:<module>:24 - 0.773	0.8	0.732	0.765
2022-12-03 21:39:35.070 | WARNING  | __main__:<module>:24 - 0.73	0.746	0.704	0.725
2022-12-03 21:39:35.503 | WARNING  | __main__:<module>:24 - 0.773	0.806	0.714	0.758
2022-12-03 21:39:35.927 | WARNING  | __main__:<module>:24 - 0.702	0.694	0.714	0.704
2022-12-03 21:39:36.361 | WARNING  | __main__:<module>:24 - 0.736	0.762	0.686	0.722
2022-12-03 21:39:36.796 | WARNING  | __main__:<module>:24 - 0.757	0.79	0.7	0.742
2022-12-03 21:39:37.228 | WARNING  | __main__:<module>:24 - 0.75	0.797	0.671	0.729
2022-12-03 21:39:37.653 | WARNING  | __main__:<module>:24 - 0.693	0.755	0.571	0.65
2022-12-03 21:39:38.077 | WARNING  | __main__:<module>:24 - 0.714	0.778	0.6	0.677
2022-12-03 21:39:38.511 | WARNING  | __main__:<module>:24 - 0.729	0.767	0.657	0.708
2022-12-03 21:39:38.511 | WARNING  | __main__:<module>:26 - accuracy		mean:0.736	std:0.026
2022-12-03 21:39:38.511 | WARNING  | __main__:<module>:27 - precision		mean:0.77	std:0.032
2022-12-03 21:39:38.513 | WARNING  | __main__:<module>:28 - recall		mean:0.675	std:0.05
2022-12-03 21:39:38.514 | WARNING  | __main__:<module>:29 - f1		mean:0.718	std:0.033
2022-12-03 21:39:40.323 | INFO     | __main__:<module>:17 - 调参结束，最佳结果为:0.6587677725118484
2022-12-03 21:39:40.323 | INFO     | __main__:<module>:18 - 调参结束，最佳参数为:{'criterion': 'gini', 'max_depth': 14}
2022-12-03 21:39:40.362 | WARNING  | __main__:<module>:14 - {'ccp_alpha': 0.0, 'class_weight': None, 'criterion': 'gini', 'max_depth': 14, 'max_features': None, 'max_leaf_nodes': None, 'min_impurity_decrease': 0.0, 'min_impurity_split': None, 'min_samples_leaf': 1, 'min_samples_split': 2, 'min_weight_fraction_leaf': 0.0, 'random_state': None, 'splitter': 'best'}
2022-12-03 21:39:40.382 | WARNING  | __main__:<module>:27 - 0.674	0.692	0.634	0.662
2022-12-03 21:39:40.389 | WARNING  | __main__:<module>:27 - 0.695	0.741	0.606	0.667
2022-12-03 21:39:40.406 | WARNING  | __main__:<module>:27 - 0.752	0.746	0.757	0.752
2022-12-03 21:39:40.417 | WARNING  | __main__:<module>:27 - 0.674	0.682	0.643	0.662
2022-12-03 21:39:40.435 | WARNING  | __main__:<module>:27 - 0.664	0.662	0.671	0.667
2022-12-03 21:39:40.454 | WARNING  | __main__:<module>:27 - 0.707	0.693	0.743	0.717
2022-12-03 21:39:40.472 | WARNING  | __main__:<module>:27 - 0.629	0.641	0.586	0.612
2022-12-03 21:39:40.492 | WARNING  | __main__:<module>:27 - 0.629	0.68	0.486	0.567
2022-12-03 21:39:40.508 | WARNING  | __main__:<module>:27 - 0.664	0.667	0.657	0.662
2022-12-03 21:39:40.511 | WARNING  | __main__:<module>:27 - 0.693	0.701	0.671	0.686
2022-12-03 21:39:40.511 | WARNING  | __main__:<module>:29 - accuracy		mean:0.678	std:0.035
2022-12-03 21:39:40.511 | WARNING  | __main__:<module>:30 - precision		mean:0.691	std:0.031
2022-12-03 21:39:40.526 | WARNING  | __main__:<module>:31 - recall		mean:0.645	std:0.074
2022-12-03 21:39:40.527 | WARNING  | __main__:<module>:32 - f1		mean:0.665	std:0.048
2022-12-03 21:39:40.786 | WARNING  | __main__:<module>:19 - 0.688	1.0	0.38	0.551
2022-12-03 21:39:40.809 | WARNING  | __main__:<module>:19 - 0.738	0.87	0.563	0.684
2022-12-03 21:39:40.818 | WARNING  | __main__:<module>:19 - 0.73	0.971	0.471	0.635
2022-12-03 21:39:40.837 | WARNING  | __main__:<module>:19 - 0.638	0.828	0.343	0.485
2022-12-03 21:39:40.842 | WARNING  | __main__:<module>:19 - 0.657	0.806	0.414	0.547
2022-12-03 21:39:40.859 | WARNING  | __main__:<module>:19 - 0.686	0.882	0.429	0.577
2022-12-03 21:39:40.872 | WARNING  | __main__:<module>:19 - 0.7	0.833	0.5	0.625
2022-12-03 21:39:40.872 | WARNING  | __main__:<module>:19 - 0.607	0.778	0.3	0.433
2022-12-03 21:39:40.888 | WARNING  | __main__:<module>:19 - 0.65	0.8	0.4	0.533
2022-12-03 21:39:40.905 | WARNING  | __main__:<module>:19 - 0.65	0.818	0.386	0.524
2022-12-03 21:39:40.905 | WARNING  | __main__:<module>:21 - accuracy		mean:0.674	std:0.039
2022-12-03 21:39:40.905 | WARNING  | __main__:<module>:22 - precision		mean:0.858	std:0.07
2022-12-03 21:39:40.910 | WARNING  | __main__:<module>:23 - recall		mean:0.419	std:0.073
2022-12-03 21:39:40.910 | WARNING  | __main__:<module>:24 - f1		mean:0.559	std:0.07
2022-12-03 21:39:41.230 | WARNING  | __main__:<module>:19 - 0.631	0.88	0.31	0.458
2022-12-03 21:39:41.237 | WARNING  | __main__:<module>:19 - 0.631	0.771	0.38	0.509
2022-12-03 21:39:41.244 | WARNING  | __main__:<module>:19 - 0.624	0.905	0.271	0.418
2022-12-03 21:39:41.248 | WARNING  | __main__:<module>:19 - 0.582	0.704	0.271	0.392
2022-12-03 21:39:41.248 | WARNING  | __main__:<module>:19 - 0.586	0.875	0.2	0.326
2022-12-03 21:39:41.263 | WARNING  | __main__:<module>:19 - 0.593	0.76	0.271	0.4
2022-12-03 21:39:41.271 | WARNING  | __main__:<module>:19 - 0.564	0.846	0.157	0.265
2022-12-03 21:39:41.271 | WARNING  | __main__:<module>:19 - 0.557	0.667	0.229	0.34
2022-12-03 21:39:41.282 | WARNING  | __main__:<module>:19 - 0.593	0.783	0.257	0.387
2022-12-03 21:39:41.288 | WARNING  | __main__:<module>:19 - 0.543	0.65	0.186	0.289
2022-12-03 21:39:41.288 | WARNING  | __main__:<module>:21 - accuracy		mean:0.59	std:0.029
2022-12-03 21:39:41.288 | WARNING  | __main__:<module>:22 - precision		mean:0.784	std:0.087
2022-12-03 21:39:41.293 | WARNING  | __main__:<module>:23 - recall		mean:0.253	std:0.061
2022-12-03 21:39:41.294 | WARNING  | __main__:<module>:24 - f1		mean:0.378	std:0.071
2022-12-04 13:57:06.964 | INFO     | __main__:<module>:80 - 使用嵌入法 RandomForestClassifier 进行特征选择,剩余(1278, 16)个特征
2022-12-04 13:57:06.964 | INFO     | __main__:<module>:90 - 剩余的特征是：['age', 'alanine aminotransferase', 'albumin', 'total bilirubin', 'urea', 'creatinine', 'Uric Acid', 'total cholesterol', 'glycosylated hemoglobin', 'activated partial thromboplastin time', 'urine protein quantity', '24h urine protein quantity', 'Diabetes duration', 'C2/C0', 'NLR', 'HOMA-IR']
2022-12-04 13:57:06.985 | INFO     | __main__:<module>:111 - 使用 SMOTETomek 混合采样
2022-12-04 13:57:06.988 | INFO     | __main__:<module>:115 - 数据平衡前：非DPN组有530条,DPN组有748条
2022-12-04 13:57:07.032 | INFO     | __main__:<module>:117 - 数据平衡后：非DPN组有702条,DPN组有702条
2022-12-04 13:57:07.553 | WARNING  | __main__:<module>:26 - {'objective': 'binary:logistic', 'use_label_encoder': False, 'base_score': None, 'booster': None, 'callbacks': None, 'colsample_bylevel': None, 'colsample_bynode': None, 'colsample_bytree': 0.661037320664513, 'early_stopping_rounds': None, 'enable_categorical': False, 'eval_metric': 'logloss', 'gamma': 1.2214671674376956e-05, 'gpu_id': None, 'grow_policy': 'lossguide', 'importance_type': None, 'interaction_constraints': None, 'learning_rate': 0.04690250747972388, 'max_bin': None, 'max_cat_to_onehot': None, 'max_delta_step': None, 'max_depth': 12, 'max_leaves': None, 'min_child_weight': None, 'missing': nan, 'monotone_constraints': None, 'n_estimators': 350, 'n_jobs': None, 'num_parallel_tree': None, 'predictor': None, 'random_state': 43, 'reg_alpha': 1.6642675952811388e-07, 'reg_lambda': 2.592776397904034e-05, 'sampling_method': None, 'scale_pos_weight': None, 'subsample': 0.897341255267949, 'tree_method': 'exact', 'validate_parameters': None, 'verbosity': 0}
2022-12-04 13:57:08.547 | WARNING  | __main__:<module>:40 - 0.794	0.818	0.761	0.788
2022-12-04 13:57:09.004 | WARNING  | __main__:<module>:40 - 0.78	0.794	0.761	0.777
2022-12-04 13:57:09.495 | WARNING  | __main__:<module>:40 - 0.773	0.779	0.757	0.768
2022-12-04 13:57:09.930 | WARNING  | __main__:<module>:40 - 0.738	0.72	0.771	0.745
2022-12-04 13:57:10.474 | WARNING  | __main__:<module>:40 - 0.714	0.721	0.7	0.71
2022-12-04 13:57:10.934 | WARNING  | __main__:<module>:40 - 0.779	0.8	0.743	0.77
2022-12-04 13:57:11.402 | WARNING  | __main__:<module>:40 - 0.729	0.75	0.686	0.716
2022-12-04 13:57:11.869 | WARNING  | __main__:<module>:40 - 0.714	0.742	0.657	0.697
2022-12-04 13:57:12.336 | WARNING  | __main__:<module>:40 - 0.771	0.839	0.671	0.746
2022-12-04 13:57:12.818 | WARNING  | __main__:<module>:40 - 0.714	0.759	0.629	0.688
2022-12-04 13:57:12.819 | WARNING  | __main__:<module>:42 - accuracy		mean:0.751	std:0.03
2022-12-04 13:57:12.821 | WARNING  | __main__:<module>:43 - precision		mean:0.772	std:0.039
2022-12-04 13:57:12.822 | WARNING  | __main__:<module>:44 - recall		mean:0.714	std:0.049
2022-12-04 13:57:12.824 | WARNING  | __main__:<module>:45 - f1		mean:0.741	std:0.034
2022-12-04 13:57:39.754 | INFO     | __main__:<module>:22 - 调参结束，最佳结果为:0.7748815165876777
2022-12-04 13:57:39.755 | INFO     | __main__:<module>:23 - 调参结束，最佳参数为:{'C': 0.9555945469211379, 'gamma': 0.6561090093855773}
2022-12-04 13:57:39.838 | WARNING  | __main__:<module>:6 - {'C': 0.9555945469211379, 'break_ties': False, 'cache_size': 200, 'class_weight': None, 'coef0': 0.0, 'decision_function_shape': 'ovr', 'degree': 3, 'gamma': 0.6561090093855773, 'kernel': 'rbf', 'max_iter': -1, 'probability': True, 'random_state': 43, 'shrinking': True, 'tol': 0.001, 'verbose': False}
2022-12-04 13:57:40.264 | WARNING  | __main__:<module>:19 - 0.752	0.696	0.901	0.785
2022-12-04 13:57:40.674 | WARNING  | __main__:<module>:19 - 0.787	0.753	0.859	0.803
2022-12-04 13:57:41.091 | WARNING  | __main__:<module>:19 - 0.773	0.721	0.886	0.795
2022-12-04 13:57:41.505 | WARNING  | __main__:<module>:19 - 0.745	0.702	0.843	0.766
2022-12-04 13:57:41.903 | WARNING  | __main__:<module>:19 - 0.8	0.756	0.886	0.816
2022-12-04 13:57:42.302 | WARNING  | __main__:<module>:19 - 0.8	0.762	0.871	0.813
2022-12-04 13:57:42.714 | WARNING  | __main__:<module>:19 - 0.757	0.725	0.829	0.773
2022-12-04 13:57:43.132 | WARNING  | __main__:<module>:19 - 0.729	0.67	0.9	0.768
2022-12-04 13:57:43.538 | WARNING  | __main__:<module>:19 - 0.8	0.744	0.914	0.821
2022-12-04 13:57:43.940 | WARNING  | __main__:<module>:19 - 0.764	0.708	0.9	0.792
2022-12-04 13:57:43.942 | WARNING  | __main__:<module>:21 - accuracy		mean:0.771	std:0.024
2022-12-04 13:57:43.942 | WARNING  | __main__:<module>:22 - precision		mean:0.724	std:0.029
2022-12-04 13:57:43.943 | WARNING  | __main__:<module>:23 - recall		mean:0.879	std:0.026
2022-12-04 13:57:43.944 | WARNING  | __main__:<module>:24 - f1		mean:0.793	std:0.019
2022-12-04 13:57:44.702 | WARNING  | __main__:<module>:15 - {'C': 0.1192450312489694, 'class_weight': None, 'dual': False, 'fit_intercept': True, 'intercept_scaling': 1, 'l1_ratio': None, 'max_iter': 3448, 'multi_class': 'auto', 'n_jobs': None, 'penalty': 'l2', 'random_state': 43, 'solver': 'lbfgs', 'tol': 0.0001, 'verbose': 0, 'warm_start': False}
2022-12-04 13:57:44.705 | WARNING  | __main__:<module>:28 - 0.716	0.725	0.704	0.714
2022-12-04 13:57:44.728 | WARNING  | __main__:<module>:28 - 0.681	0.671	0.718	0.694
2022-12-04 13:57:44.735 | WARNING  | __main__:<module>:28 - 0.738	0.754	0.7	0.726
2022-12-04 13:57:44.757 | WARNING  | __main__:<module>:28 - 0.674	0.662	0.7	0.681
2022-12-04 13:57:44.762 | WARNING  | __main__:<module>:28 - 0.686	0.697	0.657	0.676
2022-12-04 13:57:44.779 | WARNING  | __main__:<module>:28 - 0.679	0.687	0.657	0.672
2022-12-04 13:57:44.786 | WARNING  | __main__:<module>:28 - 0.729	0.758	0.671	0.712
2022-12-04 13:57:44.802 | WARNING  | __main__:<module>:28 - 0.586	0.597	0.529	0.561
2022-12-04 13:57:44.809 | WARNING  | __main__:<module>:28 - 0.721	0.731	0.7	0.715
2022-12-04 13:57:44.825 | WARNING  | __main__:<module>:28 - 0.586	0.591	0.557	0.574
2022-12-04 13:57:44.827 | WARNING  | __main__:<module>:30 - accuracy		mean:0.679	std:0.052
2022-12-04 13:57:44.829 | WARNING  | __main__:<module>:31 - precision		mean:0.687	std:0.056
2022-12-04 13:57:44.830 | WARNING  | __main__:<module>:32 - recall		mean:0.659	std:0.062
2022-12-04 13:57:44.831 | WARNING  | __main__:<module>:33 - f1		mean:0.672	std:0.056
2022-12-04 13:57:45.212 | WARNING  | __main__:<module>:11 - {'estimator__bootstrap': True, 'estimator__ccp_alpha': 0.0, 'estimator__class_weight': None, 'estimator__criterion': 'gini', 'estimator__max_depth': 8, 'estimator__max_features': 'auto', 'estimator__max_leaf_nodes': None, 'estimator__max_samples': None, 'estimator__min_impurity_decrease': 0.0, 'estimator__min_impurity_split': None, 'estimator__min_samples_leaf': 1, 'estimator__min_samples_split': 2, 'estimator__min_weight_fraction_leaf': 0.0, 'estimator__n_estimators': 200, 'estimator__n_jobs': None, 'estimator__oob_score': False, 'estimator__random_state': 43, 'estimator__verbose': 0, 'estimator__warm_start': False, 'estimator': RandomForestClassifier(max_depth=8, n_estimators=200, random_state=43), 'importance_getter': 'auto', 'max_features': None, 'norm_order': 1, 'prefit': True, 'threshold': None}
2022-12-04 13:57:45.723 | WARNING  | __main__:<module>:24 - 0.759	0.776	0.732	0.754
2022-12-04 13:57:46.220 | WARNING  | __main__:<module>:24 - 0.73	0.746	0.704	0.725
2022-12-04 13:57:46.711 | WARNING  | __main__:<module>:24 - 0.766	0.814	0.686	0.744
2022-12-04 13:57:47.207 | WARNING  | __main__:<module>:24 - 0.723	0.731	0.7	0.715
2022-12-04 13:57:47.699 | WARNING  | __main__:<module>:24 - 0.75	0.769	0.714	0.741
2022-12-04 13:57:48.187 | WARNING  | __main__:<module>:24 - 0.736	0.77	0.671	0.718
2022-12-04 13:57:48.676 | WARNING  | __main__:<module>:24 - 0.736	0.78	0.657	0.713
2022-12-04 13:57:49.152 | WARNING  | __main__:<module>:24 - 0.686	0.732	0.586	0.651
2022-12-04 13:57:49.648 | WARNING  | __main__:<module>:24 - 0.743	0.804	0.643	0.714
2022-12-04 13:57:50.129 | WARNING  | __main__:<module>:24 - 0.736	0.77	0.671	0.718
2022-12-04 13:57:50.129 | WARNING  | __main__:<module>:26 - accuracy		mean:0.736	std:0.021
2022-12-04 13:57:50.129 | WARNING  | __main__:<module>:27 - precision		mean:0.769	std:0.026
2022-12-04 13:57:50.137 | WARNING  | __main__:<module>:28 - recall		mean:0.677	std:0.04
2022-12-04 13:57:50.138 | WARNING  | __main__:<module>:29 - f1		mean:0.719	std:0.027
2022-12-04 13:57:50.940 | WARNING  | __main__:<module>:14 - {'ccp_alpha': 0.0, 'class_weight': None, 'criterion': 'gini', 'max_depth': 14, 'max_features': None, 'max_leaf_nodes': None, 'min_impurity_decrease': 0.0, 'min_impurity_split': None, 'min_samples_leaf': 1, 'min_samples_split': 2, 'min_weight_fraction_leaf': 0.0, 'random_state': 43, 'splitter': 'best'}
2022-12-04 13:57:50.962 | WARNING  | __main__:<module>:27 - 0.674	0.705	0.606	0.652
2022-12-04 13:57:50.979 | WARNING  | __main__:<module>:27 - 0.681	0.717	0.606	0.656
2022-12-04 13:57:51.000 | WARNING  | __main__:<module>:27 - 0.759	0.757	0.757	0.757
2022-12-04 13:57:51.004 | WARNING  | __main__:<module>:27 - 0.66	0.683	0.586	0.631
2022-12-04 13:57:51.028 | WARNING  | __main__:<module>:27 - 0.679	0.671	0.7	0.685
2022-12-04 13:57:51.053 | WARNING  | __main__:<module>:27 - 0.679	0.662	0.729	0.694
2022-12-04 13:57:51.071 | WARNING  | __main__:<module>:27 - 0.65	0.648	0.657	0.652
2022-12-04 13:57:51.077 | WARNING  | __main__:<module>:27 - 0.636	0.673	0.529	0.592
2022-12-04 13:57:51.102 | WARNING  | __main__:<module>:27 - 0.693	0.721	0.629	0.672
2022-12-04 13:57:51.118 | WARNING  | __main__:<module>:27 - 0.707	0.716	0.686	0.701
2022-12-04 13:57:51.118 | WARNING  | __main__:<module>:29 - accuracy		mean:0.682	std:0.032
2022-12-04 13:57:51.118 | WARNING  | __main__:<module>:30 - precision		mean:0.695	std:0.032
2022-12-04 13:57:51.118 | WARNING  | __main__:<module>:31 - recall		mean:0.648	std:0.067
2022-12-04 13:57:51.130 | WARNING  | __main__:<module>:32 - f1		mean:0.669	std:0.042
2022-12-04 13:57:51.463 | WARNING  | __main__:<module>:19 - 0.688	1.0	0.38	0.551
2022-12-04 13:57:51.482 | WARNING  | __main__:<module>:19 - 0.738	0.87	0.563	0.684
2022-12-04 13:57:51.500 | WARNING  | __main__:<module>:19 - 0.73	0.971	0.471	0.635
2022-12-04 13:57:51.509 | WARNING  | __main__:<module>:19 - 0.638	0.828	0.343	0.485
2022-12-04 13:57:51.528 | WARNING  | __main__:<module>:19 - 0.657	0.806	0.414	0.547
2022-12-04 13:57:51.544 | WARNING  | __main__:<module>:19 - 0.686	0.882	0.429	0.577
2022-12-04 13:57:51.561 | WARNING  | __main__:<module>:19 - 0.7	0.833	0.5	0.625
2022-12-04 13:57:51.568 | WARNING  | __main__:<module>:19 - 0.607	0.778	0.3	0.433
2022-12-04 13:57:51.600 | WARNING  | __main__:<module>:19 - 0.65	0.8	0.4	0.533
2022-12-04 13:57:51.618 | WARNING  | __main__:<module>:19 - 0.65	0.818	0.386	0.524
2022-12-04 13:57:51.619 | WARNING  | __main__:<module>:21 - accuracy		mean:0.674	std:0.039
2022-12-04 13:57:51.621 | WARNING  | __main__:<module>:22 - precision		mean:0.858	std:0.07
2022-12-04 13:57:51.622 | WARNING  | __main__:<module>:23 - recall		mean:0.419	std:0.073
2022-12-04 13:57:51.622 | WARNING  | __main__:<module>:24 - f1		mean:0.559	std:0.07
2022-12-04 13:57:52.031 | WARNING  | __main__:<module>:19 - 0.631	0.88	0.31	0.458
2022-12-04 13:57:52.032 | WARNING  | __main__:<module>:19 - 0.631	0.771	0.38	0.509
2022-12-04 13:57:52.032 | WARNING  | __main__:<module>:19 - 0.624	0.905	0.271	0.418
2022-12-04 13:57:52.056 | WARNING  | __main__:<module>:19 - 0.582	0.704	0.271	0.392
2022-12-04 13:57:52.062 | WARNING  | __main__:<module>:19 - 0.586	0.875	0.2	0.326
2022-12-04 13:57:52.073 | WARNING  | __main__:<module>:19 - 0.593	0.76	0.271	0.4
2022-12-04 13:57:52.078 | WARNING  | __main__:<module>:19 - 0.564	0.846	0.157	0.265
2022-12-04 13:57:52.078 | WARNING  | __main__:<module>:19 - 0.557	0.667	0.229	0.34
2022-12-04 13:57:52.099 | WARNING  | __main__:<module>:19 - 0.593	0.783	0.257	0.387
2022-12-04 13:57:52.104 | WARNING  | __main__:<module>:19 - 0.543	0.65	0.186	0.289
2022-12-04 13:57:52.104 | WARNING  | __main__:<module>:21 - accuracy		mean:0.59	std:0.029
2022-12-04 13:57:52.104 | WARNING  | __main__:<module>:22 - precision		mean:0.784	std:0.087
2022-12-04 13:57:52.104 | WARNING  | __main__:<module>:23 - recall		mean:0.253	std:0.061
2022-12-04 13:57:52.111 | WARNING  | __main__:<module>:24 - f1		mean:0.378	std:0.071
