2022-11-19 17:50:49.675 | INFO     | __main__:<module>:50 - 使用嵌入法 RandomForestClassifier 进行特征选择,剩余(894, 21)个特征
2022-11-19 17:50:49.676 | INFO     | __main__:<module>:54 - 剩余的特征是：['age', 'mean platelets volume', 'alanine aminotransferase', 'albumin', 'total bilirubin', 'urea', 'creatinine', 'Uric Acid', 'triglyceride', 'LDL Cholesterol', 'glycosylated hemoglobin', 'thyrotropic hormone', 'activated partial thromboplastin time', 'urine protein quantity', '24h urine protein quantity', '24-hour urine output', 'Diabetes duration', 'C2/C0', 'NLR', 'PLR', 'HOMA-IR']
2022-11-19 17:50:49.678 | INFO     | __main__:<module>:58 - 使用 SMOTETomek 混合采样
2022-11-19 17:50:49.679 | INFO     | __main__:<module>:61 - 数据平衡前：非DPN组有365条,DPN组有529条
2022-11-19 17:50:49.708 | INFO     | __main__:<module>:63 - 数据平衡后：非DPN组有491条,DPN组有491条
2022-11-19 17:50:49.835 | WARNING  | __main__:<module>:26 - {'estimator__bootstrap': True, 'estimator__ccp_alpha': 0.0, 'estimator__class_weight': None, 'estimator__criterion': 'gini', 'estimator__max_depth': 9, 'estimator__max_features': 'auto', 'estimator__max_leaf_nodes': None, 'estimator__max_samples': None, 'estimator__min_impurity_decrease': 0.0, 'estimator__min_impurity_split': None, 'estimator__min_samples_leaf': 1, 'estimator__min_samples_split': 2, 'estimator__min_weight_fraction_leaf': 0.0, 'estimator__n_estimators': 200, 'estimator__n_jobs': None, 'estimator__oob_score': False, 'estimator__random_state': 43, 'estimator__verbose': 0, 'estimator__warm_start': False, 'estimator': RandomForestClassifier(max_depth=9, n_estimators=200, random_state=43), 'importance_getter': 'auto', 'max_features': None, 'norm_order': 1, 'prefit': True, 'threshold': None}
2022-11-19 17:50:50.860 | WARNING  | __main__:<module>:40 - 0.687	0.679	0.72	0.699
2022-11-19 17:50:51.332 | WARNING  | __main__:<module>:40 - 0.697	0.702	0.673	0.688
2022-11-19 17:50:51.798 | WARNING  | __main__:<module>:40 - 0.745	0.75	0.735	0.742
2022-11-19 17:50:52.485 | WARNING  | __main__:<module>:40 - 0.755	0.727	0.816	0.769
2022-11-19 17:50:52.951 | WARNING  | __main__:<module>:40 - 0.745	0.8	0.653	0.719
2022-11-19 17:50:53.450 | WARNING  | __main__:<module>:40 - 0.714	0.744	0.653	0.696
2022-11-19 17:50:53.948 | WARNING  | __main__:<module>:40 - 0.724	0.696	0.796	0.743
2022-11-19 17:50:54.428 | WARNING  | __main__:<module>:40 - 0.663	0.674	0.633	0.653
2022-11-19 17:50:54.913 | WARNING  | __main__:<module>:40 - 0.653	0.667	0.612	0.638
2022-11-19 17:50:55.410 | WARNING  | __main__:<module>:40 - 0.714	0.744	0.653	0.696
2022-11-19 17:50:55.412 | WARNING  | __main__:<module>:42 - accuracy		mean:0.71	std:0.033
2022-11-19 17:50:55.414 | WARNING  | __main__:<module>:43 - precision		mean:0.718	std:0.04
2022-11-19 17:50:55.416 | WARNING  | __main__:<module>:44 - recall		mean:0.694	std:0.066
2022-11-19 17:50:55.417 | WARNING  | __main__:<module>:45 - f1		mean:0.704	std:0.039
2022-11-19 17:50:57.537 | WARNING  | __main__:<module>:6 - {'C': 0.9899203552790449, 'break_ties': False, 'cache_size': 200, 'class_weight': None, 'coef0': 0.0, 'decision_function_shape': 'ovr', 'degree': 3, 'gamma': 0.8098439704037791, 'kernel': 'rbf', 'max_iter': -1, 'probability': True, 'random_state': 43, 'shrinking': True, 'tol': 0.001, 'verbose': False}
2022-11-19 17:50:57.950 | WARNING  | __main__:<module>:9 - 0.57	0.57	1.0	0.726
2022-11-19 17:56:01.295 | INFO     | __main__:<module>:50 - 使用嵌入法 RandomForestClassifier 进行特征选择,剩余(894, 21)个特征
2022-11-19 17:56:01.297 | INFO     | __main__:<module>:54 - 剩余的特征是：['age', 'mean platelets volume', 'alanine aminotransferase', 'albumin', 'total bilirubin', 'urea', 'creatinine', 'Uric Acid', 'triglyceride', 'LDL Cholesterol', 'glycosylated hemoglobin', 'thyrotropic hormone', 'activated partial thromboplastin time', 'urine protein quantity', '24h urine protein quantity', '24-hour urine output', 'Diabetes duration', 'C2/C0', 'NLR', 'PLR', 'HOMA-IR']
2022-11-19 17:56:01.299 | INFO     | __main__:<module>:58 - 使用 SMOTETomek 混合采样
2022-11-19 17:56:01.300 | INFO     | __main__:<module>:61 - 数据平衡前：非DPN组有365条,DPN组有529条
2022-11-19 17:56:01.327 | INFO     | __main__:<module>:63 - 数据平衡后：非DPN组有491条,DPN组有491条
2022-11-19 17:56:30.339 | INFO     | __main__:<module>:50 - 使用嵌入法 RandomForestClassifier 进行特征选择,剩余(894, 17)个特征
2022-11-19 17:56:30.342 | INFO     | __main__:<module>:54 - 剩余的特征是：['age', 'albumin', 'total bilirubin', 'urea', 'creatinine', 'Uric Acid', 'total cholesterol', 'triglyceride', 'glycosylated hemoglobin', 'activated partial thromboplastin time', 'urine protein quantity', '24h urine protein quantity', 'Diabetes duration', 'C2/C0', 'NLR', 'PLR', 'HOMA-IR']
2022-11-19 17:56:30.342 | INFO     | __main__:<module>:58 - 使用 SMOTETomek 混合采样
2022-11-19 17:56:30.344 | INFO     | __main__:<module>:61 - 数据平衡前：非DPN组有382条,DPN组有512条
2022-11-19 17:56:30.366 | INFO     | __main__:<module>:63 - 数据平衡后：非DPN组有467条,DPN组有467条
2022-11-19 17:56:30.547 | WARNING  | __main__:<module>:26 - {'estimator__bootstrap': True, 'estimator__ccp_alpha': 0.0, 'estimator__class_weight': None, 'estimator__criterion': 'gini', 'estimator__max_depth': 8, 'estimator__max_features': 'auto', 'estimator__max_leaf_nodes': None, 'estimator__max_samples': None, 'estimator__min_impurity_decrease': 0.0, 'estimator__min_impurity_split': None, 'estimator__min_samples_leaf': 1, 'estimator__min_samples_split': 2, 'estimator__min_weight_fraction_leaf': 0.0, 'estimator__n_estimators': 200, 'estimator__n_jobs': None, 'estimator__oob_score': False, 'estimator__random_state': 43, 'estimator__verbose': 0, 'estimator__warm_start': False, 'estimator': RandomForestClassifier(max_depth=8, n_estimators=200, random_state=43), 'importance_getter': 'auto', 'max_features': None, 'norm_order': 1, 'prefit': True, 'threshold': None}
2022-11-19 17:56:31.766 | WARNING  | __main__:<module>:40 - 0.713	0.75	0.638	0.69
2022-11-19 17:56:32.246 | WARNING  | __main__:<module>:40 - 0.67	0.667	0.681	0.674
2022-11-19 17:56:32.714 | WARNING  | __main__:<module>:40 - 0.745	0.735	0.766	0.75
2022-11-19 17:56:33.181 | WARNING  | __main__:<module>:40 - 0.681	0.681	0.681	0.681
2022-11-19 17:56:33.641 | WARNING  | __main__:<module>:40 - 0.72	0.738	0.674	0.705
2022-11-19 18:02:35.301 | INFO     | __main__:<module>:16 - 调参结束，最佳结果为:0.6979166666666666
2022-11-19 18:02:35.302 | INFO     | __main__:<module>:17 - 调参结束，最佳参数为:{'penalty': 'l2', 'C': 0.3717744628015701, 'max_iter': 4714}
