2022-11-19 16:42:25.598 | INFO     | __main__:<module>:50 - 使用嵌入法 RandomForestClassifier 进行特征选择,剩余(958, 19)个特征
2022-11-19 16:42:25.602 | INFO     | __main__:<module>:54 - 剩余的特征是：['age', 'white blood cell count', 'albumin', 'total bilirubin', 'urea', 'creatinine', 'Uric Acid', 'total cholesterol', 'triglyceride', 'hdl-cholesterol', 'glycosylated hemoglobin', 'thyrotropic hormone', 'activated partial thromboplastin time', 'urine protein quantity', '24h urine protein quantity', 'Diabetes duration', 'C2/C0', 'NLR', 'HOMA-IR']
2022-11-19 16:42:25.602 | INFO     | __main__:<module>:58 - 使用 SMOTETomek 混合采样
2022-11-19 16:42:25.603 | INFO     | __main__:<module>:61 - 数据平衡前：非DPN组有397条,DPN组有561条
2022-11-19 16:42:25.634 | INFO     | __main__:<module>:63 - 数据平衡后：非DPN组有536条,DPN组有536条
2022-11-19 16:42:25.782 | WARNING  | __main__:<module>:26 - {'estimator__bootstrap': True, 'estimator__ccp_alpha': 0.0, 'estimator__class_weight': None, 'estimator__criterion': 'gini', 'estimator__max_depth': 9, 'estimator__max_features': 'auto', 'estimator__max_leaf_nodes': None, 'estimator__max_samples': None, 'estimator__min_impurity_decrease': 0.0, 'estimator__min_impurity_split': None, 'estimator__min_samples_leaf': 1, 'estimator__min_samples_split': 2, 'estimator__min_weight_fraction_leaf': 0.0, 'estimator__n_estimators': 200, 'estimator__n_jobs': None, 'estimator__oob_score': False, 'estimator__random_state': 43, 'estimator__verbose': 0, 'estimator__warm_start': False, 'estimator': RandomForestClassifier(max_depth=9, n_estimators=200, random_state=43), 'importance_getter': 'auto', 'max_features': None, 'norm_order': 1, 'prefit': True, 'threshold': None}
2022-11-19 16:42:26.814 | WARNING  | __main__:<module>:40 - 0.713	0.725	0.685	0.705
2022-11-19 16:42:27.293 | WARNING  | __main__:<module>:40 - 0.787	0.816	0.741	0.777
2022-11-19 16:42:27.858 | WARNING  | __main__:<module>:40 - 0.748	0.776	0.704	0.738
2022-11-19 16:42:28.419 | WARNING  | __main__:<module>:40 - 0.757	0.75	0.778	0.764
2022-11-19 16:42:28.933 | WARNING  | __main__:<module>:40 - 0.692	0.678	0.741	0.708
2022-11-19 16:42:29.458 | WARNING  | __main__:<module>:40 - 0.757	0.75	0.778	0.764
2022-11-19 16:42:29.928 | WARNING  | __main__:<module>:40 - 0.701	0.744	0.604	0.667
2022-11-19 16:42:30.411 | WARNING  | __main__:<module>:40 - 0.776	0.774	0.774	0.774
2022-11-19 16:42:30.989 | WARNING  | __main__:<module>:40 - 0.757	0.8	0.679	0.735
2022-11-19 16:42:31.471 | WARNING  | __main__:<module>:40 - 0.682	0.686	0.66	0.673
2022-11-19 16:42:31.473 | WARNING  | __main__:<module>:42 - accuracy		mean:0.737	std:0.035
2022-11-19 16:42:31.474 | WARNING  | __main__:<module>:43 - precision		mean:0.75	std:0.042
2022-11-19 16:42:31.475 | WARNING  | __main__:<module>:44 - recall		mean:0.714	std:0.055
2022-11-19 16:42:31.476 | WARNING  | __main__:<module>:45 - f1		mean:0.73	std:0.038
2022-11-19 16:45:48.647 | WARNING  | __main__:<module>:6 - {'C': 0.9899203552790449, 'break_ties': False, 'cache_size': 200, 'class_weight': None, 'coef0': 0.0, 'decision_function_shape': 'ovr', 'degree': 3, 'gamma': 0.8098439704037791, 'kernel': 'rbf', 'max_iter': -1, 'probability': True, 'random_state': 43, 'shrinking': True, 'tol': 0.001, 'verbose': False}
2022-11-19 16:46:58.159 | INFO     | __main__:<module>:50 - 使用嵌入法 RandomForestClassifier 进行特征选择,剩余(958, 19)个特征
2022-11-19 16:46:58.160 | INFO     | __main__:<module>:54 - 剩余的特征是：['age', 'white blood cell count', 'mean platelets volume', 'albumin', 'urea', 'creatinine', 'Serum bicarbonate', 'Uric Acid', 'glycosylated hemoglobin', 'thyrotropic hormone', 'activated partial thromboplastin time', 'urine protein quantity', '24h urine protein quantity', '24-hour urine output', 'Diabetes duration', 'C2/C0', 'NLR', 'PLR', 'HOMA-IR']
2022-11-19 16:46:58.160 | INFO     | __main__:<module>:58 - 使用 SMOTETomek 混合采样
2022-11-19 16:46:58.162 | INFO     | __main__:<module>:61 - 数据平衡前：非DPN组有404条,DPN组有554条
2022-11-19 16:46:58.186 | INFO     | __main__:<module>:63 - 数据平衡后：非DPN组有521条,DPN组有521条
2022-11-19 16:46:58.302 | WARNING  | __main__:<module>:26 - {'estimator__bootstrap': True, 'estimator__ccp_alpha': 0.0, 'estimator__class_weight': None, 'estimator__criterion': 'gini', 'estimator__max_depth': 9, 'estimator__max_features': 'auto', 'estimator__max_leaf_nodes': None, 'estimator__max_samples': None, 'estimator__min_impurity_decrease': 0.0, 'estimator__min_impurity_split': None, 'estimator__min_samples_leaf': 1, 'estimator__min_samples_split': 2, 'estimator__min_weight_fraction_leaf': 0.0, 'estimator__n_estimators': 200, 'estimator__n_jobs': None, 'estimator__oob_score': False, 'estimator__random_state': 43, 'estimator__verbose': 0, 'estimator__warm_start': False, 'estimator': RandomForestClassifier(max_depth=9, n_estimators=200, random_state=43), 'importance_getter': 'auto', 'max_features': None, 'norm_order': 1, 'prefit': True, 'threshold': None}
2022-11-19 16:46:59.282 | WARNING  | __main__:<module>:40 - 0.771	0.796	0.736	0.765
2022-11-19 16:46:59.750 | WARNING  | __main__:<module>:40 - 0.752	0.783	0.692	0.735
2022-11-19 16:47:00.265 | WARNING  | __main__:<module>:40 - 0.769	0.792	0.731	0.76
2022-11-19 16:47:00.742 | WARNING  | __main__:<module>:40 - 0.702	0.723	0.654	0.687
2022-11-19 16:47:01.240 | WARNING  | __main__:<module>:40 - 0.731	0.707	0.788	0.745
2022-11-19 16:47:01.715 | WARNING  | __main__:<module>:40 - 0.702	0.698	0.712	0.705
2022-11-19 16:47:02.186 | WARNING  | __main__:<module>:40 - 0.74	0.745	0.731	0.738
2022-11-19 16:47:02.716 | WARNING  | __main__:<module>:40 - 0.75	0.842	0.615	0.711
2022-11-19 16:47:03.227 | WARNING  | __main__:<module>:40 - 0.692	0.717	0.635	0.673
2022-11-19 16:47:03.702 | WARNING  | __main__:<module>:40 - 0.692	0.679	0.731	0.704
2022-11-19 16:47:03.704 | WARNING  | __main__:<module>:42 - accuracy		mean:0.73	std:0.029
2022-11-19 16:47:03.705 | WARNING  | __main__:<module>:43 - precision		mean:0.748	std:0.05
2022-11-19 16:47:03.706 | WARNING  | __main__:<module>:44 - recall		mean:0.702	std:0.051
2022-11-19 16:47:03.708 | WARNING  | __main__:<module>:45 - f1		mean:0.722	std:0.029
2022-11-19 16:47:05.724 | WARNING  | __main__:<module>:6 - {'C': 0.9899203552790449, 'break_ties': False, 'cache_size': 200, 'class_weight': None, 'coef0': 0.0, 'decision_function_shape': 'ovr', 'degree': 3, 'gamma': 0.8098439704037791, 'kernel': 'rbf', 'max_iter': -1, 'probability': True, 'random_state': 43, 'shrinking': True, 'tol': 0.001, 'verbose': False}
2022-11-19 16:47:21.419 | INFO     | __main__:<module>:50 - 使用嵌入法 RandomForestClassifier 进行特征选择,剩余(958, 19)个特征
2022-11-19 16:47:21.420 | INFO     | __main__:<module>:54 - 剩余的特征是：['age', 'mean platelets volume', 'albumin', 'total bilirubin', 'urea', 'creatinine', 'Serum bicarbonate', 'Uric Acid', 'lipase', 'triglyceride', 'LDL Cholesterol', 'glycosylated hemoglobin', 'activated partial thromboplastin time', 'urine protein quantity', '24h urine protein quantity', 'Diabetes duration', 'C2/C0', 'NLR', 'HOMA-IR']
2022-11-19 16:47:21.421 | INFO     | __main__:<module>:58 - 使用 SMOTETomek 混合采样
2022-11-19 16:47:21.423 | INFO     | __main__:<module>:61 - 数据平衡前：非DPN组有401条,DPN组有557条
2022-11-19 16:47:21.453 | INFO     | __main__:<module>:63 - 数据平衡后：非DPN组有523条,DPN组有523条
2022-11-19 16:47:21.585 | WARNING  | __main__:<module>:26 - {'estimator__bootstrap': True, 'estimator__ccp_alpha': 0.0, 'estimator__class_weight': None, 'estimator__criterion': 'gini', 'estimator__max_depth': 9, 'estimator__max_features': 'auto', 'estimator__max_leaf_nodes': None, 'estimator__max_samples': None, 'estimator__min_impurity_decrease': 0.0, 'estimator__min_impurity_split': None, 'estimator__min_samples_leaf': 1, 'estimator__min_samples_split': 2, 'estimator__min_weight_fraction_leaf': 0.0, 'estimator__n_estimators': 200, 'estimator__n_jobs': None, 'estimator__oob_score': False, 'estimator__random_state': 43, 'estimator__verbose': 0, 'estimator__warm_start': False, 'estimator': RandomForestClassifier(max_depth=9, n_estimators=200, random_state=43), 'importance_getter': 'auto', 'max_features': None, 'norm_order': 1, 'prefit': True, 'threshold': None}
2022-11-19 16:47:22.556 | WARNING  | __main__:<module>:40 - 0.733	0.766	0.679	0.72
2022-11-19 16:47:23.052 | WARNING  | __main__:<module>:40 - 0.733	0.755	0.698	0.725
2022-11-19 16:47:23.511 | WARNING  | __main__:<module>:40 - 0.714	0.767	0.623	0.688
2022-11-19 16:47:23.957 | WARNING  | __main__:<module>:40 - 0.733	0.75	0.692	0.72
2022-11-19 16:47:24.412 | WARNING  | __main__:<module>:40 - 0.79	0.8	0.769	0.784
2022-11-19 16:47:24.870 | WARNING  | __main__:<module>:40 - 0.8	0.844	0.731	0.784
2022-11-19 16:47:25.334 | WARNING  | __main__:<module>:40 - 0.769	0.726	0.865	0.789
2022-11-19 16:47:25.793 | WARNING  | __main__:<module>:40 - 0.779	0.754	0.827	0.789
2022-11-19 16:47:26.257 | WARNING  | __main__:<module>:40 - 0.692	0.692	0.692	0.692
2022-11-19 16:47:26.731 | WARNING  | __main__:<module>:40 - 0.779	0.809	0.731	0.768
2022-11-19 16:47:26.732 | WARNING  | __main__:<module>:42 - accuracy		mean:0.752	std:0.034
2022-11-19 16:47:26.733 | WARNING  | __main__:<module>:43 - precision		mean:0.766	std:0.041
2022-11-19 16:47:26.735 | WARNING  | __main__:<module>:44 - recall		mean:0.731	std:0.069
2022-11-19 16:47:26.735 | WARNING  | __main__:<module>:45 - f1		mean:0.746	std:0.039
2022-11-19 16:47:28.784 | WARNING  | __main__:<module>:6 - {'C': 0.9899203552790449, 'break_ties': False, 'cache_size': 200, 'class_weight': None, 'coef0': 0.0, 'decision_function_shape': 'ovr', 'degree': 3, 'gamma': 0.8098439704037791, 'kernel': 'rbf', 'max_iter': -1, 'probability': True, 'random_state': 43, 'shrinking': True, 'tol': 0.001, 'verbose': False}
2022-11-19 16:49:01.192 | INFO     | __main__:<module>:50 - 使用嵌入法 RandomForestClassifier 进行特征选择,剩余(894, 19)个特征
2022-11-19 16:49:01.193 | INFO     | __main__:<module>:54 - 剩余的特征是：['age', 'white blood cell count', 'mean platelets volume', 'albumin', 'total bilirubin', 'urea', 'creatinine', 'Uric Acid', 'total cholesterol', 'triglyceride', 'glycosylated hemoglobin', 'activated partial thromboplastin time', 'urine protein quantity', '24h urine protein quantity', 'Diabetes duration', 'C2/C0', 'NLR', 'PLR', 'HOMA-IR']
2022-11-19 16:49:01.194 | INFO     | __main__:<module>:58 - 使用 SMOTETomek 混合采样
2022-11-19 16:49:01.196 | INFO     | __main__:<module>:61 - 数据平衡前：非DPN组有382条,DPN组有512条
2022-11-19 16:49:01.222 | INFO     | __main__:<module>:63 - 数据平衡后：非DPN组有476条,DPN组有476条
2022-11-19 16:49:01.343 | WARNING  | __main__:<module>:26 - {'estimator__bootstrap': True, 'estimator__ccp_alpha': 0.0, 'estimator__class_weight': None, 'estimator__criterion': 'gini', 'estimator__max_depth': 9, 'estimator__max_features': 'auto', 'estimator__max_leaf_nodes': None, 'estimator__max_samples': None, 'estimator__min_impurity_decrease': 0.0, 'estimator__min_impurity_split': None, 'estimator__min_samples_leaf': 1, 'estimator__min_samples_split': 2, 'estimator__min_weight_fraction_leaf': 0.0, 'estimator__n_estimators': 200, 'estimator__n_jobs': None, 'estimator__oob_score': False, 'estimator__random_state': 43, 'estimator__verbose': 0, 'estimator__warm_start': False, 'estimator': RandomForestClassifier(max_depth=9, n_estimators=200, random_state=43), 'importance_getter': 'auto', 'max_features': None, 'norm_order': 1, 'prefit': True, 'threshold': None}
2022-11-19 16:49:02.249 | WARNING  | __main__:<module>:40 - 0.74	0.756	0.708	0.731
2022-11-19 16:49:02.675 | WARNING  | __main__:<module>:40 - 0.792	0.792	0.792	0.792
2022-11-19 16:49:03.111 | WARNING  | __main__:<module>:40 - 0.684	0.673	0.729	0.7
2022-11-19 16:49:03.544 | WARNING  | __main__:<module>:40 - 0.768	0.882	0.625	0.732
2022-11-19 16:49:03.991 | WARNING  | __main__:<module>:40 - 0.789	0.85	0.708	0.773
2022-11-19 16:49:04.454 | WARNING  | __main__:<module>:40 - 0.716	0.756	0.646	0.697
2022-11-19 16:49:04.890 | WARNING  | __main__:<module>:40 - 0.695	0.705	0.66	0.681
2022-11-19 16:49:05.341 | WARNING  | __main__:<module>:40 - 0.716	0.708	0.723	0.716
2022-11-19 16:49:05.785 | WARNING  | __main__:<module>:40 - 0.705	0.702	0.702	0.702
2022-11-19 16:49:06.273 | WARNING  | __main__:<module>:40 - 0.768	0.755	0.787	0.771
2022-11-19 16:49:06.275 | WARNING  | __main__:<module>:42 - accuracy		mean:0.737	std:0.038
2022-11-19 16:49:06.276 | WARNING  | __main__:<module>:43 - precision		mean:0.758	std:0.064
2022-11-19 16:49:06.278 | WARNING  | __main__:<module>:44 - recall		mean:0.708	std:0.052
2022-11-19 16:49:06.279 | WARNING  | __main__:<module>:45 - f1		mean:0.729	std:0.036
2022-11-19 16:49:08.288 | WARNING  | __main__:<module>:6 - {'C': 0.9899203552790449, 'break_ties': False, 'cache_size': 200, 'class_weight': None, 'coef0': 0.0, 'decision_function_shape': 'ovr', 'degree': 3, 'gamma': 0.8098439704037791, 'kernel': 'rbf', 'max_iter': -1, 'probability': True, 'random_state': 43, 'shrinking': True, 'tol': 0.001, 'verbose': False}
2022-11-19 17:50:49.675 | INFO     | __main__:<module>:50 - 使用嵌入法 RandomForestClassifier 进行特征选择,剩余(894, 21)个特征
2022-11-19 17:50:49.676 | INFO     | __main__:<module>:54 - 剩余的特征是：['age', 'mean platelets volume', 'alanine aminotransferase', 'albumin', 'total bilirubin', 'urea', 'creatinine', 'Uric Acid', 'triglyceride', 'LDL Cholesterol', 'glycosylated hemoglobin', 'thyrotropic hormone', 'activated partial thromboplastin time', 'urine protein quantity', '24h urine protein quantity', '24-hour urine output', 'Diabetes duration', 'C2/C0', 'NLR', 'PLR', 'HOMA-IR']
2022-11-19 17:50:49.678 | INFO     | __main__:<module>:58 - 使用 SMOTETomek 混合采样
2022-11-19 17:50:49.679 | INFO     | __main__:<module>:61 - 数据平衡前：非DPN组有365条,DPN组有529条
2022-11-19 17:50:49.708 | INFO     | __main__:<module>:63 - 数据平衡后：非DPN组有491条,DPN组有491条
2022-11-19 17:50:49.835 | WARNING  | __main__:<module>:26 - {'estimator__bootstrap': True, 'estimator__ccp_alpha': 0.0, 'estimator__class_weight': None, 'estimator__criterion': 'gini', 'estimator__max_depth': 9, 'estimator__max_features': 'auto', 'estimator__max_leaf_nodes': None, 'estimator__max_samples': None, 'estimator__min_impurity_decrease': 0.0, 'estimator__min_impurity_split': None, 'estimator__min_samples_leaf': 1, 'estimator__min_samples_split': 2, 'estimator__min_weight_fraction_leaf': 0.0, 'estimator__n_estimators': 200, 'estimator__n_jobs': None, 'estimator__oob_score': False, 'estimator__random_state': 43, 'estimator__verbose': 0, 'estimator__warm_start': False, 'estimator': RandomForestClassifier(max_depth=9, n_estimators=200, random_state=43), 'importance_getter': 'auto', 'max_features': None, 'norm_order': 1, 'prefit': True, 'threshold': None}
2022-11-19 17:50:50.860 | WARNING  | __main__:<module>:40 - 0.687	0.679	0.72	0.699
2022-11-19 17:50:51.332 | WARNING  | __main__:<module>:40 - 0.697	0.702	0.673	0.688
2022-11-19 17:50:51.798 | WARNING  | __main__:<module>:40 - 0.745	0.75	0.735	0.742
2022-11-19 17:50:52.485 | WARNING  | __main__:<module>:40 - 0.755	0.727	0.816	0.769
2022-11-19 17:50:52.951 | WARNING  | __main__:<module>:40 - 0.745	0.8	0.653	0.719
2022-11-19 17:50:53.450 | WARNING  | __main__:<module>:40 - 0.714	0.744	0.653	0.696
2022-11-19 17:50:53.948 | WARNING  | __main__:<module>:40 - 0.724	0.696	0.796	0.743
2022-11-19 17:50:54.428 | WARNING  | __main__:<module>:40 - 0.663	0.674	0.633	0.653
2022-11-19 17:50:54.913 | WARNING  | __main__:<module>:40 - 0.653	0.667	0.612	0.638
2022-11-19 17:50:55.410 | WARNING  | __main__:<module>:40 - 0.714	0.744	0.653	0.696
2022-11-19 17:50:55.412 | WARNING  | __main__:<module>:42 - accuracy		mean:0.71	std:0.033
2022-11-19 17:50:55.414 | WARNING  | __main__:<module>:43 - precision		mean:0.718	std:0.04
2022-11-19 17:50:55.416 | WARNING  | __main__:<module>:44 - recall		mean:0.694	std:0.066
2022-11-19 17:50:55.417 | WARNING  | __main__:<module>:45 - f1		mean:0.704	std:0.039
2022-11-19 17:50:57.537 | WARNING  | __main__:<module>:6 - {'C': 0.9899203552790449, 'break_ties': False, 'cache_size': 200, 'class_weight': None, 'coef0': 0.0, 'decision_function_shape': 'ovr', 'degree': 3, 'gamma': 0.8098439704037791, 'kernel': 'rbf', 'max_iter': -1, 'probability': True, 'random_state': 43, 'shrinking': True, 'tol': 0.001, 'verbose': False}
2022-11-19 17:50:57.950 | WARNING  | __main__:<module>:9 - 0.57	0.57	1.0	0.726
2022-11-19 17:56:01.295 | INFO     | __main__:<module>:50 - 使用嵌入法 RandomForestClassifier 进行特征选择,剩余(894, 21)个特征
2022-11-19 17:56:01.297 | INFO     | __main__:<module>:54 - 剩余的特征是：['age', 'mean platelets volume', 'alanine aminotransferase', 'albumin', 'total bilirubin', 'urea', 'creatinine', 'Uric Acid', 'triglyceride', 'LDL Cholesterol', 'glycosylated hemoglobin', 'thyrotropic hormone', 'activated partial thromboplastin time', 'urine protein quantity', '24h urine protein quantity', '24-hour urine output', 'Diabetes duration', 'C2/C0', 'NLR', 'PLR', 'HOMA-IR']
2022-11-19 17:56:01.299 | INFO     | __main__:<module>:58 - 使用 SMOTETomek 混合采样
2022-11-19 17:56:01.300 | INFO     | __main__:<module>:61 - 数据平衡前：非DPN组有365条,DPN组有529条
2022-11-19 17:56:01.327 | INFO     | __main__:<module>:63 - 数据平衡后：非DPN组有491条,DPN组有491条
2022-11-19 17:56:30.339 | INFO     | __main__:<module>:50 - 使用嵌入法 RandomForestClassifier 进行特征选择,剩余(894, 17)个特征
2022-11-19 17:56:30.342 | INFO     | __main__:<module>:54 - 剩余的特征是：['age', 'albumin', 'total bilirubin', 'urea', 'creatinine', 'Uric Acid', 'total cholesterol', 'triglyceride', 'glycosylated hemoglobin', 'activated partial thromboplastin time', 'urine protein quantity', '24h urine protein quantity', 'Diabetes duration', 'C2/C0', 'NLR', 'PLR', 'HOMA-IR']
2022-11-19 17:56:30.342 | INFO     | __main__:<module>:58 - 使用 SMOTETomek 混合采样
2022-11-19 17:56:30.344 | INFO     | __main__:<module>:61 - 数据平衡前：非DPN组有382条,DPN组有512条
2022-11-19 17:56:30.366 | INFO     | __main__:<module>:63 - 数据平衡后：非DPN组有467条,DPN组有467条
2022-11-19 17:56:30.547 | WARNING  | __main__:<module>:26 - {'estimator__bootstrap': True, 'estimator__ccp_alpha': 0.0, 'estimator__class_weight': None, 'estimator__criterion': 'gini', 'estimator__max_depth': 8, 'estimator__max_features': 'auto', 'estimator__max_leaf_nodes': None, 'estimator__max_samples': None, 'estimator__min_impurity_decrease': 0.0, 'estimator__min_impurity_split': None, 'estimator__min_samples_leaf': 1, 'estimator__min_samples_split': 2, 'estimator__min_weight_fraction_leaf': 0.0, 'estimator__n_estimators': 200, 'estimator__n_jobs': None, 'estimator__oob_score': False, 'estimator__random_state': 43, 'estimator__verbose': 0, 'estimator__warm_start': False, 'estimator': RandomForestClassifier(max_depth=8, n_estimators=200, random_state=43), 'importance_getter': 'auto', 'max_features': None, 'norm_order': 1, 'prefit': True, 'threshold': None}
2022-11-19 17:56:31.766 | WARNING  | __main__:<module>:40 - 0.713	0.75	0.638	0.69
2022-11-19 17:56:32.246 | WARNING  | __main__:<module>:40 - 0.67	0.667	0.681	0.674
2022-11-19 17:56:32.714 | WARNING  | __main__:<module>:40 - 0.745	0.735	0.766	0.75
2022-11-19 17:56:33.181 | WARNING  | __main__:<module>:40 - 0.681	0.681	0.681	0.681
2022-11-19 17:56:33.641 | WARNING  | __main__:<module>:40 - 0.72	0.738	0.674	0.705
2022-11-19 18:02:35.301 | INFO     | __main__:<module>:16 - 调参结束，最佳结果为:0.6979166666666666
2022-11-19 18:02:35.302 | INFO     | __main__:<module>:17 - 调参结束，最佳参数为:{'penalty': 'l2', 'C': 0.3717744628015701, 'max_iter': 4714}
