2022-11-15 15:59:35.828 | INFO     | __main__:<module>:80 - 使用嵌入法 RandomForestClassifier 进行特征选择,剩余(1278, 18)个特征
2022-11-15 15:59:35.829 | INFO     | __main__:<module>:90 - 剩余的特征是：['age', 'weight', 'hemoglobin', 'alanine aminotransferase', 'albumin', 'total bilirubin', 'urea', 'creatinine', 'Uric Acid', 'total cholesterol', 'glycosylated hemoglobin', 'activated partial thromboplastin time', 'urine protein quantity', '24h urine protein quantity', 'Diabetes duration', 'C2/C0', 'NLR', 'HOMA-IR']
2022-11-15 15:59:35.845 | INFO     | __main__:<module>:111 - 使用 SMOTETomek 混合采样
2022-11-15 15:59:35.847 | INFO     | __main__:<module>:115 - 数据平衡前：非DPN组有530条,DPN组有748条
2022-11-15 15:59:35.895 | INFO     | __main__:<module>:117 - 数据平衡后：非DPN组有716条,DPN组有716条
2022-11-15 15:59:36.443 | WARNING  | __main__:<module>:26 - {'estimator__bootstrap': True, 'estimator__ccp_alpha': 0.0, 'estimator__class_weight': None, 'estimator__criterion': 'gini', 'estimator__max_depth': 9, 'estimator__max_features': 'auto', 'estimator__max_leaf_nodes': None, 'estimator__max_samples': None, 'estimator__min_impurity_decrease': 0.0, 'estimator__min_impurity_split': None, 'estimator__min_samples_leaf': 1, 'estimator__min_samples_split': 2, 'estimator__min_weight_fraction_leaf': 0.0, 'estimator__n_estimators': 200, 'estimator__n_jobs': None, 'estimator__oob_score': False, 'estimator__random_state': 43, 'estimator__verbose': 0, 'estimator__warm_start': False, 'estimator': RandomForestClassifier(max_depth=9, n_estimators=200, random_state=43), 'importance_getter': 'auto', 'max_features': None, 'norm_order': 1, 'prefit': True, 'threshold': None}
2022-11-15 15:59:37.729 | WARNING  | __main__:<module>:40 - 0.826	0.822	0.833	0.828
2022-11-15 15:59:38.389 | WARNING  | __main__:<module>:40 - 0.736	0.736	0.736	0.736
2022-11-15 15:59:39.022 | WARNING  | __main__:<module>:40 - 0.832	0.887	0.764	0.821
2022-11-15 15:59:39.592 | WARNING  | __main__:<module>:40 - 0.748	0.757	0.736	0.746
2022-11-15 15:59:40.213 | WARNING  | __main__:<module>:40 - 0.776	0.812	0.722	0.765
2022-11-15 15:59:40.784 | WARNING  | __main__:<module>:40 - 0.79	0.769	0.833	0.8
2022-11-15 15:59:41.354 | WARNING  | __main__:<module>:40 - 0.741	0.736	0.746	0.741
2022-11-15 15:59:41.935 | WARNING  | __main__:<module>:40 - 0.769	0.764	0.775	0.769
2022-11-15 15:59:42.500 | WARNING  | __main__:<module>:40 - 0.72	0.746	0.662	0.701
2022-11-15 15:59:43.045 | WARNING  | __main__:<module>:40 - 0.734	0.732	0.732	0.732
2022-11-15 15:59:43.048 | WARNING  | __main__:<module>:42 - accuracy		mean:0.767	std:0.037
2022-11-15 15:59:43.049 | WARNING  | __main__:<module>:43 - precision		mean:0.776	std:0.047
2022-11-15 15:59:43.050 | WARNING  | __main__:<module>:44 - recall		mean:0.754	std:0.049
2022-11-15 15:59:43.052 | WARNING  | __main__:<module>:45 - f1		mean:0.764	std:0.039
2022-11-15 15:59:45.573 | WARNING  | __main__:<module>:6 - {'C': 0.9899203552790449, 'break_ties': False, 'cache_size': 200, 'class_weight': None, 'coef0': 0.0, 'decision_function_shape': 'ovr', 'degree': 3, 'gamma': 0.8098439704037791, 'kernel': 'rbf', 'max_iter': -1, 'probability': True, 'random_state': 43, 'shrinking': True, 'tol': 0.001, 'verbose': False}
2022-11-15 15:59:46.071 | WARNING  | __main__:<module>:19 - 0.743	0.673	0.944	0.786
2022-11-15 15:59:46.519 | WARNING  | __main__:<module>:19 - 0.764	0.698	0.931	0.798
2022-11-15 15:59:46.971 | WARNING  | __main__:<module>:19 - 0.811	0.732	0.986	0.84
2022-11-15 15:59:47.427 | WARNING  | __main__:<module>:19 - 0.692	0.646	0.861	0.738
2022-11-15 15:59:47.879 | WARNING  | __main__:<module>:19 - 0.79	0.719	0.958	0.821
2022-11-15 15:59:48.345 | WARNING  | __main__:<module>:19 - 0.748	0.688	0.917	0.786
2022-11-15 15:59:48.793 | WARNING  | __main__:<module>:19 - 0.706	0.644	0.915	0.756
2022-11-15 15:59:49.243 | WARNING  | __main__:<module>:19 - 0.762	0.699	0.915	0.793
2022-11-15 15:59:49.689 | WARNING  | __main__:<module>:19 - 0.797	0.723	0.958	0.824
2022-11-15 15:59:50.139 | WARNING  | __main__:<module>:19 - 0.706	0.646	0.901	0.753
2022-11-15 15:59:50.140 | WARNING  | __main__:<module>:21 - accuracy		mean:0.752	std:0.039
2022-11-15 15:59:50.141 | WARNING  | __main__:<module>:22 - precision		mean:0.687	std:0.032
2022-11-15 15:59:50.142 | WARNING  | __main__:<module>:23 - recall		mean:0.929	std:0.033
2022-11-15 15:59:50.144 | WARNING  | __main__:<module>:24 - f1		mean:0.789	std:0.032
2022-11-15 15:59:50.972 | WARNING  | __main__:<module>:15 - {'C': 0.3856279932385604, 'class_weight': None, 'dual': False, 'fit_intercept': True, 'intercept_scaling': 1, 'l1_ratio': None, 'max_iter': 617, 'multi_class': 'auto', 'n_jobs': None, 'penalty': 'none', 'random_state': 43, 'solver': 'lbfgs', 'tol': 0.0001, 'verbose': 0, 'warm_start': False}
2022-11-15 15:59:50.988 | WARNING  | __main__:<module>:28 - 0.708	0.742	0.639	0.687
2022-11-15 15:59:51.004 | WARNING  | __main__:<module>:28 - 0.708	0.708	0.708	0.708
2022-11-15 15:59:51.022 | WARNING  | __main__:<module>:28 - 0.713	0.718	0.708	0.713
2022-11-15 15:59:51.035 | WARNING  | __main__:<module>:28 - 0.706	0.708	0.708	0.708
2022-11-15 15:59:51.050 | WARNING  | __main__:<module>:28 - 0.657	0.667	0.639	0.652
2022-11-15 15:59:51.064 | WARNING  | __main__:<module>:28 - 0.636	0.628	0.681	0.653
2022-11-15 15:59:51.078 | WARNING  | __main__:<module>:28 - 0.706	0.71	0.69	0.7
2022-11-15 15:59:51.092 | WARNING  | __main__:<module>:28 - 0.692	0.714	0.634	0.672
2022-11-15 15:59:51.105 | WARNING  | __main__:<module>:28 - 0.615	0.618	0.592	0.604
2022-11-15 15:59:51.118 | WARNING  | __main__:<module>:28 - 0.685	0.703	0.634	0.667
2022-11-15 15:59:51.119 | WARNING  | __main__:<module>:30 - accuracy		mean:0.683	std:0.033
2022-11-15 15:59:51.120 | WARNING  | __main__:<module>:31 - precision		mean:0.692	std:0.039
2022-11-15 15:59:51.122 | WARNING  | __main__:<module>:32 - recall		mean:0.663	std:0.039
2022-11-15 15:59:51.123 | WARNING  | __main__:<module>:33 - f1		mean:0.676	std:0.032
2022-11-15 15:59:51.571 | WARNING  | __main__:<module>:11 - {'estimator__bootstrap': True, 'estimator__ccp_alpha': 0.0, 'estimator__class_weight': None, 'estimator__criterion': 'gini', 'estimator__max_depth': 9, 'estimator__max_features': 'auto', 'estimator__max_leaf_nodes': None, 'estimator__max_samples': None, 'estimator__min_impurity_decrease': 0.0, 'estimator__min_impurity_split': None, 'estimator__min_samples_leaf': 1, 'estimator__min_samples_split': 2, 'estimator__min_weight_fraction_leaf': 0.0, 'estimator__n_estimators': 200, 'estimator__n_jobs': None, 'estimator__oob_score': False, 'estimator__random_state': 43, 'estimator__verbose': 0, 'estimator__warm_start': False, 'estimator': RandomForestClassifier(max_depth=9, n_estimators=200, random_state=43), 'importance_getter': 'auto', 'max_features': None, 'norm_order': 1, 'prefit': True, 'threshold': None}
2022-11-15 15:59:52.752 | WARNING  | __main__:<module>:24 - 0.785	0.825	0.722	0.77
2022-11-15 15:59:53.974 | WARNING  | __main__:<module>:24 - 0.729	0.754	0.681	0.715
2022-11-15 15:59:55.208 | WARNING  | __main__:<module>:24 - 0.811	0.857	0.75	0.8
2022-11-15 15:59:56.448 | WARNING  | __main__:<module>:24 - 0.748	0.773	0.708	0.739
2022-11-15 15:59:57.617 | WARNING  | __main__:<module>:24 - 0.699	0.746	0.611	0.672
2022-11-15 15:59:58.906 | WARNING  | __main__:<module>:24 - 0.769	0.8	0.722	0.759
2022-11-15 16:00:00.072 | WARNING  | __main__:<module>:24 - 0.762	0.794	0.704	0.746
2022-11-15 16:00:01.236 | WARNING  | __main__:<module>:24 - 0.706	0.723	0.662	0.691
2022-11-15 16:00:02.399 | WARNING  | __main__:<module>:24 - 0.692	0.745	0.577	0.651
2022-11-15 16:00:03.554 | WARNING  | __main__:<module>:24 - 0.734	0.754	0.69	0.721
2022-11-15 16:00:03.555 | WARNING  | __main__:<module>:26 - accuracy		mean:0.744	std:0.037
2022-11-15 16:00:03.556 | WARNING  | __main__:<module>:27 - precision		mean:0.777	std:0.039
2022-11-15 16:00:03.557 | WARNING  | __main__:<module>:28 - recall		mean:0.683	std:0.05
2022-11-15 16:00:03.558 | WARNING  | __main__:<module>:29 - f1		mean:0.726	std:0.044
2022-11-15 16:00:05.073 | WARNING  | __main__:<module>:14 - {'ccp_alpha': 0.0, 'class_weight': None, 'criterion': 'entropy', 'max_depth': 16, 'max_features': None, 'max_leaf_nodes': None, 'min_impurity_decrease': 0.0, 'min_impurity_split': None, 'min_samples_leaf': 1, 'min_samples_split': 2, 'min_weight_fraction_leaf': 0.0, 'random_state': 43, 'splitter': 'best'}
2022-11-15 16:00:05.106 | WARNING  | __main__:<module>:27 - 0.681	0.691	0.653	0.671
2022-11-15 16:00:05.133 | WARNING  | __main__:<module>:27 - 0.688	0.68	0.708	0.694
2022-11-15 16:00:05.160 | WARNING  | __main__:<module>:27 - 0.692	0.706	0.667	0.686
2022-11-15 16:00:05.186 | WARNING  | __main__:<module>:27 - 0.636	0.635	0.653	0.644
2022-11-15 16:00:05.213 | WARNING  | __main__:<module>:27 - 0.692	0.689	0.708	0.699
2022-11-15 16:00:05.239 | WARNING  | __main__:<module>:27 - 0.706	0.734	0.653	0.691
2022-11-15 16:00:05.265 | WARNING  | __main__:<module>:27 - 0.608	0.609	0.592	0.6
2022-11-15 16:00:05.291 | WARNING  | __main__:<module>:27 - 0.566	0.579	0.465	0.516
2022-11-15 16:00:05.316 | WARNING  | __main__:<module>:27 - 0.629	0.65	0.549	0.595
2022-11-15 16:00:05.343 | WARNING  | __main__:<module>:27 - 0.657	0.653	0.662	0.657
2022-11-15 16:00:05.343 | WARNING  | __main__:<module>:29 - accuracy		mean:0.656	std:0.043
2022-11-15 16:00:05.346 | WARNING  | __main__:<module>:30 - precision		mean:0.663	std:0.044
2022-11-15 16:00:05.347 | WARNING  | __main__:<module>:31 - recall		mean:0.631	std:0.072
2022-11-15 16:00:05.349 | WARNING  | __main__:<module>:32 - f1		mean:0.645	std:0.056
2022-11-15 16:00:05.738 | WARNING  | __main__:<module>:19 - 0.667	0.853	0.403	0.547
2022-11-15 16:00:05.751 | WARNING  | __main__:<module>:19 - 0.681	0.882	0.417	0.566
2022-11-15 16:00:05.767 | WARNING  | __main__:<module>:19 - 0.671	0.903	0.389	0.544
2022-11-15 16:00:05.783 | WARNING  | __main__:<module>:19 - 0.671	0.879	0.403	0.552
2022-11-15 16:00:05.797 | WARNING  | __main__:<module>:19 - 0.678	0.861	0.431	0.574
2022-11-15 16:00:05.813 | WARNING  | __main__:<module>:19 - 0.692	0.889	0.444	0.593
2022-11-15 16:00:05.827 | WARNING  | __main__:<module>:19 - 0.671	0.816	0.437	0.569
2022-11-15 16:00:05.841 | WARNING  | __main__:<module>:19 - 0.65	0.8	0.394	0.528
2022-11-15 16:00:05.855 | WARNING  | __main__:<module>:19 - 0.664	0.829	0.408	0.547
2022-11-15 16:00:05.869 | WARNING  | __main__:<module>:19 - 0.72	0.897	0.493	0.636
2022-11-15 16:00:05.870 | WARNING  | __main__:<module>:21 - accuracy		mean:0.677	std:0.018
2022-11-15 16:00:05.871 | WARNING  | __main__:<module>:22 - precision		mean:0.861	std:0.034
2022-11-15 16:00:05.872 | WARNING  | __main__:<module>:23 - recall		mean:0.422	std:0.029
2022-11-15 16:00:05.873 | WARNING  | __main__:<module>:24 - f1		mean:0.566	std:0.029
2022-11-15 16:00:06.319 | WARNING  | __main__:<module>:19 - 0.562	0.68	0.236	0.351
2022-11-15 16:00:06.329 | WARNING  | __main__:<module>:19 - 0.625	0.8	0.333	0.471
2022-11-15 16:00:06.339 | WARNING  | __main__:<module>:19 - 0.622	0.846	0.306	0.449
2022-11-15 16:00:06.348 | WARNING  | __main__:<module>:19 - 0.636	0.885	0.319	0.469
2022-11-15 16:00:06.358 | WARNING  | __main__:<module>:19 - 0.573	0.762	0.222	0.344
2022-11-15 16:00:06.369 | WARNING  | __main__:<module>:19 - 0.615	0.84	0.292	0.433
2022-11-15 16:00:06.377 | WARNING  | __main__:<module>:19 - 0.538	0.667	0.141	0.233
2022-11-15 16:00:06.386 | WARNING  | __main__:<module>:19 - 0.587	0.773	0.239	0.366
2022-11-15 16:00:06.394 | WARNING  | __main__:<module>:19 - 0.587	0.75	0.254	0.379
2022-11-15 16:00:06.403 | WARNING  | __main__:<module>:19 - 0.622	0.87	0.282	0.426
2022-11-15 16:00:06.404 | WARNING  | __main__:<module>:21 - accuracy		mean:0.597	std:0.031
2022-11-15 16:00:06.405 | WARNING  | __main__:<module>:22 - precision		mean:0.787	std:0.071
2022-11-15 16:00:06.406 | WARNING  | __main__:<module>:23 - recall		mean:0.262	std:0.054
2022-11-15 16:00:06.407 | WARNING  | __main__:<module>:24 - f1		mean:0.392	std:0.07
2022-11-15 16:13:40.825 | INFO     | __main__:<module>:80 - 使用嵌入法 RandomForestClassifier 进行特征选择,剩余(1278, 18)个特征
2022-11-15 16:13:40.826 | INFO     | __main__:<module>:90 - 剩余的特征是：['age', 'weight', 'hemoglobin', 'alanine aminotransferase', 'albumin', 'total bilirubin', 'urea', 'creatinine', 'Uric Acid', 'total cholesterol', 'glycosylated hemoglobin', 'activated partial thromboplastin time', 'urine protein quantity', '24h urine protein quantity', 'Diabetes duration', 'C2/C0', 'NLR', 'HOMA-IR']
2022-11-15 16:13:40.842 | INFO     | __main__:<module>:111 - 使用 SMOTETomek 混合采样
2022-11-15 16:13:40.843 | INFO     | __main__:<module>:115 - 数据平衡前：非DPN组有530条,DPN组有748条
2022-11-15 16:13:40.887 | INFO     | __main__:<module>:117 - 数据平衡后：非DPN组有716条,DPN组有716条
2022-11-15 16:13:41.528 | WARNING  | __main__:<module>:26 - {'estimator__bootstrap': True, 'estimator__ccp_alpha': 0.0, 'estimator__class_weight': None, 'estimator__criterion': 'gini', 'estimator__max_depth': 9, 'estimator__max_features': 'auto', 'estimator__max_leaf_nodes': None, 'estimator__max_samples': None, 'estimator__min_impurity_decrease': 0.0, 'estimator__min_impurity_split': None, 'estimator__min_samples_leaf': 1, 'estimator__min_samples_split': 2, 'estimator__min_weight_fraction_leaf': 0.0, 'estimator__n_estimators': 200, 'estimator__n_jobs': None, 'estimator__oob_score': False, 'estimator__random_state': 43, 'estimator__verbose': 0, 'estimator__warm_start': False, 'estimator': RandomForestClassifier(max_depth=9, n_estimators=200, random_state=43), 'importance_getter': 'auto', 'max_features': None, 'norm_order': 1, 'prefit': True, 'threshold': None}
2022-11-15 16:13:42.742 | WARNING  | __main__:<module>:40 - 0.826	0.822	0.833	0.828
2022-11-15 16:13:43.414 | WARNING  | __main__:<module>:40 - 0.736	0.736	0.736	0.736
2022-11-15 16:13:43.984 | WARNING  | __main__:<module>:40 - 0.832	0.887	0.764	0.821
2022-11-15 16:13:44.540 | WARNING  | __main__:<module>:40 - 0.748	0.757	0.736	0.746
2022-11-15 16:13:45.126 | WARNING  | __main__:<module>:40 - 0.776	0.812	0.722	0.765
2022-11-15 16:13:45.674 | WARNING  | __main__:<module>:40 - 0.79	0.769	0.833	0.8
2022-11-15 16:13:46.246 | WARNING  | __main__:<module>:40 - 0.741	0.736	0.746	0.741
2022-11-15 16:13:46.784 | WARNING  | __main__:<module>:40 - 0.769	0.764	0.775	0.769
2022-11-15 16:13:47.339 | WARNING  | __main__:<module>:40 - 0.72	0.746	0.662	0.701
2022-11-15 16:13:47.905 | WARNING  | __main__:<module>:40 - 0.734	0.732	0.732	0.732
2022-11-15 16:13:47.907 | WARNING  | __main__:<module>:42 - accuracy		mean:0.767	std:0.037
2022-11-15 16:13:47.908 | WARNING  | __main__:<module>:43 - precision		mean:0.776	std:0.047
2022-11-15 16:13:47.910 | WARNING  | __main__:<module>:44 - recall		mean:0.754	std:0.049
2022-11-15 16:13:47.912 | WARNING  | __main__:<module>:45 - f1		mean:0.764	std:0.039
2022-11-15 16:13:50.148 | WARNING  | __main__:<module>:6 - {'C': 0.9899203552790449, 'break_ties': False, 'cache_size': 200, 'class_weight': None, 'coef0': 0.0, 'decision_function_shape': 'ovr', 'degree': 3, 'gamma': 0.8098439704037791, 'kernel': 'rbf', 'max_iter': -1, 'probability': True, 'random_state': 43, 'shrinking': True, 'tol': 0.001, 'verbose': False}
2022-11-15 16:13:50.608 | WARNING  | __main__:<module>:19 - 0.743	0.673	0.944	0.786
2022-11-15 16:13:51.053 | WARNING  | __main__:<module>:19 - 0.764	0.698	0.931	0.798
2022-11-15 16:13:51.499 | WARNING  | __main__:<module>:19 - 0.811	0.732	0.986	0.84
2022-11-15 16:13:51.943 | WARNING  | __main__:<module>:19 - 0.692	0.646	0.861	0.738
2022-11-15 16:13:52.394 | WARNING  | __main__:<module>:19 - 0.79	0.719	0.958	0.821
2022-11-15 16:13:52.837 | WARNING  | __main__:<module>:19 - 0.748	0.688	0.917	0.786
2022-11-15 16:13:53.282 | WARNING  | __main__:<module>:19 - 0.706	0.644	0.915	0.756
2022-11-15 16:13:53.742 | WARNING  | __main__:<module>:19 - 0.762	0.699	0.915	0.793
2022-11-15 16:13:54.191 | WARNING  | __main__:<module>:19 - 0.797	0.723	0.958	0.824
2022-11-15 16:13:54.640 | WARNING  | __main__:<module>:19 - 0.706	0.646	0.901	0.753
2022-11-15 16:13:54.641 | WARNING  | __main__:<module>:21 - accuracy		mean:0.752	std:0.039
2022-11-15 16:13:54.643 | WARNING  | __main__:<module>:22 - precision		mean:0.687	std:0.032
2022-11-15 16:13:54.644 | WARNING  | __main__:<module>:23 - recall		mean:0.929	std:0.033
2022-11-15 16:13:54.645 | WARNING  | __main__:<module>:24 - f1		mean:0.789	std:0.032
2022-11-15 16:13:55.457 | WARNING  | __main__:<module>:15 - {'C': 0.3856279932385604, 'class_weight': None, 'dual': False, 'fit_intercept': True, 'intercept_scaling': 1, 'l1_ratio': None, 'max_iter': 617, 'multi_class': 'auto', 'n_jobs': None, 'penalty': 'none', 'random_state': 43, 'solver': 'lbfgs', 'tol': 0.0001, 'verbose': 0, 'warm_start': False}
2022-11-15 16:13:55.475 | WARNING  | __main__:<module>:28 - 0.708	0.742	0.639	0.687
2022-11-15 16:13:55.492 | WARNING  | __main__:<module>:28 - 0.708	0.708	0.708	0.708
2022-11-15 16:13:55.509 | WARNING  | __main__:<module>:28 - 0.713	0.718	0.708	0.713
2022-11-15 16:13:55.522 | WARNING  | __main__:<module>:28 - 0.706	0.708	0.708	0.708
2022-11-15 16:13:55.537 | WARNING  | __main__:<module>:28 - 0.657	0.667	0.639	0.652
2022-11-15 16:13:55.551 | WARNING  | __main__:<module>:28 - 0.636	0.628	0.681	0.653
2022-11-15 16:13:55.566 | WARNING  | __main__:<module>:28 - 0.706	0.71	0.69	0.7
2022-11-15 16:13:55.581 | WARNING  | __main__:<module>:28 - 0.692	0.714	0.634	0.672
2022-11-15 16:13:55.596 | WARNING  | __main__:<module>:28 - 0.615	0.618	0.592	0.604
2022-11-15 16:13:55.609 | WARNING  | __main__:<module>:28 - 0.685	0.703	0.634	0.667
2022-11-15 16:13:55.610 | WARNING  | __main__:<module>:30 - accuracy		mean:0.683	std:0.033
2022-11-15 16:13:55.611 | WARNING  | __main__:<module>:31 - precision		mean:0.692	std:0.039
2022-11-15 16:13:55.612 | WARNING  | __main__:<module>:32 - recall		mean:0.663	std:0.039
2022-11-15 16:13:55.613 | WARNING  | __main__:<module>:33 - f1		mean:0.676	std:0.032
2022-11-15 16:13:56.022 | WARNING  | __main__:<module>:11 - {'estimator__bootstrap': True, 'estimator__ccp_alpha': 0.0, 'estimator__class_weight': None, 'estimator__criterion': 'gini', 'estimator__max_depth': 9, 'estimator__max_features': 'auto', 'estimator__max_leaf_nodes': None, 'estimator__max_samples': None, 'estimator__min_impurity_decrease': 0.0, 'estimator__min_impurity_split': None, 'estimator__min_samples_leaf': 1, 'estimator__min_samples_split': 2, 'estimator__min_weight_fraction_leaf': 0.0, 'estimator__n_estimators': 200, 'estimator__n_jobs': None, 'estimator__oob_score': False, 'estimator__random_state': 43, 'estimator__verbose': 0, 'estimator__warm_start': False, 'estimator': RandomForestClassifier(max_depth=9, n_estimators=200, random_state=43), 'importance_getter': 'auto', 'max_features': None, 'norm_order': 1, 'prefit': True, 'threshold': None}
2022-11-15 16:13:57.213 | WARNING  | __main__:<module>:24 - 0.785	0.825	0.722	0.77
2022-11-15 16:13:58.390 | WARNING  | __main__:<module>:24 - 0.729	0.754	0.681	0.715
2022-11-15 16:13:59.603 | WARNING  | __main__:<module>:24 - 0.811	0.857	0.75	0.8
2022-11-15 16:14:00.785 | WARNING  | __main__:<module>:24 - 0.748	0.773	0.708	0.739
2022-11-15 16:14:01.957 | WARNING  | __main__:<module>:24 - 0.699	0.746	0.611	0.672
2022-11-15 16:14:03.183 | WARNING  | __main__:<module>:24 - 0.769	0.8	0.722	0.759
2022-11-15 16:14:04.435 | WARNING  | __main__:<module>:24 - 0.762	0.794	0.704	0.746
2022-11-15 16:14:05.687 | WARNING  | __main__:<module>:24 - 0.706	0.723	0.662	0.691
2022-11-15 16:14:06.873 | WARNING  | __main__:<module>:24 - 0.692	0.745	0.577	0.651
2022-11-15 16:14:08.028 | WARNING  | __main__:<module>:24 - 0.734	0.754	0.69	0.721
2022-11-15 16:14:08.030 | WARNING  | __main__:<module>:26 - accuracy		mean:0.744	std:0.037
2022-11-15 16:14:08.031 | WARNING  | __main__:<module>:27 - precision		mean:0.777	std:0.039
2022-11-15 16:14:08.031 | WARNING  | __main__:<module>:28 - recall		mean:0.683	std:0.05
2022-11-15 16:14:08.033 | WARNING  | __main__:<module>:29 - f1		mean:0.726	std:0.044
2022-11-15 16:14:09.585 | WARNING  | __main__:<module>:14 - {'ccp_alpha': 0.0, 'class_weight': None, 'criterion': 'entropy', 'max_depth': 16, 'max_features': None, 'max_leaf_nodes': None, 'min_impurity_decrease': 0.0, 'min_impurity_split': None, 'min_samples_leaf': 1, 'min_samples_split': 2, 'min_weight_fraction_leaf': 0.0, 'random_state': 43, 'splitter': 'best'}
2022-11-15 16:14:09.623 | WARNING  | __main__:<module>:27 - 0.681	0.691	0.653	0.671
2022-11-15 16:14:09.651 | WARNING  | __main__:<module>:27 - 0.688	0.68	0.708	0.694
2022-11-15 16:14:09.677 | WARNING  | __main__:<module>:27 - 0.692	0.706	0.667	0.686
2022-11-15 16:14:09.705 | WARNING  | __main__:<module>:27 - 0.636	0.635	0.653	0.644
2022-11-15 16:14:09.733 | WARNING  | __main__:<module>:27 - 0.692	0.689	0.708	0.699
2022-11-15 16:14:09.758 | WARNING  | __main__:<module>:27 - 0.706	0.734	0.653	0.691
2022-11-15 16:14:09.784 | WARNING  | __main__:<module>:27 - 0.608	0.609	0.592	0.6
2022-11-15 16:14:09.810 | WARNING  | __main__:<module>:27 - 0.566	0.579	0.465	0.516
2022-11-15 16:14:09.836 | WARNING  | __main__:<module>:27 - 0.629	0.65	0.549	0.595
2022-11-15 16:14:09.862 | WARNING  | __main__:<module>:27 - 0.657	0.653	0.662	0.657
2022-11-15 16:14:09.863 | WARNING  | __main__:<module>:29 - accuracy		mean:0.656	std:0.043
2022-11-15 16:14:09.864 | WARNING  | __main__:<module>:30 - precision		mean:0.663	std:0.044
2022-11-15 16:14:09.865 | WARNING  | __main__:<module>:31 - recall		mean:0.631	std:0.072
2022-11-15 16:14:09.867 | WARNING  | __main__:<module>:32 - f1		mean:0.645	std:0.056
2022-11-15 16:14:10.264 | WARNING  | __main__:<module>:19 - 0.667	0.853	0.403	0.547
2022-11-15 16:14:10.281 | WARNING  | __main__:<module>:19 - 0.681	0.882	0.417	0.566
2022-11-15 16:14:10.297 | WARNING  | __main__:<module>:19 - 0.671	0.903	0.389	0.544
2022-11-15 16:14:10.314 | WARNING  | __main__:<module>:19 - 0.671	0.879	0.403	0.552
2022-11-15 16:14:10.329 | WARNING  | __main__:<module>:19 - 0.678	0.861	0.431	0.574
2022-11-15 16:14:10.345 | WARNING  | __main__:<module>:19 - 0.692	0.889	0.444	0.593
2022-11-15 16:14:10.359 | WARNING  | __main__:<module>:19 - 0.671	0.816	0.437	0.569
2022-11-15 16:14:10.373 | WARNING  | __main__:<module>:19 - 0.65	0.8	0.394	0.528
2022-11-15 16:14:10.386 | WARNING  | __main__:<module>:19 - 0.664	0.829	0.408	0.547
2022-11-15 16:14:10.400 | WARNING  | __main__:<module>:19 - 0.72	0.897	0.493	0.636
2022-11-15 16:14:10.402 | WARNING  | __main__:<module>:21 - accuracy		mean:0.677	std:0.018
2022-11-15 16:14:10.403 | WARNING  | __main__:<module>:22 - precision		mean:0.861	std:0.034
2022-11-15 16:14:10.404 | WARNING  | __main__:<module>:23 - recall		mean:0.422	std:0.029
2022-11-15 16:14:10.405 | WARNING  | __main__:<module>:24 - f1		mean:0.566	std:0.029
2022-11-15 16:14:10.827 | WARNING  | __main__:<module>:19 - 0.562	0.68	0.236	0.351
2022-11-15 16:14:10.836 | WARNING  | __main__:<module>:19 - 0.625	0.8	0.333	0.471
2022-11-15 16:14:10.846 | WARNING  | __main__:<module>:19 - 0.622	0.846	0.306	0.449
2022-11-15 16:14:10.856 | WARNING  | __main__:<module>:19 - 0.636	0.885	0.319	0.469
2022-11-15 16:14:10.865 | WARNING  | __main__:<module>:19 - 0.573	0.762	0.222	0.344
2022-11-15 16:14:10.874 | WARNING  | __main__:<module>:19 - 0.615	0.84	0.292	0.433
2022-11-15 16:14:10.882 | WARNING  | __main__:<module>:19 - 0.538	0.667	0.141	0.233
2022-11-15 16:14:10.890 | WARNING  | __main__:<module>:19 - 0.587	0.773	0.239	0.366
2022-11-15 16:14:10.899 | WARNING  | __main__:<module>:19 - 0.587	0.75	0.254	0.379
2022-11-15 16:14:10.907 | WARNING  | __main__:<module>:19 - 0.622	0.87	0.282	0.426
2022-11-15 16:14:10.909 | WARNING  | __main__:<module>:21 - accuracy		mean:0.597	std:0.031
2022-11-15 16:14:10.910 | WARNING  | __main__:<module>:22 - precision		mean:0.787	std:0.071
2022-11-15 16:14:10.911 | WARNING  | __main__:<module>:23 - recall		mean:0.262	std:0.054
2022-11-15 16:14:10.912 | WARNING  | __main__:<module>:24 - f1		mean:0.392	std:0.07
