2022-11-28 14:27:42.829 | INFO     | __main__:<module>:44 - 使用嵌入法 RandomForestClassifier 进行特征选择,剩余(894, 15)个特征
2022-11-28 14:27:42.830 | INFO     | __main__:<module>:45 - 剩余的特征为:['age', 'albumin', 'urea', 'creatinine', 'Uric Acid', 'lipase', 'LDL Cholesterol', 'glycosylated hemoglobin', 'activated partial thromboplastin time', 'urine protein quantity', '24h urine protein quantity', 'Diabetes duration', 'C2/C0', 'NLR', 'HOMA-IR']
2022-11-28 14:27:42.831 | INFO     | __main__:<module>:52 - 使用 SMOTETomek 混合采样
2022-11-28 14:27:42.832 | INFO     | __main__:<module>:55 - 数据平衡前：非DPN组有374条,DPN组有520条
2022-11-28 14:27:42.867 | INFO     | __main__:<module>:57 - 数据平衡后：非DPN组有488条,DPN组有488条
2022-11-28 14:27:42.970 | WARNING  | __main__:<module>:26 - {'estimator__bootstrap': True, 'estimator__ccp_alpha': 0.0, 'estimator__class_weight': None, 'estimator__criterion': 'gini', 'estimator__max_depth': 7, 'estimator__max_features': 'auto', 'estimator__max_leaf_nodes': None, 'estimator__max_samples': None, 'estimator__min_impurity_decrease': 0.0, 'estimator__min_impurity_split': None, 'estimator__min_samples_leaf': 1, 'estimator__min_samples_split': 2, 'estimator__min_weight_fraction_leaf': 0.0, 'estimator__n_estimators': 200, 'estimator__n_jobs': None, 'estimator__oob_score': False, 'estimator__random_state': 43, 'estimator__verbose': 0, 'estimator__warm_start': False, 'estimator': RandomForestClassifier(max_depth=7, n_estimators=200, random_state=43), 'importance_getter': 'auto', 'max_features': None, 'norm_order': 1, 'prefit': True, 'threshold': None}
2022-11-28 14:27:43.418 | WARNING  | __main__:<module>:39 - 0.816	0.844	0.776	0.809
2022-11-28 14:27:43.833 | WARNING  | __main__:<module>:39 - 0.786	0.85	0.694	0.764
2022-11-28 14:27:44.272 | WARNING  | __main__:<module>:39 - 0.714	0.684	0.796	0.736
2022-11-28 14:27:44.685 | WARNING  | __main__:<module>:39 - 0.745	0.75	0.735	0.742
2022-11-28 14:27:45.099 | WARNING  | __main__:<module>:39 - 0.796	0.796	0.796	0.796
2022-11-28 14:27:45.520 | WARNING  | __main__:<module>:39 - 0.827	0.864	0.776	0.817
2022-11-28 14:27:45.933 | WARNING  | __main__:<module>:39 - 0.732	0.739	0.708	0.723
2022-11-28 14:27:46.341 | WARNING  | __main__:<module>:39 - 0.784	0.8	0.75	0.774
2022-11-28 14:27:46.753 | WARNING  | __main__:<module>:39 - 0.825	0.808	0.857	0.832
2022-11-28 14:27:47.205 | WARNING  | __main__:<module>:39 - 0.763	0.81	0.694	0.747
2022-11-28 14:27:47.206 | WARNING  | __main__:<module>:41 - accuracy		mean:0.779	std:0.037
2022-11-28 14:27:47.208 | WARNING  | __main__:<module>:42 - precision		mean:0.794	std:0.053
2022-11-28 14:27:47.209 | WARNING  | __main__:<module>:43 - recall		mean:0.758	std:0.05
2022-11-28 14:27:47.210 | WARNING  | __main__:<module>:44 - f1		mean:0.774	std:0.036
2022-11-28 14:27:47.860 | INFO     | __main__:<module>:3 - 测试集指标:0.596	0.653	0.684	0.668
2022-11-28 14:28:23.523 | INFO     | __main__:<module>:21 - 调参结束，最佳结果为:0.7643983010854177
2022-11-28 14:28:23.524 | INFO     | __main__:<module>:22 - 调参结束，最佳参数为:{'C': 0.9778056014990649, 'gamma': 0.4147151046937447}
2022-11-28 14:28:23.624 | WARNING  | __main__:<module>:6 - {'C': 0.9778056014990649, 'break_ties': False, 'cache_size': 200, 'class_weight': None, 'coef0': 0.0, 'decision_function_shape': 'ovr', 'degree': 3, 'gamma': 0.4147151046937447, 'kernel': 'rbf', 'max_iter': -1, 'probability': True, 'random_state': 43, 'shrinking': True, 'tol': 0.001, 'verbose': False}
2022-11-28 14:28:23.835 | WARNING  | __main__:<module>:19 - 0.694	0.686	0.714	0.7
2022-11-28 14:28:24.037 | WARNING  | __main__:<module>:19 - 0.755	0.736	0.796	0.765
2022-11-28 14:28:24.243 | WARNING  | __main__:<module>:19 - 0.714	0.691	0.776	0.731
2022-11-28 14:28:24.434 | WARNING  | __main__:<module>:19 - 0.765	0.732	0.837	0.781
2022-11-28 14:28:24.629 | WARNING  | __main__:<module>:19 - 0.755	0.727	0.816	0.769
2022-11-28 14:28:24.828 | WARNING  | __main__:<module>:19 - 0.816	0.792	0.857	0.824
2022-11-28 14:28:25.023 | WARNING  | __main__:<module>:19 - 0.753	0.75	0.75	0.75
2022-11-28 14:28:25.224 | WARNING  | __main__:<module>:19 - 0.753	0.722	0.812	0.765
2022-11-28 14:28:25.413 | WARNING  | __main__:<module>:19 - 0.794	0.746	0.898	0.815
2022-11-28 14:28:25.609 | WARNING  | __main__:<module>:19 - 0.804	0.841	0.755	0.796
2022-11-28 14:28:25.610 | WARNING  | __main__:<module>:21 - 验证集:accuracy	mean:0.76	std:0.036
2022-11-28 14:28:25.611 | WARNING  | __main__:<module>:22 - 验证集:precision	mean:0.742	std:0.043
2022-11-28 14:28:25.612 | WARNING  | __main__:<module>:23 - 验证集:recall		mean:0.801	std:0.052
2022-11-28 14:28:25.613 | WARNING  | __main__:<module>:24 - 验证集:f1	mean:0.769	std:0.035
2022-11-28 14:28:25.911 | INFO     | __main__:<module>:3 - 测试集指标:0.633	0.656	0.803	0.722
2022-11-28 14:29:55.327 | INFO     | __main__:<module>:16 - 调参结束，最佳结果为:0.7223596035865975
2022-11-28 14:29:55.328 | INFO     | __main__:<module>:17 - 调参结束，最佳参数为:{'penalty': 'l2', 'C': 0.022594099331839132, 'max_iter': 1755}
2022-11-28 14:29:55.394 | WARNING  | __main__:<module>:15 - {'C': 0.022594099331839132, 'class_weight': None, 'dual': False, 'fit_intercept': True, 'intercept_scaling': 1, 'l1_ratio': None, 'max_iter': 1755, 'multi_class': 'auto', 'n_jobs': None, 'penalty': 'l2', 'random_state': None, 'solver': 'lbfgs', 'tol': 0.0001, 'verbose': 0, 'warm_start': False}
2022-11-28 14:29:55.406 | WARNING  | __main__:<module>:28 - 0.673	0.707	0.592	0.644
2022-11-28 14:29:55.415 | WARNING  | __main__:<module>:28 - 0.745	0.773	0.694	0.731
2022-11-28 14:29:55.428 | WARNING  | __main__:<module>:28 - 0.663	0.66	0.673	0.667
2022-11-28 14:29:55.440 | WARNING  | __main__:<module>:28 - 0.673	0.673	0.673	0.673
2022-11-28 14:29:55.450 | WARNING  | __main__:<module>:28 - 0.704	0.692	0.735	0.713
2022-11-28 14:29:55.461 | WARNING  | __main__:<module>:28 - 0.735	0.717	0.776	0.745
2022-11-28 14:29:55.471 | WARNING  | __main__:<module>:28 - 0.691	0.725	0.604	0.659
2022-11-28 14:29:55.481 | WARNING  | __main__:<module>:28 - 0.742	0.725	0.771	0.747
2022-11-28 14:29:55.492 | WARNING  | __main__:<module>:28 - 0.742	0.74	0.755	0.747
2022-11-28 14:29:55.502 | WARNING  | __main__:<module>:28 - 0.753	0.805	0.673	0.733
2022-11-28 14:29:55.503 | WARNING  | __main__:<module>:30 - 验证集:accuracy	mean:0.712	std:0.033
2022-11-28 14:29:55.504 | WARNING  | __main__:<module>:31 - 验证集:precision	mean:0.722	std:0.041
2022-11-28 14:29:55.505 | WARNING  | __main__:<module>:32 - 验证集:recall		mean:0.695	std:0.061
2022-11-28 14:29:55.506 | WARNING  | __main__:<module>:33 - 验证集:f1	mean:0.706	std:0.039
2022-11-28 14:29:55.570 | INFO     | __main__:<module>:3 - 测试集指标:0.63	0.724	0.61	0.662
2022-11-28 14:31:55.340 | INFO     | __main__:<module>:20 - 调参结束，最佳结果为:0.7746358345131351
2022-11-28 14:31:55.341 | INFO     | __main__:<module>:21 - 调参结束，最佳参数为:{'n_estimators': 267, 'max_depth': 10, 'min_samples_split': 3}
2022-11-28 14:31:55.441 | WARNING  | __main__:<module>:11 - {'estimator__bootstrap': True, 'estimator__ccp_alpha': 0.0, 'estimator__class_weight': None, 'estimator__criterion': 'gini', 'estimator__max_depth': 7, 'estimator__max_features': 'auto', 'estimator__max_leaf_nodes': None, 'estimator__max_samples': None, 'estimator__min_impurity_decrease': 0.0, 'estimator__min_impurity_split': None, 'estimator__min_samples_leaf': 1, 'estimator__min_samples_split': 2, 'estimator__min_weight_fraction_leaf': 0.0, 'estimator__n_estimators': 200, 'estimator__n_jobs': None, 'estimator__oob_score': False, 'estimator__random_state': 43, 'estimator__verbose': 0, 'estimator__warm_start': False, 'estimator': RandomForestClassifier(max_depth=7, n_estimators=200, random_state=43), 'importance_getter': 'auto', 'max_features': None, 'norm_order': 1, 'prefit': True, 'threshold': None}
2022-11-28 14:31:55.877 | WARNING  | __main__:<module>:24 - 0.745	0.75	0.735	0.742
2022-11-28 14:31:56.318 | WARNING  | __main__:<module>:24 - 0.786	0.85	0.694	0.764
2022-11-28 14:31:56.756 | WARNING  | __main__:<module>:24 - 0.735	0.717	0.776	0.745
2022-11-28 14:31:57.198 | WARNING  | __main__:<module>:24 - 0.776	0.787	0.755	0.771
2022-11-28 14:31:57.644 | WARNING  | __main__:<module>:24 - 0.765	0.771	0.755	0.763
2022-11-28 14:31:58.082 | WARNING  | __main__:<module>:24 - 0.776	0.829	0.694	0.756
2022-11-28 14:31:58.521 | WARNING  | __main__:<module>:24 - 0.753	0.786	0.688	0.733
2022-11-28 14:31:58.964 | WARNING  | __main__:<module>:24 - 0.763	0.778	0.729	0.753
2022-11-28 14:31:59.408 | WARNING  | __main__:<module>:24 - 0.814	0.792	0.857	0.824
2022-11-28 14:31:59.844 | WARNING  | __main__:<module>:24 - 0.742	0.816	0.633	0.713
2022-11-28 14:31:59.845 | WARNING  | __main__:<module>:26 - 验证集:accuracy	mean:0.765	std:0.023
2022-11-28 14:31:59.847 | WARNING  | __main__:<module>:27 - 验证集:precision	mean:0.788	std:0.036
2022-11-28 14:31:59.848 | WARNING  | __main__:<module>:28 - 验证集:recall		mean:0.731	std:0.058
2022-11-28 14:31:59.849 | WARNING  | __main__:<module>:29 - 验证集:f1	mean:0.756	std:0.028
2022-11-28 14:32:00.378 | INFO     | __main__:<module>:3 - 测试集 accuracy=0.625	precision=0.706	recall=0.632	f1=0.667
2022-11-28 14:32:06.996 | INFO     | __main__:<module>:15 - 调参结束，最佳结果为:0.7049583136699701
2022-11-28 14:32:06.997 | INFO     | __main__:<module>:16 - 调参结束，最佳参数为:{'criterion': 'entropy', 'max_depth': 9}
2022-11-28 14:32:07.050 | WARNING  | __main__:<module>:14 - {'ccp_alpha': 0.0, 'class_weight': None, 'criterion': 'entropy', 'max_depth': 9, 'max_features': None, 'max_leaf_nodes': None, 'min_impurity_decrease': 0.0, 'min_impurity_split': None, 'min_samples_leaf': 1, 'min_samples_split': 2, 'min_weight_fraction_leaf': 0.0, 'random_state': 43, 'splitter': 'best'}
2022-11-28 14:32:07.068 | WARNING  | __main__:<module>:27 - 0.673	0.718	0.571	0.636
2022-11-28 14:32:07.085 | WARNING  | __main__:<module>:27 - 0.724	0.762	0.653	0.703
2022-11-28 14:32:07.099 | WARNING  | __main__:<module>:27 - 0.643	0.63	0.694	0.66
2022-11-28 14:32:07.113 | WARNING  | __main__:<module>:27 - 0.612	0.608	0.633	0.62
2022-11-28 14:32:07.131 | WARNING  | __main__:<module>:27 - 0.724	0.75	0.673	0.71
2022-11-28 14:32:07.153 | WARNING  | __main__:<module>:27 - 0.755	0.736	0.796	0.765
2022-11-28 14:32:07.172 | WARNING  | __main__:<module>:27 - 0.66	0.674	0.604	0.637
2022-11-28 14:32:07.188 | WARNING  | __main__:<module>:27 - 0.649	0.635	0.688	0.66
2022-11-28 14:32:07.203 | WARNING  | __main__:<module>:27 - 0.691	0.686	0.714	0.7
2022-11-28 14:32:07.218 | WARNING  | __main__:<module>:27 - 0.701	0.75	0.612	0.674
2022-11-28 14:32:07.219 | WARNING  | __main__:<module>:29 - 验证集:accuracy	mean:0.683	std:0.042
2022-11-28 14:32:07.219 | WARNING  | __main__:<module>:30 - 验证集:precision	mean:0.695	std:0.054
2022-11-28 14:32:07.220 | WARNING  | __main__:<module>:31 - 验证集:recall		mean:0.664	std:0.061
2022-11-28 14:32:07.221 | WARNING  | __main__:<module>:32 - 验证集:f1	mean:0.677	std:0.041
2022-11-28 14:32:07.284 | INFO     | __main__:<module>:3 - 测试集指标:0.617	0.71	0.601	0.651
2022-11-28 14:32:07.682 | WARNING  | __main__:<module>:19 - 0.724	1.0	0.449	0.62
2022-11-28 14:32:07.696 | WARNING  | __main__:<module>:19 - 0.755	0.931	0.551	0.692
2022-11-28 14:32:07.709 | WARNING  | __main__:<module>:19 - 0.643	0.769	0.408	0.533
2022-11-28 14:32:07.721 | WARNING  | __main__:<module>:19 - 0.704	0.917	0.449	0.603
2022-11-28 14:32:07.733 | WARNING  | __main__:<module>:19 - 0.714	0.862	0.51	0.641
2022-11-28 14:32:07.745 | WARNING  | __main__:<module>:19 - 0.714	0.957	0.449	0.611
2022-11-28 14:32:07.757 | WARNING  | __main__:<module>:19 - 0.753	0.929	0.542	0.684
2022-11-28 14:32:07.770 | WARNING  | __main__:<module>:19 - 0.711	0.833	0.521	0.641
2022-11-28 14:32:07.783 | WARNING  | __main__:<module>:19 - 0.691	0.757	0.571	0.651
2022-11-28 14:32:07.795 | WARNING  | __main__:<module>:19 - 0.649	0.826	0.388	0.528
2022-11-28 14:32:07.796 | WARNING  | __main__:<module>:21 - accuracy		mean:0.706	std:0.035
2022-11-28 14:32:07.797 | WARNING  | __main__:<module>:22 - precision		mean:0.878	std:0.077
2022-11-28 14:32:07.798 | WARNING  | __main__:<module>:23 - recall		mean:0.484	std:0.06
2022-11-28 14:32:07.799 | WARNING  | __main__:<module>:24 - f1		mean:0.62	std:0.053
2022-11-28 14:32:07.872 | INFO     | __main__:<module>:3 - 测试集指标:0.547	0.69	0.43	0.53
2022-11-28 14:32:08.290 | WARNING  | __main__:<module>:19 - 0.643	0.85	0.347	0.493
2022-11-28 14:32:08.298 | WARNING  | __main__:<module>:19 - 0.622	1.0	0.245	0.393
2022-11-28 14:32:08.307 | WARNING  | __main__:<module>:19 - 0.592	0.714	0.306	0.429
2022-11-28 14:32:08.315 | WARNING  | __main__:<module>:19 - 0.622	0.833	0.306	0.448
2022-11-28 14:32:08.322 | WARNING  | __main__:<module>:19 - 0.592	0.765	0.265	0.394
2022-11-28 14:32:08.329 | WARNING  | __main__:<module>:19 - 0.663	0.864	0.388	0.535
2022-11-28 14:32:08.336 | WARNING  | __main__:<module>:19 - 0.608	1.0	0.208	0.345
2022-11-28 14:32:08.343 | WARNING  | __main__:<module>:19 - 0.629	0.875	0.292	0.438
2022-11-28 14:32:08.350 | WARNING  | __main__:<module>:19 - 0.536	0.643	0.184	0.286
2022-11-28 14:32:08.356 | WARNING  | __main__:<module>:19 - 0.588	0.8	0.245	0.375
2022-11-28 14:32:08.357 | WARNING  | __main__:<module>:21 - accuracy		mean:0.61	std:0.033
2022-11-28 14:32:08.358 | WARNING  | __main__:<module>:22 - precision		mean:0.834	std:0.107
2022-11-28 14:32:08.360 | WARNING  | __main__:<module>:23 - recall		mean:0.279	std:0.059
2022-11-28 14:32:08.360 | WARNING  | __main__:<module>:24 - f1		mean:0.413	std:0.068
2022-11-28 14:32:08.442 | INFO     | __main__:<module>:3 - 测试集指标:0.547	0.69	0.43	0.53
2022-11-28 14:45:31.243 | WARNING  | __main__:<module>:26 - {'estimator__bootstrap': True, 'estimator__ccp_alpha': 0.0, 'estimator__class_weight': None, 'estimator__criterion': 'gini', 'estimator__max_depth': 7, 'estimator__max_features': 'auto', 'estimator__max_leaf_nodes': None, 'estimator__max_samples': None, 'estimator__min_impurity_decrease': 0.0, 'estimator__min_impurity_split': None, 'estimator__min_samples_leaf': 1, 'estimator__min_samples_split': 2, 'estimator__min_weight_fraction_leaf': 0.0, 'estimator__n_estimators': 200, 'estimator__n_jobs': None, 'estimator__oob_score': False, 'estimator__random_state': 43, 'estimator__verbose': 0, 'estimator__warm_start': False, 'estimator': RandomForestClassifier(max_depth=7, n_estimators=200, random_state=43), 'importance_getter': 'auto', 'max_features': None, 'norm_order': 1, 'prefit': True, 'threshold': None}
2022-11-28 14:45:31.709 | WARNING  | __main__:<module>:39 - 0.786	0.833	0.714	0.769
2022-11-28 14:45:32.165 | WARNING  | __main__:<module>:39 - 0.796	0.837	0.735	0.783
2022-11-28 14:45:32.620 | WARNING  | __main__:<module>:39 - 0.673	0.655	0.735	0.692
2022-11-28 14:45:33.226 | WARNING  | __main__:<module>:39 - 0.765	0.771	0.755	0.763
2022-11-28 14:45:33.643 | WARNING  | __main__:<module>:39 - 0.796	0.784	0.816	0.8
2022-11-28 14:45:34.057 | WARNING  | __main__:<module>:39 - 0.847	0.854	0.837	0.845
2022-11-28 14:45:34.461 | WARNING  | __main__:<module>:39 - 0.753	0.773	0.708	0.739
2022-11-28 14:45:34.873 | WARNING  | __main__:<module>:39 - 0.742	0.745	0.729	0.737
2022-11-28 14:45:35.286 | WARNING  | __main__:<module>:39 - 0.794	0.764	0.857	0.808
2022-11-28 14:45:35.702 | WARNING  | __main__:<module>:39 - 0.794	0.854	0.714	0.778
2022-11-28 14:45:35.703 | WARNING  | __main__:<module>:41 - accuracy		mean:0.775	std:0.043
2022-11-28 14:45:35.704 | WARNING  | __main__:<module>:42 - precision		mean:0.787	std:0.058
2022-11-28 14:45:35.705 | WARNING  | __main__:<module>:43 - recall		mean:0.76	std:0.053
2022-11-28 14:45:35.706 | WARNING  | __main__:<module>:44 - f1		mean:0.771	std:0.04
2022-11-28 14:45:40.691 | INFO     | __main__:<module>:3 - 测试集指标:0.615	0.664	0.711	0.686
2022-11-28 14:46:19.739 | WARNING  | __main__:<module>:26 - {'estimator__bootstrap': True, 'estimator__ccp_alpha': 0.0, 'estimator__class_weight': None, 'estimator__criterion': 'gini', 'estimator__max_depth': 7, 'estimator__max_features': 'auto', 'estimator__max_leaf_nodes': None, 'estimator__max_samples': None, 'estimator__min_impurity_decrease': 0.0, 'estimator__min_impurity_split': None, 'estimator__min_samples_leaf': 1, 'estimator__min_samples_split': 2, 'estimator__min_weight_fraction_leaf': 0.0, 'estimator__n_estimators': 200, 'estimator__n_jobs': None, 'estimator__oob_score': False, 'estimator__random_state': 43, 'estimator__verbose': 0, 'estimator__warm_start': False, 'estimator': RandomForestClassifier(max_depth=7, n_estimators=200, random_state=43), 'importance_getter': 'auto', 'max_features': None, 'norm_order': 1, 'prefit': True, 'threshold': None}
2022-11-28 14:46:20.147 | WARNING  | __main__:<module>:39 - 0.704	0.727	0.653	0.688
2022-11-28 14:46:20.542 | WARNING  | __main__:<module>:39 - 0.796	0.822	0.755	0.787
2022-11-28 14:46:20.957 | WARNING  | __main__:<module>:39 - 0.724	0.69	0.816	0.748
2022-11-28 14:46:21.331 | WARNING  | __main__:<module>:39 - 0.755	0.755	0.755	0.755
2022-11-28 14:46:21.838 | WARNING  | __main__:<module>:39 - 0.755	0.736	0.796	0.765
2022-11-28 14:46:22.228 | WARNING  | __main__:<module>:39 - 0.776	0.787	0.755	0.771
2022-11-28 14:46:22.582 | WARNING  | __main__:<module>:39 - 0.742	0.795	0.646	0.713
2022-11-28 14:46:22.939 | WARNING  | __main__:<module>:39 - 0.742	0.735	0.75	0.742
2022-11-28 14:46:23.297 | WARNING  | __main__:<module>:39 - 0.794	0.764	0.857	0.808
2022-11-28 14:46:23.659 | WARNING  | __main__:<module>:39 - 0.742	0.786	0.673	0.725
2022-11-28 14:46:23.660 | WARNING  | __main__:<module>:41 - accuracy		mean:0.753	std:0.028
2022-11-28 14:46:23.662 | WARNING  | __main__:<module>:42 - precision		mean:0.76	std:0.037
2022-11-28 14:46:23.662 | WARNING  | __main__:<module>:43 - recall		mean:0.746	std:0.066
2022-11-28 14:46:23.663 | WARNING  | __main__:<module>:44 - f1		mean:0.75	std:0.034
2022-11-28 14:46:30.039 | WARNING  | __main__:<module>:26 - {'estimator__bootstrap': True, 'estimator__ccp_alpha': 0.0, 'estimator__class_weight': None, 'estimator__criterion': 'gini', 'estimator__max_depth': 7, 'estimator__max_features': 'auto', 'estimator__max_leaf_nodes': None, 'estimator__max_samples': None, 'estimator__min_impurity_decrease': 0.0, 'estimator__min_impurity_split': None, 'estimator__min_samples_leaf': 1, 'estimator__min_samples_split': 2, 'estimator__min_weight_fraction_leaf': 0.0, 'estimator__n_estimators': 200, 'estimator__n_jobs': None, 'estimator__oob_score': False, 'estimator__random_state': 43, 'estimator__verbose': 0, 'estimator__warm_start': False, 'estimator': RandomForestClassifier(max_depth=7, n_estimators=200, random_state=43), 'importance_getter': 'auto', 'max_features': None, 'norm_order': 1, 'prefit': True, 'threshold': None}
2022-11-28 14:46:30.487 | WARNING  | __main__:<module>:39 - 0.704	0.727	0.653	0.688
2022-11-28 14:46:30.860 | WARNING  | __main__:<module>:39 - 0.796	0.822	0.755	0.787
2022-11-28 14:46:31.289 | WARNING  | __main__:<module>:39 - 0.724	0.69	0.816	0.748
2022-11-28 14:46:31.650 | WARNING  | __main__:<module>:39 - 0.755	0.755	0.755	0.755
2022-11-28 14:46:32.016 | WARNING  | __main__:<module>:39 - 0.755	0.736	0.796	0.765
2022-11-28 14:46:32.394 | WARNING  | __main__:<module>:39 - 0.776	0.787	0.755	0.771
2022-11-28 14:46:32.773 | WARNING  | __main__:<module>:39 - 0.742	0.795	0.646	0.713
2022-11-28 14:46:33.141 | WARNING  | __main__:<module>:39 - 0.742	0.735	0.75	0.742
2022-11-28 14:46:33.507 | WARNING  | __main__:<module>:39 - 0.794	0.764	0.857	0.808
2022-11-28 14:46:33.872 | WARNING  | __main__:<module>:39 - 0.742	0.786	0.673	0.725
2022-11-28 14:46:33.874 | WARNING  | __main__:<module>:41 - accuracy		mean:0.753	std:0.028
2022-11-28 14:46:33.875 | WARNING  | __main__:<module>:42 - precision		mean:0.76	std:0.037
2022-11-28 14:46:33.875 | WARNING  | __main__:<module>:43 - recall		mean:0.746	std:0.066
2022-11-28 14:46:33.877 | WARNING  | __main__:<module>:44 - f1		mean:0.75	std:0.034
2022-11-28 14:46:37.638 | INFO     | __main__:<module>:3 - 测试集指标:0.612	0.676	0.667	0.671
2022-11-28 14:49:39.151 | INFO     | __main__:<module>:44 - 使用嵌入法 RandomForestClassifier 进行特征选择,剩余(1022, 18)个特征
2022-11-28 14:49:39.152 | INFO     | __main__:<module>:45 - 剩余的特征为:['age', 'weight', 'diabetic nephropathy', 'albumin', 'total bilirubin', 'urea', 'creatinine', 'Uric Acid', 'total cholesterol', 'glycosylated hemoglobin', 'activated partial thromboplastin time', 'urine protein quantity', '24h urine protein quantity', 'Diabetes duration', 'C2/C0', 'NLR', 'PLR', 'HOMA-IR']
2022-11-28 14:49:39.153 | INFO     | __main__:<module>:52 - 使用 SMOTETomek 混合采样
2022-11-28 14:49:39.154 | INFO     | __main__:<module>:55 - 数据平衡前：非DPN组有422条,DPN组有600条
2022-11-28 14:49:39.185 | INFO     | __main__:<module>:57 - 数据平衡后：非DPN组有569条,DPN组有569条
2022-11-28 14:49:39.329 | WARNING  | __main__:<module>:26 - {'estimator__bootstrap': True, 'estimator__ccp_alpha': 0.0, 'estimator__class_weight': None, 'estimator__criterion': 'gini', 'estimator__max_depth': 7, 'estimator__max_features': 'auto', 'estimator__max_leaf_nodes': None, 'estimator__max_samples': None, 'estimator__min_impurity_decrease': 0.0, 'estimator__min_impurity_split': None, 'estimator__min_samples_leaf': 1, 'estimator__min_samples_split': 2, 'estimator__min_weight_fraction_leaf': 0.0, 'estimator__n_estimators': 200, 'estimator__n_jobs': None, 'estimator__oob_score': False, 'estimator__random_state': 43, 'estimator__verbose': 0, 'estimator__warm_start': False, 'estimator': RandomForestClassifier(max_depth=7, n_estimators=200, random_state=43), 'importance_getter': 'auto', 'max_features': None, 'norm_order': 1, 'prefit': True, 'threshold': None}
2022-11-28 14:49:39.761 | WARNING  | __main__:<module>:39 - 0.693	0.729	0.614	0.667
2022-11-28 14:49:40.186 | WARNING  | __main__:<module>:39 - 0.754	0.746	0.772	0.759
2022-11-28 14:49:40.588 | WARNING  | __main__:<module>:39 - 0.711	0.731	0.667	0.697
2022-11-28 14:49:41.003 | WARNING  | __main__:<module>:39 - 0.684	0.691	0.667	0.679
2022-11-28 14:49:41.409 | WARNING  | __main__:<module>:39 - 0.746	0.733	0.772	0.752
2022-11-28 14:49:41.825 | WARNING  | __main__:<module>:39 - 0.728	0.732	0.719	0.726
2022-11-28 14:49:42.244 | WARNING  | __main__:<module>:39 - 0.798	0.758	0.877	0.813
2022-11-28 14:49:42.664 | WARNING  | __main__:<module>:39 - 0.684	0.698	0.649	0.673
2022-11-28 14:49:43.089 | WARNING  | __main__:<module>:39 - 0.735	0.741	0.714	0.727
2022-11-28 14:49:43.519 | WARNING  | __main__:<module>:39 - 0.726	0.703	0.789	0.744
2022-11-28 14:49:43.521 | WARNING  | __main__:<module>:41 - accuracy		mean:0.726	std:0.034
2022-11-28 14:49:43.522 | WARNING  | __main__:<module>:42 - precision		mean:0.726	std:0.021
2022-11-28 14:49:43.523 | WARNING  | __main__:<module>:43 - recall		mean:0.724	std:0.075
2022-11-28 14:49:43.524 | WARNING  | __main__:<module>:44 - f1		mean:0.724	std:0.044
2022-11-28 14:49:44.132 | INFO     | __main__:<module>:3 - 测试集指标:0.684	0.713	0.757	0.734
2022-11-28 14:50:32.156 | INFO     | __main__:<module>:21 - 调参结束，最佳结果为:0.7531176225524233
2022-11-28 14:50:32.157 | INFO     | __main__:<module>:22 - 调参结束，最佳参数为:{'C': 0.9747472700071718, 'gamma': 0.4828829369278085}
2022-11-28 14:50:32.238 | WARNING  | __main__:<module>:6 - {'C': 0.9747472700071718, 'break_ties': False, 'cache_size': 200, 'class_weight': None, 'coef0': 0.0, 'decision_function_shape': 'ovr', 'degree': 3, 'gamma': 0.4828829369278085, 'kernel': 'rbf', 'max_iter': -1, 'probability': True, 'random_state': 43, 'shrinking': True, 'tol': 0.001, 'verbose': False}
2022-11-28 14:50:32.517 | WARNING  | __main__:<module>:19 - 0.807	0.761	0.895	0.823
2022-11-28 14:50:32.787 | WARNING  | __main__:<module>:19 - 0.746	0.706	0.842	0.768
2022-11-28 14:50:33.053 | WARNING  | __main__:<module>:19 - 0.754	0.71	0.86	0.778
2022-11-28 14:50:33.319 | WARNING  | __main__:<module>:19 - 0.807	0.769	0.877	0.82
2022-11-28 14:50:33.583 | WARNING  | __main__:<module>:19 - 0.728	0.681	0.86	0.76
2022-11-28 14:50:33.857 | WARNING  | __main__:<module>:19 - 0.781	0.758	0.825	0.79
2022-11-28 14:50:34.132 | WARNING  | __main__:<module>:19 - 0.754	0.73	0.807	0.767
2022-11-28 14:50:34.400 | WARNING  | __main__:<module>:19 - 0.763	0.734	0.825	0.777
2022-11-28 14:50:34.665 | WARNING  | __main__:<module>:19 - 0.788	0.75	0.857	0.8
2022-11-28 14:50:34.937 | WARNING  | __main__:<module>:19 - 0.735	0.68	0.895	0.773
2022-11-28 14:50:34.938 | WARNING  | __main__:<module>:21 - 验证集:accuracy	mean:0.766	std:0.027
2022-11-28 14:50:34.940 | WARNING  | __main__:<module>:22 - 验证集:precision	mean:0.728	std:0.031
2022-11-28 14:50:34.940 | WARNING  | __main__:<module>:23 - 验证集:recall		mean:0.854	std:0.028
2022-11-28 14:50:34.941 | WARNING  | __main__:<module>:24 - 验证集:f1	mean:0.785	std:0.021
2022-11-28 14:50:35.343 | INFO     | __main__:<module>:3 - 测试集指标:0.664	0.648	0.919	0.76
2022-11-28 14:51:44.950 | INFO     | __main__:<module>:16 - 调参结束，最佳结果为:0.7047956302365413
2022-11-28 14:51:44.951 | INFO     | __main__:<module>:17 - 调参结束，最佳参数为:{'penalty': 'none', 'C': 0.00038752872779618193, 'max_iter': 586}
2022-11-28 14:51:45.010 | WARNING  | __main__:<module>:15 - {'C': 0.00038752872779618193, 'class_weight': None, 'dual': False, 'fit_intercept': True, 'intercept_scaling': 1, 'l1_ratio': None, 'max_iter': 586, 'multi_class': 'auto', 'n_jobs': None, 'penalty': 'none', 'random_state': None, 'solver': 'lbfgs', 'tol': 0.0001, 'verbose': 0, 'warm_start': False}
2022-11-28 14:51:45.026 | WARNING  | __main__:<module>:28 - 0.728	0.724	0.737	0.73
2022-11-28 14:51:45.038 | WARNING  | __main__:<module>:28 - 0.658	0.65	0.684	0.667
2022-11-28 14:51:45.052 | WARNING  | __main__:<module>:28 - 0.684	0.706	0.632	0.667
2022-11-28 14:51:45.066 | WARNING  | __main__:<module>:28 - 0.684	0.698	0.649	0.673
2022-11-28 14:51:45.081 | WARNING  | __main__:<module>:28 - 0.728	0.724	0.737	0.73
2022-11-28 14:51:45.096 | WARNING  | __main__:<module>:28 - 0.667	0.673	0.649	0.661
2022-11-28 14:51:45.109 | WARNING  | __main__:<module>:28 - 0.667	0.667	0.667	0.667
2022-11-28 14:51:45.121 | WARNING  | __main__:<module>:28 - 0.684	0.691	0.667	0.679
2022-11-28 14:51:45.133 | WARNING  | __main__:<module>:28 - 0.699	0.704	0.679	0.691
2022-11-28 14:51:45.147 | WARNING  | __main__:<module>:28 - 0.681	0.691	0.667	0.679
2022-11-28 14:51:45.148 | WARNING  | __main__:<module>:30 - 验证集:accuracy	mean:0.688	std:0.023
2022-11-28 14:51:45.149 | WARNING  | __main__:<module>:31 - 验证集:precision	mean:0.693	std:0.023
2022-11-28 14:51:45.149 | WARNING  | __main__:<module>:32 - 验证集:recall		mean:0.677	std:0.033
2022-11-28 14:51:45.150 | WARNING  | __main__:<module>:33 - 验证集:f1	mean:0.684	std:0.024
2022-11-28 14:51:45.194 | INFO     | __main__:<module>:3 - 测试集指标:0.699	0.763	0.696	0.728
2022-11-28 14:53:58.502 | INFO     | __main__:<module>:20 - 调参结束，最佳结果为:0.7294148960792483
2022-11-28 14:53:58.503 | INFO     | __main__:<module>:21 - 调参结束，最佳参数为:{'n_estimators': 207, 'max_depth': 14, 'min_samples_split': 3}
2022-11-28 14:53:58.605 | WARNING  | __main__:<module>:11 - {'estimator__bootstrap': True, 'estimator__ccp_alpha': 0.0, 'estimator__class_weight': None, 'estimator__criterion': 'gini', 'estimator__max_depth': 7, 'estimator__max_features': 'auto', 'estimator__max_leaf_nodes': None, 'estimator__max_samples': None, 'estimator__min_impurity_decrease': 0.0, 'estimator__min_impurity_split': None, 'estimator__min_samples_leaf': 1, 'estimator__min_samples_split': 2, 'estimator__min_weight_fraction_leaf': 0.0, 'estimator__n_estimators': 200, 'estimator__n_jobs': None, 'estimator__oob_score': False, 'estimator__random_state': 43, 'estimator__verbose': 0, 'estimator__warm_start': False, 'estimator': RandomForestClassifier(max_depth=7, n_estimators=200, random_state=43), 'importance_getter': 'auto', 'max_features': None, 'norm_order': 1, 'prefit': True, 'threshold': None}
2022-11-28 14:53:59.069 | WARNING  | __main__:<module>:24 - 0.754	0.796	0.684	0.736
2022-11-28 14:53:59.519 | WARNING  | __main__:<module>:24 - 0.711	0.731	0.667	0.697
2022-11-28 14:53:59.970 | WARNING  | __main__:<module>:24 - 0.728	0.76	0.667	0.71
2022-11-28 14:54:00.420 | WARNING  | __main__:<module>:24 - 0.737	0.755	0.702	0.727
2022-11-28 14:54:00.872 | WARNING  | __main__:<module>:24 - 0.789	0.78	0.807	0.793
2022-11-28 14:54:01.322 | WARNING  | __main__:<module>:24 - 0.798	0.827	0.754	0.789
2022-11-28 14:54:01.777 | WARNING  | __main__:<module>:24 - 0.789	0.77	0.825	0.797
2022-11-28 14:54:02.233 | WARNING  | __main__:<module>:24 - 0.684	0.714	0.614	0.66
2022-11-28 14:54:02.685 | WARNING  | __main__:<module>:24 - 0.788	0.82	0.732	0.774
2022-11-28 14:54:03.140 | WARNING  | __main__:<module>:24 - 0.726	0.717	0.754	0.735
2022-11-28 14:54:03.141 | WARNING  | __main__:<module>:26 - 验证集:accuracy	mean:0.75	std:0.037
2022-11-28 14:54:03.142 | WARNING  | __main__:<module>:27 - 验证集:precision	mean:0.767	std:0.038
2022-11-28 14:54:03.142 | WARNING  | __main__:<module>:28 - 验证集:recall		mean:0.721	std:0.063
2022-11-28 14:54:03.143 | WARNING  | __main__:<module>:29 - 验证集:f1	mean:0.742	std:0.043
2022-11-28 14:54:03.680 | INFO     | __main__:<module>:3 - 测试集 accuracy=0.715	precision=0.736	recall=0.791	f1=0.762
2022-11-28 14:54:11.073 | INFO     | __main__:<module>:15 - 调参结束，最佳结果为:0.6450492987085127
2022-11-28 14:54:11.074 | INFO     | __main__:<module>:16 - 调参结束，最佳参数为:{'criterion': 'entropy', 'max_depth': 9}
2022-11-28 14:54:11.133 | WARNING  | __main__:<module>:14 - {'ccp_alpha': 0.0, 'class_weight': None, 'criterion': 'entropy', 'max_depth': 9, 'max_features': None, 'max_leaf_nodes': None, 'min_impurity_decrease': 0.0, 'min_impurity_split': None, 'min_samples_leaf': 1, 'min_samples_split': 2, 'min_weight_fraction_leaf': 0.0, 'random_state': 43, 'splitter': 'best'}
2022-11-28 14:54:11.153 | WARNING  | __main__:<module>:27 - 0.702	0.689	0.737	0.712
2022-11-28 14:54:11.174 | WARNING  | __main__:<module>:27 - 0.649	0.673	0.579	0.623
2022-11-28 14:54:11.194 | WARNING  | __main__:<module>:27 - 0.614	0.659	0.474	0.551
2022-11-28 14:54:11.213 | WARNING  | __main__:<module>:27 - 0.693	0.712	0.649	0.679
2022-11-28 14:54:11.232 | WARNING  | __main__:<module>:27 - 0.772	0.86	0.649	0.74
2022-11-28 14:54:11.252 | WARNING  | __main__:<module>:27 - 0.693	0.75	0.579	0.653
2022-11-28 14:54:11.271 | WARNING  | __main__:<module>:27 - 0.684	0.723	0.596	0.654
2022-11-28 14:54:11.291 | WARNING  | __main__:<module>:27 - 0.649	0.689	0.544	0.608
2022-11-28 14:54:11.309 | WARNING  | __main__:<module>:27 - 0.779	0.86	0.661	0.747
2022-11-28 14:54:11.327 | WARNING  | __main__:<module>:27 - 0.673	0.7	0.614	0.654
2022-11-28 14:54:11.327 | WARNING  | __main__:<module>:29 - 验证集:accuracy	mean:0.691	std:0.049
2022-11-28 14:54:11.328 | WARNING  | __main__:<module>:30 - 验证集:precision	mean:0.732	std:0.069
2022-11-28 14:54:11.330 | WARNING  | __main__:<module>:31 - 验证集:recall		mean:0.608	std:0.068
2022-11-28 14:54:11.330 | WARNING  | __main__:<module>:32 - 验证集:f1	mean:0.662	std:0.058
2022-11-28 14:54:11.411 | INFO     | __main__:<module>:3 - 测试集指标:0.625	0.676	0.676	0.676
2022-11-28 14:54:11.811 | WARNING  | __main__:<module>:19 - 0.711	0.9	0.474	0.621
2022-11-28 14:54:11.824 | WARNING  | __main__:<module>:19 - 0.702	0.848	0.491	0.622
2022-11-28 14:54:11.838 | WARNING  | __main__:<module>:19 - 0.711	0.9	0.474	0.621
2022-11-28 14:54:11.853 | WARNING  | __main__:<module>:19 - 0.684	0.889	0.421	0.571
2022-11-28 14:54:11.866 | WARNING  | __main__:<module>:19 - 0.746	0.889	0.561	0.688
2022-11-28 14:54:11.880 | WARNING  | __main__:<module>:19 - 0.667	0.852	0.404	0.548
2022-11-28 14:54:11.893 | WARNING  | __main__:<module>:19 - 0.588	0.727	0.281	0.405
2022-11-28 14:54:11.904 | WARNING  | __main__:<module>:19 - 0.649	0.87	0.351	0.5
2022-11-28 14:54:11.914 | WARNING  | __main__:<module>:19 - 0.673	1.0	0.339	0.507
2022-11-28 14:54:11.924 | WARNING  | __main__:<module>:19 - 0.69	0.824	0.491	0.615
2022-11-28 14:54:11.925 | WARNING  | __main__:<module>:21 - accuracy		mean:0.682	std:0.041
2022-11-28 14:54:11.926 | WARNING  | __main__:<module>:22 - precision		mean:0.87	std:0.065
2022-11-28 14:54:11.927 | WARNING  | __main__:<module>:23 - recall		mean:0.429	std:0.081
2022-11-28 14:54:11.928 | WARNING  | __main__:<module>:24 - f1		mean:0.57	std:0.078
2022-11-28 14:54:12.001 | INFO     | __main__:<module>:3 - 测试集指标:0.586	0.769	0.405	0.531
2022-11-28 14:54:12.431 | WARNING  | __main__:<module>:19 - 0.658	0.909	0.351	0.506
2022-11-28 14:54:12.439 | WARNING  | __main__:<module>:19 - 0.605	0.731	0.333	0.458
2022-11-28 14:54:12.449 | WARNING  | __main__:<module>:19 - 0.561	0.667	0.246	0.359
2022-11-28 14:54:12.459 | WARNING  | __main__:<module>:19 - 0.561	0.733	0.193	0.306
2022-11-28 14:54:12.469 | WARNING  | __main__:<module>:19 - 0.623	0.792	0.333	0.469
2022-11-28 14:54:12.477 | WARNING  | __main__:<module>:19 - 0.588	0.857	0.211	0.338
2022-11-28 14:54:12.484 | WARNING  | __main__:<module>:19 - 0.632	0.759	0.386	0.512
2022-11-28 14:54:12.492 | WARNING  | __main__:<module>:19 - 0.561	0.706	0.211	0.324
2022-11-28 14:54:12.501 | WARNING  | __main__:<module>:19 - 0.593	0.812	0.232	0.361
2022-11-28 14:54:12.509 | WARNING  | __main__:<module>:19 - 0.584	0.727	0.281	0.405
2022-11-28 14:54:12.510 | WARNING  | __main__:<module>:21 - accuracy		mean:0.597	std:0.031
2022-11-28 14:54:12.511 | WARNING  | __main__:<module>:22 - precision		mean:0.769	std:0.07
2022-11-28 14:54:12.512 | WARNING  | __main__:<module>:23 - recall		mean:0.278	std:0.065
2022-11-28 14:54:12.513 | WARNING  | __main__:<module>:24 - f1		mean:0.404	std:0.073
2022-11-28 14:54:12.574 | INFO     | __main__:<module>:3 - 测试集指标:0.586	0.769	0.405	0.531
