2022-11-19 19:25:26.260 | INFO     | __main__:<module>:80 - 使用嵌入法 RandomForestClassifier 进行特征选择,剩余(1278, 16)个特征
2022-11-19 19:25:26.261 | INFO     | __main__:<module>:90 - 剩余的特征是：['age', 'hemoglobin', 'albumin', 'total bilirubin', 'urea', 'creatinine', 'Uric Acid', 'total cholesterol', 'glycosylated hemoglobin', 'activated partial thromboplastin time', 'urine protein quantity', '24h urine protein quantity', 'Diabetes duration', 'C2/C0', 'NLR', 'HOMA-IR']
2022-11-19 19:25:26.276 | INFO     | __main__:<module>:111 - 使用 SMOTETomek 混合采样
2022-11-19 19:25:26.277 | INFO     | __main__:<module>:115 - 数据平衡前：非DPN组有530条,DPN组有748条
2022-11-19 19:25:26.322 | INFO     | __main__:<module>:117 - 数据平衡后：非DPN组有700条,DPN组有700条
2022-11-19 19:25:26.723 | WARNING  | __main__:<module>:26 - {'estimator__bootstrap': True, 'estimator__ccp_alpha': 0.0, 'estimator__class_weight': None, 'estimator__criterion': 'gini', 'estimator__max_depth': 9, 'estimator__max_features': 'auto', 'estimator__max_leaf_nodes': None, 'estimator__max_samples': None, 'estimator__min_impurity_decrease': 0.0, 'estimator__min_impurity_split': None, 'estimator__min_samples_leaf': 1, 'estimator__min_samples_split': 2, 'estimator__min_weight_fraction_leaf': 0.0, 'estimator__n_estimators': 200, 'estimator__n_jobs': None, 'estimator__oob_score': False, 'estimator__random_state': 43, 'estimator__verbose': 0, 'estimator__warm_start': False, 'estimator': RandomForestClassifier(max_depth=9, n_estimators=200, random_state=43), 'importance_getter': 'auto', 'max_features': None, 'norm_order': 1, 'prefit': True, 'threshold': None}
2022-11-19 19:25:28.032 | WARNING  | __main__:<module>:40 - 0.686	0.717	0.614	0.662
2022-11-19 19:25:28.587 | WARNING  | __main__:<module>:40 - 0.786	0.833	0.714	0.769
2022-11-19 19:25:29.176 | WARNING  | __main__:<module>:40 - 0.757	0.773	0.729	0.75
2022-11-19 19:25:29.717 | WARNING  | __main__:<module>:40 - 0.8	0.809	0.786	0.797
2022-11-19 19:25:30.272 | WARNING  | __main__:<module>:40 - 0.707	0.723	0.671	0.696
2022-11-19 19:25:30.788 | WARNING  | __main__:<module>:40 - 0.793	0.797	0.786	0.791
2022-11-19 19:25:31.338 | WARNING  | __main__:<module>:40 - 0.743	0.758	0.714	0.735
2022-11-19 19:25:31.851 | WARNING  | __main__:<module>:40 - 0.771	0.797	0.729	0.761
2022-11-19 19:25:32.454 | WARNING  | __main__:<module>:40 - 0.757	0.781	0.714	0.746
2022-11-19 19:25:33.015 | WARNING  | __main__:<module>:40 - 0.814	0.789	0.857	0.822
2022-11-19 19:25:33.016 | WARNING  | __main__:<module>:42 - accuracy		mean:0.761	std:0.039
2022-11-19 19:25:33.017 | WARNING  | __main__:<module>:43 - precision		mean:0.778	std:0.035
2022-11-19 19:25:33.019 | WARNING  | __main__:<module>:44 - recall		mean:0.731	std:0.063
2022-11-19 19:25:33.020 | WARNING  | __main__:<module>:45 - f1		mean:0.753	std:0.045
2022-11-19 19:25:35.064 | WARNING  | __main__:<module>:6 - {'C': 0.9899203552790449, 'break_ties': False, 'cache_size': 200, 'class_weight': None, 'coef0': 0.0, 'decision_function_shape': 'ovr', 'degree': 3, 'gamma': 0.8098439704037791, 'kernel': 'rbf', 'max_iter': -1, 'probability': True, 'random_state': 43, 'shrinking': True, 'tol': 0.001, 'verbose': False}
2022-11-19 19:25:35.500 | WARNING  | __main__:<module>:19 - 0.729	0.682	0.857	0.759
2022-11-19 19:25:35.924 | WARNING  | __main__:<module>:19 - 0.764	0.695	0.943	0.8
2022-11-19 19:25:36.351 | WARNING  | __main__:<module>:19 - 0.807	0.747	0.929	0.828
2022-11-19 19:25:36.782 | WARNING  | __main__:<module>:19 - 0.757	0.696	0.914	0.79
2022-11-19 19:25:37.224 | WARNING  | __main__:<module>:19 - 0.8	0.75	0.9	0.818
2022-11-19 19:25:37.647 | WARNING  | __main__:<module>:19 - 0.8	0.733	0.943	0.825
2022-11-19 19:25:38.079 | WARNING  | __main__:<module>:19 - 0.786	0.727	0.914	0.81
2022-11-19 19:25:38.502 | WARNING  | __main__:<module>:19 - 0.793	0.753	0.871	0.808
2022-11-19 19:25:38.921 | WARNING  | __main__:<module>:19 - 0.779	0.729	0.886	0.8
2022-11-19 19:25:39.345 | WARNING  | __main__:<module>:19 - 0.764	0.713	0.886	0.79
2022-11-19 19:25:39.346 | WARNING  | __main__:<module>:21 - accuracy		mean:0.778	std:0.023
2022-11-19 19:25:39.347 | WARNING  | __main__:<module>:22 - precision		mean:0.723	std:0.024
2022-11-19 19:25:39.347 | WARNING  | __main__:<module>:23 - recall		mean:0.904	std:0.028
2022-11-19 19:25:39.349 | WARNING  | __main__:<module>:24 - f1		mean:0.803	std:0.019
2022-11-19 19:25:40.154 | WARNING  | __main__:<module>:15 - {'C': 0.3856279932385604, 'class_weight': None, 'dual': False, 'fit_intercept': True, 'intercept_scaling': 1, 'l1_ratio': None, 'max_iter': 617, 'multi_class': 'auto', 'n_jobs': None, 'penalty': 'none', 'random_state': 43, 'solver': 'lbfgs', 'tol': 0.0001, 'verbose': 0, 'warm_start': False}
2022-11-19 19:25:40.170 | WARNING  | __main__:<module>:28 - 0.629	0.645	0.571	0.606
2022-11-19 19:25:40.183 | WARNING  | __main__:<module>:28 - 0.65	0.657	0.629	0.642
2022-11-19 19:25:40.197 | WARNING  | __main__:<module>:28 - 0.671	0.688	0.629	0.657
2022-11-19 19:25:40.210 | WARNING  | __main__:<module>:28 - 0.671	0.676	0.657	0.667
2022-11-19 19:25:40.225 | WARNING  | __main__:<module>:28 - 0.679	0.671	0.7	0.685
2022-11-19 19:25:40.241 | WARNING  | __main__:<module>:28 - 0.721	0.725	0.714	0.719
2022-11-19 19:25:40.255 | WARNING  | __main__:<module>:28 - 0.7	0.733	0.629	0.677
2022-11-19 19:25:40.271 | WARNING  | __main__:<module>:28 - 0.657	0.649	0.686	0.667
2022-11-19 19:25:40.285 | WARNING  | __main__:<module>:28 - 0.75	0.769	0.714	0.741
2022-11-19 19:25:40.300 | WARNING  | __main__:<module>:28 - 0.743	0.743	0.743	0.743
2022-11-19 19:25:40.301 | WARNING  | __main__:<module>:30 - accuracy		mean:0.687	std:0.038
2022-11-19 19:25:40.302 | WARNING  | __main__:<module>:31 - precision		mean:0.696	std:0.041
2022-11-19 19:25:40.302 | WARNING  | __main__:<module>:32 - recall		mean:0.667	std:0.05
2022-11-19 19:25:40.303 | WARNING  | __main__:<module>:33 - f1		mean:0.68	std:0.041
2022-11-19 19:25:40.711 | WARNING  | __main__:<module>:11 - {'estimator__bootstrap': True, 'estimator__ccp_alpha': 0.0, 'estimator__class_weight': None, 'estimator__criterion': 'gini', 'estimator__max_depth': 9, 'estimator__max_features': 'auto', 'estimator__max_leaf_nodes': None, 'estimator__max_samples': None, 'estimator__min_impurity_decrease': 0.0, 'estimator__min_impurity_split': None, 'estimator__min_samples_leaf': 1, 'estimator__min_samples_split': 2, 'estimator__min_weight_fraction_leaf': 0.0, 'estimator__n_estimators': 200, 'estimator__n_jobs': None, 'estimator__oob_score': False, 'estimator__random_state': 43, 'estimator__verbose': 0, 'estimator__warm_start': False, 'estimator': RandomForestClassifier(max_depth=9, n_estimators=200, random_state=43), 'importance_getter': 'auto', 'max_features': None, 'norm_order': 1, 'prefit': True, 'threshold': None}
2022-11-19 19:25:41.919 | WARNING  | __main__:<module>:24 - 0.729	0.796	0.614	0.694
2022-11-19 19:25:43.143 | WARNING  | __main__:<module>:24 - 0.743	0.766	0.7	0.731
2022-11-19 19:25:44.323 | WARNING  | __main__:<module>:24 - 0.7	0.741	0.614	0.672
2022-11-19 19:25:45.563 | WARNING  | __main__:<module>:24 - 0.714	0.75	0.643	0.692
2022-11-19 19:25:46.767 | WARNING  | __main__:<module>:24 - 0.736	0.754	0.7	0.726
2022-11-19 19:25:47.956 | WARNING  | __main__:<module>:24 - 0.793	0.825	0.743	0.782
2022-11-19 19:25:49.170 | WARNING  | __main__:<module>:24 - 0.743	0.774	0.686	0.727
2022-11-19 19:25:50.361 | WARNING  | __main__:<module>:24 - 0.771	0.797	0.729	0.761
2022-11-19 19:25:51.556 | WARNING  | __main__:<module>:24 - 0.75	0.787	0.686	0.733
2022-11-19 19:25:52.729 | WARNING  | __main__:<module>:24 - 0.786	0.778	0.8	0.789
2022-11-19 19:25:52.730 | WARNING  | __main__:<module>:26 - accuracy		mean:0.746	std:0.028
2022-11-19 19:25:52.731 | WARNING  | __main__:<module>:27 - precision		mean:0.777	std:0.024
2022-11-19 19:25:52.732 | WARNING  | __main__:<module>:28 - recall		mean:0.691	std:0.055
2022-11-19 19:25:52.732 | WARNING  | __main__:<module>:29 - f1		mean:0.731	std:0.036
2022-11-19 19:25:54.267 | WARNING  | __main__:<module>:14 - {'ccp_alpha': 0.0, 'class_weight': None, 'criterion': 'entropy', 'max_depth': 16, 'max_features': None, 'max_leaf_nodes': None, 'min_impurity_decrease': 0.0, 'min_impurity_split': None, 'min_samples_leaf': 1, 'min_samples_split': 2, 'min_weight_fraction_leaf': 0.0, 'random_state': 43, 'splitter': 'best'}
2022-11-19 19:25:54.297 | WARNING  | __main__:<module>:27 - 0.657	0.677	0.6	0.636
2022-11-19 19:25:54.322 | WARNING  | __main__:<module>:27 - 0.743	0.766	0.7	0.731
2022-11-19 19:25:54.345 | WARNING  | __main__:<module>:27 - 0.693	0.701	0.671	0.686
2022-11-19 19:25:54.368 | WARNING  | __main__:<module>:27 - 0.643	0.661	0.586	0.621
2022-11-19 19:25:54.395 | WARNING  | __main__:<module>:27 - 0.693	0.685	0.714	0.699
2022-11-19 19:25:54.422 | WARNING  | __main__:<module>:27 - 0.679	0.719	0.586	0.646
2022-11-19 19:25:54.446 | WARNING  | __main__:<module>:27 - 0.643	0.672	0.557	0.609
2022-11-19 19:25:54.472 | WARNING  | __main__:<module>:27 - 0.707	0.754	0.614	0.677
2022-11-19 19:25:54.496 | WARNING  | __main__:<module>:27 - 0.7	0.689	0.729	0.708
2022-11-19 19:25:54.524 | WARNING  | __main__:<module>:27 - 0.721	0.738	0.686	0.711
2022-11-19 19:25:54.525 | WARNING  | __main__:<module>:29 - accuracy		mean:0.688	std:0.031
2022-11-19 19:25:54.525 | WARNING  | __main__:<module>:30 - precision		mean:0.706	std:0.034
2022-11-19 19:25:54.526 | WARNING  | __main__:<module>:31 - recall		mean:0.644	std:0.059
2022-11-19 19:25:54.527 | WARNING  | __main__:<module>:32 - f1		mean:0.673	std:0.04
2022-11-19 19:25:55.015 | WARNING  | __main__:<module>:19 - 0.643	0.857	0.343	0.49
2022-11-19 19:25:55.033 | WARNING  | __main__:<module>:19 - 0.729	0.944	0.486	0.642
2022-11-19 19:25:55.047 | WARNING  | __main__:<module>:19 - 0.664	0.795	0.443	0.569
2022-11-19 19:25:55.062 | WARNING  | __main__:<module>:19 - 0.629	0.781	0.357	0.49
2022-11-19 19:25:55.077 | WARNING  | __main__:<module>:19 - 0.736	0.923	0.514	0.661
2022-11-19 19:25:55.089 | WARNING  | __main__:<module>:19 - 0.736	0.946	0.5	0.654
2022-11-19 19:25:55.105 | WARNING  | __main__:<module>:19 - 0.643	0.763	0.414	0.537
2022-11-19 19:25:55.120 | WARNING  | __main__:<module>:19 - 0.707	0.914	0.457	0.61
2022-11-19 19:25:55.135 | WARNING  | __main__:<module>:19 - 0.721	0.83	0.557	0.667
2022-11-19 19:25:55.148 | WARNING  | __main__:<module>:19 - 0.714	0.857	0.514	0.643
2022-11-19 19:25:55.149 | WARNING  | __main__:<module>:21 - accuracy		mean:0.692	std:0.04
2022-11-19 19:25:55.150 | WARNING  | __main__:<module>:22 - precision		mean:0.861	std:0.065
2022-11-19 19:25:55.151 | WARNING  | __main__:<module>:23 - recall		mean:0.459	std:0.067
2022-11-19 19:25:55.152 | WARNING  | __main__:<module>:24 - f1		mean:0.596	std:0.066
2022-11-19 19:25:55.579 | WARNING  | __main__:<module>:19 - 0.579	0.739	0.243	0.366
2022-11-19 19:25:55.590 | WARNING  | __main__:<module>:19 - 0.571	0.708	0.243	0.362
2022-11-19 19:25:55.600 | WARNING  | __main__:<module>:19 - 0.564	0.765	0.186	0.299
2022-11-19 19:25:55.610 | WARNING  | __main__:<module>:19 - 0.629	0.8	0.343	0.48
2022-11-19 19:25:55.619 | WARNING  | __main__:<module>:19 - 0.593	0.76	0.271	0.4
2022-11-19 19:25:55.628 | WARNING  | __main__:<module>:19 - 0.586	0.75	0.257	0.383
2022-11-19 19:25:55.636 | WARNING  | __main__:<module>:19 - 0.593	0.783	0.257	0.387
2022-11-19 19:25:55.644 | WARNING  | __main__:<module>:19 - 0.6	0.792	0.271	0.404
2022-11-19 19:25:55.652 | WARNING  | __main__:<module>:19 - 0.629	0.846	0.314	0.458
2022-11-19 19:25:55.659 | WARNING  | __main__:<module>:19 - 0.629	0.909	0.286	0.435
2022-11-19 19:25:55.660 | WARNING  | __main__:<module>:21 - accuracy		mean:0.597	std:0.023
2022-11-19 19:25:55.660 | WARNING  | __main__:<module>:22 - precision		mean:0.785	std:0.054
2022-11-19 19:25:55.661 | WARNING  | __main__:<module>:23 - recall		mean:0.267	std:0.04
2022-11-19 19:25:55.662 | WARNING  | __main__:<module>:24 - f1		mean:0.397	std:0.049
