2022-11-09 14:53:31.397 | INFO     | __main__:<module>:79 - 使用嵌入法 RandomForestClassifier 进行特征选择,剩余(1278, 16)个特征
2022-11-09 14:53:31.398 | INFO     | __main__:<module>:89 - 剩余的特征是：['年龄', '血红蛋白', '白蛋白', '总胆红素', '尿素', '肌酐', '尿酸', '总胆固醇', '糖化血红蛋白', '活化部分凝血活酶时间（APTT）', '尿蛋白定量', '24h尿蛋白定量', '病程', 'C2/C0', 'NLR', '胰岛素抵抗指数']
2022-11-09 14:53:31.412 | INFO     | __main__:<module>:110 - 使用 SMOTETomek 混合采样
2022-11-09 14:53:31.413 | INFO     | __main__:<module>:114 - 数据平衡前：非DPN组有530条,DPN组有748条
2022-11-09 14:53:31.458 | INFO     | __main__:<module>:116 - 数据平衡后：非DPN组有700条,DPN组有700条
2022-11-09 14:55:05.720 | INFO     | __main__:<module>:80 - 使用嵌入法 RandomForestClassifier 进行特征选择,剩余(1278, 16)个特征
2022-11-09 14:55:05.722 | INFO     | __main__:<module>:90 - 剩余的特征是：['年龄', '血红蛋白', '白蛋白', '总胆红素', '尿素', '肌酐', '尿酸', '总胆固醇', '糖化血红蛋白', '活化部分凝血活酶时间（APTT）', '尿蛋白定量', '24h尿蛋白定量', '病程', 'C2/C0', 'NLR', '胰岛素抵抗指数']
2022-11-09 14:55:05.738 | INFO     | __main__:<module>:111 - 使用 SMOTETomek 混合采样
2022-11-09 14:55:05.740 | INFO     | __main__:<module>:115 - 数据平衡前：非DPN组有530条,DPN组有748条
2022-11-09 14:55:05.797 | INFO     | __main__:<module>:117 - 数据平衡后：非DPN组有700条,DPN组有700条
2022-11-09 14:56:57.781 | INFO     | __main__:<module>:80 - 使用嵌入法 RandomForestClassifier 进行特征选择,剩余(1278, 16)个特征
2022-11-09 14:56:57.783 | INFO     | __main__:<module>:90 - 剩余的特征是：['年龄', '血红蛋白', '白蛋白', '总胆红素', '尿素', '肌酐', '尿酸', '总胆固醇', '糖化血红蛋白', '活化部分凝血活酶时间（APTT）', '尿蛋白定量', '24h尿蛋白定量', '病程', 'C2/C0', 'NLR', '胰岛素抵抗指数']
2022-11-09 14:56:57.797 | INFO     | __main__:<module>:111 - 使用 SMOTETomek 混合采样
2022-11-09 14:56:57.801 | INFO     | __main__:<module>:115 - 数据平衡前：非DPN组有530条,DPN组有748条
2022-11-09 14:56:57.844 | INFO     | __main__:<module>:117 - 数据平衡后：非DPN组有700条,DPN组有700条
2022-11-09 14:57:02.546 | INFO     | __main__:<module>:80 - 使用嵌入法 RandomForestClassifier 进行特征选择,剩余(1278, 16)个特征
2022-11-09 14:57:02.548 | INFO     | __main__:<module>:90 - 剩余的特征是：['年龄', '血红蛋白', '白蛋白', '总胆红素', '尿素', '肌酐', '尿酸', '总胆固醇', '糖化血红蛋白', '活化部分凝血活酶时间（APTT）', '尿蛋白定量', '24h尿蛋白定量', '病程', 'C2/C0', 'NLR', '胰岛素抵抗指数']
2022-11-09 14:57:02.566 | INFO     | __main__:<module>:111 - 使用 SMOTETomek 混合采样
2022-11-09 14:57:02.568 | INFO     | __main__:<module>:115 - 数据平衡前：非DPN组有530条,DPN组有748条
2022-11-09 14:57:02.608 | INFO     | __main__:<module>:117 - 数据平衡后：非DPN组有700条,DPN组有700条
2022-11-09 14:57:31.723 | INFO     | __main__:<module>:80 - 使用嵌入法 RandomForestClassifier 进行特征选择,剩余(1278, 16)个特征
2022-11-09 14:57:31.724 | INFO     | __main__:<module>:90 - 剩余的特征是：['年龄', '血红蛋白', '白蛋白', '总胆红素', '尿素', '肌酐', '尿酸', '总胆固醇', '糖化血红蛋白', '活化部分凝血活酶时间（APTT）', '尿蛋白定量', '24h尿蛋白定量', '病程', 'C2/C0', 'NLR', '胰岛素抵抗指数']
2022-11-09 14:57:31.739 | INFO     | __main__:<module>:111 - 使用 SMOTETomek 混合采样
2022-11-09 14:57:31.742 | INFO     | __main__:<module>:115 - 数据平衡前：非DPN组有530条,DPN组有748条
2022-11-09 14:57:31.790 | INFO     | __main__:<module>:117 - 数据平衡后：非DPN组有700条,DPN组有700条
