2022-11-08 12:01:22.716 | INFO     | __main__:<module>:75 - 使用嵌入法 RandomForestClassifier 进行特征选择,剩余(1278, 16)个特征
2022-11-08 12:01:22.718 | INFO     | __main__:<module>:85 - 剩余的特征是：['年龄', '血红蛋白', '白蛋白', '总胆红素', '尿素', '肌酐', '尿酸', '总胆固醇', '糖化血红蛋白', '活化部分凝血活酶时间（APTT）', '尿蛋白定量', '24h尿蛋白定量', '病程', 'C2/C0', 'NLR', '胰岛素抵抗指数']
2022-11-08 12:01:22.732 | INFO     | __main__:<module>:106 - 使用 SMOTETomek 混合采样
2022-11-08 12:01:22.733 | INFO     | __main__:<module>:110 - 数据平衡前：非DPN组有530条,DPN组有748条
2022-11-08 12:01:22.792 | INFO     | __main__:<module>:112 - 数据平衡后：非DPN组有700条,DPN组有700条
2022-11-08 12:01:23.420 | WARNING  | __main__:<module>:26 - {'estimator__bootstrap': True, 'estimator__ccp_alpha': 0.0, 'estimator__class_weight': None, 'estimator__criterion': 'gini', 'estimator__max_depth': 9, 'estimator__max_features': 'auto', 'estimator__max_leaf_nodes': None, 'estimator__max_samples': None, 'estimator__min_impurity_decrease': 0.0, 'estimator__min_impurity_split': None, 'estimator__min_samples_leaf': 1, 'estimator__min_samples_split': 2, 'estimator__min_weight_fraction_leaf': 0.0, 'estimator__n_estimators': 200, 'estimator__n_jobs': None, 'estimator__oob_score': False, 'estimator__random_state': 43, 'estimator__verbose': 0, 'estimator__warm_start': False, 'estimator': RandomForestClassifier(max_depth=9, n_estimators=200, random_state=43), 'importance_getter': 'auto', 'max_features': None, 'norm_order': 1, 'prefit': True, 'threshold': None}
2022-11-08 12:01:24.741 | WARNING  | __main__:<module>:40 - 0.686	0.717	0.614	0.662
2022-11-08 12:01:25.337 | WARNING  | __main__:<module>:40 - 0.786	0.833	0.714	0.769
2022-11-08 12:01:25.906 | WARNING  | __main__:<module>:40 - 0.757	0.773	0.729	0.75
2022-11-08 12:01:26.485 | WARNING  | __main__:<module>:40 - 0.8	0.809	0.786	0.797
2022-11-08 12:01:27.098 | WARNING  | __main__:<module>:40 - 0.707	0.723	0.671	0.696
2022-11-08 12:01:27.680 | WARNING  | __main__:<module>:40 - 0.793	0.797	0.786	0.791
2022-11-08 12:01:28.246 | WARNING  | __main__:<module>:40 - 0.743	0.758	0.714	0.735
2022-11-08 12:01:28.838 | WARNING  | __main__:<module>:40 - 0.771	0.797	0.729	0.761
2022-11-08 12:01:29.405 | WARNING  | __main__:<module>:40 - 0.757	0.781	0.714	0.746
2022-11-08 12:01:29.964 | WARNING  | __main__:<module>:40 - 0.814	0.789	0.857	0.822
2022-11-08 12:01:29.965 | WARNING  | __main__:<module>:42 - accuracy		mean:0.761	std:0.039
2022-11-08 12:01:29.966 | WARNING  | __main__:<module>:43 - precision		mean:0.778	std:0.035
2022-11-08 12:01:29.967 | WARNING  | __main__:<module>:44 - recall		mean:0.731	std:0.063
2022-11-08 12:01:29.968 | WARNING  | __main__:<module>:45 - f1		mean:0.753	std:0.045
2022-11-08 12:01:31.998 | WARNING  | __main__:<module>:6 - {'C': 0.9899203552790449, 'break_ties': False, 'cache_size': 200, 'class_weight': None, 'coef0': 0.0, 'decision_function_shape': 'ovr', 'degree': 3, 'gamma': 0.8098439704037791, 'kernel': 'rbf', 'max_iter': -1, 'probability': True, 'random_state': 43, 'shrinking': True, 'tol': 0.001, 'verbose': False}
2022-11-08 12:01:32.449 | WARNING  | __main__:<module>:19 - 0.729	0.682	0.857	0.759
2022-11-08 12:01:32.861 | WARNING  | __main__:<module>:19 - 0.764	0.695	0.943	0.8
2022-11-08 12:01:33.262 | WARNING  | __main__:<module>:19 - 0.807	0.747	0.929	0.828
2022-11-08 12:01:33.661 | WARNING  | __main__:<module>:19 - 0.757	0.696	0.914	0.79
2022-11-08 12:01:34.061 | WARNING  | __main__:<module>:19 - 0.8	0.75	0.9	0.818
2022-11-08 12:01:34.462 | WARNING  | __main__:<module>:19 - 0.8	0.733	0.943	0.825
2022-11-08 12:01:34.879 | WARNING  | __main__:<module>:19 - 0.786	0.727	0.914	0.81
2022-11-08 12:01:35.299 | WARNING  | __main__:<module>:19 - 0.793	0.753	0.871	0.808
2022-11-08 12:01:35.706 | WARNING  | __main__:<module>:19 - 0.779	0.729	0.886	0.8
2022-11-08 12:01:36.121 | WARNING  | __main__:<module>:19 - 0.764	0.713	0.886	0.79
2022-11-08 12:01:36.122 | WARNING  | __main__:<module>:21 - accuracy		mean:0.778	std:0.023
2022-11-08 12:01:36.123 | WARNING  | __main__:<module>:22 - precision		mean:0.723	std:0.024
2022-11-08 12:01:36.124 | WARNING  | __main__:<module>:23 - recall		mean:0.904	std:0.028
2022-11-08 12:01:36.125 | WARNING  | __main__:<module>:24 - f1		mean:0.803	std:0.019
