2022-11-15 14:36:20.540 | INFO     | __main__:<module>:80 - 使用嵌入法 RandomForestClassifier 进行特征选择,剩余(1278, 17)个特征
2022-11-15 14:36:20.541 | INFO     | __main__:<module>:90 - 剩余的特征是：['age', 'weight', 'hemoglobin', 'albumin', 'total bilirubin', 'urea', 'Uric Acid', 'total cholesterol', 'glycosylated hemoglobin', 'thyrotropic hormone', 'activated partial thromboplastin time', 'urine protein quantity', '24h urine protein quantity', 'Diabetes duration', 'C2/C0', 'NLR', 'HOMA-IR']
2022-11-15 14:36:20.555 | INFO     | __main__:<module>:111 - 使用 SMOTETomek 混合采样
2022-11-15 14:36:20.557 | INFO     | __main__:<module>:115 - 数据平衡前：非DPN组有530条,DPN组有748条
2022-11-15 14:36:20.597 | INFO     | __main__:<module>:117 - 数据平衡后：非DPN组有704条,DPN组有704条
2022-11-15 14:36:21.178 | WARNING  | __main__:<module>:26 - {'estimator__bootstrap': True, 'estimator__ccp_alpha': 0.0, 'estimator__class_weight': None, 'estimator__criterion': 'gini', 'estimator__max_depth': 9, 'estimator__max_features': 'auto', 'estimator__max_leaf_nodes': None, 'estimator__max_samples': None, 'estimator__min_impurity_decrease': 0.0, 'estimator__min_impurity_split': None, 'estimator__min_samples_leaf': 1, 'estimator__min_samples_split': 2, 'estimator__min_weight_fraction_leaf': 0.0, 'estimator__n_estimators': 200, 'estimator__n_jobs': None, 'estimator__oob_score': False, 'estimator__random_state': 43, 'estimator__verbose': 0, 'estimator__warm_start': False, 'estimator': RandomForestClassifier(max_depth=9, n_estimators=200, random_state=43), 'importance_getter': 'auto', 'max_features': None, 'norm_order': 1, 'prefit': True, 'threshold': None}
2022-11-15 14:36:22.333 | WARNING  | __main__:<module>:40 - 0.787	0.825	0.732	0.776
2022-11-15 14:36:22.940 | WARNING  | __main__:<module>:40 - 0.794	0.8	0.789	0.794
2022-11-15 14:36:23.606 | WARNING  | __main__:<module>:40 - 0.787	0.806	0.761	0.783
2022-11-15 14:36:24.254 | WARNING  | __main__:<module>:40 - 0.738	0.73	0.761	0.745
2022-11-15 14:36:24.860 | WARNING  | __main__:<module>:40 - 0.695	0.701	0.671	0.686
2022-11-15 14:36:25.460 | WARNING  | __main__:<module>:40 - 0.759	0.773	0.729	0.75
2022-11-15 14:36:26.044 | WARNING  | __main__:<module>:40 - 0.83	0.829	0.829	0.829
2022-11-15 14:36:26.594 | WARNING  | __main__:<module>:40 - 0.73	0.758	0.671	0.712
2022-11-15 14:36:27.122 | WARNING  | __main__:<module>:40 - 0.764	0.814	0.686	0.744
2022-11-15 14:36:27.653 | WARNING  | __main__:<module>:40 - 0.764	0.794	0.714	0.752
2022-11-15 14:36:27.654 | WARNING  | __main__:<module>:42 - accuracy		mean:0.765	std:0.036
2022-11-15 14:36:27.656 | WARNING  | __main__:<module>:43 - precision		mean:0.783	std:0.04
2022-11-15 14:36:27.657 | WARNING  | __main__:<module>:44 - recall		mean:0.734	std:0.049
2022-11-15 14:36:27.658 | WARNING  | __main__:<module>:45 - f1		mean:0.757	std:0.039
2022-11-15 14:36:29.758 | WARNING  | __main__:<module>:6 - {'C': 0.9899203552790449, 'break_ties': False, 'cache_size': 200, 'class_weight': None, 'coef0': 0.0, 'decision_function_shape': 'ovr', 'degree': 3, 'gamma': 0.8098439704037791, 'kernel': 'rbf', 'max_iter': -1, 'probability': True, 'random_state': 43, 'shrinking': True, 'tol': 0.001, 'verbose': False}
2022-11-15 14:36:30.186 | WARNING  | __main__:<module>:19 - 0.801	0.742	0.93	0.825
2022-11-15 14:36:30.619 | WARNING  | __main__:<module>:19 - 0.773	0.714	0.915	0.802
2022-11-15 14:36:31.047 | WARNING  | __main__:<module>:19 - 0.738	0.677	0.915	0.778
2022-11-15 14:36:31.477 | WARNING  | __main__:<module>:19 - 0.745	0.68	0.93	0.786
2022-11-15 14:36:31.922 | WARNING  | __main__:<module>:19 - 0.78	0.71	0.943	0.81
2022-11-15 14:36:32.373 | WARNING  | __main__:<module>:19 - 0.752	0.711	0.843	0.771
2022-11-15 14:36:32.807 | WARNING  | __main__:<module>:19 - 0.723	0.657	0.929	0.769
2022-11-15 14:36:33.258 | WARNING  | __main__:<module>:19 - 0.78	0.719	0.914	0.805
2022-11-15 14:36:33.686 | WARNING  | __main__:<module>:19 - 0.771	0.702	0.943	0.805
2022-11-15 14:36:34.108 | WARNING  | __main__:<module>:19 - 0.757	0.688	0.943	0.795
2022-11-15 14:36:34.109 | WARNING  | __main__:<module>:21 - accuracy		mean:0.762	std:0.022
2022-11-15 14:36:34.110 | WARNING  | __main__:<module>:22 - precision		mean:0.7	std:0.023
2022-11-15 14:36:34.111 | WARNING  | __main__:<module>:23 - recall		mean:0.92	std:0.028
2022-11-15 14:36:34.112 | WARNING  | __main__:<module>:24 - f1		mean:0.795	std:0.017
2022-11-15 14:36:34.878 | WARNING  | __main__:<module>:15 - {'C': 0.3856279932385604, 'class_weight': None, 'dual': False, 'fit_intercept': True, 'intercept_scaling': 1, 'l1_ratio': None, 'max_iter': 617, 'multi_class': 'auto', 'n_jobs': None, 'penalty': 'none', 'random_state': 43, 'solver': 'lbfgs', 'tol': 0.0001, 'verbose': 0, 'warm_start': False}
2022-11-15 14:36:34.894 | WARNING  | __main__:<module>:28 - 0.723	0.735	0.704	0.719
2022-11-15 14:36:34.908 | WARNING  | __main__:<module>:28 - 0.716	0.712	0.732	0.722
2022-11-15 14:36:34.923 | WARNING  | __main__:<module>:28 - 0.681	0.691	0.662	0.676
2022-11-15 14:36:34.938 | WARNING  | __main__:<module>:28 - 0.681	0.691	0.662	0.676
2022-11-15 14:36:34.950 | WARNING  | __main__:<module>:28 - 0.674	0.682	0.643	0.662
2022-11-15 14:36:34.962 | WARNING  | __main__:<module>:28 - 0.709	0.704	0.714	0.709
2022-11-15 14:36:34.976 | WARNING  | __main__:<module>:28 - 0.716	0.727	0.686	0.706
2022-11-15 14:36:34.991 | WARNING  | __main__:<module>:28 - 0.667	0.667	0.657	0.662
2022-11-15 14:36:35.003 | WARNING  | __main__:<module>:28 - 0.643	0.667	0.571	0.615
2022-11-15 14:36:35.014 | WARNING  | __main__:<module>:28 - 0.657	0.662	0.643	0.652
2022-11-15 14:36:35.015 | WARNING  | __main__:<module>:30 - accuracy		mean:0.687	std:0.027
2022-11-15 14:36:35.016 | WARNING  | __main__:<module>:31 - precision		mean:0.694	std:0.024
2022-11-15 14:36:35.017 | WARNING  | __main__:<module>:32 - recall		mean:0.667	std:0.043
2022-11-15 14:36:35.018 | WARNING  | __main__:<module>:33 - f1		mean:0.68	std:0.032
2022-11-15 14:36:35.428 | WARNING  | __main__:<module>:11 - {'estimator__bootstrap': True, 'estimator__ccp_alpha': 0.0, 'estimator__class_weight': None, 'estimator__criterion': 'gini', 'estimator__max_depth': 9, 'estimator__max_features': 'auto', 'estimator__max_leaf_nodes': None, 'estimator__max_samples': None, 'estimator__min_impurity_decrease': 0.0, 'estimator__min_impurity_split': None, 'estimator__min_samples_leaf': 1, 'estimator__min_samples_split': 2, 'estimator__min_weight_fraction_leaf': 0.0, 'estimator__n_estimators': 200, 'estimator__n_jobs': None, 'estimator__oob_score': False, 'estimator__random_state': 43, 'estimator__verbose': 0, 'estimator__warm_start': False, 'estimator': RandomForestClassifier(max_depth=9, n_estimators=200, random_state=43), 'importance_getter': 'auto', 'max_features': None, 'norm_order': 1, 'prefit': True, 'threshold': None}
2022-11-15 14:36:36.590 | WARNING  | __main__:<module>:24 - 0.752	0.821	0.648	0.724
2022-11-15 14:36:37.765 | WARNING  | __main__:<module>:24 - 0.816	0.836	0.789	0.812
2022-11-15 14:36:39.041 | WARNING  | __main__:<module>:24 - 0.801	0.852	0.732	0.788
2022-11-15 14:36:40.215 | WARNING  | __main__:<module>:24 - 0.752	0.773	0.718	0.745
2022-11-15 14:36:41.379 | WARNING  | __main__:<module>:24 - 0.674	0.707	0.586	0.641
2022-11-15 14:36:42.586 | WARNING  | __main__:<module>:24 - 0.752	0.769	0.714	0.741
2022-11-15 14:36:43.874 | WARNING  | __main__:<module>:24 - 0.78	0.8	0.743	0.77
2022-11-15 14:36:45.028 | WARNING  | __main__:<module>:24 - 0.752	0.797	0.671	0.729
2022-11-15 14:36:46.170 | WARNING  | __main__:<module>:24 - 0.757	0.833	0.643	0.726
2022-11-15 14:36:47.298 | WARNING  | __main__:<module>:24 - 0.729	0.776	0.643	0.703
2022-11-15 14:36:47.299 | WARNING  | __main__:<module>:26 - accuracy		mean:0.756	std:0.037
2022-11-15 14:36:47.300 | WARNING  | __main__:<module>:27 - precision		mean:0.796	std:0.041
2022-11-15 14:36:47.301 | WARNING  | __main__:<module>:28 - recall		mean:0.689	std:0.058
2022-11-15 14:36:47.302 | WARNING  | __main__:<module>:29 - f1		mean:0.738	std:0.045
2022-11-15 14:36:48.708 | WARNING  | __main__:<module>:14 - {'ccp_alpha': 0.0, 'class_weight': None, 'criterion': 'entropy', 'max_depth': 16, 'max_features': None, 'max_leaf_nodes': None, 'min_impurity_decrease': 0.0, 'min_impurity_split': None, 'min_samples_leaf': 1, 'min_samples_split': 2, 'min_weight_fraction_leaf': 0.0, 'random_state': 43, 'splitter': 'best'}
2022-11-15 14:36:48.739 | WARNING  | __main__:<module>:27 - 0.759	0.768	0.746	0.757
2022-11-15 14:36:48.763 | WARNING  | __main__:<module>:27 - 0.695	0.684	0.732	0.707
2022-11-15 14:36:48.787 | WARNING  | __main__:<module>:27 - 0.667	0.694	0.606	0.647
2022-11-15 14:36:48.810 | WARNING  | __main__:<module>:27 - 0.688	0.652	0.817	0.725
2022-11-15 14:36:48.835 | WARNING  | __main__:<module>:27 - 0.61	0.623	0.543	0.58
2022-11-15 14:36:48.859 | WARNING  | __main__:<module>:27 - 0.66	0.662	0.643	0.652
2022-11-15 14:36:48.886 | WARNING  | __main__:<module>:27 - 0.745	0.766	0.7	0.731
2022-11-15 14:36:48.910 | WARNING  | __main__:<module>:27 - 0.709	0.73	0.657	0.692
2022-11-15 14:36:48.935 | WARNING  | __main__:<module>:27 - 0.65	0.667	0.6	0.632
2022-11-15 14:36:48.961 | WARNING  | __main__:<module>:27 - 0.7	0.726	0.643	0.682
2022-11-15 14:36:48.962 | WARNING  | __main__:<module>:29 - accuracy		mean:0.688	std:0.042
2022-11-15 14:36:48.963 | WARNING  | __main__:<module>:30 - precision		mean:0.697	std:0.046
2022-11-15 14:36:48.963 | WARNING  | __main__:<module>:31 - recall		mean:0.669	std:0.077
2022-11-15 14:36:48.964 | WARNING  | __main__:<module>:32 - f1		mean:0.681	std:0.051
2022-11-15 14:36:49.361 | WARNING  | __main__:<module>:19 - 0.674	0.931	0.38	0.54
2022-11-15 14:36:49.375 | WARNING  | __main__:<module>:19 - 0.695	0.868	0.465	0.606
2022-11-15 14:36:49.389 | WARNING  | __main__:<module>:19 - 0.709	0.917	0.465	0.617
2022-11-15 14:36:49.404 | WARNING  | __main__:<module>:19 - 0.652	0.775	0.437	0.559
2022-11-15 14:36:49.417 | WARNING  | __main__:<module>:19 - 0.667	0.811	0.429	0.561
2022-11-15 14:36:49.431 | WARNING  | __main__:<module>:19 - 0.709	0.872	0.486	0.624
2022-11-15 14:36:49.444 | WARNING  | __main__:<module>:19 - 0.73	0.848	0.557	0.672
2022-11-15 14:36:49.458 | WARNING  | __main__:<module>:19 - 0.716	0.917	0.471	0.623
2022-11-15 14:36:49.471 | WARNING  | __main__:<module>:19 - 0.65	0.839	0.371	0.515
2022-11-15 14:36:49.484 | WARNING  | __main__:<module>:19 - 0.664	0.848	0.4	0.544
2022-11-15 14:36:49.484 | WARNING  | __main__:<module>:21 - accuracy		mean:0.687	std:0.027
2022-11-15 14:36:49.485 | WARNING  | __main__:<module>:22 - precision		mean:0.863	std:0.047
2022-11-15 14:36:49.486 | WARNING  | __main__:<module>:23 - recall		mean:0.446	std:0.053
2022-11-15 14:36:49.487 | WARNING  | __main__:<module>:24 - f1		mean:0.586	std:0.047
2022-11-15 15:52:59.889 | WARNING  | __main__:<module>:19 - 0.574	0.789	0.211	0.333
2022-11-15 15:52:59.902 | WARNING  | __main__:<module>:19 - 0.582	0.731	0.268	0.392
2022-11-15 15:52:59.910 | WARNING  | __main__:<module>:19 - 0.603	0.857	0.254	0.391
2022-11-15 15:52:59.919 | WARNING  | __main__:<module>:19 - 0.567	0.708	0.239	0.358
2022-11-15 15:52:59.929 | WARNING  | __main__:<module>:19 - 0.61	0.895	0.243	0.382
2022-11-15 15:52:59.940 | WARNING  | __main__:<module>:19 - 0.652	0.957	0.314	0.473
2022-11-15 15:52:59.950 | WARNING  | __main__:<module>:19 - 0.631	0.846	0.314	0.458
2022-11-15 15:52:59.962 | WARNING  | __main__:<module>:19 - 0.617	0.735	0.357	0.481
2022-11-15 15:52:59.971 | WARNING  | __main__:<module>:19 - 0.6	0.769	0.286	0.417
2022-11-15 15:52:59.981 | WARNING  | __main__:<module>:19 - 0.607	0.778	0.3	0.433
2022-11-15 15:52:59.982 | WARNING  | __main__:<module>:21 - accuracy		mean:0.604	std:0.025
2022-11-15 15:52:59.982 | WARNING  | __main__:<module>:22 - precision		mean:0.807	std:0.076
2022-11-15 15:52:59.983 | WARNING  | __main__:<module>:23 - recall		mean:0.279	std:0.042
2022-11-15 15:52:59.984 | WARNING  | __main__:<module>:24 - f1		mean:0.412	std:0.047
2022-11-15 15:53:22.887 | INFO     | __main__:<module>:80 - 使用嵌入法 RandomForestClassifier 进行特征选择,剩余(1278, 17)个特征
2022-11-15 15:53:22.888 | INFO     | __main__:<module>:90 - 剩余的特征是：['age', 'weight', 'hemoglobin', 'albumin', 'total bilirubin', 'urea', 'Uric Acid', 'total cholesterol', 'glycosylated hemoglobin', 'thyrotropic hormone', 'activated partial thromboplastin time', 'urine protein quantity', '24h urine protein quantity', 'Diabetes duration', 'C2/C0', 'NLR', 'HOMA-IR']
2022-11-15 15:53:22.904 | INFO     | __main__:<module>:111 - 使用 SMOTETomek 混合采样
2022-11-15 15:53:22.906 | INFO     | __main__:<module>:115 - 数据平衡前：非DPN组有530条,DPN组有748条
2022-11-15 15:53:22.951 | INFO     | __main__:<module>:117 - 数据平衡后：非DPN组有704条,DPN组有704条
2022-11-15 15:53:23.457 | WARNING  | __main__:<module>:26 - {'estimator__bootstrap': True, 'estimator__ccp_alpha': 0.0, 'estimator__class_weight': None, 'estimator__criterion': 'gini', 'estimator__max_depth': 9, 'estimator__max_features': 'auto', 'estimator__max_leaf_nodes': None, 'estimator__max_samples': None, 'estimator__min_impurity_decrease': 0.0, 'estimator__min_impurity_split': None, 'estimator__min_samples_leaf': 1, 'estimator__min_samples_split': 2, 'estimator__min_weight_fraction_leaf': 0.0, 'estimator__n_estimators': 200, 'estimator__n_jobs': None, 'estimator__oob_score': False, 'estimator__random_state': 43, 'estimator__verbose': 0, 'estimator__warm_start': False, 'estimator': RandomForestClassifier(max_depth=9, n_estimators=200, random_state=43), 'importance_getter': 'auto', 'max_features': None, 'norm_order': 1, 'prefit': True, 'threshold': None}
2022-11-15 15:53:24.674 | WARNING  | __main__:<module>:40 - 0.787	0.825	0.732	0.776
2022-11-15 15:53:25.232 | WARNING  | __main__:<module>:40 - 0.794	0.8	0.789	0.794
2022-11-15 15:53:25.800 | WARNING  | __main__:<module>:40 - 0.787	0.806	0.761	0.783
2022-11-15 15:53:26.379 | WARNING  | __main__:<module>:40 - 0.738	0.73	0.761	0.745
2022-11-15 15:53:26.903 | WARNING  | __main__:<module>:40 - 0.695	0.701	0.671	0.686
2022-11-15 15:53:27.470 | WARNING  | __main__:<module>:40 - 0.759	0.773	0.729	0.75
2022-11-15 15:53:28.045 | WARNING  | __main__:<module>:40 - 0.83	0.829	0.829	0.829
2022-11-15 15:53:28.652 | WARNING  | __main__:<module>:40 - 0.73	0.758	0.671	0.712
2022-11-15 15:53:29.282 | WARNING  | __main__:<module>:40 - 0.764	0.814	0.686	0.744
2022-11-15 15:53:29.865 | WARNING  | __main__:<module>:40 - 0.764	0.794	0.714	0.752
2022-11-15 15:53:29.867 | WARNING  | __main__:<module>:42 - accuracy		mean:0.765	std:0.036
2022-11-15 15:53:29.869 | WARNING  | __main__:<module>:43 - precision		mean:0.783	std:0.04
2022-11-15 15:53:29.871 | WARNING  | __main__:<module>:44 - recall		mean:0.734	std:0.049
2022-11-15 15:53:29.873 | WARNING  | __main__:<module>:45 - f1		mean:0.757	std:0.039
2022-11-15 15:53:31.844 | WARNING  | __main__:<module>:6 - {'C': 0.9899203552790449, 'break_ties': False, 'cache_size': 200, 'class_weight': None, 'coef0': 0.0, 'decision_function_shape': 'ovr', 'degree': 3, 'gamma': 0.8098439704037791, 'kernel': 'rbf', 'max_iter': -1, 'probability': True, 'random_state': 43, 'shrinking': True, 'tol': 0.001, 'verbose': False}
2022-11-15 15:53:32.283 | WARNING  | __main__:<module>:19 - 0.801	0.742	0.93	0.825
2022-11-15 15:53:32.722 | WARNING  | __main__:<module>:19 - 0.773	0.714	0.915	0.802
2022-11-15 15:53:33.152 | WARNING  | __main__:<module>:19 - 0.738	0.677	0.915	0.778
2022-11-15 15:53:33.582 | WARNING  | __main__:<module>:19 - 0.745	0.68	0.93	0.786
2022-11-15 15:53:34.016 | WARNING  | __main__:<module>:19 - 0.78	0.71	0.943	0.81
2022-11-15 15:53:34.462 | WARNING  | __main__:<module>:19 - 0.752	0.711	0.843	0.771
2022-11-15 15:53:34.891 | WARNING  | __main__:<module>:19 - 0.723	0.657	0.929	0.769
2022-11-15 15:53:35.320 | WARNING  | __main__:<module>:19 - 0.78	0.719	0.914	0.805
2022-11-15 15:53:35.751 | WARNING  | __main__:<module>:19 - 0.771	0.702	0.943	0.805
2022-11-15 15:53:36.176 | WARNING  | __main__:<module>:19 - 0.757	0.688	0.943	0.795
2022-11-15 15:53:36.177 | WARNING  | __main__:<module>:21 - accuracy		mean:0.762	std:0.022
2022-11-15 15:53:36.178 | WARNING  | __main__:<module>:22 - precision		mean:0.7	std:0.023
2022-11-15 15:53:36.179 | WARNING  | __main__:<module>:23 - recall		mean:0.92	std:0.028
2022-11-15 15:53:36.180 | WARNING  | __main__:<module>:24 - f1		mean:0.795	std:0.017
2022-11-15 15:53:36.951 | WARNING  | __main__:<module>:15 - {'C': 0.3856279932385604, 'class_weight': None, 'dual': False, 'fit_intercept': True, 'intercept_scaling': 1, 'l1_ratio': None, 'max_iter': 617, 'multi_class': 'auto', 'n_jobs': None, 'penalty': 'none', 'random_state': 43, 'solver': 'lbfgs', 'tol': 0.0001, 'verbose': 0, 'warm_start': False}
2022-11-15 15:53:36.969 | WARNING  | __main__:<module>:28 - 0.723	0.735	0.704	0.719
2022-11-15 15:53:36.987 | WARNING  | __main__:<module>:28 - 0.716	0.712	0.732	0.722
2022-11-15 15:53:37.008 | WARNING  | __main__:<module>:28 - 0.681	0.691	0.662	0.676
2022-11-15 15:53:37.023 | WARNING  | __main__:<module>:28 - 0.681	0.691	0.662	0.676
2022-11-15 15:53:37.038 | WARNING  | __main__:<module>:28 - 0.674	0.682	0.643	0.662
2022-11-15 15:53:37.053 | WARNING  | __main__:<module>:28 - 0.709	0.704	0.714	0.709
2022-11-15 15:53:37.067 | WARNING  | __main__:<module>:28 - 0.716	0.727	0.686	0.706
2022-11-15 15:53:37.080 | WARNING  | __main__:<module>:28 - 0.667	0.667	0.657	0.662
2022-11-15 15:53:37.093 | WARNING  | __main__:<module>:28 - 0.643	0.667	0.571	0.615
2022-11-15 15:53:37.105 | WARNING  | __main__:<module>:28 - 0.657	0.662	0.643	0.652
2022-11-15 15:53:37.107 | WARNING  | __main__:<module>:30 - accuracy		mean:0.687	std:0.027
2022-11-15 15:53:37.107 | WARNING  | __main__:<module>:31 - precision		mean:0.694	std:0.024
2022-11-15 15:53:37.109 | WARNING  | __main__:<module>:32 - recall		mean:0.667	std:0.043
2022-11-15 15:53:37.110 | WARNING  | __main__:<module>:33 - f1		mean:0.68	std:0.032
2022-11-15 15:53:37.486 | WARNING  | __main__:<module>:11 - {'estimator__bootstrap': True, 'estimator__ccp_alpha': 0.0, 'estimator__class_weight': None, 'estimator__criterion': 'gini', 'estimator__max_depth': 9, 'estimator__max_features': 'auto', 'estimator__max_leaf_nodes': None, 'estimator__max_samples': None, 'estimator__min_impurity_decrease': 0.0, 'estimator__min_impurity_split': None, 'estimator__min_samples_leaf': 1, 'estimator__min_samples_split': 2, 'estimator__min_weight_fraction_leaf': 0.0, 'estimator__n_estimators': 200, 'estimator__n_jobs': None, 'estimator__oob_score': False, 'estimator__random_state': 43, 'estimator__verbose': 0, 'estimator__warm_start': False, 'estimator': RandomForestClassifier(max_depth=9, n_estimators=200, random_state=43), 'importance_getter': 'auto', 'max_features': None, 'norm_order': 1, 'prefit': True, 'threshold': None}
2022-11-15 15:53:38.677 | WARNING  | __main__:<module>:24 - 0.752	0.821	0.648	0.724
2022-11-15 15:53:39.906 | WARNING  | __main__:<module>:24 - 0.816	0.836	0.789	0.812
2022-11-15 15:53:41.083 | WARNING  | __main__:<module>:24 - 0.801	0.852	0.732	0.788
2022-11-15 15:53:42.267 | WARNING  | __main__:<module>:24 - 0.752	0.773	0.718	0.745
2022-11-15 15:53:43.431 | WARNING  | __main__:<module>:24 - 0.674	0.707	0.586	0.641
2022-11-15 15:53:44.614 | WARNING  | __main__:<module>:24 - 0.752	0.769	0.714	0.741
2022-11-15 15:53:45.780 | WARNING  | __main__:<module>:24 - 0.78	0.8	0.743	0.77
2022-11-15 15:53:46.968 | WARNING  | __main__:<module>:24 - 0.752	0.797	0.671	0.729
2022-11-15 15:53:48.126 | WARNING  | __main__:<module>:24 - 0.757	0.833	0.643	0.726
2022-11-15 15:53:49.306 | WARNING  | __main__:<module>:24 - 0.729	0.776	0.643	0.703
2022-11-15 15:53:49.307 | WARNING  | __main__:<module>:26 - accuracy		mean:0.756	std:0.037
2022-11-15 15:53:49.308 | WARNING  | __main__:<module>:27 - precision		mean:0.796	std:0.041
2022-11-15 15:53:49.309 | WARNING  | __main__:<module>:28 - recall		mean:0.689	std:0.058
2022-11-15 15:53:49.310 | WARNING  | __main__:<module>:29 - f1		mean:0.738	std:0.045
2022-11-15 15:53:50.760 | WARNING  | __main__:<module>:14 - {'ccp_alpha': 0.0, 'class_weight': None, 'criterion': 'entropy', 'max_depth': 16, 'max_features': None, 'max_leaf_nodes': None, 'min_impurity_decrease': 0.0, 'min_impurity_split': None, 'min_samples_leaf': 1, 'min_samples_split': 2, 'min_weight_fraction_leaf': 0.0, 'random_state': 43, 'splitter': 'best'}
2022-11-15 15:53:50.788 | WARNING  | __main__:<module>:27 - 0.759	0.768	0.746	0.757
2022-11-15 15:53:50.814 | WARNING  | __main__:<module>:27 - 0.695	0.684	0.732	0.707
2022-11-15 15:53:50.838 | WARNING  | __main__:<module>:27 - 0.667	0.694	0.606	0.647
2022-11-15 15:53:50.862 | WARNING  | __main__:<module>:27 - 0.688	0.652	0.817	0.725
2022-11-15 15:53:50.887 | WARNING  | __main__:<module>:27 - 0.61	0.623	0.543	0.58
2022-11-15 15:53:50.912 | WARNING  | __main__:<module>:27 - 0.66	0.662	0.643	0.652
2022-11-15 15:53:50.938 | WARNING  | __main__:<module>:27 - 0.745	0.766	0.7	0.731
2022-11-15 15:53:50.964 | WARNING  | __main__:<module>:27 - 0.709	0.73	0.657	0.692
2022-11-15 15:53:50.991 | WARNING  | __main__:<module>:27 - 0.65	0.667	0.6	0.632
2022-11-15 15:53:51.020 | WARNING  | __main__:<module>:27 - 0.7	0.726	0.643	0.682
2022-11-15 15:53:51.021 | WARNING  | __main__:<module>:29 - accuracy		mean:0.688	std:0.042
2022-11-15 15:53:51.022 | WARNING  | __main__:<module>:30 - precision		mean:0.697	std:0.046
2022-11-15 15:53:51.024 | WARNING  | __main__:<module>:31 - recall		mean:0.669	std:0.077
2022-11-15 15:53:51.025 | WARNING  | __main__:<module>:32 - f1		mean:0.681	std:0.051
2022-11-15 15:53:51.405 | WARNING  | __main__:<module>:19 - 0.674	0.931	0.38	0.54
2022-11-15 15:53:51.421 | WARNING  | __main__:<module>:19 - 0.695	0.868	0.465	0.606
2022-11-15 15:53:51.434 | WARNING  | __main__:<module>:19 - 0.709	0.917	0.465	0.617
2022-11-15 15:53:51.448 | WARNING  | __main__:<module>:19 - 0.652	0.775	0.437	0.559
2022-11-15 15:53:51.463 | WARNING  | __main__:<module>:19 - 0.667	0.811	0.429	0.561
2022-11-15 15:53:51.476 | WARNING  | __main__:<module>:19 - 0.709	0.872	0.486	0.624
2022-11-15 15:53:51.490 | WARNING  | __main__:<module>:19 - 0.73	0.848	0.557	0.672
2022-11-15 15:53:51.503 | WARNING  | __main__:<module>:19 - 0.716	0.917	0.471	0.623
2022-11-15 15:53:51.517 | WARNING  | __main__:<module>:19 - 0.65	0.839	0.371	0.515
2022-11-15 15:53:51.531 | WARNING  | __main__:<module>:19 - 0.664	0.848	0.4	0.544
2022-11-15 15:53:51.532 | WARNING  | __main__:<module>:21 - accuracy		mean:0.687	std:0.027
2022-11-15 15:53:51.533 | WARNING  | __main__:<module>:22 - precision		mean:0.863	std:0.047
2022-11-15 15:53:51.534 | WARNING  | __main__:<module>:23 - recall		mean:0.446	std:0.053
2022-11-15 15:53:51.535 | WARNING  | __main__:<module>:24 - f1		mean:0.586	std:0.047
2022-11-15 15:53:51.933 | WARNING  | __main__:<module>:19 - 0.574	0.789	0.211	0.333
2022-11-15 15:53:51.942 | WARNING  | __main__:<module>:19 - 0.582	0.731	0.268	0.392
2022-11-15 15:53:51.951 | WARNING  | __main__:<module>:19 - 0.603	0.857	0.254	0.391
2022-11-15 15:53:51.960 | WARNING  | __main__:<module>:19 - 0.567	0.708	0.239	0.358
2022-11-15 15:53:51.971 | WARNING  | __main__:<module>:19 - 0.61	0.895	0.243	0.382
2022-11-15 15:53:51.979 | WARNING  | __main__:<module>:19 - 0.652	0.957	0.314	0.473
2022-11-15 15:53:51.988 | WARNING  | __main__:<module>:19 - 0.631	0.846	0.314	0.458
2022-11-15 15:53:51.997 | WARNING  | __main__:<module>:19 - 0.617	0.735	0.357	0.481
2022-11-15 15:53:52.005 | WARNING  | __main__:<module>:19 - 0.6	0.769	0.286	0.417
2022-11-15 15:53:52.013 | WARNING  | __main__:<module>:19 - 0.607	0.778	0.3	0.433
2022-11-15 15:53:52.014 | WARNING  | __main__:<module>:21 - accuracy		mean:0.604	std:0.025
2022-11-15 15:53:52.015 | WARNING  | __main__:<module>:22 - precision		mean:0.807	std:0.076
2022-11-15 15:53:52.016 | WARNING  | __main__:<module>:23 - recall		mean:0.279	std:0.042
2022-11-15 15:53:52.017 | WARNING  | __main__:<module>:24 - f1		mean:0.412	std:0.047
2022-11-15 15:59:35.828 | INFO     | __main__:<module>:80 - 使用嵌入法 RandomForestClassifier 进行特征选择,剩余(1278, 18)个特征
2022-11-15 15:59:35.829 | INFO     | __main__:<module>:90 - 剩余的特征是：['age', 'weight', 'hemoglobin', 'alanine aminotransferase', 'albumin', 'total bilirubin', 'urea', 'creatinine', 'Uric Acid', 'total cholesterol', 'glycosylated hemoglobin', 'activated partial thromboplastin time', 'urine protein quantity', '24h urine protein quantity', 'Diabetes duration', 'C2/C0', 'NLR', 'HOMA-IR']
2022-11-15 15:59:35.845 | INFO     | __main__:<module>:111 - 使用 SMOTETomek 混合采样
2022-11-15 15:59:35.847 | INFO     | __main__:<module>:115 - 数据平衡前：非DPN组有530条,DPN组有748条
2022-11-15 15:59:35.895 | INFO     | __main__:<module>:117 - 数据平衡后：非DPN组有716条,DPN组有716条
2022-11-15 15:59:36.443 | WARNING  | __main__:<module>:26 - {'estimator__bootstrap': True, 'estimator__ccp_alpha': 0.0, 'estimator__class_weight': None, 'estimator__criterion': 'gini', 'estimator__max_depth': 9, 'estimator__max_features': 'auto', 'estimator__max_leaf_nodes': None, 'estimator__max_samples': None, 'estimator__min_impurity_decrease': 0.0, 'estimator__min_impurity_split': None, 'estimator__min_samples_leaf': 1, 'estimator__min_samples_split': 2, 'estimator__min_weight_fraction_leaf': 0.0, 'estimator__n_estimators': 200, 'estimator__n_jobs': None, 'estimator__oob_score': False, 'estimator__random_state': 43, 'estimator__verbose': 0, 'estimator__warm_start': False, 'estimator': RandomForestClassifier(max_depth=9, n_estimators=200, random_state=43), 'importance_getter': 'auto', 'max_features': None, 'norm_order': 1, 'prefit': True, 'threshold': None}
2022-11-15 15:59:37.729 | WARNING  | __main__:<module>:40 - 0.826	0.822	0.833	0.828
2022-11-15 15:59:38.389 | WARNING  | __main__:<module>:40 - 0.736	0.736	0.736	0.736
2022-11-15 15:59:39.022 | WARNING  | __main__:<module>:40 - 0.832	0.887	0.764	0.821
2022-11-15 15:59:39.592 | WARNING  | __main__:<module>:40 - 0.748	0.757	0.736	0.746
2022-11-15 15:59:40.213 | WARNING  | __main__:<module>:40 - 0.776	0.812	0.722	0.765
2022-11-15 15:59:40.784 | WARNING  | __main__:<module>:40 - 0.79	0.769	0.833	0.8
2022-11-15 15:59:41.354 | WARNING  | __main__:<module>:40 - 0.741	0.736	0.746	0.741
2022-11-15 15:59:41.935 | WARNING  | __main__:<module>:40 - 0.769	0.764	0.775	0.769
2022-11-15 15:59:42.500 | WARNING  | __main__:<module>:40 - 0.72	0.746	0.662	0.701
2022-11-15 15:59:43.045 | WARNING  | __main__:<module>:40 - 0.734	0.732	0.732	0.732
2022-11-15 15:59:43.048 | WARNING  | __main__:<module>:42 - accuracy		mean:0.767	std:0.037
2022-11-15 15:59:43.049 | WARNING  | __main__:<module>:43 - precision		mean:0.776	std:0.047
2022-11-15 15:59:43.050 | WARNING  | __main__:<module>:44 - recall		mean:0.754	std:0.049
2022-11-15 15:59:43.052 | WARNING  | __main__:<module>:45 - f1		mean:0.764	std:0.039
2022-11-15 15:59:45.573 | WARNING  | __main__:<module>:6 - {'C': 0.9899203552790449, 'break_ties': False, 'cache_size': 200, 'class_weight': None, 'coef0': 0.0, 'decision_function_shape': 'ovr', 'degree': 3, 'gamma': 0.8098439704037791, 'kernel': 'rbf', 'max_iter': -1, 'probability': True, 'random_state': 43, 'shrinking': True, 'tol': 0.001, 'verbose': False}
2022-11-15 15:59:46.071 | WARNING  | __main__:<module>:19 - 0.743	0.673	0.944	0.786
2022-11-15 15:59:46.519 | WARNING  | __main__:<module>:19 - 0.764	0.698	0.931	0.798
2022-11-15 15:59:46.971 | WARNING  | __main__:<module>:19 - 0.811	0.732	0.986	0.84
2022-11-15 15:59:47.427 | WARNING  | __main__:<module>:19 - 0.692	0.646	0.861	0.738
2022-11-15 15:59:47.879 | WARNING  | __main__:<module>:19 - 0.79	0.719	0.958	0.821
2022-11-15 15:59:48.345 | WARNING  | __main__:<module>:19 - 0.748	0.688	0.917	0.786
2022-11-15 15:59:48.793 | WARNING  | __main__:<module>:19 - 0.706	0.644	0.915	0.756
2022-11-15 15:59:49.243 | WARNING  | __main__:<module>:19 - 0.762	0.699	0.915	0.793
2022-11-15 15:59:49.689 | WARNING  | __main__:<module>:19 - 0.797	0.723	0.958	0.824
2022-11-15 15:59:50.139 | WARNING  | __main__:<module>:19 - 0.706	0.646	0.901	0.753
2022-11-15 15:59:50.140 | WARNING  | __main__:<module>:21 - accuracy		mean:0.752	std:0.039
2022-11-15 15:59:50.141 | WARNING  | __main__:<module>:22 - precision		mean:0.687	std:0.032
2022-11-15 15:59:50.142 | WARNING  | __main__:<module>:23 - recall		mean:0.929	std:0.033
2022-11-15 15:59:50.144 | WARNING  | __main__:<module>:24 - f1		mean:0.789	std:0.032
2022-11-15 15:59:50.972 | WARNING  | __main__:<module>:15 - {'C': 0.3856279932385604, 'class_weight': None, 'dual': False, 'fit_intercept': True, 'intercept_scaling': 1, 'l1_ratio': None, 'max_iter': 617, 'multi_class': 'auto', 'n_jobs': None, 'penalty': 'none', 'random_state': 43, 'solver': 'lbfgs', 'tol': 0.0001, 'verbose': 0, 'warm_start': False}
2022-11-15 15:59:50.988 | WARNING  | __main__:<module>:28 - 0.708	0.742	0.639	0.687
2022-11-15 15:59:51.004 | WARNING  | __main__:<module>:28 - 0.708	0.708	0.708	0.708
2022-11-15 15:59:51.022 | WARNING  | __main__:<module>:28 - 0.713	0.718	0.708	0.713
2022-11-15 15:59:51.035 | WARNING  | __main__:<module>:28 - 0.706	0.708	0.708	0.708
2022-11-15 15:59:51.050 | WARNING  | __main__:<module>:28 - 0.657	0.667	0.639	0.652
2022-11-15 15:59:51.064 | WARNING  | __main__:<module>:28 - 0.636	0.628	0.681	0.653
2022-11-15 15:59:51.078 | WARNING  | __main__:<module>:28 - 0.706	0.71	0.69	0.7
2022-11-15 15:59:51.092 | WARNING  | __main__:<module>:28 - 0.692	0.714	0.634	0.672
2022-11-15 15:59:51.105 | WARNING  | __main__:<module>:28 - 0.615	0.618	0.592	0.604
2022-11-15 15:59:51.118 | WARNING  | __main__:<module>:28 - 0.685	0.703	0.634	0.667
2022-11-15 15:59:51.119 | WARNING  | __main__:<module>:30 - accuracy		mean:0.683	std:0.033
2022-11-15 15:59:51.120 | WARNING  | __main__:<module>:31 - precision		mean:0.692	std:0.039
2022-11-15 15:59:51.122 | WARNING  | __main__:<module>:32 - recall		mean:0.663	std:0.039
2022-11-15 15:59:51.123 | WARNING  | __main__:<module>:33 - f1		mean:0.676	std:0.032
2022-11-15 15:59:51.571 | WARNING  | __main__:<module>:11 - {'estimator__bootstrap': True, 'estimator__ccp_alpha': 0.0, 'estimator__class_weight': None, 'estimator__criterion': 'gini', 'estimator__max_depth': 9, 'estimator__max_features': 'auto', 'estimator__max_leaf_nodes': None, 'estimator__max_samples': None, 'estimator__min_impurity_decrease': 0.0, 'estimator__min_impurity_split': None, 'estimator__min_samples_leaf': 1, 'estimator__min_samples_split': 2, 'estimator__min_weight_fraction_leaf': 0.0, 'estimator__n_estimators': 200, 'estimator__n_jobs': None, 'estimator__oob_score': False, 'estimator__random_state': 43, 'estimator__verbose': 0, 'estimator__warm_start': False, 'estimator': RandomForestClassifier(max_depth=9, n_estimators=200, random_state=43), 'importance_getter': 'auto', 'max_features': None, 'norm_order': 1, 'prefit': True, 'threshold': None}
2022-11-15 15:59:52.752 | WARNING  | __main__:<module>:24 - 0.785	0.825	0.722	0.77
2022-11-15 15:59:53.974 | WARNING  | __main__:<module>:24 - 0.729	0.754	0.681	0.715
2022-11-15 15:59:55.208 | WARNING  | __main__:<module>:24 - 0.811	0.857	0.75	0.8
2022-11-15 15:59:56.448 | WARNING  | __main__:<module>:24 - 0.748	0.773	0.708	0.739
2022-11-15 15:59:57.617 | WARNING  | __main__:<module>:24 - 0.699	0.746	0.611	0.672
2022-11-15 15:59:58.906 | WARNING  | __main__:<module>:24 - 0.769	0.8	0.722	0.759
2022-11-15 16:00:00.072 | WARNING  | __main__:<module>:24 - 0.762	0.794	0.704	0.746
2022-11-15 16:00:01.236 | WARNING  | __main__:<module>:24 - 0.706	0.723	0.662	0.691
2022-11-15 16:00:02.399 | WARNING  | __main__:<module>:24 - 0.692	0.745	0.577	0.651
2022-11-15 16:00:03.554 | WARNING  | __main__:<module>:24 - 0.734	0.754	0.69	0.721
2022-11-15 16:00:03.555 | WARNING  | __main__:<module>:26 - accuracy		mean:0.744	std:0.037
2022-11-15 16:00:03.556 | WARNING  | __main__:<module>:27 - precision		mean:0.777	std:0.039
2022-11-15 16:00:03.557 | WARNING  | __main__:<module>:28 - recall		mean:0.683	std:0.05
2022-11-15 16:00:03.558 | WARNING  | __main__:<module>:29 - f1		mean:0.726	std:0.044
2022-11-15 16:00:05.073 | WARNING  | __main__:<module>:14 - {'ccp_alpha': 0.0, 'class_weight': None, 'criterion': 'entropy', 'max_depth': 16, 'max_features': None, 'max_leaf_nodes': None, 'min_impurity_decrease': 0.0, 'min_impurity_split': None, 'min_samples_leaf': 1, 'min_samples_split': 2, 'min_weight_fraction_leaf': 0.0, 'random_state': 43, 'splitter': 'best'}
2022-11-15 16:00:05.106 | WARNING  | __main__:<module>:27 - 0.681	0.691	0.653	0.671
2022-11-15 16:00:05.133 | WARNING  | __main__:<module>:27 - 0.688	0.68	0.708	0.694
2022-11-15 16:00:05.160 | WARNING  | __main__:<module>:27 - 0.692	0.706	0.667	0.686
2022-11-15 16:00:05.186 | WARNING  | __main__:<module>:27 - 0.636	0.635	0.653	0.644
2022-11-15 16:00:05.213 | WARNING  | __main__:<module>:27 - 0.692	0.689	0.708	0.699
2022-11-15 16:00:05.239 | WARNING  | __main__:<module>:27 - 0.706	0.734	0.653	0.691
2022-11-15 16:00:05.265 | WARNING  | __main__:<module>:27 - 0.608	0.609	0.592	0.6
2022-11-15 16:00:05.291 | WARNING  | __main__:<module>:27 - 0.566	0.579	0.465	0.516
2022-11-15 16:00:05.316 | WARNING  | __main__:<module>:27 - 0.629	0.65	0.549	0.595
2022-11-15 16:00:05.343 | WARNING  | __main__:<module>:27 - 0.657	0.653	0.662	0.657
2022-11-15 16:00:05.343 | WARNING  | __main__:<module>:29 - accuracy		mean:0.656	std:0.043
2022-11-15 16:00:05.346 | WARNING  | __main__:<module>:30 - precision		mean:0.663	std:0.044
2022-11-15 16:00:05.347 | WARNING  | __main__:<module>:31 - recall		mean:0.631	std:0.072
2022-11-15 16:00:05.349 | WARNING  | __main__:<module>:32 - f1		mean:0.645	std:0.056
2022-11-15 16:00:05.738 | WARNING  | __main__:<module>:19 - 0.667	0.853	0.403	0.547
2022-11-15 16:00:05.751 | WARNING  | __main__:<module>:19 - 0.681	0.882	0.417	0.566
2022-11-15 16:00:05.767 | WARNING  | __main__:<module>:19 - 0.671	0.903	0.389	0.544
2022-11-15 16:00:05.783 | WARNING  | __main__:<module>:19 - 0.671	0.879	0.403	0.552
2022-11-15 16:00:05.797 | WARNING  | __main__:<module>:19 - 0.678	0.861	0.431	0.574
2022-11-15 16:00:05.813 | WARNING  | __main__:<module>:19 - 0.692	0.889	0.444	0.593
2022-11-15 16:00:05.827 | WARNING  | __main__:<module>:19 - 0.671	0.816	0.437	0.569
2022-11-15 16:00:05.841 | WARNING  | __main__:<module>:19 - 0.65	0.8	0.394	0.528
2022-11-15 16:00:05.855 | WARNING  | __main__:<module>:19 - 0.664	0.829	0.408	0.547
2022-11-15 16:00:05.869 | WARNING  | __main__:<module>:19 - 0.72	0.897	0.493	0.636
2022-11-15 16:00:05.870 | WARNING  | __main__:<module>:21 - accuracy		mean:0.677	std:0.018
2022-11-15 16:00:05.871 | WARNING  | __main__:<module>:22 - precision		mean:0.861	std:0.034
2022-11-15 16:00:05.872 | WARNING  | __main__:<module>:23 - recall		mean:0.422	std:0.029
2022-11-15 16:00:05.873 | WARNING  | __main__:<module>:24 - f1		mean:0.566	std:0.029
2022-11-15 16:00:06.319 | WARNING  | __main__:<module>:19 - 0.562	0.68	0.236	0.351
2022-11-15 16:00:06.329 | WARNING  | __main__:<module>:19 - 0.625	0.8	0.333	0.471
2022-11-15 16:00:06.339 | WARNING  | __main__:<module>:19 - 0.622	0.846	0.306	0.449
2022-11-15 16:00:06.348 | WARNING  | __main__:<module>:19 - 0.636	0.885	0.319	0.469
2022-11-15 16:00:06.358 | WARNING  | __main__:<module>:19 - 0.573	0.762	0.222	0.344
2022-11-15 16:00:06.369 | WARNING  | __main__:<module>:19 - 0.615	0.84	0.292	0.433
2022-11-15 16:00:06.377 | WARNING  | __main__:<module>:19 - 0.538	0.667	0.141	0.233
2022-11-15 16:00:06.386 | WARNING  | __main__:<module>:19 - 0.587	0.773	0.239	0.366
2022-11-15 16:00:06.394 | WARNING  | __main__:<module>:19 - 0.587	0.75	0.254	0.379
2022-11-15 16:00:06.403 | WARNING  | __main__:<module>:19 - 0.622	0.87	0.282	0.426
2022-11-15 16:00:06.404 | WARNING  | __main__:<module>:21 - accuracy		mean:0.597	std:0.031
2022-11-15 16:00:06.405 | WARNING  | __main__:<module>:22 - precision		mean:0.787	std:0.071
2022-11-15 16:00:06.406 | WARNING  | __main__:<module>:23 - recall		mean:0.262	std:0.054
2022-11-15 16:00:06.407 | WARNING  | __main__:<module>:24 - f1		mean:0.392	std:0.07
2022-11-15 16:13:40.825 | INFO     | __main__:<module>:80 - 使用嵌入法 RandomForestClassifier 进行特征选择,剩余(1278, 18)个特征
2022-11-15 16:13:40.826 | INFO     | __main__:<module>:90 - 剩余的特征是：['age', 'weight', 'hemoglobin', 'alanine aminotransferase', 'albumin', 'total bilirubin', 'urea', 'creatinine', 'Uric Acid', 'total cholesterol', 'glycosylated hemoglobin', 'activated partial thromboplastin time', 'urine protein quantity', '24h urine protein quantity', 'Diabetes duration', 'C2/C0', 'NLR', 'HOMA-IR']
2022-11-15 16:13:40.842 | INFO     | __main__:<module>:111 - 使用 SMOTETomek 混合采样
2022-11-15 16:13:40.843 | INFO     | __main__:<module>:115 - 数据平衡前：非DPN组有530条,DPN组有748条
2022-11-15 16:13:40.887 | INFO     | __main__:<module>:117 - 数据平衡后：非DPN组有716条,DPN组有716条
2022-11-15 16:13:41.528 | WARNING  | __main__:<module>:26 - {'estimator__bootstrap': True, 'estimator__ccp_alpha': 0.0, 'estimator__class_weight': None, 'estimator__criterion': 'gini', 'estimator__max_depth': 9, 'estimator__max_features': 'auto', 'estimator__max_leaf_nodes': None, 'estimator__max_samples': None, 'estimator__min_impurity_decrease': 0.0, 'estimator__min_impurity_split': None, 'estimator__min_samples_leaf': 1, 'estimator__min_samples_split': 2, 'estimator__min_weight_fraction_leaf': 0.0, 'estimator__n_estimators': 200, 'estimator__n_jobs': None, 'estimator__oob_score': False, 'estimator__random_state': 43, 'estimator__verbose': 0, 'estimator__warm_start': False, 'estimator': RandomForestClassifier(max_depth=9, n_estimators=200, random_state=43), 'importance_getter': 'auto', 'max_features': None, 'norm_order': 1, 'prefit': True, 'threshold': None}
2022-11-15 16:13:42.742 | WARNING  | __main__:<module>:40 - 0.826	0.822	0.833	0.828
2022-11-15 16:13:43.414 | WARNING  | __main__:<module>:40 - 0.736	0.736	0.736	0.736
2022-11-15 16:13:43.984 | WARNING  | __main__:<module>:40 - 0.832	0.887	0.764	0.821
2022-11-15 16:13:44.540 | WARNING  | __main__:<module>:40 - 0.748	0.757	0.736	0.746
2022-11-15 16:13:45.126 | WARNING  | __main__:<module>:40 - 0.776	0.812	0.722	0.765
2022-11-15 16:13:45.674 | WARNING  | __main__:<module>:40 - 0.79	0.769	0.833	0.8
2022-11-15 16:13:46.246 | WARNING  | __main__:<module>:40 - 0.741	0.736	0.746	0.741
2022-11-15 16:13:46.784 | WARNING  | __main__:<module>:40 - 0.769	0.764	0.775	0.769
2022-11-15 16:13:47.339 | WARNING  | __main__:<module>:40 - 0.72	0.746	0.662	0.701
2022-11-15 16:13:47.905 | WARNING  | __main__:<module>:40 - 0.734	0.732	0.732	0.732
2022-11-15 16:13:47.907 | WARNING  | __main__:<module>:42 - accuracy		mean:0.767	std:0.037
2022-11-15 16:13:47.908 | WARNING  | __main__:<module>:43 - precision		mean:0.776	std:0.047
2022-11-15 16:13:47.910 | WARNING  | __main__:<module>:44 - recall		mean:0.754	std:0.049
2022-11-15 16:13:47.912 | WARNING  | __main__:<module>:45 - f1		mean:0.764	std:0.039
2022-11-15 16:13:50.148 | WARNING  | __main__:<module>:6 - {'C': 0.9899203552790449, 'break_ties': False, 'cache_size': 200, 'class_weight': None, 'coef0': 0.0, 'decision_function_shape': 'ovr', 'degree': 3, 'gamma': 0.8098439704037791, 'kernel': 'rbf', 'max_iter': -1, 'probability': True, 'random_state': 43, 'shrinking': True, 'tol': 0.001, 'verbose': False}
2022-11-15 16:13:50.608 | WARNING  | __main__:<module>:19 - 0.743	0.673	0.944	0.786
2022-11-15 16:13:51.053 | WARNING  | __main__:<module>:19 - 0.764	0.698	0.931	0.798
2022-11-15 16:13:51.499 | WARNING  | __main__:<module>:19 - 0.811	0.732	0.986	0.84
2022-11-15 16:13:51.943 | WARNING  | __main__:<module>:19 - 0.692	0.646	0.861	0.738
2022-11-15 16:13:52.394 | WARNING  | __main__:<module>:19 - 0.79	0.719	0.958	0.821
2022-11-15 16:13:52.837 | WARNING  | __main__:<module>:19 - 0.748	0.688	0.917	0.786
2022-11-15 16:13:53.282 | WARNING  | __main__:<module>:19 - 0.706	0.644	0.915	0.756
2022-11-15 16:13:53.742 | WARNING  | __main__:<module>:19 - 0.762	0.699	0.915	0.793
2022-11-15 16:13:54.191 | WARNING  | __main__:<module>:19 - 0.797	0.723	0.958	0.824
2022-11-15 16:13:54.640 | WARNING  | __main__:<module>:19 - 0.706	0.646	0.901	0.753
2022-11-15 16:13:54.641 | WARNING  | __main__:<module>:21 - accuracy		mean:0.752	std:0.039
2022-11-15 16:13:54.643 | WARNING  | __main__:<module>:22 - precision		mean:0.687	std:0.032
2022-11-15 16:13:54.644 | WARNING  | __main__:<module>:23 - recall		mean:0.929	std:0.033
2022-11-15 16:13:54.645 | WARNING  | __main__:<module>:24 - f1		mean:0.789	std:0.032
2022-11-15 16:13:55.457 | WARNING  | __main__:<module>:15 - {'C': 0.3856279932385604, 'class_weight': None, 'dual': False, 'fit_intercept': True, 'intercept_scaling': 1, 'l1_ratio': None, 'max_iter': 617, 'multi_class': 'auto', 'n_jobs': None, 'penalty': 'none', 'random_state': 43, 'solver': 'lbfgs', 'tol': 0.0001, 'verbose': 0, 'warm_start': False}
2022-11-15 16:13:55.475 | WARNING  | __main__:<module>:28 - 0.708	0.742	0.639	0.687
2022-11-15 16:13:55.492 | WARNING  | __main__:<module>:28 - 0.708	0.708	0.708	0.708
2022-11-15 16:13:55.509 | WARNING  | __main__:<module>:28 - 0.713	0.718	0.708	0.713
2022-11-15 16:13:55.522 | WARNING  | __main__:<module>:28 - 0.706	0.708	0.708	0.708
2022-11-15 16:13:55.537 | WARNING  | __main__:<module>:28 - 0.657	0.667	0.639	0.652
2022-11-15 16:13:55.551 | WARNING  | __main__:<module>:28 - 0.636	0.628	0.681	0.653
2022-11-15 16:13:55.566 | WARNING  | __main__:<module>:28 - 0.706	0.71	0.69	0.7
2022-11-15 16:13:55.581 | WARNING  | __main__:<module>:28 - 0.692	0.714	0.634	0.672
2022-11-15 16:13:55.596 | WARNING  | __main__:<module>:28 - 0.615	0.618	0.592	0.604
2022-11-15 16:13:55.609 | WARNING  | __main__:<module>:28 - 0.685	0.703	0.634	0.667
2022-11-15 16:13:55.610 | WARNING  | __main__:<module>:30 - accuracy		mean:0.683	std:0.033
2022-11-15 16:13:55.611 | WARNING  | __main__:<module>:31 - precision		mean:0.692	std:0.039
2022-11-15 16:13:55.612 | WARNING  | __main__:<module>:32 - recall		mean:0.663	std:0.039
2022-11-15 16:13:55.613 | WARNING  | __main__:<module>:33 - f1		mean:0.676	std:0.032
2022-11-15 16:13:56.022 | WARNING  | __main__:<module>:11 - {'estimator__bootstrap': True, 'estimator__ccp_alpha': 0.0, 'estimator__class_weight': None, 'estimator__criterion': 'gini', 'estimator__max_depth': 9, 'estimator__max_features': 'auto', 'estimator__max_leaf_nodes': None, 'estimator__max_samples': None, 'estimator__min_impurity_decrease': 0.0, 'estimator__min_impurity_split': None, 'estimator__min_samples_leaf': 1, 'estimator__min_samples_split': 2, 'estimator__min_weight_fraction_leaf': 0.0, 'estimator__n_estimators': 200, 'estimator__n_jobs': None, 'estimator__oob_score': False, 'estimator__random_state': 43, 'estimator__verbose': 0, 'estimator__warm_start': False, 'estimator': RandomForestClassifier(max_depth=9, n_estimators=200, random_state=43), 'importance_getter': 'auto', 'max_features': None, 'norm_order': 1, 'prefit': True, 'threshold': None}
2022-11-15 16:13:57.213 | WARNING  | __main__:<module>:24 - 0.785	0.825	0.722	0.77
2022-11-15 16:13:58.390 | WARNING  | __main__:<module>:24 - 0.729	0.754	0.681	0.715
2022-11-15 16:13:59.603 | WARNING  | __main__:<module>:24 - 0.811	0.857	0.75	0.8
2022-11-15 16:14:00.785 | WARNING  | __main__:<module>:24 - 0.748	0.773	0.708	0.739
2022-11-15 16:14:01.957 | WARNING  | __main__:<module>:24 - 0.699	0.746	0.611	0.672
2022-11-15 16:14:03.183 | WARNING  | __main__:<module>:24 - 0.769	0.8	0.722	0.759
2022-11-15 16:14:04.435 | WARNING  | __main__:<module>:24 - 0.762	0.794	0.704	0.746
2022-11-15 16:14:05.687 | WARNING  | __main__:<module>:24 - 0.706	0.723	0.662	0.691
2022-11-15 16:14:06.873 | WARNING  | __main__:<module>:24 - 0.692	0.745	0.577	0.651
2022-11-15 16:14:08.028 | WARNING  | __main__:<module>:24 - 0.734	0.754	0.69	0.721
2022-11-15 16:14:08.030 | WARNING  | __main__:<module>:26 - accuracy		mean:0.744	std:0.037
2022-11-15 16:14:08.031 | WARNING  | __main__:<module>:27 - precision		mean:0.777	std:0.039
2022-11-15 16:14:08.031 | WARNING  | __main__:<module>:28 - recall		mean:0.683	std:0.05
2022-11-15 16:14:08.033 | WARNING  | __main__:<module>:29 - f1		mean:0.726	std:0.044
2022-11-15 16:14:09.585 | WARNING  | __main__:<module>:14 - {'ccp_alpha': 0.0, 'class_weight': None, 'criterion': 'entropy', 'max_depth': 16, 'max_features': None, 'max_leaf_nodes': None, 'min_impurity_decrease': 0.0, 'min_impurity_split': None, 'min_samples_leaf': 1, 'min_samples_split': 2, 'min_weight_fraction_leaf': 0.0, 'random_state': 43, 'splitter': 'best'}
2022-11-15 16:14:09.623 | WARNING  | __main__:<module>:27 - 0.681	0.691	0.653	0.671
2022-11-15 16:14:09.651 | WARNING  | __main__:<module>:27 - 0.688	0.68	0.708	0.694
2022-11-15 16:14:09.677 | WARNING  | __main__:<module>:27 - 0.692	0.706	0.667	0.686
2022-11-15 16:14:09.705 | WARNING  | __main__:<module>:27 - 0.636	0.635	0.653	0.644
2022-11-15 16:14:09.733 | WARNING  | __main__:<module>:27 - 0.692	0.689	0.708	0.699
2022-11-15 16:14:09.758 | WARNING  | __main__:<module>:27 - 0.706	0.734	0.653	0.691
2022-11-15 16:14:09.784 | WARNING  | __main__:<module>:27 - 0.608	0.609	0.592	0.6
2022-11-15 16:14:09.810 | WARNING  | __main__:<module>:27 - 0.566	0.579	0.465	0.516
2022-11-15 16:14:09.836 | WARNING  | __main__:<module>:27 - 0.629	0.65	0.549	0.595
2022-11-15 16:14:09.862 | WARNING  | __main__:<module>:27 - 0.657	0.653	0.662	0.657
2022-11-15 16:14:09.863 | WARNING  | __main__:<module>:29 - accuracy		mean:0.656	std:0.043
2022-11-15 16:14:09.864 | WARNING  | __main__:<module>:30 - precision		mean:0.663	std:0.044
2022-11-15 16:14:09.865 | WARNING  | __main__:<module>:31 - recall		mean:0.631	std:0.072
2022-11-15 16:14:09.867 | WARNING  | __main__:<module>:32 - f1		mean:0.645	std:0.056
2022-11-15 16:14:10.264 | WARNING  | __main__:<module>:19 - 0.667	0.853	0.403	0.547
2022-11-15 16:14:10.281 | WARNING  | __main__:<module>:19 - 0.681	0.882	0.417	0.566
2022-11-15 16:14:10.297 | WARNING  | __main__:<module>:19 - 0.671	0.903	0.389	0.544
2022-11-15 16:14:10.314 | WARNING  | __main__:<module>:19 - 0.671	0.879	0.403	0.552
2022-11-15 16:14:10.329 | WARNING  | __main__:<module>:19 - 0.678	0.861	0.431	0.574
2022-11-15 16:14:10.345 | WARNING  | __main__:<module>:19 - 0.692	0.889	0.444	0.593
2022-11-15 16:14:10.359 | WARNING  | __main__:<module>:19 - 0.671	0.816	0.437	0.569
2022-11-15 16:14:10.373 | WARNING  | __main__:<module>:19 - 0.65	0.8	0.394	0.528
2022-11-15 16:14:10.386 | WARNING  | __main__:<module>:19 - 0.664	0.829	0.408	0.547
2022-11-15 16:14:10.400 | WARNING  | __main__:<module>:19 - 0.72	0.897	0.493	0.636
2022-11-15 16:14:10.402 | WARNING  | __main__:<module>:21 - accuracy		mean:0.677	std:0.018
2022-11-15 16:14:10.403 | WARNING  | __main__:<module>:22 - precision		mean:0.861	std:0.034
2022-11-15 16:14:10.404 | WARNING  | __main__:<module>:23 - recall		mean:0.422	std:0.029
2022-11-15 16:14:10.405 | WARNING  | __main__:<module>:24 - f1		mean:0.566	std:0.029
2022-11-15 16:14:10.827 | WARNING  | __main__:<module>:19 - 0.562	0.68	0.236	0.351
2022-11-15 16:14:10.836 | WARNING  | __main__:<module>:19 - 0.625	0.8	0.333	0.471
2022-11-15 16:14:10.846 | WARNING  | __main__:<module>:19 - 0.622	0.846	0.306	0.449
2022-11-15 16:14:10.856 | WARNING  | __main__:<module>:19 - 0.636	0.885	0.319	0.469
2022-11-15 16:14:10.865 | WARNING  | __main__:<module>:19 - 0.573	0.762	0.222	0.344
2022-11-15 16:14:10.874 | WARNING  | __main__:<module>:19 - 0.615	0.84	0.292	0.433
2022-11-15 16:14:10.882 | WARNING  | __main__:<module>:19 - 0.538	0.667	0.141	0.233
2022-11-15 16:14:10.890 | WARNING  | __main__:<module>:19 - 0.587	0.773	0.239	0.366
2022-11-15 16:14:10.899 | WARNING  | __main__:<module>:19 - 0.587	0.75	0.254	0.379
2022-11-15 16:14:10.907 | WARNING  | __main__:<module>:19 - 0.622	0.87	0.282	0.426
2022-11-15 16:14:10.909 | WARNING  | __main__:<module>:21 - accuracy		mean:0.597	std:0.031
2022-11-15 16:14:10.910 | WARNING  | __main__:<module>:22 - precision		mean:0.787	std:0.071
2022-11-15 16:14:10.911 | WARNING  | __main__:<module>:23 - recall		mean:0.262	std:0.054
2022-11-15 16:14:10.912 | WARNING  | __main__:<module>:24 - f1		mean:0.392	std:0.07
