2022-11-28 09:55:27.508 | INFO     | __main__:<module>:80 - 使用嵌入法 RandomForestClassifier 进行特征选择,剩余(1278, 16)个特征
2022-11-28 09:55:27.509 | INFO     | __main__:<module>:90 - 剩余的特征是：['age', 'weight', 'albumin', 'total bilirubin', 'urea', 'creatinine', 'LDL Cholesterol', 'glycosylated hemoglobin', 'activated partial thromboplastin time', 'urine protein quantity', '24h urine protein quantity', 'Diabetes duration', 'C2/C0', 'NLR', 'PLR', 'HOMA-IR']
2022-11-28 09:55:27.527 | INFO     | __main__:<module>:111 - 使用 SMOTETomek 混合采样
2022-11-28 09:55:27.531 | INFO     | __main__:<module>:115 - 数据平衡前：非DPN组有530条,DPN组有748条
2022-11-28 09:55:27.569 | INFO     | __main__:<module>:117 - 数据平衡后：非DPN组有702条,DPN组有702条
2022-11-28 09:55:28.097 | WARNING  | __main__:<module>:26 - {'estimator__bootstrap': True, 'estimator__ccp_alpha': 0.0, 'estimator__class_weight': None, 'estimator__criterion': 'gini', 'estimator__max_depth': 9, 'estimator__max_features': 'auto', 'estimator__max_leaf_nodes': None, 'estimator__max_samples': None, 'estimator__min_impurity_decrease': 0.0, 'estimator__min_impurity_split': None, 'estimator__min_samples_leaf': 1, 'estimator__min_samples_split': 2, 'estimator__min_weight_fraction_leaf': 0.0, 'estimator__n_estimators': 200, 'estimator__n_jobs': None, 'estimator__oob_score': False, 'estimator__random_state': 43, 'estimator__verbose': 0, 'estimator__warm_start': False, 'estimator': RandomForestClassifier(max_depth=9, n_estimators=200, random_state=43), 'importance_getter': 'auto', 'max_features': None, 'norm_order': 1, 'prefit': True, 'threshold': None}
2022-11-28 09:55:29.293 | WARNING  | __main__:<module>:40 - 0.745	0.778	0.69	0.731
2022-11-28 09:55:29.884 | WARNING  | __main__:<module>:40 - 0.723	0.716	0.746	0.731
2022-11-28 09:55:30.468 | WARNING  | __main__:<module>:40 - 0.73	0.796	0.614	0.694
2022-11-28 09:55:31.044 | WARNING  | __main__:<module>:40 - 0.738	0.762	0.686	0.722
2022-11-28 09:55:31.601 | WARNING  | __main__:<module>:40 - 0.707	0.71	0.7	0.705
2022-11-28 09:55:32.152 | WARNING  | __main__:<module>:40 - 0.764	0.785	0.729	0.756
2022-11-28 09:55:32.707 | WARNING  | __main__:<module>:40 - 0.75	0.754	0.743	0.748
2022-11-28 09:55:33.232 | WARNING  | __main__:<module>:40 - 0.757	0.757	0.757	0.757
2022-11-28 09:55:33.745 | WARNING  | __main__:<module>:40 - 0.693	0.701	0.671	0.686
2022-11-28 09:55:34.270 | WARNING  | __main__:<module>:40 - 0.779	0.791	0.757	0.774
2022-11-28 09:55:34.272 | WARNING  | __main__:<module>:42 - accuracy		mean:0.739	std:0.025
2022-11-28 09:55:34.273 | WARNING  | __main__:<module>:43 - precision		mean:0.755	std:0.033
2022-11-28 09:55:34.274 | WARNING  | __main__:<module>:44 - recall		mean:0.709	std:0.044
2022-11-28 09:55:34.276 | WARNING  | __main__:<module>:45 - f1		mean:0.73	std:0.028
2022-11-28 09:55:36.273 | WARNING  | __main__:<module>:6 - {'C': 0.9899203552790449, 'break_ties': False, 'cache_size': 200, 'class_weight': None, 'coef0': 0.0, 'decision_function_shape': 'ovr', 'degree': 3, 'gamma': 0.8098439704037791, 'kernel': 'rbf', 'max_iter': -1, 'probability': True, 'random_state': 43, 'shrinking': True, 'tol': 0.001, 'verbose': False}
2022-11-28 09:55:36.677 | WARNING  | __main__:<module>:19 - 0.766	0.707	0.915	0.798
2022-11-28 09:55:37.080 | WARNING  | __main__:<module>:19 - 0.738	0.677	0.915	0.778
2022-11-28 09:55:37.478 | WARNING  | __main__:<module>:19 - 0.759	0.709	0.871	0.782
2022-11-28 09:55:37.879 | WARNING  | __main__:<module>:19 - 0.738	0.674	0.914	0.776
2022-11-28 09:55:38.278 | WARNING  | __main__:<module>:19 - 0.8	0.776	0.843	0.808
2022-11-28 09:55:38.684 | WARNING  | __main__:<module>:19 - 0.779	0.735	0.871	0.797
2022-11-28 09:55:39.092 | WARNING  | __main__:<module>:19 - 0.793	0.736	0.914	0.815
2022-11-28 09:55:39.504 | WARNING  | __main__:<module>:19 - 0.736	0.694	0.843	0.761
2022-11-28 09:55:39.915 | WARNING  | __main__:<module>:19 - 0.779	0.719	0.914	0.805
2022-11-28 09:55:40.332 | WARNING  | __main__:<module>:19 - 0.779	0.724	0.9	0.803
2022-11-28 09:55:40.334 | WARNING  | __main__:<module>:21 - accuracy		mean:0.766	std:0.022
2022-11-28 09:55:40.336 | WARNING  | __main__:<module>:22 - precision		mean:0.715	std:0.029
2022-11-28 09:55:40.337 | WARNING  | __main__:<module>:23 - recall		mean:0.89	std:0.029
2022-11-28 09:55:40.338 | WARNING  | __main__:<module>:24 - f1		mean:0.792	std:0.016
2022-11-28 09:56:26.206 | INFO     | __main__:<module>:80 - 使用嵌入法 RandomForestClassifier 进行特征选择,剩余(1278, 16)个特征
2022-11-28 09:56:26.207 | INFO     | __main__:<module>:90 - 剩余的特征是：['age', 'weight', 'albumin', 'total bilirubin', 'urea', 'creatinine', 'LDL Cholesterol', 'glycosylated hemoglobin', 'activated partial thromboplastin time', 'urine protein quantity', '24h urine protein quantity', 'Diabetes duration', 'C2/C0', 'NLR', 'PLR', 'HOMA-IR']
2022-11-28 09:56:26.224 | INFO     | __main__:<module>:111 - 使用 SMOTETomek 混合采样
2022-11-28 09:56:26.225 | INFO     | __main__:<module>:115 - 数据平衡前：非DPN组有530条,DPN组有748条
2022-11-28 09:56:26.269 | INFO     | __main__:<module>:117 - 数据平衡后：非DPN组有702条,DPN组有702条
2022-11-28 09:56:26.685 | WARNING  | __main__:<module>:26 - {'estimator__bootstrap': True, 'estimator__ccp_alpha': 0.0, 'estimator__class_weight': None, 'estimator__criterion': 'gini', 'estimator__max_depth': 9, 'estimator__max_features': 'auto', 'estimator__max_leaf_nodes': None, 'estimator__max_samples': None, 'estimator__min_impurity_decrease': 0.0, 'estimator__min_impurity_split': None, 'estimator__min_samples_leaf': 1, 'estimator__min_samples_split': 2, 'estimator__min_weight_fraction_leaf': 0.0, 'estimator__n_estimators': 200, 'estimator__n_jobs': None, 'estimator__oob_score': False, 'estimator__random_state': 43, 'estimator__verbose': 0, 'estimator__warm_start': False, 'estimator': RandomForestClassifier(max_depth=9, n_estimators=200, random_state=43), 'importance_getter': 'auto', 'max_features': None, 'norm_order': 1, 'prefit': True, 'threshold': None}
2022-11-28 09:56:27.832 | WARNING  | __main__:<module>:40 - 0.745	0.778	0.69	0.731
2022-11-28 09:56:28.410 | WARNING  | __main__:<module>:40 - 0.723	0.716	0.746	0.731
2022-11-28 09:56:28.963 | WARNING  | __main__:<module>:40 - 0.73	0.796	0.614	0.694
2022-11-28 09:56:29.522 | WARNING  | __main__:<module>:40 - 0.738	0.762	0.686	0.722
2022-11-28 09:56:30.066 | WARNING  | __main__:<module>:40 - 0.707	0.71	0.7	0.705
2022-11-28 09:56:30.635 | WARNING  | __main__:<module>:40 - 0.764	0.785	0.729	0.756
2022-11-28 09:56:31.155 | WARNING  | __main__:<module>:40 - 0.75	0.754	0.743	0.748
2022-11-28 09:56:31.701 | WARNING  | __main__:<module>:40 - 0.757	0.757	0.757	0.757
2022-11-28 09:56:32.228 | WARNING  | __main__:<module>:40 - 0.693	0.701	0.671	0.686
2022-11-28 09:56:32.776 | WARNING  | __main__:<module>:40 - 0.779	0.791	0.757	0.774
2022-11-28 09:56:32.778 | WARNING  | __main__:<module>:42 - accuracy		mean:0.739	std:0.025
2022-11-28 09:56:32.779 | WARNING  | __main__:<module>:43 - precision		mean:0.755	std:0.033
2022-11-28 09:56:32.780 | WARNING  | __main__:<module>:44 - recall		mean:0.709	std:0.044
2022-11-28 09:56:32.781 | WARNING  | __main__:<module>:45 - f1		mean:0.73	std:0.028
2022-11-28 09:56:34.867 | WARNING  | __main__:<module>:6 - {'C': 0.9899203552790449, 'break_ties': False, 'cache_size': 200, 'class_weight': None, 'coef0': 0.0, 'decision_function_shape': 'ovr', 'degree': 3, 'gamma': 0.8098439704037791, 'kernel': 'rbf', 'max_iter': -1, 'probability': True, 'random_state': 43, 'shrinking': True, 'tol': 0.001, 'verbose': False}
2022-11-28 09:56:35.296 | WARNING  | __main__:<module>:19 - 0.766	0.707	0.915	0.798
2022-11-28 09:56:35.703 | WARNING  | __main__:<module>:19 - 0.738	0.677	0.915	0.778
2022-11-28 09:56:36.102 | WARNING  | __main__:<module>:19 - 0.759	0.709	0.871	0.782
2022-11-28 09:56:36.501 | WARNING  | __main__:<module>:19 - 0.738	0.674	0.914	0.776
2022-11-28 09:56:36.902 | WARNING  | __main__:<module>:19 - 0.8	0.776	0.843	0.808
2022-11-28 09:56:37.306 | WARNING  | __main__:<module>:19 - 0.779	0.735	0.871	0.797
2022-11-28 09:56:37.706 | WARNING  | __main__:<module>:19 - 0.793	0.736	0.914	0.815
2022-11-28 09:56:38.106 | WARNING  | __main__:<module>:19 - 0.736	0.694	0.843	0.761
2022-11-28 09:56:38.505 | WARNING  | __main__:<module>:19 - 0.779	0.719	0.914	0.805
2022-11-28 09:56:38.908 | WARNING  | __main__:<module>:19 - 0.779	0.724	0.9	0.803
2022-11-28 09:56:38.909 | WARNING  | __main__:<module>:21 - accuracy		mean:0.766	std:0.022
2022-11-28 09:56:38.911 | WARNING  | __main__:<module>:22 - precision		mean:0.715	std:0.029
2022-11-28 09:56:38.912 | WARNING  | __main__:<module>:23 - recall		mean:0.89	std:0.029
2022-11-28 09:56:38.913 | WARNING  | __main__:<module>:24 - f1		mean:0.792	std:0.016
2022-11-28 11:57:25.486 | WARNING  | __main__:<module>:15 - {'C': 0.3856279932385604, 'class_weight': None, 'dual': False, 'fit_intercept': True, 'intercept_scaling': 1, 'l1_ratio': None, 'max_iter': 617, 'multi_class': 'auto', 'n_jobs': None, 'penalty': 'none', 'random_state': 43, 'solver': 'lbfgs', 'tol': 0.0001, 'verbose': 0, 'warm_start': False}
2022-11-28 11:57:25.508 | WARNING  | __main__:<module>:28 - 0.723	0.767	0.648	0.702
2022-11-28 11:57:25.523 | WARNING  | __main__:<module>:28 - 0.723	0.729	0.718	0.723
2022-11-28 11:57:25.536 | WARNING  | __main__:<module>:28 - 0.709	0.738	0.643	0.687
2022-11-28 11:57:25.550 | WARNING  | __main__:<module>:28 - 0.66	0.683	0.586	0.631
2022-11-28 11:57:25.558 | WARNING  | __main__:<module>:28 - 0.686	0.676	0.714	0.694
2022-11-28 11:57:25.575 | WARNING  | __main__:<module>:28 - 0.693	0.721	0.629	0.672
2022-11-28 11:57:25.586 | WARNING  | __main__:<module>:28 - 0.671	0.671	0.671	0.671
2022-11-28 11:57:25.599 | WARNING  | __main__:<module>:28 - 0.729	0.729	0.729	0.729
2022-11-28 11:57:25.612 | WARNING  | __main__:<module>:28 - 0.621	0.631	0.586	0.607
2022-11-28 11:57:25.624 | WARNING  | __main__:<module>:28 - 0.721	0.731	0.7	0.715
2022-11-28 11:57:25.625 | WARNING  | __main__:<module>:30 - accuracy		mean:0.694	std:0.033
2022-11-28 11:57:25.626 | WARNING  | __main__:<module>:31 - precision		mean:0.708	std:0.039
2022-11-28 11:57:25.627 | WARNING  | __main__:<module>:32 - recall		mean:0.662	std:0.05
2022-11-28 11:57:25.628 | WARNING  | __main__:<module>:33 - f1		mean:0.683	std:0.037
2022-11-28 11:57:26.044 | WARNING  | __main__:<module>:11 - {'estimator__bootstrap': True, 'estimator__ccp_alpha': 0.0, 'estimator__class_weight': None, 'estimator__criterion': 'gini', 'estimator__max_depth': 9, 'estimator__max_features': 'auto', 'estimator__max_leaf_nodes': None, 'estimator__max_samples': None, 'estimator__min_impurity_decrease': 0.0, 'estimator__min_impurity_split': None, 'estimator__min_samples_leaf': 1, 'estimator__min_samples_split': 2, 'estimator__min_weight_fraction_leaf': 0.0, 'estimator__n_estimators': 200, 'estimator__n_jobs': None, 'estimator__oob_score': False, 'estimator__random_state': 43, 'estimator__verbose': 0, 'estimator__warm_start': False, 'estimator': RandomForestClassifier(max_depth=9, n_estimators=200, random_state=43), 'importance_getter': 'auto', 'max_features': None, 'norm_order': 1, 'prefit': True, 'threshold': None}
2022-11-28 11:57:27.088 | WARNING  | __main__:<module>:24 - 0.709	0.768	0.606	0.677
2022-11-28 11:57:28.132 | WARNING  | __main__:<module>:24 - 0.745	0.754	0.732	0.743
2022-11-28 11:57:29.159 | WARNING  | __main__:<module>:24 - 0.73	0.808	0.6	0.689
2022-11-28 11:57:30.190 | WARNING  | __main__:<module>:24 - 0.752	0.818	0.643	0.72
2022-11-28 11:57:31.232 | WARNING  | __main__:<module>:24 - 0.75	0.761	0.729	0.745
2022-11-28 11:57:32.271 | WARNING  | __main__:<module>:24 - 0.743	0.783	0.671	0.723
2022-11-28 11:57:33.300 | WARNING  | __main__:<module>:24 - 0.721	0.731	0.7	0.715
2022-11-28 11:57:34.332 | WARNING  | __main__:<module>:24 - 0.757	0.765	0.743	0.754
2022-11-28 11:57:35.374 | WARNING  | __main__:<module>:24 - 0.686	0.71	0.629	0.667
2022-11-28 11:57:36.444 | WARNING  | __main__:<module>:24 - 0.764	0.825	0.671	0.74
2022-11-28 11:57:36.444 | WARNING  | __main__:<module>:26 - accuracy		mean:0.736	std:0.023
2022-11-28 11:57:36.446 | WARNING  | __main__:<module>:27 - precision		mean:0.772	std:0.035
2022-11-28 11:57:36.447 | WARNING  | __main__:<module>:28 - recall		mean:0.672	std:0.05
2022-11-28 11:57:36.448 | WARNING  | __main__:<module>:29 - f1		mean:0.717	std:0.029
2022-11-28 11:57:37.561 | WARNING  | __main__:<module>:14 - {'ccp_alpha': 0.0, 'class_weight': None, 'criterion': 'entropy', 'max_depth': 16, 'max_features': None, 'max_leaf_nodes': None, 'min_impurity_decrease': 0.0, 'min_impurity_split': None, 'min_samples_leaf': 1, 'min_samples_split': 2, 'min_weight_fraction_leaf': 0.0, 'random_state': 43, 'splitter': 'best'}
2022-11-28 11:57:37.586 | WARNING  | __main__:<module>:27 - 0.631	0.667	0.535	0.594
2022-11-28 11:57:37.610 | WARNING  | __main__:<module>:27 - 0.723	0.722	0.732	0.727
2022-11-28 11:57:37.632 | WARNING  | __main__:<module>:27 - 0.674	0.682	0.643	0.662
2022-11-28 11:57:37.656 | WARNING  | __main__:<module>:27 - 0.652	0.657	0.629	0.642
2022-11-28 11:57:37.678 | WARNING  | __main__:<module>:27 - 0.657	0.672	0.614	0.642
2022-11-28 11:57:37.701 | WARNING  | __main__:<module>:27 - 0.636	0.634	0.643	0.638
2022-11-28 11:57:37.723 | WARNING  | __main__:<module>:27 - 0.707	0.716	0.686	0.701
2022-11-28 11:57:37.747 | WARNING  | __main__:<module>:27 - 0.671	0.714	0.571	0.635
2022-11-28 11:57:37.770 | WARNING  | __main__:<module>:27 - 0.643	0.685	0.529	0.597
2022-11-28 11:57:37.792 | WARNING  | __main__:<module>:27 - 0.693	0.721	0.629	0.672
2022-11-28 11:57:37.793 | WARNING  | __main__:<module>:29 - accuracy		mean:0.669	std:0.029
2022-11-28 11:57:37.794 | WARNING  | __main__:<module>:30 - precision		mean:0.687	std:0.029
2022-11-28 11:57:37.795 | WARNING  | __main__:<module>:31 - recall		mean:0.621	std:0.06
2022-11-28 11:57:37.796 | WARNING  | __main__:<module>:32 - f1		mean:0.651	std:0.04
2022-11-28 11:57:38.117 | WARNING  | __main__:<module>:19 - 0.688	0.886	0.437	0.585
2022-11-28 11:57:38.130 | WARNING  | __main__:<module>:19 - 0.688	0.8	0.507	0.621
2022-11-28 11:57:38.144 | WARNING  | __main__:<module>:19 - 0.617	0.833	0.286	0.426
2022-11-28 11:57:38.158 | WARNING  | __main__:<module>:19 - 0.652	0.889	0.343	0.495
2022-11-28 11:57:38.171 | WARNING  | __main__:<module>:19 - 0.586	0.688	0.314	0.431
2022-11-28 11:57:38.182 | WARNING  | __main__:<module>:19 - 0.686	0.964	0.386	0.551
2022-11-28 11:57:38.195 | WARNING  | __main__:<module>:19 - 0.664	0.848	0.4	0.544
2022-11-28 11:57:38.209 | WARNING  | __main__:<module>:19 - 0.721	0.97	0.457	0.621
2022-11-28 11:57:38.222 | WARNING  | __main__:<module>:19 - 0.657	0.806	0.414	0.547
2022-11-28 11:57:38.235 | WARNING  | __main__:<module>:19 - 0.729	0.9	0.514	0.655
2022-11-28 11:57:38.237 | WARNING  | __main__:<module>:21 - accuracy		mean:0.669	std:0.042
2022-11-28 11:57:38.238 | WARNING  | __main__:<module>:22 - precision		mean:0.858	std:0.079
2022-11-28 11:57:38.239 | WARNING  | __main__:<module>:23 - recall		mean:0.406	std:0.073
2022-11-28 11:57:38.240 | WARNING  | __main__:<module>:24 - f1		mean:0.548	std:0.074
2022-11-28 11:57:38.635 | WARNING  | __main__:<module>:19 - 0.567	0.708	0.239	0.358
2022-11-28 11:57:38.643 | WARNING  | __main__:<module>:19 - 0.603	0.759	0.31	0.44
2022-11-28 11:57:38.651 | WARNING  | __main__:<module>:19 - 0.645	0.857	0.343	0.49
2022-11-28 11:57:38.659 | WARNING  | __main__:<module>:19 - 0.56	0.7	0.2	0.311
2022-11-28 11:57:38.666 | WARNING  | __main__:<module>:19 - 0.621	0.905	0.271	0.418
2022-11-28 11:57:38.674 | WARNING  | __main__:<module>:19 - 0.593	0.783	0.257	0.387
2022-11-28 11:57:38.681 | WARNING  | __main__:<module>:19 - 0.579	0.739	0.243	0.366
2022-11-28 11:57:38.689 | WARNING  | __main__:<module>:19 - 0.579	0.789	0.214	0.337
2022-11-28 11:57:38.696 | WARNING  | __main__:<module>:19 - 0.636	0.913	0.3	0.452
2022-11-28 11:57:38.703 | WARNING  | __main__:<module>:19 - 0.571	0.727	0.229	0.348
2022-11-28 11:57:38.704 | WARNING  | __main__:<module>:21 - accuracy		mean:0.595	std:0.028
2022-11-28 11:57:38.705 | WARNING  | __main__:<module>:22 - precision		mean:0.788	std:0.074
2022-11-28 11:57:38.706 | WARNING  | __main__:<module>:23 - recall		mean:0.261	std:0.043
2022-11-28 11:57:38.707 | WARNING  | __main__:<module>:24 - f1		mean:0.391	std:0.054
2022-11-28 15:09:13.487 | INFO     | __main__:<module>:28 - 调参结束，最佳结果为:0.7511848341232228
2022-11-28 15:09:13.491 | INFO     | __main__:<module>:29 - 调参结束，最佳参数为:{'n_estimators': 400, 'max_depth': 16, 'grow_policy': 'lossguide', 'learning_rate': 0.006191639099286969, 'gamma': 4.5143785689654274e-07, 'reg_lambda': 4.498936651203788e-05, 'reg_alpha': 9.564166993670381e-05, 'subsample': 0.9996387116282467, 'colsample_bytree': 0.432558419362822}
2022-11-28 15:42:41.618 | INFO     | __main__:<module>:80 - 使用嵌入法 RandomForestClassifier 进行特征选择,剩余(1278, 16)个特征
2022-11-28 15:42:41.620 | INFO     | __main__:<module>:90 - 剩余的特征是：['age', 'weight', 'albumin', 'total bilirubin', 'urea', 'creatinine', 'LDL Cholesterol', 'glycosylated hemoglobin', 'activated partial thromboplastin time', 'urine protein quantity', '24h urine protein quantity', 'Diabetes duration', 'C2/C0', 'NLR', 'PLR', 'HOMA-IR']
2022-11-28 15:42:41.635 | INFO     | __main__:<module>:111 - 使用 SMOTETomek 混合采样
2022-11-28 15:42:41.636 | INFO     | __main__:<module>:115 - 数据平衡前：非DPN组有530条,DPN组有748条
2022-11-28 15:42:41.683 | INFO     | __main__:<module>:117 - 数据平衡后：非DPN组有702条,DPN组有702条
