2022-12-30 10:56:04.424 | INFO     | __main__:<module>:80 - 使用嵌入法 RandomForestClassifier 进行特征选择,剩余(1278, 19)个特征
2022-12-30 10:56:04.426 | INFO     | __main__:<module>:90 - 剩余的特征是：['age', 'weight', 'hemoglobin', 'alanine aminotransferase', 'albumin', 'total bilirubin', 'urea', 'creatinine', 'total cholesterol', 'triglyceride', 'glycosylated hemoglobin', 'activated partial thromboplastin time', 'urine protein quantity', '24h urine protein quantity', 'Diabetes duration', 'C2/C0', 'NLR', 'HOMA-IR', 'U/C']
2022-12-30 10:56:04.448 | INFO     | __main__:<module>:111 - 使用 SMOTETomek 混合采样
2022-12-30 10:56:04.451 | INFO     | __main__:<module>:115 - 数据平衡前：非DPN组有530条,DPN组有748条
2022-12-30 10:56:04.513 | INFO     | __main__:<module>:117 - 数据平衡后：非DPN组有713条,DPN组有713条
2022-12-30 10:56:05.009 | WARNING  | __main__:<module>:26 - {'objective': 'binary:logistic', 'use_label_encoder': False, 'base_score': None, 'booster': None, 'callbacks': None, 'colsample_bylevel': None, 'colsample_bynode': None, 'colsample_bytree': 0.661037320664513, 'early_stopping_rounds': None, 'enable_categorical': False, 'eval_metric': 'logloss', 'gamma': 1.2214671674376956e-05, 'gpu_id': None, 'grow_policy': 'lossguide', 'importance_type': None, 'interaction_constraints': None, 'learning_rate': 0.04690250747972388, 'max_bin': None, 'max_cat_to_onehot': None, 'max_delta_step': None, 'max_depth': 12, 'max_leaves': None, 'min_child_weight': None, 'missing': nan, 'monotone_constraints': None, 'n_estimators': 350, 'n_jobs': None, 'num_parallel_tree': None, 'predictor': None, 'random_state': 43, 'reg_alpha': 1.6642675952811388e-07, 'reg_lambda': 2.592776397904034e-05, 'sampling_method': None, 'scale_pos_weight': None, 'subsample': 0.897341255267949, 'tree_method': 'exact', 'validate_parameters': None, 'verbosity': 0}
2022-12-30 10:56:07.118 | WARNING  | __main__:<module>:40 - 0.769	0.8	0.722	0.759
2022-12-30 10:56:07.660 | WARNING  | __main__:<module>:40 - 0.741	0.769	0.694	0.73
2022-12-30 10:56:08.113 | WARNING  | __main__:<module>:40 - 0.769	0.775	0.764	0.769
2022-12-30 10:56:08.581 | WARNING  | __main__:<module>:40 - 0.783	0.803	0.746	0.774
2022-12-30 10:56:09.042 | WARNING  | __main__:<module>:40 - 0.741	0.793	0.648	0.713
2022-12-30 10:56:09.517 | WARNING  | __main__:<module>:40 - 0.811	0.775	0.873	0.821
2022-12-30 10:56:09.981 | WARNING  | __main__:<module>:40 - 0.782	0.803	0.746	0.774
2022-12-30 10:56:10.431 | WARNING  | __main__:<module>:40 - 0.732	0.732	0.732	0.732
2022-12-30 10:56:10.892 | WARNING  | __main__:<module>:40 - 0.761	0.768	0.746	0.757
2022-12-30 10:56:11.350 | WARNING  | __main__:<module>:40 - 0.704	0.723	0.662	0.691
2022-12-30 10:56:11.351 | WARNING  | __main__:<module>:42 - accuracy		mean:0.759	std:0.029
2022-12-30 10:56:11.352 | WARNING  | __main__:<module>:43 - precision		mean:0.774	std:0.027
2022-12-30 10:56:11.353 | WARNING  | __main__:<module>:44 - recall		mean:0.734	std:0.059
2022-12-30 10:56:11.354 | WARNING  | __main__:<module>:45 - f1		mean:0.752	std:0.035
2022-12-30 10:56:40.853 | INFO     | __main__:<module>:22 - 调参结束，最佳结果为:0.735981308411215
2022-12-30 10:56:40.853 | INFO     | __main__:<module>:23 - 调参结束，最佳参数为:{'C': 0.9754780984331737, 'gamma': 0.3179285393452802}
2022-12-30 10:56:40.935 | WARNING  | __main__:<module>:6 - {'C': 0.9754780984331737, 'break_ties': False, 'cache_size': 200, 'class_weight': None, 'coef0': 0.0, 'decision_function_shape': 'ovr', 'degree': 3, 'gamma': 0.3179285393452802, 'kernel': 'rbf', 'max_iter': -1, 'probability': True, 'random_state': 43, 'shrinking': True, 'tol': 0.001, 'verbose': False}
2022-12-30 10:56:41.373 | WARNING  | __main__:<module>:19 - 0.692	0.689	0.708	0.699
2022-12-30 10:56:41.803 | WARNING  | __main__:<module>:19 - 0.72	0.695	0.792	0.74
2022-12-30 10:56:42.236 | WARNING  | __main__:<module>:19 - 0.755	0.723	0.833	0.774
2022-12-30 10:56:42.671 | WARNING  | __main__:<module>:19 - 0.762	0.728	0.831	0.776
2022-12-30 10:56:43.105 | WARNING  | __main__:<module>:19 - 0.783	0.794	0.761	0.777
2022-12-30 10:56:43.532 | WARNING  | __main__:<module>:19 - 0.769	0.738	0.831	0.781
2022-12-30 10:56:43.960 | WARNING  | __main__:<module>:19 - 0.718	0.707	0.746	0.726
2022-12-30 10:56:44.389 | WARNING  | __main__:<module>:19 - 0.768	0.788	0.732	0.759
2022-12-30 10:56:44.827 | WARNING  | __main__:<module>:19 - 0.768	0.744	0.817	0.779
2022-12-30 10:56:45.277 | WARNING  | __main__:<module>:19 - 0.768	0.771	0.761	0.766
2022-12-30 10:56:45.277 | WARNING  | __main__:<module>:21 - accuracy		mean:0.75	std:0.028
2022-12-30 10:56:45.278 | WARNING  | __main__:<module>:22 - precision		mean:0.738	std:0.035
2022-12-30 10:56:45.279 | WARNING  | __main__:<module>:23 - recall		mean:0.781	std:0.043
2022-12-30 10:56:45.280 | WARNING  | __main__:<module>:24 - f1		mean:0.758	std:0.026
2022-12-30 10:56:46.005 | WARNING  | __main__:<module>:15 - {'C': 0.1192450312489694, 'class_weight': None, 'dual': False, 'fit_intercept': True, 'intercept_scaling': 1, 'l1_ratio': None, 'max_iter': 3448, 'multi_class': 'auto', 'n_jobs': None, 'penalty': 'l2', 'random_state': 43, 'solver': 'lbfgs', 'tol': 0.0001, 'verbose': 0, 'warm_start': False}
2022-12-30 10:56:46.028 | WARNING  | __main__:<module>:28 - 0.713	0.718	0.708	0.713
2022-12-30 10:56:46.043 | WARNING  | __main__:<module>:28 - 0.657	0.695	0.569	0.626
2022-12-30 10:56:46.058 | WARNING  | __main__:<module>:28 - 0.699	0.704	0.694	0.699
2022-12-30 10:56:46.071 | WARNING  | __main__:<module>:28 - 0.643	0.635	0.662	0.648
2022-12-30 10:56:46.083 | WARNING  | __main__:<module>:28 - 0.678	0.698	0.62	0.657
2022-12-30 10:56:46.097 | WARNING  | __main__:<module>:28 - 0.685	0.686	0.676	0.681
2022-12-30 10:56:46.109 | WARNING  | __main__:<module>:28 - 0.711	0.714	0.704	0.709
2022-12-30 10:56:46.121 | WARNING  | __main__:<module>:28 - 0.697	0.726	0.634	0.677
2022-12-30 10:56:46.137 | WARNING  | __main__:<module>:28 - 0.69	0.69	0.69	0.69
2022-12-30 10:56:46.150 | WARNING  | __main__:<module>:28 - 0.655	0.672	0.606	0.637
2022-12-30 10:56:46.151 | WARNING  | __main__:<module>:30 - accuracy		mean:0.683	std:0.023
2022-12-30 10:56:46.152 | WARNING  | __main__:<module>:31 - precision		mean:0.694	std:0.025
2022-12-30 10:56:46.153 | WARNING  | __main__:<module>:32 - recall		mean:0.656	std:0.045
2022-12-30 10:56:46.153 | WARNING  | __main__:<module>:33 - f1		mean:0.674	std:0.029
2022-12-30 10:56:46.494 | WARNING  | __main__:<module>:11 - {'estimator__bootstrap': True, 'estimator__ccp_alpha': 0.0, 'estimator__class_weight': None, 'estimator__criterion': 'gini', 'estimator__max_depth': 8, 'estimator__max_features': 'auto', 'estimator__max_leaf_nodes': None, 'estimator__max_samples': None, 'estimator__min_impurity_decrease': 0.0, 'estimator__min_impurity_split': None, 'estimator__min_samples_leaf': 1, 'estimator__min_samples_split': 2, 'estimator__min_weight_fraction_leaf': 0.0, 'estimator__n_estimators': 200, 'estimator__n_jobs': None, 'estimator__oob_score': False, 'estimator__random_state': 43, 'estimator__verbose': 0, 'estimator__warm_start': False, 'estimator': RandomForestClassifier(max_depth=8, n_estimators=200, random_state=43), 'importance_getter': 'auto', 'max_features': None, 'norm_order': 1, 'prefit': True, 'threshold': None}
2022-12-30 10:56:47.007 | WARNING  | __main__:<module>:24 - 0.72	0.758	0.653	0.701
2022-12-30 10:56:47.535 | WARNING  | __main__:<module>:24 - 0.692	0.741	0.597	0.662
2022-12-30 10:56:48.044 | WARNING  | __main__:<module>:24 - 0.741	0.746	0.736	0.741
2022-12-30 10:56:48.554 | WARNING  | __main__:<module>:24 - 0.741	0.783	0.662	0.718
2022-12-30 10:56:49.062 | WARNING  | __main__:<module>:24 - 0.755	0.81	0.662	0.729
2022-12-30 10:56:49.567 | WARNING  | __main__:<module>:24 - 0.713	0.734	0.662	0.696
2022-12-30 10:56:50.073 | WARNING  | __main__:<module>:24 - 0.761	0.776	0.732	0.754
2022-12-30 10:56:50.578 | WARNING  | __main__:<module>:24 - 0.697	0.759	0.577	0.656
2022-12-30 10:56:51.104 | WARNING  | __main__:<module>:24 - 0.732	0.732	0.732	0.732
2022-12-30 10:56:51.623 | WARNING  | __main__:<module>:24 - 0.732	0.78	0.648	0.708
2022-12-30 10:56:51.624 | WARNING  | __main__:<module>:26 - accuracy		mean:0.729	std:0.022
2022-12-30 10:56:51.626 | WARNING  | __main__:<module>:27 - precision		mean:0.762	std:0.024
2022-12-30 10:56:51.628 | WARNING  | __main__:<module>:28 - recall		mean:0.666	std:0.052
2022-12-30 10:56:51.630 | WARNING  | __main__:<module>:29 - f1		mean:0.71	std:0.031
2022-12-30 10:56:52.425 | WARNING  | __main__:<module>:14 - {'ccp_alpha': 0.0, 'class_weight': None, 'criterion': 'gini', 'max_depth': 14, 'max_features': None, 'max_leaf_nodes': None, 'min_impurity_decrease': 0.0, 'min_impurity_split': None, 'min_samples_leaf': 1, 'min_samples_split': 2, 'min_weight_fraction_leaf': 0.0, 'random_state': 43, 'splitter': 'best'}
2022-12-30 10:56:52.448 | WARNING  | __main__:<module>:27 - 0.692	0.741	0.597	0.662
2022-12-30 10:56:52.470 | WARNING  | __main__:<module>:27 - 0.671	0.698	0.611	0.652
2022-12-30 10:56:52.490 | WARNING  | __main__:<module>:27 - 0.636	0.652	0.597	0.623
2022-12-30 10:56:52.509 | WARNING  | __main__:<module>:27 - 0.671	0.688	0.62	0.652
2022-12-30 10:56:52.530 | WARNING  | __main__:<module>:27 - 0.685	0.703	0.634	0.667
2022-12-30 10:56:52.551 | WARNING  | __main__:<module>:27 - 0.699	0.7	0.69	0.695
2022-12-30 10:56:52.571 | WARNING  | __main__:<module>:27 - 0.669	0.682	0.634	0.657
2022-12-30 10:56:52.591 | WARNING  | __main__:<module>:27 - 0.711	0.721	0.69	0.705
2022-12-30 10:56:52.615 | WARNING  | __main__:<module>:27 - 0.655	0.672	0.606	0.637
2022-12-30 10:56:52.637 | WARNING  | __main__:<module>:27 - 0.676	0.687	0.648	0.667
2022-12-30 10:56:52.638 | WARNING  | __main__:<module>:29 - accuracy		mean:0.677	std:0.021
2022-12-30 10:56:52.639 | WARNING  | __main__:<module>:30 - precision		mean:0.694	std:0.024
2022-12-30 10:56:52.640 | WARNING  | __main__:<module>:31 - recall		mean:0.633	std:0.033
2022-12-30 10:56:52.642 | WARNING  | __main__:<module>:32 - f1		mean:0.662	std:0.023
2022-12-30 10:56:52.939 | WARNING  | __main__:<module>:19 - 0.685	0.886	0.431	0.579
2022-12-30 10:56:52.954 | WARNING  | __main__:<module>:19 - 0.608	0.767	0.319	0.451
2022-12-30 10:56:52.969 | WARNING  | __main__:<module>:19 - 0.72	0.881	0.514	0.649
2022-12-30 10:56:52.982 | WARNING  | __main__:<module>:19 - 0.643	0.812	0.366	0.505
2022-12-30 10:56:52.998 | WARNING  | __main__:<module>:19 - 0.636	0.788	0.366	0.5
2022-12-30 10:56:53.014 | WARNING  | __main__:<module>:19 - 0.734	0.902	0.521	0.661
2022-12-30 10:56:53.027 | WARNING  | __main__:<module>:19 - 0.732	0.851	0.563	0.678
2022-12-30 10:56:53.043 | WARNING  | __main__:<module>:19 - 0.613	0.735	0.352	0.476
2022-12-30 10:56:53.056 | WARNING  | __main__:<module>:19 - 0.711	0.857	0.507	0.637
2022-12-30 10:56:53.071 | WARNING  | __main__:<module>:19 - 0.669	0.929	0.366	0.525
2022-12-30 10:56:53.072 | WARNING  | __main__:<module>:21 - accuracy		mean:0.675	std:0.046
2022-12-30 10:56:53.073 | WARNING  | __main__:<module>:22 - precision		mean:0.841	std:0.06
2022-12-30 10:56:53.074 | WARNING  | __main__:<module>:23 - recall		mean:0.431	std:0.083
2022-12-30 10:56:53.075 | WARNING  | __main__:<module>:24 - f1		mean:0.566	std:0.08
2022-12-30 10:56:53.384 | WARNING  | __main__:<module>:19 - 0.573	0.739	0.236	0.358
2022-12-30 10:56:53.392 | WARNING  | __main__:<module>:19 - 0.545	0.706	0.167	0.27
2022-12-30 10:56:53.401 | WARNING  | __main__:<module>:19 - 0.629	0.806	0.347	0.485
2022-12-30 10:56:53.408 | WARNING  | __main__:<module>:19 - 0.573	0.812	0.183	0.299
2022-12-30 10:56:53.417 | WARNING  | __main__:<module>:19 - 0.601	0.818	0.254	0.387
2022-12-30 10:56:53.426 | WARNING  | __main__:<module>:19 - 0.559	0.722	0.183	0.292
2022-12-30 10:56:53.435 | WARNING  | __main__:<module>:19 - 0.606	0.857	0.254	0.391
2022-12-30 10:56:53.443 | WARNING  | __main__:<module>:19 - 0.542	0.667	0.169	0.27
2022-12-30 10:56:53.453 | WARNING  | __main__:<module>:19 - 0.563	0.667	0.254	0.367
2022-12-30 10:56:53.462 | WARNING  | __main__:<module>:19 - 0.62	0.947	0.254	0.4
2022-12-30 10:56:53.463 | WARNING  | __main__:<module>:21 - accuracy		mean:0.581	std:0.029
2022-12-30 10:56:53.463 | WARNING  | __main__:<module>:22 - precision		mean:0.774	std:0.085
2022-12-30 10:56:53.464 | WARNING  | __main__:<module>:23 - recall		mean:0.23	std:0.053
2022-12-30 10:56:53.465 | WARNING  | __main__:<module>:24 - f1		mean:0.352	std:0.066
