2022-11-19 11:22:49.189 | INFO     | __main__:<module>:49 - 使用嵌入法 RandomForestClassifier 进行特征选择,剩余(958, 19)个特征
2022-11-19 11:22:49.191 | INFO     | __main__:<module>:53 - 剩余的特征是：['age', 'weight', 'white blood cell count', 'albumin', 'urea', 'creatinine', 'Uric Acid', 'total cholesterol', 'triglyceride', 'LDL Cholesterol', 'glycosylated hemoglobin', 'activated partial thromboplastin time', 'urine protein quantity', '24h urine protein quantity', 'Diabetes duration', 'C2/C0', 'NLR', 'PLR', 'HOMA-IR']
2022-11-19 11:22:49.193 | INFO     | __main__:<module>:57 - 使用 SMOTETomek 混合采样
2022-11-19 11:22:49.195 | INFO     | __main__:<module>:60 - 数据平衡前：非DPN组有384条,DPN组有574条
2022-11-19 11:22:49.223 | INFO     | __main__:<module>:62 - 数据平衡后：非DPN组有541条,DPN组有541条
2022-11-19 11:22:49.352 | WARNING  | __main__:<module>:26 - {'estimator__bootstrap': True, 'estimator__ccp_alpha': 0.0, 'estimator__class_weight': None, 'estimator__criterion': 'gini', 'estimator__max_depth': 9, 'estimator__max_features': 'auto', 'estimator__max_leaf_nodes': None, 'estimator__max_samples': None, 'estimator__min_impurity_decrease': 0.0, 'estimator__min_impurity_split': None, 'estimator__min_samples_leaf': 1, 'estimator__min_samples_split': 2, 'estimator__min_weight_fraction_leaf': 0.0, 'estimator__n_estimators': 200, 'estimator__n_jobs': None, 'estimator__oob_score': False, 'estimator__random_state': 43, 'estimator__verbose': 0, 'estimator__warm_start': False, 'estimator': RandomForestClassifier(max_depth=9, n_estimators=200, random_state=43), 'importance_getter': 'auto', 'max_features': None, 'norm_order': 1, 'prefit': True, 'threshold': None}
2022-11-19 11:22:50.367 | WARNING  | __main__:<module>:40 - 0.761	0.769	0.741	0.755
2022-11-19 11:22:50.899 | WARNING  | __main__:<module>:40 - 0.798	0.824	0.764	0.792
2022-11-19 11:22:51.389 | WARNING  | __main__:<module>:40 - 0.731	0.727	0.741	0.734
2022-11-19 11:22:51.870 | WARNING  | __main__:<module>:40 - 0.75	0.755	0.741	0.748
2022-11-19 11:22:52.409 | WARNING  | __main__:<module>:40 - 0.741	0.795	0.648	0.714
2022-11-19 11:22:52.999 | WARNING  | __main__:<module>:40 - 0.769	0.764	0.778	0.771
2022-11-19 11:22:53.520 | WARNING  | __main__:<module>:40 - 0.741	0.81	0.63	0.708
2022-11-19 11:22:54.028 | WARNING  | __main__:<module>:40 - 0.713	0.735	0.667	0.699
2022-11-19 11:22:54.548 | WARNING  | __main__:<module>:40 - 0.704	0.683	0.759	0.719
2022-11-19 11:22:55.048 | WARNING  | __main__:<module>:40 - 0.731	0.736	0.722	0.729
2022-11-19 11:22:55.050 | WARNING  | __main__:<module>:42 - accuracy		mean:0.744	std:0.026
2022-11-19 11:22:55.052 | WARNING  | __main__:<module>:43 - precision		mean:0.76	std:0.04
2022-11-19 11:22:55.055 | WARNING  | __main__:<module>:44 - recall		mean:0.719	std:0.049
2022-11-19 11:22:55.057 | WARNING  | __main__:<module>:45 - f1		mean:0.737	std:0.028
2022-11-19 11:24:37.146 | INFO     | __main__:<module>:19 - 调参结束，最佳结果为:0.7967571257893837
2022-11-19 11:24:37.148 | INFO     | __main__:<module>:20 - 调参结束，最佳参数为:{'C': 0.9777815653964237, 'gamma': 0.48125232553773434}
2022-11-19 11:24:37.238 | WARNING  | __main__:<module>:6 - {'C': 0.9777815653964237, 'break_ties': False, 'cache_size': 200, 'class_weight': None, 'coef0': 0.0, 'decision_function_shape': 'ovr', 'degree': 3, 'gamma': 0.48125232553773434, 'kernel': 'rbf', 'max_iter': -1, 'probability': False, 'random_state': None, 'shrinking': True, 'tol': 0.001, 'verbose': False}
2022-11-19 11:24:37.448 | WARNING  | __main__:<module>:9 - 0.599	0.599	1.0	0.749
2022-11-19 11:25:47.477 | INFO     | __main__:<module>:15 - 调参结束，最佳结果为:0.6903823178016727
2022-11-19 11:25:47.478 | INFO     | __main__:<module>:16 - 调参结束，最佳参数为:{'penalty': 'l2', 'C': 0.035442078829005, 'max_iter': 3605}
2022-11-19 11:25:57.271 | WARNING  | __main__:<module>:15 - {'C': 0.035442078829005, 'class_weight': None, 'dual': False, 'fit_intercept': True, 'intercept_scaling': 1, 'l1_ratio': None, 'max_iter': 3605, 'multi_class': 'auto', 'n_jobs': None, 'penalty': 'l2', 'random_state': None, 'solver': 'lbfgs', 'tol': 0.0001, 'verbose': 0, 'warm_start': False}
2022-11-19 11:25:58.045 | WARNING  | __main__:<module>:18 - 0.592	0.796	0.429	0.557
