2022-11-16 09:36:48.663 | INFO     | __main__:<module>:80 - 使用嵌入法 RandomForestClassifier 进行特征选择,剩余(1278, 16)个特征
2022-11-16 09:36:48.665 | INFO     | __main__:<module>:90 - 剩余的特征是：['age', 'hemoglobin', 'albumin', 'total bilirubin', 'urea', 'creatinine', 'Uric Acid', 'total cholesterol', 'glycosylated hemoglobin', 'activated partial thromboplastin time', 'urine protein quantity', '24h urine protein quantity', 'Diabetes duration', 'C2/C0', 'NLR', 'HOMA-IR']
2022-11-16 09:36:48.679 | INFO     | __main__:<module>:111 - 使用 SMOTETomek 混合采样
2022-11-16 09:36:48.681 | INFO     | __main__:<module>:115 - 数据平衡前：非DPN组有530条,DPN组有748条
2022-11-16 09:36:48.724 | INFO     | __main__:<module>:117 - 数据平衡后：非DPN组有700条,DPN组有700条
2022-11-16 09:36:49.329 | WARNING  | __main__:<module>:26 - {'estimator__bootstrap': True, 'estimator__ccp_alpha': 0.0, 'estimator__class_weight': None, 'estimator__criterion': 'gini', 'estimator__max_depth': 9, 'estimator__max_features': 'auto', 'estimator__max_leaf_nodes': None, 'estimator__max_samples': None, 'estimator__min_impurity_decrease': 0.0, 'estimator__min_impurity_split': None, 'estimator__min_samples_leaf': 1, 'estimator__min_samples_split': 2, 'estimator__min_weight_fraction_leaf': 0.0, 'estimator__n_estimators': 200, 'estimator__n_jobs': None, 'estimator__oob_score': False, 'estimator__random_state': 43, 'estimator__verbose': 0, 'estimator__warm_start': False, 'estimator': RandomForestClassifier(max_depth=9, n_estimators=200, random_state=43), 'importance_getter': 'auto', 'max_features': None, 'norm_order': 1, 'prefit': True, 'threshold': None}
2022-11-16 09:36:50.544 | WARNING  | __main__:<module>:40 - 0.686	0.717	0.614	0.662
2022-11-16 09:36:51.092 | WARNING  | __main__:<module>:40 - 0.786	0.833	0.714	0.769
2022-11-16 09:36:51.651 | WARNING  | __main__:<module>:40 - 0.757	0.773	0.729	0.75
2022-11-16 09:36:52.236 | WARNING  | __main__:<module>:40 - 0.8	0.809	0.786	0.797
2022-11-16 09:36:52.762 | WARNING  | __main__:<module>:40 - 0.707	0.723	0.671	0.696
2022-11-16 09:36:53.290 | WARNING  | __main__:<module>:40 - 0.793	0.797	0.786	0.791
2022-11-16 09:36:53.802 | WARNING  | __main__:<module>:40 - 0.743	0.758	0.714	0.735
2022-11-16 09:36:54.311 | WARNING  | __main__:<module>:40 - 0.771	0.797	0.729	0.761
2022-11-16 09:36:54.862 | WARNING  | __main__:<module>:40 - 0.757	0.781	0.714	0.746
2022-11-16 09:36:55.416 | WARNING  | __main__:<module>:40 - 0.814	0.789	0.857	0.822
2022-11-16 09:36:55.418 | WARNING  | __main__:<module>:42 - accuracy		mean:0.761	std:0.039
2022-11-16 09:36:55.419 | WARNING  | __main__:<module>:43 - precision		mean:0.778	std:0.035
2022-11-16 09:36:55.420 | WARNING  | __main__:<module>:44 - recall		mean:0.731	std:0.063
2022-11-16 09:36:55.421 | WARNING  | __main__:<module>:45 - f1		mean:0.753	std:0.045
2022-11-16 09:36:57.428 | WARNING  | __main__:<module>:6 - {'C': 0.9899203552790449, 'break_ties': False, 'cache_size': 200, 'class_weight': None, 'coef0': 0.0, 'decision_function_shape': 'ovr', 'degree': 3, 'gamma': 0.8098439704037791, 'kernel': 'rbf', 'max_iter': -1, 'probability': True, 'random_state': 43, 'shrinking': True, 'tol': 0.001, 'verbose': False}
2022-11-16 09:36:57.855 | WARNING  | __main__:<module>:19 - 0.729	0.682	0.857	0.759
2022-11-16 09:36:58.289 | WARNING  | __main__:<module>:19 - 0.764	0.695	0.943	0.8
2022-11-16 09:36:58.707 | WARNING  | __main__:<module>:19 - 0.807	0.747	0.929	0.828
2022-11-16 09:36:59.127 | WARNING  | __main__:<module>:19 - 0.757	0.696	0.914	0.79
2022-11-16 09:36:59.538 | WARNING  | __main__:<module>:19 - 0.8	0.75	0.9	0.818
2022-11-16 09:36:59.960 | WARNING  | __main__:<module>:19 - 0.8	0.733	0.943	0.825
2022-11-16 09:37:00.373 | WARNING  | __main__:<module>:19 - 0.786	0.727	0.914	0.81
2022-11-16 09:37:00.796 | WARNING  | __main__:<module>:19 - 0.793	0.753	0.871	0.808
2022-11-16 09:37:01.222 | WARNING  | __main__:<module>:19 - 0.779	0.729	0.886	0.8
2022-11-16 09:37:01.640 | WARNING  | __main__:<module>:19 - 0.764	0.713	0.886	0.79
2022-11-16 09:37:01.641 | WARNING  | __main__:<module>:21 - accuracy		mean:0.778	std:0.023
2022-11-16 09:37:01.642 | WARNING  | __main__:<module>:22 - precision		mean:0.723	std:0.024
2022-11-16 09:37:01.643 | WARNING  | __main__:<module>:23 - recall		mean:0.904	std:0.028
2022-11-16 09:37:01.644 | WARNING  | __main__:<module>:24 - f1		mean:0.803	std:0.019
2022-11-16 09:37:02.474 | WARNING  | __main__:<module>:15 - {'C': 0.3856279932385604, 'class_weight': None, 'dual': False, 'fit_intercept': True, 'intercept_scaling': 1, 'l1_ratio': None, 'max_iter': 617, 'multi_class': 'auto', 'n_jobs': None, 'penalty': 'none', 'random_state': 43, 'solver': 'lbfgs', 'tol': 0.0001, 'verbose': 0, 'warm_start': False}
2022-11-16 09:37:02.490 | WARNING  | __main__:<module>:28 - 0.629	0.645	0.571	0.606
2022-11-16 09:37:02.504 | WARNING  | __main__:<module>:28 - 0.65	0.657	0.629	0.642
2022-11-16 09:37:02.519 | WARNING  | __main__:<module>:28 - 0.671	0.688	0.629	0.657
2022-11-16 09:37:02.533 | WARNING  | __main__:<module>:28 - 0.671	0.676	0.657	0.667
2022-11-16 09:37:02.549 | WARNING  | __main__:<module>:28 - 0.679	0.671	0.7	0.685
2022-11-16 09:37:02.564 | WARNING  | __main__:<module>:28 - 0.721	0.725	0.714	0.719
2022-11-16 09:37:02.578 | WARNING  | __main__:<module>:28 - 0.7	0.733	0.629	0.677
2022-11-16 09:37:02.592 | WARNING  | __main__:<module>:28 - 0.657	0.649	0.686	0.667
2022-11-16 09:37:02.606 | WARNING  | __main__:<module>:28 - 0.75	0.769	0.714	0.741
2022-11-16 09:37:02.619 | WARNING  | __main__:<module>:28 - 0.743	0.743	0.743	0.743
2022-11-16 09:37:02.620 | WARNING  | __main__:<module>:30 - accuracy		mean:0.687	std:0.038
2022-11-16 09:37:02.620 | WARNING  | __main__:<module>:31 - precision		mean:0.696	std:0.041
2022-11-16 09:37:02.621 | WARNING  | __main__:<module>:32 - recall		mean:0.667	std:0.05
2022-11-16 09:37:02.622 | WARNING  | __main__:<module>:33 - f1		mean:0.68	std:0.041
2022-11-16 09:37:03.075 | WARNING  | __main__:<module>:11 - {'estimator__bootstrap': True, 'estimator__ccp_alpha': 0.0, 'estimator__class_weight': None, 'estimator__criterion': 'gini', 'estimator__max_depth': 9, 'estimator__max_features': 'auto', 'estimator__max_leaf_nodes': None, 'estimator__max_samples': None, 'estimator__min_impurity_decrease': 0.0, 'estimator__min_impurity_split': None, 'estimator__min_samples_leaf': 1, 'estimator__min_samples_split': 2, 'estimator__min_weight_fraction_leaf': 0.0, 'estimator__n_estimators': 200, 'estimator__n_jobs': None, 'estimator__oob_score': False, 'estimator__random_state': 43, 'estimator__verbose': 0, 'estimator__warm_start': False, 'estimator': RandomForestClassifier(max_depth=9, n_estimators=200, random_state=43), 'importance_getter': 'auto', 'max_features': None, 'norm_order': 1, 'prefit': True, 'threshold': None}
2022-11-16 09:37:04.418 | WARNING  | __main__:<module>:24 - 0.729	0.796	0.614	0.694
2022-11-16 09:37:05.644 | WARNING  | __main__:<module>:24 - 0.743	0.766	0.7	0.731
2022-11-16 09:37:06.834 | WARNING  | __main__:<module>:24 - 0.7	0.741	0.614	0.672
2022-11-16 09:37:08.271 | WARNING  | __main__:<module>:24 - 0.714	0.75	0.643	0.692
2022-11-16 09:37:09.587 | WARNING  | __main__:<module>:24 - 0.736	0.754	0.7	0.726
2022-11-16 09:37:10.851 | WARNING  | __main__:<module>:24 - 0.793	0.825	0.743	0.782
2022-11-16 09:37:12.332 | WARNING  | __main__:<module>:24 - 0.743	0.774	0.686	0.727
2022-11-16 09:37:13.669 | WARNING  | __main__:<module>:24 - 0.771	0.797	0.729	0.761
2022-11-16 09:37:14.831 | WARNING  | __main__:<module>:24 - 0.75	0.787	0.686	0.733
2022-11-16 09:37:15.977 | WARNING  | __main__:<module>:24 - 0.786	0.778	0.8	0.789
2022-11-16 09:37:15.978 | WARNING  | __main__:<module>:26 - accuracy		mean:0.746	std:0.028
2022-11-16 09:37:15.979 | WARNING  | __main__:<module>:27 - precision		mean:0.777	std:0.024
2022-11-16 09:37:15.979 | WARNING  | __main__:<module>:28 - recall		mean:0.691	std:0.055
2022-11-16 09:37:15.981 | WARNING  | __main__:<module>:29 - f1		mean:0.731	std:0.036
2022-11-16 09:37:17.528 | WARNING  | __main__:<module>:14 - {'ccp_alpha': 0.0, 'class_weight': None, 'criterion': 'entropy', 'max_depth': 16, 'max_features': None, 'max_leaf_nodes': None, 'min_impurity_decrease': 0.0, 'min_impurity_split': None, 'min_samples_leaf': 1, 'min_samples_split': 2, 'min_weight_fraction_leaf': 0.0, 'random_state': 43, 'splitter': 'best'}
2022-11-16 09:37:17.557 | WARNING  | __main__:<module>:27 - 0.657	0.677	0.6	0.636
2022-11-16 09:37:17.583 | WARNING  | __main__:<module>:27 - 0.743	0.766	0.7	0.731
2022-11-16 09:37:17.610 | WARNING  | __main__:<module>:27 - 0.693	0.701	0.671	0.686
2022-11-16 09:37:17.643 | WARNING  | __main__:<module>:27 - 0.643	0.661	0.586	0.621
2022-11-16 09:37:17.668 | WARNING  | __main__:<module>:27 - 0.693	0.685	0.714	0.699
2022-11-16 09:37:17.693 | WARNING  | __main__:<module>:27 - 0.679	0.719	0.586	0.646
2022-11-16 09:37:17.718 | WARNING  | __main__:<module>:27 - 0.643	0.672	0.557	0.609
2022-11-16 09:37:17.743 | WARNING  | __main__:<module>:27 - 0.707	0.754	0.614	0.677
2022-11-16 09:37:17.768 | WARNING  | __main__:<module>:27 - 0.7	0.689	0.729	0.708
2022-11-16 09:37:17.793 | WARNING  | __main__:<module>:27 - 0.721	0.738	0.686	0.711
2022-11-16 09:37:17.793 | WARNING  | __main__:<module>:29 - accuracy		mean:0.688	std:0.031
2022-11-16 09:37:17.794 | WARNING  | __main__:<module>:30 - precision		mean:0.706	std:0.034
2022-11-16 09:37:17.795 | WARNING  | __main__:<module>:31 - recall		mean:0.644	std:0.059
2022-11-16 09:37:17.796 | WARNING  | __main__:<module>:32 - f1		mean:0.673	std:0.04
2022-11-16 09:37:18.227 | WARNING  | __main__:<module>:19 - 0.643	0.857	0.343	0.49
2022-11-16 09:37:18.241 | WARNING  | __main__:<module>:19 - 0.729	0.944	0.486	0.642
2022-11-16 09:37:18.257 | WARNING  | __main__:<module>:19 - 0.664	0.795	0.443	0.569
2022-11-16 09:37:18.270 | WARNING  | __main__:<module>:19 - 0.629	0.781	0.357	0.49
2022-11-16 09:37:18.283 | WARNING  | __main__:<module>:19 - 0.736	0.923	0.514	0.661
2022-11-16 09:37:18.297 | WARNING  | __main__:<module>:19 - 0.736	0.946	0.5	0.654
2022-11-16 09:37:18.311 | WARNING  | __main__:<module>:19 - 0.643	0.763	0.414	0.537
2022-11-16 09:37:18.324 | WARNING  | __main__:<module>:19 - 0.707	0.914	0.457	0.61
2022-11-16 09:37:18.338 | WARNING  | __main__:<module>:19 - 0.721	0.83	0.557	0.667
2022-11-16 09:37:18.351 | WARNING  | __main__:<module>:19 - 0.714	0.857	0.514	0.643
2022-11-16 09:37:18.352 | WARNING  | __main__:<module>:21 - accuracy		mean:0.692	std:0.04
2022-11-16 09:37:18.353 | WARNING  | __main__:<module>:22 - precision		mean:0.861	std:0.065
2022-11-16 09:37:18.354 | WARNING  | __main__:<module>:23 - recall		mean:0.459	std:0.067
2022-11-16 09:37:18.355 | WARNING  | __main__:<module>:24 - f1		mean:0.596	std:0.066
2022-11-16 09:37:18.828 | WARNING  | __main__:<module>:19 - 0.579	0.739	0.243	0.366
2022-11-16 09:37:18.837 | WARNING  | __main__:<module>:19 - 0.571	0.708	0.243	0.362
2022-11-16 09:37:18.845 | WARNING  | __main__:<module>:19 - 0.564	0.765	0.186	0.299
2022-11-16 09:37:18.854 | WARNING  | __main__:<module>:19 - 0.629	0.8	0.343	0.48
2022-11-16 09:37:18.863 | WARNING  | __main__:<module>:19 - 0.593	0.76	0.271	0.4
2022-11-16 09:37:18.872 | WARNING  | __main__:<module>:19 - 0.586	0.75	0.257	0.383
2022-11-16 09:37:18.880 | WARNING  | __main__:<module>:19 - 0.593	0.783	0.257	0.387
2022-11-16 09:37:18.889 | WARNING  | __main__:<module>:19 - 0.6	0.792	0.271	0.404
2022-11-16 09:37:18.898 | WARNING  | __main__:<module>:19 - 0.629	0.846	0.314	0.458
2022-11-16 09:37:18.906 | WARNING  | __main__:<module>:19 - 0.629	0.909	0.286	0.435
2022-11-16 09:37:18.907 | WARNING  | __main__:<module>:21 - accuracy		mean:0.597	std:0.023
2022-11-16 09:37:18.908 | WARNING  | __main__:<module>:22 - precision		mean:0.785	std:0.054
2022-11-16 09:37:18.908 | WARNING  | __main__:<module>:23 - recall		mean:0.267	std:0.04
2022-11-16 09:37:18.909 | WARNING  | __main__:<module>:24 - f1		mean:0.397	std:0.049
2022-11-16 09:39:35.762 | INFO     | __main__:<module>:80 - 使用嵌入法 RandomForestClassifier 进行特征选择,剩余(1278, 16)个特征
2022-11-16 09:39:35.764 | INFO     | __main__:<module>:90 - 剩余的特征是：['age', 'hemoglobin', 'albumin', 'total bilirubin', 'urea', 'creatinine', 'Uric Acid', 'total cholesterol', 'glycosylated hemoglobin', 'activated partial thromboplastin time', 'urine protein quantity', '24h urine protein quantity', 'Diabetes duration', 'C2/C0', 'NLR', 'HOMA-IR']
2022-11-16 09:39:35.779 | INFO     | __main__:<module>:111 - 使用 SMOTETomek 混合采样
2022-11-16 09:39:35.781 | INFO     | __main__:<module>:115 - 数据平衡前：非DPN组有530条,DPN组有748条
2022-11-16 09:39:35.822 | INFO     | __main__:<module>:117 - 数据平衡后：非DPN组有700条,DPN组有700条
2022-11-16 09:39:36.349 | WARNING  | __main__:<module>:26 - {'estimator__bootstrap': True, 'estimator__ccp_alpha': 0.0, 'estimator__class_weight': None, 'estimator__criterion': 'gini', 'estimator__max_depth': 9, 'estimator__max_features': 'auto', 'estimator__max_leaf_nodes': None, 'estimator__max_samples': None, 'estimator__min_impurity_decrease': 0.0, 'estimator__min_impurity_split': None, 'estimator__min_samples_leaf': 1, 'estimator__min_samples_split': 2, 'estimator__min_weight_fraction_leaf': 0.0, 'estimator__n_estimators': 200, 'estimator__n_jobs': None, 'estimator__oob_score': False, 'estimator__random_state': 43, 'estimator__verbose': 0, 'estimator__warm_start': False, 'estimator': RandomForestClassifier(max_depth=9, n_estimators=200, random_state=43), 'importance_getter': 'auto', 'max_features': None, 'norm_order': 1, 'prefit': True, 'threshold': None}
2022-11-16 09:39:37.538 | WARNING  | __main__:<module>:40 - 0.686	0.717	0.614	0.662
2022-11-16 09:39:38.155 | WARNING  | __main__:<module>:40 - 0.786	0.833	0.714	0.769
2022-11-16 09:39:38.719 | WARNING  | __main__:<module>:40 - 0.757	0.773	0.729	0.75
2022-11-16 09:39:39.302 | WARNING  | __main__:<module>:40 - 0.8	0.809	0.786	0.797
2022-11-16 09:39:39.942 | WARNING  | __main__:<module>:40 - 0.707	0.723	0.671	0.696
2022-11-16 09:39:40.514 | WARNING  | __main__:<module>:40 - 0.793	0.797	0.786	0.791
2022-11-16 09:39:41.063 | WARNING  | __main__:<module>:40 - 0.743	0.758	0.714	0.735
2022-11-16 09:39:41.636 | WARNING  | __main__:<module>:40 - 0.771	0.797	0.729	0.761
2022-11-16 09:39:42.148 | WARNING  | __main__:<module>:40 - 0.757	0.781	0.714	0.746
2022-11-16 09:39:42.661 | WARNING  | __main__:<module>:40 - 0.814	0.789	0.857	0.822
2022-11-16 09:39:42.662 | WARNING  | __main__:<module>:42 - accuracy		mean:0.761	std:0.039
2022-11-16 09:39:42.664 | WARNING  | __main__:<module>:43 - precision		mean:0.778	std:0.035
2022-11-16 09:39:42.665 | WARNING  | __main__:<module>:44 - recall		mean:0.731	std:0.063
2022-11-16 09:39:42.666 | WARNING  | __main__:<module>:45 - f1		mean:0.753	std:0.045
2022-11-16 09:39:44.625 | WARNING  | __main__:<module>:6 - {'C': 0.9899203552790449, 'break_ties': False, 'cache_size': 200, 'class_weight': None, 'coef0': 0.0, 'decision_function_shape': 'ovr', 'degree': 3, 'gamma': 0.8098439704037791, 'kernel': 'rbf', 'max_iter': -1, 'probability': True, 'random_state': 43, 'shrinking': True, 'tol': 0.001, 'verbose': False}
2022-11-16 09:39:45.070 | WARNING  | __main__:<module>:19 - 0.729	0.682	0.857	0.759
2022-11-16 09:39:45.485 | WARNING  | __main__:<module>:19 - 0.764	0.695	0.943	0.8
2022-11-16 09:39:45.901 | WARNING  | __main__:<module>:19 - 0.807	0.747	0.929	0.828
2022-11-16 09:39:46.329 | WARNING  | __main__:<module>:19 - 0.757	0.696	0.914	0.79
2022-11-16 09:39:46.745 | WARNING  | __main__:<module>:19 - 0.8	0.75	0.9	0.818
2022-11-16 09:39:47.164 | WARNING  | __main__:<module>:19 - 0.8	0.733	0.943	0.825
2022-11-16 09:39:47.580 | WARNING  | __main__:<module>:19 - 0.786	0.727	0.914	0.81
2022-11-16 09:39:47.994 | WARNING  | __main__:<module>:19 - 0.793	0.753	0.871	0.808
2022-11-16 09:39:48.419 | WARNING  | __main__:<module>:19 - 0.779	0.729	0.886	0.8
2022-11-16 09:39:48.833 | WARNING  | __main__:<module>:19 - 0.764	0.713	0.886	0.79
2022-11-16 09:39:48.835 | WARNING  | __main__:<module>:21 - accuracy		mean:0.778	std:0.023
2022-11-16 09:39:48.836 | WARNING  | __main__:<module>:22 - precision		mean:0.723	std:0.024
2022-11-16 09:39:48.836 | WARNING  | __main__:<module>:23 - recall		mean:0.904	std:0.028
2022-11-16 09:39:48.837 | WARNING  | __main__:<module>:24 - f1		mean:0.803	std:0.019
2022-11-16 09:39:49.630 | WARNING  | __main__:<module>:15 - {'C': 0.3856279932385604, 'class_weight': None, 'dual': False, 'fit_intercept': True, 'intercept_scaling': 1, 'l1_ratio': None, 'max_iter': 617, 'multi_class': 'auto', 'n_jobs': None, 'penalty': 'none', 'random_state': 43, 'solver': 'lbfgs', 'tol': 0.0001, 'verbose': 0, 'warm_start': False}
2022-11-16 09:39:49.645 | WARNING  | __main__:<module>:28 - 0.629	0.645	0.571	0.606
2022-11-16 09:39:49.660 | WARNING  | __main__:<module>:28 - 0.65	0.657	0.629	0.642
2022-11-16 09:39:49.674 | WARNING  | __main__:<module>:28 - 0.671	0.688	0.629	0.657
2022-11-16 09:39:49.687 | WARNING  | __main__:<module>:28 - 0.671	0.676	0.657	0.667
2022-11-16 09:39:49.702 | WARNING  | __main__:<module>:28 - 0.679	0.671	0.7	0.685
2022-11-16 09:39:49.715 | WARNING  | __main__:<module>:28 - 0.721	0.725	0.714	0.719
2022-11-16 09:39:49.729 | WARNING  | __main__:<module>:28 - 0.7	0.733	0.629	0.677
2022-11-16 09:39:49.742 | WARNING  | __main__:<module>:28 - 0.657	0.649	0.686	0.667
2022-11-16 09:39:49.757 | WARNING  | __main__:<module>:28 - 0.75	0.769	0.714	0.741
2022-11-16 09:39:49.770 | WARNING  | __main__:<module>:28 - 0.743	0.743	0.743	0.743
2022-11-16 09:39:49.771 | WARNING  | __main__:<module>:30 - accuracy		mean:0.687	std:0.038
2022-11-16 09:39:49.772 | WARNING  | __main__:<module>:31 - precision		mean:0.696	std:0.041
2022-11-16 09:39:49.773 | WARNING  | __main__:<module>:32 - recall		mean:0.667	std:0.05
2022-11-16 09:39:49.774 | WARNING  | __main__:<module>:33 - f1		mean:0.68	std:0.041
2022-11-16 09:39:50.244 | WARNING  | __main__:<module>:11 - {'estimator__bootstrap': True, 'estimator__ccp_alpha': 0.0, 'estimator__class_weight': None, 'estimator__criterion': 'gini', 'estimator__max_depth': 9, 'estimator__max_features': 'auto', 'estimator__max_leaf_nodes': None, 'estimator__max_samples': None, 'estimator__min_impurity_decrease': 0.0, 'estimator__min_impurity_split': None, 'estimator__min_samples_leaf': 1, 'estimator__min_samples_split': 2, 'estimator__min_weight_fraction_leaf': 0.0, 'estimator__n_estimators': 200, 'estimator__n_jobs': None, 'estimator__oob_score': False, 'estimator__random_state': 43, 'estimator__verbose': 0, 'estimator__warm_start': False, 'estimator': RandomForestClassifier(max_depth=9, n_estimators=200, random_state=43), 'importance_getter': 'auto', 'max_features': None, 'norm_order': 1, 'prefit': True, 'threshold': None}
2022-11-16 09:39:51.417 | WARNING  | __main__:<module>:24 - 0.729	0.796	0.614	0.694
2022-11-16 09:39:52.594 | WARNING  | __main__:<module>:24 - 0.743	0.766	0.7	0.731
2022-11-16 09:39:53.756 | WARNING  | __main__:<module>:24 - 0.7	0.741	0.614	0.672
2022-11-16 09:39:54.910 | WARNING  | __main__:<module>:24 - 0.714	0.75	0.643	0.692
2022-11-16 09:39:56.088 | WARNING  | __main__:<module>:24 - 0.736	0.754	0.7	0.726
2022-11-16 09:39:57.259 | WARNING  | __main__:<module>:24 - 0.793	0.825	0.743	0.782
2022-11-16 09:39:58.423 | WARNING  | __main__:<module>:24 - 0.743	0.774	0.686	0.727
2022-11-16 09:39:59.593 | WARNING  | __main__:<module>:24 - 0.771	0.797	0.729	0.761
2022-11-16 09:40:00.765 | WARNING  | __main__:<module>:24 - 0.75	0.787	0.686	0.733
2022-11-16 09:40:01.893 | WARNING  | __main__:<module>:24 - 0.786	0.778	0.8	0.789
2022-11-16 09:40:01.894 | WARNING  | __main__:<module>:26 - accuracy		mean:0.746	std:0.028
2022-11-16 09:40:01.895 | WARNING  | __main__:<module>:27 - precision		mean:0.777	std:0.024
2022-11-16 09:40:01.897 | WARNING  | __main__:<module>:28 - recall		mean:0.691	std:0.055
2022-11-16 09:40:01.898 | WARNING  | __main__:<module>:29 - f1		mean:0.731	std:0.036
2022-11-16 09:40:03.398 | WARNING  | __main__:<module>:14 - {'ccp_alpha': 0.0, 'class_weight': None, 'criterion': 'entropy', 'max_depth': 16, 'max_features': None, 'max_leaf_nodes': None, 'min_impurity_decrease': 0.0, 'min_impurity_split': None, 'min_samples_leaf': 1, 'min_samples_split': 2, 'min_weight_fraction_leaf': 0.0, 'random_state': 43, 'splitter': 'best'}
2022-11-16 09:40:03.429 | WARNING  | __main__:<module>:27 - 0.657	0.677	0.6	0.636
2022-11-16 09:40:03.456 | WARNING  | __main__:<module>:27 - 0.743	0.766	0.7	0.731
2022-11-16 09:40:03.481 | WARNING  | __main__:<module>:27 - 0.693	0.701	0.671	0.686
2022-11-16 09:40:03.506 | WARNING  | __main__:<module>:27 - 0.643	0.661	0.586	0.621
2022-11-16 09:40:03.531 | WARNING  | __main__:<module>:27 - 0.693	0.685	0.714	0.699
2022-11-16 09:40:03.556 | WARNING  | __main__:<module>:27 - 0.679	0.719	0.586	0.646
2022-11-16 09:40:03.581 | WARNING  | __main__:<module>:27 - 0.643	0.672	0.557	0.609
2022-11-16 09:40:03.605 | WARNING  | __main__:<module>:27 - 0.707	0.754	0.614	0.677
2022-11-16 09:40:03.630 | WARNING  | __main__:<module>:27 - 0.7	0.689	0.729	0.708
2022-11-16 09:40:03.655 | WARNING  | __main__:<module>:27 - 0.721	0.738	0.686	0.711
2022-11-16 09:40:03.656 | WARNING  | __main__:<module>:29 - accuracy		mean:0.688	std:0.031
2022-11-16 09:40:03.657 | WARNING  | __main__:<module>:30 - precision		mean:0.706	std:0.034
2022-11-16 09:40:03.658 | WARNING  | __main__:<module>:31 - recall		mean:0.644	std:0.059
2022-11-16 09:40:03.659 | WARNING  | __main__:<module>:32 - f1		mean:0.673	std:0.04
2022-11-16 09:40:04.063 | WARNING  | __main__:<module>:19 - 0.643	0.857	0.343	0.49
2022-11-16 09:40:04.078 | WARNING  | __main__:<module>:19 - 0.729	0.944	0.486	0.642
2022-11-16 09:40:04.093 | WARNING  | __main__:<module>:19 - 0.664	0.795	0.443	0.569
2022-11-16 09:40:04.108 | WARNING  | __main__:<module>:19 - 0.629	0.781	0.357	0.49
2022-11-16 09:40:04.122 | WARNING  | __main__:<module>:19 - 0.736	0.923	0.514	0.661
2022-11-16 09:40:04.137 | WARNING  | __main__:<module>:19 - 0.736	0.946	0.5	0.654
2022-11-16 09:40:04.151 | WARNING  | __main__:<module>:19 - 0.643	0.763	0.414	0.537
2022-11-16 09:40:04.166 | WARNING  | __main__:<module>:19 - 0.707	0.914	0.457	0.61
2022-11-16 09:40:04.181 | WARNING  | __main__:<module>:19 - 0.721	0.83	0.557	0.667
2022-11-16 09:40:04.194 | WARNING  | __main__:<module>:19 - 0.714	0.857	0.514	0.643
2022-11-16 09:40:04.195 | WARNING  | __main__:<module>:21 - accuracy		mean:0.692	std:0.04
2022-11-16 09:40:04.196 | WARNING  | __main__:<module>:22 - precision		mean:0.861	std:0.065
2022-11-16 09:40:04.197 | WARNING  | __main__:<module>:23 - recall		mean:0.459	std:0.067
2022-11-16 09:40:04.198 | WARNING  | __main__:<module>:24 - f1		mean:0.596	std:0.066
2022-11-16 09:40:04.621 | WARNING  | __main__:<module>:19 - 0.579	0.739	0.243	0.366
2022-11-16 09:40:04.631 | WARNING  | __main__:<module>:19 - 0.571	0.708	0.243	0.362
2022-11-16 09:40:04.640 | WARNING  | __main__:<module>:19 - 0.564	0.765	0.186	0.299
2022-11-16 09:40:04.649 | WARNING  | __main__:<module>:19 - 0.629	0.8	0.343	0.48
2022-11-16 09:40:04.657 | WARNING  | __main__:<module>:19 - 0.593	0.76	0.271	0.4
2022-11-16 09:40:04.665 | WARNING  | __main__:<module>:19 - 0.586	0.75	0.257	0.383
2022-11-16 09:40:04.673 | WARNING  | __main__:<module>:19 - 0.593	0.783	0.257	0.387
2022-11-16 09:40:04.680 | WARNING  | __main__:<module>:19 - 0.6	0.792	0.271	0.404
2022-11-16 09:40:04.688 | WARNING  | __main__:<module>:19 - 0.629	0.846	0.314	0.458
2022-11-16 09:40:04.696 | WARNING  | __main__:<module>:19 - 0.629	0.909	0.286	0.435
2022-11-16 09:40:04.698 | WARNING  | __main__:<module>:21 - accuracy		mean:0.597	std:0.023
2022-11-16 09:40:04.699 | WARNING  | __main__:<module>:22 - precision		mean:0.785	std:0.054
2022-11-16 09:40:04.700 | WARNING  | __main__:<module>:23 - recall		mean:0.267	std:0.04
2022-11-16 09:40:04.700 | WARNING  | __main__:<module>:24 - f1		mean:0.397	std:0.049
