2023-02-20 10:19:34.097 | INFO     | __main__:<module>:80 - 使用嵌入法 RandomForestClassifier 进行特征选择,剩余(1278, 16)个特征
2023-02-20 10:19:34.098 | INFO     | __main__:<module>:90 - 剩余的特征是：['age', 'alanine aminotransferase', 'albumin', 'total bilirubin', 'urea', 'creatinine', 'Uric Acid', 'total cholesterol', 'glycosylated hemoglobin', 'activated partial thromboplastin time', 'urine protein quantity', '24h urine protein quantity', 'Diabetes duration', 'C2/C0', 'NLR', 'HOMA-IR']
2023-02-20 10:19:34.114 | INFO     | __main__:<module>:111 - 使用 SMOTETomek 混合采样
2023-02-20 10:19:34.116 | INFO     | __main__:<module>:115 - 数据平衡前：非DPN组有530条,DPN组有748条
2023-02-20 10:19:34.159 | INFO     | __main__:<module>:117 - 数据平衡后：非DPN组有702条,DPN组有702条
2023-02-20 10:19:34.635 | WARNING  | __main__:<module>:26 - {'objective': 'binary:logistic', 'use_label_encoder': False, 'base_score': None, 'booster': None, 'callbacks': None, 'colsample_bylevel': None, 'colsample_bynode': None, 'colsample_bytree': 0.661037320664513, 'early_stopping_rounds': None, 'enable_categorical': False, 'eval_metric': 'logloss', 'gamma': 1.2214671674376956e-05, 'gpu_id': None, 'grow_policy': 'lossguide', 'importance_type': None, 'interaction_constraints': None, 'learning_rate': 0.04690250747972388, 'max_bin': None, 'max_cat_to_onehot': None, 'max_delta_step': None, 'max_depth': 12, 'max_leaves': None, 'min_child_weight': None, 'missing': nan, 'monotone_constraints': None, 'n_estimators': 350, 'n_jobs': None, 'num_parallel_tree': None, 'predictor': None, 'random_state': 43, 'reg_alpha': 1.6642675952811388e-07, 'reg_lambda': 2.592776397904034e-05, 'sampling_method': None, 'scale_pos_weight': None, 'subsample': 0.897341255267949, 'tree_method': 'exact', 'validate_parameters': None, 'verbosity': 0}
2023-02-20 10:19:35.702 | WARNING  | __main__:<module>:40 - 0.794	0.818	0.761	0.788
2023-02-20 10:19:36.228 | WARNING  | __main__:<module>:40 - 0.78	0.794	0.761	0.777
2023-02-20 10:19:36.676 | WARNING  | __main__:<module>:40 - 0.773	0.779	0.757	0.768
2023-02-20 10:19:37.129 | WARNING  | __main__:<module>:40 - 0.738	0.72	0.771	0.745
2023-02-20 10:19:37.623 | WARNING  | __main__:<module>:40 - 0.714	0.721	0.7	0.71
2023-02-20 10:19:38.073 | WARNING  | __main__:<module>:40 - 0.779	0.8	0.743	0.77
2023-02-20 10:19:38.513 | WARNING  | __main__:<module>:40 - 0.729	0.75	0.686	0.716
2023-02-20 10:19:38.973 | WARNING  | __main__:<module>:40 - 0.714	0.742	0.657	0.697
2023-02-20 10:19:39.421 | WARNING  | __main__:<module>:40 - 0.771	0.839	0.671	0.746
2023-02-20 10:19:39.865 | WARNING  | __main__:<module>:40 - 0.714	0.759	0.629	0.688
2023-02-20 10:19:39.867 | WARNING  | __main__:<module>:42 - accuracy		mean:0.751	std:0.03
2023-02-20 10:19:39.870 | WARNING  | __main__:<module>:43 - precision		mean:0.772	std:0.039
2023-02-20 10:19:39.871 | WARNING  | __main__:<module>:44 - recall		mean:0.714	std:0.049
2023-02-20 10:19:39.873 | WARNING  | __main__:<module>:45 - f1		mean:0.741	std:0.034
2023-02-20 10:19:41.876 | WARNING  | __main__:<module>:6 - {'C': 0.9899203552790449, 'break_ties': False, 'cache_size': 200, 'class_weight': None, 'coef0': 0.0, 'decision_function_shape': 'ovr', 'degree': 3, 'gamma': 0.8098439704037791, 'kernel': 'rbf', 'max_iter': -1, 'probability': True, 'random_state': 43, 'shrinking': True, 'tol': 0.001, 'verbose': False}
2023-02-20 10:19:42.866 | WARNING  | __main__:<module>:19 - 0.752	0.691	0.915	0.788
2023-02-20 10:19:43.270 | WARNING  | __main__:<module>:19 - 0.766	0.716	0.887	0.792
2023-02-20 10:19:43.673 | WARNING  | __main__:<module>:19 - 0.766	0.708	0.9	0.792
2023-02-20 10:19:44.084 | WARNING  | __main__:<module>:19 - 0.745	0.698	0.857	0.769
2023-02-20 10:19:44.504 | WARNING  | __main__:<module>:19 - 0.793	0.73	0.929	0.818
2023-02-20 10:19:44.921 | WARNING  | __main__:<module>:19 - 0.814	0.768	0.9	0.829
2023-02-20 10:19:45.340 | WARNING  | __main__:<module>:19 - 0.764	0.713	0.886	0.79
2023-02-20 10:19:45.756 | WARNING  | __main__:<module>:19 - 0.729	0.663	0.929	0.774
2023-02-20 10:19:46.169 | WARNING  | __main__:<module>:19 - 0.8	0.733	0.943	0.825
2023-02-20 10:19:46.579 | WARNING  | __main__:<module>:19 - 0.757	0.7	0.9	0.788
2023-02-20 10:19:46.580 | WARNING  | __main__:<module>:21 - accuracy		mean:0.769	std:0.025
2023-02-20 10:19:46.582 | WARNING  | __main__:<module>:22 - precision		mean:0.712	std:0.027
2023-02-20 10:19:46.583 | WARNING  | __main__:<module>:23 - recall		mean:0.905	std:0.024
2023-02-20 10:19:46.585 | WARNING  | __main__:<module>:24 - f1		mean:0.796	std:0.019
2023-02-20 10:19:47.361 | WARNING  | __main__:<module>:15 - {'C': 0.1192450312489694, 'class_weight': None, 'dual': False, 'fit_intercept': True, 'intercept_scaling': 1, 'l1_ratio': None, 'max_iter': 3448, 'multi_class': 'auto', 'n_jobs': None, 'penalty': 'l2', 'random_state': 43, 'solver': 'lbfgs', 'tol': 0.0001, 'verbose': 0, 'warm_start': False}
2023-02-20 10:19:47.377 | WARNING  | __main__:<module>:28 - 0.716	0.725	0.704	0.714
2023-02-20 10:19:47.392 | WARNING  | __main__:<module>:28 - 0.681	0.671	0.718	0.694
2023-02-20 10:19:47.406 | WARNING  | __main__:<module>:28 - 0.738	0.754	0.7	0.726
2023-02-20 10:19:47.418 | WARNING  | __main__:<module>:28 - 0.674	0.662	0.7	0.681
2023-02-20 10:19:47.431 | WARNING  | __main__:<module>:28 - 0.686	0.697	0.657	0.676
2023-02-20 10:19:47.444 | WARNING  | __main__:<module>:28 - 0.679	0.687	0.657	0.672
2023-02-20 10:19:47.457 | WARNING  | __main__:<module>:28 - 0.729	0.758	0.671	0.712
2023-02-20 10:19:47.471 | WARNING  | __main__:<module>:28 - 0.586	0.597	0.529	0.561
2023-02-20 10:19:47.485 | WARNING  | __main__:<module>:28 - 0.721	0.731	0.7	0.715
2023-02-20 10:19:47.496 | WARNING  | __main__:<module>:28 - 0.586	0.591	0.557	0.574
2023-02-20 10:19:47.497 | WARNING  | __main__:<module>:30 - accuracy		mean:0.679	std:0.052
2023-02-20 10:19:47.498 | WARNING  | __main__:<module>:31 - precision		mean:0.687	std:0.056
2023-02-20 10:19:47.500 | WARNING  | __main__:<module>:32 - recall		mean:0.659	std:0.062
2023-02-20 10:19:47.502 | WARNING  | __main__:<module>:33 - f1		mean:0.672	std:0.056
2023-02-20 10:19:48.018 | WARNING  | __main__:<module>:11 - {'estimator__bootstrap': True, 'estimator__ccp_alpha': 0.0, 'estimator__class_weight': None, 'estimator__criterion': 'gini', 'estimator__max_depth': 8, 'estimator__max_features': 'auto', 'estimator__max_leaf_nodes': None, 'estimator__max_samples': None, 'estimator__min_impurity_decrease': 0.0, 'estimator__min_impurity_split': None, 'estimator__min_samples_leaf': 1, 'estimator__min_samples_split': 2, 'estimator__min_weight_fraction_leaf': 0.0, 'estimator__n_estimators': 200, 'estimator__n_jobs': None, 'estimator__oob_score': False, 'estimator__random_state': 43, 'estimator__verbose': 0, 'estimator__warm_start': False, 'estimator': RandomForestClassifier(max_depth=8, n_estimators=200, random_state=43), 'importance_getter': 'auto', 'max_features': None, 'norm_order': 1, 'prefit': True, 'threshold': None}
2023-02-20 10:19:48.554 | WARNING  | __main__:<module>:24 - 0.759	0.776	0.732	0.754
2023-02-20 10:19:49.058 | WARNING  | __main__:<module>:24 - 0.73	0.746	0.704	0.725
2023-02-20 10:19:49.551 | WARNING  | __main__:<module>:24 - 0.766	0.814	0.686	0.744
2023-02-20 10:19:50.043 | WARNING  | __main__:<module>:24 - 0.723	0.731	0.7	0.715
2023-02-20 10:19:50.543 | WARNING  | __main__:<module>:24 - 0.75	0.769	0.714	0.741
2023-02-20 10:19:51.032 | WARNING  | __main__:<module>:24 - 0.736	0.77	0.671	0.718
2023-02-20 10:19:51.528 | WARNING  | __main__:<module>:24 - 0.736	0.78	0.657	0.713
2023-02-20 10:19:52.028 | WARNING  | __main__:<module>:24 - 0.686	0.732	0.586	0.651
2023-02-20 10:19:52.528 | WARNING  | __main__:<module>:24 - 0.743	0.804	0.643	0.714
2023-02-20 10:19:53.026 | WARNING  | __main__:<module>:24 - 0.736	0.77	0.671	0.718
2023-02-20 10:19:53.028 | WARNING  | __main__:<module>:26 - accuracy		mean:0.736	std:0.021
2023-02-20 10:19:53.029 | WARNING  | __main__:<module>:27 - precision		mean:0.769	std:0.026
2023-02-20 10:19:53.030 | WARNING  | __main__:<module>:28 - recall		mean:0.677	std:0.04
2023-02-20 10:19:53.031 | WARNING  | __main__:<module>:29 - f1		mean:0.719	std:0.027
2023-02-20 10:19:53.851 | WARNING  | __main__:<module>:14 - {'ccp_alpha': 0.0, 'class_weight': None, 'criterion': 'gini', 'max_depth': 14, 'max_features': None, 'max_leaf_nodes': None, 'min_impurity_decrease': 0.0, 'min_impurity_split': None, 'min_samples_leaf': 1, 'min_samples_split': 2, 'min_weight_fraction_leaf': 0.0, 'random_state': 43, 'splitter': 'best'}
2023-02-20 10:19:53.873 | WARNING  | __main__:<module>:27 - 0.674	0.705	0.606	0.652
2023-02-20 10:19:53.897 | WARNING  | __main__:<module>:27 - 0.681	0.717	0.606	0.656
2023-02-20 10:19:53.920 | WARNING  | __main__:<module>:27 - 0.759	0.757	0.757	0.757
2023-02-20 10:19:53.939 | WARNING  | __main__:<module>:27 - 0.66	0.683	0.586	0.631
2023-02-20 10:19:53.957 | WARNING  | __main__:<module>:27 - 0.679	0.671	0.7	0.685
2023-02-20 10:19:53.975 | WARNING  | __main__:<module>:27 - 0.679	0.662	0.729	0.694
2023-02-20 10:19:53.994 | WARNING  | __main__:<module>:27 - 0.65	0.648	0.657	0.652
2023-02-20 10:19:54.011 | WARNING  | __main__:<module>:27 - 0.636	0.673	0.529	0.592
2023-02-20 10:19:54.030 | WARNING  | __main__:<module>:27 - 0.693	0.721	0.629	0.672
2023-02-20 10:19:54.047 | WARNING  | __main__:<module>:27 - 0.707	0.716	0.686	0.701
2023-02-20 10:19:54.049 | WARNING  | __main__:<module>:29 - accuracy		mean:0.682	std:0.032
2023-02-20 10:19:54.050 | WARNING  | __main__:<module>:30 - precision		mean:0.695	std:0.032
2023-02-20 10:19:54.052 | WARNING  | __main__:<module>:31 - recall		mean:0.648	std:0.067
2023-02-20 10:19:54.054 | WARNING  | __main__:<module>:32 - f1		mean:0.669	std:0.042
2023-02-20 10:19:54.385 | WARNING  | __main__:<module>:19 - 0.688	1.0	0.38	0.551
2023-02-20 10:19:54.398 | WARNING  | __main__:<module>:19 - 0.738	0.87	0.563	0.684
2023-02-20 10:19:54.412 | WARNING  | __main__:<module>:19 - 0.73	0.971	0.471	0.635
2023-02-20 10:19:54.425 | WARNING  | __main__:<module>:19 - 0.638	0.828	0.343	0.485
2023-02-20 10:19:54.438 | WARNING  | __main__:<module>:19 - 0.657	0.806	0.414	0.547
2023-02-20 10:19:54.454 | WARNING  | __main__:<module>:19 - 0.686	0.882	0.429	0.577
2023-02-20 10:19:54.467 | WARNING  | __main__:<module>:19 - 0.7	0.833	0.5	0.625
2023-02-20 10:19:54.480 | WARNING  | __main__:<module>:19 - 0.607	0.778	0.3	0.433
2023-02-20 10:19:54.495 | WARNING  | __main__:<module>:19 - 0.65	0.8	0.4	0.533
2023-02-20 10:19:54.510 | WARNING  | __main__:<module>:19 - 0.65	0.818	0.386	0.524
2023-02-20 10:19:54.512 | WARNING  | __main__:<module>:21 - accuracy		mean:0.674	std:0.039
2023-02-20 10:19:54.513 | WARNING  | __main__:<module>:22 - precision		mean:0.858	std:0.07
2023-02-20 10:19:54.514 | WARNING  | __main__:<module>:23 - recall		mean:0.419	std:0.073
2023-02-20 10:19:54.516 | WARNING  | __main__:<module>:24 - f1		mean:0.559	std:0.07
2023-02-20 10:19:54.926 | WARNING  | __main__:<module>:19 - 0.631	0.88	0.31	0.458
2023-02-20 10:19:54.935 | WARNING  | __main__:<module>:19 - 0.631	0.771	0.38	0.509
2023-02-20 10:19:54.944 | WARNING  | __main__:<module>:19 - 0.624	0.905	0.271	0.418
2023-02-20 10:19:54.952 | WARNING  | __main__:<module>:19 - 0.582	0.704	0.271	0.392
2023-02-20 10:19:54.960 | WARNING  | __main__:<module>:19 - 0.586	0.875	0.2	0.326
2023-02-20 10:19:54.967 | WARNING  | __main__:<module>:19 - 0.593	0.76	0.271	0.4
2023-02-20 10:19:54.975 | WARNING  | __main__:<module>:19 - 0.564	0.846	0.157	0.265
2023-02-20 10:19:54.983 | WARNING  | __main__:<module>:19 - 0.557	0.667	0.229	0.34
2023-02-20 10:19:54.991 | WARNING  | __main__:<module>:19 - 0.593	0.783	0.257	0.387
2023-02-20 10:19:54.999 | WARNING  | __main__:<module>:19 - 0.543	0.65	0.186	0.289
2023-02-20 10:19:55.001 | WARNING  | __main__:<module>:21 - accuracy		mean:0.59	std:0.029
2023-02-20 10:19:55.002 | WARNING  | __main__:<module>:22 - precision		mean:0.784	std:0.087
2023-02-20 10:19:55.003 | WARNING  | __main__:<module>:23 - recall		mean:0.253	std:0.061
2023-02-20 10:19:55.004 | WARNING  | __main__:<module>:24 - f1		mean:0.378	std:0.071
