2022-07-31 13:29:07.370 | INFO     | __main__:<cell line: 8>:32 - 使用 LASSO 进行特征选择,剩余73个特征
2022-07-31 13:29:07.386 | INFO     | __main__:<cell line: 56>:72 - 使用 SMOTETomek 混合采样
2022-07-31 13:29:07.427 | INFO     | __main__:<cell line: 77>:77 - 采样前[(0, 300), (1, 300)],采样后[(0, 275), (1, 275)]
2022-07-31 13:29:19.302 | INFO     | __main__:<cell line: 108>:108 - {'max_depth': 3, 'grow_policy': 'depthwise', 'learning_rate': 0.19983739881916035, 'gamma': 4.46478964347812e-08, 'reg_lambda': 0.0003101236864625331, 'reg_alpha': 0.03178902713479599, 'subsample': 0.8640176039765713, 'colsample_bytree': 0.23886089939023641}
2022-07-31 13:29:20.460 | WARNING  | __main__:<cell line: 115>:127 - 0.691	0.667	0.741	0.702
2022-07-31 13:29:21.086 | WARNING  | __main__:<cell line: 115>:127 - 0.564	0.556	0.556	0.556
2022-07-31 13:29:21.686 | WARNING  | __main__:<cell line: 115>:127 - 0.491	0.484	0.556	0.517
2022-07-31 13:29:22.285 | WARNING  | __main__:<cell line: 115>:127 - 0.545	0.545	0.444	0.49
2022-07-31 13:29:23.001 | WARNING  | __main__:<cell line: 115>:127 - 0.473	0.464	0.481	0.473
2022-07-31 13:29:23.611 | WARNING  | __main__:<cell line: 115>:127 - 0.582	0.6	0.536	0.566
2022-07-31 13:29:24.227 | WARNING  | __main__:<cell line: 115>:127 - 0.545	0.571	0.429	0.49
2022-07-31 13:29:24.821 | WARNING  | __main__:<cell line: 115>:127 - 0.6	0.625	0.536	0.577
2022-07-31 13:29:25.731 | WARNING  | __main__:<cell line: 115>:127 - 0.545	0.556	0.536	0.545
2022-07-31 13:29:26.195 | WARNING  | __main__:<cell line: 115>:127 - 0.564	0.562	0.643	0.6
2022-07-31 13:29:26.476 | WARNING  | __main__:<cell line: 132>:132 - accuracy		mean:0.56	std:0.057
2022-07-31 13:29:26.476 | WARNING  | __main__:<cell line: 133>:133 - precision		mean:0.563	std:0.057
2022-07-31 13:29:26.476 | WARNING  | __main__:<cell line: 134>:134 - recall		mean:0.546	std:0.087
2022-07-31 13:29:26.476 | WARNING  | __main__:<cell line: 135>:135 - f1		mean:0.552	std:0.064
2022-07-31 13:29:28.471 | INFO     | __main__:<cell line: 6>:7 - 使用 卡方检验 进行特诊筛选
2022-07-31 13:29:29.327 | INFO     | __main__:<cell line: 52>:68 - 使用 SMOTETomek 混合采样
2022-07-31 13:29:29.342 | INFO     | __main__:<cell line: 73>:73 - 采样前[(0, 184), (1, 121)],采样后[(0, 171), (1, 171)]
2022-07-31 13:29:30.647 | INFO     | __main__:<cell line: 6>:7 - 使用 卡方检验 进行特诊筛选
2022-07-31 13:29:31.242 | INFO     | __main__:<cell line: 52>:68 - 使用 SMOTETomek 混合采样
2022-07-31 13:29:31.242 | INFO     | __main__:<cell line: 73>:73 - 采样前[(0, 184), (1, 121)],采样后[(0, 171), (1, 171)]
2022-07-31 13:29:34.330 | WARNING  | __main__:<cell line: 106>:121 - 0.771	0.765	0.765	0.765
2022-07-31 13:29:34.690 | WARNING  | __main__:<cell line: 106>:121 - 0.829	0.833	0.833	0.833
2022-07-31 13:29:34.991 | WARNING  | __main__:<cell line: 106>:121 - 0.794	0.812	0.765	0.788
2022-07-31 13:29:35.274 | WARNING  | __main__:<cell line: 106>:121 - 0.735	0.786	0.647	0.71
2022-07-31 13:29:35.524 | WARNING  | __main__:<cell line: 106>:121 - 0.647	0.632	0.706	0.667
2022-07-31 13:29:35.818 | WARNING  | __main__:<cell line: 106>:121 - 0.735	0.722	0.765	0.743
2022-07-31 13:29:36.099 | WARNING  | __main__:<cell line: 106>:121 - 0.765	0.765	0.765	0.765
2022-07-31 13:29:36.397 | WARNING  | __main__:<cell line: 106>:121 - 0.765	0.8	0.706	0.75
2022-07-31 13:29:36.819 | WARNING  | __main__:<cell line: 106>:121 - 0.794	0.75	0.882	0.811
2022-07-31 13:29:37.102 | WARNING  | __main__:<cell line: 106>:121 - 0.676	0.667	0.706	0.686
2022-07-31 13:29:37.321 | WARNING  | __main__:<cell line: 126>:126 - 均值：	0.751	0.753	0.754	0.752
2022-07-31 13:29:38.513 | INFO     | __main__:<cell line: 5>:6 - 使用 卡方检验 进行特诊筛选
2022-07-31 13:29:38.530 | INFO     | __main__:<cell line: 34>:50 - 使用 SMOTETomek 混合采样
2022-07-31 13:29:38.546 | INFO     | __main__:<cell line: 55>:55 - 采样前[(0, 184), (1, 547)],采样后[(0, 530), (1, 530)]
2022-07-31 13:29:41.976 | WARNING  | __main__:<cell line: 88>:103 - 0.717	0.767	0.623	0.688
2022-07-31 13:29:42.386 | WARNING  | __main__:<cell line: 88>:103 - 0.698	0.706	0.679	0.692
2022-07-31 13:29:42.694 | WARNING  | __main__:<cell line: 88>:103 - 0.802	0.881	0.698	0.779
2022-07-31 13:29:43.045 | WARNING  | __main__:<cell line: 88>:103 - 0.717	0.756	0.642	0.694
2022-07-31 13:29:43.428 | WARNING  | __main__:<cell line: 88>:103 - 0.783	0.841	0.698	0.763
2022-07-31 13:29:43.741 | WARNING  | __main__:<cell line: 88>:103 - 0.764	0.818	0.679	0.742
2022-07-31 13:29:44.057 | WARNING  | __main__:<cell line: 88>:103 - 0.792	0.844	0.717	0.776
2022-07-31 13:29:44.424 | WARNING  | __main__:<cell line: 88>:103 - 0.821	0.905	0.717	0.8
2022-07-31 13:29:44.915 | WARNING  | __main__:<cell line: 88>:103 - 0.849	0.894	0.792	0.84
2022-07-31 13:29:45.243 | WARNING  | __main__:<cell line: 88>:103 - 0.679	0.702	0.623	0.66
2022-07-31 13:29:45.579 | WARNING  | __main__:<cell line: 108>:108 - 均值：	0.762	0.811	0.687	0.743
2022-07-31 13:29:46.875 | INFO     | __main__:<cell line: 6>:30 - 使用 LASSO 进行特征选择,剩余73个特征
2022-07-31 13:29:46.891 | INFO     | __main__:<cell line: 45>:61 - 使用 SMOTETomek 混合采样
2022-07-31 13:29:46.969 | INFO     | __main__:<cell line: 66>:66 - 采样前[(0, 621), (1, 184)],采样后[(0, 617), (1, 617)]
2022-07-31 13:29:50.370 | WARNING  | __main__:<cell line: 97>:112 - 0.815	0.976	0.645	0.777
2022-07-31 13:29:50.715 | WARNING  | __main__:<cell line: 97>:112 - 0.839	1.0	0.677	0.808
2022-07-31 13:29:51.005 | WARNING  | __main__:<cell line: 97>:112 - 0.855	1.0	0.71	0.83
2022-07-31 13:29:51.384 | WARNING  | __main__:<cell line: 97>:112 - 0.871	1.0	0.742	0.852
2022-07-31 13:29:51.723 | WARNING  | __main__:<cell line: 97>:112 - 0.813	0.952	0.656	0.777
2022-07-31 13:29:52.200 | WARNING  | __main__:<cell line: 97>:112 - 0.854	1.0	0.705	0.827
2022-07-31 13:29:52.541 | WARNING  | __main__:<cell line: 97>:112 - 0.789	1.0	0.574	0.729
2022-07-31 13:29:52.872 | WARNING  | __main__:<cell line: 97>:112 - 0.87	0.96	0.774	0.857
2022-07-31 13:29:53.200 | WARNING  | __main__:<cell line: 97>:112 - 0.78	0.949	0.597	0.733
2022-07-31 13:29:53.552 | WARNING  | __main__:<cell line: 97>:112 - 0.886	1.0	0.774	0.873
2022-07-31 13:29:53.880 | WARNING  | __main__:<cell line: 117>:117 - 均值：	accuracy:0.837	precision:0.984	recall:0.685	f1:0.806
2022-07-31 13:29:55.157 | INFO     | __main__:<cell line: 5>:19 - 不进行特征选择
2022-07-31 13:29:55.173 | INFO     | __main__:<cell line: 34>:50 - 使用 SMOTETomek 混合采样
2022-07-31 13:29:55.204 | INFO     | __main__:<cell line: 55>:55 - 采样前[(0, 121), (1, 621)],采样后[(0, 613), (1, 613)]
2022-07-31 13:29:59.382 | WARNING  | __main__:<cell line: 88>:103 - 0.821	0.855	0.77	0.81
2022-07-31 13:29:59.760 | WARNING  | __main__:<cell line: 88>:103 - 0.813	0.771	0.885	0.824
2022-07-31 13:30:00.173 | WARNING  | __main__:<cell line: 88>:103 - 0.748	0.778	0.689	0.73
2022-07-31 13:30:00.643 | WARNING  | __main__:<cell line: 88>:103 - 0.805	0.817	0.79	0.803
2022-07-31 13:30:01.069 | WARNING  | __main__:<cell line: 88>:103 - 0.813	0.81	0.823	0.816
2022-07-31 13:30:01.463 | WARNING  | __main__:<cell line: 88>:103 - 0.797	0.836	0.742	0.786
2022-07-31 13:30:01.857 | WARNING  | __main__:<cell line: 88>:103 - 0.869	0.941	0.787	0.857
2022-07-31 13:30:02.261 | WARNING  | __main__:<cell line: 88>:103 - 0.787	0.843	0.705	0.768
2022-07-31 13:30:02.659 | WARNING  | __main__:<cell line: 88>:103 - 0.82	0.855	0.77	0.81
2022-07-31 13:30:03.062 | WARNING  | __main__:<cell line: 88>:103 - 0.844	0.85	0.836	0.843
2022-07-31 13:30:03.470 | WARNING  | __main__:<cell line: 108>:108 - 均值：	0.812	0.836	0.78	0.805
2022-07-31 13:30:03.501 | INFO     | __main__:<cell line: 4>:7 - 使用 卡方检验 进行特诊筛选,剩余80个特征
2022-07-31 13:31:34.701 | INFO     | __main__:<cell line: 4>:7 - 使用 卡方检验 进行特诊筛选,剩余80个特征
2022-07-31 13:32:29.737 | INFO     | __main__:<cell line: 4>:7 - 使用 卡方检验 进行特诊筛选,剩余80个特征
2022-07-31 13:32:35.606 | WARNING  | __main__:<cell line: 68>:80 - 0.886	0.912	0.852	0.881
2022-07-31 13:32:36.142 | WARNING  | __main__:<cell line: 68>:80 - 0.821	0.82	0.82	0.82
2022-07-31 13:32:36.882 | WARNING  | __main__:<cell line: 68>:80 - 0.854	0.852	0.852	0.852
2022-07-31 13:32:37.565 | WARNING  | __main__:<cell line: 68>:80 - 0.829	0.825	0.839	0.832
2022-07-31 13:32:38.290 | WARNING  | __main__:<cell line: 68>:80 - 0.846	0.877	0.806	0.84
2022-07-31 13:32:39.100 | WARNING  | __main__:<cell line: 68>:80 - 0.829	0.847	0.806	0.826
2022-07-31 13:32:39.698 | WARNING  | __main__:<cell line: 68>:80 - 0.811	0.797	0.836	0.816
2022-07-31 13:32:40.323 | WARNING  | __main__:<cell line: 68>:80 - 0.836	0.86	0.803	0.831
2022-07-31 13:32:40.913 | WARNING  | __main__:<cell line: 68>:80 - 0.877	0.926	0.82	0.87
2022-07-31 13:32:41.641 | WARNING  | __main__:<cell line: 68>:80 - 0.803	0.836	0.754	0.793
2022-07-31 13:32:42.155 | WARNING  | __main__:<cell line: 85>:85 - accuracy		mean:0.825	std:0.031
2022-07-31 13:32:42.155 | WARNING  | __main__:<cell line: 86>:86 - precision		mean:0.845	std:0.043
2022-07-31 13:32:42.155 | WARNING  | __main__:<cell line: 87>:87 - recall		mean:0.799	std:0.049
2022-07-31 13:32:42.155 | WARNING  | __main__:<cell line: 88>:88 - f1		mean:0.821	std:0.034
2022-07-31 13:33:15.049 | INFO     | __main__:<cell line: 4>:7 - 使用 卡方检验 进行特诊筛选,剩余80个特征
2022-07-31 13:33:21.057 | WARNING  | __main__:<cell line: 68>:80 - 0.886	0.912	0.852	0.881
2022-07-31 13:33:21.737 | WARNING  | __main__:<cell line: 68>:80 - 0.821	0.82	0.82	0.82
2022-07-31 13:33:22.277 | WARNING  | __main__:<cell line: 68>:80 - 0.854	0.852	0.852	0.852
2022-07-31 13:33:22.835 | WARNING  | __main__:<cell line: 68>:80 - 0.829	0.825	0.839	0.832
2022-07-31 13:33:23.563 | WARNING  | __main__:<cell line: 68>:80 - 0.846	0.877	0.806	0.84
2022-07-31 13:33:24.214 | WARNING  | __main__:<cell line: 68>:80 - 0.829	0.847	0.806	0.826
2022-07-31 13:33:24.926 | WARNING  | __main__:<cell line: 68>:80 - 0.811	0.797	0.836	0.816
2022-07-31 13:33:25.593 | WARNING  | __main__:<cell line: 68>:80 - 0.836	0.86	0.803	0.831
2022-07-31 13:33:26.386 | WARNING  | __main__:<cell line: 68>:80 - 0.877	0.926	0.82	0.87
2022-07-31 13:33:27.056 | WARNING  | __main__:<cell line: 68>:80 - 0.803	0.836	0.754	0.793
2022-07-31 13:33:27.560 | WARNING  | __main__:<cell line: 85>:85 - accuracy		mean:0.83	std:0.03
2022-07-31 13:33:27.560 | WARNING  | __main__:<cell line: 86>:86 - precision		mean:0.849	std:0.042
2022-07-31 13:33:27.560 | WARNING  | __main__:<cell line: 87>:87 - recall		mean:0.806	std:0.044
2022-07-31 13:33:27.560 | WARNING  | __main__:<cell line: 88>:88 - f1		mean:0.826	std:0.032
2022-07-31 13:35:21.490 | INFO     | __main__:<cell line: 8>:9 - 使用 卡方检验 进行特诊筛选
2022-07-31 13:35:21.490 | INFO     | __main__:<cell line: 56>:72 - 使用 SMOTETomek 混合采样
2022-07-31 13:35:21.506 | INFO     | __main__:<cell line: 77>:77 - 采样前[(1, 300), (0, 300)],采样后[(1, 282), (0, 282)]
2022-07-31 13:35:31.475 | INFO     | __main__:<cell line: 108>:108 - {'max_depth': 3, 'grow_policy': 'lossguide', 'learning_rate': 1.02121405031555e-05, 'gamma': 9.80631857221266e-06, 'reg_lambda': 0.23517888372990475, 'reg_alpha': 0.6028623836774861, 'subsample': 0.5628258263800111, 'colsample_bytree': 0.8249034851793677}
2022-07-31 13:35:32.387 | WARNING  | __main__:<cell line: 115>:127 - 0.561	0.571	0.552	0.561
2022-07-31 13:35:32.802 | WARNING  | __main__:<cell line: 115>:127 - 0.754	0.8	0.69	0.741
2022-07-31 13:35:33.225 | WARNING  | __main__:<cell line: 115>:127 - 0.614	0.625	0.536	0.577
2022-07-31 13:35:33.629 | WARNING  | __main__:<cell line: 115>:127 - 0.632	0.606	0.714	0.656
2022-07-31 13:35:34.023 | WARNING  | __main__:<cell line: 115>:127 - 0.536	0.542	0.464	0.5
2022-07-31 13:35:34.485 | WARNING  | __main__:<cell line: 115>:127 - 0.589	0.586	0.607	0.596
2022-07-31 13:35:34.895 | WARNING  | __main__:<cell line: 115>:127 - 0.696	0.677	0.75	0.712
2022-07-31 13:35:35.304 | WARNING  | __main__:<cell line: 115>:127 - 0.696	0.762	0.571	0.653
2022-07-31 13:35:35.715 | WARNING  | __main__:<cell line: 115>:127 - 0.625	0.652	0.536	0.588
2022-07-31 13:35:36.110 | WARNING  | __main__:<cell line: 115>:127 - 0.518	0.52	0.464	0.491
2022-07-31 13:35:36.398 | WARNING  | __main__:<cell line: 132>:132 - accuracy		mean:0.622	std:0.072
2022-07-31 13:35:36.398 | WARNING  | __main__:<cell line: 133>:133 - precision		mean:0.634	std:0.086
2022-07-31 13:35:36.398 | WARNING  | __main__:<cell line: 134>:134 - recall		mean:0.588	std:0.095
2022-07-31 13:35:36.398 | WARNING  | __main__:<cell line: 135>:135 - f1		mean:0.608	std:0.079
2022-07-31 13:36:40.519 | INFO     | __main__:<cell line: 4>:7 - 使用 卡方检验 进行特诊筛选,剩余80个特征
2022-07-31 13:36:40.550 | INFO     | __main__:<cell line: 54>:70 - 使用 SMOTETomek 混合采样
2022-07-31 13:40:07.092 | INFO     | __main__:<cell line: 4>:7 - 使用 卡方检验 进行特诊筛选,剩余80个特征
2022-07-31 13:40:07.094 | INFO     | __main__:<cell line: 55>:71 - 使用 SMOTETomek 混合采样
2022-07-31 13:40:10.013 | INFO     | __main__:<cell line: 4>:7 - 使用 卡方检验 进行特诊筛选,剩余80个特征
2022-07-31 13:40:10.029 | INFO     | __main__:<cell line: 55>:71 - 使用 SMOTETomek 混合采样
2022-07-31 13:44:32.140 | INFO     | __main__:<cell line: 4>:7 - 使用 卡方检验 进行特诊筛选,剩余80个特征
2022-07-31 13:44:32.157 | INFO     | __main__:<cell line: 56>:72 - 使用 SMOTETomek 混合采样
2022-07-31 13:44:58.357 | INFO     | __main__:<cell line: 4>:7 - 使用 卡方检验 进行特诊筛选,剩余80个特征
2022-07-31 13:44:58.357 | INFO     | __main__:<cell line: 37>:37 - Counter({0: 300})
2022-07-31 13:44:58.378 | INFO     | __main__:<cell line: 56>:72 - 使用 SMOTETomek 混合采样
2022-07-31 13:45:05.333 | INFO     | __main__:<cell line: 4>:7 - 使用 卡方检验 进行特诊筛选,剩余80个特征
2022-07-31 13:45:05.333 | INFO     | __main__:<cell line: 37>:37 - Counter({0: 300})
2022-07-31 13:45:05.333 | INFO     | __main__:<cell line: 56>:72 - 使用 SMOTETomek 混合采样
2022-07-31 13:46:16.094 | INFO     | __main__:<cell line: 7>:10 - 使用 卡方检验 进行特诊筛选,剩余80个特征
2022-07-31 13:46:16.094 | INFO     | __main__:<cell line: 40>:40 - Counter({0: 621, 4: 547, 2: 184, 3: 121, 6: 112, 1: 70, 5: 53, 7: 32})
2022-07-31 13:46:16.125 | INFO     | __main__:<cell line: 59>:75 - 使用 SMOTETomek 混合采样
2022-07-31 13:46:16.156 | INFO     | __main__:<cell line: 80>:80 - 采样前[(1, 547), (0, 621)],采样后[(1, 605), (0, 605)]
2022-07-31 13:46:21.802 | WARNING  | __main__:<cell line: 116>:128 - 0.488	0.491	0.459	0.475
2022-07-31 13:46:22.454 | WARNING  | __main__:<cell line: 116>:128 - 0.504	0.508	0.492	0.5
2022-07-31 13:46:23.046 | WARNING  | __main__:<cell line: 116>:128 - 0.521	0.528	0.459	0.491
2022-07-31 13:46:23.714 | WARNING  | __main__:<cell line: 116>:128 - 0.397	0.406	0.426	0.416
2022-07-31 13:46:24.306 | WARNING  | __main__:<cell line: 116>:128 - 0.43	0.413	0.311	0.355
2022-07-31 13:46:25.002 | WARNING  | __main__:<cell line: 116>:128 - 0.496	0.491	0.467	0.479
2022-07-31 13:46:25.784 | WARNING  | __main__:<cell line: 116>:128 - 0.463	0.464	0.533	0.496
2022-07-31 13:46:26.343 | WARNING  | __main__:<cell line: 116>:128 - 0.421	0.424	0.467	0.444
2022-07-31 13:46:27.007 | WARNING  | __main__:<cell line: 116>:128 - 0.471	0.47	0.517	0.492
2022-07-31 13:46:27.631 | WARNING  | __main__:<cell line: 116>:128 - 0.471	0.468	0.483	0.475
2022-07-31 13:46:28.039 | WARNING  | __main__:<cell line: 133>:133 - accuracy		mean:0.466	std:0.037
2022-07-31 13:46:28.039 | WARNING  | __main__:<cell line: 134>:134 - precision		mean:0.466	std:0.039
2022-07-31 13:46:28.039 | WARNING  | __main__:<cell line: 135>:135 - recall		mean:0.461	std:0.058
2022-07-31 13:46:28.039 | WARNING  | __main__:<cell line: 136>:136 - f1		mean:0.462	std:0.043
2022-07-31 13:51:56.265 | INFO     | __main__:<cell line: 7>:10 - 使用 卡方检验 进行特诊筛选,剩余80个特征
2022-07-31 13:52:01.523 | WARNING  | __main__:<cell line: 115>:127 - 0.488	0.491	0.459	0.475
2022-07-31 13:52:02.087 | WARNING  | __main__:<cell line: 115>:127 - 0.504	0.508	0.492	0.5
2022-07-31 13:52:02.733 | WARNING  | __main__:<cell line: 115>:127 - 0.521	0.528	0.459	0.491
2022-07-31 13:52:03.351 | WARNING  | __main__:<cell line: 115>:127 - 0.397	0.406	0.426	0.416
2022-07-31 13:52:04.085 | WARNING  | __main__:<cell line: 115>:127 - 0.43	0.413	0.311	0.355
2022-07-31 13:52:04.638 | WARNING  | __main__:<cell line: 115>:127 - 0.496	0.491	0.467	0.479
2022-07-31 13:52:05.283 | WARNING  | __main__:<cell line: 115>:127 - 0.463	0.464	0.533	0.496
2022-07-31 13:52:05.890 | WARNING  | __main__:<cell line: 115>:127 - 0.421	0.424	0.467	0.444
2022-07-31 13:52:06.510 | WARNING  | __main__:<cell line: 115>:127 - 0.471	0.47	0.517	0.492
2022-07-31 13:52:07.080 | WARNING  | __main__:<cell line: 115>:127 - 0.471	0.468	0.483	0.475
2022-07-31 13:52:07.572 | WARNING  | __main__:<cell line: 132>:132 - accuracy		mean:0.466	std:0.037
2022-07-31 13:52:07.572 | WARNING  | __main__:<cell line: 133>:133 - precision		mean:0.466	std:0.039
2022-07-31 13:52:07.588 | WARNING  | __main__:<cell line: 134>:134 - recall		mean:0.461	std:0.058
2022-07-31 13:52:07.590 | WARNING  | __main__:<cell line: 135>:135 - f1		mean:0.462	std:0.043
2022-07-31 13:53:03.807 | INFO     | __main__:<cell line: 7>:10 - 使用 卡方检验 进行特诊筛选,剩余80个特征
2022-07-31 13:53:09.453 | WARNING  | __main__:<cell line: 115>:127 - 0.587	0.593	0.574	0.583
2022-07-31 13:53:09.662 | WARNING  | __main__:<cell line: 115>:127 - 0.554	0.556	0.574	0.565
2022-07-31 13:53:09.865 | WARNING  | __main__:<cell line: 115>:127 - 0.661	0.685	0.607	0.643
2022-07-31 13:53:10.090 | WARNING  | __main__:<cell line: 115>:127 - 0.595	0.594	0.623	0.608
2022-07-31 13:53:10.387 | WARNING  | __main__:<cell line: 115>:127 - 0.529	0.542	0.426	0.477
2022-07-31 13:53:10.591 | WARNING  | __main__:<cell line: 115>:127 - 0.653	0.667	0.6	0.632
2022-07-31 13:53:10.810 | WARNING  | __main__:<cell line: 115>:127 - 0.603	0.607	0.567	0.586
2022-07-31 13:53:11.029 | WARNING  | __main__:<cell line: 115>:127 - 0.636	0.629	0.65	0.639
2022-07-31 13:53:11.233 | WARNING  | __main__:<cell line: 115>:127 - 0.62	0.625	0.583	0.603
2022-07-31 13:53:11.483 | WARNING  | __main__:<cell line: 115>:127 - 0.62	0.617	0.617	0.617
2022-07-31 13:53:11.654 | WARNING  | __main__:<cell line: 132>:132 - accuracy		mean:0.606	std:0.04
2022-07-31 13:53:11.654 | WARNING  | __main__:<cell line: 133>:133 - precision		mean:0.611	std:0.042
2022-07-31 13:53:11.654 | WARNING  | __main__:<cell line: 134>:134 - recall		mean:0.582	std:0.058
2022-07-31 13:53:11.654 | WARNING  | __main__:<cell line: 135>:135 - f1		mean:0.595	std:0.046
