2022-07-29 17:33:00.860 | INFO     | __main__:<cell line: 7>:31 - 使用 LASSO 进行特征选择,剩余73个特征
2022-07-29 17:33:01.435 | INFO     | __main__:<cell line: 55>:71 - 使用 SMOTETomek 混合采样
2022-07-29 17:33:01.470 | INFO     | __main__:<cell line: 76>:76 - 采样前[(0, 184), (1, 121)],采样后[(0, 171), (1, 171)]
2022-07-29 17:33:11.731 | WARNING  | __main__:<cell line: 113>:125 - 0.629	0.667	0.471	0.552
2022-07-29 17:33:12.225 | WARNING  | __main__:<cell line: 113>:125 - 0.771	0.75	0.833	0.789
2022-07-29 17:33:12.712 | WARNING  | __main__:<cell line: 113>:125 - 0.706	0.733	0.647	0.688
2022-07-29 17:33:13.110 | WARNING  | __main__:<cell line: 113>:125 - 0.647	0.632	0.706	0.667
2022-07-29 17:33:13.550 | WARNING  | __main__:<cell line: 113>:125 - 0.765	0.8	0.706	0.75
2022-07-29 17:33:14.010 | WARNING  | __main__:<cell line: 113>:125 - 0.735	0.833	0.588	0.69
2022-07-29 17:33:14.454 | WARNING  | __main__:<cell line: 113>:125 - 0.471	0.467	0.412	0.437
2022-07-29 17:33:14.925 | WARNING  | __main__:<cell line: 113>:125 - 0.676	0.688	0.647	0.667
2022-07-29 17:33:15.341 | WARNING  | __main__:<cell line: 113>:125 - 0.794	0.857	0.706	0.774
2022-07-29 17:33:15.945 | WARNING  | __main__:<cell line: 113>:125 - 0.5	0.5	0.412	0.452
2022-07-29 17:33:16.231 | WARNING  | __main__:<cell line: 130>:130 - accuracy		mean:0.669	std:0.105
2022-07-29 17:33:16.231 | WARNING  | __main__:<cell line: 131>:131 - precision		mean:0.693	std:0.125
2022-07-29 17:33:16.231 | WARNING  | __main__:<cell line: 132>:132 - recall		mean:0.613	std:0.134
2022-07-29 17:33:16.231 | WARNING  | __main__:<cell line: 133>:133 - f1		mean:0.646	std:0.119
2022-07-29 17:33:17.560 | INFO     | __main__:<cell line: 6>:7 - 使用 卡方检验 进行特诊筛选
2022-07-29 17:33:18.140 | INFO     | __main__:<cell line: 52>:68 - 使用 SMOTETomek 混合采样
2022-07-29 17:33:18.260 | INFO     | __main__:<cell line: 73>:73 - 采样前[(0, 184), (1, 121)],采样后[(0, 171), (1, 171)]
2022-07-29 17:33:21.077 | WARNING  | __main__:<cell line: 106>:121 - 0.829	0.789	0.882	0.833
2022-07-29 17:33:21.330 | WARNING  | __main__:<cell line: 106>:121 - 0.771	0.778	0.778	0.778
2022-07-29 17:33:21.600 | WARNING  | __main__:<cell line: 106>:121 - 0.618	0.591	0.765	0.667
2022-07-29 17:33:21.880 | WARNING  | __main__:<cell line: 106>:121 - 0.647	0.619	0.765	0.684
2022-07-29 17:33:22.145 | WARNING  | __main__:<cell line: 106>:121 - 0.765	0.765	0.765	0.765
2022-07-29 17:33:22.415 | WARNING  | __main__:<cell line: 106>:121 - 0.676	0.65	0.765	0.703
2022-07-29 17:33:22.713 | WARNING  | __main__:<cell line: 106>:121 - 0.735	0.75	0.706	0.727
2022-07-29 17:33:22.975 | WARNING  | __main__:<cell line: 106>:121 - 0.647	0.692	0.529	0.6
2022-07-29 17:33:23.325 | WARNING  | __main__:<cell line: 106>:121 - 0.735	0.682	0.882	0.769
2022-07-29 17:33:23.615 | WARNING  | __main__:<cell line: 106>:121 - 0.647	0.647	0.647	0.647
2022-07-29 17:33:23.870 | WARNING  | __main__:<cell line: 126>:126 - 均值：	0.707	0.696	0.748	0.717
2022-07-29 17:33:25.030 | INFO     | __main__:<cell line: 5>:6 - 使用 卡方检验 进行特诊筛选
2022-07-29 17:33:25.050 | INFO     | __main__:<cell line: 34>:50 - 使用 SMOTETomek 混合采样
2022-07-29 17:33:25.075 | INFO     | __main__:<cell line: 55>:55 - 采样前[(0, 184), (1, 547)],采样后[(0, 530), (1, 530)]
2022-07-29 17:33:28.414 | WARNING  | __main__:<cell line: 88>:103 - 0.689	0.679	0.717	0.697
2022-07-29 17:33:28.745 | WARNING  | __main__:<cell line: 88>:103 - 0.745	0.75	0.736	0.743
2022-07-29 17:33:29.185 | WARNING  | __main__:<cell line: 88>:103 - 0.774	0.784	0.755	0.769
2022-07-29 17:33:29.538 | WARNING  | __main__:<cell line: 88>:103 - 0.792	0.816	0.755	0.784
2022-07-29 17:33:29.912 | WARNING  | __main__:<cell line: 88>:103 - 0.755	0.814	0.66	0.729
2022-07-29 17:33:30.290 | WARNING  | __main__:<cell line: 88>:103 - 0.764	0.804	0.698	0.747
2022-07-29 17:33:30.645 | WARNING  | __main__:<cell line: 88>:103 - 0.821	0.87	0.755	0.808
2022-07-29 17:33:31.030 | WARNING  | __main__:<cell line: 88>:103 - 0.783	0.812	0.736	0.772
2022-07-29 17:33:31.400 | WARNING  | __main__:<cell line: 88>:103 - 0.792	0.792	0.792	0.792
2022-07-29 17:33:31.867 | WARNING  | __main__:<cell line: 88>:103 - 0.679	0.711	0.604	0.653
2022-07-29 17:33:32.210 | WARNING  | __main__:<cell line: 108>:108 - 均值：	0.759	0.783	0.721	0.75
2022-07-29 17:33:33.410 | INFO     | __main__:<cell line: 6>:30 - 使用 LASSO 进行特征选择,剩余73个特征
2022-07-29 17:33:33.430 | INFO     | __main__:<cell line: 45>:61 - 使用 SMOTETomek 混合采样
2022-07-29 17:33:33.505 | INFO     | __main__:<cell line: 66>:66 - 采样前[(0, 621), (1, 184)],采样后[(0, 617), (1, 617)]
2022-07-29 17:33:36.450 | WARNING  | __main__:<cell line: 97>:112 - 0.823	0.976	0.661	0.788
2022-07-29 17:33:36.825 | WARNING  | __main__:<cell line: 97>:112 - 0.847	1.0	0.694	0.819
2022-07-29 17:33:37.179 | WARNING  | __main__:<cell line: 97>:112 - 0.823	0.935	0.694	0.796
2022-07-29 17:33:37.538 | WARNING  | __main__:<cell line: 97>:112 - 0.863	0.979	0.742	0.844
2022-07-29 17:33:37.890 | WARNING  | __main__:<cell line: 97>:112 - 0.813	0.952	0.656	0.777
2022-07-29 17:33:38.245 | WARNING  | __main__:<cell line: 97>:112 - 0.854	0.978	0.721	0.83
2022-07-29 17:33:38.590 | WARNING  | __main__:<cell line: 97>:112 - 0.772	1.0	0.541	0.702
2022-07-29 17:33:38.925 | WARNING  | __main__:<cell line: 97>:112 - 0.878	0.98	0.774	0.865
2022-07-29 17:33:39.275 | WARNING  | __main__:<cell line: 97>:112 - 0.789	0.974	0.597	0.74
2022-07-29 17:33:39.760 | WARNING  | __main__:<cell line: 97>:112 - 0.87	0.96	0.774	0.857
2022-07-29 17:33:40.077 | WARNING  | __main__:<cell line: 117>:117 - 均值：	accuracy:0.833	precision:0.973	recall:0.685	f1:0.802
2022-07-29 17:33:41.275 | INFO     | __main__:<cell line: 5>:19 - 不进行特征选择
2022-07-29 17:33:41.290 | INFO     | __main__:<cell line: 34>:50 - 使用 SMOTETomek 混合采样
2022-07-29 17:33:41.320 | INFO     | __main__:<cell line: 55>:55 - 采样前[(0, 121), (1, 621)],采样后[(0, 613), (1, 613)]
2022-07-29 17:33:45.091 | WARNING  | __main__:<cell line: 88>:103 - 0.829	0.87	0.77	0.817
2022-07-29 17:33:45.565 | WARNING  | __main__:<cell line: 88>:103 - 0.756	0.746	0.77	0.758
2022-07-29 17:33:46.023 | WARNING  | __main__:<cell line: 88>:103 - 0.756	0.772	0.721	0.746
2022-07-29 17:33:46.498 | WARNING  | __main__:<cell line: 88>:103 - 0.764	0.78	0.742	0.76
2022-07-29 17:33:46.984 | WARNING  | __main__:<cell line: 88>:103 - 0.789	0.846	0.71	0.772
2022-07-29 17:33:47.499 | WARNING  | __main__:<cell line: 88>:103 - 0.813	0.868	0.742	0.8
2022-07-29 17:33:47.962 | WARNING  | __main__:<cell line: 88>:103 - 0.811	0.817	0.803	0.81
2022-07-29 17:33:48.389 | WARNING  | __main__:<cell line: 88>:103 - 0.77	0.824	0.689	0.75
2022-07-29 17:33:48.832 | WARNING  | __main__:<cell line: 88>:103 - 0.779	0.815	0.721	0.765
2022-07-29 17:33:49.285 | WARNING  | __main__:<cell line: 88>:103 - 0.795	0.821	0.754	0.786
2022-07-29 17:33:49.705 | WARNING  | __main__:<cell line: 108>:108 - 均值：	0.786	0.816	0.742	0.776
2022-07-29 17:34:05.775 | INFO     | __main__:<cell line: 7>:31 - 使用 LASSO 进行特征选择,剩余73个特征
2022-07-29 17:34:06.375 | INFO     | __main__:<cell line: 55>:71 - 使用 SMOTETomek 混合采样
2022-07-29 17:34:06.420 | INFO     | __main__:<cell line: 76>:76 - 采样前[(0, 184), (1, 121)],采样后[(0, 171), (1, 171)]
2022-07-29 17:38:23.002 | WARNING  | __main__:<cell line: 113>:125 - 0.571	0.583	0.412	0.483
2022-07-29 17:38:27.222 | WARNING  | __main__:<cell line: 113>:125 - 0.829	0.833	0.833	0.833
2022-07-29 17:38:31.582 | WARNING  | __main__:<cell line: 113>:125 - 0.765	0.765	0.765	0.765
2022-07-29 17:38:35.902 | WARNING  | __main__:<cell line: 113>:125 - 0.647	0.647	0.647	0.647
2022-07-29 17:38:40.194 | WARNING  | __main__:<cell line: 113>:125 - 0.794	0.778	0.824	0.8
2022-07-29 17:38:44.493 | WARNING  | __main__:<cell line: 113>:125 - 0.676	0.75	0.529	0.621
2022-07-29 17:38:48.771 | WARNING  | __main__:<cell line: 113>:125 - 0.529	0.529	0.529	0.529
2022-07-29 17:38:53.202 | WARNING  | __main__:<cell line: 113>:125 - 0.706	0.769	0.588	0.667
2022-07-29 17:38:57.649 | WARNING  | __main__:<cell line: 113>:125 - 0.676	0.667	0.706	0.686
2022-07-29 17:39:02.023 | WARNING  | __main__:<cell line: 113>:125 - 0.588	0.615	0.471	0.533
2022-07-29 17:39:03.331 | WARNING  | __main__:<cell line: 130>:130 - accuracy		mean:0.678	std:0.093
2022-07-29 17:39:03.332 | WARNING  | __main__:<cell line: 131>:131 - precision		mean:0.694	std:0.094
2022-07-29 17:39:03.332 | WARNING  | __main__:<cell line: 132>:132 - recall		mean:0.63	std:0.141
2022-07-29 17:39:03.332 | WARNING  | __main__:<cell line: 133>:133 - f1		mean:0.656	std:0.113
