2022-07-31 13:35:21.490 | INFO     | __main__:<cell line: 8>:9 - 使用 卡方检验 进行特诊筛选
2022-07-31 13:35:21.490 | INFO     | __main__:<cell line: 56>:72 - 使用 SMOTETomek 混合采样
2022-07-31 13:35:21.506 | INFO     | __main__:<cell line: 77>:77 - 采样前[(1, 300), (0, 300)],采样后[(1, 282), (0, 282)]
2022-07-31 13:35:31.475 | INFO     | __main__:<cell line: 108>:108 - {'max_depth': 3, 'grow_policy': 'lossguide', 'learning_rate': 1.02121405031555e-05, 'gamma': 9.80631857221266e-06, 'reg_lambda': 0.23517888372990475, 'reg_alpha': 0.6028623836774861, 'subsample': 0.5628258263800111, 'colsample_bytree': 0.8249034851793677}
2022-07-31 13:35:32.387 | WARNING  | __main__:<cell line: 115>:127 - 0.561	0.571	0.552	0.561
2022-07-31 13:35:32.802 | WARNING  | __main__:<cell line: 115>:127 - 0.754	0.8	0.69	0.741
2022-07-31 13:35:33.225 | WARNING  | __main__:<cell line: 115>:127 - 0.614	0.625	0.536	0.577
2022-07-31 13:35:33.629 | WARNING  | __main__:<cell line: 115>:127 - 0.632	0.606	0.714	0.656
2022-07-31 13:35:34.023 | WARNING  | __main__:<cell line: 115>:127 - 0.536	0.542	0.464	0.5
2022-07-31 13:35:34.485 | WARNING  | __main__:<cell line: 115>:127 - 0.589	0.586	0.607	0.596
2022-07-31 13:35:34.895 | WARNING  | __main__:<cell line: 115>:127 - 0.696	0.677	0.75	0.712
2022-07-31 13:35:35.304 | WARNING  | __main__:<cell line: 115>:127 - 0.696	0.762	0.571	0.653
2022-07-31 13:35:35.715 | WARNING  | __main__:<cell line: 115>:127 - 0.625	0.652	0.536	0.588
2022-07-31 13:35:36.110 | WARNING  | __main__:<cell line: 115>:127 - 0.518	0.52	0.464	0.491
2022-07-31 13:35:36.398 | WARNING  | __main__:<cell line: 132>:132 - accuracy		mean:0.622	std:0.072
2022-07-31 13:35:36.398 | WARNING  | __main__:<cell line: 133>:133 - precision		mean:0.634	std:0.086
2022-07-31 13:35:36.398 | WARNING  | __main__:<cell line: 134>:134 - recall		mean:0.588	std:0.095
2022-07-31 13:35:36.398 | WARNING  | __main__:<cell line: 135>:135 - f1		mean:0.608	std:0.079
2022-07-31 13:36:40.519 | INFO     | __main__:<cell line: 4>:7 - 使用 卡方检验 进行特诊筛选,剩余80个特征
2022-07-31 13:36:40.550 | INFO     | __main__:<cell line: 54>:70 - 使用 SMOTETomek 混合采样
2022-07-31 13:40:07.092 | INFO     | __main__:<cell line: 4>:7 - 使用 卡方检验 进行特诊筛选,剩余80个特征
2022-07-31 13:40:07.094 | INFO     | __main__:<cell line: 55>:71 - 使用 SMOTETomek 混合采样
2022-07-31 13:40:10.013 | INFO     | __main__:<cell line: 4>:7 - 使用 卡方检验 进行特诊筛选,剩余80个特征
2022-07-31 13:40:10.029 | INFO     | __main__:<cell line: 55>:71 - 使用 SMOTETomek 混合采样
2022-07-31 13:44:32.140 | INFO     | __main__:<cell line: 4>:7 - 使用 卡方检验 进行特诊筛选,剩余80个特征
2022-07-31 13:44:32.157 | INFO     | __main__:<cell line: 56>:72 - 使用 SMOTETomek 混合采样
2022-07-31 13:44:58.357 | INFO     | __main__:<cell line: 4>:7 - 使用 卡方检验 进行特诊筛选,剩余80个特征
2022-07-31 13:44:58.357 | INFO     | __main__:<cell line: 37>:37 - Counter({0: 300})
2022-07-31 13:44:58.378 | INFO     | __main__:<cell line: 56>:72 - 使用 SMOTETomek 混合采样
2022-07-31 13:45:05.333 | INFO     | __main__:<cell line: 4>:7 - 使用 卡方检验 进行特诊筛选,剩余80个特征
2022-07-31 13:45:05.333 | INFO     | __main__:<cell line: 37>:37 - Counter({0: 300})
2022-07-31 13:45:05.333 | INFO     | __main__:<cell line: 56>:72 - 使用 SMOTETomek 混合采样
2022-07-31 13:46:16.094 | INFO     | __main__:<cell line: 7>:10 - 使用 卡方检验 进行特诊筛选,剩余80个特征
2022-07-31 13:46:16.094 | INFO     | __main__:<cell line: 40>:40 - Counter({0: 621, 4: 547, 2: 184, 3: 121, 6: 112, 1: 70, 5: 53, 7: 32})
2022-07-31 13:46:16.125 | INFO     | __main__:<cell line: 59>:75 - 使用 SMOTETomek 混合采样
2022-07-31 13:46:16.156 | INFO     | __main__:<cell line: 80>:80 - 采样前[(1, 547), (0, 621)],采样后[(1, 605), (0, 605)]
2022-07-31 13:46:21.802 | WARNING  | __main__:<cell line: 116>:128 - 0.488	0.491	0.459	0.475
2022-07-31 13:46:22.454 | WARNING  | __main__:<cell line: 116>:128 - 0.504	0.508	0.492	0.5
2022-07-31 13:46:23.046 | WARNING  | __main__:<cell line: 116>:128 - 0.521	0.528	0.459	0.491
2022-07-31 13:46:23.714 | WARNING  | __main__:<cell line: 116>:128 - 0.397	0.406	0.426	0.416
2022-07-31 13:46:24.306 | WARNING  | __main__:<cell line: 116>:128 - 0.43	0.413	0.311	0.355
2022-07-31 13:46:25.002 | WARNING  | __main__:<cell line: 116>:128 - 0.496	0.491	0.467	0.479
2022-07-31 13:46:25.784 | WARNING  | __main__:<cell line: 116>:128 - 0.463	0.464	0.533	0.496
2022-07-31 13:46:26.343 | WARNING  | __main__:<cell line: 116>:128 - 0.421	0.424	0.467	0.444
2022-07-31 13:46:27.007 | WARNING  | __main__:<cell line: 116>:128 - 0.471	0.47	0.517	0.492
2022-07-31 13:46:27.631 | WARNING  | __main__:<cell line: 116>:128 - 0.471	0.468	0.483	0.475
2022-07-31 13:46:28.039 | WARNING  | __main__:<cell line: 133>:133 - accuracy		mean:0.466	std:0.037
2022-07-31 13:46:28.039 | WARNING  | __main__:<cell line: 134>:134 - precision		mean:0.466	std:0.039
2022-07-31 13:46:28.039 | WARNING  | __main__:<cell line: 135>:135 - recall		mean:0.461	std:0.058
2022-07-31 13:46:28.039 | WARNING  | __main__:<cell line: 136>:136 - f1		mean:0.462	std:0.043
2022-07-31 13:51:56.265 | INFO     | __main__:<cell line: 7>:10 - 使用 卡方检验 进行特诊筛选,剩余80个特征
2022-07-31 13:52:01.523 | WARNING  | __main__:<cell line: 115>:127 - 0.488	0.491	0.459	0.475
2022-07-31 13:52:02.087 | WARNING  | __main__:<cell line: 115>:127 - 0.504	0.508	0.492	0.5
2022-07-31 13:52:02.733 | WARNING  | __main__:<cell line: 115>:127 - 0.521	0.528	0.459	0.491
2022-07-31 13:52:03.351 | WARNING  | __main__:<cell line: 115>:127 - 0.397	0.406	0.426	0.416
2022-07-31 13:52:04.085 | WARNING  | __main__:<cell line: 115>:127 - 0.43	0.413	0.311	0.355
2022-07-31 13:52:04.638 | WARNING  | __main__:<cell line: 115>:127 - 0.496	0.491	0.467	0.479
2022-07-31 13:52:05.283 | WARNING  | __main__:<cell line: 115>:127 - 0.463	0.464	0.533	0.496
2022-07-31 13:52:05.890 | WARNING  | __main__:<cell line: 115>:127 - 0.421	0.424	0.467	0.444
2022-07-31 13:52:06.510 | WARNING  | __main__:<cell line: 115>:127 - 0.471	0.47	0.517	0.492
2022-07-31 13:52:07.080 | WARNING  | __main__:<cell line: 115>:127 - 0.471	0.468	0.483	0.475
2022-07-31 13:52:07.572 | WARNING  | __main__:<cell line: 132>:132 - accuracy		mean:0.466	std:0.037
2022-07-31 13:52:07.572 | WARNING  | __main__:<cell line: 133>:133 - precision		mean:0.466	std:0.039
2022-07-31 13:52:07.588 | WARNING  | __main__:<cell line: 134>:134 - recall		mean:0.461	std:0.058
2022-07-31 13:52:07.590 | WARNING  | __main__:<cell line: 135>:135 - f1		mean:0.462	std:0.043
2022-07-31 13:53:03.807 | INFO     | __main__:<cell line: 7>:10 - 使用 卡方检验 进行特诊筛选,剩余80个特征
2022-07-31 13:53:09.453 | WARNING  | __main__:<cell line: 115>:127 - 0.587	0.593	0.574	0.583
2022-07-31 13:53:09.662 | WARNING  | __main__:<cell line: 115>:127 - 0.554	0.556	0.574	0.565
2022-07-31 13:53:09.865 | WARNING  | __main__:<cell line: 115>:127 - 0.661	0.685	0.607	0.643
2022-07-31 13:53:10.090 | WARNING  | __main__:<cell line: 115>:127 - 0.595	0.594	0.623	0.608
2022-07-31 13:53:10.387 | WARNING  | __main__:<cell line: 115>:127 - 0.529	0.542	0.426	0.477
2022-07-31 13:53:10.591 | WARNING  | __main__:<cell line: 115>:127 - 0.653	0.667	0.6	0.632
2022-07-31 13:53:10.810 | WARNING  | __main__:<cell line: 115>:127 - 0.603	0.607	0.567	0.586
2022-07-31 13:53:11.029 | WARNING  | __main__:<cell line: 115>:127 - 0.636	0.629	0.65	0.639
2022-07-31 13:53:11.233 | WARNING  | __main__:<cell line: 115>:127 - 0.62	0.625	0.583	0.603
2022-07-31 13:53:11.483 | WARNING  | __main__:<cell line: 115>:127 - 0.62	0.617	0.617	0.617
2022-07-31 13:53:11.654 | WARNING  | __main__:<cell line: 132>:132 - accuracy		mean:0.606	std:0.04
2022-07-31 13:53:11.654 | WARNING  | __main__:<cell line: 133>:133 - precision		mean:0.611	std:0.042
2022-07-31 13:53:11.654 | WARNING  | __main__:<cell line: 134>:134 - recall		mean:0.582	std:0.058
2022-07-31 13:53:11.654 | WARNING  | __main__:<cell line: 135>:135 - f1		mean:0.595	std:0.046
