2022-08-18 13:28:38.045 | INFO     | __main__:<cell line: 41>:66 - 使用 LASSO 进行特征选择,剩余62个特征
2022-08-18 13:29:00.277 | INFO     | __main__:<cell line: 42>:67 - 使用 LASSO 进行特征选择,剩余62个特征
2022-08-18 13:29:02.289 | INFO     | __main__:<cell line: 97>:113 - 使用 SMOTETomek 混合采样
2022-08-18 13:29:02.331 | INFO     | __main__:<cell line: 118>:118 - 采样前[(1, 547), (0, 621)],采样后[(1, 597), (0, 597)]
2022-08-18 13:29:12.800 | INFO     | __main__:<cell line: 149>:149 - {'max_depth': 6, 'grow_policy': 'lossguide', 'learning_rate': 3.065006513546901e-06, 'gamma': 0.056607048209351286, 'reg_lambda': 2.4137901198264562e-05, 'reg_alpha': 4.5165112910402126e-08, 'subsample': 0.9396382990533863, 'colsample_bytree': 0.20105008729247295}
2022-08-18 13:29:13.687 | WARNING  | __main__:<cell line: 156>:156 - {'fit_time': array([0.09339404, 0.08735228, 0.08313489, 0.08046603, 0.0863595 ,
       0.08225751, 0.07715535, 0.07803035, 0.07398105, 0.07833719]), 'score_time': array([0.00730181, 0.00649548, 0.00633144, 0.00601411, 0.00636387,
       0.00599909, 0.00399971, 0.00448847, 0.00400019, 0.0059998 ]), 'test_accuracy': array([0.625     , 0.675     , 0.60833333, 0.66666667, 0.58823529,
       0.65546218, 0.6302521 , 0.56302521, 0.54621849, 0.63865546]), 'test_precision': array([0.63636364, 0.74418605, 0.61818182, 0.69230769, 0.60784314,
       0.68627451, 0.68181818, 0.56862745, 0.55555556, 0.65384615]), 'test_recall': array([0.58333333, 0.53333333, 0.56666667, 0.6       , 0.51666667,
       0.58333333, 0.5       , 0.49152542, 0.42372881, 0.57627119]), 'test_f1': array([0.60869565, 0.62135922, 0.59130435, 0.64285714, 0.55855856,
       0.63063063, 0.57692308, 0.52727273, 0.48076923, 0.61261261])}
2022-08-18 13:29:13.781 | WARNING  | __main__:<cell line: 157>:169 - 0.625	0.636	0.583	0.609
2022-08-18 13:29:14.313 | WARNING  | __main__:<cell line: 157>:169 - 0.675	0.744	0.533	0.621
2022-08-18 13:29:14.851 | WARNING  | __main__:<cell line: 157>:169 - 0.608	0.618	0.567	0.591
2022-08-18 13:29:15.427 | WARNING  | __main__:<cell line: 157>:169 - 0.667	0.692	0.6	0.643
2022-08-18 13:29:15.953 | WARNING  | __main__:<cell line: 157>:169 - 0.588	0.608	0.517	0.559
2022-08-18 13:29:16.490 | WARNING  | __main__:<cell line: 157>:169 - 0.655	0.686	0.583	0.631
2022-08-18 13:29:16.995 | WARNING  | __main__:<cell line: 157>:169 - 0.63	0.682	0.5	0.577
2022-08-18 13:29:17.520 | WARNING  | __main__:<cell line: 157>:169 - 0.563	0.569	0.492	0.527
2022-08-18 13:29:18.056 | WARNING  | __main__:<cell line: 157>:169 - 0.546	0.556	0.424	0.481
2022-08-18 13:29:18.551 | WARNING  | __main__:<cell line: 157>:169 - 0.639	0.654	0.576	0.613
2022-08-18 13:29:19.059 | WARNING  | __main__:<cell line: 174>:174 - accuracy		mean:0.62	std:0.041
2022-08-18 13:29:19.060 | WARNING  | __main__:<cell line: 175>:175 - precision		mean:0.645	std:0.056
2022-08-18 13:29:19.061 | WARNING  | __main__:<cell line: 176>:176 - recall		mean:0.537	std:0.052
2022-08-18 13:29:19.061 | WARNING  | __main__:<cell line: 177>:177 - f1		mean:0.585	std:0.048
