2022-08-07 16:40:43.333 | INFO     | __main__:<cell line: 41>:42 - 使用 卡方检验 进行特诊筛选
2022-08-07 16:40:43.888 | INFO     | __main__:<cell line: 96>:112 - 使用 SMOTETomek 混合采样
2022-08-07 16:40:43.888 | INFO     | __main__:<cell line: 117>:117 - 采样前[(0, 180), (1, 120)],采样后[(0, 169), (1, 169)]
2022-08-07 16:41:17.118 | INFO     | __main__:<cell line: 148>:148 - {'max_depth': 8, 'grow_policy': 'lossguide', 'learning_rate': 2.5892545155825287e-05, 'gamma': 0.000643168193791961, 'reg_lambda': 2.1998484039374832e-07, 'reg_alpha': 3.7888472800383677e-05, 'subsample': 0.870542145790765, 'colsample_bytree': 0.893565081694774}
2022-08-07 16:41:18.110 | WARNING  | __main__:<cell line: 155>:155 - {'fit_time': array([0.09739208, 0.09373951, 0.09374118, 0.09373951, 0.09374022,
       0.09835315, 0.09374022, 0.09374022, 0.10936379, 0.09373999]), 'score_time': array([0.        , 0.        , 0.01562309, 0.        , 0.        ,
       0.        , 0.01562333, 0.        , 0.        , 0.        ]), 'test_accuracy': array([0.64705882, 0.64705882, 0.52941176, 0.79411765, 0.64705882,
       0.64705882, 0.73529412, 0.67647059, 0.6969697 , 0.66666667]), 'test_precision': array([0.64705882, 0.64705882, 0.52941176, 0.8125    , 0.63157895,
       0.64705882, 0.75      , 0.63636364, 0.6875    , 0.66666667]), 'test_recall': array([0.64705882, 0.64705882, 0.52941176, 0.76470588, 0.70588235,
       0.64705882, 0.70588235, 0.82352941, 0.6875    , 0.70588235]), 'test_f1': array([0.64705882, 0.64705882, 0.52941176, 0.78787879, 0.66666667,
       0.64705882, 0.72727273, 0.71794872, 0.6875    , 0.68571429])}
2022-08-07 16:41:18.235 | WARNING  | __main__:<cell line: 156>:168 - 0.647	0.647	0.647	0.647
2022-08-07 16:41:18.727 | WARNING  | __main__:<cell line: 156>:168 - 0.647	0.647	0.647	0.647
2022-08-07 16:41:19.220 | WARNING  | __main__:<cell line: 156>:168 - 0.529	0.529	0.529	0.529
2022-08-07 16:41:19.706 | WARNING  | __main__:<cell line: 156>:168 - 0.794	0.812	0.765	0.788
2022-08-07 16:41:20.193 | WARNING  | __main__:<cell line: 156>:168 - 0.647	0.632	0.706	0.667
2022-08-07 16:41:20.719 | WARNING  | __main__:<cell line: 156>:168 - 0.647	0.647	0.647	0.647
2022-08-07 16:41:21.244 | WARNING  | __main__:<cell line: 156>:168 - 0.735	0.75	0.706	0.727
2022-08-07 16:41:21.746 | WARNING  | __main__:<cell line: 156>:168 - 0.676	0.636	0.824	0.718
2022-08-07 16:41:22.324 | WARNING  | __main__:<cell line: 156>:168 - 0.697	0.688	0.688	0.688
2022-08-07 16:41:22.798 | WARNING  | __main__:<cell line: 156>:168 - 0.667	0.667	0.706	0.686
2022-08-07 16:41:23.134 | WARNING  | __main__:<cell line: 173>:173 - accuracy		mean:0.669	std:0.065
2022-08-07 16:41:23.150 | WARNING  | __main__:<cell line: 174>:174 - precision		mean:0.666	std:0.071
2022-08-07 16:41:23.150 | WARNING  | __main__:<cell line: 175>:175 - recall		mean:0.686	std:0.074
2022-08-07 16:41:23.150 | WARNING  | __main__:<cell line: 176>:176 - f1		mean:0.674	std:0.064
2022-08-07 16:41:24.210 | INFO     | __main__:<cell line: 40>:41 - 使用 卡方检验 进行特诊筛选
2022-08-07 16:41:24.773 | INFO     | __main__:<cell line: 88>:104 - 使用 SMOTETomek 混合采样
2022-08-07 16:41:24.912 | INFO     | __main__:<cell line: 109>:109 - 采样前[(0, 184), (1, 121)],采样后[(0, 171), (1, 171)]
2022-08-07 16:41:27.649 | WARNING  | __main__:<cell line: 142>:157 - 0.725	0.683	0.824	0.747
2022-08-07 16:41:27.915 | WARNING  | __main__:<cell line: 142>:157 - 0.667	0.7	0.6	0.646
2022-08-07 16:41:28.180 | WARNING  | __main__:<cell line: 142>:157 - 0.809	0.769	0.882	0.822
2022-08-07 16:41:28.461 | WARNING  | __main__:<cell line: 142>:157 - 0.721	0.714	0.735	0.725
2022-08-07 16:41:28.743 | WARNING  | __main__:<cell line: 142>:157 - 0.691	0.667	0.765	0.712
2022-08-07 16:41:29.000 | WARNING  | __main__:<cell line: 162>:162 - accuracy		mean:0.722	std:0.048
2022-08-07 16:41:29.000 | WARNING  | __main__:<cell line: 163>:163 - precision		mean:0.707	std:0.035
2022-08-07 16:41:29.011 | WARNING  | __main__:<cell line: 164>:164 - recall		mean:0.761	std:0.095
2022-08-07 16:41:29.011 | WARNING  | __main__:<cell line: 165>:165 - f1		mean:0.73	std:0.057
2022-08-07 16:42:03.610 | INFO     | __main__:<cell line: 40>:41 - 使用 卡方检验 进行特诊筛选
2022-08-07 16:42:04.338 | INFO     | __main__:<cell line: 88>:104 - 使用 SMOTETomek 混合采样
2022-08-07 16:42:04.354 | INFO     | __main__:<cell line: 109>:109 - 采样前[(0, 184), (1, 121)],采样后[(0, 171), (1, 171)]
2022-08-07 16:42:07.298 | WARNING  | __main__:<cell line: 142>:157 - 0.667	0.634	0.765	0.693
2022-08-07 16:42:07.548 | WARNING  | __main__:<cell line: 142>:157 - 0.652	0.641	0.714	0.676
2022-08-07 16:42:07.829 | WARNING  | __main__:<cell line: 142>:157 - 0.706	0.719	0.676	0.697
2022-08-07 16:42:08.110 | WARNING  | __main__:<cell line: 142>:157 - 0.824	0.893	0.735	0.806
2022-08-07 16:42:08.376 | WARNING  | __main__:<cell line: 142>:157 - 0.735	0.786	0.647	0.71
2022-08-07 16:42:08.626 | WARNING  | __main__:<cell line: 162>:162 - accuracy		mean:0.717	std:0.061
2022-08-07 16:42:08.626 | WARNING  | __main__:<cell line: 163>:163 - precision		mean:0.734	std:0.097
2022-08-07 16:42:08.626 | WARNING  | __main__:<cell line: 164>:164 - recall		mean:0.708	std:0.042
2022-08-07 16:42:08.626 | WARNING  | __main__:<cell line: 165>:165 - f1		mean:0.716	std:0.046
2022-08-07 16:44:00.861 | INFO     | __main__:<cell line: 40>:41 - 使用 卡方检验 进行特诊筛选
2022-08-07 16:44:01.622 | INFO     | __main__:<cell line: 90>:106 - 使用 SMOTETomek 混合采样
2022-08-07 16:44:01.629 | INFO     | __main__:<cell line: 111>:111 - 采样前[(0, 184), (1, 121)],采样后[(0, 171), (1, 171)]
2022-08-07 16:44:04.461 | WARNING  | __main__:<cell line: 144>:159 - 0.638	0.615	0.706	0.658
2022-08-07 16:44:04.871 | WARNING  | __main__:<cell line: 144>:159 - 0.652	0.641	0.714	0.676
2022-08-07 16:44:05.160 | WARNING  | __main__:<cell line: 144>:159 - 0.691	0.697	0.676	0.687
2022-08-07 16:44:05.407 | WARNING  | __main__:<cell line: 144>:159 - 0.706	0.684	0.765	0.722
2022-08-07 16:44:05.657 | WARNING  | __main__:<cell line: 144>:159 - 0.765	0.8	0.706	0.75
2022-08-07 16:44:05.907 | WARNING  | __main__:<cell line: 164>:164 - accuracy		mean:0.69	std:0.045
2022-08-07 16:44:05.907 | WARNING  | __main__:<cell line: 165>:165 - precision		mean:0.688	std:0.063
2022-08-07 16:44:05.907 | WARNING  | __main__:<cell line: 166>:166 - recall		mean:0.713	std:0.029
2022-08-07 16:44:05.907 | WARNING  | __main__:<cell line: 167>:167 - f1		mean:0.698	std:0.033
2022-08-07 16:45:48.129 | INFO     | __main__:<cell line: 40>:41 - 使用 卡方检验 进行特诊筛选
2022-08-07 16:45:49.101 | INFO     | __main__:<cell line: 91>:107 - 使用 SMOTETomek 混合采样
2022-08-07 16:45:49.116 | INFO     | __main__:<cell line: 112>:112 - 采样前[(0, 184), (1, 121)],采样后[(0, 171), (1, 171)]
2022-08-07 16:45:52.073 | WARNING  | __main__:<cell line: 145>:160 - 0.696	0.686	0.706	0.696
2022-08-07 16:45:52.354 | WARNING  | __main__:<cell line: 145>:160 - 0.681	0.667	0.743	0.703
2022-08-07 16:45:52.625 | WARNING  | __main__:<cell line: 145>:160 - 0.691	0.686	0.706	0.696
2022-08-07 16:45:52.891 | WARNING  | __main__:<cell line: 145>:160 - 0.838	0.871	0.794	0.831
2022-08-07 16:45:53.178 | WARNING  | __main__:<cell line: 145>:160 - 0.779	0.828	0.706	0.762
2022-08-07 16:45:53.444 | WARNING  | __main__:<cell line: 165>:165 - accuracy		mean:0.737	std:0.062
2022-08-07 16:45:53.444 | WARNING  | __main__:<cell line: 166>:166 - precision		mean:0.747	std:0.085
2022-08-07 16:45:53.444 | WARNING  | __main__:<cell line: 167>:167 - recall		mean:0.731	std:0.035
2022-08-07 16:45:53.444 | WARNING  | __main__:<cell line: 168>:168 - f1		mean:0.737	std:0.053
2022-08-07 16:47:04.530 | INFO     | __main__:<cell line: 40>:41 - 使用 卡方检验 进行特诊筛选
2022-08-07 16:47:05.126 | INFO     | __main__:<cell line: 91>:107 - 使用 SMOTETomek 混合采样
2022-08-07 16:47:05.141 | INFO     | __main__:<cell line: 112>:112 - 采样前[(0, 184), (1, 121)],采样后[(0, 171), (1, 171)]
2022-08-07 16:47:07.726 | WARNING  | __main__:<cell line: 145>:160 - 0.696	0.676	0.735	0.704
2022-08-07 16:47:08.007 | WARNING  | __main__:<cell line: 145>:160 - 0.638	0.625	0.714	0.667
2022-08-07 16:47:08.275 | WARNING  | __main__:<cell line: 145>:160 - 0.676	0.7	0.618	0.656
2022-08-07 16:47:08.533 | WARNING  | __main__:<cell line: 145>:160 - 0.824	0.844	0.794	0.818
2022-08-07 16:47:08.973 | WARNING  | __main__:<cell line: 145>:160 - 0.75	0.815	0.647	0.721
2022-08-07 16:47:09.236 | WARNING  | __main__:<cell line: 165>:165 - accuracy		mean:0.717	std:0.065
2022-08-07 16:47:09.236 | WARNING  | __main__:<cell line: 166>:166 - precision		mean:0.732	std:0.084
2022-08-07 16:47:09.236 | WARNING  | __main__:<cell line: 167>:167 - recall		mean:0.702	std:0.063
2022-08-07 16:47:09.236 | WARNING  | __main__:<cell line: 168>:168 - f1		mean:0.713	std:0.058
2022-08-07 18:19:15.822 | INFO     | __main__:<cell line: 6>:31 - 使用 LASSO 进行特征选择,剩余73个特征
2022-08-07 18:19:17.934 | INFO     | __main__:<cell line: 59>:75 - 使用 SMOTETomek 混合采样
2022-08-07 18:19:20.111 | INFO     | __main__:<cell line: 91>:91 - 采样前[(0, 621), (1, 184)],采样后[(0, 617), (1, 617)]
2022-08-07 18:19:23.283 | WARNING  | __main__:<cell line: 124>:139 - 0.806	0.932	0.661	0.774
2022-08-07 18:19:23.613 | WARNING  | __main__:<cell line: 124>:139 - 0.839	1.0	0.677	0.808
2022-08-07 18:19:24.144 | WARNING  | __main__:<cell line: 124>:139 - 0.806	0.896	0.694	0.782
2022-08-07 18:19:24.494 | WARNING  | __main__:<cell line: 124>:139 - 0.863	0.979	0.742	0.844
2022-08-07 18:19:24.825 | WARNING  | __main__:<cell line: 124>:139 - 0.805	0.911	0.672	0.774
2022-08-07 18:19:25.169 | WARNING  | __main__:<cell line: 124>:139 - 0.813	0.88	0.721	0.793
2022-08-07 18:19:25.517 | WARNING  | __main__:<cell line: 124>:139 - 0.764	0.921	0.574	0.707
2022-08-07 18:19:25.845 | WARNING  | __main__:<cell line: 124>:139 - 0.87	0.96	0.774	0.857
2022-08-07 18:19:26.205 | WARNING  | __main__:<cell line: 124>:139 - 0.772	0.925	0.597	0.725
2022-08-07 18:19:26.551 | WARNING  | __main__:<cell line: 124>:139 - 0.878	0.961	0.79	0.867
2022-08-07 18:19:26.816 | WARNING  | __main__:<cell line: 144>:144 - 均值：	accuracy:0.822	precision:0.936	recall:0.69	f1:0.793
2022-08-07 18:21:07.079 | INFO     | __main__:<cell line: 6>:31 - 使用 LASSO 进行特征选择,剩余73个特征
2022-08-07 18:21:07.095 | INFO     | __main__:<cell line: 59>:75 - 使用 SMOTETomek 混合采样
2022-08-07 18:21:09.267 | INFO     | __main__:<cell line: 91>:91 - 采样前[(0, 621), (1, 184)],采样后[(0, 617), (1, 617)]
2022-08-07 18:21:13.927 | WARNING  | __main__:<cell line: 124>:139 - 0.815	0.976	0.645	0.777
2022-08-07 18:21:14.270 | WARNING  | __main__:<cell line: 124>:139 - 0.839	0.977	0.694	0.811
2022-08-07 18:21:14.603 | WARNING  | __main__:<cell line: 124>:139 - 0.831	0.956	0.694	0.804
2022-08-07 18:21:14.931 | WARNING  | __main__:<cell line: 124>:139 - 0.871	0.979	0.758	0.855
2022-08-07 18:21:15.278 | WARNING  | __main__:<cell line: 124>:139 - 0.805	0.93	0.656	0.769
2022-08-07 18:21:15.640 | WARNING  | __main__:<cell line: 124>:139 - 0.829	0.917	0.721	0.807
2022-08-07 18:21:16.143 | WARNING  | __main__:<cell line: 124>:139 - 0.789	1.0	0.574	0.729
2022-08-07 18:21:16.485 | WARNING  | __main__:<cell line: 124>:139 - 0.886	0.98	0.79	0.875
2022-08-07 18:21:16.841 | WARNING  | __main__:<cell line: 124>:139 - 0.789	0.974	0.597	0.74
2022-08-07 18:21:17.171 | WARNING  | __main__:<cell line: 124>:139 - 0.878	0.961	0.79	0.867
2022-08-07 18:21:17.482 | WARNING  | __main__:<cell line: 144>:144 - 均值：	accuracy:0.833	precision:0.965	recall:0.692	f1:0.803
2022-08-07 18:22:23.953 | INFO     | __main__:<cell line: 6>:31 - 使用 LASSO 进行特征选择,剩余73个特征
2022-08-07 18:22:23.969 | INFO     | __main__:<cell line: 59>:75 - 使用 SMOTETomek 混合采样
2022-08-07 18:22:24.813 | INFO     | __main__:<cell line: 91>:91 - 采样前[(0, 150), (1, 184)],采样后[(0, 167), (1, 167)]
2022-08-07 18:22:27.642 | WARNING  | __main__:<cell line: 124>:139 - 0.559	0.562	0.529	0.545
2022-08-07 18:22:27.923 | WARNING  | __main__:<cell line: 124>:139 - 0.559	0.545	0.706	0.615
2022-08-07 18:22:28.204 | WARNING  | __main__:<cell line: 124>:139 - 0.588	0.579	0.647	0.611
2022-08-07 18:22:28.480 | WARNING  | __main__:<cell line: 124>:139 - 0.5	0.5	0.471	0.485
2022-08-07 18:22:28.748 | WARNING  | __main__:<cell line: 124>:139 - 0.727	0.667	0.875	0.757
2022-08-07 18:22:29.013 | WARNING  | __main__:<cell line: 124>:139 - 0.727	0.684	0.812	0.743
2022-08-07 18:22:29.294 | WARNING  | __main__:<cell line: 124>:139 - 0.545	0.524	0.688	0.595
2022-08-07 18:22:29.559 | WARNING  | __main__:<cell line: 124>:139 - 0.697	0.706	0.706	0.706
2022-08-07 18:22:29.833 | WARNING  | __main__:<cell line: 124>:139 - 0.636	0.632	0.706	0.667
2022-08-07 18:22:30.145 | WARNING  | __main__:<cell line: 124>:139 - 0.545	0.562	0.529	0.545
2022-08-07 18:22:30.599 | WARNING  | __main__:<cell line: 144>:144 - 均值：	accuracy:0.608	precision:0.596	recall:0.667	f1:0.627
2022-08-07 18:26:58.559 | WARNING  | __main__:<cell line: 91>:106 - 0.947	0.971	0.943	0.957
2022-08-07 18:26:58.844 | WARNING  | __main__:<cell line: 91>:106 - 0.912	0.941	0.914	0.928
2022-08-07 18:26:59.121 | WARNING  | __main__:<cell line: 91>:106 - 0.947	0.923	1.0	0.96
2022-08-07 18:26:59.417 | WARNING  | __main__:<cell line: 91>:106 - 0.86	0.833	0.972	0.897
2022-08-07 18:26:59.682 | WARNING  | __main__:<cell line: 91>:106 - 0.947	0.946	0.972	0.959
2022-08-07 18:27:00.133 | WARNING  | __main__:<cell line: 91>:106 - 0.965	0.947	1.0	0.973
2022-08-07 18:27:00.445 | WARNING  | __main__:<cell line: 91>:106 - 0.982	1.0	0.972	0.986
2022-08-07 18:27:00.727 | WARNING  | __main__:<cell line: 91>:106 - 0.93	1.0	0.889	0.941
2022-08-07 18:27:01.008 | WARNING  | __main__:<cell line: 91>:106 - 0.93	0.921	0.972	0.946
2022-08-07 18:27:01.305 | WARNING  | __main__:<cell line: 91>:106 - 0.964	0.946	1.0	0.972
2022-08-07 18:27:01.570 | WARNING  | __main__:<cell line: 111>:111 - 均值：	0.774	0.77	0.815	0.789
2022-08-07 18:27:43.612 | WARNING  | __main__:<cell line: 91>:106 - 0.947	0.971	0.943	0.957
2022-08-07 18:27:43.893 | WARNING  | __main__:<cell line: 91>:106 - 0.93	0.97	0.914	0.941
2022-08-07 18:27:44.158 | WARNING  | __main__:<cell line: 91>:106 - 0.947	0.946	0.972	0.959
2022-08-07 18:27:44.409 | WARNING  | __main__:<cell line: 91>:106 - 0.842	0.814	0.972	0.886
2022-08-07 18:27:44.675 | WARNING  | __main__:<cell line: 91>:106 - 0.947	0.923	1.0	0.96
2022-08-07 18:27:44.950 | WARNING  | __main__:<cell line: 91>:106 - 0.93	0.9	1.0	0.947
2022-08-07 18:27:45.200 | WARNING  | __main__:<cell line: 91>:106 - 0.965	1.0	0.944	0.971
2022-08-07 18:27:45.463 | WARNING  | __main__:<cell line: 91>:106 - 0.912	1.0	0.861	0.925
2022-08-07 18:27:45.728 | WARNING  | __main__:<cell line: 91>:106 - 0.912	0.943	0.917	0.93
2022-08-07 18:27:45.991 | WARNING  | __main__:<cell line: 91>:106 - 0.964	0.971	0.971	0.971
2022-08-07 18:27:46.466 | WARNING  | __main__:<cell line: 111>:111 - 均值：	0.826	0.828	0.86	0.841
2022-08-07 18:28:39.610 | WARNING  | __main__:<cell line: 91>:106 - 0.947	0.971	0.943	0.957
2022-08-07 18:28:39.901 | WARNING  | __main__:<cell line: 91>:106 - 0.947	0.944	0.971	0.958
2022-08-07 18:28:40.182 | WARNING  | __main__:<cell line: 91>:106 - 0.965	0.947	1.0	0.973
2022-08-07 18:28:40.490 | WARNING  | __main__:<cell line: 91>:106 - 0.965	0.947	1.0	0.973
2022-08-07 18:28:40.772 | WARNING  | __main__:<cell line: 91>:106 - 0.947	0.946	0.972	0.959
2022-08-07 18:28:41.038 | WARNING  | __main__:<cell line: 91>:106 - 0.965	0.947	1.0	0.973
2022-08-07 18:28:41.329 | WARNING  | __main__:<cell line: 91>:106 - 0.947	0.971	0.944	0.958
2022-08-07 18:28:41.610 | WARNING  | __main__:<cell line: 91>:106 - 0.947	1.0	0.917	0.957
2022-08-07 18:28:41.910 | WARNING  | __main__:<cell line: 91>:106 - 0.93	0.921	0.972	0.946
2022-08-07 18:28:42.207 | WARNING  | __main__:<cell line: 91>:106 - 1.0	1.0	1.0	1.0
2022-08-07 18:28:42.455 | WARNING  | __main__:<cell line: 111>:111 - 均值：	0.956	0.96	0.972	0.965
2022-08-07 18:30:16.940 | INFO     | __main__:<cell line: 37>:38 - 使用 卡方检验 进行特诊筛选
2022-08-07 18:30:17.572 | INFO     | __main__:<cell line: 88>:104 - 使用 SMOTETomek 混合采样
2022-08-07 18:30:17.577 | INFO     | __main__:<cell line: 109>:109 - 采样前[(0, 120), (1, 100)],采样后[(0, 106), (1, 106)]
2022-08-07 18:30:20.695 | WARNING  | __main__:<cell line: 142>:157 - 0.767	0.762	0.762	0.762
2022-08-07 18:30:20.958 | WARNING  | __main__:<cell line: 142>:157 - 0.791	0.783	0.818	0.8
2022-08-07 18:30:21.240 | WARNING  | __main__:<cell line: 142>:157 - 0.738	0.692	0.857	0.766
2022-08-07 18:30:21.534 | WARNING  | __main__:<cell line: 142>:157 - 0.69	0.682	0.714	0.698
2022-08-07 18:30:21.815 | WARNING  | __main__:<cell line: 142>:157 - 0.619	0.632	0.571	0.6
2022-08-07 18:30:22.066 | WARNING  | __main__:<cell line: 162>:162 - accuracy		mean:0.721	std:0.061
2022-08-07 18:30:22.066 | WARNING  | __main__:<cell line: 163>:163 - precision		mean:0.71	std:0.055
2022-08-07 18:30:22.066 | WARNING  | __main__:<cell line: 164>:164 - recall		mean:0.745	std:0.099
2022-08-07 18:30:22.066 | WARNING  | __main__:<cell line: 165>:165 - f1		mean:0.725	std:0.071
