2022-07-31 14:48:02.844 | INFO     | __main__:<cell line: 39>:40 - 使用 卡方检验 进行特诊筛选
2022-07-31 14:48:02.851 | INFO     | __main__:<cell line: 88>:104 - 使用 SMOTETomek 混合采样
2022-07-31 14:48:02.862 | INFO     | __main__:<cell line: 109>:109 - 采样前[(1, 300), (0, 300)],采样后[(1, 283), (0, 283)]
2022-07-31 14:48:41.757 | INFO     | __main__:<cell line: 140>:140 - {'max_depth': 3, 'grow_policy': 'lossguide', 'learning_rate': 0.00011532635281709217, 'gamma': 3.558515930929964e-06, 'reg_lambda': 9.433712809158445e-05, 'reg_alpha': 0.0007885641684967343, 'subsample': 0.9585594527755544, 'colsample_bytree': 0.4891422729138969}
2022-07-31 14:48:42.598 | WARNING  | __main__:<cell line: 147>:159 - 0.579	0.581	0.621	0.6
2022-07-31 14:48:43.024 | WARNING  | __main__:<cell line: 147>:159 - 0.649	0.655	0.655	0.655
2022-07-31 14:48:43.403 | WARNING  | __main__:<cell line: 147>:159 - 0.579	0.576	0.655	0.613
2022-07-31 14:48:43.770 | WARNING  | __main__:<cell line: 147>:159 - 0.526	0.524	0.393	0.449
2022-07-31 14:48:44.190 | WARNING  | __main__:<cell line: 147>:159 - 0.702	0.72	0.643	0.679
2022-07-31 14:48:44.603 | WARNING  | __main__:<cell line: 147>:159 - 0.579	0.591	0.464	0.52
2022-07-31 14:48:45.002 | WARNING  | __main__:<cell line: 147>:159 - 0.625	0.667	0.5	0.571
2022-07-31 14:48:45.399 | WARNING  | __main__:<cell line: 147>:159 - 0.607	0.615	0.571	0.593
2022-07-31 14:48:45.824 | WARNING  | __main__:<cell line: 147>:159 - 0.696	0.739	0.607	0.667
2022-07-31 14:48:46.395 | WARNING  | __main__:<cell line: 147>:159 - 0.661	0.645	0.714	0.678
2022-07-31 14:48:46.693 | WARNING  | __main__:<cell line: 164>:164 - accuracy		mean:0.62	std:0.054
2022-07-31 14:48:46.695 | WARNING  | __main__:<cell line: 165>:165 - precision		mean:0.631	std:0.064
2022-07-31 14:48:46.698 | WARNING  | __main__:<cell line: 166>:166 - recall		mean:0.582	std:0.095
2022-07-31 14:48:46.700 | WARNING  | __main__:<cell line: 167>:167 - f1		mean:0.602	std:0.071
2022-07-31 14:50:28.880 | INFO     | __main__:<cell line: 39>:40 - 使用 卡方检验 进行特诊筛选
2022-07-31 14:50:28.937 | INFO     | __main__:<cell line: 88>:104 - 使用 SMOTETomek 混合采样
2022-07-31 14:50:28.984 | INFO     | __main__:<cell line: 109>:109 - 采样前[(0, 621), (1, 547)],采样后[(0, 603), (1, 603)]
2022-07-31 14:51:34.805 | INFO     | __main__:<cell line: 140>:140 - {'max_depth': 7, 'grow_policy': 'depthwise', 'learning_rate': 1.4268130517892818e-08, 'gamma': 5.116076898531572e-05, 'reg_lambda': 0.9075575696275511, 'reg_alpha': 0.0010197394074098985, 'subsample': 0.7326963939769187, 'colsample_bytree': 0.27196635152784}
2022-07-31 14:51:37.211 | WARNING  | __main__:<cell line: 147>:159 - 0.628	0.667	0.5	0.571
2022-07-31 14:51:38.635 | WARNING  | __main__:<cell line: 147>:159 - 0.628	0.642	0.567	0.602
2022-07-31 14:51:39.787 | WARNING  | __main__:<cell line: 147>:159 - 0.603	0.62	0.517	0.564
2022-07-31 14:51:40.929 | WARNING  | __main__:<cell line: 147>:159 - 0.645	0.655	0.623	0.639
2022-07-31 14:51:42.071 | WARNING  | __main__:<cell line: 147>:159 - 0.587	0.641	0.41	0.5
2022-07-31 14:51:43.177 | WARNING  | __main__:<cell line: 147>:159 - 0.587	0.634	0.426	0.51
2022-07-31 14:51:44.298 | WARNING  | __main__:<cell line: 147>:159 - 0.558	0.561	0.533	0.547
2022-07-31 14:51:45.610 | WARNING  | __main__:<cell line: 147>:159 - 0.575	0.605	0.433	0.505
2022-07-31 14:51:46.719 | WARNING  | __main__:<cell line: 147>:159 - 0.567	0.591	0.433	0.5
2022-07-31 14:51:47.835 | WARNING  | __main__:<cell line: 147>:159 - 0.658	0.694	0.567	0.624
2022-07-31 14:51:48.715 | WARNING  | __main__:<cell line: 164>:164 - accuracy		mean:0.604	std:0.033
2022-07-31 14:51:48.717 | WARNING  | __main__:<cell line: 165>:165 - precision		mean:0.631	std:0.036
2022-07-31 14:51:48.718 | WARNING  | __main__:<cell line: 166>:166 - recall		mean:0.501	std:0.069
2022-07-31 14:51:48.719 | WARNING  | __main__:<cell line: 167>:167 - f1		mean:0.556	std:0.05
2022-07-31 15:00:51.830 | INFO     | __main__:<cell line: 39>:40 - 使用 卡方检验 进行特诊筛选
2022-07-31 15:00:51.855 | INFO     | __main__:<cell line: 88>:104 - 使用 SMOTETomek 混合采样
2022-07-31 15:00:51.889 | INFO     | __main__:<cell line: 109>:109 - 采样前[(1, 547), (0, 621)],采样后[(1, 602), (0, 602)]
2022-07-31 15:01:57.793 | INFO     | __main__:<cell line: 140>:140 - {'max_depth': 3, 'grow_policy': 'lossguide', 'learning_rate': 1.396202386722539e-08, 'gamma': 1.0756969040169042e-08, 'reg_lambda': 0.46815601383355476, 'reg_alpha': 0.005531561438561646, 'subsample': 0.9980977660674877, 'colsample_bytree': 0.684966947505162}
2022-07-31 15:01:59.208 | WARNING  | __main__:<cell line: 146>:146 - {'fit_time': array([0.13699555, 0.13499641, 0.13299704, 0.13400102, 0.13400006,
       0.13199973, 0.1340003 , 0.13299727, 0.13499832, 0.13399673]), 'score_time': array([0.00700355, 0.00700307, 0.00699973, 0.00599933, 0.0059998 ,
       0.0059998 , 0.00600171, 0.00600171, 0.0080018 , 0.00700212]), 'test_accuracy': array([0.62809917, 0.52892562, 0.60330579, 0.65289256, 0.65      ,
       0.65833333, 0.65833333, 0.64166667, 0.60833333, 0.53333333]), 'test_precision': array([0.72222222, 0.54761905, 0.64285714, 0.69565217, 0.70454545,
       0.73170732, 0.70212766, 0.66037736, 0.61403509, 0.54761905]), 'test_recall': array([0.42622951, 0.37704918, 0.45      , 0.53333333, 0.51666667,
       0.5       , 0.55      , 0.58333333, 0.58333333, 0.38333333]), 'test_f1': array([0.53608247, 0.44660194, 0.52941176, 0.60377358, 0.59615385,
       0.59405941, 0.61682243, 0.61946903, 0.5982906 , 0.45098039])}
2022-07-31 15:01:59.368 | WARNING  | __main__:<cell line: 147>:159 - 0.628	0.722	0.426	0.536
2022-07-31 15:02:00.138 | WARNING  | __main__:<cell line: 147>:159 - 0.529	0.548	0.377	0.447
2022-07-31 15:02:00.913 | WARNING  | __main__:<cell line: 147>:159 - 0.603	0.643	0.45	0.529
2022-07-31 15:02:01.682 | WARNING  | __main__:<cell line: 147>:159 - 0.653	0.696	0.533	0.604
2022-07-31 15:02:02.442 | WARNING  | __main__:<cell line: 147>:159 - 0.65	0.705	0.517	0.596
2022-07-31 15:02:03.205 | WARNING  | __main__:<cell line: 147>:159 - 0.658	0.732	0.5	0.594
2022-07-31 15:02:03.961 | WARNING  | __main__:<cell line: 147>:159 - 0.658	0.702	0.55	0.617
2022-07-31 15:02:04.700 | WARNING  | __main__:<cell line: 147>:159 - 0.642	0.66	0.583	0.619
2022-07-31 15:02:05.468 | WARNING  | __main__:<cell line: 147>:159 - 0.608	0.614	0.583	0.598
2022-07-31 15:02:06.223 | WARNING  | __main__:<cell line: 147>:159 - 0.533	0.548	0.383	0.451
2022-07-31 15:02:06.585 | WARNING  | __main__:<cell line: 164>:164 - accuracy		mean:0.616	std:0.046
2022-07-31 15:02:06.587 | WARNING  | __main__:<cell line: 165>:165 - precision		mean:0.657	std:0.065
2022-07-31 15:02:06.589 | WARNING  | __main__:<cell line: 166>:166 - recall		mean:0.49	std:0.073
2022-07-31 15:02:06.590 | WARNING  | __main__:<cell line: 167>:167 - f1		mean:0.559	std:0.062
2022-07-31 15:02:35.527 | INFO     | __main__:<cell line: 39>:40 - 使用 卡方检验 进行特诊筛选
2022-07-31 15:02:35.536 | INFO     | __main__:<cell line: 88>:104 - 使用 SMOTETomek 混合采样
2022-07-31 15:02:35.545 | INFO     | __main__:<cell line: 109>:109 - 采样前[(1, 120), (0, 180)],采样后[(1, 171), (0, 171)]
2022-07-31 15:03:09.235 | INFO     | __main__:<cell line: 140>:140 - {'max_depth': 3, 'grow_policy': 'depthwise', 'learning_rate': 0.0046143925627156945, 'gamma': 0.16671798896220458, 'reg_lambda': 3.2464745162084516e-05, 'reg_alpha': 2.6027699881904264e-06, 'subsample': 0.5017329971777387, 'colsample_bytree': 0.8937418914759803}
2022-07-31 15:03:09.986 | WARNING  | __main__:<cell line: 146>:146 - {'fit_time': array([0.07199955, 0.06699944, 0.07099867, 0.06999993, 0.0650022 ,
       0.06699944, 0.06200051, 0.06999803, 0.07299995, 0.0739994 ]), 'score_time': array([0.00600052, 0.00400138, 0.00600028, 0.00499988, 0.00599766,
       0.00300002, 0.00599957, 0.00600028, 0.00600028, 0.00600004]), 'test_accuracy': array([0.65714286, 0.71428571, 0.58823529, 0.55882353, 0.55882353,
       0.79411765, 0.61764706, 0.64705882, 0.61764706, 0.76470588]), 'test_precision': array([0.66666667, 0.73333333, 0.56521739, 0.54545455, 0.55555556,
       0.77777778, 0.64285714, 0.69230769, 0.61111111, 0.76470588]), 'test_recall': array([0.66666667, 0.64705882, 0.76470588, 0.70588235, 0.58823529,
       0.82352941, 0.52941176, 0.52941176, 0.64705882, 0.76470588]), 'test_f1': array([0.66666667, 0.6875    , 0.65      , 0.61538462, 0.57142857,
       0.8       , 0.58064516, 0.6       , 0.62857143, 0.76470588])}
2022-07-31 15:03:10.075 | WARNING  | __main__:<cell line: 147>:159 - 0.657	0.667	0.667	0.667
2022-07-31 15:03:10.677 | WARNING  | __main__:<cell line: 147>:159 - 0.714	0.733	0.647	0.688
2022-07-31 15:03:11.284 | WARNING  | __main__:<cell line: 147>:159 - 0.588	0.565	0.765	0.65
2022-07-31 15:03:11.881 | WARNING  | __main__:<cell line: 147>:159 - 0.559	0.545	0.706	0.615
2022-07-31 15:03:12.463 | WARNING  | __main__:<cell line: 147>:159 - 0.559	0.556	0.588	0.571
2022-07-31 15:03:13.046 | WARNING  | __main__:<cell line: 147>:159 - 0.794	0.778	0.824	0.8
2022-07-31 15:03:13.637 | WARNING  | __main__:<cell line: 147>:159 - 0.618	0.643	0.529	0.581
2022-07-31 15:03:14.475 | WARNING  | __main__:<cell line: 147>:159 - 0.647	0.692	0.529	0.6
2022-07-31 15:03:15.074 | WARNING  | __main__:<cell line: 147>:159 - 0.618	0.611	0.647	0.629
2022-07-31 15:03:15.665 | WARNING  | __main__:<cell line: 147>:159 - 0.765	0.765	0.765	0.765
2022-07-31 15:03:16.155 | WARNING  | __main__:<cell line: 164>:164 - accuracy		mean:0.652	std:0.078
2022-07-31 15:03:16.156 | WARNING  | __main__:<cell line: 165>:165 - precision		mean:0.655	std:0.082
2022-07-31 15:03:16.157 | WARNING  | __main__:<cell line: 166>:166 - recall		mean:0.667	std:0.095
2022-07-31 15:03:16.158 | WARNING  | __main__:<cell line: 167>:167 - f1		mean:0.656	std:0.072
2022-07-31 15:13:14.745 | INFO     | __main__:<cell line: 39>:40 - 使用 卡方检验 进行特诊筛选
2022-07-31 15:13:15.538 | INFO     | __main__:<cell line: 88>:104 - 使用 SMOTETomek 混合采样
2022-07-31 15:13:15.546 | INFO     | __main__:<cell line: 109>:109 - 采样前[(1, 120), (0, 180)],采样后[(1, 169), (0, 169)]
2022-07-31 15:13:48.167 | INFO     | __main__:<cell line: 140>:140 - {'max_depth': 6, 'grow_policy': 'depthwise', 'learning_rate': 1.0011507723149284e-08, 'gamma': 2.4307315536806205e-07, 'reg_lambda': 6.441475319087602e-08, 'reg_alpha': 3.971859050355398e-07, 'subsample': 0.7141259277107048, 'colsample_bytree': 0.26066815323688963}
2022-07-31 15:13:49.009 | WARNING  | __main__:<cell line: 146>:146 - {'fit_time': array([0.08700013, 0.079     , 0.07999969, 0.07699943, 0.0849998 ,
       0.07799983, 0.07700086, 0.07800198, 0.06800008, 0.07800031]), 'score_time': array([0.00399947, 0.00499988, 0.0040009 , 0.00600171, 0.00600028,
       0.00399995, 0.00599933, 0.00399804, 0.00399995, 0.00600028]), 'test_accuracy': array([0.70588235, 0.73529412, 0.67647059, 0.52941176, 0.41176471,
       0.55882353, 0.64705882, 0.64705882, 0.6969697 , 0.60606061]), 'test_precision': array([0.70588235, 0.83333333, 0.71428571, 0.53846154, 0.38461538,
       0.57142857, 0.64705882, 0.64705882, 0.73333333, 0.6       ]), 'test_recall': array([0.70588235, 0.58823529, 0.58823529, 0.41176471, 0.29411765,
       0.47058824, 0.64705882, 0.64705882, 0.64705882, 0.5625    ]), 'test_f1': array([0.70588235, 0.68965517, 0.64516129, 0.46666667, 0.33333333,
       0.51612903, 0.64705882, 0.64705882, 0.6875    , 0.58064516])}
2022-07-31 15:13:49.106 | WARNING  | __main__:<cell line: 147>:159 - 0.706	0.706	0.706	0.706
2022-07-31 15:13:49.568 | WARNING  | __main__:<cell line: 147>:159 - 0.735	0.833	0.588	0.69
2022-07-31 15:13:49.980 | WARNING  | __main__:<cell line: 147>:159 - 0.676	0.714	0.588	0.645
2022-07-31 15:13:50.387 | WARNING  | __main__:<cell line: 147>:159 - 0.529	0.538	0.412	0.467
2022-07-31 15:13:50.794 | WARNING  | __main__:<cell line: 147>:159 - 0.412	0.385	0.294	0.333
2022-07-31 15:13:51.162 | WARNING  | __main__:<cell line: 147>:159 - 0.559	0.571	0.471	0.516
2022-07-31 15:13:51.576 | WARNING  | __main__:<cell line: 147>:159 - 0.647	0.647	0.647	0.647
2022-07-31 15:13:51.969 | WARNING  | __main__:<cell line: 147>:159 - 0.647	0.647	0.647	0.647
2022-07-31 15:13:52.571 | WARNING  | __main__:<cell line: 147>:159 - 0.697	0.733	0.647	0.688
2022-07-31 15:13:52.970 | WARNING  | __main__:<cell line: 147>:159 - 0.606	0.6	0.562	0.581
2022-07-31 15:13:53.286 | WARNING  | __main__:<cell line: 164>:164 - accuracy		mean:0.621	std:0.093
2022-07-31 15:13:53.287 | WARNING  | __main__:<cell line: 165>:165 - precision		mean:0.638	std:0.117
2022-07-31 15:13:53.289 | WARNING  | __main__:<cell line: 166>:166 - recall		mean:0.556	std:0.121
2022-07-31 15:13:53.290 | WARNING  | __main__:<cell line: 167>:167 - f1		mean:0.592	std:0.114
2022-07-31 15:18:41.098 | INFO     | __main__:<cell line: 6>:7 - 使用 卡方检验 进行特诊筛选
2022-07-31 15:18:41.647 | INFO     | __main__:<cell line: 52>:68 - 使用 SMOTETomek 混合采样
2022-07-31 15:18:41.655 | INFO     | __main__:<cell line: 73>:73 - 采样前[(0, 184), (1, 121)],采样后[(0, 171), (1, 171)]
2022-07-31 15:18:45.012 | WARNING  | __main__:<cell line: 106>:121 - 0.743	0.722	0.765	0.743
2022-07-31 15:18:45.462 | WARNING  | __main__:<cell line: 106>:121 - 0.829	0.833	0.833	0.833
2022-07-31 15:18:45.730 | WARNING  | __main__:<cell line: 106>:121 - 0.706	0.733	0.647	0.688
2022-07-31 15:18:46.011 | WARNING  | __main__:<cell line: 106>:121 - 0.794	0.812	0.765	0.788
2022-07-31 15:18:46.293 | WARNING  | __main__:<cell line: 106>:121 - 0.706	0.684	0.765	0.722
2022-07-31 15:18:46.575 | WARNING  | __main__:<cell line: 106>:121 - 0.647	0.647	0.647	0.647
2022-07-31 15:18:46.857 | WARNING  | __main__:<cell line: 106>:121 - 0.647	0.667	0.588	0.625
2022-07-31 15:18:47.140 | WARNING  | __main__:<cell line: 106>:121 - 0.794	0.778	0.824	0.8
2022-07-31 15:18:47.420 | WARNING  | __main__:<cell line: 106>:121 - 0.735	0.7	0.824	0.757
2022-07-31 15:18:47.736 | WARNING  | __main__:<cell line: 106>:121 - 0.647	0.647	0.647	0.647
2022-07-31 15:18:47.997 | WARNING  | __main__:<cell line: 126>:126 - 均值：	0.725	0.722	0.73	0.725
2022-07-31 15:24:57.669 | INFO     | __main__:<cell line: 6>:30 - 使用 LASSO 进行特征选择,剩余73个特征
2022-07-31 15:24:58.275 | INFO     | __main__:<cell line: 52>:68 - 使用 SMOTETomek 混合采样
2022-07-31 15:24:58.320 | INFO     | __main__:<cell line: 73>:73 - 采样前[(0, 184), (1, 121)],采样后[(0, 177), (1, 177)]
2022-07-31 15:25:01.574 | WARNING  | __main__:<cell line: 106>:121 - 0.611	0.6	0.667	0.632
2022-07-31 15:25:01.878 | WARNING  | __main__:<cell line: 106>:121 - 0.694	0.684	0.722	0.703
2022-07-31 15:25:02.188 | WARNING  | __main__:<cell line: 106>:121 - 0.75	0.737	0.778	0.757
2022-07-31 15:25:02.497 | WARNING  | __main__:<cell line: 106>:121 - 0.639	0.632	0.667	0.649
2022-07-31 15:25:02.786 | WARNING  | __main__:<cell line: 106>:121 - 0.771	0.8	0.706	0.75
2022-07-31 15:25:03.098 | WARNING  | __main__:<cell line: 106>:121 - 0.743	0.75	0.706	0.727
2022-07-31 15:25:03.419 | WARNING  | __main__:<cell line: 106>:121 - 0.743	0.75	0.706	0.727
2022-07-31 15:25:03.743 | WARNING  | __main__:<cell line: 106>:121 - 0.829	0.833	0.833	0.833
2022-07-31 15:25:04.064 | WARNING  | __main__:<cell line: 106>:121 - 0.857	0.933	0.778	0.848
2022-07-31 15:25:04.391 | WARNING  | __main__:<cell line: 106>:121 - 0.743	0.765	0.722	0.743
2022-07-31 15:25:04.680 | WARNING  | __main__:<cell line: 126>:126 - 均值：	0.738	0.748	0.728	0.737
2022-07-31 15:25:34.823 | INFO     | __main__:<cell line: 6>:7 - 使用 卡方检验 进行特诊筛选
2022-07-31 15:25:35.645 | INFO     | __main__:<cell line: 52>:68 - 使用 SMOTETomek 混合采样
2022-07-31 15:25:35.655 | INFO     | __main__:<cell line: 73>:73 - 采样前[(0, 184), (1, 121)],采样后[(0, 171), (1, 171)]
2022-07-31 15:25:38.972 | WARNING  | __main__:<cell line: 106>:121 - 0.629	0.611	0.647	0.629
2022-07-31 15:25:39.260 | WARNING  | __main__:<cell line: 106>:121 - 0.886	0.85	0.944	0.895
2022-07-31 15:25:39.534 | WARNING  | __main__:<cell line: 106>:121 - 0.676	0.688	0.647	0.667
2022-07-31 15:25:39.818 | WARNING  | __main__:<cell line: 106>:121 - 0.765	0.8	0.706	0.75
2022-07-31 15:25:40.099 | WARNING  | __main__:<cell line: 106>:121 - 0.647	0.647	0.647	0.647
2022-07-31 15:25:40.379 | WARNING  | __main__:<cell line: 106>:121 - 0.706	0.667	0.824	0.737
2022-07-31 15:25:40.658 | WARNING  | __main__:<cell line: 106>:121 - 0.647	0.632	0.706	0.667
2022-07-31 15:25:40.933 | WARNING  | __main__:<cell line: 106>:121 - 0.676	0.714	0.588	0.645
2022-07-31 15:25:41.213 | WARNING  | __main__:<cell line: 106>:121 - 0.706	0.684	0.765	0.722
2022-07-31 15:25:41.493 | WARNING  | __main__:<cell line: 106>:121 - 0.588	0.588	0.588	0.588
2022-07-31 15:25:41.749 | WARNING  | __main__:<cell line: 126>:126 - 均值：	0.693	0.688	0.706	0.695
2022-07-31 15:26:37.824 | INFO     | __main__:<cell line: 6>:7 - 使用 卡方检验 进行特诊筛选
2022-07-31 15:26:38.578 | INFO     | __main__:<cell line: 52>:68 - 使用 SMOTETomek 混合采样
2022-07-31 15:26:38.585 | INFO     | __main__:<cell line: 73>:73 - 采样前[(0, 184), (1, 121)],采样后[(0, 171), (1, 171)]
2022-07-31 15:26:41.661 | WARNING  | __main__:<cell line: 106>:121 - 0.71	0.659	0.853	0.744
2022-07-31 15:26:41.950 | WARNING  | __main__:<cell line: 106>:121 - 0.681	0.724	0.6	0.656
2022-07-31 15:26:42.248 | WARNING  | __main__:<cell line: 106>:121 - 0.75	0.73	0.794	0.761
2022-07-31 15:26:42.560 | WARNING  | __main__:<cell line: 106>:121 - 0.75	0.743	0.765	0.754
2022-07-31 15:26:42.883 | WARNING  | __main__:<cell line: 106>:121 - 0.735	0.722	0.765	0.743
2022-07-31 15:26:43.168 | WARNING  | __main__:<cell line: 126>:126 - 均值：	0.725	0.716	0.755	0.731
2022-07-31 15:26:59.162 | INFO     | __main__:<cell line: 6>:7 - 使用 卡方检验 进行特诊筛选
2022-07-31 15:26:59.707 | INFO     | __main__:<cell line: 52>:68 - 使用 SMOTETomek 混合采样
2022-07-31 15:26:59.716 | INFO     | __main__:<cell line: 73>:73 - 采样前[(0, 184), (1, 121)],采样后[(0, 171), (1, 171)]
2022-07-31 15:27:02.550 | WARNING  | __main__:<cell line: 106>:121 - 0.681	0.658	0.735	0.694
2022-07-31 15:27:02.835 | WARNING  | __main__:<cell line: 106>:121 - 0.638	0.647	0.629	0.638
2022-07-31 15:27:03.101 | WARNING  | __main__:<cell line: 106>:121 - 0.647	0.632	0.706	0.667
2022-07-31 15:27:03.372 | WARNING  | __main__:<cell line: 106>:121 - 0.662	0.72	0.529	0.61
2022-07-31 15:27:03.659 | WARNING  | __main__:<cell line: 106>:121 - 0.632	0.629	0.647	0.638
2022-07-31 15:27:03.923 | WARNING  | __main__:<cell line: 126>:126 - 均值：	0.652	0.657	0.649	0.649
2022-07-31 15:27:18.135 | INFO     | __main__:<cell line: 6>:7 - 使用 卡方检验 进行特诊筛选
2022-07-31 15:27:18.677 | INFO     | __main__:<cell line: 52>:68 - 使用 SMOTETomek 混合采样
2022-07-31 15:27:18.684 | INFO     | __main__:<cell line: 73>:73 - 采样前[(0, 184), (1, 121)],采样后[(0, 171), (1, 171)]
2022-07-31 15:27:21.841 | WARNING  | __main__:<cell line: 106>:121 - 0.71	0.659	0.853	0.744
2022-07-31 15:27:22.110 | WARNING  | __main__:<cell line: 106>:121 - 0.681	0.71	0.629	0.667
2022-07-31 15:27:22.396 | WARNING  | __main__:<cell line: 106>:121 - 0.647	0.614	0.794	0.692
2022-07-31 15:27:22.671 | WARNING  | __main__:<cell line: 106>:121 - 0.647	0.679	0.559	0.613
2022-07-31 15:27:22.959 | WARNING  | __main__:<cell line: 106>:121 - 0.647	0.625	0.735	0.676
2022-07-31 15:27:23.209 | WARNING  | __main__:<cell line: 126>:126 - 均值：	0.666	0.657	0.714	0.678
2022-07-31 15:28:55.725 | INFO     | __main__:<cell line: 39>:40 - 使用 卡方检验 进行特诊筛选
2022-07-31 15:28:56.477 | INFO     | __main__:<cell line: 89>:105 - 使用 SMOTETomek 混合采样
2022-07-31 15:28:56.484 | INFO     | __main__:<cell line: 110>:110 - 采样前[(1, 120), (0, 180)],采样后[(1, 170), (0, 170)]
2022-07-31 15:29:29.177 | INFO     | __main__:<cell line: 141>:141 - {'max_depth': 3, 'grow_policy': 'lossguide', 'learning_rate': 1.1022492153315591e-08, 'gamma': 0.0015704739291021385, 'reg_lambda': 0.003014670558215643, 'reg_alpha': 0.0033942132214488684, 'subsample': 0.7968480824923916, 'colsample_bytree': 0.21311894909429702}
2022-07-31 15:29:30.434 | WARNING  | __main__:<cell line: 147>:147 - {'fit_time': array([0.06599617, 0.05699992, 0.06099987, 0.0630002 , 0.07400155,
       0.26099753, 0.25499845, 0.08999634, 0.07399845, 0.05899692]), 'score_time': array([0.00399995, 0.00399995, 0.00299978, 0.0059998 , 0.07100153,
       0.01100063, 0.07000208, 0.00700378, 0.00599766, 0.00400043]), 'test_accuracy': array([0.73529412, 0.76470588, 0.82352941, 0.67647059, 0.52941176,
       0.64705882, 0.58823529, 0.55882353, 0.67647059, 0.55882353]), 'test_precision': array([0.78571429, 0.8       , 0.86666667, 0.75      , 0.53333333,
       0.66666667, 0.6       , 0.5625    , 0.6875    , 0.57142857]), 'test_recall': array([0.64705882, 0.70588235, 0.76470588, 0.52941176, 0.47058824,
       0.58823529, 0.52941176, 0.52941176, 0.64705882, 0.47058824]), 'test_f1': array([0.70967742, 0.75      , 0.8125    , 0.62068966, 0.5       ,
       0.625     , 0.5625    , 0.54545455, 0.66666667, 0.51612903])}
2022-07-31 15:29:30.504 | WARNING  | __main__:<cell line: 148>:160 - 0.735	0.786	0.647	0.71
2022-07-31 15:29:30.875 | WARNING  | __main__:<cell line: 148>:160 - 0.765	0.8	0.706	0.75
2022-07-31 15:29:31.246 | WARNING  | __main__:<cell line: 148>:160 - 0.824	0.867	0.765	0.812
2022-07-31 15:29:31.604 | WARNING  | __main__:<cell line: 148>:160 - 0.676	0.75	0.529	0.621
2022-07-31 15:29:31.961 | WARNING  | __main__:<cell line: 148>:160 - 0.529	0.533	0.471	0.5
2022-07-31 15:29:32.300 | WARNING  | __main__:<cell line: 148>:160 - 0.647	0.667	0.588	0.625
2022-07-31 15:29:32.696 | WARNING  | __main__:<cell line: 148>:160 - 0.588	0.6	0.529	0.562
2022-07-31 15:29:33.071 | WARNING  | __main__:<cell line: 148>:160 - 0.559	0.562	0.529	0.545
2022-07-31 15:29:33.645 | WARNING  | __main__:<cell line: 148>:160 - 0.676	0.688	0.647	0.667
2022-07-31 15:29:33.972 | WARNING  | __main__:<cell line: 148>:160 - 0.559	0.571	0.471	0.516
2022-07-31 15:29:34.252 | WARNING  | __main__:<cell line: 165>:165 - accuracy		mean:0.656	std:0.093
2022-07-31 15:29:34.254 | WARNING  | __main__:<cell line: 166>:166 - precision		mean:0.682	std:0.109
2022-07-31 15:29:34.256 | WARNING  | __main__:<cell line: 167>:167 - recall		mean:0.588	std:0.095
2022-07-31 15:29:34.257 | WARNING  | __main__:<cell line: 168>:168 - f1		mean:0.631	std:0.099
2022-07-31 15:29:45.010 | INFO     | __main__:<cell line: 6>:7 - 使用 卡方检验 进行特诊筛选
2022-07-31 15:29:45.566 | INFO     | __main__:<cell line: 53>:69 - 使用 SMOTETomek 混合采样
2022-07-31 15:29:45.572 | INFO     | __main__:<cell line: 74>:74 - 采样前[(0, 184), (1, 121)],采样后[(0, 171), (1, 171)]
2022-07-31 15:31:02.707 | INFO     | __main__:<cell line: 6>:7 - 使用 卡方检验 进行特诊筛选
2022-07-31 15:31:03.540 | INFO     | __main__:<cell line: 53>:69 - 使用 SMOTETomek 混合采样
2022-07-31 15:31:03.547 | INFO     | __main__:<cell line: 74>:74 - 采样前[(0, 184), (1, 121)],采样后[(0, 171), (1, 171)]
2022-07-31 15:31:06.595 | WARNING  | __main__:<cell line: 107>:122 - 0.71	0.675	0.794	0.73
2022-07-31 15:31:06.867 | WARNING  | __main__:<cell line: 107>:122 - 0.71	0.742	0.657	0.697
2022-07-31 15:31:07.135 | WARNING  | __main__:<cell line: 107>:122 - 0.603	0.59	0.676	0.63
2022-07-31 15:31:07.402 | WARNING  | __main__:<cell line: 107>:122 - 0.721	0.759	0.647	0.698
2022-07-31 15:31:07.677 | WARNING  | __main__:<cell line: 107>:122 - 0.676	0.643	0.794	0.711
2022-07-31 15:31:07.935 | WARNING  | __main__:<cell line: 127>:127 - 均值：	0.684	0.682	0.714	0.693
2022-07-31 15:31:57.907 | INFO     | __main__:<cell line: 6>:7 - 使用 卡方检验 进行特诊筛选
2022-07-31 15:31:58.518 | INFO     | __main__:<cell line: 53>:69 - 使用 SMOTETomek 混合采样
2022-07-31 15:31:58.524 | INFO     | __main__:<cell line: 74>:74 - 采样前[(0, 184), (1, 121)],采样后[(0, 171), (1, 171)]
2022-07-31 15:32:01.424 | WARNING  | __main__:<cell line: 107>:122 - 0.783	0.744	0.853	0.795
2022-07-31 15:32:01.704 | WARNING  | __main__:<cell line: 107>:122 - 0.652	0.649	0.686	0.667
2022-07-31 15:32:01.997 | WARNING  | __main__:<cell line: 107>:122 - 0.676	0.643	0.794	0.711
2022-07-31 15:32:02.285 | WARNING  | __main__:<cell line: 107>:122 - 0.721	0.759	0.647	0.698
2022-07-31 15:32:02.563 | WARNING  | __main__:<cell line: 107>:122 - 0.662	0.641	0.735	0.685
2022-07-31 15:32:02.836 | WARNING  | __main__:<cell line: 127>:127 - accuracy		mean:0.699	std:0.048
2022-07-31 15:32:02.839 | WARNING  | __main__:<cell line: 128>:128 - precision		mean:0.687	std:0.053
2022-07-31 15:32:02.840 | WARNING  | __main__:<cell line: 129>:129 - recall		mean:0.743	std:0.074
2022-07-31 15:32:02.841 | WARNING  | __main__:<cell line: 130>:130 - f1		mean:0.711	std:0.044
2022-07-31 15:34:10.948 | INFO     | __main__:<cell line: 6>:30 - 使用 LASSO 进行特征选择,剩余73个特征
2022-07-31 15:34:12.364 | INFO     | __main__:<cell line: 57>:73 - 使用 SMOTETomek 混合采样
2022-07-31 15:34:12.429 | INFO     | __main__:<cell line: 78>:78 - 采样前[(0, 621), (1, 184)],采样后[(0, 617), (1, 617)]
2022-07-31 15:34:16.081 | WARNING  | __main__:<cell line: 109>:124 - 0.815	0.976	0.645	0.777
2022-07-31 15:34:16.464 | WARNING  | __main__:<cell line: 109>:124 - 0.839	1.0	0.677	0.808
2022-07-31 15:34:16.808 | WARNING  | __main__:<cell line: 109>:124 - 0.831	0.956	0.694	0.804
2022-07-31 15:34:17.163 | WARNING  | __main__:<cell line: 109>:124 - 0.887	1.0	0.774	0.873
2022-07-31 15:34:17.540 | WARNING  | __main__:<cell line: 109>:124 - 0.813	0.952	0.656	0.777
2022-07-31 15:34:17.847 | WARNING  | __main__:<cell line: 109>:124 - 0.846	0.957	0.721	0.822
2022-07-31 15:34:18.197 | WARNING  | __main__:<cell line: 109>:124 - 0.78	0.972	0.574	0.722
2022-07-31 15:34:18.568 | WARNING  | __main__:<cell line: 109>:124 - 0.886	1.0	0.774	0.873
2022-07-31 15:34:18.916 | WARNING  | __main__:<cell line: 109>:124 - 0.797	1.0	0.597	0.747
2022-07-31 15:34:19.468 | WARNING  | __main__:<cell line: 109>:124 - 0.886	0.98	0.79	0.875
2022-07-31 15:34:19.748 | WARNING  | __main__:<cell line: 129>:129 - 均值：	accuracy:0.838	precision:0.979	recall:0.69	f1:0.808
2022-07-31 15:36:07.261 | INFO     | __main__:<cell line: 6>:30 - 使用 LASSO 进行特征选择,剩余73个特征
2022-07-31 15:36:08.438 | INFO     | __main__:<cell line: 57>:73 - 使用 SMOTETomek 混合采样
2022-07-31 15:36:39.968 | INFO     | __main__:<cell line: 6>:30 - 使用 LASSO 进行特征选择,剩余73个特征
2022-07-31 15:36:41.173 | INFO     | __main__:<cell line: 57>:73 - 使用 SMOTETomek 混合采样
2022-07-31 15:36:43.418 | INFO     | __main__:<cell line: 88>:88 - 采样前[(0, 621), (1, 184)],采样后[(0, 617), (1, 617)]
2022-07-31 15:36:47.022 | WARNING  | __main__:<cell line: 119>:134 - 0.815	1.0	0.629	0.772
2022-07-31 15:36:47.342 | WARNING  | __main__:<cell line: 119>:134 - 0.847	1.0	0.694	0.819
2022-07-31 15:36:47.680 | WARNING  | __main__:<cell line: 119>:134 - 0.847	1.0	0.694	0.819
2022-07-31 15:36:48.009 | WARNING  | __main__:<cell line: 119>:134 - 0.871	1.0	0.742	0.852
2022-07-31 15:36:48.350 | WARNING  | __main__:<cell line: 119>:134 - 0.813	0.952	0.656	0.777
2022-07-31 15:36:48.728 | WARNING  | __main__:<cell line: 119>:134 - 0.846	0.957	0.721	0.822
2022-07-31 15:36:49.065 | WARNING  | __main__:<cell line: 119>:134 - 0.78	0.972	0.574	0.722
2022-07-31 15:36:49.433 | WARNING  | __main__:<cell line: 119>:134 - 0.878	0.98	0.774	0.865
2022-07-31 15:36:49.982 | WARNING  | __main__:<cell line: 119>:134 - 0.797	0.974	0.613	0.752
2022-07-31 15:36:50.330 | WARNING  | __main__:<cell line: 119>:134 - 0.87	0.96	0.774	0.857
2022-07-31 15:36:50.636 | WARNING  | __main__:<cell line: 139>:139 - 均值：	accuracy:0.836	precision:0.98	recall:0.687	f1:0.806
2022-07-31 15:37:34.407 | INFO     | __main__:<cell line: 6>:30 - 使用 LASSO 进行特征选择,剩余73个特征
2022-07-31 15:37:35.805 | INFO     | __main__:<cell line: 57>:73 - 使用 SMOTETomek 混合采样
2022-07-31 15:37:37.918 | INFO     | __main__:<cell line: 88>:88 - 采样前[(0, 621), (1, 184)],采样后[(0, 617), (1, 617)]
2022-07-31 15:37:41.175 | WARNING  | __main__:<cell line: 119>:134 - 0.823	0.976	0.661	0.788
2022-07-31 15:37:41.514 | WARNING  | __main__:<cell line: 119>:134 - 0.839	1.0	0.677	0.808
2022-07-31 15:37:41.898 | WARNING  | __main__:<cell line: 119>:134 - 0.847	1.0	0.694	0.819
2022-07-31 15:37:42.256 | WARNING  | __main__:<cell line: 119>:134 - 0.871	1.0	0.742	0.852
2022-07-31 15:37:42.623 | WARNING  | __main__:<cell line: 119>:134 - 0.813	0.952	0.656	0.777
2022-07-31 15:37:42.973 | WARNING  | __main__:<cell line: 119>:134 - 0.829	0.935	0.705	0.804
2022-07-31 15:37:43.314 | WARNING  | __main__:<cell line: 119>:134 - 0.797	1.0	0.59	0.742
2022-07-31 15:37:43.860 | WARNING  | __main__:<cell line: 119>:134 - 0.878	0.98	0.774	0.865
2022-07-31 15:37:44.207 | WARNING  | __main__:<cell line: 119>:134 - 0.797	0.974	0.613	0.752
2022-07-31 15:37:44.562 | WARNING  | __main__:<cell line: 119>:134 - 0.87	0.96	0.774	0.857
2022-07-31 15:37:44.884 | WARNING  | __main__:<cell line: 139>:139 - 均值：	accuracy:0.836	precision:0.978	recall:0.689	f1:0.806
2022-07-31 15:48:45.314 | INFO     | __main__:<cell line: 38>:39 - 使用 卡方检验 进行特诊筛选
2022-07-31 15:48:46.118 | INFO     | __main__:<cell line: 92>:108 - 使用 SMOTETomek 混合采样
2022-07-31 15:48:46.127 | INFO     | __main__:<cell line: 113>:113 - 采样前[(0, 180), (1, 120)],采样后[(0, 168), (1, 168)]
2022-07-31 15:49:05.808 | INFO     | __main__:<cell line: 38>:62 - 使用 LASSO 进行特征选择,剩余73个特征
2022-07-31 15:49:06.394 | INFO     | __main__:<cell line: 92>:108 - 使用 SMOTETomek 混合采样
2022-07-31 15:49:06.439 | INFO     | __main__:<cell line: 113>:113 - 采样前[(1, 120), (0, 180)],采样后[(1, 169), (0, 169)]
2022-07-31 15:49:20.610 | INFO     | __main__:<cell line: 38>:62 - 使用 LASSO 进行特征选择,剩余73个特征
2022-07-31 15:49:22.912 | INFO     | __main__:<cell line: 92>:108 - 使用 SMOTETomek 混合采样
2022-07-31 15:49:22.987 | INFO     | __main__:<cell line: 113>:113 - 采样前[(1, 547), (0, 621)],采样后[(1, 604), (0, 604)]
2022-07-31 15:49:35.522 | INFO     | __main__:<cell line: 38>:62 - 使用 LSVC 进行特征选择,剩余73个特征
2022-07-31 15:49:37.922 | INFO     | __main__:<cell line: 92>:108 - 使用 SMOTETomek 混合采样
2022-07-31 15:49:37.983 | INFO     | __main__:<cell line: 113>:113 - 采样前[(1, 547), (0, 621)],采样后[(1, 603), (0, 603)]
2022-07-31 15:49:51.933 | INFO     | __main__:<cell line: 38>:62 - 使用 LSVC 进行特征选择,剩余73个特征
2022-07-31 15:49:53.828 | INFO     | __main__:<cell line: 92>:108 - 使用 SMOTETomek 混合采样
2022-07-31 15:49:53.891 | INFO     | __main__:<cell line: 113>:113 - 采样前[(0, 621), (1, 547)],采样后[(0, 602), (1, 602)]
2022-07-31 15:51:59.644 | INFO     | __main__:<cell line: 39>:63 - 使用 LSVC 进行特征选择,剩余73个特征
2022-07-31 15:52:01.565 | INFO     | __main__:<cell line: 93>:109 - 使用 SMOTETomek 混合采样
2022-07-31 15:52:01.636 | INFO     | __main__:<cell line: 114>:114 - 采样前[(0, 621), (1, 547)],采样后[(0, 604), (1, 604)]
2022-07-31 15:54:03.262 | INFO     | __main__:<cell line: 39>:63 - 使用 LSVC 进行特征选择,剩余73个特征
2022-07-31 15:54:05.189 | INFO     | __main__:<cell line: 93>:109 - 使用 SMOTETomek 混合采样
2022-07-31 15:54:05.256 | INFO     | __main__:<cell line: 114>:114 - 采样前[(1, 547), (0, 621)],采样后[(1, 601), (0, 601)]
2022-07-31 15:55:33.861 | INFO     | __main__:<cell line: 39>:63 - 使用 LSVC 进行特征选择,剩余73个特征
2022-07-31 15:55:35.797 | INFO     | __main__:<cell line: 93>:109 - 使用 SMOTETomek 混合采样
2022-07-31 15:55:35.859 | INFO     | __main__:<cell line: 114>:114 - 采样前[(0, 621), (1, 547)],采样后[(0, 604), (1, 604)]
2022-07-31 15:59:05.982 | INFO     | __main__:<cell line: 39>:63 - 使用 LSVC 进行特征选择,剩余73个特征
2022-07-31 15:59:07.908 | INFO     | __main__:<cell line: 93>:109 - 使用 SMOTETomek 混合采样
2022-07-31 15:59:07.974 | INFO     | __main__:<cell line: 114>:114 - 采样前[(1, 547), (0, 621)],采样后[(1, 602), (0, 602)]
2022-07-31 15:59:27.749 | INFO     | __main__:<cell line: 39>:63 - 使用 LSVC 进行特征选择,剩余73个特征
2022-07-31 15:59:29.679 | INFO     | __main__:<cell line: 93>:109 - 使用 SMOTETomek 混合采样
2022-07-31 15:59:29.754 | INFO     | __main__:<cell line: 114>:114 - 采样前[(1, 547), (0, 621)],采样后[(1, 602), (0, 602)]
2022-07-31 16:06:49.673 | INFO     | __main__:<cell line: 39>:63 - 使用 LSVC 进行特征选择,剩余73个特征
2022-07-31 16:06:51.735 | INFO     | __main__:<cell line: 93>:109 - 使用 SMOTETomek 混合采样
2022-07-31 16:06:51.793 | INFO     | __main__:<cell line: 114>:114 - 采样前[(1, 547), (0, 621)],采样后[(1, 602), (0, 602)]
2022-07-31 16:13:59.292 | INFO     | __main__:<cell line: 39>:63 - 使用 LSVC 进行特征选择,剩余73个特征
2022-07-31 16:13:59.889 | INFO     | __main__:<cell line: 93>:109 - 使用 SMOTETomek 混合采样
2022-07-31 16:13:59.936 | INFO     | __main__:<cell line: 114>:114 - 采样前[(0, 184), (1, 121)],采样后[(0, 174), (1, 174)]
2022-07-31 16:17:44.467 | INFO     | __main__:<cell line: 39>:63 - 使用 LSVC 进行特征选择,剩余73个特征
2022-07-31 16:17:44.483 | INFO     | __main__:<cell line: 93>:109 - 使用 SMOTETomek 混合采样
2022-07-31 16:17:44.535 | INFO     | __main__:<cell line: 114>:114 - 采样前[(1, 121), (0, 184)],采样后[(1, 177), (0, 177)]
2022-07-31 16:19:10.245 | INFO     | __main__:<cell line: 41>:66 - 使用 LSVC 进行特征选择,剩余73个特征
2022-07-31 16:19:10.264 | INFO     | __main__:<cell line: 96>:112 - 使用 SMOTETomek 混合采样
2022-07-31 16:19:10.319 | INFO     | __main__:<cell line: 117>:117 - 采样前[(0, 184), (1, 121)],采样后[(0, 174), (1, 174)]
2022-07-31 16:19:20.875 | INFO     | __main__:<cell line: 41>:66 - 使用 LSVC 进行特征选择,剩余73个特征
2022-07-31 16:19:20.892 | INFO     | __main__:<cell line: 96>:112 - 使用 SMOTETomek 混合采样
2022-07-31 16:19:20.955 | INFO     | __main__:<cell line: 117>:117 - 采样前[(0, 184), (1, 121)],采样后[(0, 174), (1, 174)]
2022-07-31 16:19:42.358 | INFO     | __main__:<cell line: 41>:66 - 使用 LSVC 进行特征选择,剩余73个特征
2022-07-31 16:19:42.374 | INFO     | __main__:<cell line: 96>:112 - 使用 SMOTETomek 混合采样
2022-07-31 16:19:42.431 | INFO     | __main__:<cell line: 117>:117 - 采样前[(0, 184), (1, 121)],采样后[(0, 173), (1, 173)]
2022-07-31 16:33:34.672 | INFO     | __main__:<cell line: 43>:68 - 使用 LSVC 进行特征选择,剩余73个特征
2022-07-31 16:33:34.692 | INFO     | __main__:<cell line: 98>:114 - 使用 SMOTETomek 混合采样
2022-07-31 16:33:34.750 | INFO     | __main__:<cell line: 119>:119 - 采样前[(1, 121), (0, 184)],采样后[(1, 172), (0, 172)]
2022-07-31 16:34:44.231 | INFO     | __main__:<cell line: 43>:68 - 使用 LSVC 进行特征选择,剩余73个特征
2022-07-31 16:34:44.247 | INFO     | __main__:<cell line: 98>:114 - 使用 SMOTETomek 混合采样
2022-07-31 16:34:44.326 | INFO     | __main__:<cell line: 119>:119 - 采样前[(1, 547), (0, 621)],采样后[(1, 603), (0, 603)]
2022-07-31 16:35:54.652 | INFO     | __main__:<cell line: 43>:68 - 使用 LSVC 进行特征选择,剩余73个特征
2022-07-31 16:35:54.659 | INFO     | __main__:<cell line: 98>:114 - 使用 SMOTETomek 混合采样
2022-07-31 16:35:54.711 | INFO     | __main__:<cell line: 119>:119 - 采样前[(0, 300), (1, 300)],采样后[(0, 275), (1, 275)]
2022-07-31 16:41:47.722 | INFO     | __main__:<cell line: 43>:68 - 使用 LSVC 进行特征选择,剩余73个特征
2022-07-31 16:41:47.728 | INFO     | __main__:<cell line: 98>:114 - 使用 SMOTETomek 混合采样
2022-07-31 16:41:47.761 | INFO     | __main__:<cell line: 119>:119 - 采样前[(1, 300), (0, 300)],采样后[(1, 275), (0, 275)]
2022-07-31 17:03:29.991 | INFO     | __main__:<cell line: 41>:66 - 使用 LSVC 进行特征选择,剩余73个特征
2022-07-31 17:03:30.011 | INFO     | __main__:<cell line: 96>:112 - 使用 SMOTETomek 混合采样
2022-07-31 17:03:30.088 | INFO     | __main__:<cell line: 117>:117 - 采样前[(1, 547), (0, 621)],采样后[(1, 601), (0, 601)]
2022-07-31 17:03:42.768 | INFO     | __main__:<cell line: 41>:66 - 使用 LSVC 进行特征选择,剩余73个特征
2022-07-31 17:03:42.785 | INFO     | __main__:<cell line: 96>:112 - 使用 SMOTETomek 混合采样
2022-07-31 17:03:42.865 | INFO     | __main__:<cell line: 117>:117 - 采样前[(1, 547), (0, 621)],采样后[(1, 602), (0, 602)]
2022-07-31 17:04:10.544 | INFO     | __main__:<cell line: 41>:66 - 使用 LSVC 进行特征选择,剩余73个特征
2022-07-31 17:04:10.560 | INFO     | __main__:<cell line: 96>:112 - 使用 SMOTETomek 混合采样
2022-07-31 17:04:10.645 | INFO     | __main__:<cell line: 117>:117 - 采样前[(0, 621), (1, 547)],采样后[(0, 605), (1, 605)]
