2022-08-14 19:05:35.195 | INFO     | __main__:<cell line: 41>:42 - 使用 卡方检验 进行特诊筛选
2022-08-14 19:05:35.866 | INFO     | __main__:<cell line: 96>:112 - 使用 SMOTETomek 混合采样
2022-08-14 19:05:35.874 | INFO     | __main__:<cell line: 117>:117 - 采样前[(1, 120), (0, 180)],采样后[(1, 171), (0, 171)]
2022-08-14 19:06:10.964 | INFO     | __main__:<cell line: 41>:66 - 使用 LASSO 进行特征选择,剩余114个特征
2022-08-14 19:06:12.028 | INFO     | __main__:<cell line: 96>:112 - 使用 SMOTETomek 混合采样
2022-08-14 19:06:12.071 | INFO     | __main__:<cell line: 117>:117 - 采样前[(0, 180), (1, 120)],采样后[(0, 175), (1, 175)]
2022-08-14 19:06:45.476 | INFO     | __main__:<cell line: 148>:148 - {'max_depth': 7, 'grow_policy': 'depthwise', 'learning_rate': 6.481492023605913e-05, 'gamma': 0.03492000134632863, 'reg_lambda': 0.0009427826168124286, 'reg_alpha': 0.00022205591293707622, 'subsample': 0.4512377843981972, 'colsample_bytree': 0.6519671216329718}
2022-08-14 19:06:46.455 | WARNING  | __main__:<cell line: 155>:155 - {'fit_time': array([0.09799981, 0.09500003, 0.08999991, 0.09399986, 0.08599997,
       0.08899975, 0.09199953, 0.08999991, 0.09099984, 0.09499979]), 'score_time': array([0.00400019, 0.00399995, 0.00500011, 0.00400019, 0.00399995,
       0.0040009 , 0.00399995, 0.00500011, 0.00399995, 0.00600004]), 'test_accuracy': array([0.77142857, 0.68571429, 0.77142857, 0.68571429, 0.68571429,
       0.68571429, 0.6       , 0.48571429, 0.6       , 0.71428571]), 'test_precision': array([0.8       , 0.6875    , 0.76470588, 0.6875    , 0.71428571,
       0.76923077, 0.64285714, 0.5       , 0.625     , 0.83333333]), 'test_recall': array([0.70588235, 0.64705882, 0.76470588, 0.64705882, 0.58823529,
       0.55555556, 0.5       , 0.55555556, 0.55555556, 0.55555556]), 'test_f1': array([0.75      , 0.66666667, 0.76470588, 0.66666667, 0.64516129,
       0.64516129, 0.5625    , 0.52631579, 0.58823529, 0.66666667])}
2022-08-14 19:06:46.570 | WARNING  | __main__:<cell line: 156>:168 - 0.771	0.8	0.706	0.75
2022-08-14 19:06:47.005 | WARNING  | __main__:<cell line: 156>:168 - 0.686	0.688	0.647	0.667
2022-08-14 19:06:47.436 | WARNING  | __main__:<cell line: 156>:168 - 0.771	0.765	0.765	0.765
2022-08-14 19:06:47.906 | WARNING  | __main__:<cell line: 156>:168 - 0.686	0.688	0.647	0.667
2022-08-14 19:06:48.320 | WARNING  | __main__:<cell line: 156>:168 - 0.686	0.714	0.588	0.645
2022-08-14 19:06:48.743 | WARNING  | __main__:<cell line: 156>:168 - 0.686	0.769	0.556	0.645
2022-08-14 19:06:49.162 | WARNING  | __main__:<cell line: 156>:168 - 0.6	0.643	0.5	0.563
2022-08-14 19:06:49.562 | WARNING  | __main__:<cell line: 156>:168 - 0.486	0.5	0.556	0.526
2022-08-14 19:06:49.948 | WARNING  | __main__:<cell line: 156>:168 - 0.6	0.625	0.556	0.588
2022-08-14 19:06:50.335 | WARNING  | __main__:<cell line: 156>:168 - 0.714	0.833	0.556	0.667
2022-08-14 19:06:50.632 | WARNING  | __main__:<cell line: 173>:173 - accuracy		mean:0.669	std:0.082
2022-08-14 19:06:50.635 | WARNING  | __main__:<cell line: 174>:174 - precision		mean:0.702	std:0.093
2022-08-14 19:06:50.637 | WARNING  | __main__:<cell line: 175>:175 - recall		mean:0.608	std:0.078
2022-08-14 19:06:50.639 | WARNING  | __main__:<cell line: 176>:176 - f1		mean:0.648	std:0.071
2022-08-14 19:07:31.230 | INFO     | __main__:<cell line: 41>:66 - 使用 LASSO 进行特征选择,剩余114个特征
2022-08-14 19:07:31.938 | INFO     | __main__:<cell line: 96>:112 - 使用 SMOTETomek 混合采样
2022-08-14 19:07:31.978 | INFO     | __main__:<cell line: 117>:117 - 采样前[(1, 120), (0, 180)],采样后[(1, 178), (0, 178)]
2022-08-14 19:08:11.572 | INFO     | __main__:<cell line: 148>:148 - {'max_depth': 4, 'grow_policy': 'lossguide', 'learning_rate': 1.0775940729549998e-08, 'gamma': 8.112730717919529e-05, 'reg_lambda': 0.08730408489822697, 'reg_alpha': 0.03908110635983938, 'subsample': 0.41785445048640124, 'colsample_bytree': 0.44127838786270457}
2022-08-14 19:08:12.434 | WARNING  | __main__:<cell line: 155>:155 - {'fit_time': array([0.08699989, 0.08399916, 0.0769999 , 0.08300066, 0.07799935,
       0.07799935, 0.08000016, 0.08299994, 0.07599998, 0.07800007]), 'score_time': array([0.00500131, 0.00400043, 0.00500011, 0.00600004, 0.00400114,
       0.00600076, 0.00499916, 0.00399971, 0.00400043, 0.00499988]), 'test_accuracy': array([0.58333333, 0.58333333, 0.75      , 0.75      , 0.66666667,
       0.77777778, 0.68571429, 0.82857143, 0.57142857, 0.65714286]), 'test_precision': array([0.57894737, 0.57142857, 0.8       , 0.8       , 0.8       ,
       0.91666667, 0.73333333, 0.875     , 0.625     , 0.64705882]), 'test_recall': array([0.61111111, 0.66666667, 0.66666667, 0.66666667, 0.44444444,
       0.61111111, 0.61111111, 0.77777778, 0.29411765, 0.64705882]), 'test_f1': array([0.59459459, 0.61538462, 0.72727273, 0.72727273, 0.57142857,
       0.73333333, 0.66666667, 0.82352941, 0.4       , 0.64705882])}
2022-08-14 19:08:12.533 | WARNING  | __main__:<cell line: 156>:168 - 0.583	0.579	0.611	0.595
2022-08-14 19:08:12.867 | WARNING  | __main__:<cell line: 156>:168 - 0.583	0.571	0.667	0.615
2022-08-14 19:08:13.229 | WARNING  | __main__:<cell line: 156>:168 - 0.75	0.8	0.667	0.727
2022-08-14 19:08:13.570 | WARNING  | __main__:<cell line: 156>:168 - 0.75	0.8	0.667	0.727
2022-08-14 19:08:13.940 | WARNING  | __main__:<cell line: 156>:168 - 0.667	0.8	0.444	0.571
2022-08-14 19:08:14.378 | WARNING  | __main__:<cell line: 156>:168 - 0.778	0.917	0.611	0.733
2022-08-14 19:08:14.745 | WARNING  | __main__:<cell line: 156>:168 - 0.686	0.733	0.611	0.667
2022-08-14 19:08:15.091 | WARNING  | __main__:<cell line: 156>:168 - 0.829	0.875	0.778	0.824
2022-08-14 19:08:15.459 | WARNING  | __main__:<cell line: 156>:168 - 0.571	0.625	0.294	0.4
2022-08-14 19:08:15.851 | WARNING  | __main__:<cell line: 156>:168 - 0.657	0.647	0.647	0.647
2022-08-14 19:08:16.115 | WARNING  | __main__:<cell line: 173>:173 - accuracy		mean:0.685	std:0.085
2022-08-14 19:08:16.116 | WARNING  | __main__:<cell line: 174>:174 - precision		mean:0.735	std:0.117
2022-08-14 19:08:16.118 | WARNING  | __main__:<cell line: 175>:175 - recall		mean:0.6	std:0.129
2022-08-14 19:08:16.119 | WARNING  | __main__:<cell line: 176>:176 - f1		mean:0.651	std:0.111
2022-08-14 19:08:55.538 | INFO     | __main__:<cell line: 41>:66 - 使用 LASSO 进行特征选择,剩余114个特征
2022-08-14 19:08:58.578 | INFO     | __main__:<cell line: 96>:112 - 使用 SMOTETomek 混合采样
2022-08-14 19:08:58.629 | INFO     | __main__:<cell line: 117>:117 - 采样前[(1, 547), (0, 621)],采样后[(1, 602), (0, 602)]
2022-08-14 19:09:52.920 | INFO     | __main__:<cell line: 148>:148 - {'max_depth': 3, 'grow_policy': 'depthwise', 'learning_rate': 0.00012319343598328939, 'gamma': 0.619130365277866, 'reg_lambda': 0.004473485254677485, 'reg_alpha': 3.859501277356348e-06, 'subsample': 0.8949796303073866, 'colsample_bytree': 0.7250516499692963}
2022-08-14 19:09:53.826 | WARNING  | __main__:<cell line: 155>:155 - {'fit_time': array([0.08800006, 0.08299994, 0.09199977, 0.0849998 , 0.08199978,
       0.0880003 , 0.07999945, 0.0839994 , 0.08100009, 0.09100008]), 'score_time': array([0.00499988, 0.00500011, 0.00499988, 0.00399995, 0.00499988,
       0.00400066, 0.00400019, 0.00500011, 0.00399971, 0.00500059]), 'test_accuracy': array([0.6446281 , 0.66115702, 0.59504132, 0.63636364, 0.61666667,
       0.54166667, 0.55833333, 0.675     , 0.60833333, 0.65833333]), 'test_precision': array([0.65      , 0.66129032, 0.59016393, 0.66      , 0.675     ,
       0.54716981, 0.56140351, 0.69811321, 0.63265306, 0.69387755]), 'test_recall': array([0.63934426, 0.67213115, 0.6       , 0.55      , 0.45      ,
       0.48333333, 0.53333333, 0.61666667, 0.51666667, 0.56666667]), 'test_f1': array([0.6446281 , 0.66666667, 0.59504132, 0.6       , 0.54      ,
       0.51327434, 0.54700855, 0.65486726, 0.56880734, 0.62385321])}
2022-08-14 19:09:53.933 | WARNING  | __main__:<cell line: 156>:168 - 0.645	0.65	0.639	0.645
2022-08-14 19:09:54.347 | WARNING  | __main__:<cell line: 156>:168 - 0.661	0.661	0.672	0.667
2022-08-14 19:09:54.737 | WARNING  | __main__:<cell line: 156>:168 - 0.595	0.59	0.6	0.595
2022-08-14 19:09:55.145 | WARNING  | __main__:<cell line: 156>:168 - 0.636	0.66	0.55	0.6
2022-08-14 19:09:55.592 | WARNING  | __main__:<cell line: 156>:168 - 0.617	0.675	0.45	0.54
2022-08-14 19:09:56.011 | WARNING  | __main__:<cell line: 156>:168 - 0.542	0.547	0.483	0.513
2022-08-14 19:09:56.438 | WARNING  | __main__:<cell line: 156>:168 - 0.558	0.561	0.533	0.547
2022-08-14 19:09:56.857 | WARNING  | __main__:<cell line: 156>:168 - 0.675	0.698	0.617	0.655
2022-08-14 19:09:57.372 | WARNING  | __main__:<cell line: 156>:168 - 0.608	0.633	0.517	0.569
2022-08-14 19:09:57.768 | WARNING  | __main__:<cell line: 156>:168 - 0.658	0.694	0.567	0.624
2022-08-14 19:09:58.066 | WARNING  | __main__:<cell line: 173>:173 - accuracy		mean:0.62	std:0.042
2022-08-14 19:09:58.068 | WARNING  | __main__:<cell line: 174>:174 - precision		mean:0.637	std:0.051
2022-08-14 19:09:58.069 | WARNING  | __main__:<cell line: 175>:175 - recall		mean:0.563	std:0.067
2022-08-14 19:09:58.070 | WARNING  | __main__:<cell line: 176>:176 - f1		mean:0.595	std:0.05
2022-08-14 19:10:29.487 | INFO     | __main__:<cell line: 41>:66 - 使用 LASSO 进行特征选择,剩余114个特征
2022-08-14 19:10:32.024 | INFO     | __main__:<cell line: 96>:112 - 使用 SMOTETomek 混合采样
2022-08-14 19:10:32.075 | INFO     | __main__:<cell line: 117>:117 - 采样前[(1, 547), (0, 621)],采样后[(1, 599), (0, 599)]
2022-08-14 19:11:25.215 | INFO     | __main__:<cell line: 148>:148 - {'max_depth': 5, 'grow_policy': 'depthwise', 'learning_rate': 8.048131597190413e-06, 'gamma': 1.3542187357717727e-07, 'reg_lambda': 0.6107537875123545, 'reg_alpha': 0.08056718430381593, 'subsample': 0.9438844308898796, 'colsample_bytree': 0.44912106257323914}
2022-08-14 19:11:26.429 | WARNING  | __main__:<cell line: 155>:155 - {'fit_time': array([0.11000037, 0.10900021, 0.1030004 , 0.09299994, 0.09699988,
       0.10699964, 0.11599922, 0.10500002, 0.09500003, 0.18700123]), 'score_time': array([0.00599933, 0.00699973, 0.00699973, 0.00499988, 0.00600076,
       0.00399947, 0.00699997, 0.00399995, 0.00499988, 0.03499961]), 'test_accuracy': array([0.65      , 0.66666667, 0.59166667, 0.64166667, 0.56666667,
       0.59166667, 0.63333333, 0.65833333, 0.57142857, 0.59663866]), 'test_precision': array([0.67307692, 0.68518519, 0.6122449 , 0.67346939, 0.58      ,
       0.59649123, 0.64814815, 0.67272727, 0.57894737, 0.62790698]), 'test_recall': array([0.58333333, 0.61666667, 0.5       , 0.55      , 0.48333333,
       0.56666667, 0.58333333, 0.61666667, 0.55      , 0.45762712]), 'test_f1': array([0.625     , 0.64912281, 0.55045872, 0.60550459, 0.52727273,
       0.58119658, 0.61403509, 0.64347826, 0.56410256, 0.52941176])}
2022-08-14 19:11:26.543 | WARNING  | __main__:<cell line: 156>:168 - 0.65	0.673	0.583	0.625
2022-08-14 19:11:27.161 | WARNING  | __main__:<cell line: 156>:168 - 0.667	0.685	0.617	0.649
2022-08-14 19:11:27.742 | WARNING  | __main__:<cell line: 156>:168 - 0.592	0.612	0.5	0.55
2022-08-14 19:11:28.239 | WARNING  | __main__:<cell line: 156>:168 - 0.642	0.673	0.55	0.606
2022-08-14 19:11:28.712 | WARNING  | __main__:<cell line: 156>:168 - 0.567	0.58	0.483	0.527
2022-08-14 19:11:29.280 | WARNING  | __main__:<cell line: 156>:168 - 0.592	0.596	0.567	0.581
2022-08-14 19:11:30.063 | WARNING  | __main__:<cell line: 156>:168 - 0.633	0.648	0.583	0.614
2022-08-14 19:11:30.601 | WARNING  | __main__:<cell line: 156>:168 - 0.658	0.673	0.617	0.643
2022-08-14 19:11:31.239 | WARNING  | __main__:<cell line: 156>:168 - 0.571	0.579	0.55	0.564
2022-08-14 19:11:31.744 | WARNING  | __main__:<cell line: 156>:168 - 0.597	0.628	0.458	0.529
2022-08-14 19:11:32.173 | WARNING  | __main__:<cell line: 173>:173 - accuracy		mean:0.617	std:0.035
2022-08-14 19:11:32.175 | WARNING  | __main__:<cell line: 174>:174 - precision		mean:0.635	std:0.039
2022-08-14 19:11:32.176 | WARNING  | __main__:<cell line: 175>:175 - recall		mean:0.551	std:0.052
2022-08-14 19:11:32.176 | WARNING  | __main__:<cell line: 176>:176 - f1		mean:0.589	std:0.043
2022-08-14 19:12:24.454 | INFO     | __main__:<cell line: 41>:66 - 使用 LASSO 进行特征选择,剩余114个特征
2022-08-14 19:12:27.454 | INFO     | __main__:<cell line: 96>:112 - 使用 SMOTETomek 混合采样
2022-08-14 19:12:27.514 | INFO     | __main__:<cell line: 117>:117 - 采样前[(0, 621), (1, 547)],采样后[(0, 604), (1, 604)]
2022-08-14 19:13:15.971 | INFO     | __main__:<cell line: 148>:148 - {'max_depth': 5, 'grow_policy': 'depthwise', 'learning_rate': 0.0003809786672817124, 'gamma': 0.00016206436291672048, 'reg_lambda': 7.588677621064411e-05, 'reg_alpha': 0.005907931396898945, 'subsample': 0.43704639059273126, 'colsample_bytree': 0.41243927829992966}
2022-08-14 19:13:17.109 | WARNING  | __main__:<cell line: 155>:155 - {'fit_time': array([0.1099999 , 0.11000013, 0.10699987, 0.09799957, 0.10399985,
       0.1159997 , 0.10899997, 0.1099999 , 0.10699987, 0.10299969]), 'score_time': array([0.00500011, 0.00799966, 0.00399995, 0.00500035, 0.00500011,
       0.00500011, 0.00500011, 0.00600004, 0.00400019, 0.00600028]), 'test_accuracy': array([0.58677686, 0.63636364, 0.61983471, 0.61983471, 0.5785124 ,
       0.59504132, 0.61983471, 0.60330579, 0.675     , 0.61666667]), 'test_precision': array([0.59615385, 0.66666667, 0.675     , 0.64583333, 0.5862069 ,
       0.60344828, 0.63636364, 0.61403509, 0.70588235, 0.625     ]), 'test_recall': array([0.51666667, 0.53333333, 0.45      , 0.51666667, 0.55737705,
       0.57377049, 0.57377049, 0.57377049, 0.6       , 0.58333333]), 'test_f1': array([0.55357143, 0.59259259, 0.54      , 0.57407407, 0.57142857,
       0.58823529, 0.60344828, 0.59322034, 0.64864865, 0.60344828])}
2022-08-14 19:13:17.231 | WARNING  | __main__:<cell line: 156>:168 - 0.587	0.596	0.517	0.554
2022-08-14 19:13:17.721 | WARNING  | __main__:<cell line: 156>:168 - 0.636	0.667	0.533	0.593
2022-08-14 19:13:18.229 | WARNING  | __main__:<cell line: 156>:168 - 0.62	0.675	0.45	0.54
2022-08-14 19:13:18.714 | WARNING  | __main__:<cell line: 156>:168 - 0.62	0.646	0.517	0.574
2022-08-14 19:13:19.196 | WARNING  | __main__:<cell line: 156>:168 - 0.579	0.586	0.557	0.571
2022-08-14 19:13:19.647 | WARNING  | __main__:<cell line: 156>:168 - 0.595	0.603	0.574	0.588
2022-08-14 19:13:20.117 | WARNING  | __main__:<cell line: 156>:168 - 0.62	0.636	0.574	0.603
2022-08-14 19:13:20.607 | WARNING  | __main__:<cell line: 156>:168 - 0.603	0.614	0.574	0.593
2022-08-14 19:13:21.238 | WARNING  | __main__:<cell line: 156>:168 - 0.675	0.706	0.6	0.649
2022-08-14 19:13:21.707 | WARNING  | __main__:<cell line: 156>:168 - 0.617	0.625	0.583	0.603
2022-08-14 19:13:22.048 | WARNING  | __main__:<cell line: 173>:173 - accuracy		mean:0.615	std:0.026
2022-08-14 19:13:22.050 | WARNING  | __main__:<cell line: 174>:174 - precision		mean:0.635	std:0.036
2022-08-14 19:13:22.051 | WARNING  | __main__:<cell line: 175>:175 - recall		mean:0.548	std:0.042
2022-08-14 19:13:22.052 | WARNING  | __main__:<cell line: 176>:176 - f1		mean:0.587	std:0.029
2022-08-14 19:13:46.078 | INFO     | __main__:<cell line: 41>:66 - 使用 LASSO 进行特征选择,剩余65个特征
2022-08-14 19:13:49.183 | INFO     | __main__:<cell line: 96>:112 - 使用 SMOTETomek 混合采样
2022-08-14 19:13:49.253 | INFO     | __main__:<cell line: 117>:117 - 采样前[(1, 547), (0, 621)],采样后[(1, 603), (0, 603)]
2022-08-14 19:15:10.732 | INFO     | __main__:<cell line: 148>:148 - {'max_depth': 9, 'grow_policy': 'lossguide', 'learning_rate': 0.00018393114789803716, 'gamma': 1.3842286798128522e-08, 'reg_lambda': 2.8242090619945553e-08, 'reg_alpha': 0.010097850316858196, 'subsample': 0.4709976077666712, 'colsample_bytree': 0.22425646774079538}
2022-08-14 19:15:12.624 | WARNING  | __main__:<cell line: 155>:155 - {'fit_time': array([0.18299961, 0.18000007, 0.19499922, 0.17799997, 0.17799973,
       0.17699933, 0.18599939, 0.18099999, 0.17999983, 0.18000007]), 'score_time': array([0.00699949, 0.00600052, 0.0059998 , 0.00600028, 0.00600076,
       0.00700068, 0.00699997, 0.0059998 , 0.0059998 , 0.00699997]), 'test_accuracy': array([0.5785124 , 0.6446281 , 0.61983471, 0.61157025, 0.62809917,
       0.5785124 , 0.64166667, 0.675     , 0.69166667, 0.63333333]), 'test_precision': array([0.6       , 0.64516129, 0.65957447, 0.61403509, 0.62295082,
       0.6       , 0.68085106, 0.72340426, 0.73469388, 0.65384615]), 'test_recall': array([0.49180328, 0.6557377 , 0.50819672, 0.58333333, 0.63333333,
       0.45      , 0.53333333, 0.56666667, 0.6       , 0.56666667]), 'test_f1': array([0.54054054, 0.6504065 , 0.57407407, 0.5982906 , 0.62809917,
       0.51428571, 0.59813084, 0.63551402, 0.66055046, 0.60714286])}
2022-08-14 19:15:12.825 | WARNING  | __main__:<cell line: 156>:168 - 0.579	0.6	0.492	0.541
2022-08-14 19:15:14.038 | WARNING  | __main__:<cell line: 156>:168 - 0.645	0.645	0.656	0.65
2022-08-14 19:15:15.038 | WARNING  | __main__:<cell line: 156>:168 - 0.62	0.66	0.508	0.574
2022-08-14 19:15:16.015 | WARNING  | __main__:<cell line: 156>:168 - 0.612	0.614	0.583	0.598
2022-08-14 19:15:17.011 | WARNING  | __main__:<cell line: 156>:168 - 0.628	0.623	0.633	0.628
2022-08-14 19:15:17.990 | WARNING  | __main__:<cell line: 156>:168 - 0.579	0.6	0.45	0.514
2022-08-14 19:15:19.119 | WARNING  | __main__:<cell line: 156>:168 - 0.642	0.681	0.533	0.598
2022-08-14 19:15:20.117 | WARNING  | __main__:<cell line: 156>:168 - 0.675	0.723	0.567	0.636
2022-08-14 19:15:21.124 | WARNING  | __main__:<cell line: 156>:168 - 0.692	0.735	0.6	0.661
2022-08-14 19:15:22.123 | WARNING  | __main__:<cell line: 156>:168 - 0.633	0.654	0.567	0.607
2022-08-14 19:15:22.906 | WARNING  | __main__:<cell line: 173>:173 - accuracy		mean:0.63	std:0.035
2022-08-14 19:15:22.908 | WARNING  | __main__:<cell line: 174>:174 - precision		mean:0.653	std:0.045
2022-08-14 19:15:22.910 | WARNING  | __main__:<cell line: 175>:175 - recall		mean:0.559	std:0.061
2022-08-14 19:15:22.911 | WARNING  | __main__:<cell line: 176>:176 - f1		mean:0.601	std:0.045
2022-08-14 19:17:20.163 | INFO     | __main__:<cell line: 41>:66 - 使用 LASSO 进行特征选择,剩余62个特征
2022-08-14 19:17:23.294 | INFO     | __main__:<cell line: 96>:112 - 使用 SMOTETomek 混合采样
2022-08-14 19:17:23.340 | INFO     | __main__:<cell line: 117>:117 - 采样前[(1, 547), (0, 621)],采样后[(1, 599), (0, 599)]
2022-08-14 19:18:12.261 | INFO     | __main__:<cell line: 148>:148 - {'max_depth': 4, 'grow_policy': 'lossguide', 'learning_rate': 1.6887776571907593e-08, 'gamma': 0.000256961869203543, 'reg_lambda': 0.006806771525631914, 'reg_alpha': 1.5659433393267488e-06, 'subsample': 0.3899992167724558, 'colsample_bytree': 0.5675167206661822}
2022-08-14 19:18:12.999 | WARNING  | __main__:<cell line: 155>:155 - {'fit_time': array([0.07400012, 0.06699944, 0.06999993, 0.06699991, 0.07600045,
       0.0679996 , 0.06299996, 0.06599998, 0.06599951, 0.06899905]), 'score_time': array([0.00399995, 0.0030005 , 0.00500035, 0.00399947, 0.00500011,
       0.00299978, 0.00300026, 0.00400019, 0.00499988, 0.00600028]), 'test_accuracy': array([0.65833333, 0.675     , 0.6       , 0.55      , 0.525     ,
       0.64166667, 0.64166667, 0.66666667, 0.67226891, 0.60504202]), 'test_precision': array([0.75675676, 0.72340426, 0.63636364, 0.56818182, 0.53191489,
       0.66666667, 0.6440678 , 0.68518519, 0.71428571, 0.63636364]), 'test_recall': array([0.46666667, 0.56666667, 0.46666667, 0.41666667, 0.41666667,
       0.56666667, 0.63333333, 0.61666667, 0.58333333, 0.47457627]), 'test_f1': array([0.57731959, 0.63551402, 0.53846154, 0.48076923, 0.46728972,
       0.61261261, 0.63865546, 0.64912281, 0.64220183, 0.54368932])}
2022-08-14 19:18:13.084 | WARNING  | __main__:<cell line: 156>:168 - 0.658	0.757	0.467	0.577
2022-08-14 19:18:13.583 | WARNING  | __main__:<cell line: 156>:168 - 0.675	0.723	0.567	0.636
2022-08-14 19:18:13.999 | WARNING  | __main__:<cell line: 156>:168 - 0.6	0.636	0.467	0.538
2022-08-14 19:18:14.512 | WARNING  | __main__:<cell line: 156>:168 - 0.55	0.568	0.417	0.481
2022-08-14 19:18:14.913 | WARNING  | __main__:<cell line: 156>:168 - 0.525	0.532	0.417	0.467
2022-08-14 19:18:15.328 | WARNING  | __main__:<cell line: 156>:168 - 0.642	0.667	0.567	0.613
2022-08-14 19:18:15.778 | WARNING  | __main__:<cell line: 156>:168 - 0.642	0.644	0.633	0.639
2022-08-14 19:18:16.206 | WARNING  | __main__:<cell line: 156>:168 - 0.667	0.685	0.617	0.649
2022-08-14 19:18:16.622 | WARNING  | __main__:<cell line: 156>:168 - 0.672	0.714	0.583	0.642
2022-08-14 19:18:17.038 | WARNING  | __main__:<cell line: 156>:168 - 0.605	0.636	0.475	0.544
2022-08-14 19:18:17.366 | WARNING  | __main__:<cell line: 173>:173 - accuracy		mean:0.624	std:0.05
2022-08-14 19:18:17.368 | WARNING  | __main__:<cell line: 174>:174 - precision		mean:0.656	std:0.066
2022-08-14 19:18:17.369 | WARNING  | __main__:<cell line: 175>:175 - recall		mean:0.521	std:0.077
2022-08-14 19:18:17.370 | WARNING  | __main__:<cell line: 176>:176 - f1		mean:0.579	std:0.065
