2022-07-30 15:34:53.109 | INFO     | __main__:<cell line: 8>:32 - 使用 LASSO 进行特征选择,剩余73个特征
2022-07-30 15:34:55.338 | INFO     | __main__:<cell line: 56>:72 - 使用 SMOTETomek 混合采样
2022-07-30 15:34:55.391 | INFO     | __main__:<cell line: 77>:77 - 采样前[(0, 621), (1, 547)],采样后[(0, 601), (1, 601)]
2022-07-30 15:35:09.450 | WARNING  | __main__:<cell line: 114>:126 - 0.529	0.525	0.517	0.521
2022-07-30 15:35:09.995 | WARNING  | __main__:<cell line: 114>:126 - 0.595	0.625	0.492	0.55
2022-07-30 15:35:10.494 | WARNING  | __main__:<cell line: 114>:126 - 0.633	0.66	0.55	0.6
2022-07-30 15:35:11.022 | WARNING  | __main__:<cell line: 114>:126 - 0.625	0.667	0.5	0.571
2022-07-30 15:35:11.534 | WARNING  | __main__:<cell line: 114>:126 - 0.633	0.7	0.467	0.56
2022-07-30 15:35:12.040 | WARNING  | __main__:<cell line: 114>:126 - 0.633	0.648	0.583	0.614
2022-07-30 15:35:12.629 | WARNING  | __main__:<cell line: 114>:126 - 0.667	0.7	0.583	0.636
2022-07-30 15:35:13.160 | WARNING  | __main__:<cell line: 114>:126 - 0.625	0.647	0.55	0.595
2022-07-30 15:35:13.725 | WARNING  | __main__:<cell line: 114>:126 - 0.575	0.579	0.55	0.564
2022-07-30 15:35:14.249 | WARNING  | __main__:<cell line: 114>:126 - 0.667	0.692	0.6	0.643
2022-07-30 15:35:14.664 | WARNING  | __main__:<cell line: 131>:131 - accuracy		mean:0.618	std:0.04
2022-07-30 15:35:14.664 | WARNING  | __main__:<cell line: 132>:132 - precision		mean:0.644	std:0.053
2022-07-30 15:35:14.665 | WARNING  | __main__:<cell line: 133>:133 - recall		mean:0.539	std:0.042
2022-07-30 15:35:14.666 | WARNING  | __main__:<cell line: 134>:134 - f1		mean:0.585	std:0.037
2022-07-30 15:35:16.052 | INFO     | __main__:<cell line: 6>:7 - 使用 卡方检验 进行特诊筛选
2022-07-30 15:35:16.874 | INFO     | __main__:<cell line: 52>:68 - 使用 SMOTETomek 混合采样
2022-07-30 15:35:16.884 | INFO     | __main__:<cell line: 73>:73 - 采样前[(0, 184), (1, 121)],采样后[(0, 171), (1, 171)]
2022-07-30 15:35:18.145 | INFO     | __main__:<cell line: 6>:7 - 使用 卡方检验 进行特诊筛选
2022-07-30 15:35:18.784 | INFO     | __main__:<cell line: 52>:68 - 使用 SMOTETomek 混合采样
2022-07-30 15:35:18.790 | INFO     | __main__:<cell line: 73>:73 - 采样前[(0, 184), (1, 121)],采样后[(0, 171), (1, 171)]
2022-07-30 15:35:22.296 | WARNING  | __main__:<cell line: 106>:121 - 0.771	0.714	0.882	0.789
2022-07-30 15:35:22.573 | WARNING  | __main__:<cell line: 106>:121 - 0.771	0.812	0.722	0.765
2022-07-30 15:35:22.869 | WARNING  | __main__:<cell line: 106>:121 - 0.794	0.75	0.882	0.811
2022-07-30 15:35:23.168 | WARNING  | __main__:<cell line: 106>:121 - 0.676	0.714	0.588	0.645
2022-07-30 15:35:23.538 | WARNING  | __main__:<cell line: 106>:121 - 0.588	0.588	0.588	0.588
2022-07-30 15:35:23.835 | WARNING  | __main__:<cell line: 106>:121 - 0.853	0.8	0.941	0.865
2022-07-30 15:35:24.117 | WARNING  | __main__:<cell line: 106>:121 - 0.765	0.765	0.765	0.765
2022-07-30 15:35:24.422 | WARNING  | __main__:<cell line: 106>:121 - 0.706	0.733	0.647	0.688
2022-07-30 15:35:24.760 | WARNING  | __main__:<cell line: 106>:121 - 0.824	0.762	0.941	0.842
2022-07-30 15:35:25.025 | WARNING  | __main__:<cell line: 106>:121 - 0.706	0.706	0.706	0.706
2022-07-30 15:35:25.453 | WARNING  | __main__:<cell line: 126>:126 - 均值：	0.745	0.735	0.766	0.746
2022-07-30 15:35:26.868 | INFO     | __main__:<cell line: 5>:6 - 使用 卡方检验 进行特诊筛选
2022-07-30 15:35:26.888 | INFO     | __main__:<cell line: 34>:50 - 使用 SMOTETomek 混合采样
2022-07-30 15:35:26.913 | INFO     | __main__:<cell line: 55>:55 - 采样前[(0, 184), (1, 547)],采样后[(0, 530), (1, 530)]
2022-07-30 15:35:31.157 | WARNING  | __main__:<cell line: 88>:103 - 0.717	0.725	0.698	0.712
2022-07-30 15:35:31.493 | WARNING  | __main__:<cell line: 88>:103 - 0.67	0.661	0.698	0.679
2022-07-30 15:35:31.901 | WARNING  | __main__:<cell line: 88>:103 - 0.792	0.83	0.736	0.78
2022-07-30 15:35:32.257 | WARNING  | __main__:<cell line: 88>:103 - 0.764	0.833	0.66	0.737
2022-07-30 15:35:32.640 | WARNING  | __main__:<cell line: 88>:103 - 0.717	0.78	0.604	0.681
2022-07-30 15:35:33.023 | WARNING  | __main__:<cell line: 88>:103 - 0.774	0.837	0.679	0.75
2022-07-30 15:35:33.421 | WARNING  | __main__:<cell line: 88>:103 - 0.774	0.822	0.698	0.755
2022-07-30 15:35:33.753 | WARNING  | __main__:<cell line: 88>:103 - 0.849	0.894	0.792	0.84
2022-07-30 15:35:34.214 | WARNING  | __main__:<cell line: 88>:103 - 0.821	0.87	0.755	0.808
2022-07-30 15:35:34.581 | WARNING  | __main__:<cell line: 88>:103 - 0.717	0.735	0.679	0.706
2022-07-30 15:35:34.917 | WARNING  | __main__:<cell line: 108>:108 - 均值：	0.759	0.799	0.7	0.745
2022-07-30 15:35:36.160 | INFO     | __main__:<cell line: 6>:30 - 使用 LASSO 进行特征选择,剩余73个特征
2022-07-30 15:35:36.176 | INFO     | __main__:<cell line: 45>:61 - 使用 SMOTETomek 混合采样
2022-07-30 15:35:36.244 | INFO     | __main__:<cell line: 66>:66 - 采样前[(0, 621), (1, 184)],采样后[(0, 617), (1, 617)]
2022-07-30 15:35:39.432 | WARNING  | __main__:<cell line: 97>:112 - 0.815	0.976	0.645	0.777
2022-07-30 15:35:39.754 | WARNING  | __main__:<cell line: 97>:112 - 0.839	1.0	0.677	0.808
2022-07-30 15:35:40.087 | WARNING  | __main__:<cell line: 97>:112 - 0.831	0.956	0.694	0.804
2022-07-30 15:35:40.496 | WARNING  | __main__:<cell line: 97>:112 - 0.871	1.0	0.742	0.852
2022-07-30 15:35:40.873 | WARNING  | __main__:<cell line: 97>:112 - 0.805	0.93	0.656	0.769
2022-07-30 15:35:41.247 | WARNING  | __main__:<cell line: 97>:112 - 0.846	0.977	0.705	0.819
2022-07-30 15:35:41.678 | WARNING  | __main__:<cell line: 97>:112 - 0.78	0.972	0.574	0.722
2022-07-30 15:35:41.994 | WARNING  | __main__:<cell line: 97>:112 - 0.878	0.98	0.774	0.865
2022-07-30 15:35:42.370 | WARNING  | __main__:<cell line: 97>:112 - 0.813	1.0	0.629	0.772
2022-07-30 15:35:42.759 | WARNING  | __main__:<cell line: 97>:112 - 0.886	0.98	0.79	0.875
2022-07-30 15:35:43.093 | WARNING  | __main__:<cell line: 117>:117 - 均值：	accuracy:0.836	precision:0.977	recall:0.689	f1:0.806
2022-07-30 15:35:44.350 | INFO     | __main__:<cell line: 5>:19 - 不进行特征选择
2022-07-30 15:35:44.369 | INFO     | __main__:<cell line: 34>:50 - 使用 SMOTETomek 混合采样
2022-07-30 15:35:44.405 | INFO     | __main__:<cell line: 55>:55 - 采样前[(0, 121), (1, 621)],采样后[(0, 613), (1, 613)]
2022-07-30 15:35:48.329 | WARNING  | __main__:<cell line: 88>:103 - 0.772	0.8	0.721	0.759
2022-07-30 15:35:48.686 | WARNING  | __main__:<cell line: 88>:103 - 0.772	0.78	0.754	0.767
2022-07-30 15:35:49.070 | WARNING  | __main__:<cell line: 88>:103 - 0.715	0.771	0.607	0.679
2022-07-30 15:35:49.436 | WARNING  | __main__:<cell line: 88>:103 - 0.813	0.868	0.742	0.8
2022-07-30 15:35:49.827 | WARNING  | __main__:<cell line: 88>:103 - 0.764	0.762	0.774	0.768
2022-07-30 15:35:50.288 | WARNING  | __main__:<cell line: 88>:103 - 0.74	0.788	0.661	0.719
2022-07-30 15:35:50.630 | WARNING  | __main__:<cell line: 88>:103 - 0.861	0.893	0.82	0.855
2022-07-30 15:35:51.006 | WARNING  | __main__:<cell line: 88>:103 - 0.746	0.8	0.656	0.721
2022-07-30 15:35:51.386 | WARNING  | __main__:<cell line: 88>:103 - 0.795	0.86	0.705	0.775
2022-07-30 15:35:51.809 | WARNING  | __main__:<cell line: 88>:103 - 0.738	0.796	0.639	0.709
2022-07-30 15:35:52.174 | WARNING  | __main__:<cell line: 108>:108 - 均值：	0.772	0.812	0.708	0.755
2022-07-30 15:36:57.509 | INFO     | __main__:<cell line: 8>:32 - 使用 LASSO 进行特征选择,剩余73个特征
2022-07-30 15:36:57.517 | INFO     | __main__:<cell line: 56>:72 - 使用 SMOTETomek 混合采样
2022-07-30 15:36:57.554 | INFO     | __main__:<cell line: 77>:77 - 采样前[(0, 300), (1, 300)],采样后[(0, 275), (1, 275)]
2022-07-30 15:37:08.261 | WARNING  | __main__:<cell line: 114>:126 - 0.6	0.619	0.481	0.542
2022-07-30 15:37:08.689 | WARNING  | __main__:<cell line: 114>:126 - 0.636	0.621	0.667	0.643
2022-07-30 15:37:09.100 | WARNING  | __main__:<cell line: 114>:126 - 0.582	0.562	0.667	0.61
2022-07-30 15:37:09.519 | WARNING  | __main__:<cell line: 114>:126 - 0.673	0.737	0.519	0.609
2022-07-30 15:37:09.944 | WARNING  | __main__:<cell line: 114>:126 - 0.618	0.607	0.63	0.618
2022-07-30 15:37:10.422 | WARNING  | __main__:<cell line: 114>:126 - 0.655	0.645	0.714	0.678
2022-07-30 15:37:10.860 | WARNING  | __main__:<cell line: 114>:126 - 0.564	0.577	0.536	0.556
2022-07-30 15:37:11.272 | WARNING  | __main__:<cell line: 114>:126 - 0.545	0.548	0.607	0.576
2022-07-30 15:37:11.706 | WARNING  | __main__:<cell line: 114>:126 - 0.564	0.567	0.607	0.586
2022-07-30 15:37:12.099 | WARNING  | __main__:<cell line: 114>:126 - 0.618	0.652	0.536	0.588
2022-07-30 15:37:12.426 | WARNING  | __main__:<cell line: 131>:131 - accuracy		mean:0.605	std:0.04
2022-07-30 15:37:12.427 | WARNING  | __main__:<cell line: 132>:132 - precision		mean:0.614	std:0.053
2022-07-30 15:37:12.427 | WARNING  | __main__:<cell line: 133>:133 - recall		mean:0.596	std:0.072
2022-07-30 15:37:12.428 | WARNING  | __main__:<cell line: 134>:134 - f1		mean:0.601	std:0.038
2022-07-30 15:39:54.507 | INFO     | __main__:<cell line: 8>:32 - 使用 LASSO 进行特征选择,剩余73个特征
2022-07-30 15:39:54.514 | INFO     | __main__:<cell line: 56>:72 - 使用 SMOTETomek 混合采样
2022-07-30 15:39:54.560 | INFO     | __main__:<cell line: 77>:77 - 采样前[(0, 300), (1, 300)],采样后[(0, 275), (1, 275)]
2022-07-30 15:40:04.741 | WARNING  | __main__:<cell line: 114>:126 - 0.636	0.621	0.667	0.643
2022-07-30 15:40:05.097 | WARNING  | __main__:<cell line: 114>:126 - 0.6	0.632	0.444	0.522
2022-07-30 15:40:05.463 | WARNING  | __main__:<cell line: 114>:126 - 0.691	0.708	0.63	0.667
2022-07-30 15:40:05.853 | WARNING  | __main__:<cell line: 114>:126 - 0.582	0.571	0.593	0.582
2022-07-30 15:40:06.217 | WARNING  | __main__:<cell line: 114>:126 - 0.673	0.68	0.63	0.654
2022-07-30 15:40:06.585 | WARNING  | __main__:<cell line: 114>:126 - 0.582	0.586	0.607	0.596
2022-07-30 15:40:07.044 | WARNING  | __main__:<cell line: 114>:126 - 0.655	0.714	0.536	0.612
2022-07-30 15:40:07.403 | WARNING  | __main__:<cell line: 114>:126 - 0.636	0.633	0.679	0.655
2022-07-30 15:40:07.769 | WARNING  | __main__:<cell line: 114>:126 - 0.618	0.64	0.571	0.604
2022-07-30 15:40:08.125 | WARNING  | __main__:<cell line: 114>:126 - 0.491	0.5	0.393	0.44
2022-07-30 15:40:08.414 | WARNING  | __main__:<cell line: 131>:131 - accuracy		mean:0.616	std:0.054
2022-07-30 15:40:08.414 | WARNING  | __main__:<cell line: 132>:132 - precision		mean:0.629	std:0.062
2022-07-30 15:40:08.416 | WARNING  | __main__:<cell line: 133>:133 - recall		mean:0.575	std:0.088
2022-07-30 15:40:08.417 | WARNING  | __main__:<cell line: 134>:134 - f1		mean:0.597	std:0.067
2022-07-30 16:30:57.873 | INFO     | __main__:<cell line: 8>:32 - 使用 LASSO 进行特征选择,剩余73个特征
2022-07-30 16:30:57.880 | INFO     | __main__:<cell line: 56>:72 - 使用 SMOTETomek 混合采样
2022-07-30 16:30:57.910 | INFO     | __main__:<cell line: 77>:77 - 采样前[(1, 300), (0, 300)],采样后[(1, 275), (0, 275)]
2022-07-30 16:31:23.323 | INFO     | __main__:<cell line: 8>:32 - 使用 LASSO 进行特征选择,剩余73个特征
2022-07-30 16:31:23.329 | INFO     | __main__:<cell line: 56>:72 - 使用 SMOTETomek 混合采样
2022-07-30 16:31:23.360 | INFO     | __main__:<cell line: 77>:77 - 采样前[(0, 300), (1, 300)],采样后[(0, 275), (1, 275)]
2022-07-30 16:33:34.219 | INFO     | __main__:<cell line: 8>:32 - 使用 LASSO 进行特征选择,剩余73个特征
2022-07-30 16:33:34.228 | INFO     | __main__:<cell line: 56>:72 - 使用 SMOTETomek 混合采样
2022-07-30 16:33:34.257 | INFO     | __main__:<cell line: 77>:77 - 采样前[(0, 300), (1, 300)],采样后[(0, 275), (1, 275)]
2022-07-30 16:33:58.952 | INFO     | __main__:<cell line: 8>:32 - 使用 LASSO 进行特征选择,剩余73个特征
2022-07-30 16:33:58.962 | INFO     | __main__:<cell line: 56>:72 - 使用 SMOTETomek 混合采样
2022-07-30 16:33:59.000 | INFO     | __main__:<cell line: 77>:77 - 采样前[(1, 300), (0, 300)],采样后[(1, 275), (0, 275)]
2022-07-30 16:35:17.777 | INFO     | __main__:<cell line: 8>:9 - 使用 卡方检验 进行特诊筛选
2022-07-30 16:35:17.790 | INFO     | __main__:<cell line: 56>:72 - 使用 SMOTETomek 混合采样
2022-07-30 16:35:17.801 | INFO     | __main__:<cell line: 77>:77 - 采样前[(1, 300), (0, 300)],采样后[(1, 279), (0, 279)]
2022-07-30 16:35:57.461 | INFO     | __main__:<cell line: 8>:32 - 使用 LASSO 进行特征选择,剩余73个特征
2022-07-30 16:35:57.472 | INFO     | __main__:<cell line: 56>:72 - 使用 SMOTETomek 混合采样
2022-07-30 16:35:57.503 | INFO     | __main__:<cell line: 77>:77 - 采样前[(0, 300), (1, 300)],采样后[(1, 275), (0, 275)]
2022-07-30 16:36:09.140 | WARNING  | __main__:<cell line: 114>:126 - 0.545	0.541	0.714	0.615
2022-07-30 16:36:09.591 | WARNING  | __main__:<cell line: 114>:126 - 0.6	0.667	0.429	0.522
2022-07-30 16:36:10.054 | WARNING  | __main__:<cell line: 114>:126 - 0.545	0.556	0.536	0.545
2022-07-30 16:36:10.514 | WARNING  | __main__:<cell line: 114>:126 - 0.6	0.625	0.536	0.577
2022-07-30 16:36:10.984 | WARNING  | __main__:<cell line: 114>:126 - 0.6	0.615	0.571	0.593
2022-07-30 16:36:11.507 | WARNING  | __main__:<cell line: 114>:126 - 0.564	0.556	0.556	0.556
2022-07-30 16:36:12.000 | WARNING  | __main__:<cell line: 114>:126 - 0.509	0.5	0.444	0.471
2022-07-30 16:36:12.466 | WARNING  | __main__:<cell line: 114>:126 - 0.6	0.586	0.63	0.607
2022-07-30 16:36:12.931 | WARNING  | __main__:<cell line: 114>:126 - 0.655	0.667	0.593	0.627
2022-07-30 16:36:13.465 | WARNING  | __main__:<cell line: 114>:126 - 0.436	0.429	0.444	0.436
2022-07-30 16:36:13.779 | WARNING  | __main__:<cell line: 131>:131 - accuracy		mean:0.565	std:0.058
2022-07-30 16:36:13.780 | WARNING  | __main__:<cell line: 132>:132 - precision		mean:0.574	std:0.071
2022-07-30 16:36:13.782 | WARNING  | __main__:<cell line: 133>:133 - recall		mean:0.545	std:0.085
2022-07-30 16:36:13.783 | WARNING  | __main__:<cell line: 134>:134 - f1		mean:0.555	std:0.06
2022-07-30 16:38:13.282 | INFO     | __main__:<cell line: 8>:32 - 使用 LASSO 进行特征选择,剩余73个特征
2022-07-30 16:38:13.287 | INFO     | __main__:<cell line: 56>:72 - 使用 SMOTETomek 混合采样
2022-07-30 16:38:13.316 | INFO     | __main__:<cell line: 77>:77 - 采样前[(0, 300), (1, 300)],采样后[(0, 275), (1, 275)]
2022-07-30 16:38:23.779 | WARNING  | __main__:<cell line: 115>:127 - 0.709	0.69	0.741	0.714
2022-07-30 16:38:24.205 | WARNING  | __main__:<cell line: 115>:127 - 0.618	0.615	0.593	0.604
2022-07-30 16:38:24.605 | WARNING  | __main__:<cell line: 115>:127 - 0.527	0.522	0.444	0.48
2022-07-30 16:38:25.021 | WARNING  | __main__:<cell line: 115>:127 - 0.673	0.696	0.593	0.64
2022-07-30 16:38:25.409 | WARNING  | __main__:<cell line: 115>:127 - 0.527	0.519	0.519	0.519
2022-07-30 16:38:25.788 | WARNING  | __main__:<cell line: 115>:127 - 0.691	0.72	0.643	0.679
2022-07-30 16:38:26.229 | WARNING  | __main__:<cell line: 115>:127 - 0.527	0.536	0.536	0.536
2022-07-30 16:38:26.594 | WARNING  | __main__:<cell line: 115>:127 - 0.455	0.455	0.357	0.4
2022-07-30 16:38:26.983 | WARNING  | __main__:<cell line: 115>:127 - 0.727	0.741	0.714	0.727
2022-07-30 16:38:27.381 | WARNING  | __main__:<cell line: 115>:127 - 0.545	0.571	0.429	0.49
2022-07-30 16:38:27.673 | WARNING  | __main__:<cell line: 132>:132 - accuracy		mean:0.6	std:0.091
2022-07-30 16:38:27.674 | WARNING  | __main__:<cell line: 133>:133 - precision		mean:0.606	std:0.095
2022-07-30 16:38:27.675 | WARNING  | __main__:<cell line: 134>:134 - recall		mean:0.557	std:0.118
2022-07-30 16:38:27.676 | WARNING  | __main__:<cell line: 135>:135 - f1		mean:0.579	std:0.105
2022-07-30 16:38:58.683 | INFO     | __main__:<cell line: 8>:32 - 使用 LASSO 进行特征选择,剩余73个特征
2022-07-30 16:38:58.687 | INFO     | __main__:<cell line: 56>:72 - 使用 SMOTETomek 混合采样
2022-07-30 16:38:58.712 | INFO     | __main__:<cell line: 77>:77 - 采样前[(0, 300), (1, 300)],采样后[(0, 275), (1, 275)]
2022-07-30 16:39:09.972 | INFO     | __main__:<cell line: 108>:108 - {'max_depth': 10, 'grow_policy': 'lossguide', 'learning_rate': 0.007920154232608166, 'gamma': 0.0006403699425019985, 'reg_lambda': 1.2042466292113693e-05, 'reg_alpha': 0.3272143855480732, 'subsample': 0.7988940395741746, 'colsample_bytree': 0.4711651615917039}
2022-07-30 16:39:11.138 | WARNING  | __main__:<cell line: 115>:127 - 0.545	0.545	0.444	0.49
2022-07-30 16:39:11.682 | WARNING  | __main__:<cell line: 115>:127 - 0.527	0.522	0.444	0.48
2022-07-30 16:39:12.295 | WARNING  | __main__:<cell line: 115>:127 - 0.491	0.483	0.519	0.5
2022-07-30 16:39:12.807 | WARNING  | __main__:<cell line: 115>:127 - 0.691	0.667	0.741	0.702
2022-07-30 16:39:13.362 | WARNING  | __main__:<cell line: 115>:127 - 0.6	0.632	0.444	0.522
2022-07-30 16:39:13.909 | WARNING  | __main__:<cell line: 115>:127 - 0.473	0.481	0.464	0.473
2022-07-30 16:39:14.447 | WARNING  | __main__:<cell line: 115>:127 - 0.455	0.444	0.286	0.348
2022-07-30 16:39:14.962 | WARNING  | __main__:<cell line: 115>:127 - 0.636	0.643	0.643	0.643
2022-07-30 16:39:15.490 | WARNING  | __main__:<cell line: 115>:127 - 0.673	0.656	0.75	0.7
2022-07-30 16:39:16.046 | WARNING  | __main__:<cell line: 115>:127 - 0.564	0.567	0.607	0.586
2022-07-30 16:39:16.455 | WARNING  | __main__:<cell line: 132>:132 - accuracy		mean:0.565	std:0.079
2022-07-30 16:39:16.460 | WARNING  | __main__:<cell line: 133>:133 - precision		mean:0.564	std:0.077
2022-07-30 16:39:16.462 | WARNING  | __main__:<cell line: 134>:134 - recall		mean:0.534	std:0.141
2022-07-30 16:39:16.466 | WARNING  | __main__:<cell line: 135>:135 - f1		mean:0.544	std:0.107
