2022-07-24 20:00:01.931 | WARNING  | __main__:<cell line: 57>:72 - 0.598	0.581	0.463	0.515
2022-07-24 20:00:02.197 | DEBUG    | __main__:<cell line: 57>:107 - SHAP > 0	['S55', 'S22', 'S58', 'S116', 'S41', 'S123', 'S12', 'S14', 'S15', 'S30', 'S90', 'S40', 'S63', 'S124', 'S44', 'S32', 'S102', 'S3', 'S8', 'S79', 'S91', 'S82', 'S73', 'S119', 'S61']
2022-07-24 20:00:02.197 | DEBUG    | __main__:<cell line: 57>:108 - SHAP == 0	['S98', 'S97', 'S80', 'S111', 'S78', 'S76', 'S75', 'S74', 'S112', 'S72', 'S71', 'S113', 'S70', 'S67', 'S120', 'S66', 'S64', 'S81', 'S110', 'S108', 'S101', 'S96', 'S95', 'S99', 'S2', 'S100', 'S92', 'S104', 'S83', 'S88', 'S87', 'S86', 'S85', 'S106', 'S107', 'S94', 'S1', 'S62', 'S18', 'S35', 'S60', 'S29', 'S25', 'S23', 'S21', 'S20', 'S17', 'S39', 'S16', 'S13', 'S11', 'S10', 'S7', 'S5', 'S4', 'S36', 'S31', 'S51', 'S46', 'S53', 'S54', 'S48', 'S47', 'S52', 'S49', 'S57', 'S45', 'S43']
2022-07-24 20:00:02.197 | DEBUG    | __main__:<cell line: 57>:109 - SHAP < 0	['S114', 'S109', 'S65', 'S68', 'S33', 'S93', 'S77', 'S6', 'S125', 'S24', 'S121', 'S19', 'S9', 'S122', 'S27', 'S69', 'S34', 'S89', 'S117', 'S59', 'S105', 'S118', 'S42', 'S115', 'S50', 'S103', 'S56', 'S28', 'S37', 'S84', 'S26', 'S38']
2022-07-24 20:00:02.259 | WARNING  | __main__:<cell line: 57>:72 - 0.624	0.667	0.4	0.5
2022-07-24 20:00:02.572 | DEBUG    | __main__:<cell line: 57>:107 - SHAP > 0	['S55', 'S116', 'S58', 'S22', 'S124', 'S84', 'S65', 'S123', 'S118', 'S14', 'S112', 'S46', 'S25', 'S8', 'S67', 'S6', 'S35', 'S21', 'S115', 'S63', 'S119', 'S90', 'S15', 'S82', 'S40', 'S74', 'S32']
2022-07-24 20:00:02.572 | DEBUG    | __main__:<cell line: 57>:108 - SHAP == 0	['S77', 'S113', 'S83', 'S81', 'S79', 'S78', 'S108', 'S76', 'S85', 'S75', 'S73', 'S72', 'S71', 'S70', 'S68', 'S120', 'S114', 'S87', 'S86', 'S109', 'S107', 'S106', 'S110', 'S104', 'S102', 'S101', 'S100', 'S99', 'S98', 'S66', 'S96', 'S111', 'S95', 'S94', 'S92', 'S89', 'S88', 'S97', 'S1', 'S64', 'S43', 'S36', 'S2', 'S33', 'S31', 'S29', 'S24', 'S23', 'S19', 'S18', 'S17', 'S13', 'S11', 'S10', 'S7', 'S5', 'S39', 'S34', 'S52', 'S62', 'S47', 'S61', 'S60', 'S59', 'S48', 'S49', 'S57', 'S54', 'S53', 'S51', 'S45']
2022-07-24 20:00:02.572 | DEBUG    | __main__:<cell line: 57>:109 - SHAP < 0	['S37', 'S41', 'S103', 'S44', 'S69', 'S93', 'S117', 'S80', 'S12', 'S4', 'S121', 'S125', 'S91', 'S122', 'S20', 'S9', 'S16', 'S105', 'S3', 'S30', 'S50', 'S27', 'S56', 'S42', 'S28', 'S26', 'S38']
2022-07-24 20:00:02.619 | WARNING  | __main__:<cell line: 57>:72 - 0.547	0.523	0.418	0.465
2022-07-24 20:00:02.916 | DEBUG    | __main__:<cell line: 57>:107 - SHAP > 0	['S55', 'S79', 'S116', 'S27', 'S22', 'S58', 'S123', 'S41', 'S25', 'S69', 'S12', 'S15', 'S82', 'S63', 'S78', 'S46', 'S24', 'S65', 'S85', 'S14', 'S90', 'S95', 'S73', 'S32', 'S56', 'S112', 'S20']
2022-07-24 20:00:02.931 | DEBUG    | __main__:<cell line: 57>:108 - SHAP == 0	['S66', 'S74', 'S75', 'S70', 'S68', 'S77', 'S72', 'S71', 'S76', 'S64', 'S110', 'S86', 'S80', 'S81', 'S104', 'S108', 'S102', 'S101', 'S100', 'S99', 'S98', 'S97', 'S96', 'S94', 'S92', 'S91', 'S89', 'S88', 'S87', 'S62', 'S83', 'S2', 'S53', 'S33', 'S121', 'S31', 'S29', 'S118', 'S23', 'S21', 'S120', 'S18', 'S17', 'S13', 'S34', 'S11', 'S10', 'S8', 'S7', 'S6', 'S5', 'S4', 'S3', 'S60', 'S107', 'S35', 'S47', 'S111', 'S57', 'S54', 'S106', 'S52', 'S51', 'S50', 'S49', 'S48', 'S45', 'S44', 'S39', 'S113', 'S114', 'S36']
2022-07-24 20:00:02.931 | DEBUG    | __main__:<cell line: 57>:109 - SHAP < 0	['S43', 'S109', 'S61', 'S40', 'S93', 'S30', 'S1', 'S59', 'S122', 'S9', 'S37', 'S125', 'S117', 'S115', 'S67', 'S119', 'S16', 'S19', 'S42', 'S105', 'S124', 'S28', 'S103', 'S38', 'S84', 'S26']
2022-07-24 20:00:02.947 | WARNING  | __main__:<cell line: 57>:72 - 0.538	0.515	0.309	0.386
2022-07-24 20:00:03.322 | DEBUG    | __main__:<cell line: 57>:107 - SHAP > 0	['S55', 'S116', 'S58', 'S115', 'S47', 'S78', 'S124', 'S103', 'S91', 'S22', 'S12', 'S105', 'S15', 'S69', 'S119', 'S21', 'S123', 'S61', 'S41', 'S65', 'S4', 'S60', 'S63', 'S35', 'S102', 'S8', 'S85', 'S112', 'S107', 'S40', 'S24']
2022-07-24 20:00:03.322 | DEBUG    | __main__:<cell line: 57>:108 - SHAP == 0	['S70', 'S83', 'S82', 'S81', 'S73', 'S71', 'S76', 'S75', 'S74', 'S72', 'S87', 'S86', 'S96', 'S88', 'S89', 'S120', 'S113', 'S111', 'S110', 'S109', 'S108', 'S106', 'S104', 'S101', 'S100', 'S99', 'S98', 'S97', 'S95', 'S94', 'S93', 'S92', 'S68', 'S1', 'S46', 'S36', 'S45', 'S44', 'S43', 'S39', 'S11', 'S13', 'S34', 'S7', 'S31', 'S16', 'S29', 'S17', 'S18', 'S20', 'S23', 'S25', 'S48', 'S52', 'S64', 'S2', 'S62', 'S3', 'S57', 'S54', 'S49', 'S53', 'S51']
2022-07-24 20:00:03.322 | DEBUG    | __main__:<cell line: 57>:109 - SHAP < 0	['S32', 'S122', 'S5', 'S33', 'S14', 'S90', 'S10', 'S80', 'S77', 'S121', 'S125', 'S9', 'S59', 'S114', 'S67', 'S79', 'S6', 'S19', 'S56', 'S84', 'S118', 'S30', 'S66', 'S27', 'S117', 'S50', 'S37', 'S42', 'S26', 'S28', 'S38']
2022-07-24 20:00:03.353 | WARNING  | __main__:<cell line: 57>:72 - 0.564	0.556	0.364	0.44
2022-07-24 20:00:03.666 | DEBUG    | __main__:<cell line: 57>:107 - SHAP > 0	['S55', 'S58', 'S116', 'S22', 'S124', 'S12', 'S40', 'S14', 'S41', 'S63', 'S112', 'S78', 'S60', 'S44', 'S90', 'S73', 'S123', 'S61', 'S1', 'S27', 'S95', 'S8', 'S24', 'S37', 'S65', 'S115', 'S46', 'S35', 'S68', 'S74', 'S16', 'S122', 'S109']
2022-07-24 20:00:03.666 | DEBUG    | __main__:<cell line: 57>:108 - SHAP == 0	['S75', 'S86', 'S92', 'S7', 'S89', 'S88', 'S87', 'S81', 'S83', 'S72', 'S80', 'S94', 'S79', 'S77', 'S76', 'S20', 'S98', 'S96', 'S6', 'S3', 'S4', 'S120', 'S118', 'S5', 'S114', 'S113', 'S111', 'S97', 'S110', 'S108', 'S106', 'S101', 'S100', 'S99', 'S70', 'S71', 'S9', 'S45', 'S31', 'S39', 'S17', 'S43', 'S36', 'S47', 'S48', 'S49', 'S34', 'S51', 'S33', 'S52', 'S53', 'S18', 'S54', 'S10', 'S29', 'S57', 'S13', 'S11', 'S62', 'S2', 'S64', 'S25', 'S23']
2022-07-24 20:00:03.666 | DEBUG    | __main__:<cell line: 57>:109 - SHAP < 0	['S107', 'S42', 'S59', 'S85', 'S28', 'S93', 'S56', 'S104', 'S125', 'S30', 'S121', 'S102', 'S69', 'S32', 'S82', 'S19', 'S67', 'S91', 'S66', 'S21', 'S84', 'S50', 'S119', 'S105', 'S103', 'S15', 'S117', 'S26', 'S38']
2022-07-24 20:00:03.681 | WARNING  | __main__:<cell line: 57>:72 - 0.607	0.622	0.418	0.5
2022-07-24 20:00:04.009 | DEBUG    | __main__:<cell line: 57>:107 - SHAP > 0	['S124', 'S22', 'S55', 'S116', 'S123', 'S58', 'S12', 'S47', 'S78', 'S115', 'S91', 'S79', 'S44', 'S6', 'S85', 'S8', 'S41', 'S4', 'S95', 'S46', 'S57', 'S42', 'S68', 'S63', 'S35', 'S9', 'S121', 'S109', 'S119']
2022-07-24 20:00:04.009 | DEBUG    | __main__:<cell line: 57>:108 - SHAP == 0	['S76', 'S83', 'S81', 'S80', 'S113', 'S114', 'S77', 'S104', 'S111', 'S75', 'S120', 'S73', 'S72', 'S71', 'S70', 'S112', 'S110', 'S102', 'S86', 'S101', 'S100', 'S99', 'S98', 'S97', 'S96', 'S65', 'S94', 'S92', 'S106', 'S89', 'S88', 'S87', 'S107', 'S108', 'S66', 'S1', 'S64', 'S13', 'S25', 'S20', 'S29', 'S31', 'S19', 'S18', 'S34', 'S36', 'S17', 'S39', 'S40', 'S24', 'S45', 'S48', 'S23', 'S49', 'S11', 'S2', 'S5', 'S62', 'S7', 'S60', 'S59', 'S10', 'S54', 'S53', 'S52', 'S51']
2022-07-24 20:00:04.009 | DEBUG    | __main__:<cell line: 57>:109 - SHAP < 0	['S84', 'S21', 'S93', 'S28', 'S16', 'S103', 'S30', 'S118', 'S15', 'S14', 'S125', 'S61', 'S69', 'S33', 'S3', 'S32', 'S122', 'S74', 'S43', 'S50', 'S67', 'S105', 'S90', 'S82', 'S27', 'S37', 'S56', 'S26', 'S117', 'S38']
2022-07-24 20:00:04.025 | WARNING  | __main__:<cell line: 57>:72 - 0.607	0.605	0.473	0.531
2022-07-24 20:00:04.353 | DEBUG    | __main__:<cell line: 57>:107 - SHAP > 0	['S55', 'S116', 'S22', 'S124', 'S37', 'S12', 'S27', 'S15', 'S91', 'S109', 'S121', 'S1', 'S14', 'S123', 'S105', 'S112', 'S41', 'S65', 'S9', 'S122', 'S4', 'S63', 'S8', 'S46', 'S115', 'S43', 'S6', 'S85', 'S66', 'S89']
2022-07-24 20:00:04.353 | DEBUG    | __main__:<cell line: 57>:108 - SHAP == 0	['S69', 'S110', 'S83', 'S68', 'S111', 'S81', 'S78', 'S86', 'S75', 'S73', 'S72', 'S71', 'S70', 'S77', 'S23', 'S87', 'S106', 'S104', 'S107', 'S102', 'S101', 'S100', 'S99', 'S98', 'S97', 'S96', 'S108', 'S94', 'S92', 'S16', 'S11', 'S88', 'S17', 'S64', 'S2', 'S49', 'S62', 'S45', 'S19', 'S39', 'S118', 'S7', 'S36', 'S35', 'S34', 'S33', 'S31', 'S30', 'S29', 'S5', 'S25', 'S48', 'S47', 'S51', 'S18', 'S60', 'S10', 'S113', 'S57', 'S114', 'S52', 'S13', 'S54', 'S53']
2022-07-24 20:00:04.353 | DEBUG    | __main__:<cell line: 57>:109 - SHAP < 0	['S44', 'S3', 'S80', 'S93', 'S32', 'S42', 'S76', 'S61', 'S79', 'S24', 'S67', 'S125', 'S59', 'S95', 'S82', 'S40', 'S20', 'S21', 'S119', 'S74', 'S58', 'S50', 'S117', 'S120', 'S90', 'S103', 'S28', 'S84', 'S56', 'S26', 'S38']
2022-07-24 20:00:04.369 | WARNING  | __main__:<cell line: 57>:72 - 0.479	0.417	0.273	0.33
2022-07-24 20:00:04.681 | DEBUG    | __main__:<cell line: 57>:107 - SHAP > 0	['S55', 'S22', 'S116', 'S56', 'S12', 'S21', 'S15', 'S78', 'S3', 'S109', 'S42', 'S41', 'S8', 'S63', 'S44', 'S80', 'S65', 'S125', 'S43', 'S74', 'S4', 'S102', 'S46', 'S90', 'S61', 'S11']
2022-07-24 20:00:04.681 | DEBUG    | __main__:<cell line: 57>:108 - SHAP == 0	['S81', 'S89', 'S88', 'S87', 'S86', 'S83', 'S72', 'S6', 'S79', 'S76', 'S75', 'S20', 'S71', 'S70', 'S7', 'S92', 'S64', 'S94', 'S121', 'S113', 'S112', 'S111', 'S110', 'S108', 'S107', 'S106', 'S104', 'S103', 'S101', 'S100', 'S99', 'S98', 'S97', 'S96', 'S95', 'S68', 'S1', 'S2', 'S49', 'S18', 'S17', 'S23', 'S27', 'S29', 'S31', 'S34', 'S35', 'S36', 'S14', 'S13', 'S45', 'S47', 'S48', 'S39', 'S10', 'S51', 'S57', 'S62', 'S52', 'S53', 'S60', 'S54']
2022-07-24 20:00:04.681 | DEBUG    | __main__:<cell line: 57>:109 - SHAP < 0	['S33', 'S122', 'S91', 'S66', 'S124', 'S32', 'S9', 'S73', 'S5', 'S25', 'S93', 'S77', 'S85', 'S82', 'S19', 'S59', 'S30', 'S69', 'S114', 'S37', 'S58', 'S16', 'S67', 'S24', 'S118', 'S119', 'S105', 'S117', 'S115', 'S50', 'S120', 'S40', 'S28', 'S84', 'S123', 'S26', 'S38']
2022-07-24 20:00:04.697 | WARNING  | __main__:<cell line: 57>:72 - 0.612	0.636	0.389	0.483
2022-07-24 20:00:05.025 | DEBUG    | __main__:<cell line: 57>:107 - SHAP > 0	['S55', 'S118', 'S109', 'S124', 'S80', 'S57', 'S11', 'S78', 'S42', 'S22', 'S12', 'S74', 'S58', 'S112', 'S102', 'S107', 'S119', 'S23', 'S123', 'S24', 'S79', 'S32', 'S39', 'S65', 'S66', 'S91']
2022-07-24 20:00:05.025 | DEBUG    | __main__:<cell line: 57>:108 - SHAP == 0	['S103', 'S72', 'S110', 'S111', 'S113', 'S76', 'S114', 'S73', 'S71', 'S83', 'S120', 'S70', 'S121', 'S122', 'S68', 'S67', 'S81', 'S85', 'S101', 'S86', 'S100', 'S99', 'S98', 'S97', 'S96', 'S64', 'S95', 'S94', 'S92', 'S90', 'S89', 'S104', 'S88', 'S87', 'S108', 'S1', 'S63', 'S2', 'S18', 'S35', 'S62', 'S31', 'S30', 'S25', 'S20', 'S19', 'S17', 'S43', 'S13', 'S10', 'S9', 'S8', 'S7', 'S5', 'S4', 'S36', 'S33', 'S125', 'S49', 'S45', 'S54', 'S53', 'S52', 'S51', 'S59', 'S48']
2022-07-24 20:00:05.041 | DEBUG    | __main__:<cell line: 57>:109 - SHAP < 0	['S40', 'S3', 'S82', 'S60', 'S6', 'S69', 'S44', 'S77', 'S93', 'S115', 'S47', 'S106', 'S28', 'S61', 'S56', 'S21', 'S14', 'S46', 'S27', 'S116', 'S16', 'S15', 'S34', 'S41', 'S75', 'S84', 'S29', 'S50', 'S37', 'S38', 'S105', 'S26', 'S117']
2022-07-24 20:00:05.056 | WARNING  | __main__:<cell line: 57>:72 - 0.629	0.657	0.426	0.517
2022-07-24 20:00:05.385 | DEBUG    | __main__:<cell line: 57>:107 - SHAP > 0	['S55', 'S123', 'S22', 'S109', 'S124', 'S112', 'S84', 'S40', 'S58', 'S119', 'S8', 'S41', 'S27', 'S47', 'S57', 'S102', 'S79', 'S104', 'S106', 'S61', 'S1', 'S44', 'S115']
2022-07-24 20:00:05.385 | DEBUG    | __main__:<cell line: 57>:108 - SHAP == 0	['S83', 'S2', 'S81', 'S64', 'S85', 'S71', 'S67', 'S76', 'S68', 'S73', 'S72', 'S70', 'S77', 'S94', 'S86', 'S87', 'S121', 'S120', 'S114', 'S113', 'S111', 'S110', 'S108', 'S107', 'S103', 'S101', 'S100', 'S99', 'S98', 'S97', 'S95', 'S93', 'S92', 'S89', 'S88', 'S62', 'S63', 'S31', 'S36', 'S34', 'S33', 'S59', 'S30', 'S23', 'S20', 'S19', 'S18', 'S17', 'S16', 'S14', 'S13', 'S11', 'S10', 'S7', 'S6', 'S5', 'S4', 'S3', 'S35', 'S125', 'S45', 'S49', 'S51', 'S46', 'S53', 'S52', 'S54', 'S48', 'S39']
2022-07-24 20:00:05.385 | DEBUG    | __main__:<cell line: 57>:109 - SHAP < 0	['S78', 'S42', 'S9', 'S12', 'S24', 'S96', 'S91', 'S32', 'S80', 'S66', 'S117', 'S37', 'S21', 'S43', 'S75', 'S60', 'S122', 'S90', 'S69', 'S65', 'S82', 'S74', 'S25', 'S118', 'S50', 'S29', 'S38', 'S15', 'S56', 'S28', 'S116', 'S26', 'S105']
2022-07-24 20:00:05.400 | WARNING  | __main__:<cell line: 120>:120 - 均值：	0.662	0.654	0.588	0.61
2022-07-24 20:00:22.948 | INFO     | __main__:<cell line: 4>:18 - 不进行特征选择
2022-07-24 20:00:22.964 | INFO     | __main__:<cell line: 33>:49 - 使用 SMOTETomek 混合采样
2022-07-24 20:00:22.995 | INFO     | __main__:<cell line: 54>:54 - 采样前[(0, 621), (1, 547)],采样后[(0, 608), (1, 608)]
2022-07-24 20:00:30.096 | WARNING  | __main__:<cell line: 44>:59 - 0.623	0.627	0.607	0.617
2022-07-24 20:00:30.409 | DEBUG    | __main__:<cell line: 44>:94 - SHAP > 0	['气喘', '心悸', '神疲', '气短', '目眩', '红', '恶心呕吐', '脉弦', '纳呆', '口渴欲饮', '脉弱', '脉细', '不能平卧', '脉数', '少', '烦躁', '脉缓', '淡红', '心烦', '脉结', '形体消瘦', '咳嗽', '胖大', '脉滑', '头晕']
2022-07-24 20:00:30.424 | DEBUG    | __main__:<cell line: 44>:95 - SHAP == 0	['老', '枯', '荣', '瘀点瘀斑', '口舌生疮', '便秘', '青', '语骞', '淡白', '尿赤', '尖红', '绛', '尿血', '嫩', '失语', '舌衄', '痿软', '齿痕', '肿胀', '脉涩', '脉迟', '脉沉', '无', '剥落', '腐', '燥', '腻', '滑', '润', '厚', '灰黑', '短缩', '颤动', '歪斜', '强硬', '盗汗', '舌干少津', '点刺', '口咽干燥', '面色淡白', '白痰', '胸部掣痛', '咯血', '血痰', '喉中痰鸣', '胸闷', '心胸窒闷', '怔忡', '胸部胀痛', '心前区绞痛', '胸部剧痛', '多梦', '全身浮肿', '下肢浮肿', '面部浮肿', '目赤', '两颧潮红', '面色青紫', '面色红赤', '面色萎黄', '少气懒言', '五心烦热', '癫', '痴呆', '健忘', '无汗', '神昏', '潮热', '发热', '恶寒', '腹胀', '谵语', '痫', '肢冷', '狂']
2022-07-24 20:00:30.424 | DEBUG    | __main__:<cell line: 44>:96 - SHAP < 0	['裂纹', '嗜睡', '头部刺痛', '面色苍白', '紫暗', '面色恍白', '脉代', '自汗', '瘦薄', '乏力', '口唇淡白', '薄', '畏寒', '胸部刺痛', '口唇指甲紫绀', '白', '黄', '胸部隐痛', '腹泻', '昏迷', '咯痰', '胸部闷痛', '失眠', '动则尤甚', '大汗']
2022-07-24 20:00:30.502 | WARNING  | __main__:<cell line: 44>:59 - 0.598	0.615	0.525	0.566
2022-07-24 20:00:30.815 | DEBUG    | __main__:<cell line: 44>:94 - SHAP > 0	['心悸', '头部刺痛', '恶心呕吐', '乏力', '口渴欲饮', '脉弦', '纳呆', '淡红', '黄', '形体消瘦', '裂纹', '面色恍白', '自汗', '目赤', '目眩', '少气懒言', '脉滑', '气喘', '大汗', '脉迟', '齿痕', '尿血', '胸部刺痛']
2022-07-24 20:00:30.815 | DEBUG    | __main__:<cell line: 44>:95 - SHAP == 0	['口咽干燥', '枯', '荣', '瘀点瘀斑', '盗汗', '青', '淡白', '腹泻', '口舌生疮', '尖红', '绛', '舌衄', '失语', '语骞', '尿赤', '便秘', '面色淡白', '老', '润', '脉沉', '脉数', '脉结', '无', '剥落', '少', '腐', '燥', '腻', '滑', '厚', '嫩', '灰黑', '白', '短缩', '颤动', '歪斜', '强硬', '痿软', '点刺', '肿胀', '胖大', '瘦薄', '五心烦热', '无汗', '胸部掣痛', '白痰', '咳嗽', '喉中痰鸣', '潮热', '不能平卧', '胸闷', '怔忡', '胸部胀痛', '胸部剧痛', '神疲', '全身浮肿', '下肢浮肿', '面部浮肿', '两颧潮红', '面色青紫', '面色红赤', '面色萎黄', '面色苍白', '咯血', '脉缓', '腹胀', '痫', '恶寒', '多梦', '狂', '嗜睡', '癫', '健忘', '神昏', '发热', '烦躁', '痴呆', '肢冷', '谵语']
2022-07-24 20:00:30.815 | DEBUG    | __main__:<cell line: 44>:96 - SHAP < 0	['动则尤甚', '胸部隐痛', '口唇淡白', '咯痰', '红', '舌干少津', '口唇指甲紫绀', '心烦', '脉涩', '薄', '失眠', '心胸窒闷', '血痰', '昏迷', '畏寒', '脉弱', '头晕', '心前区绞痛', '气短', '紫暗', '脉代', '胸部闷痛', '脉细']
2022-07-24 20:00:30.830 | WARNING  | __main__:<cell line: 44>:59 - 0.615	0.621	0.59	0.605
2022-07-24 20:00:31.143 | DEBUG    | __main__:<cell line: 44>:94 - SHAP > 0	['心悸', '纳呆', '红', '气喘', '脉细', '脉涩', '恶心呕吐', '头部刺痛', '烦躁', '裂纹', '脉迟', '多梦', '不能平卧', '尿血', '脉弱', '胸部刺痛']
2022-07-24 20:00:31.143 | DEBUG    | __main__:<cell line: 44>:95 - SHAP == 0	['尖红', '面色淡白', '淡白', '绛', '荣', '枯', '青', '便秘', '失语', '语骞', '嫩', '尿赤', '舌衄', '口舌生疮', '口咽干燥', '盗汗', '自汗', '老', '点刺', '胖大', '灰黑', '脉沉', '无', '剥落', '少', '腐', '燥', '腻', '滑', '润', '厚', '黄', '齿痕', '白', '短缩', '颤动', '歪斜', '强硬', '痿软', '舌干少津', '潮热', '瘦薄', '肿胀', '无汗', '五心烦热', '畏寒', '少气懒言', '咯血', '血痰', '白痰', '咳嗽', '胸闷', '心胸窒闷', '怔忡', '胸部胀痛', '心前区绞痛', '胸部掣痛', '胸部剧痛', '全身浮肿', '下肢浮肿', '面部浮肿', '口唇淡白', '目赤', '两颧潮红', '面色青紫', '面色红赤', '面色萎黄', '面色苍白', '神疲', '喉中痰鸣', '肢冷', '神昏', '发热', '恶寒', '腹胀', '痫', '狂', '癫', '嗜睡', '健忘', '痴呆', '谵语']
2022-07-24 20:00:31.143 | DEBUG    | __main__:<cell line: 44>:96 - SHAP < 0	['薄', '失眠', '目眩', '脉缓', '气短', '形体消瘦', '头晕', '瘀点瘀斑', '面色恍白', '心烦', '脉结', '咯痰', '口唇指甲紫绀', '脉数', '脉滑', '胸部隐痛', '脉弦', '腹泻', '胸部闷痛', '大汗', '口渴欲饮', '动则尤甚', '昏迷', '淡红', '脉代', '乏力', '紫暗']
2022-07-24 20:00:31.205 | WARNING  | __main__:<cell line: 44>:59 - 0.59	0.604	0.525	0.561
2022-07-24 20:00:31.518 | DEBUG    | __main__:<cell line: 44>:94 - SHAP > 0	['心悸', '头部刺痛', '纳呆', '气喘', '裂纹', '自汗', '脉数', '薄', '失眠', '动则尤甚', '脉弦', '口唇指甲紫绀', '头晕', '紫暗', '淡红', '口唇淡白', '舌干少津', '胸部掣痛', '目眩', '脉滑']
2022-07-24 20:00:31.518 | DEBUG    | __main__:<cell line: 44>:95 - SHAP == 0	['语骞', '口舌生疮', '盗汗', '嫩', '老', '枯', '口咽干燥', '瘀点瘀斑', '荣', '尿赤', '青', '淡白', '舌衄', '尖红', '胖大', '失语', '绛', '面色淡白', '齿痕', '润', '脉迟', '脉沉', '脉结', '无', '剥落', '少', '腐', '燥', '腻', '滑', '厚', '肿胀', '灰黑', '黄', '白', '短缩', '颤动', '歪斜', '强硬', '无汗', '点刺', '瘦薄', '痿软', '五心烦热', '脉缓', '胸闷', '全身浮肿', '神昏', '健忘', '胸部剧痛', '多梦', '少气懒言', '心前区绞痛', '胸部胀痛', '咯血', '血痰', '面色恍白', '咯痰', '怔忡', '喉中痰鸣', '不能平卧', '谵语', '肢冷', '下肢浮肿', '面色红赤', '潮热', '面色苍白', '面色萎黄', '发热', '恶寒', '腹胀', '面色青紫', '痴呆', '两颧潮红', '目赤', '痫', '狂', '面部浮肿', '癫', '心胸窒闷']
2022-07-24 20:00:31.534 | DEBUG    | __main__:<cell line: 44>:96 - SHAP < 0	['白痰', '尿血', '形体消瘦', '嗜睡', '心烦', '咳嗽', '红', '腹泻', '烦躁', '胸部刺痛', '脉涩', '畏寒', '大汗', '胸部隐痛', '神疲', '便秘', '口渴欲饮', '气短', '昏迷', '脉代', '胸部闷痛', '脉弱', '恶心呕吐', '乏力', '脉细']
2022-07-24 20:00:31.549 | WARNING  | __main__:<cell line: 44>:59 - 0.656	0.679	0.59	0.632
2022-07-24 20:00:31.955 | DEBUG    | __main__:<cell line: 44>:94 - SHAP > 0	['脉代', '心悸', '纳呆', '头部刺痛', '气短', '恶心呕吐', '红', '少', '胖大', '口渴欲饮', '烦躁', '头晕', '神疲', '心烦', '形体消瘦', '气喘', '淡红', '胸部闷痛', '脉涩', '脉数', '大汗']
2022-07-24 20:00:31.955 | DEBUG    | __main__:<cell line: 44>:95 - SHAP == 0	['瘀点瘀斑', '绛', '荣', '青', '淡白', '尖红', '面色淡白', '失语', '枯', '腹泻', '便秘', '尿血', '尿赤', '舌衄', '口舌生疮', '口咽干燥', '语骞', '点刺', '老', '嫩', '脉迟', '脉沉', '无', '剥落', '腐', '燥', '腻', '滑', '润', '厚', '薄', '灰黑', '白', '短缩', '颤动', '歪斜', '强硬', '痿软', '裂纹', '瘦薄', '肿胀', '盗汗', '五心烦热', '无汗', '少气懒言', '血痰', '白痰', '咯痰', '咳嗽', '不能平卧', '胸闷', '怔忡', '胸部胀痛', '胸部掣痛', '胸部剧痛', '全身浮肿', '下肢浮肿', '面部浮肿', '口唇淡白', '目赤', '两颧潮红', '面色青紫', '面色红赤', '面色萎黄', '咯血', '喉中痰鸣', '痴呆', '神昏', '痫', '狂', '癫', '发热', '肢冷', '畏寒', '潮热', '谵语', '腹胀', '健忘', '嗜睡', '面色恍白']
2022-07-24 20:00:31.955 | DEBUG    | __main__:<cell line: 44>:96 - SHAP < 0	['自汗', '齿痕', '舌干少津', '心胸窒闷', '恶寒', '口唇指甲紫绀', '脉弱', '胸部刺痛', '多梦', '面色苍白', '动则尤甚', '乏力', '目眩', '脉缓', '胸部隐痛', '心前区绞痛', '脉滑', '失眠', '黄', '昏迷', '紫暗', '脉弦', '脉结', '脉细']
2022-07-24 20:00:32.034 | WARNING  | __main__:<cell line: 44>:59 - 0.607	0.627	0.525	0.571
2022-07-24 20:00:32.346 | DEBUG    | __main__:<cell line: 44>:94 - SHAP > 0	['心悸', '头部刺痛', '脉滑', '气短', '黄', '恶心呕吐', '少', '脉弦', '胸部隐痛', '多梦', '白', '便秘', '口唇指甲紫绀', '嗜睡', '形体消瘦', '口渴欲饮', '白痰', '心烦']
2022-07-24 20:00:32.346 | DEBUG    | __main__:<cell line: 44>:95 - SHAP == 0	['尖红', '淡白', '青', '荣', '枯', '面色淡白', '语骞', '绛', '失语', '嫩', '腹泻', '尿血', '尿赤', '舌衄', '口舌生疮', '口咽干燥', '盗汗', '老', '强硬', '齿痕', '肿胀', '脉涩', '脉迟', '脉沉', '脉数', '脉结', '无', '剥落', '腐', '燥', '腻', '滑', '润', '厚', '灰黑', '短缩', '颤动', '歪斜', '面色恍白', '痿软', '舌干少津', '点刺', '无汗', '五心烦热', '潮热', '胸部剧痛', '少气懒言', '咯血', '喉中痰鸣', '不能平卧', '胸闷', '心胸窒闷', '怔忡', '胸部胀痛', '胸部掣痛', '胸部闷痛', '目眩', '全身浮肿', '下肢浮肿', '面部浮肿', '口唇淡白', '目赤', '两颧潮红', '面色青紫', '面色红赤', '面色萎黄', '头晕', '血痰', '谵语', '发热', '恶寒', '腹胀', '痫', '狂', '癫', '健忘', '神昏', '痴呆', '肢冷']
2022-07-24 20:00:32.346 | DEBUG    | __main__:<cell line: 44>:96 - SHAP < 0	['裂纹', '面色苍白', '红', '神疲', '瘀点瘀斑', '烦躁', '瘦薄', '胸部刺痛', '紫暗', '心前区绞痛', '薄', '脉缓', '咯痰', '失眠', '气喘', '胖大', '淡红', '脉弱', '纳呆', '畏寒', '动则尤甚', '自汗', '大汗', '昏迷', '咳嗽', '脉代', '乏力', '脉细']
2022-07-24 20:00:32.377 | WARNING  | __main__:<cell line: 44>:59 - 0.62	0.621	0.6	0.61
2022-07-24 20:00:32.690 | DEBUG    | __main__:<cell line: 44>:94 - SHAP > 0	['心悸', '乏力', '脉细', '恶心呕吐', '脉代', '气短', '气喘', '淡红', '少', '头部刺痛', '目眩', '面色淡白', '自汗', '脉沉', '目赤', '纳呆', '发热', '脉涩', '脉数', '瘀点瘀斑', '神疲', '心前区绞痛', '齿痕', '昏迷', '黄', '白痰', '灰黑', '心烦']
2022-07-24 20:00:32.705 | DEBUG    | __main__:<cell line: 44>:95 - SHAP == 0	['绛', '剥落', '失语', '语骞', '尿赤', '腹泻', '淡白', '舌衄', '口舌生疮', '口咽干燥', '无', '脉迟', '无汗', '尖红', '荣', '青', '舌干少津', '短缩', '颤动', '歪斜', '强硬', '痿软', '厚', '滑', '腐', '点刺', '潮热', '肿胀', '老', '枯', '燥', '瘦薄', '五心烦热', '脉缓', '多梦', '头晕', '全身浮肿', '咯血', '血痰', '咯痰', '咳嗽', '喉中痰鸣', '面色青紫', '两颧潮红', '口唇淡白', '心胸窒闷', '怔忡', '面部浮肿', '胸部胀痛', '胸部掣痛', '胸部剧痛', '胸部闷痛', '面色红赤', '少气懒言', '癫', '狂', '健忘', '神昏', '烦躁', '恶寒', '谵语', '肢冷', '面色苍白', '腹胀', '痫', '痴呆', '嗜睡']
2022-07-24 20:00:32.705 | DEBUG    | __main__:<cell line: 44>:96 - SHAP < 0	['胸部刺痛', '红', '形体消瘦', '面色恍白', '润', '嫩', '面色萎黄', '白', '盗汗', '口渴欲饮', '腻', '下肢浮肿', '脉弦', '大汗', '胖大', '畏寒', '尿血', '便秘', '脉结', '不能平卧', '口唇指甲紫绀', '薄', '胸部隐痛', '脉滑', '失眠', '紫暗', '裂纹', '动则尤甚', '胸闷', '脉弱']
2022-07-24 20:00:32.737 | WARNING  | __main__:<cell line: 44>:59 - 0.579	0.574	0.583	0.579
2022-07-24 20:00:33.049 | DEBUG    | __main__:<cell line: 44>:94 - SHAP > 0	['白', '头部刺痛', '气喘', '脉细', '气短', '胸部闷痛', '脉弦', '脉滑', '脉代', '下肢浮肿', '纳呆', '面色苍白', '少', '动则尤甚', '紫暗', '脉涩', '乏力', '裂纹', '神昏', '不能平卧']
2022-07-24 20:00:33.049 | DEBUG    | __main__:<cell line: 44>:95 - SHAP == 0	['短缩', '舌衄', '绛', '失语', '语骞', '腹泻', '无', '尿血', '尿赤', '口舌生疮', '颤动', '口咽干燥', '盗汗', '无汗', '面色恍白', '脉迟', '潮热', '畏寒', '尖红', '剥落', '荣', '腐', '歪斜', '强硬', '痿软', '舌干少津', '厚', '润', '滑', '发热', '燥', '点刺', '肿胀', '胖大', '嫩', '老', '枯', '面色淡白', '五心烦热', '恶寒', '多梦', '喉中痰鸣', '白痰', '血痰', '咯血', '心胸窒闷', '少气懒言', '心烦', '怔忡', '胸部胀痛', '心前区绞痛', '胸部掣痛', '胸部剧痛', '全身浮肿', '面部浮肿', '嗜睡', '咳嗽', '健忘', '目赤', '烦躁', '谵语', '肢冷', '昏迷', '两颧潮红', '痴呆', '癫', '面色青紫', '面色红赤', '狂', '痫', '面色萎黄', '咯痰']
2022-07-24 20:00:33.049 | DEBUG    | __main__:<cell line: 44>:96 - SHAP < 0	['脉缓', '脉数', '大汗', '胸部刺痛', '头晕', '青', '口唇指甲紫绀', '灰黑', '腹胀', '瘦薄', '淡白', '瘀点瘀斑', '胸闷', '红', '目眩', '口唇淡白', '胸部隐痛', '口渴欲饮', '黄', '齿痕', '脉弱', '脉沉', '自汗', '脉结', '心悸', '形体消瘦', '神疲', '便秘', '腻', '薄', '淡红', '失眠', '恶心呕吐']
2022-07-24 20:00:33.080 | WARNING  | __main__:<cell line: 44>:59 - 0.554	0.566	0.492	0.526
2022-07-24 20:00:33.393 | DEBUG    | __main__:<cell line: 44>:94 - SHAP > 0	['心悸', '头部刺痛', '薄', '脉弦', '恶心呕吐', '脉滑', '脉细', '神疲', '脉弱', '自汗', '胸部刺痛', '少', '目赤', '纳呆', '面色淡白', '脉数', '乏力', '目眩', '头晕', '淡白', '面色苍白', '心烦', '心胸窒闷', '黄', '大汗', '裂纹']
2022-07-24 20:00:33.393 | DEBUG    | __main__:<cell line: 44>:95 - SHAP == 0	['青', '语骞', '荣', '枯', '尖红', '绛', '尿赤', '腹泻', '嫩', '脉迟', '脉涩', '舌衄', '口舌生疮', '口渴欲饮', '口咽干燥', '盗汗', '老', '剥落', '胖大', '短缩', '燥', '腻', '滑', '润', '无', '厚', '灰黑', '颤动', '肿胀', '歪斜', '痿软', '舌干少津', '点刺', '脉沉', '瘦薄', '腐', '强硬', '五心烦热', '无汗', '健忘', '多梦', '少气懒言', '咯血', '白痰', '咯痰', '咳嗽', '喉中痰鸣', '怔忡', '胸部胀痛', '心前区绞痛', '胸部掣痛', '胸部剧痛', '形体消瘦', '全身浮肿', '面部浮肿', '两颧潮红', '面色青紫', '面色红赤', '面色萎黄', '嗜睡', '血痰', '神昏', '痴呆', '潮热', '发热', '恶寒', '腹胀', '痫', '狂', '癫', '烦躁', '脉缓', '肢冷', '谵语']
2022-07-24 20:00:33.409 | DEBUG    | __main__:<cell line: 44>:96 - SHAP < 0	['下肢浮肿', '气短', '齿痕', '尿血', '脉结', '胸部隐痛', '白', '面色恍白', '紫暗', '不能平卧', '昏迷', '口唇淡白', '口唇指甲紫绀', '畏寒', '脉代', '失语', '瘀点瘀斑', '气喘', '红', '淡红', '便秘', '动则尤甚', '胸部闷痛', '失眠', '胸闷']
2022-07-24 20:00:33.424 | WARNING  | __main__:<cell line: 44>:59 - 0.612	0.63	0.557	0.591
2022-07-24 20:00:33.737 | DEBUG    | __main__:<cell line: 44>:94 - SHAP > 0	['纳呆', '心悸', '神疲', '脉细', '目眩', '脉结', '口渴欲饮', '胸闷', '腹胀', '白', '胸部闷痛', '脉滑', '黄', '形体消瘦', '厚', '淡红', '心胸窒闷', '盗汗', '脉迟', '脉涩', '脉弱', '气喘', '便秘', '咳嗽', '裂纹', '乏力', '胸部刺痛', '畏寒']
2022-07-24 20:00:33.737 | DEBUG    | __main__:<cell line: 44>:95 - SHAP == 0	['歪斜', '尿血', '滑', '失语', '语骞', '腹泻', '燥', '尿赤', '绛', '舌衄', '口舌生疮', '腐', '剥落', '无', '口咽干燥', '红', '青', '尖红', '瘦薄', '强硬', '痿软', '短缩', '舌干少津', '无汗', '点刺', '肿胀', '颤动', '胖大', '润', '嫩', '老', '枯', '荣', '面色淡白', '五心烦热', '喉中痰鸣', '少气懒言', '血痰', '白痰', '咯痰', '动则尤甚', '心烦', '怔忡', '胸部胀痛', '心前区绞痛', '胸部掣痛', '胸部剧痛', '全身浮肿', '面部浮肿', '口唇淡白', '目赤', '两颧潮红', '面色青紫', '面色红赤', '面色萎黄', '面色苍白', '咯血', '脉缓', '昏迷', '健忘', '谵语', '痴呆', '烦躁', '神昏', '癫', '狂', '痫', '嗜睡', '恶寒', '潮热', '多梦', '肢冷']
2022-07-24 20:00:33.737 | DEBUG    | __main__:<cell line: 44>:96 - SHAP < 0	['齿痕', '不能平卧', '灰黑', '面色恍白', '口唇指甲紫绀', '发热', '淡白', '大汗', '脉沉', '气短', '瘀点瘀斑', '薄', '胸部隐痛', '脉数', '少', '头晕', '脉代', '自汗', '下肢浮肿', '腻', '恶心呕吐', '失眠', '紫暗', '脉弦', '头部刺痛']
2022-07-24 20:00:33.737 | WARNING  | __main__:<cell line: 107>:107 - 均值：	0.605	0.616	0.559	0.586
2022-07-24 20:05:51.444 | INFO     | __main__:<cell line: 4>:18 - 不进行特征选择
2022-07-24 20:05:51.460 | INFO     | __main__:<cell line: 33>:49 - 使用 SMOTETomek 混合采样
2022-07-24 20:05:51.475 | INFO     | __main__:<cell line: 54>:54 - 采样前[(0, 547), (1, 184)],采样后[(0, 535), (1, 535)]
2022-07-24 20:05:55.194 | WARNING  | __main__:<cell line: 83>:98 - 0.794	0.83	0.736	0.78
2022-07-24 20:05:55.538 | WARNING  | __main__:<cell line: 83>:98 - 0.738	0.727	0.755	0.741
2022-07-24 20:05:55.897 | WARNING  | __main__:<cell line: 83>:98 - 0.748	0.703	0.849	0.769
2022-07-24 20:05:56.257 | WARNING  | __main__:<cell line: 83>:98 - 0.738	0.755	0.698	0.725
2022-07-24 20:05:56.616 | WARNING  | __main__:<cell line: 83>:98 - 0.729	0.761	0.66	0.707
2022-07-24 20:05:56.991 | WARNING  | __main__:<cell line: 83>:98 - 0.785	0.782	0.796	0.789
2022-07-24 20:05:57.335 | WARNING  | __main__:<cell line: 83>:98 - 0.682	0.639	0.852	0.73
2022-07-24 20:05:57.710 | WARNING  | __main__:<cell line: 83>:98 - 0.738	0.71	0.815	0.759
2022-07-24 20:05:58.022 | WARNING  | __main__:<cell line: 83>:98 - 0.776	0.788	0.759	0.774
2022-07-24 20:05:58.460 | WARNING  | __main__:<cell line: 83>:98 - 0.692	0.684	0.722	0.703
2022-07-24 20:05:58.772 | WARNING  | __main__:<cell line: 103>:103 - 均值：	0.742	0.738	0.764	0.748
2022-07-24 20:11:45.050 | INFO     | __main__:<cell line: 5>:19 - 不进行特征选择
2022-07-24 20:11:45.081 | INFO     | __main__:<cell line: 34>:50 - 使用 SMOTETomek 混合采样
2022-07-24 20:11:45.112 | INFO     | __main__:<cell line: 55>:55 - 采样前[(0, 621), (1, 547)],采样后[(0, 608), (1, 608)]
2022-07-24 20:11:48.925 | WARNING  | __main__:<cell line: 93>:108 - 0.631	0.633	0.623	0.628
2022-07-24 20:11:49.268 | WARNING  | __main__:<cell line: 93>:108 - 0.59	0.612	0.492	0.545
2022-07-24 20:11:49.612 | WARNING  | __main__:<cell line: 93>:108 - 0.623	0.632	0.59	0.61
2022-07-24 20:11:49.972 | WARNING  | __main__:<cell line: 93>:108 - 0.566	0.58	0.475	0.523
2022-07-24 20:11:50.300 | WARNING  | __main__:<cell line: 93>:108 - 0.68	0.712	0.607	0.655
2022-07-24 20:11:50.597 | WARNING  | __main__:<cell line: 93>:108 - 0.623	0.647	0.541	0.589
2022-07-24 20:11:51.003 | WARNING  | __main__:<cell line: 93>:108 - 0.603	0.62	0.517	0.564
2022-07-24 20:11:51.331 | WARNING  | __main__:<cell line: 93>:108 - 0.521	0.519	0.467	0.491
2022-07-24 20:11:51.659 | WARNING  | __main__:<cell line: 93>:108 - 0.57	0.615	0.393	0.48
2022-07-24 20:11:51.987 | WARNING  | __main__:<cell line: 93>:108 - 0.595	0.625	0.492	0.55
2022-07-24 20:11:52.253 | WARNING  | __main__:<cell line: 113>:113 - 均值：	0.6	0.619	0.52	0.564
2022-07-24 20:13:02.946 | INFO     | __main__:<cell line: 5>:19 - 不进行特征选择
2022-07-24 20:13:02.962 | INFO     | __main__:<cell line: 34>:50 - 使用 SMOTETomek 混合采样
2022-07-24 20:13:03.087 | INFO     | __main__:<cell line: 55>:55 - 采样前[(0, 621), (1, 547)],采样后[(0, 608), (1, 608)]
2022-07-24 20:13:06.801 | WARNING  | __main__:<cell line: 84>:84 - {'lambda': 0.0040979081105648844, 'alpha': 1.0232604667853587e-08, 'subsample': 0.2664520970758718, 'colsample_bytree': 0.832458901806944, 'max_depth': 7, 'min_child_weight': 3, 'eta': 0.00010247490571507069, 'gamma': 0.013335832086824456, 'grow_policy': 'depthwise'}
2022-07-24 20:13:06.832 | WARNING  | __main__:<cell line: 85>:100 - 0.598	0.603	0.574	0.588
2022-07-24 20:13:07.207 | WARNING  | __main__:<cell line: 85>:100 - 0.574	0.582	0.525	0.552
2022-07-24 20:13:07.582 | WARNING  | __main__:<cell line: 85>:100 - 0.549	0.545	0.59	0.567
2022-07-24 20:13:07.942 | WARNING  | __main__:<cell line: 85>:100 - 0.533	0.532	0.541	0.537
2022-07-24 20:13:08.317 | WARNING  | __main__:<cell line: 85>:100 - 0.59	0.593	0.574	0.583
2022-07-24 20:13:08.676 | WARNING  | __main__:<cell line: 85>:100 - 0.557	0.564	0.508	0.534
2022-07-24 20:13:09.004 | WARNING  | __main__:<cell line: 85>:100 - 0.57	0.565	0.583	0.574
2022-07-24 20:13:09.379 | WARNING  | __main__:<cell line: 85>:100 - 0.587	0.593	0.533	0.561
2022-07-24 20:13:09.739 | WARNING  | __main__:<cell line: 85>:100 - 0.562	0.569	0.541	0.555
2022-07-24 20:13:10.176 | WARNING  | __main__:<cell line: 85>:100 - 0.595	0.603	0.574	0.588
2022-07-24 20:13:10.520 | WARNING  | __main__:<cell line: 105>:105 - 均值：	0.572	0.575	0.554	0.564
2022-07-24 20:23:18.932 | INFO     | __main__:<cell line: 5>:19 - 不进行特征选择
2022-07-24 20:23:18.948 | INFO     | __main__:<cell line: 34>:50 - 使用 SMOTETomek 混合采样
2022-07-24 20:23:18.995 | INFO     | __main__:<cell line: 55>:55 - 采样前[(0, 621), (1, 184)],采样后[(0, 610), (1, 610)]
2022-07-24 20:23:22.948 | WARNING  | __main__:<cell line: 84>:99 - 0.73	0.671	0.902	0.769
2022-07-24 20:23:23.292 | WARNING  | __main__:<cell line: 84>:99 - 0.82	0.791	0.869	0.828
2022-07-24 20:23:23.667 | WARNING  | __main__:<cell line: 84>:99 - 0.73	0.7	0.803	0.748
2022-07-24 20:23:24.010 | WARNING  | __main__:<cell line: 84>:99 - 0.738	0.73	0.754	0.742
2022-07-24 20:23:24.354 | WARNING  | __main__:<cell line: 84>:99 - 0.648	0.625	0.738	0.677
2022-07-24 20:23:24.713 | WARNING  | __main__:<cell line: 84>:99 - 0.713	0.686	0.787	0.733
2022-07-24 20:23:25.167 | WARNING  | __main__:<cell line: 84>:99 - 0.705	0.671	0.803	0.731
2022-07-24 20:23:25.542 | WARNING  | __main__:<cell line: 84>:99 - 0.803	0.794	0.82	0.806
2022-07-24 20:23:25.885 | WARNING  | __main__:<cell line: 84>:99 - 0.648	0.629	0.721	0.672
2022-07-24 20:23:26.276 | WARNING  | __main__:<cell line: 84>:99 - 0.721	0.737	0.689	0.712
2022-07-24 20:23:26.604 | WARNING  | __main__:<cell line: 104>:104 - 均值：	0.725	0.703	0.789	0.742
2022-07-24 20:26:27.618 | INFO     | __main__:<cell line: 5>:19 - 不进行特征选择
2022-07-24 20:26:27.634 | INFO     | __main__:<cell line: 34>:50 - 使用 SMOTETomek 混合采样
2022-07-24 20:26:27.743 | INFO     | __main__:<cell line: 55>:55 - 采样前[(0, 121), (1, 621)],采样后[(0, 613), (1, 613)]
2022-07-24 20:26:31.727 | WARNING  | __main__:<cell line: 84>:99 - 0.797	0.86	0.705	0.775
2022-07-24 20:26:32.134 | WARNING  | __main__:<cell line: 84>:99 - 0.821	0.82	0.82	0.82
2022-07-24 20:26:32.493 | WARNING  | __main__:<cell line: 84>:99 - 0.764	0.776	0.738	0.756
2022-07-24 20:26:32.899 | WARNING  | __main__:<cell line: 84>:99 - 0.78	0.787	0.774	0.78
2022-07-24 20:26:33.305 | WARNING  | __main__:<cell line: 84>:99 - 0.846	0.906	0.774	0.835
2022-07-24 20:26:33.712 | WARNING  | __main__:<cell line: 84>:99 - 0.805	0.865	0.726	0.789
2022-07-24 20:26:34.134 | WARNING  | __main__:<cell line: 84>:99 - 0.803	0.825	0.77	0.797
2022-07-24 20:26:34.509 | WARNING  | __main__:<cell line: 84>:99 - 0.803	0.825	0.77	0.797
2022-07-24 20:26:34.946 | WARNING  | __main__:<cell line: 84>:99 - 0.82	0.831	0.803	0.817
2022-07-24 20:26:35.399 | WARNING  | __main__:<cell line: 84>:99 - 0.787	0.807	0.754	0.78
2022-07-24 20:26:35.743 | WARNING  | __main__:<cell line: 104>:104 - 均值：	0.803	0.83	0.763	0.795
2022-07-24 20:41:36.496 | INFO     | __main__:<cell line: 6>:6 - 使用 卡方检验 进行特诊筛选
2022-07-24 20:41:36.527 | INFO     | __main__:<cell line: 34>:50 - 使用 SMOTETomek 混合采样
2022-07-24 20:41:36.527 | INFO     | __main__:<cell line: 55>:55 - 采样前[(0, 184), (1, 121)],采样后[(0, 176), (1, 176)]
2022-07-24 20:41:39.824 | WARNING  | __main__:<cell line: 84>:99 - 0.667	0.636	0.778	0.7
2022-07-24 20:41:40.105 | WARNING  | __main__:<cell line: 84>:99 - 0.75	0.714	0.833	0.769
2022-07-24 20:41:40.402 | WARNING  | __main__:<cell line: 84>:99 - 0.714	0.652	0.882	0.75
2022-07-24 20:41:40.714 | WARNING  | __main__:<cell line: 84>:99 - 0.714	0.684	0.765	0.722
2022-07-24 20:41:41.011 | WARNING  | __main__:<cell line: 84>:99 - 0.657	0.632	0.706	0.667
2022-07-24 20:41:41.355 | WARNING  | __main__:<cell line: 84>:99 - 0.743	0.7	0.824	0.757
2022-07-24 20:41:41.761 | WARNING  | __main__:<cell line: 84>:99 - 0.514	0.538	0.389	0.452
2022-07-24 20:41:42.074 | WARNING  | __main__:<cell line: 84>:99 - 0.771	0.812	0.722	0.765
2022-07-24 20:41:42.386 | WARNING  | __main__:<cell line: 84>:99 - 0.629	0.692	0.5	0.581
2022-07-24 20:41:42.699 | WARNING  | __main__:<cell line: 84>:99 - 0.8	0.923	0.667	0.774
2022-07-24 20:41:42.980 | WARNING  | __main__:<cell line: 104>:104 - 均值：	0.696	0.698	0.707	0.694
2022-07-24 20:42:01.482 | INFO     | __main__:<cell line: 6>:6 - 使用 卡方检验 进行特诊筛选
2022-07-24 20:42:01.498 | INFO     | __main__:<cell line: 34>:50 - 使用 SMOTETomek 混合采样
2022-07-24 20:42:01.498 | INFO     | __main__:<cell line: 55>:55 - 采样前[(0, 184), (1, 121)],采样后[(0, 176), (1, 176)]
2022-07-24 20:42:04.723 | WARNING  | __main__:<cell line: 84>:99 - 0.528	0.524	0.611	0.564
2022-07-24 20:42:05.020 | WARNING  | __main__:<cell line: 84>:99 - 0.556	0.562	0.5	0.529
2022-07-24 20:42:05.332 | WARNING  | __main__:<cell line: 84>:99 - 0.743	0.786	0.647	0.71
2022-07-24 20:42:05.598 | WARNING  | __main__:<cell line: 84>:99 - 0.771	0.765	0.765	0.765
2022-07-24 20:42:05.910 | WARNING  | __main__:<cell line: 84>:99 - 0.657	0.632	0.706	0.667
2022-07-24 20:42:06.223 | WARNING  | __main__:<cell line: 84>:99 - 0.686	0.65	0.765	0.703
2022-07-24 20:42:06.535 | WARNING  | __main__:<cell line: 84>:99 - 0.686	0.706	0.667	0.686
2022-07-24 20:42:06.863 | WARNING  | __main__:<cell line: 84>:99 - 0.743	0.765	0.722	0.743
2022-07-24 20:42:07.176 | WARNING  | __main__:<cell line: 84>:99 - 0.857	0.933	0.778	0.848
2022-07-24 20:42:07.535 | WARNING  | __main__:<cell line: 84>:99 - 0.771	0.75	0.833	0.789
2022-07-24 20:42:07.816 | WARNING  | __main__:<cell line: 104>:104 - 均值：	0.7	0.707	0.699	0.7
2022-07-24 20:42:18.221 | INFO     | __main__:<cell line: 6>:6 - 使用 卡方检验 进行特诊筛选
2022-07-24 20:42:18.237 | INFO     | __main__:<cell line: 34>:50 - 使用 SMOTETomek 混合采样
2022-07-24 20:42:18.252 | INFO     | __main__:<cell line: 55>:55 - 采样前[(0, 184), (1, 121)],采样后[(0, 176), (1, 176)]
2022-07-24 20:42:21.093 | WARNING  | __main__:<cell line: 84>:99 - 0.611	0.611	0.611	0.611
2022-07-24 20:42:21.421 | WARNING  | __main__:<cell line: 84>:99 - 0.667	0.667	0.667	0.667
2022-07-24 20:42:21.718 | WARNING  | __main__:<cell line: 84>:99 - 0.657	0.619	0.765	0.684
2022-07-24 20:42:22.015 | WARNING  | __main__:<cell line: 84>:99 - 0.629	0.6	0.706	0.649
2022-07-24 20:42:22.343 | WARNING  | __main__:<cell line: 84>:99 - 0.743	0.7	0.824	0.757
2022-07-24 20:42:22.671 | WARNING  | __main__:<cell line: 84>:99 - 0.8	0.727	0.941	0.821
2022-07-24 20:42:23.046 | WARNING  | __main__:<cell line: 84>:99 - 0.629	0.647	0.611	0.629
2022-07-24 20:42:23.328 | WARNING  | __main__:<cell line: 84>:99 - 0.714	0.722	0.722	0.722
2022-07-24 20:42:23.624 | WARNING  | __main__:<cell line: 84>:99 - 0.771	0.812	0.722	0.765
2022-07-24 20:42:23.906 | WARNING  | __main__:<cell line: 84>:99 - 0.914	0.941	0.889	0.914
2022-07-24 20:42:24.195 | WARNING  | __main__:<cell line: 104>:104 - 均值：	0.713	0.705	0.746	0.722
2022-07-24 20:42:35.930 | INFO     | __main__:<cell line: 6>:6 - 使用 卡方检验 进行特诊筛选
2022-07-24 20:42:35.946 | INFO     | __main__:<cell line: 34>:50 - 使用 SMOTETomek 混合采样
2022-07-24 20:42:35.961 | INFO     | __main__:<cell line: 55>:55 - 采样前[(0, 184), (1, 121)],采样后[(0, 176), (1, 176)]
2022-07-24 20:42:39.132 | WARNING  | __main__:<cell line: 84>:99 - 0.639	0.609	0.778	0.683
2022-07-24 20:42:39.476 | WARNING  | __main__:<cell line: 84>:99 - 0.583	0.615	0.444	0.516
2022-07-24 20:42:39.804 | WARNING  | __main__:<cell line: 84>:99 - 0.629	0.6	0.706	0.649
2022-07-24 20:42:40.101 | WARNING  | __main__:<cell line: 84>:99 - 0.543	0.524	0.647	0.579
2022-07-24 20:42:40.429 | WARNING  | __main__:<cell line: 84>:99 - 0.743	0.722	0.765	0.743
2022-07-24 20:42:40.742 | WARNING  | __main__:<cell line: 84>:99 - 0.8	0.778	0.824	0.8
2022-07-24 20:42:41.054 | WARNING  | __main__:<cell line: 84>:99 - 0.657	0.714	0.556	0.625
2022-07-24 20:42:41.367 | WARNING  | __main__:<cell line: 84>:99 - 0.686	0.652	0.833	0.732
2022-07-24 20:42:41.648 | WARNING  | __main__:<cell line: 84>:99 - 0.771	0.857	0.667	0.75
2022-07-24 20:42:41.992 | WARNING  | __main__:<cell line: 84>:99 - 0.886	0.889	0.889	0.889
2022-07-24 20:42:42.273 | WARNING  | __main__:<cell line: 104>:104 - 均值：	0.694	0.696	0.711	0.697
2022-07-24 20:43:23.151 | INFO     | __main__:<cell line: 6>:6 - 使用 卡方检验 进行特诊筛选
2022-07-24 20:43:23.166 | INFO     | __main__:<cell line: 34>:50 - 使用 SMOTETomek 混合采样
2022-07-24 20:43:23.182 | INFO     | __main__:<cell line: 55>:55 - 采样前[(0, 184), (1, 121)],采样后[(0, 171), (1, 171)]
2022-07-24 20:43:26.088 | WARNING  | __main__:<cell line: 84>:99 - 0.743	0.7	0.824	0.757
2022-07-24 20:43:26.369 | WARNING  | __main__:<cell line: 84>:99 - 0.8	0.789	0.833	0.811
2022-07-24 20:43:26.635 | WARNING  | __main__:<cell line: 84>:99 - 0.676	0.688	0.647	0.667
2022-07-24 20:43:26.932 | WARNING  | __main__:<cell line: 84>:99 - 0.676	0.667	0.706	0.686
2022-07-24 20:43:27.244 | WARNING  | __main__:<cell line: 84>:99 - 0.647	0.632	0.706	0.667
2022-07-24 20:43:27.573 | WARNING  | __main__:<cell line: 84>:99 - 0.735	0.722	0.765	0.743
2022-07-24 20:43:27.854 | WARNING  | __main__:<cell line: 84>:99 - 0.735	0.75	0.706	0.727
2022-07-24 20:43:28.244 | WARNING  | __main__:<cell line: 84>:99 - 0.706	0.733	0.647	0.688
2022-07-24 20:43:28.537 | WARNING  | __main__:<cell line: 84>:99 - 0.765	0.714	0.882	0.789
2022-07-24 20:43:28.834 | WARNING  | __main__:<cell line: 84>:99 - 0.647	0.647	0.647	0.647
2022-07-24 20:43:29.099 | WARNING  | __main__:<cell line: 104>:104 - 均值：	0.713	0.704	0.736	0.718
2022-07-24 20:43:53.986 | INFO     | __main__:<cell line: 6>:6 - 使用 卡方检验 进行特诊筛选
2022-07-24 20:43:54.002 | INFO     | __main__:<cell line: 34>:50 - 使用 SMOTETomek 混合采样
2022-07-24 20:43:54.018 | INFO     | __main__:<cell line: 55>:55 - 采样前[(0, 184), (1, 121)],采样后[(0, 171), (1, 171)]
2022-07-24 20:43:56.799 | WARNING  | __main__:<cell line: 84>:99 - 0.686	0.667	0.706	0.686
2022-07-24 20:43:57.049 | WARNING  | __main__:<cell line: 84>:99 - 0.6	0.6	0.667	0.632
2022-07-24 20:43:57.330 | WARNING  | __main__:<cell line: 84>:99 - 0.706	0.706	0.706	0.706
2022-07-24 20:43:57.596 | WARNING  | __main__:<cell line: 84>:99 - 0.588	0.588	0.588	0.588
2022-07-24 20:43:57.940 | WARNING  | __main__:<cell line: 84>:99 - 0.647	0.727	0.471	0.571
2022-07-24 20:43:58.190 | WARNING  | __main__:<cell line: 84>:99 - 0.676	0.667	0.706	0.686
2022-07-24 20:43:58.455 | WARNING  | __main__:<cell line: 84>:99 - 0.735	0.722	0.765	0.743
2022-07-24 20:43:58.721 | WARNING  | __main__:<cell line: 84>:99 - 0.853	0.833	0.882	0.857
2022-07-24 20:43:58.971 | WARNING  | __main__:<cell line: 84>:99 - 0.706	0.706	0.706	0.706
2022-07-24 20:43:59.252 | WARNING  | __main__:<cell line: 84>:99 - 0.588	0.636	0.412	0.5
2022-07-24 20:43:59.502 | WARNING  | __main__:<cell line: 104>:104 - 均值：	0.679	0.685	0.661	0.667
2022-07-24 20:44:35.924 | INFO     | __main__:<cell line: 10>:10 - 使用 F检验 进行特征筛选
2022-07-24 20:44:35.940 | INFO     | __main__:<cell line: 34>:50 - 使用 SMOTETomek 混合采样
2022-07-24 20:44:35.956 | INFO     | __main__:<cell line: 55>:55 - 采样前[(0, 184), (1, 121)],采样后[(0, 172), (1, 172)]
2022-07-24 20:44:38.268 | WARNING  | __main__:<cell line: 84>:99 - 0.6	0.579	0.647	0.611
2022-07-24 20:44:38.534 | WARNING  | __main__:<cell line: 84>:99 - 0.686	0.65	0.765	0.703
2022-07-24 20:44:38.799 | WARNING  | __main__:<cell line: 84>:99 - 0.714	0.682	0.833	0.75
2022-07-24 20:44:39.034 | WARNING  | __main__:<cell line: 84>:99 - 0.571	0.565	0.722	0.634
2022-07-24 20:44:39.300 | WARNING  | __main__:<cell line: 84>:99 - 0.618	0.625	0.588	0.606
2022-07-24 20:44:39.565 | WARNING  | __main__:<cell line: 84>:99 - 0.588	0.588	0.588	0.588
2022-07-24 20:44:39.909 | WARNING  | __main__:<cell line: 84>:99 - 0.794	0.812	0.765	0.788
2022-07-24 20:44:40.190 | WARNING  | __main__:<cell line: 84>:99 - 0.735	0.722	0.765	0.743
2022-07-24 20:44:40.456 | WARNING  | __main__:<cell line: 84>:99 - 0.618	0.611	0.647	0.629
2022-07-24 20:44:40.721 | WARNING  | __main__:<cell line: 84>:99 - 0.647	0.647	0.647	0.647
2022-07-24 20:44:40.971 | WARNING  | __main__:<cell line: 104>:104 - 均值：	0.657	0.648	0.697	0.67
2022-07-24 20:45:20.222 | INFO     | __main__:<cell line: 14>:14 - 使用 互信息法 进行特征筛选
2022-07-24 20:45:20.910 | INFO     | __main__:<cell line: 34>:50 - 使用 SMOTETomek 混合采样
2022-07-24 20:45:20.910 | INFO     | __main__:<cell line: 55>:55 - 采样前[(0, 184), (1, 121)],采样后[(0, 172), (1, 172)]
2022-07-24 20:45:23.498 | WARNING  | __main__:<cell line: 84>:99 - 0.657	0.667	0.588	0.625
2022-07-24 20:45:23.795 | WARNING  | __main__:<cell line: 84>:99 - 0.6	0.571	0.706	0.632
2022-07-24 20:45:24.108 | WARNING  | __main__:<cell line: 84>:99 - 0.514	0.526	0.556	0.541
2022-07-24 20:45:24.389 | WARNING  | __main__:<cell line: 84>:99 - 0.686	0.706	0.667	0.686
2022-07-24 20:45:24.655 | WARNING  | __main__:<cell line: 84>:99 - 0.471	0.476	0.588	0.526
2022-07-24 20:45:24.936 | WARNING  | __main__:<cell line: 84>:99 - 0.706	0.684	0.765	0.722
2022-07-24 20:45:25.233 | WARNING  | __main__:<cell line: 84>:99 - 0.676	0.625	0.882	0.732
2022-07-24 20:45:25.514 | WARNING  | __main__:<cell line: 84>:99 - 0.765	0.846	0.647	0.733
2022-07-24 20:45:25.795 | WARNING  | __main__:<cell line: 84>:99 - 0.735	0.722	0.765	0.743
2022-07-24 20:45:26.170 | WARNING  | __main__:<cell line: 84>:99 - 0.618	0.625	0.588	0.606
2022-07-24 20:45:26.436 | WARNING  | __main__:<cell line: 104>:104 - 均值：	0.643	0.645	0.675	0.655
2022-07-24 20:45:36.353 | INFO     | __main__:<cell line: 14>:14 - 使用 互信息法 进行特征筛选
2022-07-24 20:45:37.056 | INFO     | __main__:<cell line: 34>:50 - 使用 SMOTETomek 混合采样
2022-07-24 20:45:37.056 | INFO     | __main__:<cell line: 55>:55 - 采样前[(0, 184), (1, 121)],采样后[(0, 176), (1, 176)]
2022-07-24 20:45:39.915 | WARNING  | __main__:<cell line: 84>:99 - 0.667	0.625	0.833	0.714
2022-07-24 20:45:40.212 | WARNING  | __main__:<cell line: 84>:99 - 0.694	0.684	0.722	0.703
2022-07-24 20:45:40.493 | WARNING  | __main__:<cell line: 84>:99 - 0.829	0.824	0.824	0.824
2022-07-24 20:45:40.790 | WARNING  | __main__:<cell line: 84>:99 - 0.714	0.733	0.647	0.688
2022-07-24 20:45:41.103 | WARNING  | __main__:<cell line: 84>:99 - 0.629	0.611	0.647	0.629
2022-07-24 20:45:41.431 | WARNING  | __main__:<cell line: 84>:99 - 0.686	0.636	0.824	0.718
2022-07-24 20:45:41.837 | WARNING  | __main__:<cell line: 84>:99 - 0.571	0.579	0.611	0.595
2022-07-24 20:45:42.142 | WARNING  | __main__:<cell line: 84>:99 - 0.629	0.647	0.611	0.629
2022-07-24 20:45:42.454 | WARNING  | __main__:<cell line: 84>:99 - 0.714	0.722	0.722	0.722
2022-07-24 20:45:42.782 | WARNING  | __main__:<cell line: 84>:99 - 0.629	0.632	0.667	0.649
2022-07-24 20:45:43.048 | WARNING  | __main__:<cell line: 104>:104 - 均值：	0.676	0.669	0.711	0.687
2022-07-24 20:45:57.991 | INFO     | __main__:<cell line: 6>:6 - 使用 卡方检验 进行特诊筛选
2022-07-24 20:45:58.007 | INFO     | __main__:<cell line: 34>:50 - 使用 SMOTETomek 混合采样
2022-07-24 20:45:58.022 | INFO     | __main__:<cell line: 55>:55 - 采样前[(0, 184), (1, 121)],采样后[(0, 171), (1, 171)]
2022-07-24 20:46:01.036 | WARNING  | __main__:<cell line: 84>:99 - 0.829	0.762	0.941	0.842
2022-07-24 20:46:01.317 | WARNING  | __main__:<cell line: 84>:99 - 0.829	0.929	0.722	0.813
2022-07-24 20:46:01.723 | WARNING  | __main__:<cell line: 84>:99 - 0.765	0.737	0.824	0.778
2022-07-24 20:46:02.004 | WARNING  | __main__:<cell line: 84>:99 - 0.676	0.714	0.588	0.645
2022-07-24 20:46:02.280 | WARNING  | __main__:<cell line: 84>:99 - 0.618	0.625	0.588	0.606
2022-07-24 20:46:02.561 | WARNING  | __main__:<cell line: 84>:99 - 0.794	0.75	0.882	0.811
2022-07-24 20:46:02.858 | WARNING  | __main__:<cell line: 84>:99 - 0.706	0.706	0.706	0.706
2022-07-24 20:46:03.140 | WARNING  | __main__:<cell line: 84>:99 - 0.588	0.6	0.529	0.562
2022-07-24 20:46:03.421 | WARNING  | __main__:<cell line: 84>:99 - 0.765	0.765	0.765	0.765
2022-07-24 20:46:03.718 | WARNING  | __main__:<cell line: 84>:99 - 0.706	0.684	0.765	0.722
2022-07-24 20:46:03.952 | WARNING  | __main__:<cell line: 104>:104 - 均值：	0.727	0.727	0.731	0.725
2022-07-24 20:46:37.889 | INFO     | __main__:<cell line: 6>:6 - 使用 卡方检验 进行特诊筛选
2022-07-24 20:46:37.905 | INFO     | __main__:<cell line: 34>:50 - 使用 SMOTETomek 混合采样
2022-07-24 20:46:37.936 | INFO     | __main__:<cell line: 55>:55 - 采样前[(0, 621), (1, 547)],采样后[(0, 611), (1, 611)]
2022-07-24 20:46:40.619 | WARNING  | __main__:<cell line: 84>:84 - {'lambda': 4.422918260492058e-06, 'alpha': 2.4535294261915714e-07, 'subsample': 0.5895610391593855, 'colsample_bytree': 0.6376877871538835, 'max_depth': 6, 'min_child_weight': 5, 'eta': 0.0002346467581804383, 'gamma': 0.15710916244338696, 'grow_policy': 'lossguide'}
2022-07-24 20:46:40.635 | WARNING  | __main__:<cell line: 85>:100 - 0.577	0.574	0.574	0.574
2022-07-24 20:46:40.978 | WARNING  | __main__:<cell line: 85>:100 - 0.553	0.557	0.548	0.553
2022-07-24 20:46:41.347 | WARNING  | __main__:<cell line: 85>:100 - 0.574	0.571	0.59	0.581
2022-07-24 20:46:41.707 | WARNING  | __main__:<cell line: 85>:100 - 0.672	0.684	0.639	0.661
2022-07-24 20:46:42.129 | WARNING  | __main__:<cell line: 85>:100 - 0.689	0.725	0.607	0.661
2022-07-24 20:46:42.504 | WARNING  | __main__:<cell line: 85>:100 - 0.525	0.529	0.443	0.482
2022-07-24 20:46:42.863 | WARNING  | __main__:<cell line: 85>:100 - 0.516	0.518	0.475	0.496
2022-07-24 20:46:43.207 | WARNING  | __main__:<cell line: 85>:100 - 0.639	0.639	0.639	0.639
2022-07-24 20:46:43.550 | WARNING  | __main__:<cell line: 85>:100 - 0.598	0.594	0.623	0.608
2022-07-24 20:46:43.910 | WARNING  | __main__:<cell line: 85>:100 - 0.541	0.541	0.541	0.541
2022-07-24 20:46:44.254 | WARNING  | __main__:<cell line: 105>:105 - 均值：	0.588	0.593	0.568	0.58
2022-07-24 20:47:21.108 | INFO     | __main__:<cell line: 6>:6 - 使用 卡方检验 进行特诊筛选
2022-07-24 20:47:21.123 | INFO     | __main__:<cell line: 34>:50 - 使用 SMOTETomek 混合采样
2022-07-24 20:47:21.155 | INFO     | __main__:<cell line: 55>:55 - 采样前[(0, 621), (1, 547)],采样后[(0, 604), (1, 604)]
2022-07-24 20:47:24.295 | WARNING  | __main__:<cell line: 84>:84 - {'lambda': 0.2902765251604493, 'alpha': 0.051644442816534256, 'subsample': 0.2560882265106738, 'colsample_bytree': 0.38028862226648213, 'max_depth': 3, 'min_child_weight': 2, 'eta': 4.456173182616367e-06, 'gamma': 4.067294415811134e-05, 'grow_policy': 'lossguide'}
2022-07-24 20:47:24.311 | WARNING  | __main__:<cell line: 85>:100 - 0.603	0.607	0.567	0.586
2022-07-24 20:47:24.639 | WARNING  | __main__:<cell line: 85>:100 - 0.612	0.603	0.633	0.618
2022-07-24 20:47:24.951 | WARNING  | __main__:<cell line: 85>:100 - 0.595	0.585	0.633	0.608
2022-07-24 20:47:25.280 | WARNING  | __main__:<cell line: 85>:100 - 0.562	0.556	0.583	0.569
2022-07-24 20:47:25.639 | WARNING  | __main__:<cell line: 85>:100 - 0.57	0.585	0.508	0.544
2022-07-24 20:47:25.993 | WARNING  | __main__:<cell line: 85>:100 - 0.554	0.557	0.557	0.557
2022-07-24 20:47:26.399 | WARNING  | __main__:<cell line: 85>:100 - 0.579	0.576	0.623	0.598
2022-07-24 20:47:26.711 | WARNING  | __main__:<cell line: 85>:100 - 0.579	0.581	0.59	0.585
2022-07-24 20:47:27.024 | WARNING  | __main__:<cell line: 85>:100 - 0.642	0.644	0.633	0.639
2022-07-24 20:47:27.321 | WARNING  | __main__:<cell line: 85>:100 - 0.717	0.717	0.717	0.717
2022-07-24 20:47:27.665 | WARNING  | __main__:<cell line: 105>:105 - 均值：	0.601	0.601	0.605	0.602
2022-07-24 20:47:45.824 | INFO     | __main__:<cell line: 6>:6 - 使用 卡方检验 进行特诊筛选
2022-07-24 20:47:45.840 | INFO     | __main__:<cell line: 34>:50 - 使用 SMOTETomek 混合采样
2022-07-24 20:47:45.871 | INFO     | __main__:<cell line: 55>:55 - 采样前[(0, 621), (1, 547)],采样后[(0, 617), (1, 617)]
2022-07-24 20:47:48.715 | WARNING  | __main__:<cell line: 84>:84 - {'lambda': 0.0012904846706948453, 'alpha': 0.00016538622817737595, 'subsample': 0.41565462052916924, 'colsample_bytree': 0.7099207711890807, 'max_depth': 8, 'min_child_weight': 5, 'eta': 0.5814099481205223, 'gamma': 0.11948834428681279, 'grow_policy': 'lossguide'}
2022-07-24 20:47:48.746 | WARNING  | __main__:<cell line: 85>:100 - 0.54	0.54	0.548	0.544
2022-07-24 20:47:49.137 | WARNING  | __main__:<cell line: 85>:100 - 0.573	0.579	0.532	0.555
2022-07-24 20:47:49.480 | WARNING  | __main__:<cell line: 85>:100 - 0.548	0.543	0.613	0.576
2022-07-24 20:47:49.824 | WARNING  | __main__:<cell line: 85>:100 - 0.637	0.639	0.629	0.634
2022-07-24 20:47:50.168 | WARNING  | __main__:<cell line: 85>:100 - 0.577	0.563	0.656	0.606
2022-07-24 20:47:50.543 | WARNING  | __main__:<cell line: 85>:100 - 0.553	0.552	0.525	0.538
2022-07-24 20:47:50.918 | WARNING  | __main__:<cell line: 85>:100 - 0.569	0.557	0.639	0.595
2022-07-24 20:47:51.266 | WARNING  | __main__:<cell line: 85>:100 - 0.512	0.513	0.629	0.565
2022-07-24 20:47:51.641 | WARNING  | __main__:<cell line: 85>:100 - 0.488	0.492	0.468	0.479
2022-07-24 20:47:52.109 | WARNING  | __main__:<cell line: 85>:100 - 0.537	0.545	0.484	0.513
2022-07-24 20:47:52.469 | WARNING  | __main__:<cell line: 105>:105 - 均值：	0.553	0.552	0.572	0.561
2022-07-24 20:48:20.335 | INFO     | __main__:<cell line: 6>:6 - 使用 卡方检验 进行特诊筛选
2022-07-24 20:48:20.351 | INFO     | __main__:<cell line: 34>:50 - 使用 SMOTETomek 混合采样
2022-07-24 20:48:20.382 | INFO     | __main__:<cell line: 55>:55 - 采样前[(0, 621), (1, 547)],采样后[(0, 603), (1, 603)]
2022-07-24 20:48:23.507 | WARNING  | __main__:<cell line: 85>:100 - 0.595	0.604	0.533	0.566
2022-07-24 20:48:23.835 | WARNING  | __main__:<cell line: 85>:100 - 0.537	0.537	0.483	0.509
2022-07-24 20:48:24.148 | WARNING  | __main__:<cell line: 85>:100 - 0.537	0.54	0.45	0.491
2022-07-24 20:48:24.510 | WARNING  | __main__:<cell line: 85>:100 - 0.545	0.554	0.508	0.53
2022-07-24 20:48:24.870 | WARNING  | __main__:<cell line: 85>:100 - 0.554	0.566	0.492	0.526
2022-07-24 20:48:25.245 | WARNING  | __main__:<cell line: 85>:100 - 0.529	0.536	0.492	0.513
2022-07-24 20:48:25.588 | WARNING  | __main__:<cell line: 85>:100 - 0.617	0.617	0.617	0.617
2022-07-24 20:48:26.041 | WARNING  | __main__:<cell line: 85>:100 - 0.642	0.667	0.567	0.613
2022-07-24 20:48:26.370 | WARNING  | __main__:<cell line: 85>:100 - 0.667	0.7	0.583	0.636
2022-07-24 20:48:26.682 | WARNING  | __main__:<cell line: 85>:100 - 0.65	0.68	0.567	0.618
2022-07-24 20:48:27.010 | WARNING  | __main__:<cell line: 105>:105 - 均值：	0.587	0.6	0.529	0.562
2022-07-24 20:48:43.028 | INFO     | __main__:<cell line: 6>:6 - 使用 卡方检验 进行特诊筛选
2022-07-24 20:48:43.059 | INFO     | __main__:<cell line: 34>:50 - 使用 SMOTETomek 混合采样
2022-07-24 20:48:43.091 | INFO     | __main__:<cell line: 55>:55 - 采样前[(0, 621), (1, 547)],采样后[(0, 621), (1, 621)]
2022-07-24 20:48:45.794 | WARNING  | __main__:<cell line: 85>:100 - 0.512	0.51	0.419	0.46
2022-07-24 20:48:46.122 | WARNING  | __main__:<cell line: 85>:100 - 0.632	0.66	0.556	0.603
2022-07-24 20:48:46.481 | WARNING  | __main__:<cell line: 85>:100 - 0.556	0.566	0.484	0.522
2022-07-24 20:48:46.825 | WARNING  | __main__:<cell line: 85>:100 - 0.645	0.65	0.629	0.639
2022-07-24 20:48:47.216 | WARNING  | __main__:<cell line: 85>:100 - 0.597	0.611	0.532	0.569
2022-07-24 20:48:47.559 | WARNING  | __main__:<cell line: 85>:100 - 0.581	0.583	0.565	0.574
2022-07-24 20:48:47.903 | WARNING  | __main__:<cell line: 85>:100 - 0.718	0.721	0.71	0.715
2022-07-24 20:48:48.231 | WARNING  | __main__:<cell line: 85>:100 - 0.645	0.655	0.613	0.633
2022-07-24 20:48:48.559 | WARNING  | __main__:<cell line: 85>:100 - 0.581	0.609	0.452	0.519
2022-07-24 20:48:48.887 | WARNING  | __main__:<cell line: 85>:100 - 0.556	0.566	0.484	0.522
2022-07-24 20:48:49.200 | WARNING  | __main__:<cell line: 105>:105 - 均值：	0.602	0.613	0.544	0.576
2022-07-24 20:49:05.351 | INFO     | __main__:<cell line: 6>:6 - 使用 卡方检验 进行特诊筛选
2022-07-24 20:49:05.367 | INFO     | __main__:<cell line: 34>:50 - 使用 SMOTETomek 混合采样
2022-07-24 20:49:05.398 | INFO     | __main__:<cell line: 55>:55 - 采样前[(0, 621), (1, 547)],采样后[(0, 603), (1, 603)]
2022-07-24 20:49:08.679 | WARNING  | __main__:<cell line: 85>:100 - 0.554	0.556	0.5	0.526
2022-07-24 20:49:08.992 | WARNING  | __main__:<cell line: 85>:100 - 0.579	0.574	0.583	0.579
2022-07-24 20:49:09.367 | WARNING  | __main__:<cell line: 85>:100 - 0.62	0.625	0.583	0.603
2022-07-24 20:49:09.744 | WARNING  | __main__:<cell line: 85>:100 - 0.603	0.597	0.656	0.625
2022-07-24 20:49:10.088 | WARNING  | __main__:<cell line: 85>:100 - 0.57	0.592	0.475	0.527
2022-07-24 20:49:10.541 | WARNING  | __main__:<cell line: 85>:100 - 0.545	0.558	0.475	0.513
2022-07-24 20:49:10.885 | WARNING  | __main__:<cell line: 85>:100 - 0.6	0.611	0.55	0.579
2022-07-24 20:49:11.229 | WARNING  | __main__:<cell line: 85>:100 - 0.525	0.529	0.45	0.486
2022-07-24 20:49:11.588 | WARNING  | __main__:<cell line: 85>:100 - 0.608	0.6	0.65	0.624
2022-07-24 20:49:11.932 | WARNING  | __main__:<cell line: 85>:100 - 0.642	0.631	0.683	0.656
2022-07-24 20:49:12.260 | WARNING  | __main__:<cell line: 105>:105 - 均值：	0.585	0.587	0.561	0.572
2022-07-24 20:49:29.272 | INFO     | __main__:<cell line: 6>:6 - 使用 卡方检验 进行特诊筛选
2022-07-24 20:49:29.287 | INFO     | __main__:<cell line: 34>:50 - 使用 SMOTETomek 混合采样
2022-07-24 20:49:29.334 | INFO     | __main__:<cell line: 55>:55 - 采样前[(0, 621), (1, 547)],采样后[(0, 605), (1, 605)]
2022-07-24 20:49:32.903 | WARNING  | __main__:<cell line: 85>:100 - 0.57	0.567	0.567	0.567
2022-07-24 20:49:33.263 | WARNING  | __main__:<cell line: 85>:100 - 0.57	0.571	0.533	0.552
2022-07-24 20:49:33.606 | WARNING  | __main__:<cell line: 85>:100 - 0.587	0.586	0.567	0.576
2022-07-24 20:49:33.981 | WARNING  | __main__:<cell line: 85>:100 - 0.612	0.607	0.617	0.612
2022-07-24 20:49:34.341 | WARNING  | __main__:<cell line: 85>:100 - 0.628	0.636	0.583	0.609
2022-07-24 20:49:34.700 | WARNING  | __main__:<cell line: 85>:100 - 0.636	0.66	0.574	0.614
2022-07-24 20:49:35.028 | WARNING  | __main__:<cell line: 85>:100 - 0.579	0.581	0.59	0.585
2022-07-24 20:49:35.388 | WARNING  | __main__:<cell line: 85>:100 - 0.612	0.625	0.574	0.598
2022-07-24 20:49:35.872 | WARNING  | __main__:<cell line: 85>:100 - 0.595	0.594	0.623	0.608
2022-07-24 20:49:36.216 | WARNING  | __main__:<cell line: 85>:100 - 0.562	0.571	0.525	0.547
2022-07-24 20:49:36.544 | WARNING  | __main__:<cell line: 105>:105 - 均值：	0.595	0.6	0.575	0.587
