2022-08-11 13:45:18.562 | INFO     | __main__:<cell line: 41>:42 - 使用 卡方检验 进行特诊筛选
2022-08-11 13:45:19.141 | INFO     | __main__:<cell line: 96>:112 - 使用 SMOTETomek 混合采样
2022-08-11 13:45:19.151 | INFO     | __main__:<cell line: 117>:117 - 采样前[(1, 112), (0, 184)],采样后[(1, 175), (0, 175)]
2022-08-11 13:45:50.807 | INFO     | __main__:<cell line: 148>:148 - {'max_depth': 6, 'grow_policy': 'depthwise', 'learning_rate': 0.001737009851732043, 'gamma': 6.8806163418766e-07, 'reg_lambda': 0.00342793682463773, 'reg_alpha': 0.00023635641498467747, 'subsample': 0.872979765770505, 'colsample_bytree': 0.30489659215983755}
2022-08-11 13:45:51.610 | WARNING  | __main__:<cell line: 155>:155 - {'fit_time': array([0.07855916, 0.08057427, 0.08536172, 0.07849455, 0.07040811,
       0.06735754, 0.06640887, 0.07039022, 0.07743335, 0.07440758]), 'score_time': array([0.00399971, 0.00606298, 0.00706697, 0.00399995, 0.00405192,
       0.00405121, 0.00399995, 0.00399995, 0.00514102, 0.00605726]), 'test_accuracy': array([0.85714286, 0.74285714, 0.94285714, 0.77142857, 0.71428571,
       0.82857143, 0.82857143, 0.91428571, 0.82857143, 0.82857143]), 'test_precision': array([0.84210526, 0.73684211, 0.94444444, 0.75      , 0.83333333,
       0.78947368, 0.82352941, 0.9375    , 0.78947368, 0.86666667]), 'test_recall': array([0.88888889, 0.77777778, 0.94444444, 0.83333333, 0.55555556,
       0.88235294, 0.82352941, 0.88235294, 0.88235294, 0.76470588]), 'test_f1': array([0.86486486, 0.75675676, 0.94444444, 0.78947368, 0.66666667,
       0.83333333, 0.82352941, 0.90909091, 0.83333333, 0.8125    ])}
2022-08-11 13:45:51.700 | WARNING  | __main__:<cell line: 156>:168 - 0.857	0.842	0.889	0.865
2022-08-11 13:45:52.138 | WARNING  | __main__:<cell line: 156>:168 - 0.743	0.737	0.778	0.757
2022-08-11 13:45:52.672 | WARNING  | __main__:<cell line: 156>:168 - 0.943	0.944	0.944	0.944
2022-08-11 13:45:53.130 | WARNING  | __main__:<cell line: 156>:168 - 0.771	0.75	0.833	0.789
2022-08-11 13:45:53.572 | WARNING  | __main__:<cell line: 156>:168 - 0.714	0.833	0.556	0.667
2022-08-11 13:45:53.999 | WARNING  | __main__:<cell line: 156>:168 - 0.829	0.789	0.882	0.833
2022-08-11 13:45:54.444 | WARNING  | __main__:<cell line: 156>:168 - 0.829	0.824	0.824	0.824
2022-08-11 13:45:54.866 | WARNING  | __main__:<cell line: 156>:168 - 0.914	0.938	0.882	0.909
2022-08-11 13:45:55.293 | WARNING  | __main__:<cell line: 156>:168 - 0.829	0.789	0.882	0.833
2022-08-11 13:45:55.724 | WARNING  | __main__:<cell line: 156>:168 - 0.829	0.867	0.765	0.812
2022-08-11 13:45:56.039 | WARNING  | __main__:<cell line: 173>:173 - accuracy		mean:0.826	std:0.067
2022-08-11 13:45:56.043 | WARNING  | __main__:<cell line: 174>:174 - precision		mean:0.831	std:0.067
2022-08-11 13:45:56.046 | WARNING  | __main__:<cell line: 175>:175 - recall		mean:0.824	std:0.103
2022-08-11 13:45:56.047 | WARNING  | __main__:<cell line: 176>:176 - f1		mean:0.823	std:0.074
2022-08-11 13:47:54.793 | INFO     | __main__:<cell line: 41>:66 - 使用 LASSO 进行特征选择,剩余73个特征
2022-08-11 13:47:55.828 | INFO     | __main__:<cell line: 96>:112 - 使用 SMOTETomek 混合采样
2022-08-11 13:47:55.875 | INFO     | __main__:<cell line: 117>:117 - 采样前[(0, 184), (1, 112)],采样后[(0, 179), (1, 179)]
2022-08-11 13:48:23.136 | INFO     | __main__:<cell line: 148>:148 - {'max_depth': 7, 'grow_policy': 'lossguide', 'learning_rate': 1.2037644736813573e-05, 'gamma': 0.0017547790598362414, 'reg_lambda': 0.005455995565135366, 'reg_alpha': 0.402586359231066, 'subsample': 0.2024845500961461, 'colsample_bytree': 0.7701431485828834}
2022-08-11 13:48:23.796 | WARNING  | __main__:<cell line: 155>:155 - {'fit_time': array([0.06547546, 0.06634378, 0.06643414, 0.05833888, 0.06441641,
       0.06233287, 0.05433393, 0.05426097, 0.06138659, 0.0563767 ]), 'score_time': array([0.00407195, 0.00505304, 0.00599933, 0.0050602 , 0.00404525,
       0.00300026, 0.00399923, 0.00406146, 0.00399995, 0.00506711]), 'test_accuracy': array([0.77777778, 0.69444444, 0.91666667, 0.86111111, 0.61111111,
       0.83333333, 0.86111111, 0.75      , 0.8       , 0.8       ]), 'test_precision': array([0.8125    , 0.81818182, 0.94117647, 0.7826087 , 0.57692308,
       0.92857143, 0.88235294, 0.76470588, 0.77777778, 0.86666667]), 'test_recall': array([0.72222222, 0.5       , 0.88888889, 1.        , 0.83333333,
       0.72222222, 0.83333333, 0.72222222, 0.82352941, 0.72222222]), 'test_f1': array([0.76470588, 0.62068966, 0.91428571, 0.87804878, 0.68181818,
       0.8125    , 0.85714286, 0.74285714, 0.8       , 0.78787879])}
2022-08-11 13:48:23.871 | WARNING  | __main__:<cell line: 156>:168 - 0.778	0.812	0.722	0.765
2022-08-11 13:48:24.241 | WARNING  | __main__:<cell line: 156>:168 - 0.694	0.818	0.5	0.621
2022-08-11 13:48:24.583 | WARNING  | __main__:<cell line: 156>:168 - 0.917	0.941	0.889	0.914
2022-08-11 13:48:24.948 | WARNING  | __main__:<cell line: 156>:168 - 0.861	0.783	1.0	0.878
2022-08-11 13:48:25.304 | WARNING  | __main__:<cell line: 156>:168 - 0.611	0.577	0.833	0.682
2022-08-11 13:48:25.661 | WARNING  | __main__:<cell line: 156>:168 - 0.833	0.929	0.722	0.813
2022-08-11 13:48:26.110 | WARNING  | __main__:<cell line: 156>:168 - 0.861	0.882	0.833	0.857
2022-08-11 13:48:26.457 | WARNING  | __main__:<cell line: 156>:168 - 0.75	0.765	0.722	0.743
2022-08-11 13:48:26.842 | WARNING  | __main__:<cell line: 156>:168 - 0.8	0.778	0.824	0.8
2022-08-11 13:48:27.165 | WARNING  | __main__:<cell line: 156>:168 - 0.8	0.867	0.722	0.788
2022-08-11 13:48:27.431 | WARNING  | __main__:<cell line: 173>:173 - accuracy		mean:0.791	std:0.084
2022-08-11 13:48:27.434 | WARNING  | __main__:<cell line: 174>:174 - precision		mean:0.815	std:0.099
2022-08-11 13:48:27.438 | WARNING  | __main__:<cell line: 175>:175 - recall		mean:0.777	std:0.126
2022-08-11 13:48:27.440 | WARNING  | __main__:<cell line: 176>:176 - f1		mean:0.786	std:0.084
