2022-08-11 13:19:59.751 | INFO     | __main__:<cell line: 41>:42 - 使用 卡方检验 进行特诊筛选
2022-08-11 13:20:24.199 | INFO     | __main__:<cell line: 41>:42 - 使用 卡方检验 进行特诊筛选
2022-08-11 13:20:45.378 | INFO     | __main__:<cell line: 41>:42 - 使用 卡方检验 进行特诊筛选
2022-08-11 13:20:46.111 | INFO     | __main__:<cell line: 96>:112 - 使用 SMOTETomek 混合采样
2022-08-11 13:20:46.121 | INFO     | __main__:<cell line: 117>:117 - 采样前[(1, 112), (0, 121)],采样后[(1, 115), (0, 115)]
2022-08-11 13:21:12.437 | INFO     | __main__:<cell line: 148>:148 - {'max_depth': 11, 'grow_policy': 'depthwise', 'learning_rate': 0.05766328706889578, 'gamma': 9.51393036787732e-08, 'reg_lambda': 5.019853851340263e-05, 'reg_alpha': 0.00016172812363858955, 'subsample': 0.22578370243819057, 'colsample_bytree': 0.6391690954035352}
2022-08-11 13:21:13.222 | WARNING  | __main__:<cell line: 155>:155 - {'fit_time': array([0.06437421, 0.06034064, 0.05943394, 0.07100081, 0.06859589,
       0.05533457, 0.0584054 , 0.07126474, 0.15403342, 0.0647037 ]), 'score_time': array([0.00405169, 0.00399995, 0.00510168, 0.00700092, 0.00399971,
       0.00400043, 0.00300002, 0.00599933, 0.00611067, 0.0059998 ]), 'test_accuracy': array([0.86956522, 0.65217391, 0.82608696, 0.95652174, 0.86956522,
       0.7826087 , 0.95652174, 0.65217391, 0.69565217, 0.73913043]), 'test_precision': array([0.84615385, 0.64285714, 0.75      , 0.92307692, 0.84615385,
       0.75      , 1.        , 0.66666667, 0.7       , 0.72727273]), 'test_recall': array([0.91666667, 0.75      , 1.        , 1.        , 0.91666667,
       0.81818182, 0.90909091, 0.54545455, 0.63636364, 0.72727273]), 'test_f1': array([0.88      , 0.69230769, 0.85714286, 0.96      , 0.88      ,
       0.7826087 , 0.95238095, 0.6       , 0.66666667, 0.72727273])}
2022-08-11 13:21:13.297 | WARNING  | __main__:<cell line: 156>:168 - 0.87	0.846	0.917	0.88
2022-08-11 13:21:13.648 | WARNING  | __main__:<cell line: 156>:168 - 0.652	0.643	0.75	0.692
2022-08-11 13:21:13.993 | WARNING  | __main__:<cell line: 156>:168 - 0.826	0.75	1.0	0.857
2022-08-11 13:21:14.339 | WARNING  | __main__:<cell line: 156>:168 - 0.957	0.923	1.0	0.96
2022-08-11 13:21:14.722 | WARNING  | __main__:<cell line: 156>:168 - 0.87	0.846	0.917	0.88
2022-08-11 13:21:15.045 | WARNING  | __main__:<cell line: 156>:168 - 0.783	0.75	0.818	0.783
2022-08-11 13:21:15.575 | WARNING  | __main__:<cell line: 156>:168 - 0.957	1.0	0.909	0.952
2022-08-11 13:21:15.933 | WARNING  | __main__:<cell line: 156>:168 - 0.652	0.667	0.545	0.6
2022-08-11 13:21:16.285 | WARNING  | __main__:<cell line: 156>:168 - 0.696	0.7	0.636	0.667
2022-08-11 13:21:16.611 | WARNING  | __main__:<cell line: 156>:168 - 0.739	0.727	0.727	0.727
2022-08-11 13:21:16.876 | WARNING  | __main__:<cell line: 173>:173 - accuracy		mean:0.8	std:0.109
2022-08-11 13:21:16.877 | WARNING  | __main__:<cell line: 174>:174 - precision		mean:0.785	std:0.11
2022-08-11 13:21:16.878 | WARNING  | __main__:<cell line: 175>:175 - recall		mean:0.822	std:0.146
2022-08-11 13:21:16.879 | WARNING  | __main__:<cell line: 176>:176 - f1		mean:0.8	std:0.118
2022-08-11 13:26:22.164 | INFO     | __main__:<cell line: 41>:42 - 使用 卡方检验 进行特诊筛选
2022-08-11 13:26:22.787 | INFO     | __main__:<cell line: 96>:112 - 使用 SMOTETomek 混合采样
2022-08-11 13:26:22.796 | INFO     | __main__:<cell line: 117>:117 - 采样前[(0, 121), (1, 112)],采样后[(0, 114), (1, 114)]
2022-08-11 13:26:49.583 | INFO     | __main__:<cell line: 148>:148 - {'max_depth': 5, 'grow_policy': 'lossguide', 'learning_rate': 8.188384658766523e-05, 'gamma': 1.913200250044989e-08, 'reg_lambda': 6.85170674473043e-08, 'reg_alpha': 0.00021563832120066688, 'subsample': 0.8974758810999173, 'colsample_bytree': 0.36282436357149805}
2022-08-11 13:26:50.333 | WARNING  | __main__:<cell line: 155>:155 - {'fit_time': array([0.0755105 , 0.06630683, 0.06632304, 0.0744009 , 0.07343411,
       0.06443548, 0.07240486, 0.07241893, 0.0683651 , 0.06132746]), 'score_time': array([0.00499988, 0.00405097, 0.00605583, 0.00607061, 0.00405169,
       0.00606084, 0.00505567, 0.00605893, 0.00405431, 0.00299978]), 'test_accuracy': array([0.73913043, 0.91304348, 0.86956522, 0.7826087 , 0.91304348,
       0.73913043, 0.82608696, 0.82608696, 0.68181818, 0.81818182]), 'test_precision': array([0.77777778, 0.90909091, 0.83333333, 0.75      , 1.        ,
       0.71428571, 0.83333333, 0.78571429, 0.66666667, 0.73333333]), 'test_recall': array([0.63636364, 0.90909091, 0.90909091, 0.81818182, 0.83333333,
       0.83333333, 0.83333333, 0.91666667, 0.72727273, 1.        ]), 'test_f1': array([0.7       , 0.90909091, 0.86956522, 0.7826087 , 0.90909091,
       0.76923077, 0.83333333, 0.84615385, 0.69565217, 0.84615385])}
2022-08-11 13:26:50.417 | WARNING  | __main__:<cell line: 156>:168 - 0.739	0.778	0.636	0.7
2022-08-11 13:26:50.771 | WARNING  | __main__:<cell line: 156>:168 - 0.913	0.909	0.909	0.909
2022-08-11 13:26:51.129 | WARNING  | __main__:<cell line: 156>:168 - 0.87	0.833	0.909	0.87
2022-08-11 13:26:51.520 | WARNING  | __main__:<cell line: 156>:168 - 0.783	0.75	0.818	0.783
2022-08-11 13:26:51.917 | WARNING  | __main__:<cell line: 156>:168 - 0.913	1.0	0.833	0.909
2022-08-11 13:26:52.284 | WARNING  | __main__:<cell line: 156>:168 - 0.739	0.714	0.833	0.769
2022-08-11 13:26:52.702 | WARNING  | __main__:<cell line: 156>:168 - 0.826	0.833	0.833	0.833
2022-08-11 13:26:53.214 | WARNING  | __main__:<cell line: 156>:168 - 0.826	0.786	0.917	0.846
2022-08-11 13:26:53.617 | WARNING  | __main__:<cell line: 156>:168 - 0.682	0.667	0.727	0.696
2022-08-11 13:26:53.978 | WARNING  | __main__:<cell line: 156>:168 - 0.818	0.733	1.0	0.846
2022-08-11 13:26:54.266 | WARNING  | __main__:<cell line: 173>:173 - accuracy		mean:0.811	std:0.073
2022-08-11 13:26:54.267 | WARNING  | __main__:<cell line: 174>:174 - precision		mean:0.8	std:0.093
2022-08-11 13:26:54.268 | WARNING  | __main__:<cell line: 175>:175 - recall		mean:0.842	std:0.098
2022-08-11 13:26:54.269 | WARNING  | __main__:<cell line: 176>:176 - f1		mean:0.816	std:0.073
2022-08-11 13:27:45.993 | INFO     | __main__:<cell line: 41>:42 - 使用 卡方检验 进行特诊筛选
2022-08-11 13:27:46.553 | INFO     | __main__:<cell line: 96>:112 - 使用 SMOTETomek 混合采样
2022-08-11 13:27:46.563 | INFO     | __main__:<cell line: 117>:117 - 采样前[(1, 112), (0, 121)],采样后[(1, 114), (0, 114)]
2022-08-11 13:28:20.327 | INFO     | __main__:<cell line: 148>:148 - {'max_depth': 5, 'grow_policy': 'depthwise', 'learning_rate': 1.5302281447373352e-06, 'gamma': 0.7974594985243566, 'reg_lambda': 1.2226944476063153e-07, 'reg_alpha': 9.626051535233182e-05, 'subsample': 0.9926833744239166, 'colsample_bytree': 0.20678335574868423}
2022-08-11 13:28:21.065 | WARNING  | __main__:<cell line: 155>:155 - {'fit_time': array([0.07155585, 0.07357931, 0.07348609, 0.06839299, 0.06333971,
       0.06237435, 0.07238364, 0.06554914, 0.0633111 , 0.06946468]), 'score_time': array([0.00499988, 0.00607753, 0.00506473, 0.00410533, 0.00405955,
       0.00400019, 0.0050633 , 0.00399971, 0.00506163, 0.00400019]), 'test_accuracy': array([0.69565217, 0.73913043, 0.82608696, 0.7826087 , 0.7826087 ,
       0.86956522, 0.82608696, 0.82608696, 0.90909091, 0.86363636]), 'test_precision': array([0.77777778, 0.71428571, 0.9       , 0.70588235, 0.8       ,
       0.78571429, 0.81818182, 0.76923077, 0.90909091, 0.83333333]), 'test_recall': array([0.58333333, 0.83333333, 0.75      , 1.        , 0.72727273,
       1.        , 0.81818182, 0.90909091, 0.90909091, 0.90909091]), 'test_f1': array([0.66666667, 0.76923077, 0.81818182, 0.82758621, 0.76190476,
       0.88      , 0.81818182, 0.83333333, 0.90909091, 0.86956522])}
2022-08-11 13:28:21.153 | WARNING  | __main__:<cell line: 156>:168 - 0.696	0.778	0.583	0.667
2022-08-11 13:28:21.654 | WARNING  | __main__:<cell line: 156>:168 - 0.739	0.714	0.833	0.769
2022-08-11 13:28:22.022 | WARNING  | __main__:<cell line: 156>:168 - 0.826	0.9	0.75	0.818
2022-08-11 13:28:22.382 | WARNING  | __main__:<cell line: 156>:168 - 0.783	0.706	1.0	0.828
2022-08-11 13:28:22.776 | WARNING  | __main__:<cell line: 156>:168 - 0.783	0.8	0.727	0.762
2022-08-11 13:28:23.142 | WARNING  | __main__:<cell line: 156>:168 - 0.87	0.786	1.0	0.88
2022-08-11 13:28:23.543 | WARNING  | __main__:<cell line: 156>:168 - 0.826	0.818	0.818	0.818
2022-08-11 13:28:23.903 | WARNING  | __main__:<cell line: 156>:168 - 0.826	0.769	0.909	0.833
2022-08-11 13:28:24.308 | WARNING  | __main__:<cell line: 156>:168 - 0.909	0.909	0.909	0.909
2022-08-11 13:28:24.678 | WARNING  | __main__:<cell line: 156>:168 - 0.864	0.833	0.909	0.87
2022-08-11 13:28:24.937 | WARNING  | __main__:<cell line: 173>:173 - accuracy		mean:0.812	std:0.06
2022-08-11 13:28:24.938 | WARNING  | __main__:<cell line: 174>:174 - precision		mean:0.801	std:0.064
2022-08-11 13:28:24.940 | WARNING  | __main__:<cell line: 175>:175 - recall		mean:0.844	std:0.124
2022-08-11 13:28:24.940 | WARNING  | __main__:<cell line: 176>:176 - f1		mean:0.815	std:0.066
2022-08-11 13:28:40.106 | INFO     | __main__:<cell line: 41>:42 - 使用 卡方检验 进行特诊筛选
2022-08-11 13:28:40.716 | INFO     | __main__:<cell line: 96>:112 - 使用 SMOTETomek 混合采样
2022-08-11 13:28:40.724 | INFO     | __main__:<cell line: 117>:117 - 采样前[(0, 184), (1, 112)],采样后[(0, 176), (1, 176)]
2022-08-11 13:29:17.008 | INFO     | __main__:<cell line: 148>:148 - {'max_depth': 6, 'grow_policy': 'lossguide', 'learning_rate': 0.00017509095568792605, 'gamma': 1.3022985983034491e-05, 'reg_lambda': 0.00023253692642032797, 'reg_alpha': 9.821204129070965e-07, 'subsample': 0.6533283319112207, 'colsample_bytree': 0.320525826471823}
2022-08-11 13:29:17.863 | WARNING  | __main__:<cell line: 155>:155 - {'fit_time': array([0.08300066, 0.08514786, 0.079     , 0.08300018, 0.07710886,
       0.08431721, 0.07946444, 0.07953   , 0.07438517, 0.07143688]), 'score_time': array([0.00599933, 0.00500011, 0.00600004, 0.0059998 , 0.00400019,
       0.00506663, 0.0059998 , 0.00300002, 0.00505948, 0.00399995]), 'test_accuracy': array([0.83333333, 0.75      , 0.77142857, 0.88571429, 0.71428571,
       0.8       , 0.8       , 0.82857143, 0.8       , 0.85714286]), 'test_precision': array([0.77272727, 0.73684211, 0.76470588, 0.84210526, 0.70588235,
       0.85714286, 0.78947368, 0.875     , 0.82352941, 0.93333333]), 'test_recall': array([0.94444444, 0.77777778, 0.76470588, 0.94117647, 0.70588235,
       0.70588235, 0.83333333, 0.77777778, 0.77777778, 0.77777778]), 'test_f1': array([0.85      , 0.75675676, 0.76470588, 0.88888889, 0.70588235,
       0.77419355, 0.81081081, 0.82352941, 0.8       , 0.84848485])}
2022-08-11 13:29:17.945 | WARNING  | __main__:<cell line: 156>:168 - 0.833	0.773	0.944	0.85
2022-08-11 13:29:18.384 | WARNING  | __main__:<cell line: 156>:168 - 0.75	0.737	0.778	0.757
2022-08-11 13:29:18.761 | WARNING  | __main__:<cell line: 156>:168 - 0.771	0.765	0.765	0.765
2022-08-11 13:29:19.125 | WARNING  | __main__:<cell line: 156>:168 - 0.886	0.842	0.941	0.889
2022-08-11 13:29:19.661 | WARNING  | __main__:<cell line: 156>:168 - 0.714	0.706	0.706	0.706
2022-08-11 13:29:20.058 | WARNING  | __main__:<cell line: 156>:168 - 0.8	0.857	0.706	0.774
2022-08-11 13:29:20.488 | WARNING  | __main__:<cell line: 156>:168 - 0.8	0.789	0.833	0.811
2022-08-11 13:29:20.920 | WARNING  | __main__:<cell line: 156>:168 - 0.829	0.875	0.778	0.824
2022-08-11 13:29:21.301 | WARNING  | __main__:<cell line: 156>:168 - 0.8	0.824	0.778	0.8
2022-08-11 13:29:21.687 | WARNING  | __main__:<cell line: 156>:168 - 0.857	0.933	0.778	0.848
2022-08-11 13:29:22.000 | WARNING  | __main__:<cell line: 173>:173 - accuracy		mean:0.804	std:0.048
2022-08-11 13:29:22.003 | WARNING  | __main__:<cell line: 174>:174 - precision		mean:0.81	std:0.066
2022-08-11 13:29:22.008 | WARNING  | __main__:<cell line: 175>:175 - recall		mean:0.801	std:0.079
2022-08-11 13:29:22.009 | WARNING  | __main__:<cell line: 176>:176 - f1		mean:0.802	std:0.051
2022-08-11 13:29:23.241 | INFO     | __main__:<cell line: 41>:42 - 使用 卡方检验 进行特诊筛选
2022-08-11 13:29:23.770 | INFO     | __main__:<cell line: 96>:112 - 使用 SMOTETomek 混合采样
2022-08-11 13:29:23.777 | INFO     | __main__:<cell line: 117>:117 - 采样前[(0, 184), (1, 112)],采样后[(0, 175), (1, 175)]
2022-08-11 13:29:53.438 | INFO     | __main__:<cell line: 148>:148 - {'max_depth': 11, 'grow_policy': 'lossguide', 'learning_rate': 5.896170300736774e-07, 'gamma': 4.559676422477216e-08, 'reg_lambda': 0.32499568961489034, 'reg_alpha': 2.5220426540034168e-05, 'subsample': 0.3052927295620805, 'colsample_bytree': 0.35476132667400634}
2022-08-11 13:29:54.187 | WARNING  | __main__:<cell line: 155>:155 - {'fit_time': array([0.06841707, 0.06745172, 0.07043099, 0.0644002 , 0.07046342,
       0.07345176, 0.06941152, 0.0653801 , 0.07142758, 0.06939626]), 'score_time': array([0.00600004, 0.00606513, 0.00300026, 0.00300002, 0.00607562,
       0.00605917, 0.00400019, 0.00499988, 0.00506163, 0.00499988]), 'test_accuracy': array([0.77142857, 0.74285714, 0.8       , 0.88571429, 0.77142857,
       0.8       , 0.82857143, 0.68571429, 0.77142857, 0.74285714]), 'test_precision': array([0.71428571, 0.72222222, 0.8125    , 0.88235294, 0.76470588,
       0.76190476, 0.77272727, 0.73333333, 0.85714286, 0.76470588]), 'test_recall': array([0.88235294, 0.76470588, 0.76470588, 0.88235294, 0.76470588,
       0.88888889, 0.94444444, 0.61111111, 0.66666667, 0.72222222]), 'test_f1': array([0.78947368, 0.74285714, 0.78787879, 0.88235294, 0.76470588,
       0.82051282, 0.85      , 0.66666667, 0.75      , 0.74285714])}
2022-08-11 13:29:54.274 | WARNING  | __main__:<cell line: 156>:168 - 0.771	0.714	0.882	0.789
2022-08-11 13:29:54.657 | WARNING  | __main__:<cell line: 156>:168 - 0.743	0.722	0.765	0.743
2022-08-11 13:29:55.021 | WARNING  | __main__:<cell line: 156>:168 - 0.8	0.812	0.765	0.788
2022-08-11 13:29:55.417 | WARNING  | __main__:<cell line: 156>:168 - 0.886	0.882	0.882	0.882
2022-08-11 13:29:55.764 | WARNING  | __main__:<cell line: 156>:168 - 0.771	0.765	0.765	0.765
2022-08-11 13:29:56.113 | WARNING  | __main__:<cell line: 156>:168 - 0.8	0.762	0.889	0.821
2022-08-11 13:29:56.483 | WARNING  | __main__:<cell line: 156>:168 - 0.829	0.773	0.944	0.85
2022-08-11 13:29:56.884 | WARNING  | __main__:<cell line: 156>:168 - 0.686	0.733	0.611	0.667
2022-08-11 13:29:57.294 | WARNING  | __main__:<cell line: 156>:168 - 0.771	0.857	0.667	0.75
2022-08-11 13:29:57.804 | WARNING  | __main__:<cell line: 156>:168 - 0.743	0.765	0.722	0.743
2022-08-11 13:29:58.084 | WARNING  | __main__:<cell line: 173>:173 - accuracy		mean:0.78	std:0.051
2022-08-11 13:29:58.088 | WARNING  | __main__:<cell line: 174>:174 - precision		mean:0.779	std:0.053
2022-08-11 13:29:58.090 | WARNING  | __main__:<cell line: 175>:175 - recall		mean:0.789	std:0.102
2022-08-11 13:29:58.092 | WARNING  | __main__:<cell line: 176>:176 - f1		mean:0.78	std:0.058
2022-08-11 13:44:07.229 | INFO     | __main__:<cell line: 41>:66 - 使用 LASSO 进行特征选择,剩余73个特征
2022-08-11 13:44:08.206 | INFO     | __main__:<cell line: 96>:112 - 使用 SMOTETomek 混合采样
2022-08-11 13:44:08.249 | INFO     | __main__:<cell line: 117>:117 - 采样前[(1, 112), (0, 121)],采样后[(0, 114), (1, 114)]
2022-08-11 13:44:41.736 | INFO     | __main__:<cell line: 148>:148 - {'max_depth': 3, 'grow_policy': 'lossguide', 'learning_rate': 2.6126341857349415e-05, 'gamma': 0.0076587573761547215, 'reg_lambda': 0.0003082012005963344, 'reg_alpha': 0.09165110532449094, 'subsample': 0.7733077514600244, 'colsample_bytree': 0.73636787862283}
2022-08-11 13:44:42.355 | WARNING  | __main__:<cell line: 155>:155 - {'fit_time': array([0.06055474, 0.05340409, 0.05538201, 0.06135201, 0.06341386,
       0.05229259, 0.05639195, 0.05036402, 0.05227852, 0.06135678]), 'score_time': array([0.00399995, 0.00300026, 0.0059998 , 0.00605655, 0.00406218,
       0.00399995, 0.00299978, 0.00299978, 0.00608253, 0.00500011]), 'test_accuracy': array([0.82608696, 0.82608696, 0.82608696, 0.73913043, 0.56521739,
       0.91304348, 0.69565217, 0.86956522, 0.77272727, 0.72727273]), 'test_precision': array([0.76923077, 0.81818182, 0.73333333, 0.69230769, 0.6       ,
       0.85714286, 0.85714286, 0.84615385, 0.75      , 0.72727273]), 'test_recall': array([0.90909091, 0.81818182, 1.        , 0.81818182, 0.5       ,
       1.        , 0.5       , 0.91666667, 0.81818182, 0.72727273]), 'test_f1': array([0.83333333, 0.81818182, 0.84615385, 0.75      , 0.54545455,
       0.92307692, 0.63157895, 0.88      , 0.7826087 , 0.72727273])}
2022-08-11 13:44:42.419 | WARNING  | __main__:<cell line: 156>:168 - 0.826	0.769	0.909	0.833
2022-08-11 13:44:42.752 | WARNING  | __main__:<cell line: 156>:168 - 0.826	0.818	0.818	0.818
2022-08-11 13:44:43.077 | WARNING  | __main__:<cell line: 156>:168 - 0.826	0.733	1.0	0.846
2022-08-11 13:44:43.389 | WARNING  | __main__:<cell line: 156>:168 - 0.739	0.692	0.818	0.75
2022-08-11 13:44:43.824 | WARNING  | __main__:<cell line: 156>:168 - 0.565	0.6	0.5	0.545
2022-08-11 13:44:44.160 | WARNING  | __main__:<cell line: 156>:168 - 0.913	0.857	1.0	0.923
2022-08-11 13:44:44.474 | WARNING  | __main__:<cell line: 156>:168 - 0.696	0.857	0.5	0.632
2022-08-11 13:44:44.797 | WARNING  | __main__:<cell line: 156>:168 - 0.87	0.846	0.917	0.88
2022-08-11 13:44:45.114 | WARNING  | __main__:<cell line: 156>:168 - 0.773	0.75	0.818	0.783
2022-08-11 13:44:45.444 | WARNING  | __main__:<cell line: 156>:168 - 0.727	0.727	0.727	0.727
2022-08-11 13:44:45.704 | WARNING  | __main__:<cell line: 173>:173 - accuracy		mean:0.776	std:0.095
2022-08-11 13:44:45.706 | WARNING  | __main__:<cell line: 174>:174 - precision		mean:0.765	std:0.078
2022-08-11 13:44:45.707 | WARNING  | __main__:<cell line: 175>:175 - recall		mean:0.801	std:0.171
2022-08-11 13:44:45.708 | WARNING  | __main__:<cell line: 176>:176 - f1		mean:0.774	std:0.109
2022-08-11 13:44:46.954 | INFO     | __main__:<cell line: 41>:66 - 使用 LASSO 进行特征选择,剩余73个特征
2022-08-11 13:44:47.461 | INFO     | __main__:<cell line: 96>:112 - 使用 SMOTETomek 混合采样
2022-08-11 13:44:47.496 | INFO     | __main__:<cell line: 117>:117 - 采样前[(1, 112), (0, 121)],采样后[(1, 113), (0, 113)]
2022-08-11 13:45:13.103 | INFO     | __main__:<cell line: 148>:148 - {'max_depth': 12, 'grow_policy': 'depthwise', 'learning_rate': 0.0519053157213048, 'gamma': 0.0016987184500740842, 'reg_lambda': 1.8920852455078788e-06, 'reg_alpha': 6.945033479539126e-07, 'subsample': 0.45562677457951484, 'colsample_bytree': 0.613629440289494}
2022-08-11 13:45:13.821 | WARNING  | __main__:<cell line: 155>:155 - {'fit_time': array([0.06943631, 0.0613327 , 0.06741858, 0.05841041, 0.06842303,
       0.06946301, 0.06542039, 0.06944132, 0.07045555, 0.06143832]), 'score_time': array([0.00606489, 0.00405049, 0.00405002, 0.00400019, 0.00600028,
       0.00606346, 0.00499964, 0.00605917, 0.00500011, 0.00499964]), 'test_accuracy': array([0.73913043, 0.82608696, 0.7826087 , 0.82608696, 0.7826087 ,
       0.82608696, 0.86363636, 0.68181818, 0.86363636, 0.77272727]), 'test_precision': array([0.6875    , 0.9       , 0.88888889, 0.81818182, 0.75      ,
       0.76923077, 0.83333333, 0.64285714, 0.83333333, 0.875     ]), 'test_recall': array([0.91666667, 0.75      , 0.66666667, 0.81818182, 0.81818182,
       0.90909091, 0.90909091, 0.81818182, 0.90909091, 0.63636364]), 'test_f1': array([0.78571429, 0.81818182, 0.76190476, 0.81818182, 0.7826087 ,
       0.83333333, 0.86956522, 0.72      , 0.86956522, 0.73684211])}
2022-08-11 13:45:13.895 | WARNING  | __main__:<cell line: 156>:168 - 0.739	0.688	0.917	0.786
2022-08-11 13:45:14.239 | WARNING  | __main__:<cell line: 156>:168 - 0.826	0.9	0.75	0.818
2022-08-11 13:45:14.591 | WARNING  | __main__:<cell line: 156>:168 - 0.783	0.889	0.667	0.762
2022-08-11 13:45:14.958 | WARNING  | __main__:<cell line: 156>:168 - 0.826	0.818	0.818	0.818
2022-08-11 13:45:15.312 | WARNING  | __main__:<cell line: 156>:168 - 0.783	0.75	0.818	0.783
2022-08-11 13:45:15.632 | WARNING  | __main__:<cell line: 156>:168 - 0.826	0.769	0.909	0.833
2022-08-11 13:45:16.011 | WARNING  | __main__:<cell line: 156>:168 - 0.864	0.833	0.909	0.87
2022-08-11 13:45:16.379 | WARNING  | __main__:<cell line: 156>:168 - 0.682	0.643	0.818	0.72
2022-08-11 13:45:16.861 | WARNING  | __main__:<cell line: 156>:168 - 0.864	0.833	0.909	0.87
2022-08-11 13:45:17.206 | WARNING  | __main__:<cell line: 156>:168 - 0.773	0.875	0.636	0.737
2022-08-11 13:45:17.469 | WARNING  | __main__:<cell line: 173>:173 - accuracy		mean:0.796	std:0.054
2022-08-11 13:45:17.470 | WARNING  | __main__:<cell line: 174>:174 - precision		mean:0.8	std:0.082
2022-08-11 13:45:17.471 | WARNING  | __main__:<cell line: 175>:175 - recall		mean:0.815	std:0.098
2022-08-11 13:45:17.473 | WARNING  | __main__:<cell line: 176>:176 - f1		mean:0.8	std:0.049
2022-08-11 13:45:18.562 | INFO     | __main__:<cell line: 41>:42 - 使用 卡方检验 进行特诊筛选
2022-08-11 13:45:19.141 | INFO     | __main__:<cell line: 96>:112 - 使用 SMOTETomek 混合采样
2022-08-11 13:45:19.151 | INFO     | __main__:<cell line: 117>:117 - 采样前[(1, 112), (0, 184)],采样后[(1, 175), (0, 175)]
2022-08-11 13:45:50.807 | INFO     | __main__:<cell line: 148>:148 - {'max_depth': 6, 'grow_policy': 'depthwise', 'learning_rate': 0.001737009851732043, 'gamma': 6.8806163418766e-07, 'reg_lambda': 0.00342793682463773, 'reg_alpha': 0.00023635641498467747, 'subsample': 0.872979765770505, 'colsample_bytree': 0.30489659215983755}
2022-08-11 13:45:51.610 | WARNING  | __main__:<cell line: 155>:155 - {'fit_time': array([0.07855916, 0.08057427, 0.08536172, 0.07849455, 0.07040811,
       0.06735754, 0.06640887, 0.07039022, 0.07743335, 0.07440758]), 'score_time': array([0.00399971, 0.00606298, 0.00706697, 0.00399995, 0.00405192,
       0.00405121, 0.00399995, 0.00399995, 0.00514102, 0.00605726]), 'test_accuracy': array([0.85714286, 0.74285714, 0.94285714, 0.77142857, 0.71428571,
       0.82857143, 0.82857143, 0.91428571, 0.82857143, 0.82857143]), 'test_precision': array([0.84210526, 0.73684211, 0.94444444, 0.75      , 0.83333333,
       0.78947368, 0.82352941, 0.9375    , 0.78947368, 0.86666667]), 'test_recall': array([0.88888889, 0.77777778, 0.94444444, 0.83333333, 0.55555556,
       0.88235294, 0.82352941, 0.88235294, 0.88235294, 0.76470588]), 'test_f1': array([0.86486486, 0.75675676, 0.94444444, 0.78947368, 0.66666667,
       0.83333333, 0.82352941, 0.90909091, 0.83333333, 0.8125    ])}
2022-08-11 13:45:51.700 | WARNING  | __main__:<cell line: 156>:168 - 0.857	0.842	0.889	0.865
2022-08-11 13:45:52.138 | WARNING  | __main__:<cell line: 156>:168 - 0.743	0.737	0.778	0.757
2022-08-11 13:45:52.672 | WARNING  | __main__:<cell line: 156>:168 - 0.943	0.944	0.944	0.944
2022-08-11 13:45:53.130 | WARNING  | __main__:<cell line: 156>:168 - 0.771	0.75	0.833	0.789
2022-08-11 13:45:53.572 | WARNING  | __main__:<cell line: 156>:168 - 0.714	0.833	0.556	0.667
2022-08-11 13:45:53.999 | WARNING  | __main__:<cell line: 156>:168 - 0.829	0.789	0.882	0.833
2022-08-11 13:45:54.444 | WARNING  | __main__:<cell line: 156>:168 - 0.829	0.824	0.824	0.824
2022-08-11 13:45:54.866 | WARNING  | __main__:<cell line: 156>:168 - 0.914	0.938	0.882	0.909
2022-08-11 13:45:55.293 | WARNING  | __main__:<cell line: 156>:168 - 0.829	0.789	0.882	0.833
2022-08-11 13:45:55.724 | WARNING  | __main__:<cell line: 156>:168 - 0.829	0.867	0.765	0.812
2022-08-11 13:45:56.039 | WARNING  | __main__:<cell line: 173>:173 - accuracy		mean:0.826	std:0.067
2022-08-11 13:45:56.043 | WARNING  | __main__:<cell line: 174>:174 - precision		mean:0.831	std:0.067
2022-08-11 13:45:56.046 | WARNING  | __main__:<cell line: 175>:175 - recall		mean:0.824	std:0.103
2022-08-11 13:45:56.047 | WARNING  | __main__:<cell line: 176>:176 - f1		mean:0.823	std:0.074
2022-08-11 13:47:54.793 | INFO     | __main__:<cell line: 41>:66 - 使用 LASSO 进行特征选择,剩余73个特征
2022-08-11 13:47:55.828 | INFO     | __main__:<cell line: 96>:112 - 使用 SMOTETomek 混合采样
2022-08-11 13:47:55.875 | INFO     | __main__:<cell line: 117>:117 - 采样前[(0, 184), (1, 112)],采样后[(0, 179), (1, 179)]
2022-08-11 13:48:23.136 | INFO     | __main__:<cell line: 148>:148 - {'max_depth': 7, 'grow_policy': 'lossguide', 'learning_rate': 1.2037644736813573e-05, 'gamma': 0.0017547790598362414, 'reg_lambda': 0.005455995565135366, 'reg_alpha': 0.402586359231066, 'subsample': 0.2024845500961461, 'colsample_bytree': 0.7701431485828834}
2022-08-11 13:48:23.796 | WARNING  | __main__:<cell line: 155>:155 - {'fit_time': array([0.06547546, 0.06634378, 0.06643414, 0.05833888, 0.06441641,
       0.06233287, 0.05433393, 0.05426097, 0.06138659, 0.0563767 ]), 'score_time': array([0.00407195, 0.00505304, 0.00599933, 0.0050602 , 0.00404525,
       0.00300026, 0.00399923, 0.00406146, 0.00399995, 0.00506711]), 'test_accuracy': array([0.77777778, 0.69444444, 0.91666667, 0.86111111, 0.61111111,
       0.83333333, 0.86111111, 0.75      , 0.8       , 0.8       ]), 'test_precision': array([0.8125    , 0.81818182, 0.94117647, 0.7826087 , 0.57692308,
       0.92857143, 0.88235294, 0.76470588, 0.77777778, 0.86666667]), 'test_recall': array([0.72222222, 0.5       , 0.88888889, 1.        , 0.83333333,
       0.72222222, 0.83333333, 0.72222222, 0.82352941, 0.72222222]), 'test_f1': array([0.76470588, 0.62068966, 0.91428571, 0.87804878, 0.68181818,
       0.8125    , 0.85714286, 0.74285714, 0.8       , 0.78787879])}
2022-08-11 13:48:23.871 | WARNING  | __main__:<cell line: 156>:168 - 0.778	0.812	0.722	0.765
2022-08-11 13:48:24.241 | WARNING  | __main__:<cell line: 156>:168 - 0.694	0.818	0.5	0.621
2022-08-11 13:48:24.583 | WARNING  | __main__:<cell line: 156>:168 - 0.917	0.941	0.889	0.914
2022-08-11 13:48:24.948 | WARNING  | __main__:<cell line: 156>:168 - 0.861	0.783	1.0	0.878
2022-08-11 13:48:25.304 | WARNING  | __main__:<cell line: 156>:168 - 0.611	0.577	0.833	0.682
2022-08-11 13:48:25.661 | WARNING  | __main__:<cell line: 156>:168 - 0.833	0.929	0.722	0.813
2022-08-11 13:48:26.110 | WARNING  | __main__:<cell line: 156>:168 - 0.861	0.882	0.833	0.857
2022-08-11 13:48:26.457 | WARNING  | __main__:<cell line: 156>:168 - 0.75	0.765	0.722	0.743
2022-08-11 13:48:26.842 | WARNING  | __main__:<cell line: 156>:168 - 0.8	0.778	0.824	0.8
2022-08-11 13:48:27.165 | WARNING  | __main__:<cell line: 156>:168 - 0.8	0.867	0.722	0.788
2022-08-11 13:48:27.431 | WARNING  | __main__:<cell line: 173>:173 - accuracy		mean:0.791	std:0.084
2022-08-11 13:48:27.434 | WARNING  | __main__:<cell line: 174>:174 - precision		mean:0.815	std:0.099
2022-08-11 13:48:27.438 | WARNING  | __main__:<cell line: 175>:175 - recall		mean:0.777	std:0.126
2022-08-11 13:48:27.440 | WARNING  | __main__:<cell line: 176>:176 - f1		mean:0.786	std:0.084
