2022-08-04 14:19:10.574 | INFO     | __main__:<cell line: 41>:42 - 使用 卡方检验 进行特诊筛选
2022-08-04 14:19:11.186 | INFO     | __main__:<cell line: 96>:112 - 使用 SMOTETomek 混合采样
2022-08-04 14:19:11.196 | INFO     | __main__:<cell line: 117>:117 - 采样前[(0, 180), (1, 120)],采样后[(0, 170), (1, 170)]
2022-08-04 14:19:42.649 | INFO     | __main__:<cell line: 148>:148 - {'max_depth': 11, 'grow_policy': 'lossguide', 'learning_rate': 9.54120585011499e-06, 'gamma': 2.2765596542001933e-05, 'reg_lambda': 2.803085999788072e-08, 'reg_alpha': 0.003199639878253844, 'subsample': 0.45124373763105646, 'colsample_bytree': 0.6822352867402863}
2022-08-04 14:19:43.660 | WARNING  | __main__:<cell line: 155>:155 - {'fit_time': array([0.10400033, 0.0859971 , 0.08599973, 0.0940001 , 0.10099959,
       0.10099959, 0.102     , 0.09100008, 0.08899999, 0.09799981]), 'score_time': array([0.00400186, 0.00399995, 0.00400019, 0.00500059, 0.00700068,
       0.00699997, 0.00700045, 0.00399947, 0.00400019, 0.00600004]), 'test_accuracy': array([0.64705882, 0.79411765, 0.73529412, 0.76470588, 0.64705882,
       0.55882353, 0.61764706, 0.73529412, 0.76470588, 0.55882353]), 'test_precision': array([0.61904762, 0.77777778, 0.75      , 0.73684211, 0.69230769,
       0.55      , 0.625     , 0.78571429, 0.84615385, 0.55555556]), 'test_recall': array([0.76470588, 0.82352941, 0.70588235, 0.82352941, 0.52941176,
       0.64705882, 0.58823529, 0.64705882, 0.64705882, 0.58823529]), 'test_f1': array([0.68421053, 0.8       , 0.72727273, 0.77777778, 0.6       ,
       0.59459459, 0.60606061, 0.70967742, 0.73333333, 0.57142857])}
2022-08-04 14:19:43.778 | WARNING  | __main__:<cell line: 156>:168 - 0.647	0.619	0.765	0.684
2022-08-04 14:19:44.256 | WARNING  | __main__:<cell line: 156>:168 - 0.794	0.778	0.824	0.8
2022-08-04 14:19:44.768 | WARNING  | __main__:<cell line: 156>:168 - 0.735	0.75	0.706	0.727
2022-08-04 14:19:45.224 | WARNING  | __main__:<cell line: 156>:168 - 0.765	0.737	0.824	0.778
2022-08-04 14:19:45.702 | WARNING  | __main__:<cell line: 156>:168 - 0.647	0.692	0.529	0.6
2022-08-04 14:19:46.185 | WARNING  | __main__:<cell line: 156>:168 - 0.559	0.55	0.647	0.595
2022-08-04 14:19:46.694 | WARNING  | __main__:<cell line: 156>:168 - 0.618	0.625	0.588	0.606
2022-08-04 14:19:47.142 | WARNING  | __main__:<cell line: 156>:168 - 0.735	0.786	0.647	0.71
2022-08-04 14:19:47.647 | WARNING  | __main__:<cell line: 156>:168 - 0.765	0.846	0.647	0.733
2022-08-04 14:19:48.108 | WARNING  | __main__:<cell line: 156>:168 - 0.559	0.556	0.588	0.571
2022-08-04 14:19:48.449 | WARNING  | __main__:<cell line: 173>:173 - accuracy		mean:0.682	std:0.083
2022-08-04 14:19:48.450 | WARNING  | __main__:<cell line: 174>:174 - precision		mean:0.694	std:0.097
2022-08-04 14:19:48.451 | WARNING  | __main__:<cell line: 175>:175 - recall		mean:0.676	std:0.096
2022-08-04 14:19:48.452 | WARNING  | __main__:<cell line: 176>:176 - f1		mean:0.68	std:0.078
2022-08-04 14:19:49.798 | INFO     | __main__:<cell line: 6>:7 - 使用 卡方检验 进行特诊筛选
2022-08-04 14:19:50.680 | INFO     | __main__:<cell line: 54>:70 - 使用 SMOTETomek 混合采样
2022-08-04 14:19:50.687 | INFO     | __main__:<cell line: 75>:75 - 采样前[(0, 184), (1, 121)],采样后[(0, 171), (1, 171)]
2022-08-04 14:19:51.908 | INFO     | __main__:<cell line: 6>:31 - 使用 LASSO 进行特征选择,剩余73个特征
2022-08-04 14:19:52.517 | INFO     | __main__:<cell line: 54>:70 - 使用 SMOTETomek 混合采样
2022-08-04 14:19:52.562 | INFO     | __main__:<cell line: 75>:75 - 采样前[(0, 184), (1, 121)],采样后[(0, 177), (1, 177)]
2022-08-04 14:19:55.762 | WARNING  | __main__:<cell line: 108>:123 - 0.648	0.667	0.571	0.615
2022-08-04 14:19:56.048 | WARNING  | __main__:<cell line: 108>:123 - 0.732	0.722	0.743	0.732
2022-08-04 14:19:56.443 | WARNING  | __main__:<cell line: 108>:123 - 0.718	0.864	0.528	0.655
2022-08-04 14:19:56.727 | WARNING  | __main__:<cell line: 108>:123 - 0.676	0.76	0.528	0.623
2022-08-04 14:19:56.978 | WARNING  | __main__:<cell line: 108>:123 - 0.743	0.793	0.657	0.719
2022-08-04 14:19:57.210 | WARNING  | __main__:<cell line: 128>:128 - accuracy		mean:0.704	std:0.036
2022-08-04 14:19:57.211 | WARNING  | __main__:<cell line: 129>:129 - precision		mean:0.761	std:0.066
2022-08-04 14:19:57.213 | WARNING  | __main__:<cell line: 130>:130 - recall		mean:0.605	std:0.083
2022-08-04 14:19:57.214 | WARNING  | __main__:<cell line: 131>:131 - f1		mean:0.669	std:0.048
2022-08-04 14:19:58.525 | INFO     | __main__:<cell line: 5>:19 - 不进行特征选择
2022-08-04 14:19:58.543 | INFO     | __main__:<cell line: 34>:50 - 使用 SMOTETomek 混合采样
2022-08-04 14:19:58.572 | INFO     | __main__:<cell line: 55>:55 - 采样前[(0, 184), (1, 547)],采样后[(0, 535), (1, 535)]
2022-08-04 14:20:03.163 | WARNING  | __main__:<cell line: 88>:103 - 0.766	0.78	0.736	0.757
2022-08-04 14:20:03.600 | WARNING  | __main__:<cell line: 88>:103 - 0.804	0.796	0.811	0.804
2022-08-04 14:20:04.060 | WARNING  | __main__:<cell line: 88>:103 - 0.766	0.792	0.717	0.752
2022-08-04 14:20:04.672 | WARNING  | __main__:<cell line: 88>:103 - 0.748	0.75	0.736	0.743
2022-08-04 14:20:05.113 | WARNING  | __main__:<cell line: 88>:103 - 0.748	0.795	0.66	0.722
2022-08-04 14:20:05.574 | WARNING  | __main__:<cell line: 88>:103 - 0.757	0.868	0.611	0.717
2022-08-04 14:20:06.021 | WARNING  | __main__:<cell line: 88>:103 - 0.766	0.774	0.759	0.766
2022-08-04 14:20:06.476 | WARNING  | __main__:<cell line: 88>:103 - 0.766	0.809	0.704	0.752
2022-08-04 14:20:06.938 | WARNING  | __main__:<cell line: 88>:103 - 0.757	0.769	0.741	0.755
2022-08-04 14:20:07.536 | WARNING  | __main__:<cell line: 88>:103 - 0.748	0.787	0.685	0.733
2022-08-04 14:20:07.938 | WARNING  | __main__:<cell line: 108>:108 - 均值：	0.763	0.792	0.716	0.75
2022-08-04 14:20:09.250 | INFO     | __main__:<cell line: 6>:31 - 使用 LASSO 进行特征选择,剩余73个特征
2022-08-04 14:20:10.510 | INFO     | __main__:<cell line: 58>:74 - 使用 SMOTETomek 混合采样
2022-08-04 14:20:13.002 | INFO     | __main__:<cell line: 90>:90 - 采样前[(0, 621), (1, 184)],采样后[(0, 617), (1, 617)]
2022-08-04 14:20:16.952 | WARNING  | __main__:<cell line: 123>:138 - 0.815	0.976	0.645	0.777
2022-08-04 14:20:17.305 | WARNING  | __main__:<cell line: 123>:138 - 0.839	1.0	0.677	0.808
2022-08-04 14:20:17.684 | WARNING  | __main__:<cell line: 123>:138 - 0.831	0.956	0.694	0.804
2022-08-04 14:20:18.172 | WARNING  | __main__:<cell line: 123>:138 - 0.879	1.0	0.758	0.862
2022-08-04 14:20:18.567 | WARNING  | __main__:<cell line: 123>:138 - 0.813	0.952	0.656	0.777
2022-08-04 14:20:18.892 | WARNING  | __main__:<cell line: 123>:138 - 0.854	1.0	0.705	0.827
2022-08-04 14:20:19.259 | WARNING  | __main__:<cell line: 123>:138 - 0.789	1.0	0.574	0.729
2022-08-04 14:20:19.638 | WARNING  | __main__:<cell line: 123>:138 - 0.886	1.0	0.774	0.873
2022-08-04 14:20:20.035 | WARNING  | __main__:<cell line: 123>:138 - 0.797	1.0	0.597	0.747
2022-08-04 14:20:20.521 | WARNING  | __main__:<cell line: 123>:138 - 0.878	0.98	0.774	0.865
2022-08-04 14:20:20.862 | WARNING  | __main__:<cell line: 143>:143 - 均值：	accuracy:0.838	precision:0.986	recall:0.685	f1:0.807
2022-08-04 14:20:22.096 | INFO     | __main__:<cell line: 5>:19 - 不进行特征选择
2022-08-04 14:20:22.117 | INFO     | __main__:<cell line: 34>:50 - 使用 SMOTETomek 混合采样
2022-08-04 14:20:22.146 | INFO     | __main__:<cell line: 55>:55 - 采样前[(0, 121), (1, 621)],采样后[(0, 613), (1, 613)]
2022-08-04 14:20:26.705 | WARNING  | __main__:<cell line: 88>:103 - 0.821	0.855	0.77	0.81
2022-08-04 14:20:27.200 | WARNING  | __main__:<cell line: 88>:103 - 0.789	0.761	0.836	0.797
2022-08-04 14:20:27.617 | WARNING  | __main__:<cell line: 88>:103 - 0.764	0.786	0.721	0.752
2022-08-04 14:20:28.007 | WARNING  | __main__:<cell line: 88>:103 - 0.732	0.73	0.742	0.736
2022-08-04 14:20:28.425 | WARNING  | __main__:<cell line: 88>:103 - 0.805	0.839	0.758	0.797
2022-08-04 14:20:28.853 | WARNING  | __main__:<cell line: 88>:103 - 0.78	0.843	0.694	0.761
2022-08-04 14:20:29.242 | WARNING  | __main__:<cell line: 88>:103 - 0.844	0.904	0.77	0.832
2022-08-04 14:20:29.742 | WARNING  | __main__:<cell line: 88>:103 - 0.77	0.8	0.721	0.759
2022-08-04 14:20:30.154 | WARNING  | __main__:<cell line: 88>:103 - 0.787	0.83	0.721	0.772
2022-08-04 14:20:30.567 | WARNING  | __main__:<cell line: 88>:103 - 0.754	0.792	0.689	0.737
2022-08-04 14:20:30.932 | WARNING  | __main__:<cell line: 108>:108 - 均值：	0.785	0.814	0.742	0.775
2022-08-04 14:20:32.225 | INFO     | __main__:<cell line: 42>:69 - 使用 LASSO 进行特征选择,剩余73个特征
2022-08-04 14:20:59.250 | INFO     | __main__:<cell line: 43>:68 - 使用 LSVC 进行特征选择,剩余73个特征
2022-08-04 14:20:59.256 | INFO     | __main__:<cell line: 98>:114 - 使用 SMOTETomek 混合采样
2022-08-04 14:20:59.282 | INFO     | __main__:<cell line: 119>:119 - 采样前[(1, 300), (0, 300)],采样后[(1, 275), (0, 275)]
2022-08-04 14:25:28.167 | INFO     | __main__:<cell line: 41>:66 - 使用 LSVC 进行特征选择,剩余73个特征
2022-08-04 14:25:28.189 | INFO     | __main__:<cell line: 96>:112 - 使用 SMOTETomek 混合采样
2022-08-04 14:25:28.263 | INFO     | __main__:<cell line: 117>:117 - 采样前[(1, 547), (0, 621)],采样后[(1, 604), (0, 604)]
