2022-08-11 13:47:54.793 | INFO     | __main__:<cell line: 41>:66 - 使用 LASSO 进行特征选择,剩余73个特征
2022-08-11 13:47:55.828 | INFO     | __main__:<cell line: 96>:112 - 使用 SMOTETomek 混合采样
2022-08-11 13:47:55.875 | INFO     | __main__:<cell line: 117>:117 - 采样前[(0, 184), (1, 112)],采样后[(0, 179), (1, 179)]
2022-08-11 13:48:23.136 | INFO     | __main__:<cell line: 148>:148 - {'max_depth': 7, 'grow_policy': 'lossguide', 'learning_rate': 1.2037644736813573e-05, 'gamma': 0.0017547790598362414, 'reg_lambda': 0.005455995565135366, 'reg_alpha': 0.402586359231066, 'subsample': 0.2024845500961461, 'colsample_bytree': 0.7701431485828834}
2022-08-11 13:48:23.796 | WARNING  | __main__:<cell line: 155>:155 - {'fit_time': array([0.06547546, 0.06634378, 0.06643414, 0.05833888, 0.06441641,
       0.06233287, 0.05433393, 0.05426097, 0.06138659, 0.0563767 ]), 'score_time': array([0.00407195, 0.00505304, 0.00599933, 0.0050602 , 0.00404525,
       0.00300026, 0.00399923, 0.00406146, 0.00399995, 0.00506711]), 'test_accuracy': array([0.77777778, 0.69444444, 0.91666667, 0.86111111, 0.61111111,
       0.83333333, 0.86111111, 0.75      , 0.8       , 0.8       ]), 'test_precision': array([0.8125    , 0.81818182, 0.94117647, 0.7826087 , 0.57692308,
       0.92857143, 0.88235294, 0.76470588, 0.77777778, 0.86666667]), 'test_recall': array([0.72222222, 0.5       , 0.88888889, 1.        , 0.83333333,
       0.72222222, 0.83333333, 0.72222222, 0.82352941, 0.72222222]), 'test_f1': array([0.76470588, 0.62068966, 0.91428571, 0.87804878, 0.68181818,
       0.8125    , 0.85714286, 0.74285714, 0.8       , 0.78787879])}
2022-08-11 13:48:23.871 | WARNING  | __main__:<cell line: 156>:168 - 0.778	0.812	0.722	0.765
2022-08-11 13:48:24.241 | WARNING  | __main__:<cell line: 156>:168 - 0.694	0.818	0.5	0.621
2022-08-11 13:48:24.583 | WARNING  | __main__:<cell line: 156>:168 - 0.917	0.941	0.889	0.914
2022-08-11 13:48:24.948 | WARNING  | __main__:<cell line: 156>:168 - 0.861	0.783	1.0	0.878
2022-08-11 13:48:25.304 | WARNING  | __main__:<cell line: 156>:168 - 0.611	0.577	0.833	0.682
2022-08-11 13:48:25.661 | WARNING  | __main__:<cell line: 156>:168 - 0.833	0.929	0.722	0.813
2022-08-11 13:48:26.110 | WARNING  | __main__:<cell line: 156>:168 - 0.861	0.882	0.833	0.857
2022-08-11 13:48:26.457 | WARNING  | __main__:<cell line: 156>:168 - 0.75	0.765	0.722	0.743
2022-08-11 13:48:26.842 | WARNING  | __main__:<cell line: 156>:168 - 0.8	0.778	0.824	0.8
2022-08-11 13:48:27.165 | WARNING  | __main__:<cell line: 156>:168 - 0.8	0.867	0.722	0.788
2022-08-11 13:48:27.431 | WARNING  | __main__:<cell line: 173>:173 - accuracy		mean:0.791	std:0.084
2022-08-11 13:48:27.434 | WARNING  | __main__:<cell line: 174>:174 - precision		mean:0.815	std:0.099
2022-08-11 13:48:27.438 | WARNING  | __main__:<cell line: 175>:175 - recall		mean:0.777	std:0.126
2022-08-11 13:48:27.440 | WARNING  | __main__:<cell line: 176>:176 - f1		mean:0.786	std:0.084
