2022-10-09 11:31:03.756 | INFO     | __main__:<cell line: 42>:69 - 使用 LASSO 进行特征选择,剩余(1740, 55)个特征
2022-10-09 11:31:03.756 | INFO     | __main__:<cell line: 79>:79 - 虚证： (805, 56),Counter({0: 621, 2: 184})
2022-10-09 11:31:03.756 | INFO     | __main__:<cell line: 80>:80 - 实证： (659, 56),Counter({4: 547, 6: 112})
2022-10-09 11:31:06.544 | INFO     | __main__:<cell line: 102>:118 - 使用 SMOTETomek 混合采样
2022-10-09 11:31:06.591 | INFO     | __main__:<cell line: 123>:123 - 采样前[(1, 659), (0, 805)],采样后[(1, 790), (0, 790)]
2022-10-09 11:31:16.431 | INFO     | __main__:<cell line: 156>:156 - {'max_depth': 3, 'grow_policy': 'depthwise', 'learning_rate': 0.03522536431582493, 'gamma': 0.021534468426194643, 'reg_lambda': 0.0020579330272210805, 'reg_alpha': 0.2565218642734242, 'subsample': 0.35872941905378636, 'colsample_bytree': 0.2466169951882065}
2022-10-09 11:31:18.408 | WARNING  | __main__:<cell line: 163>:163 - {'fit_time': array([0.06225348, 0.05065823, 0.06249475, 0.050493  , 0.06249285,
       0.06249356, 0.06249332, 0.99990153, 0.47723079, 0.04686999]), 'score_time': array([0.00602102, 0.        , 0.        , 0.01562309, 0.        ,
       0.        , 0.        , 0.        , 0.        , 0.        ]), 'test_accuracy': array([0.65189873, 0.64556962, 0.65189873, 0.68987342, 0.66455696,
       0.65822785, 0.58860759, 0.63291139, 0.60759494, 0.62658228]), 'test_precision': array([0.65384615, 0.65333333, 0.66666667, 0.70833333, 0.69117647,
       0.64367816, 0.59722222, 0.65671642, 0.61333333, 0.62820513]), 'test_recall': array([0.64556962, 0.62025316, 0.60759494, 0.64556962, 0.59493671,
       0.70886076, 0.5443038 , 0.55696203, 0.58227848, 0.62025316]), 'test_f1': array([0.64968153, 0.63636364, 0.63576159, 0.67549669, 0.63945578,
       0.6746988 , 0.56953642, 0.60273973, 0.5974026 , 0.62420382])}
2022-10-09 11:31:18.487 | WARNING  | __main__:<cell line: 164>:177 - 0.652	0.654	0.646	0.65
2022-10-09 11:31:18.953 | WARNING  | __main__:<cell line: 164>:177 - 0.646	0.653	0.62	0.636
2022-10-09 11:31:19.418 | WARNING  | __main__:<cell line: 164>:177 - 0.652	0.667	0.608	0.636
2022-10-09 11:31:19.846 | WARNING  | __main__:<cell line: 164>:177 - 0.69	0.708	0.646	0.675
2022-10-09 11:31:20.540 | WARNING  | __main__:<cell line: 164>:177 - 0.665	0.691	0.595	0.639
2022-10-09 11:31:21.063 | WARNING  | __main__:<cell line: 164>:177 - 0.658	0.644	0.709	0.675
2022-10-09 11:31:21.522 | WARNING  | __main__:<cell line: 164>:177 - 0.589	0.597	0.544	0.57
2022-10-09 11:31:22.121 | WARNING  | __main__:<cell line: 164>:177 - 0.633	0.657	0.557	0.603
2022-10-09 11:31:22.667 | WARNING  | __main__:<cell line: 164>:177 - 0.608	0.613	0.582	0.597
2022-10-09 11:31:23.114 | WARNING  | __main__:<cell line: 164>:177 - 0.627	0.628	0.62	0.624
2022-10-09 11:31:23.588 | WARNING  | __main__:<cell line: 183>:183 - accuracy		mean:0.642	std:0.028
2022-10-09 11:31:23.588 | WARNING  | __main__:<cell line: 185>:185 - precision		mean:0.651	std:0.032
2022-10-09 11:31:23.588 | WARNING  | __main__:<cell line: 187>:187 - recall		mean:0.613	std:0.045
2022-10-09 11:31:23.588 | WARNING  | __main__:<cell line: 189>:189 - f1		mean:0.631	std:0.032
