2022-07-30 21:48:56.048 | INFO     | __main__:<cell line: 8>:32 - 使用 LASSO 进行特征选择,剩余73个特征
2022-07-30 21:48:56.052 | INFO     | __main__:<cell line: 56>:72 - 使用 SMOTETomek 混合采样
2022-07-30 21:48:56.077 | INFO     | __main__:<cell line: 77>:77 - 采样前[(0, 300), (1, 300)],采样后[(0, 275), (1, 275)]
2022-07-30 21:49:05.323 | INFO     | __main__:<cell line: 108>:108 - {'max_depth': 6, 'grow_policy': 'lossguide', 'learning_rate': 1.4526936471739941e-08, 'gamma': 0.49363455549439583, 'reg_lambda': 0.00013991153423520574, 'reg_alpha': 0.4802914137052271, 'subsample': 0.27286815807743914, 'colsample_bytree': 0.3661943359163077}
2022-07-30 21:49:06.233 | WARNING  | __main__:<cell line: 115>:127 - 0.691	0.857	0.444	0.585
2022-07-30 21:49:06.661 | WARNING  | __main__:<cell line: 115>:127 - 0.673	0.714	0.556	0.625
2022-07-30 21:49:07.109 | WARNING  | __main__:<cell line: 115>:127 - 0.545	0.538	0.519	0.528
2022-07-30 21:49:07.662 | WARNING  | __main__:<cell line: 115>:127 - 0.636	0.684	0.481	0.565
2022-07-30 21:49:08.162 | WARNING  | __main__:<cell line: 115>:127 - 0.545	0.542	0.481	0.51
2022-07-30 21:49:08.590 | WARNING  | __main__:<cell line: 115>:127 - 0.6	0.636	0.5	0.56
2022-07-30 21:49:09.009 | WARNING  | __main__:<cell line: 115>:127 - 0.564	0.583	0.5	0.538
2022-07-30 21:49:09.439 | WARNING  | __main__:<cell line: 115>:127 - 0.636	0.682	0.536	0.6
2022-07-30 21:49:09.875 | WARNING  | __main__:<cell line: 115>:127 - 0.582	0.619	0.464	0.531
2022-07-30 21:49:10.314 | WARNING  | __main__:<cell line: 115>:127 - 0.636	0.667	0.571	0.615
2022-07-30 21:49:10.714 | WARNING  | __main__:<cell line: 132>:132 - accuracy		mean:0.611	std:0.049
2022-07-30 21:49:10.716 | WARNING  | __main__:<cell line: 133>:133 - precision		mean:0.652	std:0.089
2022-07-30 21:49:10.718 | WARNING  | __main__:<cell line: 134>:134 - recall		mean:0.505	std:0.038
2022-07-30 21:49:10.719 | WARNING  | __main__:<cell line: 135>:135 - f1		mean:0.566	std:0.038
2022-07-30 21:49:12.169 | INFO     | __main__:<cell line: 6>:7 - 使用 卡方检验 进行特诊筛选
2022-07-30 21:49:12.989 | INFO     | __main__:<cell line: 52>:68 - 使用 SMOTETomek 混合采样
2022-07-30 21:49:12.995 | INFO     | __main__:<cell line: 73>:73 - 采样前[(0, 184), (1, 121)],采样后[(0, 171), (1, 171)]
2022-07-30 21:49:14.253 | INFO     | __main__:<cell line: 6>:7 - 使用 卡方检验 进行特诊筛选
2022-07-30 21:49:14.807 | INFO     | __main__:<cell line: 52>:68 - 使用 SMOTETomek 混合采样
2022-07-30 21:49:14.819 | INFO     | __main__:<cell line: 73>:73 - 采样前[(0, 184), (1, 121)],采样后[(0, 171), (1, 171)]
2022-07-30 21:49:17.838 | WARNING  | __main__:<cell line: 106>:121 - 0.714	0.684	0.765	0.722
2022-07-30 21:49:18.307 | WARNING  | __main__:<cell line: 106>:121 - 0.8	0.789	0.833	0.811
2022-07-30 21:49:18.791 | WARNING  | __main__:<cell line: 106>:121 - 0.618	0.6	0.706	0.649
2022-07-30 21:49:19.259 | WARNING  | __main__:<cell line: 106>:121 - 0.765	0.765	0.765	0.765
2022-07-30 21:49:19.732 | WARNING  | __main__:<cell line: 106>:121 - 0.647	0.667	0.588	0.625
2022-07-30 21:49:20.306 | WARNING  | __main__:<cell line: 106>:121 - 0.794	0.778	0.824	0.8
2022-07-30 21:49:20.774 | WARNING  | __main__:<cell line: 106>:121 - 0.647	0.619	0.765	0.684
2022-07-30 21:49:21.240 | WARNING  | __main__:<cell line: 106>:121 - 0.676	0.714	0.588	0.645
2022-07-30 21:49:21.715 | WARNING  | __main__:<cell line: 106>:121 - 0.824	0.739	1.0	0.85
2022-07-30 21:49:22.195 | WARNING  | __main__:<cell line: 106>:121 - 0.706	0.733	0.647	0.688
2022-07-30 21:49:22.655 | WARNING  | __main__:<cell line: 126>:126 - 均值：	0.719	0.709	0.748	0.724
2022-07-30 21:49:24.850 | INFO     | __main__:<cell line: 5>:6 - 使用 卡方检验 进行特诊筛选
2022-07-30 21:49:24.879 | INFO     | __main__:<cell line: 34>:50 - 使用 SMOTETomek 混合采样
2022-07-30 21:49:24.915 | INFO     | __main__:<cell line: 55>:55 - 采样前[(0, 184), (1, 547)],采样后[(0, 530), (1, 530)]
2022-07-30 21:49:30.669 | WARNING  | __main__:<cell line: 88>:103 - 0.689	0.7	0.66	0.68
2022-07-30 21:49:31.366 | WARNING  | __main__:<cell line: 88>:103 - 0.726	0.7	0.792	0.743
2022-07-30 21:49:31.995 | WARNING  | __main__:<cell line: 88>:103 - 0.726	0.75	0.679	0.713
2022-07-30 21:49:32.626 | WARNING  | __main__:<cell line: 88>:103 - 0.698	0.769	0.566	0.652
2022-07-30 21:49:33.273 | WARNING  | __main__:<cell line: 88>:103 - 0.698	0.784	0.547	0.644
2022-07-30 21:49:33.907 | WARNING  | __main__:<cell line: 88>:103 - 0.745	0.842	0.604	0.703
2022-07-30 21:49:34.536 | WARNING  | __main__:<cell line: 88>:103 - 0.736	0.745	0.717	0.731
2022-07-30 21:49:35.198 | WARNING  | __main__:<cell line: 88>:103 - 0.792	0.83	0.736	0.78
2022-07-30 21:49:35.953 | WARNING  | __main__:<cell line: 88>:103 - 0.726	0.786	0.623	0.695
2022-07-30 21:49:36.590 | WARNING  | __main__:<cell line: 88>:103 - 0.613	0.615	0.604	0.61
2022-07-30 21:49:37.170 | WARNING  | __main__:<cell line: 108>:108 - 均值：	0.715	0.752	0.653	0.695
2022-07-30 21:49:39.413 | INFO     | __main__:<cell line: 6>:30 - 使用 LASSO 进行特征选择,剩余73个特征
2022-07-30 21:49:39.437 | INFO     | __main__:<cell line: 45>:61 - 使用 SMOTETomek 混合采样
2022-07-30 21:49:39.517 | INFO     | __main__:<cell line: 66>:66 - 采样前[(0, 621), (1, 184)],采样后[(0, 617), (1, 617)]
2022-07-30 21:49:44.726 | WARNING  | __main__:<cell line: 97>:112 - 0.823	1.0	0.645	0.784
2022-07-30 21:49:45.364 | WARNING  | __main__:<cell line: 97>:112 - 0.855	1.0	0.71	0.83
2022-07-30 21:49:45.999 | WARNING  | __main__:<cell line: 97>:112 - 0.831	0.936	0.71	0.807
2022-07-30 21:49:46.621 | WARNING  | __main__:<cell line: 97>:112 - 0.871	1.0	0.742	0.852
2022-07-30 21:49:47.252 | WARNING  | __main__:<cell line: 97>:112 - 0.805	0.951	0.639	0.765
2022-07-30 21:49:47.968 | WARNING  | __main__:<cell line: 97>:112 - 0.837	0.936	0.721	0.815
2022-07-30 21:49:48.615 | WARNING  | __main__:<cell line: 97>:112 - 0.78	0.972	0.574	0.722
2022-07-30 21:49:49.245 | WARNING  | __main__:<cell line: 97>:112 - 0.87	0.96	0.774	0.857
2022-07-30 21:49:49.878 | WARNING  | __main__:<cell line: 97>:112 - 0.78	0.973	0.581	0.727
2022-07-30 21:49:50.530 | WARNING  | __main__:<cell line: 97>:112 - 0.87	0.96	0.774	0.857
2022-07-30 21:49:51.118 | WARNING  | __main__:<cell line: 117>:117 - 均值：	accuracy:0.832	precision:0.969	recall:0.687	f1:0.802
2022-07-30 21:49:53.298 | INFO     | __main__:<cell line: 5>:19 - 不进行特征选择
2022-07-30 21:49:53.323 | INFO     | __main__:<cell line: 34>:50 - 使用 SMOTETomek 混合采样
2022-07-30 21:49:53.371 | INFO     | __main__:<cell line: 55>:55 - 采样前[(0, 121), (1, 621)],采样后[(0, 613), (1, 613)]
2022-07-30 21:49:59.934 | WARNING  | __main__:<cell line: 88>:103 - 0.813	0.852	0.754	0.8
2022-07-30 21:50:00.778 | WARNING  | __main__:<cell line: 88>:103 - 0.78	0.793	0.754	0.773
2022-07-30 21:50:01.594 | WARNING  | __main__:<cell line: 88>:103 - 0.699	0.731	0.623	0.673
2022-07-30 21:50:02.505 | WARNING  | __main__:<cell line: 88>:103 - 0.732	0.723	0.758	0.74
2022-07-30 21:50:03.304 | WARNING  | __main__:<cell line: 88>:103 - 0.805	0.839	0.758	0.797
2022-07-30 21:50:04.113 | WARNING  | __main__:<cell line: 88>:103 - 0.78	0.857	0.677	0.757
2022-07-30 21:50:04.921 | WARNING  | __main__:<cell line: 88>:103 - 0.803	0.849	0.738	0.789
2022-07-30 21:50:05.752 | WARNING  | __main__:<cell line: 88>:103 - 0.762	0.808	0.689	0.743
2022-07-30 21:50:06.609 | WARNING  | __main__:<cell line: 88>:103 - 0.803	0.836	0.754	0.793
2022-07-30 21:50:07.428 | WARNING  | __main__:<cell line: 88>:103 - 0.811	0.839	0.77	0.803
2022-07-30 21:50:07.791 | WARNING  | __main__:<cell line: 108>:108 - 均值：	0.779	0.813	0.728	0.767
