2022-07-30 14:26:39.735 | INFO     | __main__:<cell line: 8>:32 - 使用 LASSO 进行特征选择,剩余73个特征
2022-07-30 14:26:41.724 | INFO     | __main__:<cell line: 56>:72 - 使用 SMOTETomek 混合采样
2022-07-30 14:26:41.774 | INFO     | __main__:<cell line: 77>:77 - 采样前[(0, 621), (1, 547)],采样后[(0, 601), (1, 601)]
2022-07-30 14:26:55.244 | WARNING  | __main__:<cell line: 114>:126 - 0.537	0.536	0.5	0.517
2022-07-30 14:26:55.861 | WARNING  | __main__:<cell line: 114>:126 - 0.62	0.642	0.557	0.596
2022-07-30 14:26:56.446 | WARNING  | __main__:<cell line: 114>:126 - 0.667	0.7	0.583	0.636
2022-07-30 14:26:57.008 | WARNING  | __main__:<cell line: 114>:126 - 0.633	0.682	0.5	0.577
2022-07-30 14:26:57.573 | WARNING  | __main__:<cell line: 114>:126 - 0.642	0.718	0.467	0.566
2022-07-30 14:26:58.210 | WARNING  | __main__:<cell line: 114>:126 - 0.625	0.636	0.583	0.609
2022-07-30 14:26:58.867 | WARNING  | __main__:<cell line: 114>:126 - 0.667	0.7	0.583	0.636
2022-07-30 14:26:59.464 | WARNING  | __main__:<cell line: 114>:126 - 0.617	0.635	0.55	0.589
2022-07-30 14:27:00.080 | WARNING  | __main__:<cell line: 114>:126 - 0.567	0.571	0.533	0.552
2022-07-30 14:27:00.675 | WARNING  | __main__:<cell line: 114>:126 - 0.658	0.679	0.6	0.637
2022-07-30 14:27:01.120 | WARNING  | __main__:<cell line: 131>:131 - accuracy		mean:0.623	std:0.04
2022-07-30 14:27:01.122 | WARNING  | __main__:<cell line: 132>:132 - precision		mean:0.65	std:0.056
2022-07-30 14:27:01.124 | WARNING  | __main__:<cell line: 133>:133 - recall		mean:0.546	std:0.042
2022-07-30 14:27:01.127 | WARNING  | __main__:<cell line: 134>:134 - f1		mean:0.592	std:0.038
2022-07-30 15:07:50.832 | INFO     | __main__:<cell line: 6>:7 - 使用 卡方检验 进行特诊筛选
2022-07-30 15:07:51.439 | INFO     | __main__:<cell line: 52>:68 - 使用 SMOTETomek 混合采样
2022-07-30 15:07:51.446 | INFO     | __main__:<cell line: 73>:73 - 采样前[(0, 184), (1, 121)],采样后[(0, 171), (1, 171)]
