2022-08-21 19:34:40.262 | INFO     | __main__:<cell line: 42>:70 - 使用 LASSO 进行特征选择,剩余55个特征
2022-08-21 19:34:43.702 | INFO     | __main__:<cell line: 100>:116 - 使用 SMOTETomek 混合采样
2022-08-21 19:34:43.728 | INFO     | __main__:<cell line: 121>:121 - 采样前[(1, 547), (0, 621)],采样后[(1, 606), (0, 606)]
2022-08-21 19:34:53.504 | INFO     | __main__:<cell line: 152>:152 - {'max_depth': 6, 'grow_policy': 'depthwise', 'learning_rate': 1.3357879514862378e-06, 'gamma': 0.07992250445167569, 'reg_lambda': 0.29827758792646203, 'reg_alpha': 0.0014940292921086602, 'subsample': 0.22126301916853516, 'colsample_bytree': 0.3121159568045921}
2022-08-21 19:34:54.316 | WARNING  | __main__:<cell line: 159>:159 - {'fit_time': array([0.07800007, 0.07900023, 0.07299995, 0.07299995, 0.07999945,
       0.07800031, 0.07700062, 0.07499981, 0.07100058, 0.06799889]), 'score_time': array([0.00600004, 0.00599957, 0.00600004, 0.00500035, 0.0059998 ,
       0.00399923, 0.0059998 , 0.00399995, 0.00600004, 0.00399995]), 'test_accuracy': array([0.6147541 , 0.6147541 , 0.58677686, 0.67768595, 0.58677686,
       0.56198347, 0.61157025, 0.60330579, 0.66115702, 0.61157025]), 'test_precision': array([0.61666667, 0.60294118, 0.60784314, 0.68333333, 0.57746479,
       0.56896552, 0.62264151, 0.63043478, 0.72093023, 0.62264151]), 'test_recall': array([0.60655738, 0.67213115, 0.50819672, 0.67213115, 0.67213115,
       0.54098361, 0.55      , 0.48333333, 0.51666667, 0.55      ]), 'test_f1': array([0.61157025, 0.63565891, 0.55357143, 0.67768595, 0.62121212,
       0.55462185, 0.5840708 , 0.54716981, 0.60194175, 0.5840708 ])}
2022-08-21 19:34:54.412 | WARNING  | __main__:<cell line: 160>:172 - 0.615	0.617	0.607	0.612
2022-08-21 19:34:54.874 | WARNING  | __main__:<cell line: 160>:172 - 0.615	0.603	0.672	0.636
2022-08-21 19:34:55.366 | WARNING  | __main__:<cell line: 160>:172 - 0.587	0.608	0.508	0.554
2022-08-21 19:34:55.871 | WARNING  | __main__:<cell line: 160>:172 - 0.678	0.683	0.672	0.678
2022-08-21 19:34:56.388 | WARNING  | __main__:<cell line: 160>:172 - 0.587	0.577	0.672	0.621
2022-08-21 19:34:56.987 | WARNING  | __main__:<cell line: 160>:172 - 0.562	0.569	0.541	0.555
2022-08-21 19:34:57.437 | WARNING  | __main__:<cell line: 160>:172 - 0.612	0.623	0.55	0.584
2022-08-21 19:34:57.881 | WARNING  | __main__:<cell line: 160>:172 - 0.603	0.63	0.483	0.547
2022-08-21 19:34:58.397 | WARNING  | __main__:<cell line: 160>:172 - 0.661	0.721	0.517	0.602
2022-08-21 19:34:58.851 | WARNING  | __main__:<cell line: 160>:172 - 0.612	0.623	0.55	0.584
2022-08-21 19:34:59.212 | WARNING  | __main__:<cell line: 177>:177 - accuracy		mean:0.613	std:0.033
2022-08-21 19:34:59.215 | WARNING  | __main__:<cell line: 178>:178 - precision		mean:0.625	std:0.043
2022-08-21 19:34:59.218 | WARNING  | __main__:<cell line: 179>:179 - recall		mean:0.577	std:0.069
2022-08-21 19:34:59.220 | WARNING  | __main__:<cell line: 180>:180 - f1		mean:0.597	std:0.039
