2022-08-18 13:39:43.684 | INFO     | __main__:<cell line: 41>:66 - 使用 LASSO 进行特征选择,剩余62个特征
2022-08-18 13:39:47.339 | INFO     | __main__:<cell line: 96>:112 - 使用 SMOTETomek 混合采样
2022-08-18 13:39:47.383 | INFO     | __main__:<cell line: 117>:117 - 采样前[(0, 621), (1, 547)],采样后[(0, 598), (1, 598)]
2022-08-18 13:39:57.400 | INFO     | __main__:<cell line: 148>:148 - {'max_depth': 3, 'grow_policy': 'depthwise', 'learning_rate': 0.03810036434449582, 'gamma': 0.8343883682875832, 'reg_lambda': 3.4260852934801296e-06, 'reg_alpha': 0.0009722860166745563, 'subsample': 0.9860593501499175, 'colsample_bytree': 0.573435874723655}
2022-08-18 13:39:58.075 | WARNING  | __main__:<cell line: 155>:155 - {'fit_time': array([0.06249475, 0.06249189, 0.06249356, 0.06249332, 0.0664885 ,
       0.06249356, 0.07732034, 0.07811666, 0.06249309, 0.06249285]), 'score_time': array([0.        , 0.        , 0.        , 0.        , 0.        ,
       0.        , 0.        , 0.        , 0.        , 0.01562357]), 'test_accuracy': array([0.65833333, 0.48333333, 0.69166667, 0.61666667, 0.58333333,
       0.69166667, 0.61344538, 0.63865546, 0.61344538, 0.66386555]), 'test_precision': array([0.68627451, 0.48214286, 0.79487179, 0.64      , 0.5862069 ,
       0.69491525, 0.62264151, 0.65384615, 0.62962963, 0.67857143]), 'test_recall': array([0.58333333, 0.45      , 0.51666667, 0.53333333, 0.56666667,
       0.68333333, 0.55932203, 0.57627119, 0.56666667, 0.63333333]), 'test_f1': array([0.63063063, 0.46551724, 0.62626263, 0.58181818, 0.57627119,
       0.68907563, 0.58928571, 0.61261261, 0.59649123, 0.65517241])}
2022-08-18 13:39:58.153 | WARNING  | __main__:<cell line: 156>:168 - 0.658	0.686	0.583	0.631
2022-08-18 13:39:58.613 | WARNING  | __main__:<cell line: 156>:168 - 0.483	0.482	0.45	0.466
2022-08-18 13:39:59.010 | WARNING  | __main__:<cell line: 156>:168 - 0.692	0.795	0.517	0.626
2022-08-18 13:39:59.406 | WARNING  | __main__:<cell line: 156>:168 - 0.617	0.64	0.533	0.582
2022-08-18 13:39:59.797 | WARNING  | __main__:<cell line: 156>:168 - 0.583	0.586	0.567	0.576
2022-08-18 13:40:00.248 | WARNING  | __main__:<cell line: 156>:168 - 0.692	0.695	0.683	0.689
2022-08-18 13:40:00.640 | WARNING  | __main__:<cell line: 156>:168 - 0.613	0.623	0.559	0.589
2022-08-18 13:40:01.134 | WARNING  | __main__:<cell line: 156>:168 - 0.639	0.654	0.576	0.613
2022-08-18 13:40:01.569 | WARNING  | __main__:<cell line: 156>:168 - 0.613	0.63	0.567	0.596
2022-08-18 13:40:01.985 | WARNING  | __main__:<cell line: 156>:168 - 0.664	0.679	0.633	0.655
2022-08-18 13:40:02.318 | WARNING  | __main__:<cell line: 173>:173 - accuracy		mean:0.625	std:0.058
2022-08-18 13:40:02.333 | WARNING  | __main__:<cell line: 174>:174 - precision		mean:0.647	std:0.077
2022-08-18 13:40:02.333 | WARNING  | __main__:<cell line: 175>:175 - recall		mean:0.567	std:0.06
2022-08-18 13:40:02.333 | WARNING  | __main__:<cell line: 176>:176 - f1		mean:0.602	std:0.056
