2022-08-14 19:17:20.163 | INFO     | __main__:<cell line: 41>:66 - 使用 LASSO 进行特征选择,剩余62个特征
2022-08-14 19:17:23.294 | INFO     | __main__:<cell line: 96>:112 - 使用 SMOTETomek 混合采样
2022-08-14 19:17:23.340 | INFO     | __main__:<cell line: 117>:117 - 采样前[(1, 547), (0, 621)],采样后[(1, 599), (0, 599)]
2022-08-14 19:18:12.261 | INFO     | __main__:<cell line: 148>:148 - {'max_depth': 4, 'grow_policy': 'lossguide', 'learning_rate': 1.6887776571907593e-08, 'gamma': 0.000256961869203543, 'reg_lambda': 0.006806771525631914, 'reg_alpha': 1.5659433393267488e-06, 'subsample': 0.3899992167724558, 'colsample_bytree': 0.5675167206661822}
2022-08-14 19:18:12.999 | WARNING  | __main__:<cell line: 155>:155 - {'fit_time': array([0.07400012, 0.06699944, 0.06999993, 0.06699991, 0.07600045,
       0.0679996 , 0.06299996, 0.06599998, 0.06599951, 0.06899905]), 'score_time': array([0.00399995, 0.0030005 , 0.00500035, 0.00399947, 0.00500011,
       0.00299978, 0.00300026, 0.00400019, 0.00499988, 0.00600028]), 'test_accuracy': array([0.65833333, 0.675     , 0.6       , 0.55      , 0.525     ,
       0.64166667, 0.64166667, 0.66666667, 0.67226891, 0.60504202]), 'test_precision': array([0.75675676, 0.72340426, 0.63636364, 0.56818182, 0.53191489,
       0.66666667, 0.6440678 , 0.68518519, 0.71428571, 0.63636364]), 'test_recall': array([0.46666667, 0.56666667, 0.46666667, 0.41666667, 0.41666667,
       0.56666667, 0.63333333, 0.61666667, 0.58333333, 0.47457627]), 'test_f1': array([0.57731959, 0.63551402, 0.53846154, 0.48076923, 0.46728972,
       0.61261261, 0.63865546, 0.64912281, 0.64220183, 0.54368932])}
2022-08-14 19:18:13.084 | WARNING  | __main__:<cell line: 156>:168 - 0.658	0.757	0.467	0.577
2022-08-14 19:18:13.583 | WARNING  | __main__:<cell line: 156>:168 - 0.675	0.723	0.567	0.636
2022-08-14 19:18:13.999 | WARNING  | __main__:<cell line: 156>:168 - 0.6	0.636	0.467	0.538
2022-08-14 19:18:14.512 | WARNING  | __main__:<cell line: 156>:168 - 0.55	0.568	0.417	0.481
2022-08-14 19:18:14.913 | WARNING  | __main__:<cell line: 156>:168 - 0.525	0.532	0.417	0.467
2022-08-14 19:18:15.328 | WARNING  | __main__:<cell line: 156>:168 - 0.642	0.667	0.567	0.613
2022-08-14 19:18:15.778 | WARNING  | __main__:<cell line: 156>:168 - 0.642	0.644	0.633	0.639
2022-08-14 19:18:16.206 | WARNING  | __main__:<cell line: 156>:168 - 0.667	0.685	0.617	0.649
2022-08-14 19:18:16.622 | WARNING  | __main__:<cell line: 156>:168 - 0.672	0.714	0.583	0.642
2022-08-14 19:18:17.038 | WARNING  | __main__:<cell line: 156>:168 - 0.605	0.636	0.475	0.544
2022-08-14 19:18:17.366 | WARNING  | __main__:<cell line: 173>:173 - accuracy		mean:0.624	std:0.05
2022-08-14 19:18:17.368 | WARNING  | __main__:<cell line: 174>:174 - precision		mean:0.656	std:0.066
2022-08-14 19:18:17.369 | WARNING  | __main__:<cell line: 175>:175 - recall		mean:0.521	std:0.077
2022-08-14 19:18:17.370 | WARNING  | __main__:<cell line: 176>:176 - f1		mean:0.579	std:0.065
