2022-09-02 16:18:45.199 | INFO     | __main__:<cell line: 43>:77 - 使用 LASSO 进行特征选择,剩余(1740, 55)个特征
2022-09-02 16:18:45.202 | INFO     | __main__:<cell line: 87>:87 - 虚证： (805, 56),Counter({805: 1})
2022-09-02 16:18:45.202 | INFO     | __main__:<cell line: 88>:88 - 实证： (659, 56),Counter({659: 1})
2022-09-02 16:18:47.953 | INFO     | __main__:<cell line: 110>:126 - 使用 SMOTETomek 混合采样
2022-09-02 16:18:48.032 | INFO     | __main__:<cell line: 131>:131 - 采样前[(0, 805), (1, 659)],采样后[(0, 793), (1, 793)]
2022-09-02 16:18:57.692 | INFO     | __main__:<cell line: 164>:164 - {'max_depth': 4, 'grow_policy': 'depthwise', 'learning_rate': 4.51505897288148e-07, 'gamma': 0.006288572638261223, 'reg_lambda': 8.584877952827094e-05, 'reg_alpha': 0.20616464311628346, 'subsample': 0.9264230459990673, 'colsample_bytree': 0.32226230400300976}
2022-09-02 16:18:58.447 | WARNING  | __main__:<cell line: 171>:171 - {'fit_time': array([0.06983352, 0.06915689, 0.07209086, 0.06552792, 0.06952286,
       0.06947398, 0.0676403 , 0.07367587, 0.06882787, 0.06671834]), 'score_time': array([0.00400376, 0.00581384, 0.00504971, 0.00402594, 0.0060153 ,
       0.00632143, 0.00601649, 0.00400138, 0.00583124, 0.00399995]), 'test_accuracy': array([0.6918239 , 0.63522013, 0.59748428, 0.61006289, 0.70440252,
       0.62264151, 0.63291139, 0.59493671, 0.62025316, 0.72151899]), 'test_precision': array([0.7027027 , 0.65217391, 0.59036145, 0.61538462, 0.7260274 ,
       0.625     , 0.69090909, 0.61538462, 0.63768116, 0.76119403]), 'test_recall': array([0.65822785, 0.56962025, 0.62025316, 0.6       , 0.6625    ,
       0.625     , 0.48101266, 0.50632911, 0.55696203, 0.64556962]), 'test_f1': array([0.67973856, 0.60810811, 0.60493827, 0.60759494, 0.69281046,
       0.625     , 0.56716418, 0.55555556, 0.59459459, 0.69863014])}
2022-09-02 16:18:58.531 | WARNING  | __main__:<cell line: 172>:185 - 0.692	0.703	0.658	0.68
2022-09-02 16:18:59.029 | WARNING  | __main__:<cell line: 172>:185 - 0.635	0.652	0.57	0.608
2022-09-02 16:18:59.597 | WARNING  | __main__:<cell line: 172>:185 - 0.597	0.59	0.62	0.605
2022-09-02 16:19:00.129 | WARNING  | __main__:<cell line: 172>:185 - 0.61	0.615	0.6	0.608
2022-09-02 16:19:00.600 | WARNING  | __main__:<cell line: 172>:185 - 0.704	0.726	0.662	0.693
2022-09-02 16:19:01.093 | WARNING  | __main__:<cell line: 172>:185 - 0.623	0.625	0.625	0.625
2022-09-02 16:19:01.593 | WARNING  | __main__:<cell line: 172>:185 - 0.633	0.691	0.481	0.567
2022-09-02 16:19:02.074 | WARNING  | __main__:<cell line: 172>:185 - 0.595	0.615	0.506	0.556
2022-09-02 16:19:02.551 | WARNING  | __main__:<cell line: 172>:185 - 0.62	0.638	0.557	0.595
2022-09-02 16:19:03.103 | WARNING  | __main__:<cell line: 172>:185 - 0.722	0.761	0.646	0.699
2022-09-02 16:19:03.509 | WARNING  | __main__:<cell line: 191>:191 - accuracy		mean:0.643	std:0.043
2022-09-02 16:19:03.510 | WARNING  | __main__:<cell line: 193>:193 - precision		mean:0.662	std:0.053
2022-09-02 16:19:03.511 | WARNING  | __main__:<cell line: 195>:195 - recall		mean:0.593	std:0.06
2022-09-02 16:19:03.512 | WARNING  | __main__:<cell line: 197>:197 - f1		mean:0.623	std:0.048
2022-09-02 16:19:16.163 | INFO     | __main__:<cell line: 43>:77 - 使用 LASSO 进行特征选择,剩余(1740, 55)个特征
2022-09-02 16:19:16.166 | INFO     | __main__:<cell line: 87>:87 - 虚证： (805, 56),Counter({0: 621, 2: 184})
2022-09-02 16:19:16.167 | INFO     | __main__:<cell line: 88>:88 - 实证： (659, 56),Counter({4: 547, 6: 112})
2022-09-02 16:19:18.927 | INFO     | __main__:<cell line: 110>:126 - 使用 SMOTETomek 混合采样
2022-09-02 16:19:18.984 | INFO     | __main__:<cell line: 131>:131 - 采样前[(1, 659), (0, 805)],采样后[(1, 789), (0, 789)]
2022-09-02 16:19:29.843 | INFO     | __main__:<cell line: 164>:164 - {'max_depth': 5, 'grow_policy': 'lossguide', 'learning_rate': 0.000523321282358173, 'gamma': 4.3656065370786675e-05, 'reg_lambda': 0.000320043738382376, 'reg_alpha': 0.005772724727929415, 'subsample': 0.8422345466596775, 'colsample_bytree': 0.2212359138551717}
2022-09-02 16:19:30.626 | WARNING  | __main__:<cell line: 171>:171 - {'fit_time': array([0.07307506, 0.07543206, 0.07473373, 0.0800755 , 0.07874322,
       0.06832314, 0.07011914, 0.0765121 , 0.06929874, 0.0702095 ]), 'score_time': array([0.00399971, 0.00635672, 0.00151181, 0.        , 0.00461197,
       0.        , 0.00801945, 0.00399947, 0.00200868, 0.        ]), 'test_accuracy': array([0.67721519, 0.66455696, 0.56962025, 0.67721519, 0.6835443 ,
       0.62658228, 0.66455696, 0.62025316, 0.6433121 , 0.61783439]), 'test_precision': array([0.675     , 0.703125  , 0.56790123, 0.71875   , 0.71014493,
       0.66129032, 0.68571429, 0.63768116, 0.67164179, 0.62857143]), 'test_recall': array([0.6835443 , 0.56962025, 0.58227848, 0.58227848, 0.62025316,
       0.51898734, 0.60759494, 0.55696203, 0.56962025, 0.56410256]), 'test_f1': array([0.67924528, 0.62937063, 0.575     , 0.64335664, 0.66216216,
       0.58156028, 0.6442953 , 0.59459459, 0.61643836, 0.59459459])}
2022-09-02 16:19:30.712 | WARNING  | __main__:<cell line: 172>:185 - 0.677	0.675	0.684	0.679
2022-09-02 16:19:31.204 | WARNING  | __main__:<cell line: 172>:185 - 0.665	0.703	0.57	0.629
2022-09-02 16:19:31.787 | WARNING  | __main__:<cell line: 172>:185 - 0.57	0.568	0.582	0.575
2022-09-02 16:19:32.304 | WARNING  | __main__:<cell line: 172>:185 - 0.677	0.719	0.582	0.643
2022-09-02 16:19:32.826 | WARNING  | __main__:<cell line: 172>:185 - 0.684	0.71	0.62	0.662
2022-09-02 16:19:33.341 | WARNING  | __main__:<cell line: 172>:185 - 0.627	0.661	0.519	0.582
2022-09-02 16:19:33.855 | WARNING  | __main__:<cell line: 172>:185 - 0.665	0.686	0.608	0.644
2022-09-02 16:19:34.339 | WARNING  | __main__:<cell line: 172>:185 - 0.62	0.638	0.557	0.595
2022-09-02 16:19:34.860 | WARNING  | __main__:<cell line: 172>:185 - 0.643	0.672	0.57	0.616
2022-09-02 16:19:35.498 | WARNING  | __main__:<cell line: 172>:185 - 0.618	0.629	0.564	0.595
2022-09-02 16:19:35.894 | WARNING  | __main__:<cell line: 191>:191 - accuracy		mean:0.644	std:0.034
2022-09-02 16:19:35.896 | WARNING  | __main__:<cell line: 193>:193 - precision		mean:0.666	std:0.043
2022-09-02 16:19:35.897 | WARNING  | __main__:<cell line: 195>:195 - recall		mean:0.586	std:0.042
2022-09-02 16:19:35.899 | WARNING  | __main__:<cell line: 197>:197 - f1		mean:0.622	std:0.034
