2022-09-02 16:19:16.163 | INFO     | __main__:<cell line: 43>:77 - 使用 LASSO 进行特征选择,剩余(1740, 55)个特征
2022-09-02 16:19:16.166 | INFO     | __main__:<cell line: 87>:87 - 虚证： (805, 56),Counter({0: 621, 2: 184})
2022-09-02 16:19:16.167 | INFO     | __main__:<cell line: 88>:88 - 实证： (659, 56),Counter({4: 547, 6: 112})
2022-09-02 16:19:18.927 | INFO     | __main__:<cell line: 110>:126 - 使用 SMOTETomek 混合采样
2022-09-02 16:19:18.984 | INFO     | __main__:<cell line: 131>:131 - 采样前[(1, 659), (0, 805)],采样后[(1, 789), (0, 789)]
2022-09-02 16:19:29.843 | INFO     | __main__:<cell line: 164>:164 - {'max_depth': 5, 'grow_policy': 'lossguide', 'learning_rate': 0.000523321282358173, 'gamma': 4.3656065370786675e-05, 'reg_lambda': 0.000320043738382376, 'reg_alpha': 0.005772724727929415, 'subsample': 0.8422345466596775, 'colsample_bytree': 0.2212359138551717}
2022-09-02 16:19:30.626 | WARNING  | __main__:<cell line: 171>:171 - {'fit_time': array([0.07307506, 0.07543206, 0.07473373, 0.0800755 , 0.07874322,
       0.06832314, 0.07011914, 0.0765121 , 0.06929874, 0.0702095 ]), 'score_time': array([0.00399971, 0.00635672, 0.00151181, 0.        , 0.00461197,
       0.        , 0.00801945, 0.00399947, 0.00200868, 0.        ]), 'test_accuracy': array([0.67721519, 0.66455696, 0.56962025, 0.67721519, 0.6835443 ,
       0.62658228, 0.66455696, 0.62025316, 0.6433121 , 0.61783439]), 'test_precision': array([0.675     , 0.703125  , 0.56790123, 0.71875   , 0.71014493,
       0.66129032, 0.68571429, 0.63768116, 0.67164179, 0.62857143]), 'test_recall': array([0.6835443 , 0.56962025, 0.58227848, 0.58227848, 0.62025316,
       0.51898734, 0.60759494, 0.55696203, 0.56962025, 0.56410256]), 'test_f1': array([0.67924528, 0.62937063, 0.575     , 0.64335664, 0.66216216,
       0.58156028, 0.6442953 , 0.59459459, 0.61643836, 0.59459459])}
2022-09-02 16:19:30.712 | WARNING  | __main__:<cell line: 172>:185 - 0.677	0.675	0.684	0.679
2022-09-02 16:19:31.204 | WARNING  | __main__:<cell line: 172>:185 - 0.665	0.703	0.57	0.629
2022-09-02 16:19:31.787 | WARNING  | __main__:<cell line: 172>:185 - 0.57	0.568	0.582	0.575
2022-09-02 16:19:32.304 | WARNING  | __main__:<cell line: 172>:185 - 0.677	0.719	0.582	0.643
2022-09-02 16:19:32.826 | WARNING  | __main__:<cell line: 172>:185 - 0.684	0.71	0.62	0.662
2022-09-02 16:19:33.341 | WARNING  | __main__:<cell line: 172>:185 - 0.627	0.661	0.519	0.582
2022-09-02 16:19:33.855 | WARNING  | __main__:<cell line: 172>:185 - 0.665	0.686	0.608	0.644
2022-09-02 16:19:34.339 | WARNING  | __main__:<cell line: 172>:185 - 0.62	0.638	0.557	0.595
2022-09-02 16:19:34.860 | WARNING  | __main__:<cell line: 172>:185 - 0.643	0.672	0.57	0.616
2022-09-02 16:19:35.498 | WARNING  | __main__:<cell line: 172>:185 - 0.618	0.629	0.564	0.595
2022-09-02 16:19:35.894 | WARNING  | __main__:<cell line: 191>:191 - accuracy		mean:0.644	std:0.034
2022-09-02 16:19:35.896 | WARNING  | __main__:<cell line: 193>:193 - precision		mean:0.666	std:0.043
2022-09-02 16:19:35.897 | WARNING  | __main__:<cell line: 195>:195 - recall		mean:0.586	std:0.042
2022-09-02 16:19:35.899 | WARNING  | __main__:<cell line: 197>:197 - f1		mean:0.622	std:0.034
