2022-10-09 11:33:00.257 | INFO     | __main__:<cell line: 42>:70 - 使用 LASSO 进行特征选择,剩余55个特征
2022-10-09 11:33:02.998 | INFO     | __main__:<cell line: 100>:116 - 使用 SMOTETomek 混合采样
2022-10-09 11:33:03.029 | INFO     | __main__:<cell line: 121>:121 - 采样前[(0, 621), (1, 547)],采样后[(0, 604), (1, 604)]
2022-10-09 11:33:12.259 | INFO     | __main__:<cell line: 152>:152 - {'max_depth': 3, 'grow_policy': 'depthwise', 'learning_rate': 0.0001812256950950811, 'gamma': 0.035343159748623, 'reg_lambda': 0.0018880762396069348, 'reg_alpha': 7.569258784862753e-07, 'subsample': 0.6962598745783224, 'colsample_bytree': 0.7146830534459576}
2022-10-09 11:33:12.875 | WARNING  | __main__:<cell line: 159>:159 - {'fit_time': array([0.06249404, 0.06249285, 0.04686928, 0.04687047, 0.05348587,
       0.04687023, 0.0624938 , 0.06249309, 0.0624938 , 0.06249309]), 'score_time': array([0.        , 0.01562428, 0.01562309, 0.01562285, 0.        ,
       0.        , 0.        , 0.        , 0.        , 0.        ]), 'test_accuracy': array([0.61157025, 0.66115702, 0.59504132, 0.61983471, 0.6446281 ,
       0.5785124 , 0.60330579, 0.67768595, 0.59166667, 0.59166667]), 'test_precision': array([0.61818182, 0.67924528, 0.62222222, 0.63461538, 0.67307692,
       0.59615385, 0.64444444, 0.67741935, 0.62790698, 0.59649123]), 'test_recall': array([0.56666667, 0.6       , 0.46666667, 0.55      , 0.57377049,
       0.50819672, 0.47540984, 0.68852459, 0.45      , 0.56666667]), 'test_f1': array([0.59130435, 0.63716814, 0.53333333, 0.58928571, 0.61946903,
       0.54867257, 0.54716981, 0.68292683, 0.52427184, 0.58119658])}
2022-10-09 11:33:12.937 | WARNING  | __main__:<cell line: 160>:172 - 0.612	0.618	0.567	0.591
2022-10-09 11:33:13.350 | WARNING  | __main__:<cell line: 160>:172 - 0.661	0.679	0.6	0.637
2022-10-09 11:33:13.751 | WARNING  | __main__:<cell line: 160>:172 - 0.595	0.622	0.467	0.533
2022-10-09 11:33:14.159 | WARNING  | __main__:<cell line: 160>:172 - 0.62	0.635	0.55	0.589
2022-10-09 11:33:14.563 | WARNING  | __main__:<cell line: 160>:172 - 0.645	0.673	0.574	0.619
2022-10-09 11:33:15.030 | WARNING  | __main__:<cell line: 160>:172 - 0.579	0.596	0.508	0.549
2022-10-09 11:33:15.419 | WARNING  | __main__:<cell line: 160>:172 - 0.603	0.644	0.475	0.547
2022-10-09 11:33:15.866 | WARNING  | __main__:<cell line: 160>:172 - 0.678	0.677	0.689	0.683
2022-10-09 11:33:16.271 | WARNING  | __main__:<cell line: 160>:172 - 0.592	0.628	0.45	0.524
2022-10-09 11:33:16.703 | WARNING  | __main__:<cell line: 160>:172 - 0.592	0.596	0.567	0.581
2022-10-09 11:33:17.000 | WARNING  | __main__:<cell line: 177>:177 - accuracy		mean:0.618	std:0.031
2022-10-09 11:33:17.000 | WARNING  | __main__:<cell line: 178>:178 - precision		mean:0.637	std:0.03
2022-10-09 11:33:17.000 | WARNING  | __main__:<cell line: 179>:179 - recall		mean:0.545	std:0.068
2022-10-09 11:33:17.000 | WARNING  | __main__:<cell line: 180>:180 - f1		mean:0.585	std:0.048
2022-10-09 11:33:48.006 | INFO     | __main__:<cell line: 6>:7 - 使用 卡方检验 进行特诊筛选
2022-10-09 11:33:49.300 | INFO     | __main__:<cell line: 54>:70 - 使用 SMOTETomek 混合采样
2022-10-09 11:33:49.300 | INFO     | __main__:<cell line: 75>:75 - 采样前[(0, 184), (1, 121)],采样后[(0, 171), (1, 171)]
2022-10-09 11:34:12.907 | INFO     | __main__:<cell line: 6>:31 - 使用 LASSO 进行特征选择,剩余73个特征
2022-10-09 11:34:13.920 | INFO     | __main__:<cell line: 54>:70 - 使用 SMOTETomek 混合采样
2022-10-09 11:34:13.961 | INFO     | __main__:<cell line: 75>:75 - 采样前[(0, 184), (1, 121)],采样后[(0, 177), (1, 177)]
2022-10-09 11:34:19.220 | INFO     | __main__:<cell line: 38>:39 - 使用 卡方检验 进行特诊筛选
2022-10-09 11:34:19.708 | INFO     | __main__:<cell line: 89>:105 - 使用 SMOTETomek 混合采样
2022-10-09 11:34:19.710 | INFO     | __main__:<cell line: 110>:110 - 采样前[(0, 120), (1, 100)],采样后[(0, 105), (1, 105)]
2022-10-09 11:34:22.323 | WARNING  | __main__:<cell line: 143>:158 - 0.762	0.739	0.81	0.773
2022-10-09 11:34:22.573 | WARNING  | __main__:<cell line: 143>:158 - 0.667	0.64	0.762	0.696
2022-10-09 11:34:22.854 | WARNING  | __main__:<cell line: 143>:158 - 0.69	0.7	0.667	0.683
2022-10-09 11:34:23.183 | WARNING  | __main__:<cell line: 143>:158 - 0.69	0.667	0.762	0.711
2022-10-09 11:34:23.448 | WARNING  | __main__:<cell line: 143>:158 - 0.714	0.667	0.857	0.75
2022-10-09 11:34:23.698 | WARNING  | __main__:<cell line: 163>:163 - accuracy		mean:0.705	std:0.032
2022-10-09 11:34:23.698 | WARNING  | __main__:<cell line: 164>:164 - precision		mean:0.682	std:0.034
2022-10-09 11:34:23.698 | WARNING  | __main__:<cell line: 165>:165 - recall		mean:0.771	std:0.063
2022-10-09 11:34:23.698 | WARNING  | __main__:<cell line: 166>:166 - f1		mean:0.722	std:0.034
2022-10-09 11:43:27.075 | INFO     | __main__:<cell line: 89>:105 - 使用 SMOTETomek 混合采样
2022-10-09 11:43:27.075 | INFO     | __main__:<cell line: 110>:110 - 采样前[(0, 120), (1, 100)],采样后[(0, 110), (1, 110)]
2022-10-09 11:43:31.066 | WARNING  | __main__:<cell line: 143>:158 - 0.636	0.625	0.682	0.652
2022-10-09 11:43:31.097 | WARNING  | __main__:<cell line: 143>:158 - 0.75	0.824	0.636	0.718
2022-10-09 11:43:31.113 | WARNING  | __main__:<cell line: 143>:158 - 0.614	0.647	0.5	0.564
2022-10-09 11:43:31.144 | WARNING  | __main__:<cell line: 143>:158 - 0.659	0.652	0.682	0.667
2022-10-09 11:43:31.175 | WARNING  | __main__:<cell line: 143>:158 - 0.659	0.652	0.682	0.667
2022-10-09 11:43:31.175 | WARNING  | __main__:<cell line: 163>:163 - accuracy		mean:0.664	std:0.046
2022-10-09 11:43:31.175 | WARNING  | __main__:<cell line: 164>:164 - precision		mean:0.68	std:0.072
2022-10-09 11:43:31.175 | WARNING  | __main__:<cell line: 165>:165 - recall		mean:0.636	std:0.07
2022-10-09 11:43:31.175 | WARNING  | __main__:<cell line: 166>:166 - f1		mean:0.654	std:0.05
