2022-08-21 19:22:47.080 | INFO     | __main__:<cell line: 42>:69 - 使用 LASSO 进行特征选择,剩余55个特征
2022-08-21 19:22:49.944 | INFO     | __main__:<cell line: 99>:115 - 使用 SMOTETomek 混合采样
2022-08-21 19:22:49.970 | INFO     | __main__:<cell line: 120>:120 - 采样前[(0, 621), (1, 547)],采样后[(0, 605), (1, 605)]
2022-08-21 19:23:00.520 | INFO     | __main__:<cell line: 151>:151 - {'max_depth': 6, 'grow_policy': 'lossguide', 'learning_rate': 0.0006227561337208393, 'gamma': 6.225083499629706e-07, 'reg_lambda': 1.0113233086152448e-08, 'reg_alpha': 2.832305331777411e-05, 'subsample': 0.28132889017456497, 'colsample_bytree': 0.5007993131140492}
2022-08-21 19:23:01.374 | WARNING  | __main__:<cell line: 158>:158 - {'fit_time': array([0.08299971, 0.0849998 , 0.07800007, 0.07499981, 0.07599998,
       0.0769999 , 0.08599997, 0.07899976, 0.07800007, 0.08299994]), 'score_time': array([0.00600004, 0.00600004, 0.00400019, 0.00399995, 0.00400019,
       0.00600004, 0.00500011, 0.00300002, 0.00499988, 0.00500011]), 'test_accuracy': array([0.62809917, 0.59504132, 0.66942149, 0.59504132, 0.56198347,
       0.62809917, 0.56198347, 0.58677686, 0.53719008, 0.63636364]), 'test_precision': array([0.62711864, 0.58730159, 0.67241379, 0.6122449 , 0.56603774,
       0.62903226, 0.58      , 0.63414634, 0.55102041, 0.65454545]), 'test_recall': array([0.61666667, 0.61666667, 0.65      , 0.5       , 0.5       ,
       0.63934426, 0.47540984, 0.42622951, 0.44262295, 0.59016393]), 'test_f1': array([0.62184874, 0.60162602, 0.66101695, 0.55045872, 0.53097345,
       0.63414634, 0.52252252, 0.50980392, 0.49090909, 0.62068966])}
2022-08-21 19:23:01.465 | WARNING  | __main__:<cell line: 159>:171 - 0.628	0.627	0.617	0.622
2022-08-21 19:23:01.952 | WARNING  | __main__:<cell line: 159>:171 - 0.595	0.587	0.617	0.602
2022-08-21 19:23:02.450 | WARNING  | __main__:<cell line: 159>:171 - 0.669	0.672	0.65	0.661
2022-08-21 19:23:02.941 | WARNING  | __main__:<cell line: 159>:171 - 0.595	0.612	0.5	0.55
2022-08-21 19:23:03.438 | WARNING  | __main__:<cell line: 159>:171 - 0.562	0.566	0.5	0.531
2022-08-21 19:23:03.988 | WARNING  | __main__:<cell line: 159>:171 - 0.628	0.629	0.639	0.634
2022-08-21 19:23:04.504 | WARNING  | __main__:<cell line: 159>:171 - 0.562	0.58	0.475	0.523
2022-08-21 19:23:05.006 | WARNING  | __main__:<cell line: 159>:171 - 0.587	0.634	0.426	0.51
2022-08-21 19:23:05.501 | WARNING  | __main__:<cell line: 159>:171 - 0.537	0.551	0.443	0.491
2022-08-21 19:23:05.986 | WARNING  | __main__:<cell line: 159>:171 - 0.636	0.655	0.59	0.621
2022-08-21 19:23:06.370 | WARNING  | __main__:<cell line: 176>:176 - accuracy		mean:0.6	std:0.038
2022-08-21 19:23:06.371 | WARNING  | __main__:<cell line: 177>:177 - precision		mean:0.611	std:0.037
2022-08-21 19:23:06.372 | WARNING  | __main__:<cell line: 178>:178 - recall		mean:0.546	std:0.081
2022-08-21 19:23:06.375 | WARNING  | __main__:<cell line: 179>:179 - f1		mean:0.574	std:0.057
2022-08-21 19:34:40.262 | INFO     | __main__:<cell line: 42>:70 - 使用 LASSO 进行特征选择,剩余55个特征
2022-08-21 19:34:43.702 | INFO     | __main__:<cell line: 100>:116 - 使用 SMOTETomek 混合采样
2022-08-21 19:34:43.728 | INFO     | __main__:<cell line: 121>:121 - 采样前[(1, 547), (0, 621)],采样后[(1, 606), (0, 606)]
2022-08-21 19:34:53.504 | INFO     | __main__:<cell line: 152>:152 - {'max_depth': 6, 'grow_policy': 'depthwise', 'learning_rate': 1.3357879514862378e-06, 'gamma': 0.07992250445167569, 'reg_lambda': 0.29827758792646203, 'reg_alpha': 0.0014940292921086602, 'subsample': 0.22126301916853516, 'colsample_bytree': 0.3121159568045921}
2022-08-21 19:34:54.316 | WARNING  | __main__:<cell line: 159>:159 - {'fit_time': array([0.07800007, 0.07900023, 0.07299995, 0.07299995, 0.07999945,
       0.07800031, 0.07700062, 0.07499981, 0.07100058, 0.06799889]), 'score_time': array([0.00600004, 0.00599957, 0.00600004, 0.00500035, 0.0059998 ,
       0.00399923, 0.0059998 , 0.00399995, 0.00600004, 0.00399995]), 'test_accuracy': array([0.6147541 , 0.6147541 , 0.58677686, 0.67768595, 0.58677686,
       0.56198347, 0.61157025, 0.60330579, 0.66115702, 0.61157025]), 'test_precision': array([0.61666667, 0.60294118, 0.60784314, 0.68333333, 0.57746479,
       0.56896552, 0.62264151, 0.63043478, 0.72093023, 0.62264151]), 'test_recall': array([0.60655738, 0.67213115, 0.50819672, 0.67213115, 0.67213115,
       0.54098361, 0.55      , 0.48333333, 0.51666667, 0.55      ]), 'test_f1': array([0.61157025, 0.63565891, 0.55357143, 0.67768595, 0.62121212,
       0.55462185, 0.5840708 , 0.54716981, 0.60194175, 0.5840708 ])}
2022-08-21 19:34:54.412 | WARNING  | __main__:<cell line: 160>:172 - 0.615	0.617	0.607	0.612
2022-08-21 19:34:54.874 | WARNING  | __main__:<cell line: 160>:172 - 0.615	0.603	0.672	0.636
2022-08-21 19:34:55.366 | WARNING  | __main__:<cell line: 160>:172 - 0.587	0.608	0.508	0.554
2022-08-21 19:34:55.871 | WARNING  | __main__:<cell line: 160>:172 - 0.678	0.683	0.672	0.678
2022-08-21 19:34:56.388 | WARNING  | __main__:<cell line: 160>:172 - 0.587	0.577	0.672	0.621
2022-08-21 19:34:56.987 | WARNING  | __main__:<cell line: 160>:172 - 0.562	0.569	0.541	0.555
2022-08-21 19:34:57.437 | WARNING  | __main__:<cell line: 160>:172 - 0.612	0.623	0.55	0.584
2022-08-21 19:34:57.881 | WARNING  | __main__:<cell line: 160>:172 - 0.603	0.63	0.483	0.547
2022-08-21 19:34:58.397 | WARNING  | __main__:<cell line: 160>:172 - 0.661	0.721	0.517	0.602
2022-08-21 19:34:58.851 | WARNING  | __main__:<cell line: 160>:172 - 0.612	0.623	0.55	0.584
2022-08-21 19:34:59.212 | WARNING  | __main__:<cell line: 177>:177 - accuracy		mean:0.613	std:0.033
2022-08-21 19:34:59.215 | WARNING  | __main__:<cell line: 178>:178 - precision		mean:0.625	std:0.043
2022-08-21 19:34:59.218 | WARNING  | __main__:<cell line: 179>:179 - recall		mean:0.577	std:0.069
2022-08-21 19:34:59.220 | WARNING  | __main__:<cell line: 180>:180 - f1		mean:0.597	std:0.039
