2022-07-30 15:39:54.507 | INFO     | __main__:<cell line: 8>:32 - 使用 LASSO 进行特征选择,剩余73个特征
2022-07-30 15:39:54.514 | INFO     | __main__:<cell line: 56>:72 - 使用 SMOTETomek 混合采样
2022-07-30 15:39:54.560 | INFO     | __main__:<cell line: 77>:77 - 采样前[(0, 300), (1, 300)],采样后[(0, 275), (1, 275)]
2022-07-30 15:40:04.741 | WARNING  | __main__:<cell line: 114>:126 - 0.636	0.621	0.667	0.643
2022-07-30 15:40:05.097 | WARNING  | __main__:<cell line: 114>:126 - 0.6	0.632	0.444	0.522
2022-07-30 15:40:05.463 | WARNING  | __main__:<cell line: 114>:126 - 0.691	0.708	0.63	0.667
2022-07-30 15:40:05.853 | WARNING  | __main__:<cell line: 114>:126 - 0.582	0.571	0.593	0.582
2022-07-30 15:40:06.217 | WARNING  | __main__:<cell line: 114>:126 - 0.673	0.68	0.63	0.654
2022-07-30 15:40:06.585 | WARNING  | __main__:<cell line: 114>:126 - 0.582	0.586	0.607	0.596
2022-07-30 15:40:07.044 | WARNING  | __main__:<cell line: 114>:126 - 0.655	0.714	0.536	0.612
2022-07-30 15:40:07.403 | WARNING  | __main__:<cell line: 114>:126 - 0.636	0.633	0.679	0.655
2022-07-30 15:40:07.769 | WARNING  | __main__:<cell line: 114>:126 - 0.618	0.64	0.571	0.604
2022-07-30 15:40:08.125 | WARNING  | __main__:<cell line: 114>:126 - 0.491	0.5	0.393	0.44
2022-07-30 15:40:08.414 | WARNING  | __main__:<cell line: 131>:131 - accuracy		mean:0.616	std:0.054
2022-07-30 15:40:08.414 | WARNING  | __main__:<cell line: 132>:132 - precision		mean:0.629	std:0.062
2022-07-30 15:40:08.416 | WARNING  | __main__:<cell line: 133>:133 - recall		mean:0.575	std:0.088
2022-07-30 15:40:08.417 | WARNING  | __main__:<cell line: 134>:134 - f1		mean:0.597	std:0.067
2022-07-30 16:30:57.873 | INFO     | __main__:<cell line: 8>:32 - 使用 LASSO 进行特征选择,剩余73个特征
2022-07-30 16:30:57.880 | INFO     | __main__:<cell line: 56>:72 - 使用 SMOTETomek 混合采样
2022-07-30 16:30:57.910 | INFO     | __main__:<cell line: 77>:77 - 采样前[(1, 300), (0, 300)],采样后[(1, 275), (0, 275)]
2022-07-30 16:31:23.323 | INFO     | __main__:<cell line: 8>:32 - 使用 LASSO 进行特征选择,剩余73个特征
2022-07-30 16:31:23.329 | INFO     | __main__:<cell line: 56>:72 - 使用 SMOTETomek 混合采样
2022-07-30 16:31:23.360 | INFO     | __main__:<cell line: 77>:77 - 采样前[(0, 300), (1, 300)],采样后[(0, 275), (1, 275)]
2022-07-30 16:33:34.219 | INFO     | __main__:<cell line: 8>:32 - 使用 LASSO 进行特征选择,剩余73个特征
2022-07-30 16:33:34.228 | INFO     | __main__:<cell line: 56>:72 - 使用 SMOTETomek 混合采样
2022-07-30 16:33:34.257 | INFO     | __main__:<cell line: 77>:77 - 采样前[(0, 300), (1, 300)],采样后[(0, 275), (1, 275)]
2022-07-30 16:33:58.952 | INFO     | __main__:<cell line: 8>:32 - 使用 LASSO 进行特征选择,剩余73个特征
2022-07-30 16:33:58.962 | INFO     | __main__:<cell line: 56>:72 - 使用 SMOTETomek 混合采样
2022-07-30 16:33:59.000 | INFO     | __main__:<cell line: 77>:77 - 采样前[(1, 300), (0, 300)],采样后[(1, 275), (0, 275)]
2022-07-30 16:35:17.777 | INFO     | __main__:<cell line: 8>:9 - 使用 卡方检验 进行特诊筛选
2022-07-30 16:35:17.790 | INFO     | __main__:<cell line: 56>:72 - 使用 SMOTETomek 混合采样
2022-07-30 16:35:17.801 | INFO     | __main__:<cell line: 77>:77 - 采样前[(1, 300), (0, 300)],采样后[(1, 279), (0, 279)]
2022-07-30 16:35:57.461 | INFO     | __main__:<cell line: 8>:32 - 使用 LASSO 进行特征选择,剩余73个特征
2022-07-30 16:35:57.472 | INFO     | __main__:<cell line: 56>:72 - 使用 SMOTETomek 混合采样
2022-07-30 16:35:57.503 | INFO     | __main__:<cell line: 77>:77 - 采样前[(0, 300), (1, 300)],采样后[(1, 275), (0, 275)]
2022-07-30 16:36:09.140 | WARNING  | __main__:<cell line: 114>:126 - 0.545	0.541	0.714	0.615
2022-07-30 16:36:09.591 | WARNING  | __main__:<cell line: 114>:126 - 0.6	0.667	0.429	0.522
2022-07-30 16:36:10.054 | WARNING  | __main__:<cell line: 114>:126 - 0.545	0.556	0.536	0.545
2022-07-30 16:36:10.514 | WARNING  | __main__:<cell line: 114>:126 - 0.6	0.625	0.536	0.577
2022-07-30 16:36:10.984 | WARNING  | __main__:<cell line: 114>:126 - 0.6	0.615	0.571	0.593
2022-07-30 16:36:11.507 | WARNING  | __main__:<cell line: 114>:126 - 0.564	0.556	0.556	0.556
2022-07-30 16:36:12.000 | WARNING  | __main__:<cell line: 114>:126 - 0.509	0.5	0.444	0.471
2022-07-30 16:36:12.466 | WARNING  | __main__:<cell line: 114>:126 - 0.6	0.586	0.63	0.607
2022-07-30 16:36:12.931 | WARNING  | __main__:<cell line: 114>:126 - 0.655	0.667	0.593	0.627
2022-07-30 16:36:13.465 | WARNING  | __main__:<cell line: 114>:126 - 0.436	0.429	0.444	0.436
2022-07-30 16:36:13.779 | WARNING  | __main__:<cell line: 131>:131 - accuracy		mean:0.565	std:0.058
2022-07-30 16:36:13.780 | WARNING  | __main__:<cell line: 132>:132 - precision		mean:0.574	std:0.071
2022-07-30 16:36:13.782 | WARNING  | __main__:<cell line: 133>:133 - recall		mean:0.545	std:0.085
2022-07-30 16:36:13.783 | WARNING  | __main__:<cell line: 134>:134 - f1		mean:0.555	std:0.06
2022-07-30 16:38:13.282 | INFO     | __main__:<cell line: 8>:32 - 使用 LASSO 进行特征选择,剩余73个特征
2022-07-30 16:38:13.287 | INFO     | __main__:<cell line: 56>:72 - 使用 SMOTETomek 混合采样
2022-07-30 16:38:13.316 | INFO     | __main__:<cell line: 77>:77 - 采样前[(0, 300), (1, 300)],采样后[(0, 275), (1, 275)]
2022-07-30 16:38:23.779 | WARNING  | __main__:<cell line: 115>:127 - 0.709	0.69	0.741	0.714
2022-07-30 16:38:24.205 | WARNING  | __main__:<cell line: 115>:127 - 0.618	0.615	0.593	0.604
2022-07-30 16:38:24.605 | WARNING  | __main__:<cell line: 115>:127 - 0.527	0.522	0.444	0.48
2022-07-30 16:38:25.021 | WARNING  | __main__:<cell line: 115>:127 - 0.673	0.696	0.593	0.64
2022-07-30 16:38:25.409 | WARNING  | __main__:<cell line: 115>:127 - 0.527	0.519	0.519	0.519
2022-07-30 16:38:25.788 | WARNING  | __main__:<cell line: 115>:127 - 0.691	0.72	0.643	0.679
2022-07-30 16:38:26.229 | WARNING  | __main__:<cell line: 115>:127 - 0.527	0.536	0.536	0.536
2022-07-30 16:38:26.594 | WARNING  | __main__:<cell line: 115>:127 - 0.455	0.455	0.357	0.4
2022-07-30 16:38:26.983 | WARNING  | __main__:<cell line: 115>:127 - 0.727	0.741	0.714	0.727
2022-07-30 16:38:27.381 | WARNING  | __main__:<cell line: 115>:127 - 0.545	0.571	0.429	0.49
2022-07-30 16:38:27.673 | WARNING  | __main__:<cell line: 132>:132 - accuracy		mean:0.6	std:0.091
2022-07-30 16:38:27.674 | WARNING  | __main__:<cell line: 133>:133 - precision		mean:0.606	std:0.095
2022-07-30 16:38:27.675 | WARNING  | __main__:<cell line: 134>:134 - recall		mean:0.557	std:0.118
2022-07-30 16:38:27.676 | WARNING  | __main__:<cell line: 135>:135 - f1		mean:0.579	std:0.105
2022-07-30 16:38:58.683 | INFO     | __main__:<cell line: 8>:32 - 使用 LASSO 进行特征选择,剩余73个特征
2022-07-30 16:38:58.687 | INFO     | __main__:<cell line: 56>:72 - 使用 SMOTETomek 混合采样
2022-07-30 16:38:58.712 | INFO     | __main__:<cell line: 77>:77 - 采样前[(0, 300), (1, 300)],采样后[(0, 275), (1, 275)]
2022-07-30 16:39:09.972 | INFO     | __main__:<cell line: 108>:108 - {'max_depth': 10, 'grow_policy': 'lossguide', 'learning_rate': 0.007920154232608166, 'gamma': 0.0006403699425019985, 'reg_lambda': 1.2042466292113693e-05, 'reg_alpha': 0.3272143855480732, 'subsample': 0.7988940395741746, 'colsample_bytree': 0.4711651615917039}
2022-07-30 16:39:11.138 | WARNING  | __main__:<cell line: 115>:127 - 0.545	0.545	0.444	0.49
2022-07-30 16:39:11.682 | WARNING  | __main__:<cell line: 115>:127 - 0.527	0.522	0.444	0.48
2022-07-30 16:39:12.295 | WARNING  | __main__:<cell line: 115>:127 - 0.491	0.483	0.519	0.5
2022-07-30 16:39:12.807 | WARNING  | __main__:<cell line: 115>:127 - 0.691	0.667	0.741	0.702
2022-07-30 16:39:13.362 | WARNING  | __main__:<cell line: 115>:127 - 0.6	0.632	0.444	0.522
2022-07-30 16:39:13.909 | WARNING  | __main__:<cell line: 115>:127 - 0.473	0.481	0.464	0.473
2022-07-30 16:39:14.447 | WARNING  | __main__:<cell line: 115>:127 - 0.455	0.444	0.286	0.348
2022-07-30 16:39:14.962 | WARNING  | __main__:<cell line: 115>:127 - 0.636	0.643	0.643	0.643
2022-07-30 16:39:15.490 | WARNING  | __main__:<cell line: 115>:127 - 0.673	0.656	0.75	0.7
2022-07-30 16:39:16.046 | WARNING  | __main__:<cell line: 115>:127 - 0.564	0.567	0.607	0.586
2022-07-30 16:39:16.455 | WARNING  | __main__:<cell line: 132>:132 - accuracy		mean:0.565	std:0.079
2022-07-30 16:39:16.460 | WARNING  | __main__:<cell line: 133>:133 - precision		mean:0.564	std:0.077
2022-07-30 16:39:16.462 | WARNING  | __main__:<cell line: 134>:134 - recall		mean:0.534	std:0.141
2022-07-30 16:39:16.466 | WARNING  | __main__:<cell line: 135>:135 - f1		mean:0.544	std:0.107
