2022-08-14 19:13:46.078 | INFO     | __main__:<cell line: 41>:66 - 使用 LASSO 进行特征选择,剩余65个特征
2022-08-14 19:13:49.183 | INFO     | __main__:<cell line: 96>:112 - 使用 SMOTETomek 混合采样
2022-08-14 19:13:49.253 | INFO     | __main__:<cell line: 117>:117 - 采样前[(1, 547), (0, 621)],采样后[(1, 603), (0, 603)]
2022-08-14 19:15:10.732 | INFO     | __main__:<cell line: 148>:148 - {'max_depth': 9, 'grow_policy': 'lossguide', 'learning_rate': 0.00018393114789803716, 'gamma': 1.3842286798128522e-08, 'reg_lambda': 2.8242090619945553e-08, 'reg_alpha': 0.010097850316858196, 'subsample': 0.4709976077666712, 'colsample_bytree': 0.22425646774079538}
2022-08-14 19:15:12.624 | WARNING  | __main__:<cell line: 155>:155 - {'fit_time': array([0.18299961, 0.18000007, 0.19499922, 0.17799997, 0.17799973,
       0.17699933, 0.18599939, 0.18099999, 0.17999983, 0.18000007]), 'score_time': array([0.00699949, 0.00600052, 0.0059998 , 0.00600028, 0.00600076,
       0.00700068, 0.00699997, 0.0059998 , 0.0059998 , 0.00699997]), 'test_accuracy': array([0.5785124 , 0.6446281 , 0.61983471, 0.61157025, 0.62809917,
       0.5785124 , 0.64166667, 0.675     , 0.69166667, 0.63333333]), 'test_precision': array([0.6       , 0.64516129, 0.65957447, 0.61403509, 0.62295082,
       0.6       , 0.68085106, 0.72340426, 0.73469388, 0.65384615]), 'test_recall': array([0.49180328, 0.6557377 , 0.50819672, 0.58333333, 0.63333333,
       0.45      , 0.53333333, 0.56666667, 0.6       , 0.56666667]), 'test_f1': array([0.54054054, 0.6504065 , 0.57407407, 0.5982906 , 0.62809917,
       0.51428571, 0.59813084, 0.63551402, 0.66055046, 0.60714286])}
2022-08-14 19:15:12.825 | WARNING  | __main__:<cell line: 156>:168 - 0.579	0.6	0.492	0.541
2022-08-14 19:15:14.038 | WARNING  | __main__:<cell line: 156>:168 - 0.645	0.645	0.656	0.65
2022-08-14 19:15:15.038 | WARNING  | __main__:<cell line: 156>:168 - 0.62	0.66	0.508	0.574
2022-08-14 19:15:16.015 | WARNING  | __main__:<cell line: 156>:168 - 0.612	0.614	0.583	0.598
2022-08-14 19:15:17.011 | WARNING  | __main__:<cell line: 156>:168 - 0.628	0.623	0.633	0.628
2022-08-14 19:15:17.990 | WARNING  | __main__:<cell line: 156>:168 - 0.579	0.6	0.45	0.514
2022-08-14 19:15:19.119 | WARNING  | __main__:<cell line: 156>:168 - 0.642	0.681	0.533	0.598
2022-08-14 19:15:20.117 | WARNING  | __main__:<cell line: 156>:168 - 0.675	0.723	0.567	0.636
2022-08-14 19:15:21.124 | WARNING  | __main__:<cell line: 156>:168 - 0.692	0.735	0.6	0.661
2022-08-14 19:15:22.123 | WARNING  | __main__:<cell line: 156>:168 - 0.633	0.654	0.567	0.607
2022-08-14 19:15:22.906 | WARNING  | __main__:<cell line: 173>:173 - accuracy		mean:0.63	std:0.035
2022-08-14 19:15:22.908 | WARNING  | __main__:<cell line: 174>:174 - precision		mean:0.653	std:0.045
2022-08-14 19:15:22.910 | WARNING  | __main__:<cell line: 175>:175 - recall		mean:0.559	std:0.061
2022-08-14 19:15:22.911 | WARNING  | __main__:<cell line: 176>:176 - f1		mean:0.601	std:0.045
2022-08-14 19:17:20.163 | INFO     | __main__:<cell line: 41>:66 - 使用 LASSO 进行特征选择,剩余62个特征
2022-08-14 19:17:23.294 | INFO     | __main__:<cell line: 96>:112 - 使用 SMOTETomek 混合采样
2022-08-14 19:17:23.340 | INFO     | __main__:<cell line: 117>:117 - 采样前[(1, 547), (0, 621)],采样后[(1, 599), (0, 599)]
2022-08-14 19:18:12.261 | INFO     | __main__:<cell line: 148>:148 - {'max_depth': 4, 'grow_policy': 'lossguide', 'learning_rate': 1.6887776571907593e-08, 'gamma': 0.000256961869203543, 'reg_lambda': 0.006806771525631914, 'reg_alpha': 1.5659433393267488e-06, 'subsample': 0.3899992167724558, 'colsample_bytree': 0.5675167206661822}
2022-08-14 19:18:12.999 | WARNING  | __main__:<cell line: 155>:155 - {'fit_time': array([0.07400012, 0.06699944, 0.06999993, 0.06699991, 0.07600045,
       0.0679996 , 0.06299996, 0.06599998, 0.06599951, 0.06899905]), 'score_time': array([0.00399995, 0.0030005 , 0.00500035, 0.00399947, 0.00500011,
       0.00299978, 0.00300026, 0.00400019, 0.00499988, 0.00600028]), 'test_accuracy': array([0.65833333, 0.675     , 0.6       , 0.55      , 0.525     ,
       0.64166667, 0.64166667, 0.66666667, 0.67226891, 0.60504202]), 'test_precision': array([0.75675676, 0.72340426, 0.63636364, 0.56818182, 0.53191489,
       0.66666667, 0.6440678 , 0.68518519, 0.71428571, 0.63636364]), 'test_recall': array([0.46666667, 0.56666667, 0.46666667, 0.41666667, 0.41666667,
       0.56666667, 0.63333333, 0.61666667, 0.58333333, 0.47457627]), 'test_f1': array([0.57731959, 0.63551402, 0.53846154, 0.48076923, 0.46728972,
       0.61261261, 0.63865546, 0.64912281, 0.64220183, 0.54368932])}
2022-08-14 19:18:13.084 | WARNING  | __main__:<cell line: 156>:168 - 0.658	0.757	0.467	0.577
2022-08-14 19:18:13.583 | WARNING  | __main__:<cell line: 156>:168 - 0.675	0.723	0.567	0.636
2022-08-14 19:18:13.999 | WARNING  | __main__:<cell line: 156>:168 - 0.6	0.636	0.467	0.538
2022-08-14 19:18:14.512 | WARNING  | __main__:<cell line: 156>:168 - 0.55	0.568	0.417	0.481
2022-08-14 19:18:14.913 | WARNING  | __main__:<cell line: 156>:168 - 0.525	0.532	0.417	0.467
2022-08-14 19:18:15.328 | WARNING  | __main__:<cell line: 156>:168 - 0.642	0.667	0.567	0.613
2022-08-14 19:18:15.778 | WARNING  | __main__:<cell line: 156>:168 - 0.642	0.644	0.633	0.639
2022-08-14 19:18:16.206 | WARNING  | __main__:<cell line: 156>:168 - 0.667	0.685	0.617	0.649
2022-08-14 19:18:16.622 | WARNING  | __main__:<cell line: 156>:168 - 0.672	0.714	0.583	0.642
2022-08-14 19:18:17.038 | WARNING  | __main__:<cell line: 156>:168 - 0.605	0.636	0.475	0.544
2022-08-14 19:18:17.366 | WARNING  | __main__:<cell line: 173>:173 - accuracy		mean:0.624	std:0.05
2022-08-14 19:18:17.368 | WARNING  | __main__:<cell line: 174>:174 - precision		mean:0.656	std:0.066
2022-08-14 19:18:17.369 | WARNING  | __main__:<cell line: 175>:175 - recall		mean:0.521	std:0.077
2022-08-14 19:18:17.370 | WARNING  | __main__:<cell line: 176>:176 - f1		mean:0.579	std:0.065
