2022-09-03 17:15:41.256 | INFO     | __main__:<cell line: 44>:71 - 使用 LASSO 进行特征选择,剩余(92, 10)个特征
2022-09-03 17:15:41.604 | INFO     | __main__:<cell line: 92>:108 - 使用 SMOTETomek 混合采样
2022-09-03 17:15:41.608 | INFO     | __main__:<cell line: 113>:113 - 采样前：热性哮喘有67条,寒性哮喘有25条
2022-09-03 17:15:41.609 | INFO     | __main__:<cell line: 114>:114 - 采样后：热性哮喘有67条,寒性哮喘有67条
2022-09-03 17:15:46.467 | INFO     | __main__:<cell line: 146>:146 - {'max_depth': 5, 'grow_policy': 'depthwise', 'learning_rate': 0.0038501067747774326, 'gamma': 3.059826938452675e-05, 'reg_lambda': 0.1423604147119546, 'reg_alpha': 0.02060509995565538, 'subsample': 0.3314189611137539, 'colsample_bytree': 0.5602330874739044}
2022-09-03 17:15:46.782 | WARNING  | __main__:<cell line: 153>:153 - {'fit_time': array([0.02700019, 0.02499962, 0.02499938, 0.02399993, 0.02700019,
       0.02699995, 0.0260005 , 0.02500057, 0.02599978, 0.02699995]), 'score_time': array([0.00499988, 0.00500011, 0.00499988, 0.00499988, 0.00500059,
       0.00399995, 0.00299931, 0.00400043, 0.00299954, 0.00399923]), 'test_accuracy': array([1.        , 0.92857143, 0.92857143, 1.        , 1.        ,
       0.92307692, 1.        , 0.92307692, 1.        , 0.92307692]), 'test_precision': array([1.   , 0.875, 0.875, 1.   , 1.   , 1.   , 1.   , 1.   , 1.   ,
       0.875]), 'test_recall': array([1.        , 1.        , 1.        , 1.        , 1.        ,
       0.83333333, 1.        , 0.85714286, 1.        , 1.        ]), 'test_f1': array([1.        , 0.93333333, 0.93333333, 1.        , 1.        ,
       0.90909091, 1.        , 0.92307692, 1.        , 0.93333333])}
2022-09-03 17:15:46.820 | WARNING  | __main__:<cell line: 154>:167 - 1.0	1.0	1.0	1.0
2022-09-03 17:15:47.048 | WARNING  | __main__:<cell line: 154>:167 - 0.929	0.875	1.0	0.933
2022-09-03 17:15:47.357 | WARNING  | __main__:<cell line: 154>:167 - 0.929	0.875	1.0	0.933
2022-09-03 17:15:47.526 | WARNING  | __main__:<cell line: 154>:167 - 1.0	1.0	1.0	1.0
2022-09-03 17:15:47.717 | WARNING  | __main__:<cell line: 154>:167 - 1.0	1.0	1.0	1.0
2022-09-03 17:15:47.929 | WARNING  | __main__:<cell line: 154>:167 - 0.923	1.0	0.833	0.909
2022-09-03 17:15:48.142 | WARNING  | __main__:<cell line: 154>:167 - 1.0	1.0	1.0	1.0
2022-09-03 17:15:48.354 | WARNING  | __main__:<cell line: 154>:167 - 0.923	1.0	0.857	0.923
2022-09-03 17:15:48.567 | WARNING  | __main__:<cell line: 154>:167 - 1.0	1.0	1.0	1.0
2022-09-03 17:15:48.785 | WARNING  | __main__:<cell line: 154>:167 - 0.923	0.875	1.0	0.933
2022-09-03 17:15:48.967 | WARNING  | __main__:<cell line: 173>:173 - accuracy		mean:0.963	std:0.037
2022-09-03 17:15:48.968 | WARNING  | __main__:<cell line: 175>:175 - precision		mean:0.962	std:0.057
2022-09-03 17:15:48.968 | WARNING  | __main__:<cell line: 177>:177 - recall		mean:0.969	std:0.062
2022-09-03 17:15:48.969 | WARNING  | __main__:<cell line: 179>:179 - f1		mean:0.963	std:0.037
