2022-10-09 11:02:12.571 | INFO     | __main__:<cell line: 43>:44 - 使用 卡方检验 进行特诊筛选
2022-10-09 11:03:03.854 | INFO     | __main__:<cell line: 146>:146 - 0.9312977099236641
2022-10-09 11:03:03.860 | INFO     | __main__:<cell line: 147>:147 - {'max_depth': 11, 'grow_policy': 'lossguide', 'learning_rate': 1.0267309928101097e-08, 'gamma': 0.00930234139672791, 'reg_lambda': 0.5774470893648558, 'reg_alpha': 0.04982794806415095, 'subsample': 0.5069299055816585, 'colsample_bytree': 0.3060759113211723}
2022-10-09 11:03:04.552 | WARNING  | __main__:<cell line: 158>:175 - 0.569	0.762	0.692	0.725	0.431	0.317
2022-10-09 11:03:05.249 | WARNING  | __main__:<cell line: 158>:175 - 0.569	0.779	0.693	0.734	0.431	0.304
2022-10-09 11:03:05.959 | WARNING  | __main__:<cell line: 158>:175 - 0.634	0.842	0.754	0.796	0.366	0.229
2022-10-09 11:03:05.966 | WARNING  | __main__:<cell line: 178>:178 - precision		mean:0.794	std:0.034
2022-10-09 11:03:05.972 | WARNING  | __main__:<cell line: 180>:180 - recall		mean:0.713	std:0.029
2022-10-09 11:03:05.978 | WARNING  | __main__:<cell line: 182>:182 - f1		mean:0.751	std:0.031
2022-10-09 11:06:58.533 | INFO     | __main__:<cell line: 43>:44 - 使用 卡方检验 进行特诊筛选
2022-10-09 11:07:38.457 | INFO     | __main__:<cell line: 146>:146 - 0.9259259259259259
2022-10-09 11:07:38.457 | INFO     | __main__:<cell line: 147>:147 - {'max_depth': 4, 'grow_policy': 'lossguide', 'learning_rate': 1.290741312945285e-06, 'gamma': 1.1210964164788919e-08, 'reg_lambda': 2.766802759938347e-06, 'reg_alpha': 2.220347731417539e-05, 'subsample': 0.337969164136068, 'colsample_bytree': 0.29872259515607114}
2022-10-09 11:07:39.031 | WARNING  | __main__:<cell line: 185>:204 - 0.742	0.836	0.816	0.826	0.258	0.201
2022-10-09 11:07:39.625 | WARNING  | __main__:<cell line: 185>:204 - 0.645	0.79	0.738	0.763	0.355	0.276
2022-10-09 11:07:40.213 | WARNING  | __main__:<cell line: 185>:204 - 0.645	0.785	0.743	0.763	0.355	0.276
2022-10-09 11:18:49.101 | INFO     | __main__:<cell line: 43>:44 - 使用 卡方检验 进行特诊筛选
2022-10-09 11:19:29.392 | INFO     | __main__:<cell line: 146>:146 - 0.9366197183098591
2022-10-09 11:19:29.392 | INFO     | __main__:<cell line: 147>:147 - {'max_depth': 5, 'grow_policy': 'lossguide', 'learning_rate': 1.2513038108538226e-08, 'gamma': 0.0002577160559677593, 'reg_lambda': 0.00010632647631192786, 'reg_alpha': 0.31829839957035255, 'subsample': 0.20082699321866535, 'colsample_bytree': 0.49530021227301896}
2022-10-09 11:19:29.738 | WARNING  | __main__:<cell line: 158>:175 - 0.539	0.747	0.672	0.708	0.461	0.336
2022-10-09 11:19:30.118 | WARNING  | __main__:<cell line: 158>:175 - 0.569	0.761	0.691	0.725	0.431	0.317
2022-10-09 11:19:30.466 | WARNING  | __main__:<cell line: 158>:175 - 0.663	0.839	0.769	0.803	0.337	0.223
2022-10-09 11:19:30.841 | WARNING  | __main__:<cell line: 185>:204 - 0.71	0.85	0.798	0.823	0.29	0.201
2022-10-09 11:19:31.187 | WARNING  | __main__:<cell line: 185>:204 - 0.581	0.796	0.696	0.743	0.419	0.29
2022-10-09 11:19:31.568 | WARNING  | __main__:<cell line: 185>:204 - 0.581	0.775	0.701	0.736	0.419	0.301
2022-10-09 11:25:30.905 | INFO     | __main__:<cell line: 146>:146 - 0.8387096774193549
2022-10-09 11:25:30.905 | INFO     | __main__:<cell line: 147>:147 - {'max_depth': 9, 'grow_policy': 'lossguide', 'learning_rate': 6.635048447172505e-07, 'gamma': 0.0001939696356462482, 'reg_lambda': 0.04552995109735483, 'reg_alpha': 0.05387371991483115, 'subsample': 0.32175281170539977, 'colsample_bytree': 0.3378722600048688}
2022-10-09 11:25:31.319 | WARNING  | __main__:<cell line: 158>:175 - 0.588	0.751	0.703	0.726	0.412	0.32
2022-10-09 11:25:31.700 | WARNING  | __main__:<cell line: 158>:175 - 0.578	0.742	0.7	0.721	0.422	0.328
2022-10-09 11:25:32.128 | WARNING  | __main__:<cell line: 158>:175 - 0.743	0.837	0.821	0.829	0.257	0.2
2022-10-09 11:25:32.572 | WARNING  | __main__:<cell line: 185>:204 - 0.742	0.836	0.816	0.826	0.258	0.201
2022-10-09 11:25:32.988 | WARNING  | __main__:<cell line: 185>:204 - 0.645	0.786	0.744	0.765	0.355	0.276
2022-10-09 11:25:33.430 | WARNING  | __main__:<cell line: 185>:204 - 0.645	0.785	0.743	0.763	0.355	0.276
2022-10-09 11:27:11.232 | INFO     | __main__:<cell line: 146>:146 - 0.8387096774193549
2022-10-09 11:27:11.232 | INFO     | __main__:<cell line: 147>:147 - {'max_depth': 5, 'grow_policy': 'depthwise', 'learning_rate': 0.00017981352594665623, 'gamma': 0.1947439789089858, 'reg_lambda': 1.5450260631479709e-07, 'reg_alpha': 0.7059854055285237, 'subsample': 0.20986597476022645, 'colsample_bytree': 0.6137259089358246}
2022-10-09 11:27:11.576 | WARNING  | __main__:<cell line: 185>:204 - 0.742	0.832	0.822	0.827	0.258	0.201
2022-10-09 11:27:11.941 | WARNING  | __main__:<cell line: 185>:204 - 0.71	0.83	0.786	0.807	0.29	0.226
2022-10-09 11:27:12.275 | WARNING  | __main__:<cell line: 185>:204 - 0.613	0.761	0.725	0.742	0.387	0.301
2022-10-09 11:27:12.640 | WARNING  | __main__:<cell line: 185>:204 - 0.548	0.72	0.711	0.715	0.452	0.337
2022-10-09 11:27:13.034 | WARNING  | __main__:<cell line: 185>:204 - 0.548	0.701	0.701	0.701	0.452	0.351
2022-10-09 11:27:13.400 | WARNING  | __main__:<cell line: 185>:204 - 0.645	0.784	0.751	0.767	0.355	0.276
2022-10-09 11:27:13.763 | WARNING  | __main__:<cell line: 185>:204 - 0.742	0.839	0.818	0.828	0.258	0.201
2022-10-09 11:27:14.144 | WARNING  | __main__:<cell line: 185>:204 - 0.581	0.744	0.704	0.723	0.419	0.326
2022-10-09 11:27:14.499 | WARNING  | __main__:<cell line: 185>:204 - 0.677	0.807	0.769	0.788	0.323	0.251
2022-10-09 11:27:14.832 | WARNING  | __main__:<cell line: 185>:204 - 0.613	0.759	0.723	0.741	0.387	0.301
2022-10-09 11:28:48.094 | INFO     | __main__:<cell line: 146>:146 - 0.8387096774193549
2022-10-09 11:28:48.094 | INFO     | __main__:<cell line: 147>:147 - {'max_depth': 12, 'grow_policy': 'depthwise', 'learning_rate': 0.00721571276404436, 'gamma': 0.00124279281379388, 'reg_lambda': 0.017872088488702156, 'reg_alpha': 0.012028564825535071, 'subsample': 0.25941522320936994, 'colsample_bytree': 0.5935678870327712}
2022-10-09 11:28:48.522 | WARNING  | __main__:<cell line: 185>:204 - 0.677	0.789	0.779	0.784	0.323	0.251
2022-10-09 11:28:48.917 | WARNING  | __main__:<cell line: 185>:204 - 0.645	0.783	0.75	0.766	0.355	0.276
2022-10-09 11:28:49.332 | WARNING  | __main__:<cell line: 185>:204 - 0.613	0.761	0.725	0.742	0.387	0.301
2022-10-09 11:28:49.762 | WARNING  | __main__:<cell line: 185>:204 - 0.613	0.753	0.735	0.744	0.387	0.301
2022-10-09 11:28:50.158 | WARNING  | __main__:<cell line: 185>:204 - 0.548	0.701	0.701	0.701	0.452	0.351
2022-10-09 11:28:50.598 | WARNING  | __main__:<cell line: 185>:204 - 0.677	0.804	0.775	0.789	0.323	0.251
2022-10-09 11:28:50.995 | WARNING  | __main__:<cell line: 185>:204 - 0.677	0.791	0.782	0.787	0.323	0.251
2022-10-09 11:28:51.423 | WARNING  | __main__:<cell line: 185>:204 - 0.613	0.764	0.728	0.745	0.387	0.301
2022-10-09 11:28:51.850 | WARNING  | __main__:<cell line: 185>:204 - 0.71	0.827	0.793	0.81	0.29	0.226
2022-10-09 11:28:52.256 | WARNING  | __main__:<cell line: 185>:204 - 0.581	0.736	0.705	0.72	0.419	0.326
2022-10-09 11:28:52.271 | WARNING  | __main__:<cell line: 207>:207 - f1		mean:0.635	std:0.048
2022-10-09 11:28:52.271 | WARNING  | __main__:<cell line: 209>:209 - precision		mean:0.771	std:0.034
2022-10-09 11:28:52.271 | WARNING  | __main__:<cell line: 211>:211 - recall		mean:0.747	std:0.032
2022-10-09 11:28:52.287 | WARNING  | __main__:<cell line: 213>:213 - f1		mean:0.759	std:0.032
2022-10-09 11:28:52.287 | WARNING  | __main__:<cell line: 215>:215 - f1		mean:0.365	std:0.048
2022-10-09 11:28:52.287 | WARNING  | __main__:<cell line: 217>:217 - f1		mean:0.284	std:0.037
2022-10-09 11:30:20.498 | INFO     | __main__:<cell line: 146>:146 - 0.8387096774193549
2022-10-09 11:30:20.498 | INFO     | __main__:<cell line: 147>:147 - {'max_depth': 9, 'grow_policy': 'lossguide', 'learning_rate': 0.004954403782575676, 'gamma': 3.814796780453513e-07, 'reg_lambda': 0.0021385944264954884, 'reg_alpha': 0.3264739280688152, 'subsample': 0.34498961088611046, 'colsample_bytree': 0.20452667878859165}
2022-10-09 11:30:20.885 | WARNING  | __main__:<cell line: 185>:203 - 0.71	0.812	0.798	0.805	0.29	0.226
2022-10-09 11:30:21.282 | WARNING  | __main__:<cell line: 185>:203 - 0.613	0.769	0.714	0.741	0.387	0.301
2022-10-09 11:30:21.664 | WARNING  | __main__:<cell line: 185>:203 - 0.613	0.764	0.719	0.741	0.387	0.301
2022-10-09 11:30:22.025 | WARNING  | __main__:<cell line: 185>:203 - 0.613	0.759	0.723	0.741	0.387	0.301
2022-10-09 11:30:22.387 | WARNING  | __main__:<cell line: 185>:203 - 0.613	0.753	0.726	0.739	0.387	0.301
2022-10-09 11:30:22.751 | WARNING  | __main__:<cell line: 185>:203 - 0.548	0.726	0.675	0.699	0.452	0.351
2022-10-09 11:30:23.101 | WARNING  | __main__:<cell line: 185>:203 - 0.71	0.823	0.788	0.805	0.29	0.226
2022-10-09 11:30:23.461 | WARNING  | __main__:<cell line: 185>:203 - 0.548	0.726	0.675	0.699	0.452	0.351
2022-10-09 11:30:23.810 | WARNING  | __main__:<cell line: 185>:203 - 0.613	0.771	0.716	0.742	0.387	0.301
2022-10-09 11:30:24.159 | WARNING  | __main__:<cell line: 185>:203 - 0.645	0.783	0.741	0.762	0.355	0.276
2022-10-09 11:30:24.175 | WARNING  | __main__:<cell line: 206>:206 - accuracy		mean:0.623	std:0.052
2022-10-09 11:30:24.175 | WARNING  | __main__:<cell line: 208>:208 - precision		mean:0.769	std:0.03
2022-10-09 11:30:24.175 | WARNING  | __main__:<cell line: 210>:210 - recall		mean:0.727	std:0.038
2022-10-09 11:30:24.192 | WARNING  | __main__:<cell line: 212>:212 - f1		mean:0.747	std:0.034
2022-10-09 11:30:24.196 | WARNING  | __main__:<cell line: 214>:214 - zero_one		mean:0.377	std:0.052
2022-10-09 11:30:24.200 | WARNING  | __main__:<cell line: 216>:216 - hamming_loss		mean:0.294	std:0.041
2022-10-09 11:44:44.482 | INFO     | __main__:<cell line: 146>:146 - 0.8387096774193549
2022-10-09 11:44:44.482 | INFO     | __main__:<cell line: 147>:147 - {'max_depth': 12, 'grow_policy': 'depthwise', 'learning_rate': 0.005132968828894746, 'gamma': 1.2563707991445745e-08, 'reg_lambda': 8.269796110610562e-05, 'reg_alpha': 3.188436471600126e-06, 'subsample': 0.4332236627709805, 'colsample_bytree': 0.39774990734480775}
2022-10-09 11:44:44.972 | WARNING  | __main__:<cell line: 185>:203 - 0.742	0.832	0.822	0.827	0.258	0.201
2022-10-09 11:44:45.458 | WARNING  | __main__:<cell line: 185>:203 - 0.645	0.79	0.738	0.763	0.355	0.276
2022-10-09 11:44:45.982 | WARNING  | __main__:<cell line: 185>:203 - 0.645	0.785	0.743	0.763	0.355	0.276
2022-10-09 11:44:46.474 | WARNING  | __main__:<cell line: 185>:203 - 0.677	0.793	0.783	0.788	0.323	0.251
2022-10-09 11:44:46.934 | WARNING  | __main__:<cell line: 185>:203 - 0.581	0.724	0.72	0.722	0.419	0.326
2022-10-09 11:44:47.420 | WARNING  | __main__:<cell line: 185>:203 - 0.677	0.804	0.775	0.789	0.323	0.251
2022-10-09 11:44:47.904 | WARNING  | __main__:<cell line: 185>:203 - 0.774	0.858	0.842	0.85	0.226	0.176
2022-10-09 11:44:48.391 | WARNING  | __main__:<cell line: 185>:203 - 0.581	0.744	0.704	0.723	0.419	0.326
2022-10-09 11:44:48.850 | WARNING  | __main__:<cell line: 185>:203 - 0.71	0.823	0.799	0.811	0.29	0.226
2022-10-09 11:44:49.340 | WARNING  | __main__:<cell line: 185>:203 - 0.645	0.78	0.747	0.763	0.355	0.276
2022-10-09 11:44:49.340 | WARNING  | __main__:<cell line: 206>:206 - accuracy		mean:0.668	std:0.06
2022-10-09 11:44:49.340 | WARNING  | __main__:<cell line: 208>:208 - precision		mean:0.793	std:0.038
2022-10-09 11:44:49.356 | WARNING  | __main__:<cell line: 210>:210 - recall		mean:0.767	std:0.043
2022-10-09 11:44:49.356 | WARNING  | __main__:<cell line: 212>:212 - f1		mean:0.78	std:0.04
2022-10-09 11:44:49.356 | WARNING  | __main__:<cell line: 214>:214 - zero_one		mean:0.332	std:0.06
2022-10-09 11:44:49.372 | WARNING  | __main__:<cell line: 216>:216 - hamming_loss		mean:0.258	std:0.046
