2022-09-03 16:00:52.352 | INFO     | __main__:<cell line: 42>:69 - 使用 LASSO 进行特征选择,剩余(92, 10)个特征
2022-09-03 16:01:38.216 | INFO     | __main__:<cell line: 42>:69 - 使用 LASSO 进行特征选择,剩余(92, 10)个特征
2022-09-03 16:01:38.219 | INFO     | __main__:<cell line: 77>:77 - 热性哮喘： (67, 45)
2022-09-03 16:01:38.222 | INFO     | __main__:<cell line: 78>:78 - 寒性哮喘： (25, 45)
2022-09-03 16:01:38.554 | INFO     | __main__:<cell line: 100>:116 - 使用 SMOTETomek 混合采样
2022-09-03 16:01:38.559 | INFO     | __main__:<cell line: 121>:121 - 采样前[(0, 67), (1, 25)],采样后[(0, 67), (1, 67)]
2022-09-03 16:02:21.934 | INFO     | __main__:<cell line: 42>:69 - 使用 LASSO 进行特征选择,剩余(92, 10)个特征
2022-09-03 16:02:21.937 | INFO     | __main__:<cell line: 77>:77 - 热性哮喘： (67, 45)
2022-09-03 16:02:21.939 | INFO     | __main__:<cell line: 78>:78 - 寒性哮喘： (25, 45)
2022-09-03 16:02:22.287 | INFO     | __main__:<cell line: 100>:116 - 使用 SMOTETomek 混合采样
2022-09-03 16:02:22.291 | INFO     | __main__:<cell line: 121>:121 - 采样前[(0, 67), (1, 25)],采样后[(0, 67), (1, 67)]
2022-09-03 16:02:27.210 | INFO     | __main__:<cell line: 154>:154 - {'max_depth': 5, 'grow_policy': 'depthwise', 'learning_rate': 1.769011595354759e-08, 'gamma': 2.646342613112831e-08, 'reg_lambda': 1.6259627936361366e-06, 'reg_alpha': 8.774410142644098e-08, 'subsample': 0.8679597404482082, 'colsample_bytree': 0.33196540940914243}
2022-09-03 16:02:27.562 | WARNING  | __main__:<cell line: 161>:161 - {'fit_time': array([0.02999997, 0.03299952, 0.02800012, 0.02699924, 0.02700019,
       0.02899957, 0.0309999 , 0.0309999 , 0.02999973, 0.02799964]), 'score_time': array([0.00500059, 0.00400019, 0.00400066, 0.00300026, 0.00499988,
       0.00500035, 0.00500011, 0.00500011, 0.00300074, 0.00500011]), 'test_accuracy': array([0.85714286, 0.92857143, 0.92857143, 1.        , 1.        ,
       0.92307692, 1.        , 0.92307692, 1.        , 0.92307692]), 'test_precision': array([0.85714286, 0.875     , 0.875     , 1.        , 1.        ,
       1.        , 1.        , 1.        , 1.        , 0.875     ]), 'test_recall': array([0.85714286, 1.        , 1.        , 1.        , 1.        ,
       0.83333333, 1.        , 0.85714286, 1.        , 1.        ]), 'test_f1': array([0.85714286, 0.93333333, 0.93333333, 1.        , 1.        ,
       0.90909091, 1.        , 0.92307692, 1.        , 0.93333333])}
2022-09-03 16:02:27.603 | WARNING  | __main__:<cell line: 162>:175 - 0.857	0.857	0.857	0.857
2022-09-03 16:02:27.849 | WARNING  | __main__:<cell line: 162>:175 - 0.929	0.875	1.0	0.933
2022-09-03 16:02:28.054 | WARNING  | __main__:<cell line: 162>:175 - 0.929	0.875	1.0	0.933
2022-09-03 16:02:28.293 | WARNING  | __main__:<cell line: 162>:175 - 1.0	1.0	1.0	1.0
2022-09-03 16:02:28.525 | WARNING  | __main__:<cell line: 162>:175 - 1.0	1.0	1.0	1.0
2022-09-03 16:02:28.759 | WARNING  | __main__:<cell line: 162>:175 - 0.923	1.0	0.833	0.909
2022-09-03 16:02:28.989 | WARNING  | __main__:<cell line: 162>:175 - 1.0	1.0	1.0	1.0
2022-09-03 16:02:29.225 | WARNING  | __main__:<cell line: 162>:175 - 0.923	1.0	0.857	0.923
2022-09-03 16:02:29.454 | WARNING  | __main__:<cell line: 162>:175 - 1.0	1.0	1.0	1.0
2022-09-03 16:02:29.691 | WARNING  | __main__:<cell line: 162>:175 - 0.923	0.875	1.0	0.933
2022-09-03 16:02:29.888 | WARNING  | __main__:<cell line: 181>:181 - accuracy		mean:0.948	std:0.047
2022-09-03 16:02:29.889 | WARNING  | __main__:<cell line: 183>:183 - precision		mean:0.948	std:0.064
2022-09-03 16:02:29.890 | WARNING  | __main__:<cell line: 185>:185 - recall		mean:0.955	std:0.069
2022-09-03 16:02:29.891 | WARNING  | __main__:<cell line: 187>:187 - f1		mean:0.949	std:0.047
2022-09-03 17:00:44.934 | INFO     | __main__:<cell line: 43>:70 - 使用 LASSO 进行特征选择,剩余(92, 10)个特征
2022-09-03 17:00:44.936 | INFO     | __main__:<cell line: 78>:78 - 热性哮喘： (67, 45)
2022-09-03 17:00:44.938 | INFO     | __main__:<cell line: 79>:79 - 寒性哮喘： (25, 45)
2022-09-03 17:00:45.363 | INFO     | __main__:<cell line: 101>:117 - 使用 SMOTETomek 混合采样
2022-09-03 17:00:45.368 | INFO     | __main__:<cell line: 122>:122 - 采样前[(0, 67), (1, 25)],采样后[(0, 67), (1, 67)]
2022-09-03 17:00:50.111 | INFO     | __main__:<cell line: 155>:155 - {'max_depth': 10, 'grow_policy': 'depthwise', 'learning_rate': 0.03357239325127929, 'gamma': 6.614235130571559e-05, 'reg_lambda': 0.00012802812862407515, 'reg_alpha': 0.007567154703859829, 'subsample': 0.7417492455983208, 'colsample_bytree': 0.3414910631595319}
2022-09-03 17:00:50.472 | WARNING  | __main__:<cell line: 162>:162 - {'fit_time': array([0.02705765, 0.0389998 , 0.03399992, 0.02499986, 0.02700019,
       0.03199673, 0.03000021, 0.02700043, 0.03200006, 0.03100014]), 'score_time': array([0.00300121, 0.00499964, 0.0049994 , 0.00400019, 0.00523615,
       0.00499988, 0.00299978, 0.00300002, 0.00499988, 0.00399971]), 'test_accuracy': array([0.92857143, 0.92857143, 0.92857143, 1.        , 1.        ,
       0.92307692, 1.        , 0.92307692, 1.        , 0.92307692]), 'test_precision': array([1.   , 0.875, 0.875, 1.   , 1.   , 1.   , 1.   , 1.   , 1.   ,
       0.875]), 'test_recall': array([0.85714286, 1.        , 1.        , 1.        , 1.        ,
       0.83333333, 1.        , 0.85714286, 1.        , 1.        ]), 'test_f1': array([0.92307692, 0.93333333, 0.93333333, 1.        , 1.        ,
       0.90909091, 1.        , 0.92307692, 1.        , 0.93333333])}
2022-09-03 17:00:50.514 | WARNING  | __main__:<cell line: 163>:176 - 0.929	1.0	0.857	0.923
2022-09-03 17:00:50.735 | WARNING  | __main__:<cell line: 163>:176 - 0.929	0.875	1.0	0.933
2022-09-03 17:00:51.189 | WARNING  | __main__:<cell line: 163>:176 - 0.929	0.875	1.0	0.933
2022-09-03 17:00:51.402 | WARNING  | __main__:<cell line: 163>:176 - 1.0	1.0	1.0	1.0
2022-09-03 17:00:51.628 | WARNING  | __main__:<cell line: 163>:176 - 1.0	1.0	1.0	1.0
2022-09-03 17:00:51.845 | WARNING  | __main__:<cell line: 163>:176 - 0.923	1.0	0.833	0.909
2022-09-03 17:00:52.066 | WARNING  | __main__:<cell line: 163>:176 - 1.0	1.0	1.0	1.0
2022-09-03 17:00:52.278 | WARNING  | __main__:<cell line: 163>:176 - 0.923	1.0	0.857	0.923
2022-09-03 17:00:52.489 | WARNING  | __main__:<cell line: 163>:176 - 1.0	1.0	1.0	1.0
2022-09-03 17:00:52.730 | WARNING  | __main__:<cell line: 163>:176 - 0.923	0.875	1.0	0.933
2022-09-03 17:00:52.909 | WARNING  | __main__:<cell line: 182>:182 - accuracy		mean:0.955	std:0.036
2022-09-03 17:00:52.910 | WARNING  | __main__:<cell line: 184>:184 - precision		mean:0.962	std:0.057
2022-09-03 17:00:52.910 | WARNING  | __main__:<cell line: 186>:186 - recall		mean:0.955	std:0.069
2022-09-03 17:00:52.911 | WARNING  | __main__:<cell line: 188>:188 - f1		mean:0.956	std:0.037
2022-09-03 17:06:53.390 | INFO     | __main__:<cell line: 43>:70 - 使用 LASSO 进行特征选择,剩余(92, 10)个特征
2022-09-03 17:06:53.731 | INFO     | __main__:<cell line: 91>:107 - 使用 SMOTETomek 混合采样
2022-09-03 17:06:53.735 | INFO     | __main__:<cell line: 112>:112 - 采样前67,采样后[(0, 67), (1, 67)]
2022-09-03 17:06:58.350 | INFO     | __main__:<cell line: 145>:145 - {'max_depth': 12, 'grow_policy': 'lossguide', 'learning_rate': 0.02671750839218781, 'gamma': 0.26530295166425655, 'reg_lambda': 0.048884304513331894, 'reg_alpha': 0.0006904995295203525, 'subsample': 0.5480833843029953, 'colsample_bytree': 0.4667989654193904}
2022-09-03 17:06:58.701 | WARNING  | __main__:<cell line: 152>:152 - {'fit_time': array([0.03199959, 0.03000069, 0.02699971, 0.02799988, 0.03000069,
       0.02900004, 0.0309999 , 0.02999902, 0.03199911, 0.03000021]), 'score_time': array([0.00500035, 0.00299954, 0.00299954, 0.00500011, 0.00499964,
       0.00499964, 0.00500107, 0.00500083, 0.00499988, 0.00500083]), 'test_accuracy': array([0.92857143, 0.92857143, 0.92857143, 1.        , 1.        ,
       0.92307692, 1.        , 0.92307692, 1.        , 0.92307692]), 'test_precision': array([1.   , 0.875, 0.875, 1.   , 1.   , 1.   , 1.   , 1.   , 1.   ,
       0.875]), 'test_recall': array([0.85714286, 1.        , 1.        , 1.        , 1.        ,
       0.83333333, 1.        , 0.85714286, 1.        , 1.        ]), 'test_f1': array([0.92307692, 0.93333333, 0.93333333, 1.        , 1.        ,
       0.90909091, 1.        , 0.92307692, 1.        , 0.93333333])}
2022-09-03 17:06:58.747 | WARNING  | __main__:<cell line: 153>:166 - 0.929	1.0	0.857	0.923
2022-09-03 17:06:58.971 | WARNING  | __main__:<cell line: 153>:166 - 0.929	0.875	1.0	0.933
2022-09-03 17:06:59.183 | WARNING  | __main__:<cell line: 153>:166 - 0.929	0.875	1.0	0.933
2022-09-03 17:06:59.399 | WARNING  | __main__:<cell line: 153>:166 - 1.0	1.0	1.0	1.0
2022-09-03 17:06:59.609 | WARNING  | __main__:<cell line: 153>:166 - 1.0	1.0	1.0	1.0
2022-09-03 17:06:59.814 | WARNING  | __main__:<cell line: 153>:166 - 0.923	1.0	0.833	0.909
2022-09-03 17:07:00.033 | WARNING  | __main__:<cell line: 153>:166 - 1.0	1.0	1.0	1.0
2022-09-03 17:07:00.269 | WARNING  | __main__:<cell line: 153>:166 - 0.923	1.0	0.857	0.923
2022-09-03 17:07:00.491 | WARNING  | __main__:<cell line: 153>:166 - 1.0	1.0	1.0	1.0
2022-09-03 17:07:00.713 | WARNING  | __main__:<cell line: 153>:166 - 0.923	0.875	1.0	0.933
2022-09-03 17:07:00.891 | WARNING  | __main__:<cell line: 172>:172 - accuracy		mean:0.955	std:0.036
2022-09-03 17:07:00.892 | WARNING  | __main__:<cell line: 174>:174 - precision		mean:0.962	std:0.057
2022-09-03 17:07:00.893 | WARNING  | __main__:<cell line: 176>:176 - recall		mean:0.955	std:0.069
2022-09-03 17:07:00.894 | WARNING  | __main__:<cell line: 178>:178 - f1		mean:0.956	std:0.037
2022-09-03 17:08:00.430 | INFO     | __main__:<cell line: 44>:71 - 使用 LASSO 进行特征选择,剩余(92, 10)个特征
2022-09-03 17:08:00.783 | INFO     | __main__:<cell line: 92>:108 - 使用 SMOTETomek 混合采样
2022-09-03 17:08:00.787 | INFO     | __main__:<cell line: 113>:113 - 采样前(67, 25),采样后[(0, 67), (1, 67)]
2022-09-03 17:08:05.430 | INFO     | __main__:<cell line: 146>:146 - {'max_depth': 9, 'grow_policy': 'depthwise', 'learning_rate': 0.0006020121469775837, 'gamma': 1.0591809605396897e-06, 'reg_lambda': 0.0002774274894846318, 'reg_alpha': 0.04412124097373978, 'subsample': 0.3995352846489748, 'colsample_bytree': 0.5151487976949567}
2022-09-03 17:08:05.759 | WARNING  | __main__:<cell line: 153>:153 - {'fit_time': array([0.02700067, 0.02899909, 0.02899957, 0.02700019, 0.02600074,
       0.02799988, 0.02899981, 0.02899933, 0.02600002, 0.026999  ]), 'score_time': array([0.00499988, 0.00500035, 0.00399995, 0.00499964, 0.00500011,
       0.00400019, 0.00500083, 0.00300074, 0.00500083, 0.00300026]), 'test_accuracy': array([1.        , 0.92857143, 0.92857143, 1.        , 1.        ,
       0.92307692, 1.        , 0.92307692, 1.        , 0.92307692]), 'test_precision': array([1.   , 0.875, 0.875, 1.   , 1.   , 1.   , 1.   , 1.   , 1.   ,
       0.875]), 'test_recall': array([1.        , 1.        , 1.        , 1.        , 1.        ,
       0.83333333, 1.        , 0.85714286, 1.        , 1.        ]), 'test_f1': array([1.        , 0.93333333, 0.93333333, 1.        , 1.        ,
       0.90909091, 1.        , 0.92307692, 1.        , 0.93333333])}
2022-09-03 17:08:05.804 | WARNING  | __main__:<cell line: 154>:167 - 1.0	1.0	1.0	1.0
2022-09-03 17:08:06.024 | WARNING  | __main__:<cell line: 154>:167 - 0.929	0.875	1.0	0.933
2022-09-03 17:08:06.245 | WARNING  | __main__:<cell line: 154>:167 - 0.929	0.875	1.0	0.933
2022-09-03 17:08:06.703 | WARNING  | __main__:<cell line: 154>:167 - 1.0	1.0	1.0	1.0
2022-09-03 17:08:06.901 | WARNING  | __main__:<cell line: 154>:167 - 1.0	1.0	1.0	1.0
2022-09-03 17:08:07.113 | WARNING  | __main__:<cell line: 154>:167 - 0.923	1.0	0.833	0.909
2022-09-03 17:08:07.330 | WARNING  | __main__:<cell line: 154>:167 - 1.0	1.0	1.0	1.0
2022-09-03 17:08:07.527 | WARNING  | __main__:<cell line: 154>:167 - 0.923	1.0	0.857	0.923
2022-09-03 17:08:07.745 | WARNING  | __main__:<cell line: 154>:167 - 1.0	1.0	1.0	1.0
2022-09-03 17:08:07.959 | WARNING  | __main__:<cell line: 154>:167 - 0.923	0.875	1.0	0.933
2022-09-03 17:08:08.139 | WARNING  | __main__:<cell line: 173>:173 - accuracy		mean:0.963	std:0.037
2022-09-03 17:08:08.140 | WARNING  | __main__:<cell line: 175>:175 - precision		mean:0.962	std:0.057
2022-09-03 17:08:08.142 | WARNING  | __main__:<cell line: 177>:177 - recall		mean:0.969	std:0.062
2022-09-03 17:08:08.143 | WARNING  | __main__:<cell line: 179>:179 - f1		mean:0.963	std:0.037
2022-09-03 17:09:57.866 | INFO     | __main__:<cell line: 44>:71 - 使用 LASSO 进行特征选择,剩余(92, 10)个特征
2022-09-03 17:09:58.170 | INFO     | __main__:<cell line: 92>:108 - 使用 SMOTETomek 混合采样
2022-09-03 17:09:58.175 | INFO     | __main__:<cell line: 113>:113 - 采样前热性哮喘=67,热性哮喘=67
        采样后热性哮喘=67,热性哮喘=67
2022-09-03 17:10:03.059 | INFO     | __main__:<cell line: 147>:147 - {'max_depth': 9, 'grow_policy': 'depthwise', 'learning_rate': 5.690564077619849e-07, 'gamma': 0.0026630213314150298, 'reg_lambda': 6.498738918587064e-05, 'reg_alpha': 2.5593607075069224e-06, 'subsample': 0.2436803038947921, 'colsample_bytree': 0.5012088639528243}
2022-09-03 17:10:03.380 | WARNING  | __main__:<cell line: 154>:154 - {'fit_time': array([0.02699947, 0.02799845, 0.02699947, 0.02599955, 0.02499962,
       0.02799988, 0.02699924, 0.02400041, 0.02699995, 0.02700067]), 'score_time': array([0.00500011, 0.00600076, 0.00500059, 0.00399995, 0.00500035,
       0.00500059, 0.00300026, 0.00399971, 0.00300002, 0.00399923]), 'test_accuracy': array([1.        , 0.92857143, 0.92857143, 1.        , 1.        ,
       0.92307692, 1.        , 0.92307692, 1.        , 0.92307692]), 'test_precision': array([1.   , 0.875, 0.875, 1.   , 1.   , 1.   , 1.   , 1.   , 1.   ,
       0.875]), 'test_recall': array([1.        , 1.        , 1.        , 1.        , 1.        ,
       0.83333333, 1.        , 0.85714286, 1.        , 1.        ]), 'test_f1': array([1.        , 0.93333333, 0.93333333, 1.        , 1.        ,
       0.90909091, 1.        , 0.92307692, 1.        , 0.93333333])}
2022-09-03 17:10:03.418 | WARNING  | __main__:<cell line: 155>:168 - 1.0	1.0	1.0	1.0
2022-09-03 17:10:03.634 | WARNING  | __main__:<cell line: 155>:168 - 0.929	0.875	1.0	0.933
2022-09-03 17:10:03.844 | WARNING  | __main__:<cell line: 155>:168 - 0.929	0.875	1.0	0.933
2022-09-03 17:10:04.065 | WARNING  | __main__:<cell line: 155>:168 - 1.0	1.0	1.0	1.0
2022-09-03 17:10:04.280 | WARNING  | __main__:<cell line: 155>:168 - 1.0	1.0	1.0	1.0
2022-09-03 17:10:04.493 | WARNING  | __main__:<cell line: 155>:168 - 0.923	1.0	0.833	0.909
2022-09-03 17:10:04.707 | WARNING  | __main__:<cell line: 155>:168 - 1.0	1.0	1.0	1.0
2022-09-03 17:10:04.922 | WARNING  | __main__:<cell line: 155>:168 - 0.923	1.0	0.857	0.923
2022-09-03 17:10:05.123 | WARNING  | __main__:<cell line: 155>:168 - 1.0	1.0	1.0	1.0
2022-09-03 17:10:05.333 | WARNING  | __main__:<cell line: 155>:168 - 0.923	0.875	1.0	0.933
2022-09-03 17:10:05.513 | WARNING  | __main__:<cell line: 174>:174 - accuracy		mean:0.963	std:0.037
2022-09-03 17:10:05.514 | WARNING  | __main__:<cell line: 176>:176 - precision		mean:0.962	std:0.057
2022-09-03 17:10:05.515 | WARNING  | __main__:<cell line: 178>:178 - recall		mean:0.969	std:0.062
2022-09-03 17:10:05.516 | WARNING  | __main__:<cell line: 180>:180 - f1		mean:0.963	std:0.037
2022-09-03 17:10:46.829 | INFO     | __main__:<cell line: 44>:71 - 使用 LASSO 进行特征选择,剩余(92, 10)个特征
2022-09-03 17:10:47.172 | INFO     | __main__:<cell line: 92>:108 - 使用 SMOTETomek 混合采样
2022-09-03 17:10:47.177 | INFO     | __main__:<cell line: 113>:113 - 采样前热性哮喘=67,热性哮喘=25        采样后热性哮喘=67,热性哮喘=67
2022-09-03 17:10:51.834 | INFO     | __main__:<cell line: 147>:147 - {'max_depth': 3, 'grow_policy': 'depthwise', 'learning_rate': 0.006523014501728464, 'gamma': 0.00017730727481816237, 'reg_lambda': 0.030913130970673865, 'reg_alpha': 2.7131528902160033e-07, 'subsample': 0.5637056678794559, 'colsample_bytree': 0.5379853830794158}
2022-09-03 17:10:52.176 | WARNING  | __main__:<cell line: 154>:154 - {'fit_time': array([0.0279994 , 0.03300047, 0.02999902, 0.03300095, 0.02899957,
       0.02499962, 0.02599978, 0.02706051, 0.02499914, 0.02500033]), 'score_time': array([0.00600052, 0.00500011, 0.00599909, 0.00499964, 0.00500059,
       0.0030005 , 0.00500011, 0.00500059, 0.00399995, 0.00299978]), 'test_accuracy': array([1.        , 0.92857143, 0.92857143, 1.        , 1.        ,
       0.92307692, 1.        , 0.92307692, 1.        , 0.92307692]), 'test_precision': array([1.   , 0.875, 0.875, 1.   , 1.   , 1.   , 1.   , 1.   , 1.   ,
       0.875]), 'test_recall': array([1.        , 1.        , 1.        , 1.        , 1.        ,
       0.83333333, 1.        , 0.85714286, 1.        , 1.        ]), 'test_f1': array([1.        , 0.93333333, 0.93333333, 1.        , 1.        ,
       0.90909091, 1.        , 0.92307692, 1.        , 0.93333333])}
2022-09-03 17:10:52.212 | WARNING  | __main__:<cell line: 155>:168 - 1.0	1.0	1.0	1.0
2022-09-03 17:10:52.421 | WARNING  | __main__:<cell line: 155>:168 - 0.929	0.875	1.0	0.933
2022-09-03 17:10:52.639 | WARNING  | __main__:<cell line: 155>:168 - 0.929	0.875	1.0	0.933
2022-09-03 17:10:53.073 | WARNING  | __main__:<cell line: 155>:168 - 1.0	1.0	1.0	1.0
2022-09-03 17:10:53.295 | WARNING  | __main__:<cell line: 155>:168 - 1.0	1.0	1.0	1.0
2022-09-03 17:10:53.511 | WARNING  | __main__:<cell line: 155>:168 - 0.923	1.0	0.833	0.909
2022-09-03 17:10:53.733 | WARNING  | __main__:<cell line: 155>:168 - 1.0	1.0	1.0	1.0
2022-09-03 17:10:53.974 | WARNING  | __main__:<cell line: 155>:168 - 0.923	1.0	0.857	0.923
2022-09-03 17:10:54.192 | WARNING  | __main__:<cell line: 155>:168 - 1.0	1.0	1.0	1.0
2022-09-03 17:10:54.414 | WARNING  | __main__:<cell line: 155>:168 - 0.923	0.875	1.0	0.933
2022-09-03 17:10:54.595 | WARNING  | __main__:<cell line: 174>:174 - accuracy		mean:0.963	std:0.037
2022-09-03 17:10:54.596 | WARNING  | __main__:<cell line: 176>:176 - precision		mean:0.962	std:0.057
2022-09-03 17:10:54.597 | WARNING  | __main__:<cell line: 178>:178 - recall		mean:0.969	std:0.062
2022-09-03 17:10:54.598 | WARNING  | __main__:<cell line: 180>:180 - f1		mean:0.963	std:0.037
2022-09-03 17:11:42.016 | INFO     | __main__:<cell line: 44>:71 - 使用 LASSO 进行特征选择,剩余(92, 10)个特征
2022-09-03 17:11:42.343 | INFO     | __main__:<cell line: 92>:108 - 使用 SMOTETomek 混合采样
2022-09-03 17:11:42.348 | INFO     | __main__:<cell line: 113>:113 - 采样前：热性哮喘有67条,热性哮喘有25条        采样后：热性哮喘有67条,热性哮喘有67条
2022-09-03 17:11:46.990 | INFO     | __main__:<cell line: 147>:147 - {'max_depth': 7, 'grow_policy': 'depthwise', 'learning_rate': 1.7828938356298768e-07, 'gamma': 0.006391645042592071, 'reg_lambda': 0.9937363999505963, 'reg_alpha': 3.5962767025417327e-07, 'subsample': 0.8346338951338845, 'colsample_bytree': 0.9888737625081101}
2022-09-03 17:11:47.284 | WARNING  | __main__:<cell line: 154>:154 - {'fit_time': array([0.02899885, 0.02799988, 0.02299833, 0.02299976, 0.02000022,
       0.02099967, 0.02000022, 0.02599978, 0.02499986, 0.02600026]), 'score_time': array([0.00600147, 0.00399899, 0.00500011, 0.00300002, 0.00300026,
       0.00300002, 0.00299978, 0.00500035, 0.00500011, 0.00300002]), 'test_accuracy': array([1.        , 0.92857143, 0.92857143, 1.        , 1.        ,
       0.92307692, 1.        , 0.92307692, 1.        , 0.92307692]), 'test_precision': array([1.   , 0.875, 0.875, 1.   , 1.   , 1.   , 1.   , 1.   , 1.   ,
       0.875]), 'test_recall': array([1.        , 1.        , 1.        , 1.        , 1.        ,
       0.83333333, 1.        , 0.85714286, 1.        , 1.        ]), 'test_f1': array([1.        , 0.93333333, 0.93333333, 1.        , 1.        ,
       0.90909091, 1.        , 0.92307692, 1.        , 0.93333333])}
2022-09-03 17:11:47.319 | WARNING  | __main__:<cell line: 155>:168 - 1.0	1.0	1.0	1.0
2022-09-03 17:11:47.530 | WARNING  | __main__:<cell line: 155>:168 - 0.929	0.875	1.0	0.933
2022-09-03 17:11:47.736 | WARNING  | __main__:<cell line: 155>:168 - 0.929	0.875	1.0	0.933
2022-09-03 17:11:47.941 | WARNING  | __main__:<cell line: 155>:168 - 1.0	1.0	1.0	1.0
2022-09-03 17:11:48.145 | WARNING  | __main__:<cell line: 155>:168 - 1.0	1.0	1.0	1.0
2022-09-03 17:11:48.366 | WARNING  | __main__:<cell line: 155>:168 - 0.923	1.0	0.833	0.909
2022-09-03 17:11:48.601 | WARNING  | __main__:<cell line: 155>:168 - 1.0	1.0	1.0	1.0
2022-09-03 17:11:48.809 | WARNING  | __main__:<cell line: 155>:168 - 0.923	1.0	0.857	0.923
2022-09-03 17:11:49.016 | WARNING  | __main__:<cell line: 155>:168 - 1.0	1.0	1.0	1.0
2022-09-03 17:11:49.224 | WARNING  | __main__:<cell line: 155>:168 - 0.923	0.875	1.0	0.933
2022-09-03 17:11:49.388 | WARNING  | __main__:<cell line: 174>:174 - accuracy		mean:0.963	std:0.037
2022-09-03 17:11:49.389 | WARNING  | __main__:<cell line: 176>:176 - precision		mean:0.962	std:0.057
2022-09-03 17:11:49.390 | WARNING  | __main__:<cell line: 178>:178 - recall		mean:0.969	std:0.062
2022-09-03 17:11:49.391 | WARNING  | __main__:<cell line: 180>:180 - f1		mean:0.963	std:0.037
2022-09-03 17:12:01.115 | INFO     | __main__:<cell line: 44>:71 - 使用 LASSO 进行特征选择,剩余(92, 10)个特征
2022-09-03 17:12:01.481 | INFO     | __main__:<cell line: 92>:108 - 使用 SMOTETomek 混合采样
2022-09-03 17:12:01.486 | INFO     | __main__:<cell line: 113>:113 - 采样前：热性哮喘有67条,寒性哮喘有25条        采样后：热性哮喘有67条,寒性哮喘有67条
2022-09-03 17:12:06.077 | INFO     | __main__:<cell line: 147>:147 - {'max_depth': 9, 'grow_policy': 'lossguide', 'learning_rate': 0.6768936700845617, 'gamma': 2.298422572621178e-06, 'reg_lambda': 0.00024934936021324915, 'reg_alpha': 0.06475598522735804, 'subsample': 0.8878733332438085, 'colsample_bytree': 0.8297659322647069}
2022-09-03 17:12:06.371 | WARNING  | __main__:<cell line: 154>:154 - {'fit_time': array([0.02400017, 0.02499986, 0.02599931, 0.02500033, 0.02299929,
       0.02200007, 0.02300048, 0.02306366, 0.02299929, 0.02200055]), 'score_time': array([0.00499988, 0.00600076, 0.00499988, 0.00500059, 0.00300002,
       0.00399995, 0.00500011, 0.00500083, 0.00300002, 0.00399923]), 'test_accuracy': array([0.85714286, 0.92857143, 0.92857143, 1.        , 1.        ,
       0.92307692, 1.        , 0.92307692, 0.92307692, 0.92307692]), 'test_precision': array([0.85714286, 0.875     , 0.875     , 1.        , 1.        ,
       1.        , 1.        , 1.        , 1.        , 0.875     ]), 'test_recall': array([0.85714286, 1.        , 1.        , 1.        , 1.        ,
       0.83333333, 1.        , 0.85714286, 0.85714286, 1.        ]), 'test_f1': array([0.85714286, 0.93333333, 0.93333333, 1.        , 1.        ,
       0.90909091, 1.        , 0.92307692, 0.92307692, 0.93333333])}
2022-09-03 17:12:06.402 | WARNING  | __main__:<cell line: 155>:168 - 0.857	0.857	0.857	0.857
2022-09-03 17:12:06.607 | WARNING  | __main__:<cell line: 155>:168 - 0.929	0.875	1.0	0.933
2022-09-03 17:12:06.787 | WARNING  | __main__:<cell line: 155>:168 - 0.929	0.875	1.0	0.933
2022-09-03 17:12:07.007 | WARNING  | __main__:<cell line: 155>:168 - 1.0	1.0	1.0	1.0
2022-09-03 17:12:07.422 | WARNING  | __main__:<cell line: 155>:168 - 1.0	1.0	1.0	1.0
2022-09-03 17:12:07.627 | WARNING  | __main__:<cell line: 155>:168 - 0.923	1.0	0.833	0.909
2022-09-03 17:12:07.828 | WARNING  | __main__:<cell line: 155>:168 - 1.0	1.0	1.0	1.0
2022-09-03 17:12:08.031 | WARNING  | __main__:<cell line: 155>:168 - 0.923	1.0	0.857	0.923
2022-09-03 17:12:08.250 | WARNING  | __main__:<cell line: 155>:168 - 0.923	1.0	0.857	0.923
2022-09-03 17:12:08.454 | WARNING  | __main__:<cell line: 155>:168 - 0.923	0.875	1.0	0.933
2022-09-03 17:12:08.627 | WARNING  | __main__:<cell line: 174>:174 - accuracy		mean:0.941	std:0.044
2022-09-03 17:12:08.628 | WARNING  | __main__:<cell line: 176>:176 - precision		mean:0.948	std:0.064
2022-09-03 17:12:08.629 | WARNING  | __main__:<cell line: 178>:178 - recall		mean:0.94	std:0.073
2022-09-03 17:12:08.630 | WARNING  | __main__:<cell line: 180>:180 - f1		mean:0.941	std:0.044
2022-09-03 17:13:07.394 | INFO     | __main__:<cell line: 44>:71 - 使用 LASSO 进行特征选择,剩余(92, 10)个特征
2022-09-03 17:13:07.694 | INFO     | __main__:<cell line: 92>:108 - 使用 SMOTETomek 混合采样
2022-09-03 17:13:07.698 | INFO     | __main__:<cell line: 113>:113 - 采样前：热性哮喘有67条,寒性哮喘有25条
2022-09-03 17:13:07.699 | INFO     | __main__:<cell line: 114>:114 - 采样后：热性哮喘有67条,寒性哮喘有25条
2022-09-03 17:13:12.406 | INFO     | __main__:<cell line: 147>:147 - {'max_depth': 11, 'grow_policy': 'lossguide', 'learning_rate': 0.0004885719626052815, 'gamma': 6.136956721373903e-08, 'reg_lambda': 1.7777555303604622e-05, 'reg_alpha': 0.002879953222710805, 'subsample': 0.47898105634320376, 'colsample_bytree': 0.29944098122271684}
2022-09-03 17:13:12.731 | WARNING  | __main__:<cell line: 154>:154 - {'fit_time': array([0.02900076, 0.03099966, 0.02999973, 0.02899909, 0.02799964,
       0.02506948, 0.02399945, 0.02400017, 0.02299976, 0.02299976]), 'score_time': array([0.00599909, 0.00500035, 0.00500107, 0.00600028, 0.00499988,
       0.00300026, 0.00500011, 0.00300002, 0.00300002, 0.00500035]), 'test_accuracy': array([0.85714286, 0.92857143, 0.92857143, 1.        , 1.        ,
       0.92307692, 1.        , 0.92307692, 1.        , 0.92307692]), 'test_precision': array([0.85714286, 0.875     , 0.875     , 1.        , 1.        ,
       1.        , 1.        , 1.        , 1.        , 0.875     ]), 'test_recall': array([0.85714286, 1.        , 1.        , 1.        , 1.        ,
       0.83333333, 1.        , 0.85714286, 1.        , 1.        ]), 'test_f1': array([0.85714286, 0.93333333, 0.93333333, 1.        , 1.        ,
       0.90909091, 1.        , 0.92307692, 1.        , 0.93333333])}
2022-09-03 17:13:12.767 | WARNING  | __main__:<cell line: 155>:168 - 0.857	0.857	0.857	0.857
2022-09-03 17:13:12.979 | WARNING  | __main__:<cell line: 155>:168 - 0.929	0.875	1.0	0.933
2022-09-03 17:13:13.198 | WARNING  | __main__:<cell line: 155>:168 - 0.929	0.875	1.0	0.933
2022-09-03 17:13:13.413 | WARNING  | __main__:<cell line: 155>:168 - 1.0	1.0	1.0	1.0
2022-09-03 17:13:13.630 | WARNING  | __main__:<cell line: 155>:168 - 1.0	1.0	1.0	1.0
2022-09-03 17:13:13.842 | WARNING  | __main__:<cell line: 155>:168 - 0.923	1.0	0.833	0.909
2022-09-03 17:13:14.069 | WARNING  | __main__:<cell line: 155>:168 - 1.0	1.0	1.0	1.0
2022-09-03 17:13:14.281 | WARNING  | __main__:<cell line: 155>:168 - 0.923	1.0	0.857	0.923
2022-09-03 17:13:14.482 | WARNING  | __main__:<cell line: 155>:168 - 1.0	1.0	1.0	1.0
2022-09-03 17:13:14.693 | WARNING  | __main__:<cell line: 155>:168 - 0.923	0.875	1.0	0.933
2022-09-03 17:13:14.873 | WARNING  | __main__:<cell line: 174>:174 - accuracy		mean:0.948	std:0.047
2022-09-03 17:13:14.874 | WARNING  | __main__:<cell line: 176>:176 - precision		mean:0.948	std:0.064
2022-09-03 17:13:14.875 | WARNING  | __main__:<cell line: 178>:178 - recall		mean:0.955	std:0.069
2022-09-03 17:13:14.876 | WARNING  | __main__:<cell line: 180>:180 - f1		mean:0.949	std:0.047
2022-09-03 17:13:38.268 | INFO     | __main__:<cell line: 44>:71 - 使用 LASSO 进行特征选择,剩余(92, 10)个特征
2022-09-03 17:13:38.608 | INFO     | __main__:<cell line: 92>:108 - 使用 SMOTETomek 混合采样
2022-09-03 17:13:38.613 | INFO     | __main__:<cell line: 113>:113 - 采样前：热性哮喘有67条,寒性哮喘有25条
2022-09-03 17:13:38.614 | INFO     | __main__:<cell line: 114>:114 - 采样后：热性哮喘有67条,寒性哮喘有67条
2022-09-03 17:13:43.414 | INFO     | __main__:<cell line: 146>:146 - {'max_depth': 8, 'grow_policy': 'lossguide', 'learning_rate': 0.23836196263794732, 'gamma': 0.33434085537242053, 'reg_lambda': 0.0003161263258797184, 'reg_alpha': 0.0012479379841350289, 'subsample': 0.5987696805105256, 'colsample_bytree': 0.8661340906814712}
2022-09-03 17:13:43.722 | WARNING  | __main__:<cell line: 153>:153 - {'fit_time': array([0.02699971, 0.02700043, 0.01999974, 0.0250001 , 0.02699947,
       0.02399945, 0.02399945, 0.02399993, 0.02399921, 0.02299953]), 'score_time': array([0.00499988, 0.00299954, 0.00500011, 0.00500035, 0.00500083,
       0.00500011, 0.00500011, 0.00500011, 0.00499988, 0.00400043]), 'test_accuracy': array([0.85714286, 0.92857143, 0.92857143, 1.        , 1.        ,
       0.92307692, 1.        , 0.92307692, 1.        , 0.92307692]), 'test_precision': array([0.85714286, 0.875     , 0.875     , 1.        , 1.        ,
       1.        , 1.        , 1.        , 1.        , 0.875     ]), 'test_recall': array([0.85714286, 1.        , 1.        , 1.        , 1.        ,
       0.83333333, 1.        , 0.85714286, 1.        , 1.        ]), 'test_f1': array([0.85714286, 0.93333333, 0.93333333, 1.        , 1.        ,
       0.90909091, 1.        , 0.92307692, 1.        , 0.93333333])}
2022-09-03 17:13:43.752 | WARNING  | __main__:<cell line: 154>:167 - 0.857	0.857	0.857	0.857
2022-09-03 17:13:43.959 | WARNING  | __main__:<cell line: 154>:167 - 0.929	0.875	1.0	0.933
2022-09-03 17:13:44.176 | WARNING  | __main__:<cell line: 154>:167 - 0.929	0.875	1.0	0.933
2022-09-03 17:13:44.386 | WARNING  | __main__:<cell line: 154>:167 - 1.0	1.0	1.0	1.0
2022-09-03 17:13:44.600 | WARNING  | __main__:<cell line: 154>:167 - 1.0	1.0	1.0	1.0
2022-09-03 17:13:45.060 | WARNING  | __main__:<cell line: 154>:167 - 0.923	1.0	0.833	0.909
2022-09-03 17:13:45.263 | WARNING  | __main__:<cell line: 154>:167 - 1.0	1.0	1.0	1.0
2022-09-03 17:13:45.480 | WARNING  | __main__:<cell line: 154>:167 - 0.923	1.0	0.857	0.923
2022-09-03 17:13:45.689 | WARNING  | __main__:<cell line: 154>:167 - 1.0	1.0	1.0	1.0
2022-09-03 17:13:45.898 | WARNING  | __main__:<cell line: 154>:167 - 0.923	0.875	1.0	0.933
2022-09-03 17:13:46.076 | WARNING  | __main__:<cell line: 173>:173 - accuracy		mean:0.948	std:0.047
2022-09-03 17:13:46.077 | WARNING  | __main__:<cell line: 175>:175 - precision		mean:0.948	std:0.064
2022-09-03 17:13:46.078 | WARNING  | __main__:<cell line: 177>:177 - recall		mean:0.955	std:0.069
2022-09-03 17:13:46.079 | WARNING  | __main__:<cell line: 179>:179 - f1		mean:0.949	std:0.047
