2022-10-09 11:28:48.094 | INFO     | __main__:<cell line: 146>:146 - 0.8387096774193549
2022-10-09 11:28:48.094 | INFO     | __main__:<cell line: 147>:147 - {'max_depth': 12, 'grow_policy': 'depthwise', 'learning_rate': 0.00721571276404436, 'gamma': 0.00124279281379388, 'reg_lambda': 0.017872088488702156, 'reg_alpha': 0.012028564825535071, 'subsample': 0.25941522320936994, 'colsample_bytree': 0.5935678870327712}
2022-10-09 11:28:48.522 | WARNING  | __main__:<cell line: 185>:204 - 0.677	0.789	0.779	0.784	0.323	0.251
2022-10-09 11:28:48.917 | WARNING  | __main__:<cell line: 185>:204 - 0.645	0.783	0.75	0.766	0.355	0.276
2022-10-09 11:28:49.332 | WARNING  | __main__:<cell line: 185>:204 - 0.613	0.761	0.725	0.742	0.387	0.301
2022-10-09 11:28:49.762 | WARNING  | __main__:<cell line: 185>:204 - 0.613	0.753	0.735	0.744	0.387	0.301
2022-10-09 11:28:50.158 | WARNING  | __main__:<cell line: 185>:204 - 0.548	0.701	0.701	0.701	0.452	0.351
2022-10-09 11:28:50.598 | WARNING  | __main__:<cell line: 185>:204 - 0.677	0.804	0.775	0.789	0.323	0.251
2022-10-09 11:28:50.995 | WARNING  | __main__:<cell line: 185>:204 - 0.677	0.791	0.782	0.787	0.323	0.251
2022-10-09 11:28:51.423 | WARNING  | __main__:<cell line: 185>:204 - 0.613	0.764	0.728	0.745	0.387	0.301
2022-10-09 11:28:51.850 | WARNING  | __main__:<cell line: 185>:204 - 0.71	0.827	0.793	0.81	0.29	0.226
2022-10-09 11:28:52.256 | WARNING  | __main__:<cell line: 185>:204 - 0.581	0.736	0.705	0.72	0.419	0.326
2022-10-09 11:28:52.271 | WARNING  | __main__:<cell line: 207>:207 - f1		mean:0.635	std:0.048
2022-10-09 11:28:52.271 | WARNING  | __main__:<cell line: 209>:209 - precision		mean:0.771	std:0.034
2022-10-09 11:28:52.271 | WARNING  | __main__:<cell line: 211>:211 - recall		mean:0.747	std:0.032
2022-10-09 11:28:52.287 | WARNING  | __main__:<cell line: 213>:213 - f1		mean:0.759	std:0.032
2022-10-09 11:28:52.287 | WARNING  | __main__:<cell line: 215>:215 - f1		mean:0.365	std:0.048
2022-10-09 11:28:52.287 | WARNING  | __main__:<cell line: 217>:217 - f1		mean:0.284	std:0.037
2022-10-09 11:30:20.498 | INFO     | __main__:<cell line: 146>:146 - 0.8387096774193549
2022-10-09 11:30:20.498 | INFO     | __main__:<cell line: 147>:147 - {'max_depth': 9, 'grow_policy': 'lossguide', 'learning_rate': 0.004954403782575676, 'gamma': 3.814796780453513e-07, 'reg_lambda': 0.0021385944264954884, 'reg_alpha': 0.3264739280688152, 'subsample': 0.34498961088611046, 'colsample_bytree': 0.20452667878859165}
2022-10-09 11:30:20.885 | WARNING  | __main__:<cell line: 185>:203 - 0.71	0.812	0.798	0.805	0.29	0.226
2022-10-09 11:30:21.282 | WARNING  | __main__:<cell line: 185>:203 - 0.613	0.769	0.714	0.741	0.387	0.301
2022-10-09 11:30:21.664 | WARNING  | __main__:<cell line: 185>:203 - 0.613	0.764	0.719	0.741	0.387	0.301
2022-10-09 11:30:22.025 | WARNING  | __main__:<cell line: 185>:203 - 0.613	0.759	0.723	0.741	0.387	0.301
2022-10-09 11:30:22.387 | WARNING  | __main__:<cell line: 185>:203 - 0.613	0.753	0.726	0.739	0.387	0.301
2022-10-09 11:30:22.751 | WARNING  | __main__:<cell line: 185>:203 - 0.548	0.726	0.675	0.699	0.452	0.351
2022-10-09 11:30:23.101 | WARNING  | __main__:<cell line: 185>:203 - 0.71	0.823	0.788	0.805	0.29	0.226
2022-10-09 11:30:23.461 | WARNING  | __main__:<cell line: 185>:203 - 0.548	0.726	0.675	0.699	0.452	0.351
2022-10-09 11:30:23.810 | WARNING  | __main__:<cell line: 185>:203 - 0.613	0.771	0.716	0.742	0.387	0.301
2022-10-09 11:30:24.159 | WARNING  | __main__:<cell line: 185>:203 - 0.645	0.783	0.741	0.762	0.355	0.276
2022-10-09 11:30:24.175 | WARNING  | __main__:<cell line: 206>:206 - accuracy		mean:0.623	std:0.052
2022-10-09 11:30:24.175 | WARNING  | __main__:<cell line: 208>:208 - precision		mean:0.769	std:0.03
2022-10-09 11:30:24.175 | WARNING  | __main__:<cell line: 210>:210 - recall		mean:0.727	std:0.038
2022-10-09 11:30:24.192 | WARNING  | __main__:<cell line: 212>:212 - f1		mean:0.747	std:0.034
2022-10-09 11:30:24.196 | WARNING  | __main__:<cell line: 214>:214 - zero_one		mean:0.377	std:0.052
2022-10-09 11:30:24.200 | WARNING  | __main__:<cell line: 216>:216 - hamming_loss		mean:0.294	std:0.041
2022-10-09 11:44:44.482 | INFO     | __main__:<cell line: 146>:146 - 0.8387096774193549
2022-10-09 11:44:44.482 | INFO     | __main__:<cell line: 147>:147 - {'max_depth': 12, 'grow_policy': 'depthwise', 'learning_rate': 0.005132968828894746, 'gamma': 1.2563707991445745e-08, 'reg_lambda': 8.269796110610562e-05, 'reg_alpha': 3.188436471600126e-06, 'subsample': 0.4332236627709805, 'colsample_bytree': 0.39774990734480775}
2022-10-09 11:44:44.972 | WARNING  | __main__:<cell line: 185>:203 - 0.742	0.832	0.822	0.827	0.258	0.201
2022-10-09 11:44:45.458 | WARNING  | __main__:<cell line: 185>:203 - 0.645	0.79	0.738	0.763	0.355	0.276
2022-10-09 11:44:45.982 | WARNING  | __main__:<cell line: 185>:203 - 0.645	0.785	0.743	0.763	0.355	0.276
2022-10-09 11:44:46.474 | WARNING  | __main__:<cell line: 185>:203 - 0.677	0.793	0.783	0.788	0.323	0.251
2022-10-09 11:44:46.934 | WARNING  | __main__:<cell line: 185>:203 - 0.581	0.724	0.72	0.722	0.419	0.326
2022-10-09 11:44:47.420 | WARNING  | __main__:<cell line: 185>:203 - 0.677	0.804	0.775	0.789	0.323	0.251
2022-10-09 11:44:47.904 | WARNING  | __main__:<cell line: 185>:203 - 0.774	0.858	0.842	0.85	0.226	0.176
2022-10-09 11:44:48.391 | WARNING  | __main__:<cell line: 185>:203 - 0.581	0.744	0.704	0.723	0.419	0.326
2022-10-09 11:44:48.850 | WARNING  | __main__:<cell line: 185>:203 - 0.71	0.823	0.799	0.811	0.29	0.226
2022-10-09 11:44:49.340 | WARNING  | __main__:<cell line: 185>:203 - 0.645	0.78	0.747	0.763	0.355	0.276
2022-10-09 11:44:49.340 | WARNING  | __main__:<cell line: 206>:206 - accuracy		mean:0.668	std:0.06
2022-10-09 11:44:49.340 | WARNING  | __main__:<cell line: 208>:208 - precision		mean:0.793	std:0.038
2022-10-09 11:44:49.356 | WARNING  | __main__:<cell line: 210>:210 - recall		mean:0.767	std:0.043
2022-10-09 11:44:49.356 | WARNING  | __main__:<cell line: 212>:212 - f1		mean:0.78	std:0.04
2022-10-09 11:44:49.356 | WARNING  | __main__:<cell line: 214>:214 - zero_one		mean:0.332	std:0.06
2022-10-09 11:44:49.372 | WARNING  | __main__:<cell line: 216>:216 - hamming_loss		mean:0.258	std:0.046
