2022-09-03 17:13:38.268 | INFO     | __main__:<cell line: 44>:71 - 使用 LASSO 进行特征选择,剩余(92, 10)个特征
2022-09-03 17:13:38.608 | INFO     | __main__:<cell line: 92>:108 - 使用 SMOTETomek 混合采样
2022-09-03 17:13:38.613 | INFO     | __main__:<cell line: 113>:113 - 采样前：热性哮喘有67条,寒性哮喘有25条
2022-09-03 17:13:38.614 | INFO     | __main__:<cell line: 114>:114 - 采样后：热性哮喘有67条,寒性哮喘有67条
2022-09-03 17:13:43.414 | INFO     | __main__:<cell line: 146>:146 - {'max_depth': 8, 'grow_policy': 'lossguide', 'learning_rate': 0.23836196263794732, 'gamma': 0.33434085537242053, 'reg_lambda': 0.0003161263258797184, 'reg_alpha': 0.0012479379841350289, 'subsample': 0.5987696805105256, 'colsample_bytree': 0.8661340906814712}
2022-09-03 17:13:43.722 | WARNING  | __main__:<cell line: 153>:153 - {'fit_time': array([0.02699971, 0.02700043, 0.01999974, 0.0250001 , 0.02699947,
       0.02399945, 0.02399945, 0.02399993, 0.02399921, 0.02299953]), 'score_time': array([0.00499988, 0.00299954, 0.00500011, 0.00500035, 0.00500083,
       0.00500011, 0.00500011, 0.00500011, 0.00499988, 0.00400043]), 'test_accuracy': array([0.85714286, 0.92857143, 0.92857143, 1.        , 1.        ,
       0.92307692, 1.        , 0.92307692, 1.        , 0.92307692]), 'test_precision': array([0.85714286, 0.875     , 0.875     , 1.        , 1.        ,
       1.        , 1.        , 1.        , 1.        , 0.875     ]), 'test_recall': array([0.85714286, 1.        , 1.        , 1.        , 1.        ,
       0.83333333, 1.        , 0.85714286, 1.        , 1.        ]), 'test_f1': array([0.85714286, 0.93333333, 0.93333333, 1.        , 1.        ,
       0.90909091, 1.        , 0.92307692, 1.        , 0.93333333])}
2022-09-03 17:13:43.752 | WARNING  | __main__:<cell line: 154>:167 - 0.857	0.857	0.857	0.857
2022-09-03 17:13:43.959 | WARNING  | __main__:<cell line: 154>:167 - 0.929	0.875	1.0	0.933
2022-09-03 17:13:44.176 | WARNING  | __main__:<cell line: 154>:167 - 0.929	0.875	1.0	0.933
2022-09-03 17:13:44.386 | WARNING  | __main__:<cell line: 154>:167 - 1.0	1.0	1.0	1.0
2022-09-03 17:13:44.600 | WARNING  | __main__:<cell line: 154>:167 - 1.0	1.0	1.0	1.0
2022-09-03 17:13:45.060 | WARNING  | __main__:<cell line: 154>:167 - 0.923	1.0	0.833	0.909
2022-09-03 17:13:45.263 | WARNING  | __main__:<cell line: 154>:167 - 1.0	1.0	1.0	1.0
2022-09-03 17:13:45.480 | WARNING  | __main__:<cell line: 154>:167 - 0.923	1.0	0.857	0.923
2022-09-03 17:13:45.689 | WARNING  | __main__:<cell line: 154>:167 - 1.0	1.0	1.0	1.0
2022-09-03 17:13:45.898 | WARNING  | __main__:<cell line: 154>:167 - 0.923	0.875	1.0	0.933
2022-09-03 17:13:46.076 | WARNING  | __main__:<cell line: 173>:173 - accuracy		mean:0.948	std:0.047
2022-09-03 17:13:46.077 | WARNING  | __main__:<cell line: 175>:175 - precision		mean:0.948	std:0.064
2022-09-03 17:13:46.078 | WARNING  | __main__:<cell line: 177>:177 - recall		mean:0.955	std:0.069
2022-09-03 17:13:46.079 | WARNING  | __main__:<cell line: 179>:179 - f1		mean:0.949	std:0.047
