2022-09-13 19:37:52.779 | INFO     | __main__:<cell line: 44>:71 - 使用 LASSO 进行特征选择,剩余(169, 15)个特征
2022-09-13 19:37:53.299 | INFO     | __main__:<cell line: 92>:108 - 使用 SMOTETomek 混合采样
2022-09-13 19:37:53.304 | INFO     | __main__:<cell line: 113>:113 - 采样前：热性哮喘有113条,寒性哮喘有56条
2022-09-13 19:37:53.305 | INFO     | __main__:<cell line: 114>:114 - 采样后：热性哮喘有112条,寒性哮喘有112条
2022-09-13 19:37:58.836 | INFO     | __main__:<cell line: 146>:146 - {'max_depth': 4, 'grow_policy': 'depthwise', 'learning_rate': 0.0003605538037346321, 'gamma': 0.0010212399861304728, 'reg_lambda': 1.100821868496097e-06, 'reg_alpha': 3.198709221489994e-07, 'subsample': 0.7685247955201786, 'colsample_bytree': 0.36894905386657345}
2022-09-13 19:37:58.961 | WARNING  | __main__:<cell line: 153>:153 - {'fit_time': array([0.0369997 , 0.0340004 , 0.03299952]), 'score_time': array([0.00500035, 0.00400019, 0.00500011]), 'test_accuracy': array([0.93333333, 0.86666667, 0.91891892]), 'test_precision': array([0.9      , 0.9375   , 0.8974359]), 'test_recall': array([0.97297297, 0.78947368, 0.94594595]), 'test_f1': array([0.93506494, 0.85714286, 0.92105263])}
2022-09-13 19:37:59.015 | WARNING  | __main__:<cell line: 154>:167 - 0.933	0.9	0.973	0.935
2022-09-13 19:37:59.285 | WARNING  | __main__:<cell line: 154>:167 - 0.867	0.938	0.789	0.857
2022-09-13 19:37:59.554 | WARNING  | __main__:<cell line: 154>:167 - 0.919	0.897	0.946	0.921
2022-09-13 19:37:59.793 | WARNING  | __main__:<cell line: 173>:173 - accuracy		mean:0.906	std:0.029
2022-09-13 19:37:59.794 | WARNING  | __main__:<cell line: 175>:175 - precision		mean:0.912	std:0.018
2022-09-13 19:37:59.794 | WARNING  | __main__:<cell line: 177>:177 - recall		mean:0.903	std:0.081
2022-09-13 19:37:59.795 | WARNING  | __main__:<cell line: 179>:179 - f1		mean:0.904	std:0.034
2022-09-13 19:38:03.018 | INFO     | __main__:<cell line: 44>:71 - 使用 LASSO 进行特征选择,剩余(169, 15)个特征
2022-09-13 19:38:03.473 | INFO     | __main__:<cell line: 92>:108 - 使用 SMOTETomek 混合采样
2022-09-13 19:38:03.480 | INFO     | __main__:<cell line: 113>:113 - 采样前：热性哮喘有113条,寒性哮喘有56条
2022-09-13 19:38:03.480 | INFO     | __main__:<cell line: 114>:114 - 采样后：热性哮喘有112条,寒性哮喘有112条
2022-09-13 19:38:08.694 | INFO     | __main__:<cell line: 146>:146 - {'max_depth': 10, 'grow_policy': 'depthwise', 'learning_rate': 0.0012565368271725847, 'gamma': 4.252260854533178e-06, 'reg_lambda': 0.026666955081893963, 'reg_alpha': 1.969617589231214e-08, 'subsample': 0.6836785198644488, 'colsample_bytree': 0.4573482400422041}
2022-09-13 19:38:08.810 | WARNING  | __main__:<cell line: 153>:153 - {'fit_time': array([0.03300047, 0.03299975, 0.03200006]), 'score_time': array([0.00399971, 0.00500059, 0.00399995]), 'test_accuracy': array([0.93333333, 0.86666667, 0.91891892]), 'test_precision': array([0.9      , 0.9375   , 0.8974359]), 'test_recall': array([0.97297297, 0.78947368, 0.94594595]), 'test_f1': array([0.93506494, 0.85714286, 0.92105263])}
2022-09-13 19:38:08.855 | WARNING  | __main__:<cell line: 154>:167 - 0.933	0.9	0.973	0.935
2022-09-13 19:38:09.136 | WARNING  | __main__:<cell line: 154>:167 - 0.867	0.938	0.789	0.857
2022-09-13 19:38:09.394 | WARNING  | __main__:<cell line: 154>:167 - 0.919	0.897	0.946	0.921
2022-09-13 19:38:09.629 | WARNING  | __main__:<cell line: 173>:173 - accuracy		mean:0.906	std:0.029
2022-09-13 19:38:09.631 | WARNING  | __main__:<cell line: 175>:175 - precision		mean:0.912	std:0.018
2022-09-13 19:38:09.632 | WARNING  | __main__:<cell line: 177>:177 - recall		mean:0.903	std:0.081
2022-09-13 19:38:09.634 | WARNING  | __main__:<cell line: 179>:179 - f1		mean:0.904	std:0.034
