2022-10-09 09:36:37.112 | INFO     | __main__:<cell line: 43>:44 - 使用 卡方检验 进行特诊筛选
2022-10-09 09:37:18.387 | INFO     | __main__:<cell line: 143>:143 - 0.8709677419354839
2022-10-09 09:37:18.387 | INFO     | __main__:<cell line: 144>:144 - {'max_depth': 3, 'grow_policy': 'depthwise', 'learning_rate': 3.560085232141719e-07, 'gamma': 9.381609559868472e-07, 'reg_lambda': 0.004076529831988171, 'reg_alpha': 2.8289297344987082e-06, 'subsample': 0.4798627290251451, 'colsample_bytree': 0.3518935723425144}
2022-10-09 09:37:47.810 | INFO     | __main__:<cell line: 43>:44 - 使用 卡方检验 进行特诊筛选
2022-10-09 09:38:27.180 | INFO     | __main__:<cell line: 143>:143 - 0.8709677419354839
2022-10-09 09:38:27.180 | INFO     | __main__:<cell line: 144>:144 - {'max_depth': 4, 'grow_policy': 'lossguide', 'learning_rate': 4.830320215932039e-08, 'gamma': 4.757012918837757e-08, 'reg_lambda': 0.0028826437595832997, 'reg_alpha': 0.06037034691087395, 'subsample': 0.3600782892210087, 'colsample_bytree': 0.361394170913471}
2022-10-09 09:38:32.963 | INFO     | __main__:<cell line: 43>:44 - 使用 卡方检验 进行特诊筛选
2022-10-09 09:39:13.844 | INFO     | __main__:<cell line: 143>:143 - 0.8387096774193549
2022-10-09 09:39:13.844 | INFO     | __main__:<cell line: 144>:144 - {'max_depth': 7, 'grow_policy': 'lossguide', 'learning_rate': 0.004209122884572378, 'gamma': 2.768913545088901e-08, 'reg_lambda': 5.7409926066371935e-06, 'reg_alpha': 4.5048110555730445e-06, 'subsample': 0.2518275255103971, 'colsample_bytree': 0.36752572023175534}
2022-10-09 09:42:59.759 | INFO     | __main__:<cell line: 43>:44 - 使用 卡方检验 进行特诊筛选
2022-10-09 09:44:35.699 | INFO     | __main__:<cell line: 43>:44 - 使用 卡方检验 进行特诊筛选
2022-10-09 09:45:22.720 | INFO     | __main__:<cell line: 143>:143 - 0.8709677419354839
2022-10-09 09:45:22.720 | INFO     | __main__:<cell line: 144>:144 - {'max_depth': 3, 'grow_policy': 'depthwise', 'learning_rate': 6.449633377450274e-07, 'gamma': 0.00012025385262212248, 'reg_lambda': 1.6375452320113678e-06, 'reg_alpha': 1.7406659586772514e-06, 'subsample': 0.2955861647326794, 'colsample_bytree': 0.4943309801054704}
2022-10-09 09:46:41.482 | INFO     | __main__:<cell line: 43>:44 - 使用 卡方检验 进行特诊筛选
2022-10-09 09:47:22.024 | INFO     | __main__:<cell line: 143>:143 - 0.8709677419354839
2022-10-09 09:47:22.030 | INFO     | __main__:<cell line: 144>:144 - {'max_depth': 3, 'grow_policy': 'depthwise', 'learning_rate': 2.2307564739953954e-05, 'gamma': 5.463391670219797e-06, 'reg_lambda': 6.368325752162078e-08, 'reg_alpha': 0.24004267988686753, 'subsample': 0.28886433347179485, 'colsample_bytree': 0.44815751050388203}
2022-10-09 09:48:47.824 | INFO     | __main__:<cell line: 43>:44 - 使用 卡方检验 进行特诊筛选
2022-10-09 09:49:33.766 | INFO     | __main__:<cell line: 143>:143 - 0.8709677419354839
2022-10-09 09:49:33.782 | INFO     | __main__:<cell line: 144>:144 - {'max_depth': 4, 'grow_policy': 'lossguide', 'learning_rate': 7.954316121992355e-06, 'gamma': 0.02807931350418289, 'reg_lambda': 0.07459721820977122, 'reg_alpha': 5.949023143692746e-05, 'subsample': 0.2963648091180411, 'colsample_bytree': 0.4160712601013777}
2022-10-09 09:53:33.459 | INFO     | __main__:<cell line: 43>:44 - 使用 卡方检验 进行特诊筛选
2022-10-09 09:54:17.594 | INFO     | __main__:<cell line: 143>:143 - 0.8387096774193549
2022-10-09 09:54:17.594 | INFO     | __main__:<cell line: 144>:144 - {'max_depth': 6, 'grow_policy': 'depthwise', 'learning_rate': 2.853417561477609e-06, 'gamma': 0.002811385009387477, 'reg_lambda': 0.16515662617937915, 'reg_alpha': 3.4661077876633834e-08, 'subsample': 0.6057185243129505, 'colsample_bytree': 0.2567702189463172}
2022-10-09 09:57:12.000 | INFO     | __main__:<cell line: 43>:44 - 使用 卡方检验 进行特诊筛选
2022-10-09 09:57:55.234 | INFO     | __main__:<cell line: 143>:143 - 0.8387096774193549
2022-10-09 09:57:55.234 | INFO     | __main__:<cell line: 144>:144 - {'max_depth': 11, 'grow_policy': 'depthwise', 'learning_rate': 0.10399091499420716, 'gamma': 0.9071878714583279, 'reg_lambda': 2.8283444577141543e-07, 'reg_alpha': 0.0023681810858085036, 'subsample': 0.20593947972884868, 'colsample_bytree': 0.33792119977395485}
2022-10-09 10:00:05.356 | INFO     | __main__:<cell line: 43>:44 - 使用 卡方检验 进行特诊筛选
2022-10-09 10:00:48.344 | INFO     | __main__:<cell line: 144>:144 - 0.8387096774193549
2022-10-09 10:00:48.344 | INFO     | __main__:<cell line: 145>:145 - {'max_depth': 3, 'grow_policy': 'depthwise', 'learning_rate': 0.0003486771936077048, 'gamma': 0.0017700337610368029, 'reg_lambda': 1.0121511514039244e-06, 'reg_alpha': 6.239558740482928e-07, 'subsample': 0.34698050044902035, 'colsample_bytree': 0.5135650477945634}
2022-10-09 10:01:24.443 | INFO     | __main__:<cell line: 43>:44 - 使用 卡方检验 进行特诊筛选
2022-10-09 10:02:06.625 | INFO     | __main__:<cell line: 144>:144 - 0.8387096774193549
2022-10-09 10:02:06.625 | INFO     | __main__:<cell line: 145>:145 - {'max_depth': 11, 'grow_policy': 'lossguide', 'learning_rate': 4.90381808954504e-07, 'gamma': 1.4982484193112613e-05, 'reg_lambda': 0.7182538846710635, 'reg_alpha': 7.36539274584748e-08, 'subsample': 0.34195172176460253, 'colsample_bytree': 0.40893297583024746}
2022-10-09 10:02:39.058 | INFO     | __main__:<cell line: 43>:44 - 使用 卡方检验 进行特诊筛选
2022-10-09 10:03:21.438 | INFO     | __main__:<cell line: 144>:144 - 0.8709677419354839
2022-10-09 10:03:21.454 | INFO     | __main__:<cell line: 145>:145 - {'max_depth': 9, 'grow_policy': 'lossguide', 'learning_rate': 6.595790303057246e-06, 'gamma': 2.8520838546902994e-05, 'reg_lambda': 0.01693879296197651, 'reg_alpha': 2.6823003897003363e-06, 'subsample': 0.2614531146077059, 'colsample_bytree': 0.36726403839794997}
2022-10-09 10:08:00.204 | INFO     | __main__:<cell line: 43>:44 - 使用 卡方检验 进行特诊筛选
2022-10-09 10:09:03.219 | INFO     | __main__:<cell line: 144>:144 - 0.8387096774193549
2022-10-09 10:09:03.234 | INFO     | __main__:<cell line: 145>:145 - {'max_depth': 10, 'grow_policy': 'lossguide', 'learning_rate': 8.228430662584094e-06, 'gamma': 3.7532224178290057e-07, 'reg_lambda': 6.643673294928525e-07, 'reg_alpha': 5.22341492431456e-08, 'subsample': 0.46122025030914654, 'colsample_bytree': 0.2693556292971963}
2022-10-09 10:10:01.350 | INFO     | __main__:<cell line: 43>:44 - 使用 卡方检验 进行特诊筛选
2022-10-09 10:10:39.419 | INFO     | __main__:<cell line: 144>:144 - 0.8709677419354839
2022-10-09 10:10:39.419 | INFO     | __main__:<cell line: 145>:145 - {'max_depth': 4, 'grow_policy': 'lossguide', 'learning_rate': 0.00017926136487412452, 'gamma': 4.028706345904719e-06, 'reg_lambda': 0.010871139748151109, 'reg_alpha': 0.001652478691296839, 'subsample': 0.33782802518636923, 'colsample_bytree': 0.31622595840236106}
2022-10-09 10:10:40.382 | WARNING  | __main__:<cell line: 155>:155 - {'fit_time': array([0.30250573, 0.26559663, 0.28122091]), 'score_time': array([0.04770803, 0.03504062, 0.03124619]), 'test_accuracy': array([nan, nan, nan]), 'test_precision': array([nan, nan, nan]), 'test_recall': array([nan, nan, nan]), 'test_f1': array([nan, nan, nan])}
2022-10-09 10:11:33.113 | INFO     | __main__:<cell line: 43>:44 - 使用 卡方检验 进行特诊筛选
2022-10-09 10:12:31.241 | INFO     | __main__:<cell line: 144>:144 - 0.8709677419354839
2022-10-09 10:12:31.241 | INFO     | __main__:<cell line: 145>:145 - {'max_depth': 4, 'grow_policy': 'depthwise', 'learning_rate': 2.371226546232059e-05, 'gamma': 7.7711442953162e-08, 'reg_lambda': 0.0008536057821974805, 'reg_alpha': 1.6065461650583104e-06, 'subsample': 0.28497101015820747, 'colsample_bytree': 0.39481062834255376}
2022-10-09 10:13:20.624 | INFO     | __main__:<cell line: 43>:44 - 使用 卡方检验 进行特诊筛选
2022-10-09 10:14:01.735 | INFO     | __main__:<cell line: 144>:144 - 0.8387096774193549
2022-10-09 10:14:01.735 | INFO     | __main__:<cell line: 145>:145 - {'max_depth': 4, 'grow_policy': 'lossguide', 'learning_rate': 0.00173601828959339, 'gamma': 0.26791354763436137, 'reg_lambda': 0.012781712273898037, 'reg_alpha': 0.000429889737623961, 'subsample': 0.4300104352529188, 'colsample_bytree': 0.31513386623654477}
2022-10-09 10:16:02.909 | INFO     | __main__:<cell line: 43>:44 - 使用 卡方检验 进行特诊筛选
2022-10-09 10:16:42.575 | INFO     | __main__:<cell line: 144>:144 - 0.8387096774193549
2022-10-09 10:16:42.575 | INFO     | __main__:<cell line: 145>:145 - {'max_depth': 4, 'grow_policy': 'lossguide', 'learning_rate': 0.0012416392622960509, 'gamma': 0.049343493506997224, 'reg_lambda': 0.00021435437686238395, 'reg_alpha': 0.00014657155441230008, 'subsample': 0.3392068983679862, 'colsample_bytree': 0.38591498850536987}
2022-10-09 10:40:07.193 | INFO     | __main__:<cell line: 43>:44 - 使用 卡方检验 进行特诊筛选
2022-10-09 10:41:07.285 | INFO     | __main__:<cell line: 144>:144 - 0.9210526315789473
2022-10-09 10:41:07.285 | INFO     | __main__:<cell line: 145>:145 - {'max_depth': 11, 'grow_policy': 'depthwise', 'learning_rate': 2.3532703706111925e-08, 'gamma': 0.013217557216806928, 'reg_lambda': 1.028026128763173e-05, 'reg_alpha': 2.2360249907164787e-07, 'subsample': 0.4810419770389317, 'colsample_bytree': 0.2672632644858363}
2022-10-09 10:41:07.613 | WARNING  | __main__:<cell line: 156>:169 - 0.569	0.723	0.721	0.722
2022-10-09 10:41:07.926 | WARNING  | __main__:<cell line: 156>:169 - 0.569	0.725	0.715	0.72
2022-10-09 10:41:08.239 | WARNING  | __main__:<cell line: 156>:169 - 0.569	0.688	0.708	0.698
2022-10-09 10:41:08.255 | WARNING  | __main__:<cell line: 175>:175 - accuracy		mean:nan	std:nan
2022-10-09 10:41:08.255 | WARNING  | __main__:<cell line: 177>:177 - precision		mean:0.712	std:0.017
2022-10-09 10:41:08.255 | WARNING  | __main__:<cell line: 179>:179 - recall		mean:0.714	std:0.005
2022-10-09 10:41:08.255 | WARNING  | __main__:<cell line: 181>:181 - f1		mean:0.713	std:0.011
2022-10-09 10:44:56.517 | INFO     | __main__:<cell line: 43>:44 - 使用 卡方检验 进行特诊筛选
2022-10-09 10:45:54.735 | INFO     | __main__:<cell line: 144>:144 - 0.906832298136646
2022-10-09 10:45:54.735 | INFO     | __main__:<cell line: 145>:145 - {'max_depth': 7, 'grow_policy': 'depthwise', 'learning_rate': 0.00021352100896571098, 'gamma': 1.5666051605811377e-06, 'reg_lambda': 0.000637677288007938, 'reg_alpha': 0.007614092979383194, 'subsample': 0.44659981092181267, 'colsample_bytree': 0.2523198085958069}
2022-10-09 10:45:55.140 | WARNING  | __main__:<cell line: 160>:173 - 0.569	0.764	0.717	0.74
2022-10-09 10:45:55.569 | WARNING  | __main__:<cell line: 160>:173 - 0.569	0.769	0.726	0.747
2022-10-09 10:45:55.981 | WARNING  | __main__:<cell line: 160>:173 - 0.569	0.859	0.838	0.848
2022-10-09 10:45:55.981 | WARNING  | __main__:<cell line: 179>:179 - precision		mean:0.797	std:0.044
2022-10-09 10:45:55.981 | WARNING  | __main__:<cell line: 181>:181 - recall		mean:0.76	std:0.055
2022-10-09 10:45:55.996 | WARNING  | __main__:<cell line: 183>:183 - f1		mean:0.778	std:0.05
2022-10-09 10:48:47.430 | INFO     | __main__:<cell line: 43>:44 - 使用 卡方检验 进行特诊筛选
2022-10-09 10:49:36.157 | INFO     | __main__:<cell line: 144>:144 - 0.9207317073170732
2022-10-09 10:49:36.172 | INFO     | __main__:<cell line: 145>:145 - {'max_depth': 12, 'grow_policy': 'depthwise', 'learning_rate': 1.4656870282382993e-05, 'gamma': 0.045477426169040006, 'reg_lambda': 0.5014210847794462, 'reg_alpha': 0.03170633117965318, 'subsample': 0.3328755643901893, 'colsample_bytree': 0.4143853820817258}
2022-10-09 10:49:36.583 | WARNING  | __main__:<cell line: 156>:169 - 0.569	0.744	0.697	0.72
2022-10-09 10:49:36.960 | WARNING  | __main__:<cell line: 156>:169 - 0.569	0.753	0.726	0.739
2022-10-09 10:49:37.376 | WARNING  | __main__:<cell line: 156>:169 - 0.569	0.836	0.816	0.826
2022-10-09 10:49:37.376 | WARNING  | __main__:<cell line: 171>:171 - precision		mean:0.778	std:0.041
2022-10-09 10:49:37.376 | WARNING  | __main__:<cell line: 173>:173 - recall		mean:0.746	std:0.05
2022-10-09 10:49:37.392 | WARNING  | __main__:<cell line: 175>:175 - f1		mean:0.762	std:0.046
2022-10-09 10:58:13.863 | INFO     | __main__:<cell line: 43>:44 - 使用 卡方检验 进行特诊筛选
2022-10-09 10:59:00.376 | INFO     | __main__:<cell line: 144>:144 - 0.918918918918919
2022-10-09 10:59:00.376 | INFO     | __main__:<cell line: 145>:145 - {'max_depth': 6, 'grow_policy': 'depthwise', 'learning_rate': 2.498178118106975e-08, 'gamma': 0.01755749637872474, 'reg_lambda': 2.539474186208203e-07, 'reg_alpha': 1.7346441066874246e-06, 'subsample': 0.3486349484865092, 'colsample_bytree': 0.29499573268439877}
2022-10-09 10:59:00.787 | WARNING  | __main__:<cell line: 156>:171 - 0.588	0.766	0.703	0.733
2022-10-09 10:59:01.166 | WARNING  | __main__:<cell line: 156>:171 - 0.588	0.759	0.704	0.73
2022-10-09 10:59:01.558 | WARNING  | __main__:<cell line: 156>:171 - 0.743	0.861	0.821	0.841
2022-10-09 10:59:01.558 | WARNING  | __main__:<cell line: 173>:173 - precision		mean:0.795	std:0.047
2022-10-09 10:59:01.574 | WARNING  | __main__:<cell line: 175>:175 - recall		mean:0.743	std:0.056
2022-10-09 10:59:01.574 | WARNING  | __main__:<cell line: 177>:177 - f1		mean:0.768	std:0.051
2022-10-09 11:00:55.810 | INFO     | __main__:<cell line: 43>:44 - 使用 卡方检验 进行特诊筛选
2022-10-09 11:01:37.078 | INFO     | __main__:<cell line: 146>:146 - 0.9155844155844156
2022-10-09 11:01:37.094 | INFO     | __main__:<cell line: 147>:147 - {'max_depth': 8, 'grow_policy': 'lossguide', 'learning_rate': 4.6360038645906005e-08, 'gamma': 1.455464913130981e-07, 'reg_lambda': 1.0692604306263001e-07, 'reg_alpha': 0.022204990414016332, 'subsample': 0.33008119179141293, 'colsample_bytree': 0.37187651355393014}
2022-10-09 11:01:37.505 | WARNING  | __main__:<cell line: 158>:175 - 0.588	0.754	0.706	0.7290.412	0.317
2022-10-09 11:01:37.938 | WARNING  | __main__:<cell line: 158>:175 - 0.598	0.76	0.715	0.7370.402	0.308
2022-10-09 11:01:38.376 | WARNING  | __main__:<cell line: 158>:175 - 0.733	0.835	0.818	0.8260.267	0.204
2022-10-09 11:01:38.376 | WARNING  | __main__:<cell line: 178>:178 - precision		mean:0.783	std:0.037
2022-10-09 11:01:38.376 | WARNING  | __main__:<cell line: 180>:180 - recall		mean:0.746	std:0.051
2022-10-09 11:01:38.376 | WARNING  | __main__:<cell line: 182>:182 - f1		mean:0.764	std:0.044
2022-10-09 11:02:12.571 | INFO     | __main__:<cell line: 43>:44 - 使用 卡方检验 进行特诊筛选
2022-10-09 11:03:03.854 | INFO     | __main__:<cell line: 146>:146 - 0.9312977099236641
2022-10-09 11:03:03.860 | INFO     | __main__:<cell line: 147>:147 - {'max_depth': 11, 'grow_policy': 'lossguide', 'learning_rate': 1.0267309928101097e-08, 'gamma': 0.00930234139672791, 'reg_lambda': 0.5774470893648558, 'reg_alpha': 0.04982794806415095, 'subsample': 0.5069299055816585, 'colsample_bytree': 0.3060759113211723}
2022-10-09 11:03:04.552 | WARNING  | __main__:<cell line: 158>:175 - 0.569	0.762	0.692	0.725	0.431	0.317
2022-10-09 11:03:05.249 | WARNING  | __main__:<cell line: 158>:175 - 0.569	0.779	0.693	0.734	0.431	0.304
2022-10-09 11:03:05.959 | WARNING  | __main__:<cell line: 158>:175 - 0.634	0.842	0.754	0.796	0.366	0.229
2022-10-09 11:03:05.966 | WARNING  | __main__:<cell line: 178>:178 - precision		mean:0.794	std:0.034
2022-10-09 11:03:05.972 | WARNING  | __main__:<cell line: 180>:180 - recall		mean:0.713	std:0.029
2022-10-09 11:03:05.978 | WARNING  | __main__:<cell line: 182>:182 - f1		mean:0.751	std:0.031
2022-10-09 11:06:58.533 | INFO     | __main__:<cell line: 43>:44 - 使用 卡方检验 进行特诊筛选
2022-10-09 11:07:38.457 | INFO     | __main__:<cell line: 146>:146 - 0.9259259259259259
2022-10-09 11:07:38.457 | INFO     | __main__:<cell line: 147>:147 - {'max_depth': 4, 'grow_policy': 'lossguide', 'learning_rate': 1.290741312945285e-06, 'gamma': 1.1210964164788919e-08, 'reg_lambda': 2.766802759938347e-06, 'reg_alpha': 2.220347731417539e-05, 'subsample': 0.337969164136068, 'colsample_bytree': 0.29872259515607114}
2022-10-09 11:07:39.031 | WARNING  | __main__:<cell line: 185>:204 - 0.742	0.836	0.816	0.826	0.258	0.201
2022-10-09 11:07:39.625 | WARNING  | __main__:<cell line: 185>:204 - 0.645	0.79	0.738	0.763	0.355	0.276
2022-10-09 11:07:40.213 | WARNING  | __main__:<cell line: 185>:204 - 0.645	0.785	0.743	0.763	0.355	0.276
2022-10-09 11:18:49.101 | INFO     | __main__:<cell line: 43>:44 - 使用 卡方检验 进行特诊筛选
2022-10-09 11:19:29.392 | INFO     | __main__:<cell line: 146>:146 - 0.9366197183098591
2022-10-09 11:19:29.392 | INFO     | __main__:<cell line: 147>:147 - {'max_depth': 5, 'grow_policy': 'lossguide', 'learning_rate': 1.2513038108538226e-08, 'gamma': 0.0002577160559677593, 'reg_lambda': 0.00010632647631192786, 'reg_alpha': 0.31829839957035255, 'subsample': 0.20082699321866535, 'colsample_bytree': 0.49530021227301896}
2022-10-09 11:19:29.738 | WARNING  | __main__:<cell line: 158>:175 - 0.539	0.747	0.672	0.708	0.461	0.336
2022-10-09 11:19:30.118 | WARNING  | __main__:<cell line: 158>:175 - 0.569	0.761	0.691	0.725	0.431	0.317
2022-10-09 11:19:30.466 | WARNING  | __main__:<cell line: 158>:175 - 0.663	0.839	0.769	0.803	0.337	0.223
2022-10-09 11:19:30.841 | WARNING  | __main__:<cell line: 185>:204 - 0.71	0.85	0.798	0.823	0.29	0.201
2022-10-09 11:19:31.187 | WARNING  | __main__:<cell line: 185>:204 - 0.581	0.796	0.696	0.743	0.419	0.29
2022-10-09 11:19:31.568 | WARNING  | __main__:<cell line: 185>:204 - 0.581	0.775	0.701	0.736	0.419	0.301
2022-10-09 11:25:30.905 | INFO     | __main__:<cell line: 146>:146 - 0.8387096774193549
2022-10-09 11:25:30.905 | INFO     | __main__:<cell line: 147>:147 - {'max_depth': 9, 'grow_policy': 'lossguide', 'learning_rate': 6.635048447172505e-07, 'gamma': 0.0001939696356462482, 'reg_lambda': 0.04552995109735483, 'reg_alpha': 0.05387371991483115, 'subsample': 0.32175281170539977, 'colsample_bytree': 0.3378722600048688}
2022-10-09 11:25:31.319 | WARNING  | __main__:<cell line: 158>:175 - 0.588	0.751	0.703	0.726	0.412	0.32
2022-10-09 11:25:31.700 | WARNING  | __main__:<cell line: 158>:175 - 0.578	0.742	0.7	0.721	0.422	0.328
2022-10-09 11:25:32.128 | WARNING  | __main__:<cell line: 158>:175 - 0.743	0.837	0.821	0.829	0.257	0.2
2022-10-09 11:25:32.572 | WARNING  | __main__:<cell line: 185>:204 - 0.742	0.836	0.816	0.826	0.258	0.201
2022-10-09 11:25:32.988 | WARNING  | __main__:<cell line: 185>:204 - 0.645	0.786	0.744	0.765	0.355	0.276
2022-10-09 11:25:33.430 | WARNING  | __main__:<cell line: 185>:204 - 0.645	0.785	0.743	0.763	0.355	0.276
2022-10-09 11:27:11.232 | INFO     | __main__:<cell line: 146>:146 - 0.8387096774193549
2022-10-09 11:27:11.232 | INFO     | __main__:<cell line: 147>:147 - {'max_depth': 5, 'grow_policy': 'depthwise', 'learning_rate': 0.00017981352594665623, 'gamma': 0.1947439789089858, 'reg_lambda': 1.5450260631479709e-07, 'reg_alpha': 0.7059854055285237, 'subsample': 0.20986597476022645, 'colsample_bytree': 0.6137259089358246}
2022-10-09 11:27:11.576 | WARNING  | __main__:<cell line: 185>:204 - 0.742	0.832	0.822	0.827	0.258	0.201
2022-10-09 11:27:11.941 | WARNING  | __main__:<cell line: 185>:204 - 0.71	0.83	0.786	0.807	0.29	0.226
2022-10-09 11:27:12.275 | WARNING  | __main__:<cell line: 185>:204 - 0.613	0.761	0.725	0.742	0.387	0.301
2022-10-09 11:27:12.640 | WARNING  | __main__:<cell line: 185>:204 - 0.548	0.72	0.711	0.715	0.452	0.337
2022-10-09 11:27:13.034 | WARNING  | __main__:<cell line: 185>:204 - 0.548	0.701	0.701	0.701	0.452	0.351
2022-10-09 11:27:13.400 | WARNING  | __main__:<cell line: 185>:204 - 0.645	0.784	0.751	0.767	0.355	0.276
2022-10-09 11:27:13.763 | WARNING  | __main__:<cell line: 185>:204 - 0.742	0.839	0.818	0.828	0.258	0.201
2022-10-09 11:27:14.144 | WARNING  | __main__:<cell line: 185>:204 - 0.581	0.744	0.704	0.723	0.419	0.326
2022-10-09 11:27:14.499 | WARNING  | __main__:<cell line: 185>:204 - 0.677	0.807	0.769	0.788	0.323	0.251
2022-10-09 11:27:14.832 | WARNING  | __main__:<cell line: 185>:204 - 0.613	0.759	0.723	0.741	0.387	0.301
2022-10-09 11:28:48.094 | INFO     | __main__:<cell line: 146>:146 - 0.8387096774193549
2022-10-09 11:28:48.094 | INFO     | __main__:<cell line: 147>:147 - {'max_depth': 12, 'grow_policy': 'depthwise', 'learning_rate': 0.00721571276404436, 'gamma': 0.00124279281379388, 'reg_lambda': 0.017872088488702156, 'reg_alpha': 0.012028564825535071, 'subsample': 0.25941522320936994, 'colsample_bytree': 0.5935678870327712}
2022-10-09 11:28:48.522 | WARNING  | __main__:<cell line: 185>:204 - 0.677	0.789	0.779	0.784	0.323	0.251
2022-10-09 11:28:48.917 | WARNING  | __main__:<cell line: 185>:204 - 0.645	0.783	0.75	0.766	0.355	0.276
2022-10-09 11:28:49.332 | WARNING  | __main__:<cell line: 185>:204 - 0.613	0.761	0.725	0.742	0.387	0.301
2022-10-09 11:28:49.762 | WARNING  | __main__:<cell line: 185>:204 - 0.613	0.753	0.735	0.744	0.387	0.301
2022-10-09 11:28:50.158 | WARNING  | __main__:<cell line: 185>:204 - 0.548	0.701	0.701	0.701	0.452	0.351
2022-10-09 11:28:50.598 | WARNING  | __main__:<cell line: 185>:204 - 0.677	0.804	0.775	0.789	0.323	0.251
2022-10-09 11:28:50.995 | WARNING  | __main__:<cell line: 185>:204 - 0.677	0.791	0.782	0.787	0.323	0.251
2022-10-09 11:28:51.423 | WARNING  | __main__:<cell line: 185>:204 - 0.613	0.764	0.728	0.745	0.387	0.301
2022-10-09 11:28:51.850 | WARNING  | __main__:<cell line: 185>:204 - 0.71	0.827	0.793	0.81	0.29	0.226
2022-10-09 11:28:52.256 | WARNING  | __main__:<cell line: 185>:204 - 0.581	0.736	0.705	0.72	0.419	0.326
2022-10-09 11:28:52.271 | WARNING  | __main__:<cell line: 207>:207 - f1		mean:0.635	std:0.048
2022-10-09 11:28:52.271 | WARNING  | __main__:<cell line: 209>:209 - precision		mean:0.771	std:0.034
2022-10-09 11:28:52.271 | WARNING  | __main__:<cell line: 211>:211 - recall		mean:0.747	std:0.032
2022-10-09 11:28:52.287 | WARNING  | __main__:<cell line: 213>:213 - f1		mean:0.759	std:0.032
2022-10-09 11:28:52.287 | WARNING  | __main__:<cell line: 215>:215 - f1		mean:0.365	std:0.048
2022-10-09 11:28:52.287 | WARNING  | __main__:<cell line: 217>:217 - f1		mean:0.284	std:0.037
2022-10-09 11:30:20.498 | INFO     | __main__:<cell line: 146>:146 - 0.8387096774193549
2022-10-09 11:30:20.498 | INFO     | __main__:<cell line: 147>:147 - {'max_depth': 9, 'grow_policy': 'lossguide', 'learning_rate': 0.004954403782575676, 'gamma': 3.814796780453513e-07, 'reg_lambda': 0.0021385944264954884, 'reg_alpha': 0.3264739280688152, 'subsample': 0.34498961088611046, 'colsample_bytree': 0.20452667878859165}
2022-10-09 11:30:20.885 | WARNING  | __main__:<cell line: 185>:203 - 0.71	0.812	0.798	0.805	0.29	0.226
2022-10-09 11:30:21.282 | WARNING  | __main__:<cell line: 185>:203 - 0.613	0.769	0.714	0.741	0.387	0.301
2022-10-09 11:30:21.664 | WARNING  | __main__:<cell line: 185>:203 - 0.613	0.764	0.719	0.741	0.387	0.301
2022-10-09 11:30:22.025 | WARNING  | __main__:<cell line: 185>:203 - 0.613	0.759	0.723	0.741	0.387	0.301
2022-10-09 11:30:22.387 | WARNING  | __main__:<cell line: 185>:203 - 0.613	0.753	0.726	0.739	0.387	0.301
2022-10-09 11:30:22.751 | WARNING  | __main__:<cell line: 185>:203 - 0.548	0.726	0.675	0.699	0.452	0.351
2022-10-09 11:30:23.101 | WARNING  | __main__:<cell line: 185>:203 - 0.71	0.823	0.788	0.805	0.29	0.226
2022-10-09 11:30:23.461 | WARNING  | __main__:<cell line: 185>:203 - 0.548	0.726	0.675	0.699	0.452	0.351
2022-10-09 11:30:23.810 | WARNING  | __main__:<cell line: 185>:203 - 0.613	0.771	0.716	0.742	0.387	0.301
2022-10-09 11:30:24.159 | WARNING  | __main__:<cell line: 185>:203 - 0.645	0.783	0.741	0.762	0.355	0.276
2022-10-09 11:30:24.175 | WARNING  | __main__:<cell line: 206>:206 - accuracy		mean:0.623	std:0.052
2022-10-09 11:30:24.175 | WARNING  | __main__:<cell line: 208>:208 - precision		mean:0.769	std:0.03
2022-10-09 11:30:24.175 | WARNING  | __main__:<cell line: 210>:210 - recall		mean:0.727	std:0.038
2022-10-09 11:30:24.192 | WARNING  | __main__:<cell line: 212>:212 - f1		mean:0.747	std:0.034
2022-10-09 11:30:24.196 | WARNING  | __main__:<cell line: 214>:214 - zero_one		mean:0.377	std:0.052
2022-10-09 11:30:24.200 | WARNING  | __main__:<cell line: 216>:216 - hamming_loss		mean:0.294	std:0.041
2022-10-09 11:44:44.482 | INFO     | __main__:<cell line: 146>:146 - 0.8387096774193549
2022-10-09 11:44:44.482 | INFO     | __main__:<cell line: 147>:147 - {'max_depth': 12, 'grow_policy': 'depthwise', 'learning_rate': 0.005132968828894746, 'gamma': 1.2563707991445745e-08, 'reg_lambda': 8.269796110610562e-05, 'reg_alpha': 3.188436471600126e-06, 'subsample': 0.4332236627709805, 'colsample_bytree': 0.39774990734480775}
2022-10-09 11:44:44.972 | WARNING  | __main__:<cell line: 185>:203 - 0.742	0.832	0.822	0.827	0.258	0.201
2022-10-09 11:44:45.458 | WARNING  | __main__:<cell line: 185>:203 - 0.645	0.79	0.738	0.763	0.355	0.276
2022-10-09 11:44:45.982 | WARNING  | __main__:<cell line: 185>:203 - 0.645	0.785	0.743	0.763	0.355	0.276
2022-10-09 11:44:46.474 | WARNING  | __main__:<cell line: 185>:203 - 0.677	0.793	0.783	0.788	0.323	0.251
2022-10-09 11:44:46.934 | WARNING  | __main__:<cell line: 185>:203 - 0.581	0.724	0.72	0.722	0.419	0.326
2022-10-09 11:44:47.420 | WARNING  | __main__:<cell line: 185>:203 - 0.677	0.804	0.775	0.789	0.323	0.251
2022-10-09 11:44:47.904 | WARNING  | __main__:<cell line: 185>:203 - 0.774	0.858	0.842	0.85	0.226	0.176
2022-10-09 11:44:48.391 | WARNING  | __main__:<cell line: 185>:203 - 0.581	0.744	0.704	0.723	0.419	0.326
2022-10-09 11:44:48.850 | WARNING  | __main__:<cell line: 185>:203 - 0.71	0.823	0.799	0.811	0.29	0.226
2022-10-09 11:44:49.340 | WARNING  | __main__:<cell line: 185>:203 - 0.645	0.78	0.747	0.763	0.355	0.276
2022-10-09 11:44:49.340 | WARNING  | __main__:<cell line: 206>:206 - accuracy		mean:0.668	std:0.06
2022-10-09 11:44:49.340 | WARNING  | __main__:<cell line: 208>:208 - precision		mean:0.793	std:0.038
2022-10-09 11:44:49.356 | WARNING  | __main__:<cell line: 210>:210 - recall		mean:0.767	std:0.043
2022-10-09 11:44:49.356 | WARNING  | __main__:<cell line: 212>:212 - f1		mean:0.78	std:0.04
2022-10-09 11:44:49.356 | WARNING  | __main__:<cell line: 214>:214 - zero_one		mean:0.332	std:0.06
2022-10-09 11:44:49.372 | WARNING  | __main__:<cell line: 216>:216 - hamming_loss		mean:0.258	std:0.046
