2022-09-03 17:09:57.866 | INFO     | __main__:<cell line: 44>:71 - 使用 LASSO 进行特征选择,剩余(92, 10)个特征
2022-09-03 17:09:58.170 | INFO     | __main__:<cell line: 92>:108 - 使用 SMOTETomek 混合采样
2022-09-03 17:09:58.175 | INFO     | __main__:<cell line: 113>:113 - 采样前热性哮喘=67,热性哮喘=67
        采样后热性哮喘=67,热性哮喘=67
2022-09-03 17:10:03.059 | INFO     | __main__:<cell line: 147>:147 - {'max_depth': 9, 'grow_policy': 'depthwise', 'learning_rate': 5.690564077619849e-07, 'gamma': 0.0026630213314150298, 'reg_lambda': 6.498738918587064e-05, 'reg_alpha': 2.5593607075069224e-06, 'subsample': 0.2436803038947921, 'colsample_bytree': 0.5012088639528243}
2022-09-03 17:10:03.380 | WARNING  | __main__:<cell line: 154>:154 - {'fit_time': array([0.02699947, 0.02799845, 0.02699947, 0.02599955, 0.02499962,
       0.02799988, 0.02699924, 0.02400041, 0.02699995, 0.02700067]), 'score_time': array([0.00500011, 0.00600076, 0.00500059, 0.00399995, 0.00500035,
       0.00500059, 0.00300026, 0.00399971, 0.00300002, 0.00399923]), 'test_accuracy': array([1.        , 0.92857143, 0.92857143, 1.        , 1.        ,
       0.92307692, 1.        , 0.92307692, 1.        , 0.92307692]), 'test_precision': array([1.   , 0.875, 0.875, 1.   , 1.   , 1.   , 1.   , 1.   , 1.   ,
       0.875]), 'test_recall': array([1.        , 1.        , 1.        , 1.        , 1.        ,
       0.83333333, 1.        , 0.85714286, 1.        , 1.        ]), 'test_f1': array([1.        , 0.93333333, 0.93333333, 1.        , 1.        ,
       0.90909091, 1.        , 0.92307692, 1.        , 0.93333333])}
2022-09-03 17:10:03.418 | WARNING  | __main__:<cell line: 155>:168 - 1.0	1.0	1.0	1.0
2022-09-03 17:10:03.634 | WARNING  | __main__:<cell line: 155>:168 - 0.929	0.875	1.0	0.933
2022-09-03 17:10:03.844 | WARNING  | __main__:<cell line: 155>:168 - 0.929	0.875	1.0	0.933
2022-09-03 17:10:04.065 | WARNING  | __main__:<cell line: 155>:168 - 1.0	1.0	1.0	1.0
2022-09-03 17:10:04.280 | WARNING  | __main__:<cell line: 155>:168 - 1.0	1.0	1.0	1.0
2022-09-03 17:10:04.493 | WARNING  | __main__:<cell line: 155>:168 - 0.923	1.0	0.833	0.909
2022-09-03 17:10:04.707 | WARNING  | __main__:<cell line: 155>:168 - 1.0	1.0	1.0	1.0
2022-09-03 17:10:04.922 | WARNING  | __main__:<cell line: 155>:168 - 0.923	1.0	0.857	0.923
2022-09-03 17:10:05.123 | WARNING  | __main__:<cell line: 155>:168 - 1.0	1.0	1.0	1.0
2022-09-03 17:10:05.333 | WARNING  | __main__:<cell line: 155>:168 - 0.923	0.875	1.0	0.933
2022-09-03 17:10:05.513 | WARNING  | __main__:<cell line: 174>:174 - accuracy		mean:0.963	std:0.037
2022-09-03 17:10:05.514 | WARNING  | __main__:<cell line: 176>:176 - precision		mean:0.962	std:0.057
2022-09-03 17:10:05.515 | WARNING  | __main__:<cell line: 178>:178 - recall		mean:0.969	std:0.062
2022-09-03 17:10:05.516 | WARNING  | __main__:<cell line: 180>:180 - f1		mean:0.963	std:0.037
2022-09-03 17:10:46.829 | INFO     | __main__:<cell line: 44>:71 - 使用 LASSO 进行特征选择,剩余(92, 10)个特征
2022-09-03 17:10:47.172 | INFO     | __main__:<cell line: 92>:108 - 使用 SMOTETomek 混合采样
2022-09-03 17:10:47.177 | INFO     | __main__:<cell line: 113>:113 - 采样前热性哮喘=67,热性哮喘=25        采样后热性哮喘=67,热性哮喘=67
2022-09-03 17:10:51.834 | INFO     | __main__:<cell line: 147>:147 - {'max_depth': 3, 'grow_policy': 'depthwise', 'learning_rate': 0.006523014501728464, 'gamma': 0.00017730727481816237, 'reg_lambda': 0.030913130970673865, 'reg_alpha': 2.7131528902160033e-07, 'subsample': 0.5637056678794559, 'colsample_bytree': 0.5379853830794158}
2022-09-03 17:10:52.176 | WARNING  | __main__:<cell line: 154>:154 - {'fit_time': array([0.0279994 , 0.03300047, 0.02999902, 0.03300095, 0.02899957,
       0.02499962, 0.02599978, 0.02706051, 0.02499914, 0.02500033]), 'score_time': array([0.00600052, 0.00500011, 0.00599909, 0.00499964, 0.00500059,
       0.0030005 , 0.00500011, 0.00500059, 0.00399995, 0.00299978]), 'test_accuracy': array([1.        , 0.92857143, 0.92857143, 1.        , 1.        ,
       0.92307692, 1.        , 0.92307692, 1.        , 0.92307692]), 'test_precision': array([1.   , 0.875, 0.875, 1.   , 1.   , 1.   , 1.   , 1.   , 1.   ,
       0.875]), 'test_recall': array([1.        , 1.        , 1.        , 1.        , 1.        ,
       0.83333333, 1.        , 0.85714286, 1.        , 1.        ]), 'test_f1': array([1.        , 0.93333333, 0.93333333, 1.        , 1.        ,
       0.90909091, 1.        , 0.92307692, 1.        , 0.93333333])}
2022-09-03 17:10:52.212 | WARNING  | __main__:<cell line: 155>:168 - 1.0	1.0	1.0	1.0
2022-09-03 17:10:52.421 | WARNING  | __main__:<cell line: 155>:168 - 0.929	0.875	1.0	0.933
2022-09-03 17:10:52.639 | WARNING  | __main__:<cell line: 155>:168 - 0.929	0.875	1.0	0.933
2022-09-03 17:10:53.073 | WARNING  | __main__:<cell line: 155>:168 - 1.0	1.0	1.0	1.0
2022-09-03 17:10:53.295 | WARNING  | __main__:<cell line: 155>:168 - 1.0	1.0	1.0	1.0
2022-09-03 17:10:53.511 | WARNING  | __main__:<cell line: 155>:168 - 0.923	1.0	0.833	0.909
2022-09-03 17:10:53.733 | WARNING  | __main__:<cell line: 155>:168 - 1.0	1.0	1.0	1.0
2022-09-03 17:10:53.974 | WARNING  | __main__:<cell line: 155>:168 - 0.923	1.0	0.857	0.923
2022-09-03 17:10:54.192 | WARNING  | __main__:<cell line: 155>:168 - 1.0	1.0	1.0	1.0
2022-09-03 17:10:54.414 | WARNING  | __main__:<cell line: 155>:168 - 0.923	0.875	1.0	0.933
2022-09-03 17:10:54.595 | WARNING  | __main__:<cell line: 174>:174 - accuracy		mean:0.963	std:0.037
2022-09-03 17:10:54.596 | WARNING  | __main__:<cell line: 176>:176 - precision		mean:0.962	std:0.057
2022-09-03 17:10:54.597 | WARNING  | __main__:<cell line: 178>:178 - recall		mean:0.969	std:0.062
2022-09-03 17:10:54.598 | WARNING  | __main__:<cell line: 180>:180 - f1		mean:0.963	std:0.037
2022-09-03 17:11:42.016 | INFO     | __main__:<cell line: 44>:71 - 使用 LASSO 进行特征选择,剩余(92, 10)个特征
2022-09-03 17:11:42.343 | INFO     | __main__:<cell line: 92>:108 - 使用 SMOTETomek 混合采样
2022-09-03 17:11:42.348 | INFO     | __main__:<cell line: 113>:113 - 采样前：热性哮喘有67条,热性哮喘有25条        采样后：热性哮喘有67条,热性哮喘有67条
2022-09-03 17:11:46.990 | INFO     | __main__:<cell line: 147>:147 - {'max_depth': 7, 'grow_policy': 'depthwise', 'learning_rate': 1.7828938356298768e-07, 'gamma': 0.006391645042592071, 'reg_lambda': 0.9937363999505963, 'reg_alpha': 3.5962767025417327e-07, 'subsample': 0.8346338951338845, 'colsample_bytree': 0.9888737625081101}
2022-09-03 17:11:47.284 | WARNING  | __main__:<cell line: 154>:154 - {'fit_time': array([0.02899885, 0.02799988, 0.02299833, 0.02299976, 0.02000022,
       0.02099967, 0.02000022, 0.02599978, 0.02499986, 0.02600026]), 'score_time': array([0.00600147, 0.00399899, 0.00500011, 0.00300002, 0.00300026,
       0.00300002, 0.00299978, 0.00500035, 0.00500011, 0.00300002]), 'test_accuracy': array([1.        , 0.92857143, 0.92857143, 1.        , 1.        ,
       0.92307692, 1.        , 0.92307692, 1.        , 0.92307692]), 'test_precision': array([1.   , 0.875, 0.875, 1.   , 1.   , 1.   , 1.   , 1.   , 1.   ,
       0.875]), 'test_recall': array([1.        , 1.        , 1.        , 1.        , 1.        ,
       0.83333333, 1.        , 0.85714286, 1.        , 1.        ]), 'test_f1': array([1.        , 0.93333333, 0.93333333, 1.        , 1.        ,
       0.90909091, 1.        , 0.92307692, 1.        , 0.93333333])}
2022-09-03 17:11:47.319 | WARNING  | __main__:<cell line: 155>:168 - 1.0	1.0	1.0	1.0
2022-09-03 17:11:47.530 | WARNING  | __main__:<cell line: 155>:168 - 0.929	0.875	1.0	0.933
2022-09-03 17:11:47.736 | WARNING  | __main__:<cell line: 155>:168 - 0.929	0.875	1.0	0.933
2022-09-03 17:11:47.941 | WARNING  | __main__:<cell line: 155>:168 - 1.0	1.0	1.0	1.0
2022-09-03 17:11:48.145 | WARNING  | __main__:<cell line: 155>:168 - 1.0	1.0	1.0	1.0
2022-09-03 17:11:48.366 | WARNING  | __main__:<cell line: 155>:168 - 0.923	1.0	0.833	0.909
2022-09-03 17:11:48.601 | WARNING  | __main__:<cell line: 155>:168 - 1.0	1.0	1.0	1.0
2022-09-03 17:11:48.809 | WARNING  | __main__:<cell line: 155>:168 - 0.923	1.0	0.857	0.923
2022-09-03 17:11:49.016 | WARNING  | __main__:<cell line: 155>:168 - 1.0	1.0	1.0	1.0
2022-09-03 17:11:49.224 | WARNING  | __main__:<cell line: 155>:168 - 0.923	0.875	1.0	0.933
2022-09-03 17:11:49.388 | WARNING  | __main__:<cell line: 174>:174 - accuracy		mean:0.963	std:0.037
2022-09-03 17:11:49.389 | WARNING  | __main__:<cell line: 176>:176 - precision		mean:0.962	std:0.057
2022-09-03 17:11:49.390 | WARNING  | __main__:<cell line: 178>:178 - recall		mean:0.969	std:0.062
2022-09-03 17:11:49.391 | WARNING  | __main__:<cell line: 180>:180 - f1		mean:0.963	std:0.037
2022-09-03 17:12:01.115 | INFO     | __main__:<cell line: 44>:71 - 使用 LASSO 进行特征选择,剩余(92, 10)个特征
2022-09-03 17:12:01.481 | INFO     | __main__:<cell line: 92>:108 - 使用 SMOTETomek 混合采样
2022-09-03 17:12:01.486 | INFO     | __main__:<cell line: 113>:113 - 采样前：热性哮喘有67条,寒性哮喘有25条        采样后：热性哮喘有67条,寒性哮喘有67条
2022-09-03 17:12:06.077 | INFO     | __main__:<cell line: 147>:147 - {'max_depth': 9, 'grow_policy': 'lossguide', 'learning_rate': 0.6768936700845617, 'gamma': 2.298422572621178e-06, 'reg_lambda': 0.00024934936021324915, 'reg_alpha': 0.06475598522735804, 'subsample': 0.8878733332438085, 'colsample_bytree': 0.8297659322647069}
2022-09-03 17:12:06.371 | WARNING  | __main__:<cell line: 154>:154 - {'fit_time': array([0.02400017, 0.02499986, 0.02599931, 0.02500033, 0.02299929,
       0.02200007, 0.02300048, 0.02306366, 0.02299929, 0.02200055]), 'score_time': array([0.00499988, 0.00600076, 0.00499988, 0.00500059, 0.00300002,
       0.00399995, 0.00500011, 0.00500083, 0.00300002, 0.00399923]), 'test_accuracy': array([0.85714286, 0.92857143, 0.92857143, 1.        , 1.        ,
       0.92307692, 1.        , 0.92307692, 0.92307692, 0.92307692]), 'test_precision': array([0.85714286, 0.875     , 0.875     , 1.        , 1.        ,
       1.        , 1.        , 1.        , 1.        , 0.875     ]), 'test_recall': array([0.85714286, 1.        , 1.        , 1.        , 1.        ,
       0.83333333, 1.        , 0.85714286, 0.85714286, 1.        ]), 'test_f1': array([0.85714286, 0.93333333, 0.93333333, 1.        , 1.        ,
       0.90909091, 1.        , 0.92307692, 0.92307692, 0.93333333])}
2022-09-03 17:12:06.402 | WARNING  | __main__:<cell line: 155>:168 - 0.857	0.857	0.857	0.857
2022-09-03 17:12:06.607 | WARNING  | __main__:<cell line: 155>:168 - 0.929	0.875	1.0	0.933
2022-09-03 17:12:06.787 | WARNING  | __main__:<cell line: 155>:168 - 0.929	0.875	1.0	0.933
2022-09-03 17:12:07.007 | WARNING  | __main__:<cell line: 155>:168 - 1.0	1.0	1.0	1.0
2022-09-03 17:12:07.422 | WARNING  | __main__:<cell line: 155>:168 - 1.0	1.0	1.0	1.0
2022-09-03 17:12:07.627 | WARNING  | __main__:<cell line: 155>:168 - 0.923	1.0	0.833	0.909
2022-09-03 17:12:07.828 | WARNING  | __main__:<cell line: 155>:168 - 1.0	1.0	1.0	1.0
2022-09-03 17:12:08.031 | WARNING  | __main__:<cell line: 155>:168 - 0.923	1.0	0.857	0.923
2022-09-03 17:12:08.250 | WARNING  | __main__:<cell line: 155>:168 - 0.923	1.0	0.857	0.923
2022-09-03 17:12:08.454 | WARNING  | __main__:<cell line: 155>:168 - 0.923	0.875	1.0	0.933
2022-09-03 17:12:08.627 | WARNING  | __main__:<cell line: 174>:174 - accuracy		mean:0.941	std:0.044
2022-09-03 17:12:08.628 | WARNING  | __main__:<cell line: 176>:176 - precision		mean:0.948	std:0.064
2022-09-03 17:12:08.629 | WARNING  | __main__:<cell line: 178>:178 - recall		mean:0.94	std:0.073
2022-09-03 17:12:08.630 | WARNING  | __main__:<cell line: 180>:180 - f1		mean:0.941	std:0.044
2022-09-03 17:13:07.394 | INFO     | __main__:<cell line: 44>:71 - 使用 LASSO 进行特征选择,剩余(92, 10)个特征
2022-09-03 17:13:07.694 | INFO     | __main__:<cell line: 92>:108 - 使用 SMOTETomek 混合采样
2022-09-03 17:13:07.698 | INFO     | __main__:<cell line: 113>:113 - 采样前：热性哮喘有67条,寒性哮喘有25条
2022-09-03 17:13:07.699 | INFO     | __main__:<cell line: 114>:114 - 采样后：热性哮喘有67条,寒性哮喘有25条
2022-09-03 17:13:12.406 | INFO     | __main__:<cell line: 147>:147 - {'max_depth': 11, 'grow_policy': 'lossguide', 'learning_rate': 0.0004885719626052815, 'gamma': 6.136956721373903e-08, 'reg_lambda': 1.7777555303604622e-05, 'reg_alpha': 0.002879953222710805, 'subsample': 0.47898105634320376, 'colsample_bytree': 0.29944098122271684}
2022-09-03 17:13:12.731 | WARNING  | __main__:<cell line: 154>:154 - {'fit_time': array([0.02900076, 0.03099966, 0.02999973, 0.02899909, 0.02799964,
       0.02506948, 0.02399945, 0.02400017, 0.02299976, 0.02299976]), 'score_time': array([0.00599909, 0.00500035, 0.00500107, 0.00600028, 0.00499988,
       0.00300026, 0.00500011, 0.00300002, 0.00300002, 0.00500035]), 'test_accuracy': array([0.85714286, 0.92857143, 0.92857143, 1.        , 1.        ,
       0.92307692, 1.        , 0.92307692, 1.        , 0.92307692]), 'test_precision': array([0.85714286, 0.875     , 0.875     , 1.        , 1.        ,
       1.        , 1.        , 1.        , 1.        , 0.875     ]), 'test_recall': array([0.85714286, 1.        , 1.        , 1.        , 1.        ,
       0.83333333, 1.        , 0.85714286, 1.        , 1.        ]), 'test_f1': array([0.85714286, 0.93333333, 0.93333333, 1.        , 1.        ,
       0.90909091, 1.        , 0.92307692, 1.        , 0.93333333])}
2022-09-03 17:13:12.767 | WARNING  | __main__:<cell line: 155>:168 - 0.857	0.857	0.857	0.857
2022-09-03 17:13:12.979 | WARNING  | __main__:<cell line: 155>:168 - 0.929	0.875	1.0	0.933
2022-09-03 17:13:13.198 | WARNING  | __main__:<cell line: 155>:168 - 0.929	0.875	1.0	0.933
2022-09-03 17:13:13.413 | WARNING  | __main__:<cell line: 155>:168 - 1.0	1.0	1.0	1.0
2022-09-03 17:13:13.630 | WARNING  | __main__:<cell line: 155>:168 - 1.0	1.0	1.0	1.0
2022-09-03 17:13:13.842 | WARNING  | __main__:<cell line: 155>:168 - 0.923	1.0	0.833	0.909
2022-09-03 17:13:14.069 | WARNING  | __main__:<cell line: 155>:168 - 1.0	1.0	1.0	1.0
2022-09-03 17:13:14.281 | WARNING  | __main__:<cell line: 155>:168 - 0.923	1.0	0.857	0.923
2022-09-03 17:13:14.482 | WARNING  | __main__:<cell line: 155>:168 - 1.0	1.0	1.0	1.0
2022-09-03 17:13:14.693 | WARNING  | __main__:<cell line: 155>:168 - 0.923	0.875	1.0	0.933
2022-09-03 17:13:14.873 | WARNING  | __main__:<cell line: 174>:174 - accuracy		mean:0.948	std:0.047
2022-09-03 17:13:14.874 | WARNING  | __main__:<cell line: 176>:176 - precision		mean:0.948	std:0.064
2022-09-03 17:13:14.875 | WARNING  | __main__:<cell line: 178>:178 - recall		mean:0.955	std:0.069
2022-09-03 17:13:14.876 | WARNING  | __main__:<cell line: 180>:180 - f1		mean:0.949	std:0.047
2022-09-03 17:13:38.268 | INFO     | __main__:<cell line: 44>:71 - 使用 LASSO 进行特征选择,剩余(92, 10)个特征
2022-09-03 17:13:38.608 | INFO     | __main__:<cell line: 92>:108 - 使用 SMOTETomek 混合采样
2022-09-03 17:13:38.613 | INFO     | __main__:<cell line: 113>:113 - 采样前：热性哮喘有67条,寒性哮喘有25条
2022-09-03 17:13:38.614 | INFO     | __main__:<cell line: 114>:114 - 采样后：热性哮喘有67条,寒性哮喘有67条
2022-09-03 17:13:43.414 | INFO     | __main__:<cell line: 146>:146 - {'max_depth': 8, 'grow_policy': 'lossguide', 'learning_rate': 0.23836196263794732, 'gamma': 0.33434085537242053, 'reg_lambda': 0.0003161263258797184, 'reg_alpha': 0.0012479379841350289, 'subsample': 0.5987696805105256, 'colsample_bytree': 0.8661340906814712}
2022-09-03 17:13:43.722 | WARNING  | __main__:<cell line: 153>:153 - {'fit_time': array([0.02699971, 0.02700043, 0.01999974, 0.0250001 , 0.02699947,
       0.02399945, 0.02399945, 0.02399993, 0.02399921, 0.02299953]), 'score_time': array([0.00499988, 0.00299954, 0.00500011, 0.00500035, 0.00500083,
       0.00500011, 0.00500011, 0.00500011, 0.00499988, 0.00400043]), 'test_accuracy': array([0.85714286, 0.92857143, 0.92857143, 1.        , 1.        ,
       0.92307692, 1.        , 0.92307692, 1.        , 0.92307692]), 'test_precision': array([0.85714286, 0.875     , 0.875     , 1.        , 1.        ,
       1.        , 1.        , 1.        , 1.        , 0.875     ]), 'test_recall': array([0.85714286, 1.        , 1.        , 1.        , 1.        ,
       0.83333333, 1.        , 0.85714286, 1.        , 1.        ]), 'test_f1': array([0.85714286, 0.93333333, 0.93333333, 1.        , 1.        ,
       0.90909091, 1.        , 0.92307692, 1.        , 0.93333333])}
2022-09-03 17:13:43.752 | WARNING  | __main__:<cell line: 154>:167 - 0.857	0.857	0.857	0.857
2022-09-03 17:13:43.959 | WARNING  | __main__:<cell line: 154>:167 - 0.929	0.875	1.0	0.933
2022-09-03 17:13:44.176 | WARNING  | __main__:<cell line: 154>:167 - 0.929	0.875	1.0	0.933
2022-09-03 17:13:44.386 | WARNING  | __main__:<cell line: 154>:167 - 1.0	1.0	1.0	1.0
2022-09-03 17:13:44.600 | WARNING  | __main__:<cell line: 154>:167 - 1.0	1.0	1.0	1.0
2022-09-03 17:13:45.060 | WARNING  | __main__:<cell line: 154>:167 - 0.923	1.0	0.833	0.909
2022-09-03 17:13:45.263 | WARNING  | __main__:<cell line: 154>:167 - 1.0	1.0	1.0	1.0
2022-09-03 17:13:45.480 | WARNING  | __main__:<cell line: 154>:167 - 0.923	1.0	0.857	0.923
2022-09-03 17:13:45.689 | WARNING  | __main__:<cell line: 154>:167 - 1.0	1.0	1.0	1.0
2022-09-03 17:13:45.898 | WARNING  | __main__:<cell line: 154>:167 - 0.923	0.875	1.0	0.933
2022-09-03 17:13:46.076 | WARNING  | __main__:<cell line: 173>:173 - accuracy		mean:0.948	std:0.047
2022-09-03 17:13:46.077 | WARNING  | __main__:<cell line: 175>:175 - precision		mean:0.948	std:0.064
2022-09-03 17:13:46.078 | WARNING  | __main__:<cell line: 177>:177 - recall		mean:0.955	std:0.069
2022-09-03 17:13:46.079 | WARNING  | __main__:<cell line: 179>:179 - f1		mean:0.949	std:0.047
