2022-09-04 17:13:19.084 | INFO     | __main__:<cell line: 44>:71 - 使用 LASSO 进行特征选择,剩余(92, 10)个特征
2022-09-04 17:13:19.422 | INFO     | __main__:<cell line: 92>:108 - 使用 SMOTETomek 混合采样
2022-09-04 17:13:19.431 | INFO     | __main__:<cell line: 113>:113 - 采样前：热性哮喘有67条,寒性哮喘有25条
2022-09-04 17:13:19.432 | INFO     | __main__:<cell line: 114>:114 - 采样后：热性哮喘有67条,寒性哮喘有67条
2022-09-04 17:13:24.478 | INFO     | __main__:<cell line: 146>:146 - {'max_depth': 5, 'grow_policy': 'lossguide', 'learning_rate': 0.0002140893417346987, 'gamma': 4.03409152974399e-06, 'reg_lambda': 0.27011887999043493, 'reg_alpha': 0.002847180650427221, 'subsample': 0.7280329406792816, 'colsample_bytree': 0.6603593790797375}
2022-09-04 17:13:24.829 | WARNING  | __main__:<cell line: 153>:153 - {'fit_time': array([0.03299975, 0.03099966, 0.02799988, 0.02999973, 0.02899909,
       0.02900028, 0.0320003 , 0.02800012, 0.03199959, 0.02800059]), 'score_time': array([0.00500059, 0.00299978, 0.00500083, 0.00500083, 0.00300026,
       0.00499964, 0.00500035, 0.00600052, 0.00299978, 0.00299954]), 'test_accuracy': array([1.        , 0.92857143, 0.92857143, 1.        , 1.        ,
       0.92307692, 1.        , 0.92307692, 1.        , 0.92307692]), 'test_precision': array([1.   , 0.875, 0.875, 1.   , 1.   , 1.   , 1.   , 1.   , 1.   ,
       0.875]), 'test_recall': array([1.        , 1.        , 1.        , 1.        , 1.        ,
       0.83333333, 1.        , 0.85714286, 1.        , 1.        ]), 'test_f1': array([1.        , 0.93333333, 0.93333333, 1.        , 1.        ,
       0.90909091, 1.        , 0.92307692, 1.        , 0.93333333])}
2022-09-04 17:13:24.867 | WARNING  | __main__:<cell line: 154>:167 - 1.0	1.0	1.0	1.0
2022-09-04 17:13:25.092 | WARNING  | __main__:<cell line: 154>:167 - 0.929	0.875	1.0	0.933
2022-09-04 17:13:25.378 | WARNING  | __main__:<cell line: 154>:167 - 0.929	0.875	1.0	0.933
2022-09-04 17:13:25.594 | WARNING  | __main__:<cell line: 154>:167 - 1.0	1.0	1.0	1.0
2022-09-04 17:13:25.826 | WARNING  | __main__:<cell line: 154>:167 - 1.0	1.0	1.0	1.0
2022-09-04 17:13:26.049 | WARNING  | __main__:<cell line: 154>:167 - 0.923	1.0	0.833	0.909
2022-09-04 17:13:26.276 | WARNING  | __main__:<cell line: 154>:167 - 1.0	1.0	1.0	1.0
2022-09-04 17:13:26.486 | WARNING  | __main__:<cell line: 154>:167 - 0.923	1.0	0.857	0.923
2022-09-04 17:13:26.707 | WARNING  | __main__:<cell line: 154>:167 - 1.0	1.0	1.0	1.0
2022-09-04 17:13:26.959 | WARNING  | __main__:<cell line: 154>:167 - 0.923	0.875	1.0	0.933
2022-09-04 17:13:27.143 | WARNING  | __main__:<cell line: 173>:173 - accuracy		mean:0.963	std:0.037
2022-09-04 17:13:27.144 | WARNING  | __main__:<cell line: 175>:175 - precision		mean:0.962	std:0.057
2022-09-04 17:13:27.144 | WARNING  | __main__:<cell line: 177>:177 - recall		mean:0.969	std:0.062
2022-09-04 17:13:27.145 | WARNING  | __main__:<cell line: 179>:179 - f1		mean:0.963	std:0.037
2022-09-04 17:14:14.382 | INFO     | __main__:<cell line: 44>:71 - 使用 LASSO 进行特征选择,剩余(92, 10)个特征
2022-09-04 17:14:14.694 | INFO     | __main__:<cell line: 92>:108 - 使用 SMOTETomek 混合采样
2022-09-04 17:14:14.702 | INFO     | __main__:<cell line: 113>:113 - 采样前：热性哮喘有67条,寒性哮喘有25条
2022-09-04 17:14:14.703 | INFO     | __main__:<cell line: 114>:114 - 采样后：热性哮喘有67条,寒性哮喘有67条
2022-09-04 17:14:19.409 | INFO     | __main__:<cell line: 146>:146 - {'max_depth': 3, 'grow_policy': 'depthwise', 'learning_rate': 6.788729431867202e-07, 'gamma': 3.9453605018782506e-08, 'reg_lambda': 7.127619009459383e-08, 'reg_alpha': 2.3490764326591638e-08, 'subsample': 0.25745914560128685, 'colsample_bytree': 0.22313121828435156}
2022-09-04 17:14:19.504 | WARNING  | __main__:<cell line: 153>:153 - {'fit_time': array([0.02300048, 0.02500033, 0.02699971]), 'score_time': array([0.00399971, 0.00499988, 0.00300074]), 'test_accuracy': array([0.86666667, 0.97777778, 0.95454545]), 'test_precision': array([0.80769231, 1.        , 0.91666667]), 'test_recall': array([0.95454545, 0.95652174, 1.        ]), 'test_f1': array([0.875     , 0.97777778, 0.95652174])}
2022-09-04 17:14:19.534 | WARNING  | __main__:<cell line: 154>:167 - 0.867	0.808	0.955	0.875
2022-09-04 17:14:19.735 | WARNING  | __main__:<cell line: 154>:167 - 0.978	1.0	0.957	0.978
2022-09-04 17:14:20.040 | WARNING  | __main__:<cell line: 154>:167 - 0.955	0.917	1.0	0.957
2022-09-04 17:14:20.215 | WARNING  | __main__:<cell line: 173>:173 - accuracy		mean:0.933	std:0.048
2022-09-04 17:14:20.216 | WARNING  | __main__:<cell line: 175>:175 - precision		mean:0.908	std:0.079
2022-09-04 17:14:20.216 | WARNING  | __main__:<cell line: 177>:177 - recall		mean:0.97	std:0.021
2022-09-04 17:14:20.217 | WARNING  | __main__:<cell line: 179>:179 - f1		mean:0.936	std:0.044
2022-09-04 17:15:01.311 | INFO     | __main__:<cell line: 44>:71 - 使用 LASSO 进行特征选择,剩余(113, 10)个特征
2022-09-04 17:15:01.652 | INFO     | __main__:<cell line: 92>:108 - 使用 SMOTETomek 混合采样
2022-09-04 17:15:01.656 | INFO     | __main__:<cell line: 113>:113 - 采样前：热性哮喘有80条,寒性哮喘有33条
2022-09-04 17:15:01.657 | INFO     | __main__:<cell line: 114>:114 - 采样后：热性哮喘有79条,寒性哮喘有79条
2022-09-04 17:15:06.765 | INFO     | __main__:<cell line: 146>:146 - {'max_depth': 5, 'grow_policy': 'depthwise', 'learning_rate': 0.03322850307340356, 'gamma': 4.2549732199863934e-05, 'reg_lambda': 0.009434482431553464, 'reg_alpha': 3.5336302544128144e-06, 'subsample': 0.7571430451050107, 'colsample_bytree': 0.96244187372605}
2022-09-04 17:15:06.881 | WARNING  | __main__:<cell line: 153>:153 - {'fit_time': array([0.03399992, 0.03299999, 0.03100038]), 'score_time': array([0.00500011, 0.00300002, 0.00499988]), 'test_accuracy': array([0.90566038, 0.90566038, 0.78846154]), 'test_precision': array([1.        , 0.89285714, 0.75862069]), 'test_recall': array([0.80769231, 0.92592593, 0.84615385]), 'test_f1': array([0.89361702, 0.90909091, 0.8       ])}
2022-09-04 17:15:06.921 | WARNING  | __main__:<cell line: 154>:167 - 0.906	1.0	0.808	0.894
2022-09-04 17:15:07.141 | WARNING  | __main__:<cell line: 154>:167 - 0.906	0.893	0.926	0.909
2022-09-04 17:15:07.373 | WARNING  | __main__:<cell line: 154>:167 - 0.788	0.759	0.846	0.8
2022-09-04 17:15:07.557 | WARNING  | __main__:<cell line: 173>:173 - accuracy		mean:0.867	std:0.055
2022-09-04 17:15:07.558 | WARNING  | __main__:<cell line: 175>:175 - precision		mean:0.884	std:0.099
2022-09-04 17:15:07.558 | WARNING  | __main__:<cell line: 177>:177 - recall		mean:0.86	std:0.049
2022-09-04 17:15:07.559 | WARNING  | __main__:<cell line: 179>:179 - f1		mean:0.868	std:0.048
2022-09-04 17:15:35.606 | INFO     | __main__:<cell line: 44>:71 - 使用 LASSO 进行特征选择,剩余(113, 10)个特征
2022-09-04 17:15:36.014 | INFO     | __main__:<cell line: 92>:108 - 使用 SMOTETomek 混合采样
2022-09-04 17:15:36.018 | INFO     | __main__:<cell line: 113>:113 - 采样前：热性哮喘有80条,寒性哮喘有33条
2022-09-04 17:15:36.019 | INFO     | __main__:<cell line: 114>:114 - 采样后：热性哮喘有79条,寒性哮喘有79条
2022-09-04 17:15:41.083 | INFO     | __main__:<cell line: 146>:146 - {'max_depth': 9, 'grow_policy': 'depthwise', 'learning_rate': 0.10686202866631594, 'gamma': 0.7496686060160558, 'reg_lambda': 0.017381495305921375, 'reg_alpha': 0.0008246907329780614, 'subsample': 0.762262796554092, 'colsample_bytree': 0.9129411824559843}
2022-09-04 17:15:41.197 | WARNING  | __main__:<cell line: 153>:153 - {'fit_time': array([0.03199983, 0.02899933, 0.03000021]), 'score_time': array([0.00400066, 0.00500011, 0.00499988]), 'test_accuracy': array([0.90566038, 0.90566038, 0.78846154]), 'test_precision': array([0.95652174, 0.89285714, 0.75862069]), 'test_recall': array([0.84615385, 0.92592593, 0.84615385]), 'test_f1': array([0.89795918, 0.90909091, 0.8       ])}
2022-09-04 17:15:41.238 | WARNING  | __main__:<cell line: 154>:167 - 0.906	0.957	0.846	0.898
2022-09-04 17:15:41.473 | WARNING  | __main__:<cell line: 154>:167 - 0.906	0.893	0.926	0.909
2022-09-04 17:15:41.706 | WARNING  | __main__:<cell line: 154>:167 - 0.788	0.759	0.846	0.8
2022-09-04 17:15:41.888 | WARNING  | __main__:<cell line: 173>:173 - accuracy		mean:0.867	std:0.055
2022-09-04 17:15:41.889 | WARNING  | __main__:<cell line: 175>:175 - precision		mean:0.869	std:0.082
2022-09-04 17:15:41.889 | WARNING  | __main__:<cell line: 177>:177 - recall		mean:0.873	std:0.038
2022-09-04 17:15:41.890 | WARNING  | __main__:<cell line: 179>:179 - f1		mean:0.869	std:0.049
