2022-10-19 20:36:03.073 | INFO     | __main__:<module>:145 - 0.8127853881278538
2022-10-19 20:36:03.089 | INFO     | __main__:<module>:146 - {'score_func': 'mutual_info_classif', 'k': 42, 'n_estimators': 5652, 'max_depth': 29, 'grow_policy': 'lossguide', 'learning_rate': 1.7210482595048542e-06, 'gamma': 1.2821674196593739e-08, 'reg_lambda': 0.7237753110602123, 'reg_alpha': 1.4497477343694286e-06, 'subsample': 0.6571409598541015, 'colsample_bytree': 0.2546290505647105}
2022-10-20 10:09:20.299 | INFO     | __main__:<module>:140 - 0.8127853881278538
2022-10-20 10:09:20.299 | INFO     | __main__:<module>:141 - {'score_func': 'mutual_info_classif', 'k': 74, 'n_estimators': 5602, 'max_depth': 15, 'grow_policy': 'depthwise', 'learning_rate': 0.00670199315533269, 'gamma': 4.8186930308297265e-05, 'reg_lambda': 0.15246548818174857, 'reg_alpha': 3.2866199544742516e-07, 'subsample': 0.7697457191282455, 'colsample_bytree': 0.5133794239110916}
2022-10-20 10:23:31.891 | INFO     | __main__:<module>:142 - 0.7945205479452054
2022-10-20 10:23:31.894 | INFO     | __main__:<module>:143 - {'score_func': 'mutual_info_classif', 'k': 72, 'n_estimators': 5325, 'max_depth': 84, 'grow_policy': 'lossguide', 'learning_rate': 0.002208477063406096, 'gamma': 0.9005857825635818, 'reg_lambda': 1.339132853310026e-06, 'reg_alpha': 0.041307438133554565, 'subsample': 0.7873082693834441, 'colsample_bytree': 0.3789374616952096}
2022-10-20 10:32:04.084 | INFO     | __main__:<module>:142 - 0.817351598173516
2022-10-20 10:32:04.086 | INFO     | __main__:<module>:143 - {'score_func': 'mutual_info_classif', 'k': 68, 'n_estimators': 5820, 'max_depth': 12, 'grow_policy': 'lossguide', 'learning_rate': 0.014664972630372568, 'gamma': 0.004574975762163577, 'reg_lambda': 0.0011121126842917482, 'reg_alpha': 0.0017903490027319116, 'subsample': 0.34601917967487794, 'colsample_bytree': 0.7915391835536914}
2022-10-20 10:33:13.638 | INFO     | __main__:<module>:141 - 0.7625570776255708
2022-10-20 10:33:13.641 | INFO     | __main__:<module>:142 - {'score_func': 'mutual_info_classif', 'k': 66, 'n_estimators': 5608, 'max_depth': 64, 'grow_policy': 'lossguide', 'learning_rate': 0.011372514906647655, 'gamma': 3.7961348941118796e-08, 'reg_lambda': 0.9356937428509684, 'reg_alpha': 0.00019638099822672444, 'subsample': 0.955638377920305, 'colsample_bytree': 0.6383671238383621}
2022-10-20 10:35:28.474 | INFO     | __main__:<module>:141 - 0.776255707762557
2022-10-20 10:35:28.481 | INFO     | __main__:<module>:142 - {'score_func': 'f_classif', 'k': 54, 'n_estimators': 5316, 'max_depth': 18, 'grow_policy': 'depthwise', 'learning_rate': 0.010335510653442372, 'gamma': 3.6321417954617473e-06, 'reg_lambda': 0.17796153915767135, 'reg_alpha': 0.04589126922695425, 'subsample': 0.6912255665313707, 'colsample_bytree': 0.42103858234632163}
2022-10-20 10:36:20.927 | INFO     | __main__:<module>:141 - 0.771689497716895
2022-10-20 10:36:20.929 | INFO     | __main__:<module>:142 - {'score_func': 'mutual_info_classif', 'k': 80, 'n_estimators': 5696, 'max_depth': 26, 'grow_policy': 'depthwise', 'learning_rate': 0.07231381344849475, 'gamma': 0.0012655607124036278, 'reg_lambda': 1.943526328333849e-07, 'reg_alpha': 4.120682343088878e-05, 'subsample': 0.299774184562293, 'colsample_bytree': 0.5603205388152626}
2022-10-20 10:39:07.519 | INFO     | __main__:<module>:141 - 0.7899543378995434
2022-10-20 10:39:07.523 | INFO     | __main__:<module>:142 - {'score_func': 'mutual_info_classif', 'k': 60, 'n_estimators': 5836, 'max_depth': 99, 'grow_policy': 'depthwise', 'learning_rate': 0.0015104926861525087, 'gamma': 0.0005611768588882359, 'reg_lambda': 0.005861385881333795, 'reg_alpha': 0.0005110755716737943, 'subsample': 0.2968661795987999, 'colsample_bytree': 0.3480855479009298}
2022-10-20 10:40:12.316 | INFO     | __main__:<module>:141 - 0.776255707762557
2022-10-20 10:40:12.318 | INFO     | __main__:<module>:142 - {'score_func': 'mutual_info_classif', 'k': 56, 'n_estimators': 5543, 'max_depth': 8, 'grow_policy': 'depthwise', 'learning_rate': 8.104114250897763e-07, 'gamma': 6.732511561346119e-08, 'reg_lambda': 0.1686808570911725, 'reg_alpha': 0.02608240327921867, 'subsample': 0.709578778603912, 'colsample_bytree': 0.6323915156300732}
2022-10-20 10:45:37.566 | INFO     | __main__:<module>:141 - 0.7853881278538812
2022-10-20 10:45:37.569 | INFO     | __main__:<module>:142 - {'score_func': 'mutual_info_classif', 'k': 42, 'n_estimators': 5675, 'max_depth': 82, 'grow_policy': 'lossguide', 'learning_rate': 3.7585869136026192e-06, 'gamma': 6.993787430927316e-05, 'reg_lambda': 0.03416280567890979, 'reg_alpha': 1.4284716353633572e-07, 'subsample': 0.912850351131387, 'colsample_bytree': 0.2849050154111139}
2022-10-20 10:45:37.583 | INFO     | __main__:<module>:173 - 测试集特征筛选前:(219, 153)
2022-10-20 10:45:37.864 | INFO     | __main__:<module>:175 - 测试集特征筛选后:(219, 42)
2022-10-20 10:45:48.026 | WARNING  | __main__:<module>:196 - 0.947	0.0	0.0	0.0
2022-10-20 10:46:00.146 | WARNING  | __main__:<module>:196 - 0.842	0.0	0.0	0.0
2022-10-20 10:46:12.650 | WARNING  | __main__:<module>:196 - 0.895	0.0	0.0	0.0
2022-10-20 10:46:24.850 | WARNING  | __main__:<module>:196 - 1.0	0.0	0.0	0.0
2022-10-20 10:46:37.033 | WARNING  | __main__:<module>:196 - 0.944	0.0	0.0	0.0
2022-10-20 10:47:16.994 | INFO     | __main__:<module>:141 - 0.7534246575342466
2022-10-20 10:47:16.997 | INFO     | __main__:<module>:142 - {'score_func': 'mutual_info_classif', 'k': 46, 'n_estimators': 5311, 'max_depth': 53, 'grow_policy': 'lossguide', 'learning_rate': 2.6564679286338647e-05, 'gamma': 4.6549162897292603e-05, 'reg_lambda': 1.7529462778622658e-05, 'reg_alpha': 5.9240869953476655e-08, 'subsample': 0.37313854042369626, 'colsample_bytree': 0.48813117994359667}
2022-10-20 10:47:17.003 | INFO     | __main__:<module>:173 - 测试集特征筛选前:(219, 153)
2022-10-20 10:47:17.283 | INFO     | __main__:<module>:175 - 测试集特征筛选后:(219, 46)
2022-10-20 10:47:26.191 | WARNING  | __main__:<module>:196 - 0.867	0.0	0.0	0.0
2022-10-20 10:47:36.741 | WARNING  | __main__:<module>:196 - 0.915	0.0	0.0	0.0
2022-10-20 10:47:47.431 | WARNING  | __main__:<module>:196 - 0.831	0.0	0.0	0.0
2022-10-20 10:47:48.780 | WARNING  | __main__:<module>:202 - accuracy		mean:0.871	std:0.035
2022-10-20 10:47:48.782 | WARNING  | __main__:<module>:204 - precision		mean:0.0	std:0.0
2022-10-20 10:47:48.784 | WARNING  | __main__:<module>:206 - recall		mean:0.0	std:0.0
2022-10-20 10:47:48.787 | WARNING  | __main__:<module>:208 - f1		mean:0.0	std:0.0
2022-10-20 10:49:47.650 | INFO     | __main__:<module>:141 - 0.776255707762557
2022-10-20 10:49:47.652 | INFO     | __main__:<module>:142 - {'score_func': 'mutual_info_classif', 'k': 62, 'n_estimators': 5582, 'max_depth': 60, 'grow_policy': 'depthwise', 'learning_rate': 0.0014302902407764757, 'gamma': 0.0002330800172456625, 'reg_lambda': 0.02768677127310926, 'reg_alpha': 0.000306933675174372, 'subsample': 0.6570261959421348, 'colsample_bytree': 0.8862789639679443}
2022-10-20 10:49:47.659 | INFO     | __main__:<module>:173 - 测试集特征筛选前:(219, 153)
2022-10-20 10:49:47.942 | INFO     | __main__:<module>:175 - 测试集特征筛选后:(219, 62)
2022-10-20 10:49:47.953 | INFO     | __main__:<module>:177 - 数据平衡前:Counter({0.0: 111, 1.0: 108})
2022-10-20 10:49:47.968 | INFO     | __main__:<module>:179 - 数据平衡后:Counter({0.0: 87, 1.0: 87})
2022-10-20 10:49:57.152 | WARNING  | __main__:<module>:196 - 0.862	0.0	0.0	0.0
2022-10-20 10:50:07.784 | WARNING  | __main__:<module>:196 - 0.862	0.0	0.0	0.0
2022-10-20 10:50:18.367 | WARNING  | __main__:<module>:196 - 0.879	0.0	0.0	0.0
2022-10-20 10:50:19.539 | WARNING  | __main__:<module>:202 - accuracy		mean:0.868	std:0.008
2022-10-20 10:50:19.547 | WARNING  | __main__:<module>:204 - precision		mean:0.0	std:0.0
2022-10-20 10:50:19.547 | WARNING  | __main__:<module>:206 - recall		mean:0.0	std:0.0
2022-10-20 10:50:19.551 | WARNING  | __main__:<module>:208 - f1		mean:0.0	std:0.0
2022-10-20 10:54:23.332 | INFO     | __main__:<module>:141 - 0.7899543378995434
2022-10-20 10:54:23.335 | INFO     | __main__:<module>:142 - {'score_func': 'f_classif', 'k': 70, 'n_estimators': 5001, 'max_depth': 74, 'grow_policy': 'depthwise', 'learning_rate': 2.6280139105888977e-05, 'gamma': 0.20731923827501153, 'reg_lambda': 0.37987176415997864, 'reg_alpha': 0.001118968127959213, 'subsample': 0.8333990435308212, 'colsample_bytree': 0.3665548377318478}
2022-10-20 10:54:23.341 | INFO     | __main__:<module>:173 - 测试集特征筛选前:(219, 153)
2022-10-20 10:54:23.350 | INFO     | __main__:<module>:175 - 测试集特征筛选后:(219, 70)
2022-10-20 10:54:23.360 | INFO     | __main__:<module>:177 - 数据平衡前:Counter({0.0: 111, 1.0: 108})
2022-10-20 10:54:23.379 | INFO     | __main__:<module>:179 - 数据平衡后:Counter({1.0: 91, 0.0: 91})
2022-10-20 10:54:32.152 | WARNING  | __main__:<module>:198 - 0.951	0.0	0.0	0.0
2022-10-20 10:54:42.118 | WARNING  | __main__:<module>:198 - 0.787	0.0	0.0	0.0
2022-10-20 10:54:52.100 | WARNING  | __main__:<module>:198 - 0.883	0.0	0.0	0.0
2022-10-20 10:54:53.580 | WARNING  | __main__:<module>:204 - accuracy		mean:0.874	std:0.067
2022-10-20 10:54:53.580 | WARNING  | __main__:<module>:205 - precision		mean:0.0	std:0.0
2022-10-20 10:54:53.585 | WARNING  | __main__:<module>:206 - recall		mean:0.0	std:0.0
2022-10-20 10:54:53.587 | WARNING  | __main__:<module>:207 - f1		mean:0.0	std:0.0
2022-10-20 10:58:18.101 | INFO     | __main__:<module>:141 - 0.771689497716895
2022-10-20 10:58:18.105 | INFO     | __main__:<module>:142 - {'score_func': 'f_classif', 'k': 38, 'n_estimators': 5024, 'max_depth': 10, 'grow_policy': 'lossguide', 'learning_rate': 0.002685963085243779, 'gamma': 4.304972169902749e-07, 'reg_lambda': 2.4437911118215944e-07, 'reg_alpha': 0.21831884902311574, 'subsample': 0.6965822874504806, 'colsample_bytree': 0.6038807798859489}
2022-10-20 10:58:18.111 | INFO     | __main__:<module>:173 - 测试集特征筛选前:(219, 153)
2022-10-20 10:58:18.118 | INFO     | __main__:<module>:175 - 测试集特征筛选后:(219, 38)
2022-10-20 10:58:26.548 | WARNING  | __main__:<module>:197 - 0.822	0.0	0.0	0.0
2022-10-20 10:58:36.644 | WARNING  | __main__:<module>:197 - 0.863	0.0	0.0	0.0
2022-10-20 10:58:46.371 | WARNING  | __main__:<module>:197 - 0.89	0.0	0.0	0.0
2022-10-20 10:58:47.516 | WARNING  | __main__:<module>:203 - accuracy		mean:0.858	std:0.028
2022-10-20 10:58:47.519 | WARNING  | __main__:<module>:204 - precision		mean:0.0	std:0.0
2022-10-20 10:58:47.520 | WARNING  | __main__:<module>:205 - recall		mean:0.0	std:0.0
2022-10-20 10:58:47.522 | WARNING  | __main__:<module>:206 - f1		mean:0.0	std:0.0
