2022-10-29 23:40:10.958 | INFO     | __main__:<module>:80 - 使用嵌入法 RandomForestClassifier 进行特征选择,剩余(1278, 16)个特征
2022-10-29 23:40:10.959 | INFO     | __main__:<module>:90 - 剩余的特征是：['年龄', '血红蛋白', '白蛋白', '总胆红素', '尿素', '肌酐', '尿酸', '总胆固醇', '糖化血红蛋白', '活化部分凝血活酶时间（APTT）', '尿蛋白定量', '24h尿蛋白定量', '病程', 'C2/C0', 'NLR', '胰岛素抵抗指数']
2022-10-29 23:40:10.976 | INFO     | __main__:<module>:111 - 使用 SMOTETomek 混合采样
2022-10-29 23:40:10.978 | INFO     | __main__:<module>:115 - 数据平衡前：非DPN组有530条,DPN组有748条
2022-10-29 23:40:11.020 | INFO     | __main__:<module>:117 - 数据平衡后：非DPN组有700条,DPN组有700条
2022-10-29 23:40:11.548 | WARNING  | __main__:<module>:27 - {'estimator__bootstrap': True, 'estimator__ccp_alpha': 0.0, 'estimator__class_weight': None, 'estimator__criterion': 'gini', 'estimator__max_depth': 9, 'estimator__max_features': 'auto', 'estimator__max_leaf_nodes': None, 'estimator__max_samples': None, 'estimator__min_impurity_decrease': 0.0, 'estimator__min_impurity_split': None, 'estimator__min_samples_leaf': 1, 'estimator__min_samples_split': 2, 'estimator__min_weight_fraction_leaf': 0.0, 'estimator__n_estimators': 200, 'estimator__n_jobs': None, 'estimator__oob_score': False, 'estimator__random_state': 43, 'estimator__verbose': 0, 'estimator__warm_start': False, 'estimator': RandomForestClassifier(max_depth=9, n_estimators=200, random_state=43), 'importance_getter': 'auto', 'max_features': None, 'norm_order': 1, 'prefit': True, 'threshold': None}
2022-10-29 23:40:13.870 | WARNING  | __main__:<module>:41 - 0.686	0.717	0.614	0.662
2022-10-29 23:40:14.460 | WARNING  | __main__:<module>:41 - 0.786	0.833	0.714	0.769
2022-10-29 23:40:15.042 | WARNING  | __main__:<module>:41 - 0.757	0.773	0.729	0.75
2022-10-29 23:40:15.661 | WARNING  | __main__:<module>:41 - 0.8	0.809	0.786	0.797
2022-10-29 23:40:16.243 | WARNING  | __main__:<module>:41 - 0.707	0.723	0.671	0.696
2022-10-29 23:40:16.784 | WARNING  | __main__:<module>:41 - 0.793	0.797	0.786	0.791
2022-10-29 23:40:17.335 | WARNING  | __main__:<module>:41 - 0.743	0.758	0.714	0.735
2022-10-29 23:40:17.943 | WARNING  | __main__:<module>:41 - 0.771	0.797	0.729	0.761
2022-10-29 23:40:18.473 | WARNING  | __main__:<module>:41 - 0.757	0.781	0.714	0.746
2022-10-29 23:40:18.999 | WARNING  | __main__:<module>:41 - 0.814	0.789	0.857	0.822
2022-10-29 23:40:19.000 | WARNING  | __main__:<module>:43 - accuracy		mean:0.761	std:0.039
2022-10-29 23:40:19.001 | WARNING  | __main__:<module>:44 - precision		mean:0.778	std:0.035
2022-10-29 23:40:19.002 | WARNING  | __main__:<module>:45 - recall		mean:0.731	std:0.063
2022-10-29 23:40:19.003 | WARNING  | __main__:<module>:46 - f1		mean:0.753	std:0.045
2022-10-29 23:40:21.055 | WARNING  | __main__:<module>:11 - {'C': 0.9899203552790449, 'break_ties': False, 'cache_size': 200, 'class_weight': None, 'coef0': 0.0, 'decision_function_shape': 'ovr', 'degree': 3, 'gamma': 0.8098439704037791, 'kernel': 'rbf', 'max_iter': -1, 'probability': True, 'random_state': 43, 'shrinking': True, 'tol': 0.001, 'verbose': False}
2022-10-29 23:40:21.481 | WARNING  | __main__:<module>:24 - 0.729	0.682	0.857	0.759
2022-10-29 23:40:21.886 | WARNING  | __main__:<module>:24 - 0.764	0.695	0.943	0.8
2022-10-29 23:40:22.288 | WARNING  | __main__:<module>:24 - 0.807	0.747	0.929	0.828
2022-10-29 23:40:22.689 | WARNING  | __main__:<module>:24 - 0.757	0.696	0.914	0.79
2022-10-29 23:40:23.095 | WARNING  | __main__:<module>:24 - 0.8	0.75	0.9	0.818
2022-10-29 23:40:23.493 | WARNING  | __main__:<module>:24 - 0.8	0.733	0.943	0.825
2022-10-29 23:40:23.896 | WARNING  | __main__:<module>:24 - 0.786	0.727	0.914	0.81
2022-10-29 23:40:24.297 | WARNING  | __main__:<module>:24 - 0.793	0.753	0.871	0.808
2022-10-29 23:40:24.698 | WARNING  | __main__:<module>:24 - 0.779	0.729	0.886	0.8
2022-10-29 23:40:25.097 | WARNING  | __main__:<module>:24 - 0.764	0.713	0.886	0.79
2022-10-29 23:40:25.099 | WARNING  | __main__:<module>:26 - accuracy		mean:0.778	std:0.023
2022-10-29 23:40:25.100 | WARNING  | __main__:<module>:27 - precision		mean:0.723	std:0.024
2022-10-29 23:40:25.101 | WARNING  | __main__:<module>:28 - recall		mean:0.904	std:0.028
2022-10-29 23:40:25.102 | WARNING  | __main__:<module>:29 - f1		mean:0.803	std:0.019
2022-10-29 23:46:56.834 | INFO     | __main__:<module>:18 - 调参结束，最佳结果为:0.6880952380952381
2022-10-29 23:46:56.835 | INFO     | __main__:<module>:19 - 调参结束，最佳参数为:{'penalty': 'none', 'C': 0.37728144067811237, 'max_iter': 3362}
2022-10-29 23:46:56.884 | WARNING  | __main__:<module>:15 - {'C': 0.37728144067811237, 'class_weight': None, 'dual': False, 'fit_intercept': True, 'intercept_scaling': 1, 'l1_ratio': None, 'max_iter': 3362, 'multi_class': 'auto', 'n_jobs': None, 'penalty': 'none', 'random_state': None, 'solver': 'lbfgs', 'tol': 0.0001, 'verbose': 0, 'warm_start': False}
2022-10-29 23:46:56.901 | WARNING  | __main__:<module>:28 - 0.629	0.645	0.571	0.606
2022-10-29 23:46:56.914 | WARNING  | __main__:<module>:28 - 0.65	0.657	0.629	0.642
2022-10-29 23:46:56.928 | WARNING  | __main__:<module>:28 - 0.671	0.688	0.629	0.657
2022-10-29 23:46:56.942 | WARNING  | __main__:<module>:28 - 0.671	0.676	0.657	0.667
2022-10-29 23:46:56.954 | WARNING  | __main__:<module>:28 - 0.679	0.671	0.7	0.685
2022-10-29 23:46:56.967 | WARNING  | __main__:<module>:28 - 0.721	0.725	0.714	0.719
2022-10-29 23:46:56.979 | WARNING  | __main__:<module>:28 - 0.7	0.733	0.629	0.677
2022-10-29 23:46:56.991 | WARNING  | __main__:<module>:28 - 0.657	0.649	0.686	0.667
2022-10-29 23:46:57.005 | WARNING  | __main__:<module>:28 - 0.75	0.769	0.714	0.741
2022-10-29 23:46:57.019 | WARNING  | __main__:<module>:28 - 0.743	0.743	0.743	0.743
2022-10-29 23:46:57.021 | WARNING  | __main__:<module>:30 - accuracy		mean:0.687	std:0.038
2022-10-29 23:46:57.022 | WARNING  | __main__:<module>:31 - precision		mean:0.696	std:0.041
2022-10-29 23:46:57.022 | WARNING  | __main__:<module>:32 - recall		mean:0.667	std:0.05
2022-10-29 23:46:57.023 | WARNING  | __main__:<module>:33 - f1		mean:0.68	std:0.041
2022-10-29 23:46:57.459 | WARNING  | __main__:<module>:11 - {'estimator__bootstrap': True, 'estimator__ccp_alpha': 0.0, 'estimator__class_weight': None, 'estimator__criterion': 'gini', 'estimator__max_depth': 9, 'estimator__max_features': 'auto', 'estimator__max_leaf_nodes': None, 'estimator__max_samples': None, 'estimator__min_impurity_decrease': 0.0, 'estimator__min_impurity_split': None, 'estimator__min_samples_leaf': 1, 'estimator__min_samples_split': 2, 'estimator__min_weight_fraction_leaf': 0.0, 'estimator__n_estimators': 200, 'estimator__n_jobs': None, 'estimator__oob_score': False, 'estimator__random_state': 43, 'estimator__verbose': 0, 'estimator__warm_start': False, 'estimator': RandomForestClassifier(max_depth=9, n_estimators=200, random_state=43), 'importance_getter': 'auto', 'max_features': None, 'norm_order': 1, 'prefit': True, 'threshold': None}
2022-10-29 23:46:58.614 | WARNING  | __main__:<module>:24 - 0.729	0.796	0.614	0.694
2022-10-29 23:46:59.758 | WARNING  | __main__:<module>:24 - 0.743	0.766	0.7	0.731
2022-10-29 23:47:00.898 | WARNING  | __main__:<module>:24 - 0.7	0.741	0.614	0.672
2022-10-29 23:47:02.113 | WARNING  | __main__:<module>:24 - 0.714	0.75	0.643	0.692
2022-10-29 23:47:03.283 | WARNING  | __main__:<module>:24 - 0.736	0.754	0.7	0.726
2022-10-29 23:47:04.438 | WARNING  | __main__:<module>:24 - 0.793	0.825	0.743	0.782
2022-10-29 23:47:05.603 | WARNING  | __main__:<module>:24 - 0.743	0.774	0.686	0.727
2022-10-29 23:47:06.745 | WARNING  | __main__:<module>:24 - 0.771	0.797	0.729	0.761
2022-10-29 23:47:07.893 | WARNING  | __main__:<module>:24 - 0.75	0.787	0.686	0.733
2022-10-29 23:47:09.043 | WARNING  | __main__:<module>:24 - 0.786	0.778	0.8	0.789
2022-10-29 23:47:09.044 | WARNING  | __main__:<module>:26 - accuracy		mean:0.746	std:0.028
2022-10-29 23:47:09.044 | WARNING  | __main__:<module>:27 - precision		mean:0.777	std:0.024
2022-10-29 23:47:09.045 | WARNING  | __main__:<module>:28 - recall		mean:0.691	std:0.055
2022-10-29 23:47:09.046 | WARNING  | __main__:<module>:29 - f1		mean:0.731	std:0.036
2022-10-29 23:47:10.501 | WARNING  | __main__:<module>:14 - {'ccp_alpha': 0.0, 'class_weight': None, 'criterion': 'entropy', 'max_depth': 16, 'max_features': None, 'max_leaf_nodes': None, 'min_impurity_decrease': 0.0, 'min_impurity_split': None, 'min_samples_leaf': 1, 'min_samples_split': 2, 'min_weight_fraction_leaf': 0.0, 'random_state': 43, 'splitter': 'best'}
2022-10-29 23:47:10.528 | WARNING  | __main__:<module>:27 - 0.657	0.677	0.6	0.636
2022-10-29 23:47:10.552 | WARNING  | __main__:<module>:27 - 0.743	0.766	0.7	0.731
2022-10-29 23:47:10.574 | WARNING  | __main__:<module>:27 - 0.693	0.701	0.671	0.686
2022-10-29 23:47:10.598 | WARNING  | __main__:<module>:27 - 0.643	0.661	0.586	0.621
2022-10-29 23:47:10.621 | WARNING  | __main__:<module>:27 - 0.693	0.685	0.714	0.699
2022-10-29 23:47:10.645 | WARNING  | __main__:<module>:27 - 0.679	0.719	0.586	0.646
2022-10-29 23:47:10.669 | WARNING  | __main__:<module>:27 - 0.643	0.672	0.557	0.609
2022-10-29 23:47:10.693 | WARNING  | __main__:<module>:27 - 0.707	0.754	0.614	0.677
2022-10-29 23:47:10.718 | WARNING  | __main__:<module>:27 - 0.7	0.689	0.729	0.708
2022-10-29 23:47:10.743 | WARNING  | __main__:<module>:27 - 0.721	0.738	0.686	0.711
2022-10-29 23:47:10.744 | WARNING  | __main__:<module>:29 - accuracy		mean:0.688	std:0.031
2022-10-29 23:47:10.745 | WARNING  | __main__:<module>:30 - precision		mean:0.706	std:0.034
2022-10-29 23:47:10.745 | WARNING  | __main__:<module>:31 - recall		mean:0.644	std:0.059
2022-10-29 23:47:10.746 | WARNING  | __main__:<module>:32 - f1		mean:0.673	std:0.04
2022-10-29 23:47:11.147 | WARNING  | __main__:<module>:19 - 0.643	0.857	0.343	0.49
2022-10-29 23:47:11.162 | WARNING  | __main__:<module>:19 - 0.729	0.944	0.486	0.642
2022-10-29 23:47:11.176 | WARNING  | __main__:<module>:19 - 0.664	0.795	0.443	0.569
2022-10-29 23:47:11.189 | WARNING  | __main__:<module>:19 - 0.629	0.781	0.357	0.49
2022-10-29 23:47:11.202 | WARNING  | __main__:<module>:19 - 0.736	0.923	0.514	0.661
2022-10-29 23:47:11.214 | WARNING  | __main__:<module>:19 - 0.736	0.946	0.5	0.654
2022-10-29 23:47:11.227 | WARNING  | __main__:<module>:19 - 0.643	0.763	0.414	0.537
2022-10-29 23:47:11.241 | WARNING  | __main__:<module>:19 - 0.707	0.914	0.457	0.61
2022-10-29 23:47:11.254 | WARNING  | __main__:<module>:19 - 0.721	0.83	0.557	0.667
2022-10-29 23:47:11.267 | WARNING  | __main__:<module>:19 - 0.714	0.857	0.514	0.643
2022-10-29 23:47:11.268 | WARNING  | __main__:<module>:21 - accuracy		mean:0.692	std:0.04
2022-10-29 23:47:11.269 | WARNING  | __main__:<module>:22 - precision		mean:0.861	std:0.065
2022-10-29 23:47:11.270 | WARNING  | __main__:<module>:23 - recall		mean:0.459	std:0.067
2022-10-29 23:47:11.271 | WARNING  | __main__:<module>:24 - f1		mean:0.596	std:0.066
