2022-10-15 18:49:48.313 | INFO     | __main__:<module>:50 - 使用 互信息法 进行特征筛选
2022-10-15 18:49:49.002 | INFO     | __main__:<module>:97 - 使用 SMOTETomek 混合采样
2022-10-15 18:49:49.050 | INFO     | __main__:<module>:102 - 数据平衡前：非DPN组有490条,DPN组有603条
2022-10-15 18:49:49.051 | INFO     | __main__:<module>:103 - 数据平衡后：非DPN组有535条,DPN组有535条
2022-10-15 18:50:07.211 | INFO     | __main__:<module>:135 - {'max_depth': 5, 'grow_policy': 'depthwise', 'learning_rate': 0.07931985924680525, 'gamma': 4.7421408001696925e-06, 'reg_lambda': 0.010419886981845622, 'reg_alpha': 0.027530976875856372, 'subsample': 0.9068633903046479, 'colsample_bytree': 0.520827403920891}
2022-10-15 18:50:07.359 | WARNING  | __main__:<module>:150 - 0.755	0.758	0.82	0.787
2022-10-15 18:50:08.114 | WARNING  | __main__:<module>:150 - 0.791	0.828	0.787	0.807
2022-10-15 18:50:08.863 | WARNING  | __main__:<module>:150 - 0.718	0.734	0.77	0.752
2022-10-15 18:50:09.610 | WARNING  | __main__:<module>:150 - 0.826	0.806	0.9	0.85
2022-10-15 18:50:10.384 | WARNING  | __main__:<module>:150 - 0.798	0.797	0.85	0.823
2022-10-15 18:50:11.169 | WARNING  | __main__:<module>:150 - 0.807	0.8	0.867	0.832
2022-10-15 18:50:11.941 | WARNING  | __main__:<module>:150 - 0.844	0.841	0.883	0.862
2022-10-15 18:50:12.704 | WARNING  | __main__:<module>:150 - 0.761	0.774	0.8	0.787
2022-10-15 18:50:13.459 | WARNING  | __main__:<module>:150 - 0.826	0.836	0.85	0.843
2022-10-15 18:50:14.233 | WARNING  | __main__:<module>:150 - 0.826	0.836	0.85	0.843
2022-10-15 18:50:14.862 | WARNING  | __main__:<module>:156 - accuracy		mean:0.795	std:0.038
2022-10-15 18:50:14.862 | WARNING  | __main__:<module>:158 - precision		mean:0.801	std:0.034
2022-10-15 18:50:14.863 | WARNING  | __main__:<module>:160 - recall		mean:0.838	std:0.04
2022-10-15 18:50:14.864 | WARNING  | __main__:<module>:162 - f1		mean:0.819	std:0.033
2022-10-15 18:50:28.961 | INFO     | __main__:<module>:50 - 使用 互信息法 进行特征筛选
2022-10-15 18:50:29.562 | INFO     | __main__:<module>:97 - 使用 SMOTETomek 混合采样
2022-10-15 18:50:29.595 | INFO     | __main__:<module>:102 - 数据平衡前：非DPN组有490条,DPN组有603条
2022-10-15 18:50:29.597 | INFO     | __main__:<module>:103 - 数据平衡后：非DPN组有538条,DPN组有538条
2022-10-15 18:50:47.209 | INFO     | __main__:<module>:135 - {'max_depth': 9, 'grow_policy': 'lossguide', 'learning_rate': 0.36953556279785565, 'gamma': 0.8824086265473379, 'reg_lambda': 5.136493253285319e-06, 'reg_alpha': 5.273645143892207e-07, 'subsample': 0.8875468314287845, 'colsample_bytree': 0.31690690475182265}
2022-10-15 18:50:47.360 | WARNING  | __main__:<module>:150 - 0.764	0.769	0.82	0.794
2022-10-15 18:50:48.130 | WARNING  | __main__:<module>:150 - 0.782	0.825	0.77	0.797
2022-10-15 18:50:48.937 | WARNING  | __main__:<module>:150 - 0.727	0.754	0.754	0.754
2022-10-15 18:50:49.700 | WARNING  | __main__:<module>:150 - 0.78	0.765	0.867	0.812
2022-10-15 18:50:50.468 | WARNING  | __main__:<module>:150 - 0.771	0.746	0.883	0.809
2022-10-15 18:50:51.256 | WARNING  | __main__:<module>:150 - 0.752	0.754	0.817	0.784
2022-10-15 18:50:52.035 | WARNING  | __main__:<module>:150 - 0.789	0.785	0.85	0.816
2022-10-15 18:50:53.057 | WARNING  | __main__:<module>:150 - 0.807	0.868	0.767	0.814
2022-10-15 18:50:53.819 | WARNING  | __main__:<module>:150 - 0.807	0.831	0.817	0.824
2022-10-15 18:50:54.606 | WARNING  | __main__:<module>:150 - 0.78	0.773	0.85	0.81
2022-10-15 18:50:55.243 | WARNING  | __main__:<module>:156 - accuracy		mean:0.776	std:0.023
2022-10-15 18:50:55.244 | WARNING  | __main__:<module>:158 - precision		mean:0.787	std:0.038
2022-10-15 18:50:55.245 | WARNING  | __main__:<module>:160 - recall		mean:0.819	std:0.042
2022-10-15 18:50:55.245 | WARNING  | __main__:<module>:162 - f1		mean:0.801	std:0.019
2022-10-15 18:51:14.499 | INFO     | __main__:<module>:50 - 使用 互信息法 进行特征筛选
2022-10-15 18:51:15.258 | INFO     | __main__:<module>:97 - 使用 SMOTETomek 混合采样
2022-10-15 18:51:15.300 | INFO     | __main__:<module>:102 - 数据平衡前：非DPN组有490条,DPN组有603条
2022-10-15 18:51:15.302 | INFO     | __main__:<module>:103 - 数据平衡后：非DPN组有534条,DPN组有534条
2022-10-15 18:51:32.347 | INFO     | __main__:<module>:135 - {'max_depth': 3, 'grow_policy': 'lossguide', 'learning_rate': 0.490743616291914, 'gamma': 7.430058639504185e-07, 'reg_lambda': 9.800707341808376e-05, 'reg_alpha': 6.883334220125294e-06, 'subsample': 0.7233587180397603, 'colsample_bytree': 0.20024268311341015}
2022-10-15 18:51:32.467 | WARNING  | __main__:<module>:150 - 0.791	0.788	0.852	0.819
2022-10-15 18:51:33.133 | WARNING  | __main__:<module>:150 - 0.8	0.81	0.836	0.823
2022-10-15 18:51:33.808 | WARNING  | __main__:<module>:150 - 0.709	0.764	0.689	0.724
2022-10-15 18:51:34.488 | WARNING  | __main__:<module>:150 - 0.78	0.79	0.817	0.803
2022-10-15 18:51:35.188 | WARNING  | __main__:<module>:150 - 0.826	0.815	0.883	0.848
2022-10-15 18:51:36.054 | WARNING  | __main__:<module>:150 - 0.725	0.734	0.783	0.758
2022-10-15 18:51:36.715 | WARNING  | __main__:<module>:150 - 0.835	0.828	0.883	0.855
2022-10-15 18:51:37.373 | WARNING  | __main__:<module>:150 - 0.743	0.767	0.767	0.767
2022-10-15 18:51:38.056 | WARNING  | __main__:<module>:150 - 0.789	0.863	0.733	0.793
2022-10-15 18:51:38.712 | WARNING  | __main__:<module>:150 - 0.835	0.828	0.883	0.855
2022-10-15 18:51:39.257 | WARNING  | __main__:<module>:156 - accuracy		mean:0.783	std:0.042
2022-10-15 18:51:39.258 | WARNING  | __main__:<module>:158 - precision		mean:0.799	std:0.036
2022-10-15 18:51:39.259 | WARNING  | __main__:<module>:160 - recall		mean:0.813	std:0.065
2022-10-15 18:51:39.260 | WARNING  | __main__:<module>:162 - f1		mean:0.804	std:0.042
2022-10-15 18:54:51.720 | INFO     | __main__:<module>:50 - 使用 互信息法 进行特征筛选
2022-10-15 18:54:52.320 | INFO     | __main__:<module>:98 - 使用 SMOTETomek 混合采样
2022-10-15 18:54:52.350 | INFO     | __main__:<module>:103 - 数据平衡前：非DPN组有490条,DPN组有603条
2022-10-15 18:54:52.353 | INFO     | __main__:<module>:104 - 数据平衡后：非DPN组有539条,DPN组有539条
2022-10-15 18:55:11.085 | INFO     | __main__:<module>:136 - {'max_depth': 11, 'grow_policy': 'depthwise', 'learning_rate': 3.190074892943838e-06, 'gamma': 0.05940971173476233, 'reg_lambda': 0.005435172984805409, 'reg_alpha': 0.0029181470261218406, 'subsample': 0.9089569959372723, 'colsample_bytree': 0.635440741978159}
2022-10-15 18:55:11.302 | WARNING  | __main__:<module>:151 - 0.745	0.726	0.869	0.791
2022-10-15 18:55:12.559 | WARNING  | __main__:<module>:151 - 0.782	0.794	0.82	0.806
2022-10-15 18:55:13.856 | WARNING  | __main__:<module>:151 - 0.764	0.769	0.82	0.794
2022-10-15 18:55:15.165 | WARNING  | __main__:<module>:151 - 0.78	0.765	0.867	0.812
2022-10-15 18:55:16.450 | WARNING  | __main__:<module>:151 - 0.789	0.768	0.883	0.822
2022-10-15 18:55:17.724 | WARNING  | __main__:<module>:151 - 0.771	0.769	0.833	0.8
2022-10-15 18:55:18.967 | WARNING  | __main__:<module>:151 - 0.807	0.82	0.833	0.826
2022-10-15 18:55:20.279 | WARNING  | __main__:<module>:151 - 0.743	0.776	0.75	0.763
2022-10-15 18:55:21.580 | WARNING  | __main__:<module>:151 - 0.798	0.806	0.833	0.82
2022-10-15 18:55:22.872 | WARNING  | __main__:<module>:151 - 0.807	0.8	0.867	0.832
2022-10-15 18:55:23.961 | WARNING  | __main__:<module>:157 - accuracy		mean:0.779	std:0.022
2022-10-15 18:55:23.962 | WARNING  | __main__:<module>:159 - precision		mean:0.779	std:0.025
2022-10-15 18:55:23.964 | WARNING  | __main__:<module>:161 - recall		mean:0.837	std:0.036
2022-10-15 18:55:23.965 | WARNING  | __main__:<module>:163 - f1		mean:0.807	std:0.02
2022-10-15 18:58:13.594 | INFO     | __main__:<module>:50 - 使用 互信息法 进行特征筛选
2022-10-15 18:58:14.220 | INFO     | __main__:<module>:98 - 使用 SMOTETomek 混合采样
2022-10-15 18:58:14.249 | INFO     | __main__:<module>:103 - 数据平衡前：非DPN组有490条,DPN组有603条
2022-10-15 18:58:14.251 | INFO     | __main__:<module>:104 - 数据平衡后：非DPN组有529条,DPN组有529条
2022-10-15 18:58:30.339 | INFO     | __main__:<module>:136 - {'max_depth': 10, 'grow_policy': 'depthwise', 'learning_rate': 1.397597132999137e-08, 'gamma': 1.1890940674299302e-05, 'reg_lambda': 3.3719903432276614e-05, 'reg_alpha': 0.05197842686254754, 'subsample': 0.9249655462725781, 'colsample_bytree': 0.4162524374852785}
2022-10-15 18:58:30.512 | WARNING  | __main__:<module>:151 - 0.791	0.771	0.885	0.824
2022-10-15 18:58:31.709 | WARNING  | __main__:<module>:151 - 0.773	0.781	0.82	0.8
2022-10-15 18:58:32.916 | WARNING  | __main__:<module>:151 - 0.755	0.774	0.787	0.78
2022-10-15 18:58:34.155 | WARNING  | __main__:<module>:151 - 0.853	0.844	0.9	0.871
2022-10-15 18:58:35.686 | WARNING  | __main__:<module>:151 - 0.826	0.825	0.867	0.846
2022-10-15 18:58:36.897 | WARNING  | __main__:<module>:151 - 0.771	0.761	0.85	0.803
2022-10-15 18:58:38.090 | WARNING  | __main__:<module>:151 - 0.826	0.825	0.867	0.846
2022-10-15 18:58:39.283 | WARNING  | __main__:<module>:151 - 0.734	0.763	0.75	0.756
2022-10-15 18:58:40.506 | WARNING  | __main__:<module>:151 - 0.798	0.797	0.85	0.823
2022-10-15 18:58:41.720 | WARNING  | __main__:<module>:151 - 0.771	0.746	0.883	0.809
2022-10-15 18:58:42.784 | WARNING  | __main__:<module>:157 - accuracy		mean:0.79	std:0.035
2022-10-15 18:58:42.785 | WARNING  | __main__:<module>:159 - precision		mean:0.789	std:0.031
2022-10-15 18:58:42.787 | WARNING  | __main__:<module>:161 - recall		mean:0.846	std:0.045
2022-10-15 18:58:42.788 | WARNING  | __main__:<module>:163 - f1		mean:0.816	std:0.032
2022-10-15 19:00:49.997 | INFO     | __main__:<module>:62 - 使用嵌入法进行特征选择,剩余(1093, 47)个特征
2022-10-15 19:00:50.006 | INFO     | __main__:<module>:98 - 使用 SMOTETomek 混合采样
2022-10-15 19:00:50.038 | INFO     | __main__:<module>:103 - 数据平衡前：非DPN组有490条,DPN组有603条
2022-10-15 19:00:50.040 | INFO     | __main__:<module>:104 - 数据平衡后：非DPN组有549条,DPN组有549条
2022-10-15 19:01:07.112 | INFO     | __main__:<module>:136 - {'max_depth': 8, 'grow_policy': 'lossguide', 'learning_rate': 5.06037083399496e-06, 'gamma': 1.2375556512890374e-05, 'reg_lambda': 1.8431952733263562e-08, 'reg_alpha': 9.697340988709899e-08, 'subsample': 0.7134276842049526, 'colsample_bytree': 0.3438643535582563}
2022-10-15 19:01:07.281 | WARNING  | __main__:<module>:151 - 0.727	0.718	0.836	0.773
2022-10-15 19:01:08.280 | WARNING  | __main__:<module>:151 - 0.755	0.75	0.836	0.791
2022-10-15 19:01:09.288 | WARNING  | __main__:<module>:151 - 0.745	0.746	0.82	0.781
2022-10-15 19:01:10.288 | WARNING  | __main__:<module>:151 - 0.798	0.764	0.917	0.833
2022-10-15 19:01:11.285 | WARNING  | __main__:<module>:151 - 0.752	0.709	0.933	0.806
2022-10-15 19:01:12.302 | WARNING  | __main__:<module>:151 - 0.752	0.746	0.833	0.787
2022-10-15 19:01:13.336 | WARNING  | __main__:<module>:151 - 0.743	0.716	0.883	0.791
2022-10-15 19:01:14.348 | WARNING  | __main__:<module>:151 - 0.743	0.742	0.817	0.778
2022-10-15 19:01:15.364 | WARNING  | __main__:<module>:151 - 0.771	0.746	0.883	0.809
2022-10-15 19:01:16.449 | WARNING  | __main__:<module>:151 - 0.771	0.746	0.883	0.809
2022-10-15 19:01:17.356 | WARNING  | __main__:<module>:157 - accuracy		mean:0.756	std:0.019
2022-10-15 19:01:17.358 | WARNING  | __main__:<module>:159 - precision		mean:0.739	std:0.017
2022-10-15 19:01:17.359 | WARNING  | __main__:<module>:161 - recall		mean:0.864	std:0.039
2022-10-15 19:01:17.360 | WARNING  | __main__:<module>:163 - f1		mean:0.796	std:0.017
