2022-10-22 09:05:54.587 | INFO     | __main__:<module>:91 - 使用嵌入法 LinearSVC 进行特征选择,剩余(1093, 15)个特征
2022-10-22 09:05:54.589 | INFO     | __main__:<module>:134 - 使用 SMOTETomek 混合采样
2022-10-22 09:05:54.617 | INFO     | __main__:<module>:139 - 数据平衡前：非DPN组有490条,DPN组有603条
2022-10-22 09:05:54.619 | INFO     | __main__:<module>:140 - 数据平衡后：非DPN组有537条,DPN组有537条
2022-10-22 09:06:08.653 | INFO     | __main__:<module>:171 - 调参结束，最佳结果为:0.8
2022-10-22 09:06:08.656 | INFO     | __main__:<module>:172 - 调参结束，最佳参数为:{'max_depth': 10, 'grow_policy': 'lossguide', 'learning_rate': 2.7358878595167708e-08, 'gamma': 0.013014897276885306, 'reg_lambda': 8.567185308155716e-07, 'reg_alpha': 5.942276579475462e-08, 'subsample': 0.8024715842330166, 'colsample_bytree': 0.29336485631863035}
2022-10-22 09:06:08.794 | WARNING  | __main__:<module>:190 - 0.745	0.72	0.885	0.794
2022-10-22 09:06:09.738 | WARNING  | __main__:<module>:190 - 0.727	0.707	0.869	0.779
2022-10-22 09:06:10.669 | WARNING  | __main__:<module>:190 - 0.745	0.762	0.787	0.774
2022-10-22 09:06:11.614 | WARNING  | __main__:<module>:190 - 0.771	0.733	0.917	0.815
2022-10-22 09:06:12.690 | WARNING  | __main__:<module>:190 - 0.807	0.791	0.883	0.835
2022-10-22 09:06:13.603 | WARNING  | __main__:<module>:190 - 0.752	0.77	0.783	0.777
2022-10-22 09:06:14.505 | WARNING  | __main__:<module>:190 - 0.817	0.794	0.9	0.844
2022-10-22 09:06:15.420 | WARNING  | __main__:<module>:190 - 0.835	0.875	0.817	0.845
2022-10-22 09:06:16.370 | WARNING  | __main__:<module>:190 - 0.789	0.776	0.867	0.819
2022-10-22 09:06:17.259 | WARNING  | __main__:<module>:190 - 0.752	0.746	0.833	0.787
2022-10-22 09:06:18.066 | WARNING  | __main__:<module>:196 - accuracy		mean:0.774	std:0.034
2022-10-22 09:06:18.066 | WARNING  | __main__:<module>:198 - precision		mean:0.767	std:0.045
2022-10-22 09:06:18.066 | WARNING  | __main__:<module>:200 - recall		mean:0.854	std:0.044
2022-10-22 09:06:18.066 | WARNING  | __main__:<module>:202 - f1		mean:0.807	std:0.027
2022-10-22 09:07:15.695 | INFO     | __main__:<module>:91 - 使用嵌入法 LinearSVC 进行特征选择,剩余(1093, 15)个特征
2022-10-22 09:07:15.698 | INFO     | __main__:<module>:134 - 使用 SMOTETomek 混合采样
2022-10-22 09:07:15.728 | INFO     | __main__:<module>:139 - 数据平衡前：非DPN组有490条,DPN组有603条
2022-10-22 09:07:15.730 | INFO     | __main__:<module>:140 - 数据平衡后：非DPN组有537条,DPN组有537条
2022-10-22 09:12:23.923 | INFO     | __main__:<module>:171 - 调参结束，最佳结果为:0.8
2022-10-22 09:12:23.927 | INFO     | __main__:<module>:172 - 调参结束，最佳参数为:{'n_estimators': 4249, 'max_depth': 10, 'grow_policy': 'lossguide', 'learning_rate': 1.7953222961719653e-05, 'gamma': 1.6131391898660434e-07, 'reg_lambda': 0.11467697284509822, 'reg_alpha': 1.0350948393575063e-08, 'subsample': 0.8834959943535475, 'colsample_bytree': 0.6449127783681229}
2022-10-22 09:12:30.179 | WARNING  | __main__:<module>:190 - 0.791	0.771	0.885	0.824
2022-10-22 09:12:54.486 | WARNING  | __main__:<module>:190 - 0.736	0.742	0.803	0.772
2022-10-22 09:13:20.171 | WARNING  | __main__:<module>:190 - 0.7	0.726	0.738	0.732
2022-10-22 09:13:48.061 | WARNING  | __main__:<module>:190 - 0.771	0.754	0.867	0.806
2022-10-22 09:14:14.064 | WARNING  | __main__:<module>:190 - 0.734	0.746	0.783	0.764
2022-10-22 09:14:40.446 | WARNING  | __main__:<module>:190 - 0.725	0.75	0.75	0.75
2022-10-22 09:15:04.876 | WARNING  | __main__:<module>:190 - 0.78	0.79	0.817	0.803
2022-10-22 09:15:29.319 | WARNING  | __main__:<module>:190 - 0.743	0.767	0.767	0.767
2022-10-22 09:15:54.391 | WARNING  | __main__:<module>:190 - 0.771	0.74	0.9	0.812
2022-10-22 09:16:17.735 | WARNING  | __main__:<module>:190 - 0.734	0.738	0.8	0.768
2022-10-22 09:16:39.777 | WARNING  | __main__:<module>:196 - accuracy		mean:0.748	std:0.027
2022-10-22 09:16:39.779 | WARNING  | __main__:<module>:198 - precision		mean:0.752	std:0.018
2022-10-22 09:16:39.782 | WARNING  | __main__:<module>:200 - recall		mean:0.811	std:0.053
2022-10-22 09:16:39.785 | WARNING  | __main__:<module>:202 - f1		mean:0.78	std:0.028
