2022-10-23 20:16:39.163 | INFO     | __main__:<module>:83 - 使用嵌入法 ExtraTreesClassifier 进行特征选择,剩余(1093, 23)个特征
2022-10-23 20:16:39.164 | INFO     | __main__:<module>:92 - 剩余的特征是：['年龄', '糖尿病性肾病', '糖尿病性视网膜病变', '血红蛋白', '嗜酸性粒细胞绝对值', '嗜碱性粒细胞绝对值', '白蛋白', '总胆红素', '尿素', '肌酐', '氯', '尿酸', '磷', '镁', '活化部分凝血活酶时间（APTT）', '葡萄糖', '尿蛋白定量', '24h尿蛋白定量', '空腹C肽', '餐后120分钟C肽', 'NLR', 'PLR', '胰岛素抵抗指数']
2022-10-23 20:16:39.166 | INFO     | __main__:<module>:113 - 使用 SMOTETomek 混合采样
2022-10-23 20:16:39.167 | INFO     | __main__:<module>:117 - 数据平衡前：非DPN组有490条,DPN组有603条
2022-10-23 20:16:39.197 | INFO     | __main__:<module>:119 - 数据平衡后：非DPN组有550条,DPN组有550条
2022-10-23 20:16:43.823 | WARNING  | __main__:<module>:52 - 0.791	0.786	0.8	0.793
2022-10-23 20:16:44.587 | WARNING  | __main__:<module>:52 - 0.745	0.765	0.709	0.736
2022-10-23 20:16:45.372 | WARNING  | __main__:<module>:52 - 0.791	0.808	0.764	0.785
2022-10-23 20:16:46.145 | WARNING  | __main__:<module>:52 - 0.736	0.75	0.709	0.729
2022-10-23 20:16:46.923 | WARNING  | __main__:<module>:52 - 0.727	0.736	0.709	0.722
2022-10-23 20:16:47.695 | WARNING  | __main__:<module>:52 - 0.745	0.755	0.727	0.741
2022-10-23 20:16:48.454 | WARNING  | __main__:<module>:52 - 0.682	0.685	0.673	0.679
2022-10-23 20:16:49.218 | WARNING  | __main__:<module>:52 - 0.745	0.755	0.727	0.741
2022-10-23 20:16:50.110 | WARNING  | __main__:<module>:52 - 0.691	0.706	0.655	0.679
2022-10-23 20:16:50.879 | WARNING  | __main__:<module>:52 - 0.691	0.784	0.527	0.63
2022-10-23 20:16:50.880 | WARNING  | __main__:<module>:54 - accuracy		mean:0.735	std:0.037
2022-10-23 20:16:50.881 | WARNING  | __main__:<module>:55 - precision		mean:0.753	std:0.035
2022-10-23 20:16:50.882 | WARNING  | __main__:<module>:56 - recall		mean:0.7	std:0.07
2022-10-23 20:16:50.883 | WARNING  | __main__:<module>:57 - f1		mean:0.723	std:0.047
2022-10-23 20:17:11.353 | WARNING  | __main__:<module>:52 - 0.791	0.786	0.8	0.793
2022-10-23 20:17:12.127 | WARNING  | __main__:<module>:52 - 0.745	0.765	0.709	0.736
2022-10-23 20:17:12.897 | WARNING  | __main__:<module>:52 - 0.791	0.808	0.764	0.785
2022-10-23 20:17:13.677 | WARNING  | __main__:<module>:52 - 0.736	0.75	0.709	0.729
2022-10-23 20:17:14.458 | WARNING  | __main__:<module>:52 - 0.727	0.736	0.709	0.722
2022-10-23 20:17:15.227 | WARNING  | __main__:<module>:52 - 0.745	0.755	0.727	0.741
2022-10-23 20:17:15.995 | WARNING  | __main__:<module>:52 - 0.682	0.685	0.673	0.679
2022-10-23 20:17:16.767 | WARNING  | __main__:<module>:52 - 0.745	0.755	0.727	0.741
2022-10-23 20:17:17.538 | WARNING  | __main__:<module>:52 - 0.691	0.706	0.655	0.679
2022-10-23 20:17:18.307 | WARNING  | __main__:<module>:52 - 0.691	0.784	0.527	0.63
2022-10-23 20:17:18.308 | WARNING  | __main__:<module>:54 - accuracy		mean:0.735	std:0.037
2022-10-23 20:17:18.309 | WARNING  | __main__:<module>:55 - precision		mean:0.753	std:0.035
2022-10-23 20:17:18.310 | WARNING  | __main__:<module>:56 - recall		mean:0.7	std:0.07
2022-10-23 20:17:18.311 | WARNING  | __main__:<module>:57 - f1		mean:0.723	std:0.047
