2022-11-03 14:12:29.684 | INFO     | __main__:<module>:80 - 使用嵌入法 RandomForestClassifier 进行特征选择,剩余(1278, 16)个特征
2022-11-03 14:12:29.686 | INFO     | __main__:<module>:90 - 剩余的特征是：['年龄', '血红蛋白', '白蛋白', '总胆红素', '尿素', '肌酐', '尿酸', '总胆固醇', '糖化血红蛋白', '活化部分凝血活酶时间（APTT）', '尿蛋白定量', '24h尿蛋白定量', '病程', 'C2/C0', 'NLR', '胰岛素抵抗指数']
2022-11-03 14:12:29.703 | INFO     | __main__:<module>:111 - 使用 SMOTETomek 混合采样
2022-11-03 14:12:29.704 | INFO     | __main__:<module>:115 - 数据平衡前：非DPN组有530条,DPN组有748条
2022-11-03 14:12:29.746 | INFO     | __main__:<module>:117 - 数据平衡后：非DPN组有700条,DPN组有700条
2022-11-03 14:12:30.343 | WARNING  | __main__:<module>:27 - {'estimator__bootstrap': True, 'estimator__ccp_alpha': 0.0, 'estimator__class_weight': None, 'estimator__criterion': 'gini', 'estimator__max_depth': 9, 'estimator__max_features': 'auto', 'estimator__max_leaf_nodes': None, 'estimator__max_samples': None, 'estimator__min_impurity_decrease': 0.0, 'estimator__min_impurity_split': None, 'estimator__min_samples_leaf': 1, 'estimator__min_samples_split': 2, 'estimator__min_weight_fraction_leaf': 0.0, 'estimator__n_estimators': 200, 'estimator__n_jobs': None, 'estimator__oob_score': False, 'estimator__random_state': 43, 'estimator__verbose': 0, 'estimator__warm_start': False, 'estimator': RandomForestClassifier(max_depth=9, n_estimators=200, random_state=43), 'importance_getter': 'auto', 'max_features': None, 'norm_order': 1, 'prefit': True, 'threshold': None}
2022-11-03 14:12:32.804 | WARNING  | __main__:<module>:41 - 0.6857	0.7167	0.6143	0.6615
2022-11-03 14:12:33.465 | WARNING  | __main__:<module>:41 - 0.7857	0.8333	0.7143	0.7692
2022-11-03 14:12:34.133 | WARNING  | __main__:<module>:41 - 0.7571	0.7727	0.7286	0.75
2022-11-03 14:12:34.745 | WARNING  | __main__:<module>:41 - 0.8	0.8088	0.7857	0.7971
2022-11-03 14:12:35.342 | WARNING  | __main__:<module>:41 - 0.7071	0.7231	0.6714	0.6963
2022-11-03 14:12:36.014 | WARNING  | __main__:<module>:41 - 0.7929	0.7971	0.7857	0.7914
2022-11-03 14:12:36.642 | WARNING  | __main__:<module>:41 - 0.7429	0.7576	0.7143	0.7353
2022-11-03 14:12:37.346 | WARNING  | __main__:<module>:41 - 0.7714	0.7969	0.7286	0.7612
2022-11-03 14:12:37.956 | WARNING  | __main__:<module>:41 - 0.7571	0.7812	0.7143	0.7463
2022-11-03 14:12:38.552 | WARNING  | __main__:<module>:41 - 0.8143	0.7895	0.8571	0.8219
2022-11-03 14:12:38.554 | WARNING  | __main__:<module>:43 - accuracy		mean:0.7614	std:0.0388
2022-11-03 14:12:38.555 | WARNING  | __main__:<module>:44 - precision		mean:0.7777	std:0.0348
2022-11-03 14:12:38.556 | WARNING  | __main__:<module>:45 - recall		mean:0.7314	std:0.0632
2022-11-03 14:12:38.557 | WARNING  | __main__:<module>:46 - f1		mean:0.753	std:0.0452
2022-11-03 14:12:40.905 | WARNING  | __main__:<module>:11 - {'C': 0.9899203552790449, 'break_ties': False, 'cache_size': 200, 'class_weight': None, 'coef0': 0.0, 'decision_function_shape': 'ovr', 'degree': 3, 'gamma': 0.8098439704037791, 'kernel': 'rbf', 'max_iter': -1, 'probability': True, 'random_state': 43, 'shrinking': True, 'tol': 0.001, 'verbose': False}
2022-11-03 14:12:41.347 | WARNING  | __main__:<module>:24 - 0.7286	0.6818	0.8571	0.7595
2022-11-03 14:12:41.776 | WARNING  | __main__:<module>:24 - 0.7643	0.6947	0.9429	0.8
2022-11-03 14:12:42.206 | WARNING  | __main__:<module>:24 - 0.8071	0.7471	0.9286	0.828
2022-11-03 14:12:42.637 | WARNING  | __main__:<module>:24 - 0.7571	0.6957	0.9143	0.7901
2022-11-03 14:12:43.062 | WARNING  | __main__:<module>:24 - 0.8	0.75	0.9	0.8182
2022-11-03 14:12:43.482 | WARNING  | __main__:<module>:24 - 0.8	0.7333	0.9429	0.825
2022-11-03 14:12:43.915 | WARNING  | __main__:<module>:24 - 0.7857	0.7273	0.9143	0.8101
2022-11-03 14:12:44.364 | WARNING  | __main__:<module>:24 - 0.7929	0.7531	0.8714	0.8079
2022-11-03 14:12:44.813 | WARNING  | __main__:<module>:24 - 0.7786	0.7294	0.8857	0.8
2022-11-03 14:12:45.278 | WARNING  | __main__:<module>:24 - 0.7643	0.7126	0.8857	0.7898
2022-11-03 14:12:45.279 | WARNING  | __main__:<module>:26 - accuracy		mean:0.7779	std:0.0231
2022-11-03 14:12:45.280 | WARNING  | __main__:<module>:27 - precision		mean:0.7225	std:0.0239
2022-11-03 14:12:45.281 | WARNING  | __main__:<module>:28 - recall		mean:0.9043	std:0.0279
2022-11-03 14:12:45.282 | WARNING  | __main__:<module>:29 - f1		mean:0.8029	std:0.0191
2022-11-03 16:01:26.605 | INFO     | __main__:<module>:18 - 调参结束，最佳结果为:0.6880952380952381
2022-11-03 16:01:26.608 | INFO     | __main__:<module>:19 - 调参结束，最佳参数为:{'penalty': 'none', 'C': 6.795378431882323e-05, 'max_iter': 2003}
2022-11-03 16:02:25.301 | WARNING  | __main__:<module>:15 - {'C': 6.795378431882323e-05, 'class_weight': None, 'dual': False, 'fit_intercept': True, 'intercept_scaling': 1, 'l1_ratio': None, 'max_iter': 2003, 'multi_class': 'auto', 'n_jobs': None, 'penalty': 'none', 'random_state': None, 'solver': 'lbfgs', 'tol': 0.0001, 'verbose': 0, 'warm_start': False}
2022-11-03 16:02:25.329 | WARNING  | __main__:<module>:28 - 0.6286	0.6452	0.5714	0.6061
2022-11-03 16:02:25.347 | WARNING  | __main__:<module>:28 - 0.65	0.6567	0.6286	0.6423
2022-11-03 16:02:25.361 | WARNING  | __main__:<module>:28 - 0.6714	0.6875	0.6286	0.6567
2022-11-03 16:02:25.377 | WARNING  | __main__:<module>:28 - 0.6714	0.6765	0.6571	0.6667
2022-11-03 16:02:25.390 | WARNING  | __main__:<module>:28 - 0.6786	0.6712	0.7	0.6853
2022-11-03 16:02:25.404 | WARNING  | __main__:<module>:28 - 0.7214	0.7246	0.7143	0.7194
2022-11-03 16:02:25.416 | WARNING  | __main__:<module>:28 - 0.7	0.7333	0.6286	0.6769
2022-11-03 16:02:25.429 | WARNING  | __main__:<module>:28 - 0.6571	0.6486	0.6857	0.6667
2022-11-03 16:02:25.443 | WARNING  | __main__:<module>:28 - 0.75	0.7692	0.7143	0.7407
2022-11-03 16:02:25.458 | WARNING  | __main__:<module>:28 - 0.7429	0.7429	0.7429	0.7429
2022-11-03 16:02:25.459 | WARNING  | __main__:<module>:30 - accuracy		mean:0.6871	std:0.0383
2022-11-03 16:02:25.459 | WARNING  | __main__:<module>:31 - precision		mean:0.6956	std:0.0415
2022-11-03 16:02:25.460 | WARNING  | __main__:<module>:32 - recall		mean:0.6671	std:0.0503
2022-11-03 16:02:25.461 | WARNING  | __main__:<module>:33 - f1		mean:0.6804	std:0.0412
2022-11-03 16:06:25.303 | WARNING  | __main__:<module>:11 - {'estimator__bootstrap': True, 'estimator__ccp_alpha': 0.0, 'estimator__class_weight': None, 'estimator__criterion': 'gini', 'estimator__max_depth': 9, 'estimator__max_features': 'auto', 'estimator__max_leaf_nodes': None, 'estimator__max_samples': None, 'estimator__min_impurity_decrease': 0.0, 'estimator__min_impurity_split': None, 'estimator__min_samples_leaf': 1, 'estimator__min_samples_split': 2, 'estimator__min_weight_fraction_leaf': 0.0, 'estimator__n_estimators': 200, 'estimator__n_jobs': None, 'estimator__oob_score': False, 'estimator__random_state': 43, 'estimator__verbose': 0, 'estimator__warm_start': False, 'estimator': RandomForestClassifier(max_depth=9, n_estimators=200, random_state=43), 'importance_getter': 'auto', 'max_features': None, 'norm_order': 1, 'prefit': True, 'threshold': None}
2022-11-03 16:06:26.382 | WARNING  | __main__:<module>:24 - 0.7286	0.7963	0.6143	0.6935
2022-11-03 16:06:27.439 | WARNING  | __main__:<module>:24 - 0.7429	0.7656	0.7	0.7313
2022-11-03 16:06:28.480 | WARNING  | __main__:<module>:24 - 0.7	0.7414	0.6143	0.6719
2022-11-03 16:06:29.643 | WARNING  | __main__:<module>:24 - 0.7143	0.75	0.6429	0.6923
2022-11-03 16:06:30.933 | WARNING  | __main__:<module>:24 - 0.7357	0.7538	0.7	0.7259
2022-11-03 16:06:32.019 | WARNING  | __main__:<module>:24 - 0.7929	0.8254	0.7429	0.782
2022-11-03 16:06:33.098 | WARNING  | __main__:<module>:24 - 0.7429	0.7742	0.6857	0.7273
2022-11-03 16:06:34.220 | WARNING  | __main__:<module>:24 - 0.7714	0.7969	0.7286	0.7612
2022-11-03 16:06:35.307 | WARNING  | __main__:<module>:24 - 0.75	0.7869	0.6857	0.7328
2022-11-03 16:06:36.356 | WARNING  | __main__:<module>:24 - 0.7857	0.7778	0.8	0.7887
2022-11-03 16:06:36.357 | WARNING  | __main__:<module>:26 - accuracy		mean:0.7464	std:0.0283
2022-11-03 16:06:36.357 | WARNING  | __main__:<module>:27 - precision		mean:0.7768	std:0.0242
2022-11-03 16:06:36.359 | WARNING  | __main__:<module>:28 - recall		mean:0.6914	std:0.055
2022-11-03 16:06:36.360 | WARNING  | __main__:<module>:29 - f1		mean:0.7307	std:0.0364
2022-11-03 16:10:25.292 | WARNING  | __main__:<module>:14 - {'ccp_alpha': 0.0, 'class_weight': None, 'criterion': 'entropy', 'max_depth': 16, 'max_features': None, 'max_leaf_nodes': None, 'min_impurity_decrease': 0.0, 'min_impurity_split': None, 'min_samples_leaf': 1, 'min_samples_split': 2, 'min_weight_fraction_leaf': 0.0, 'random_state': 43, 'splitter': 'best'}
2022-11-03 16:10:25.333 | WARNING  | __main__:<module>:27 - 0.6571	0.6774	0.6	0.6364
2022-11-03 16:10:25.360 | WARNING  | __main__:<module>:27 - 0.7429	0.7656	0.7	0.7313
2022-11-03 16:10:25.382 | WARNING  | __main__:<module>:27 - 0.6929	0.7015	0.6714	0.6861
2022-11-03 16:10:25.403 | WARNING  | __main__:<module>:27 - 0.6429	0.6613	0.5857	0.6212
2022-11-03 16:10:25.425 | WARNING  | __main__:<module>:27 - 0.6929	0.6849	0.7143	0.6993
2022-11-03 16:10:25.447 | WARNING  | __main__:<module>:27 - 0.6786	0.7193	0.5857	0.6457
2022-11-03 16:10:25.470 | WARNING  | __main__:<module>:27 - 0.6429	0.6724	0.5571	0.6094
2022-11-03 16:10:25.491 | WARNING  | __main__:<module>:27 - 0.7071	0.7544	0.6143	0.6772
2022-11-03 16:10:25.514 | WARNING  | __main__:<module>:27 - 0.7	0.6892	0.7286	0.7083
2022-11-03 16:10:25.536 | WARNING  | __main__:<module>:27 - 0.7214	0.7385	0.6857	0.7111
2022-11-03 16:10:25.537 | WARNING  | __main__:<module>:29 - accuracy		mean:0.6879	std:0.0313
2022-11-03 16:10:25.537 | WARNING  | __main__:<module>:30 - precision		mean:0.7065	std:0.0344
2022-11-03 16:10:25.538 | WARNING  | __main__:<module>:31 - recall		mean:0.6443	std:0.0591
2022-11-03 16:10:25.539 | WARNING  | __main__:<module>:32 - f1		mean:0.6726	std:0.0398
2022-11-03 16:13:25.320 | WARNING  | __main__:<module>:19 - 0.6429	0.8571	0.3429	0.4898
2022-11-03 16:13:25.342 | WARNING  | __main__:<module>:19 - 0.7286	0.9444	0.4857	0.6415
2022-11-03 16:13:25.358 | WARNING  | __main__:<module>:19 - 0.6643	0.7949	0.4429	0.5688
2022-11-03 16:13:25.376 | WARNING  | __main__:<module>:19 - 0.6286	0.7812	0.3571	0.4902
2022-11-03 16:13:25.390 | WARNING  | __main__:<module>:19 - 0.7357	0.9231	0.5143	0.6606
2022-11-03 16:13:25.402 | WARNING  | __main__:<module>:19 - 0.7357	0.9459	0.5	0.6542
2022-11-03 16:13:25.415 | WARNING  | __main__:<module>:19 - 0.6429	0.7632	0.4143	0.537
2022-11-03 16:13:25.428 | WARNING  | __main__:<module>:19 - 0.7071	0.9143	0.4571	0.6095
2022-11-03 16:13:25.440 | WARNING  | __main__:<module>:19 - 0.7214	0.8298	0.5571	0.6667
2022-11-03 16:13:25.452 | WARNING  | __main__:<module>:19 - 0.7143	0.8571	0.5143	0.6429
2022-11-03 16:13:25.453 | WARNING  | __main__:<module>:21 - accuracy		mean:0.6921	std:0.0405
2022-11-03 16:13:25.454 | WARNING  | __main__:<module>:22 - precision		mean:0.8611	std:0.0649
2022-11-03 16:13:25.454 | WARNING  | __main__:<module>:23 - recall		mean:0.4586	std:0.0665
2022-11-03 16:13:25.455 | WARNING  | __main__:<module>:24 - f1		mean:0.5961	std:0.0661
