2022-10-16 19:26:28.719 | INFO     | __main__:<module>:62 - 使用嵌入法进行特征选择,剩余(1093, 47)个特征
2022-10-16 19:26:28.727 | INFO     | __main__:<module>:98 - 使用 SMOTETomek 混合采样
2022-10-16 19:26:28.767 | INFO     | __main__:<module>:103 - 数据平衡前：非DPN组有490条,DPN组有603条
2022-10-16 19:26:28.775 | INFO     | __main__:<module>:104 - 数据平衡后：非DPN组有549条,DPN组有549条
2022-10-16 19:26:46.280 | INFO     | __main__:<module>:136 - {'max_depth': 12, 'grow_policy': 'lossguide', 'learning_rate': 0.0904062030309331, 'gamma': 0.19757976214297324, 'reg_lambda': 2.0392846946107648e-05, 'reg_alpha': 2.647972812707389e-07, 'subsample': 0.7767560173054944, 'colsample_bytree': 0.23269262795632575}
2022-10-16 19:26:46.453 | WARNING  | __main__:<module>:151 - 0.745	0.746	0.82	0.781
2022-10-16 19:26:47.438 | WARNING  | __main__:<module>:151 - 0.764	0.787	0.787	0.787
2022-10-16 19:26:48.404 | WARNING  | __main__:<module>:151 - 0.736	0.742	0.803	0.772
2022-10-16 19:26:49.432 | WARNING  | __main__:<module>:151 - 0.734	0.738	0.8	0.768
2022-10-16 19:26:50.476 | WARNING  | __main__:<module>:151 - 0.817	0.794	0.9	0.844
2022-10-16 19:26:51.453 | WARNING  | __main__:<module>:151 - 0.743	0.742	0.817	0.778
2022-10-16 19:26:52.400 | WARNING  | __main__:<module>:151 - 0.807	0.783	0.9	0.837
2022-10-16 19:26:53.334 | WARNING  | __main__:<module>:151 - 0.807	0.82	0.833	0.826
2022-10-16 19:26:54.452 | WARNING  | __main__:<module>:151 - 0.761	0.758	0.833	0.794
2022-10-16 19:26:55.432 | WARNING  | __main__:<module>:151 - 0.826	0.797	0.917	0.853
2022-10-16 19:26:56.229 | WARNING  | __main__:<module>:157 - accuracy		mean:0.774	std:0.034
2022-10-16 19:26:56.231 | WARNING  | __main__:<module>:159 - precision		mean:0.771	std:0.027
2022-10-16 19:26:56.238 | WARNING  | __main__:<module>:161 - recall		mean:0.841	std:0.045
2022-10-16 19:26:56.240 | WARNING  | __main__:<module>:163 - f1		mean:0.804	std:0.031
2022-10-16 20:05:54.610 | INFO     | __main__:<module>:62 - 使用嵌入法进行特征选择,剩余(1093, 47)个特征
2022-10-16 20:05:54.620 | INFO     | __main__:<module>:98 - 使用 SMOTETomek 混合采样
2022-10-16 20:05:54.667 | INFO     | __main__:<module>:103 - 数据平衡前：非DPN组有490条,DPN组有603条
2022-10-16 20:05:54.675 | INFO     | __main__:<module>:104 - 数据平衡后：非DPN组有549条,DPN组有549条
