2022-10-18 15:48:09.412 | INFO     | __main__:<module>:50 - 使用 互信息法 进行特征筛选
2022-10-18 15:48:10.095 | INFO     | __main__:<module>:98 - 使用 SMOTETomek 混合采样
2022-10-18 15:48:10.128 | INFO     | __main__:<module>:103 - 数据平衡前：非DPN组有490条,DPN组有603条
2022-10-18 15:48:10.130 | INFO     | __main__:<module>:104 - 数据平衡后：非DPN组有532条,DPN组有532条
2022-10-18 15:48:27.182 | INFO     | __main__:<module>:136 - {'max_depth': 7, 'grow_policy': 'depthwise', 'learning_rate': 0.0631163142905222, 'gamma': 3.3890745603275364e-07, 'reg_lambda': 0.008096409895420093, 'reg_alpha': 7.433583599861464e-08, 'subsample': 0.8732553044245204, 'colsample_bytree': 0.6572157720175774}
2022-10-18 15:48:27.344 | WARNING  | __main__:<module>:151 - 0.764	0.761	0.836	0.797
2022-10-18 15:48:28.226 | WARNING  | __main__:<module>:151 - 0.755	0.774	0.787	0.78
2022-10-18 15:48:29.125 | WARNING  | __main__:<module>:151 - 0.755	0.783	0.77	0.777
2022-10-18 15:48:29.992 | WARNING  | __main__:<module>:151 - 0.807	0.783	0.9	0.837
2022-10-18 15:48:30.860 | WARNING  | __main__:<module>:151 - 0.826	0.86	0.817	0.838
2022-10-18 15:48:31.741 | WARNING  | __main__:<module>:151 - 0.752	0.754	0.817	0.784
2022-10-18 15:48:32.594 | WARNING  | __main__:<module>:151 - 0.853	0.844	0.9	0.871
2022-10-18 15:48:33.492 | WARNING  | __main__:<module>:151 - 0.743	0.767	0.767	0.767
2022-10-18 15:48:34.376 | WARNING  | __main__:<module>:151 - 0.817	0.833	0.833	0.833
2022-10-18 15:48:35.246 | WARNING  | __main__:<module>:151 - 0.789	0.761	0.9	0.824
2022-10-18 15:48:36.076 | WARNING  | __main__:<module>:158 - accuracy		mean:0.786	std:0.036
2022-10-18 15:48:36.091 | WARNING  | __main__:<module>:160 - precision		mean:0.792	std:0.037
2022-10-18 15:48:36.091 | WARNING  | __main__:<module>:162 - recall		mean:0.833	std:0.049
2022-10-18 15:48:36.091 | WARNING  | __main__:<module>:164 - f1		mean:0.811	std:0.033
2022-10-18 15:50:31.604 | INFO     | __main__:<module>:50 - 使用 互信息法 进行特征筛选
2022-10-18 15:50:32.247 | INFO     | __main__:<module>:98 - 使用 SMOTETomek 混合采样
2022-10-18 15:50:32.275 | INFO     | __main__:<module>:103 - 数据平衡前：非DPN组有490条,DPN组有603条
2022-10-18 15:50:32.280 | INFO     | __main__:<module>:104 - 数据平衡后：非DPN组有535条,DPN组有535条
2022-10-18 15:50:50.205 | INFO     | __main__:<module>:136 - {'max_depth': 12, 'grow_policy': 'lossguide', 'learning_rate': 0.0016003546800909723, 'gamma': 0.29419887871188566, 'reg_lambda': 0.00022293325954124389, 'reg_alpha': 3.45134804862294e-05, 'subsample': 0.9445158675584011, 'colsample_bytree': 0.2587056964381208}
2022-10-18 15:50:50.384 | WARNING  | __main__:<module>:151 - 0.773	0.75	0.885	0.812
2022-10-18 15:50:51.602 | WARNING  | __main__:<module>:151 - 0.764	0.761	0.836	0.797
2022-10-18 15:50:52.807 | WARNING  | __main__:<module>:151 - 0.764	0.754	0.852	0.8
2022-10-18 15:50:54.104 | WARNING  | __main__:<module>:151 - 0.798	0.757	0.933	0.836
2022-10-18 15:50:55.337 | WARNING  | __main__:<module>:151 - 0.789	0.785	0.85	0.816
2022-10-18 15:50:56.573 | WARNING  | __main__:<module>:151 - 0.771	0.769	0.833	0.8
2022-10-18 15:50:57.882 | WARNING  | __main__:<module>:151 - 0.862	0.846	0.917	0.88
2022-10-18 15:50:59.117 | WARNING  | __main__:<module>:151 - 0.798	0.806	0.833	0.82
2022-10-18 15:51:00.372 | WARNING  | __main__:<module>:151 - 0.807	0.8	0.867	0.832
2022-10-18 15:51:01.645 | WARNING  | __main__:<module>:151 - 0.817	0.778	0.933	0.848
2022-10-18 15:51:02.882 | WARNING  | __main__:<module>:158 - accuracy		mean:0.794	std:0.029
2022-10-18 15:51:02.883 | WARNING  | __main__:<module>:160 - precision		mean:0.781	std:0.028
2022-10-18 15:51:02.884 | WARNING  | __main__:<module>:162 - recall		mean:0.874	std:0.039
2022-10-18 15:51:02.885 | WARNING  | __main__:<module>:164 - f1		mean:0.824	std:0.025
