2022-10-29 19:19:48.937 | INFO     | __main__:<module>:80 - 使用嵌入法 RandomForestClassifier 进行特征选择,剩余(1278, 16)个特征
2022-10-29 19:19:48.938 | INFO     | __main__:<module>:90 - 剩余的特征是：['年龄', '血红蛋白', '白蛋白', '总胆红素', '尿素', '肌酐', '尿酸', '总胆固醇', '糖化血红蛋白', '活化部分凝血活酶时间（APTT）', '尿蛋白定量', '24h尿蛋白定量', '病程', 'C2/C0', 'NLR', '胰岛素抵抗指数']
2022-10-29 19:19:48.953 | INFO     | __main__:<module>:111 - 使用 SMOTETomek 混合采样
2022-10-29 19:19:48.954 | INFO     | __main__:<module>:115 - 数据平衡前：非DPN组有530条,DPN组有748条
2022-10-29 19:19:48.996 | INFO     | __main__:<module>:117 - 数据平衡后：非DPN组有700条,DPN组有700条
2022-10-29 19:19:49.523 | WARNING  | __main__:<module>:27 - {'estimator__bootstrap': True, 'estimator__ccp_alpha': 0.0, 'estimator__class_weight': None, 'estimator__criterion': 'gini', 'estimator__max_depth': 9, 'estimator__max_features': 'auto', 'estimator__max_leaf_nodes': None, 'estimator__max_samples': None, 'estimator__min_impurity_decrease': 0.0, 'estimator__min_impurity_split': None, 'estimator__min_samples_leaf': 1, 'estimator__min_samples_split': 2, 'estimator__min_weight_fraction_leaf': 0.0, 'estimator__n_estimators': 200, 'estimator__n_jobs': None, 'estimator__oob_score': False, 'estimator__random_state': 43, 'estimator__verbose': 0, 'estimator__warm_start': False, 'estimator': RandomForestClassifier(max_depth=9, n_estimators=200, random_state=43), 'importance_getter': 'auto', 'max_features': None, 'norm_order': 1, 'prefit': True, 'threshold': None}
2022-10-29 19:19:51.280 | WARNING  | __main__:<module>:41 - 0.7	0.733	0.629	0.677
2022-10-29 19:19:51.612 | WARNING  | __main__:<module>:41 - 0.793	0.847	0.714	0.775
2022-10-29 19:19:51.975 | WARNING  | __main__:<module>:41 - 0.75	0.778	0.7	0.737
2022-10-29 19:19:52.284 | WARNING  | __main__:<module>:41 - 0.8	0.809	0.786	0.797
2022-10-29 19:19:52.611 | WARNING  | __main__:<module>:41 - 0.714	0.727	0.686	0.706
2022-10-29 19:19:52.937 | WARNING  | __main__:<module>:41 - 0.786	0.794	0.771	0.783
2022-10-29 19:19:53.231 | WARNING  | __main__:<module>:41 - 0.757	0.765	0.743	0.754
2022-10-29 19:19:53.528 | WARNING  | __main__:<module>:41 - 0.771	0.797	0.729	0.761
2022-10-29 19:19:53.821 | WARNING  | __main__:<module>:41 - 0.757	0.773	0.729	0.75
2022-10-29 19:19:54.108 | WARNING  | __main__:<module>:41 - 0.821	0.792	0.871	0.83
2022-10-29 19:19:54.109 | WARNING  | __main__:<module>:43 - accuracy		mean:0.765	std:0.036
2022-10-29 19:19:54.110 | WARNING  | __main__:<module>:44 - precision		mean:0.782	std:0.034
2022-10-29 19:19:54.111 | WARNING  | __main__:<module>:45 - recall		mean:0.736	std:0.062
2022-10-29 19:19:54.112 | WARNING  | __main__:<module>:46 - f1		mean:0.757	std:0.042
2022-10-29 19:20:03.674 | INFO     | __main__:<module>:21 - 调参结束，最佳结果为:0.7619047619047619
2022-10-29 19:20:03.675 | INFO     | __main__:<module>:22 - 调参结束，最佳参数为:{'C': 0.99896783906851, 'gamma': 0.7689339787826772}
2022-10-29 19:20:03.772 | WARNING  | __main__:<module>:11 - {'C': 0.99896783906851, 'break_ties': False, 'cache_size': 200, 'class_weight': None, 'coef0': 0.0, 'decision_function_shape': 'ovr', 'degree': 3, 'gamma': 0.7689339787826772, 'kernel': 'rbf', 'max_iter': -1, 'probability': False, 'random_state': None, 'shrinking': True, 'tol': 0.001, 'verbose': False}
2022-10-29 19:20:03.879 | WARNING  | __main__:<module>:24 - 0.743	0.698	0.857	0.769
2022-10-29 19:20:03.974 | WARNING  | __main__:<module>:24 - 0.764	0.695	0.943	0.8
2022-10-29 19:20:04.062 | WARNING  | __main__:<module>:24 - 0.821	0.765	0.929	0.839
2022-10-29 19:20:04.154 | WARNING  | __main__:<module>:24 - 0.779	0.719	0.914	0.805
2022-10-29 19:20:04.249 | WARNING  | __main__:<module>:24 - 0.807	0.759	0.9	0.824
2022-10-29 19:20:04.343 | WARNING  | __main__:<module>:24 - 0.8	0.739	0.929	0.823
2022-10-29 19:20:04.436 | WARNING  | __main__:<module>:24 - 0.779	0.724	0.9	0.803
2022-10-29 19:20:04.526 | WARNING  | __main__:<module>:24 - 0.814	0.782	0.871	0.824
2022-10-29 19:20:04.620 | WARNING  | __main__:<module>:24 - 0.779	0.729	0.886	0.8
2022-10-29 19:20:04.715 | WARNING  | __main__:<module>:24 - 0.764	0.713	0.886	0.79
2022-10-29 19:20:04.716 | WARNING  | __main__:<module>:26 - accuracy		mean:0.785	std:0.024
2022-10-29 19:20:04.717 | WARNING  | __main__:<module>:27 - precision		mean:0.732	std:0.027
2022-10-29 19:20:04.717 | WARNING  | __main__:<module>:28 - recall		mean:0.901	std:0.026
2022-10-29 19:20:04.718 | WARNING  | __main__:<module>:29 - f1		mean:0.808	std:0.019
2022-10-29 19:21:28.145 | INFO     | __main__:<module>:80 - 使用嵌入法 RandomForestClassifier 进行特征选择,剩余(1278, 16)个特征
2022-10-29 19:21:28.146 | INFO     | __main__:<module>:90 - 剩余的特征是：['年龄', '血红蛋白', '白蛋白', '总胆红素', '尿素', '肌酐', '尿酸', '总胆固醇', '糖化血红蛋白', '活化部分凝血活酶时间（APTT）', '尿蛋白定量', '24h尿蛋白定量', '病程', 'C2/C0', 'NLR', '胰岛素抵抗指数']
2022-10-29 19:21:28.162 | INFO     | __main__:<module>:111 - 使用 SMOTETomek 混合采样
2022-10-29 19:21:28.164 | INFO     | __main__:<module>:115 - 数据平衡前：非DPN组有530条,DPN组有748条
2022-10-29 19:21:28.219 | INFO     | __main__:<module>:117 - 数据平衡后：非DPN组有700条,DPN组有700条
2022-10-29 19:21:28.771 | WARNING  | __main__:<module>:27 - {'estimator__bootstrap': True, 'estimator__ccp_alpha': 0.0, 'estimator__class_weight': None, 'estimator__criterion': 'gini', 'estimator__max_depth': 9, 'estimator__max_features': 'auto', 'estimator__max_leaf_nodes': None, 'estimator__max_samples': None, 'estimator__min_impurity_decrease': 0.0, 'estimator__min_impurity_split': None, 'estimator__min_samples_leaf': 1, 'estimator__min_samples_split': 2, 'estimator__min_weight_fraction_leaf': 0.0, 'estimator__n_estimators': 200, 'estimator__n_jobs': None, 'estimator__oob_score': False, 'estimator__random_state': 43, 'estimator__verbose': 0, 'estimator__warm_start': False, 'estimator': RandomForestClassifier(max_depth=9, n_estimators=200, random_state=43), 'importance_getter': 'auto', 'max_features': None, 'norm_order': 1, 'prefit': True, 'threshold': None}
2022-10-29 19:21:29.428 | WARNING  | __main__:<module>:41 - 0.7	0.733	0.629	0.677
2022-10-29 19:21:29.736 | WARNING  | __main__:<module>:41 - 0.793	0.847	0.714	0.775
2022-10-29 19:21:30.055 | WARNING  | __main__:<module>:41 - 0.75	0.778	0.7	0.737
2022-10-29 19:21:30.340 | WARNING  | __main__:<module>:41 - 0.8	0.809	0.786	0.797
2022-10-29 19:21:30.624 | WARNING  | __main__:<module>:41 - 0.714	0.727	0.686	0.706
2022-10-29 19:21:30.914 | WARNING  | __main__:<module>:41 - 0.786	0.794	0.771	0.783
2022-10-29 19:21:31.210 | WARNING  | __main__:<module>:41 - 0.757	0.765	0.743	0.754
2022-10-29 19:21:31.489 | WARNING  | __main__:<module>:41 - 0.771	0.797	0.729	0.761
2022-10-29 19:21:31.767 | WARNING  | __main__:<module>:41 - 0.757	0.773	0.729	0.75
2022-10-29 19:21:32.098 | WARNING  | __main__:<module>:41 - 0.821	0.792	0.871	0.83
2022-10-29 19:21:32.099 | WARNING  | __main__:<module>:43 - accuracy		mean:0.765	std:0.036
2022-10-29 19:21:32.100 | WARNING  | __main__:<module>:44 - precision		mean:0.782	std:0.034
2022-10-29 19:21:32.101 | WARNING  | __main__:<module>:45 - recall		mean:0.736	std:0.062
2022-10-29 19:21:32.102 | WARNING  | __main__:<module>:46 - f1		mean:0.757	std:0.042
2022-10-29 19:21:41.514 | INFO     | __main__:<module>:21 - 调参结束，最佳结果为:0.6976190476190476
2022-10-29 19:21:41.515 | INFO     | __main__:<module>:22 - 调参结束，最佳参数为:{'C': 0.0006733326863865273, 'gamma': 0.11171208205662364}
2022-10-29 19:21:41.576 | WARNING  | __main__:<module>:11 - {'C': 0.0006733326863865273, 'break_ties': False, 'cache_size': 200, 'class_weight': None, 'coef0': 0.0, 'decision_function_shape': 'ovr', 'degree': 3, 'gamma': 0.11171208205662364, 'kernel': 'rbf', 'max_iter': -1, 'probability': False, 'random_state': None, 'shrinking': True, 'tol': 0.001, 'verbose': False}
2022-10-29 19:21:41.665 | WARNING  | __main__:<module>:24 - 0.643	0.632	0.686	0.658
2022-10-29 19:21:41.753 | WARNING  | __main__:<module>:24 - 0.686	0.662	0.757	0.707
2022-10-29 19:21:41.837 | WARNING  | __main__:<module>:24 - 0.664	0.658	0.686	0.671
2022-10-29 19:21:41.922 | WARNING  | __main__:<module>:24 - 0.7	0.679	0.757	0.716
2022-10-29 19:21:42.003 | WARNING  | __main__:<module>:24 - 0.7	0.684	0.743	0.712
2022-10-29 19:21:42.096 | WARNING  | __main__:<module>:24 - 0.729	0.722	0.743	0.732
2022-10-29 19:21:42.183 | WARNING  | __main__:<module>:24 - 0.664	0.639	0.757	0.693
2022-10-29 19:21:42.276 | WARNING  | __main__:<module>:24 - 0.707	0.699	0.729	0.713
2022-10-29 19:21:42.373 | WARNING  | __main__:<module>:24 - 0.757	0.737	0.8	0.767
2022-10-29 19:21:42.467 | WARNING  | __main__:<module>:24 - 0.657	0.638	0.729	0.68
2022-10-29 19:21:42.469 | WARNING  | __main__:<module>:26 - accuracy		mean:0.691	std:0.033
2022-10-29 19:21:42.470 | WARNING  | __main__:<module>:27 - precision		mean:0.675	std:0.034
2022-10-29 19:21:42.471 | WARNING  | __main__:<module>:28 - recall		mean:0.739	std:0.033
2022-10-29 19:21:42.472 | WARNING  | __main__:<module>:29 - f1		mean:0.705	std:0.03
2022-10-29 19:22:21.201 | INFO     | __main__:<module>:80 - 使用嵌入法 RandomForestClassifier 进行特征选择,剩余(1278, 16)个特征
2022-10-29 19:22:21.202 | INFO     | __main__:<module>:90 - 剩余的特征是：['年龄', '血红蛋白', '白蛋白', '总胆红素', '尿素', '肌酐', '尿酸', '总胆固醇', '糖化血红蛋白', '活化部分凝血活酶时间（APTT）', '尿蛋白定量', '24h尿蛋白定量', '病程', 'C2/C0', 'NLR', '胰岛素抵抗指数']
2022-10-29 19:22:21.217 | INFO     | __main__:<module>:111 - 使用 SMOTETomek 混合采样
2022-10-29 19:22:21.218 | INFO     | __main__:<module>:115 - 数据平衡前：非DPN组有530条,DPN组有748条
2022-10-29 19:22:21.260 | INFO     | __main__:<module>:117 - 数据平衡后：非DPN组有700条,DPN组有700条
2022-10-29 19:32:22.810 | INFO     | __main__:<module>:28 - 调参结束，最佳结果为:0.7738095238095238
2022-10-29 19:32:22.810 | INFO     | __main__:<module>:29 - 调参结束，最佳参数为:{'n_estimators': 400, 'max_depth': 18, 'grow_policy': 'depthwise', 'learning_rate': 0.020882931640563655, 'gamma': 0.0012162295564626766, 'reg_lambda': 4.2931012480985455e-07, 'reg_alpha': 1.1914725859671542e-08, 'subsample': 0.36142971514155386, 'colsample_bytree': 0.45701407960230844}
2022-10-29 19:32:22.912 | WARNING  | __main__:<module>:27 - {'estimator__bootstrap': True, 'estimator__ccp_alpha': 0.0, 'estimator__class_weight': None, 'estimator__criterion': 'gini', 'estimator__max_depth': 9, 'estimator__max_features': 'auto', 'estimator__max_leaf_nodes': None, 'estimator__max_samples': None, 'estimator__min_impurity_decrease': 0.0, 'estimator__min_impurity_split': None, 'estimator__min_samples_leaf': 1, 'estimator__min_samples_split': 2, 'estimator__min_weight_fraction_leaf': 0.0, 'estimator__n_estimators': 200, 'estimator__n_jobs': None, 'estimator__oob_score': False, 'estimator__random_state': 43, 'estimator__verbose': 0, 'estimator__warm_start': False, 'estimator': RandomForestClassifier(max_depth=9, n_estimators=200, random_state=43), 'importance_getter': 'auto', 'max_features': None, 'norm_order': 1, 'prefit': True, 'threshold': None}
2022-10-29 19:32:23.833 | WARNING  | __main__:<module>:41 - 0.7	0.726	0.643	0.682
2022-10-29 19:32:24.277 | WARNING  | __main__:<module>:41 - 0.779	0.82	0.714	0.763
2022-10-29 19:32:24.719 | WARNING  | __main__:<module>:41 - 0.75	0.746	0.757	0.752
2022-10-29 19:32:25.182 | WARNING  | __main__:<module>:41 - 0.743	0.75	0.729	0.739
2022-10-29 19:32:25.636 | WARNING  | __main__:<module>:41 - 0.743	0.758	0.714	0.735
2022-10-29 19:32:26.089 | WARNING  | __main__:<module>:41 - 0.793	0.806	0.771	0.788
2022-10-29 19:32:26.540 | WARNING  | __main__:<module>:41 - 0.736	0.762	0.686	0.722
2022-10-29 19:32:26.993 | WARNING  | __main__:<module>:41 - 0.757	0.8	0.686	0.738
2022-10-29 19:32:27.438 | WARNING  | __main__:<module>:41 - 0.779	0.791	0.757	0.774
2022-10-29 19:32:27.891 | WARNING  | __main__:<module>:41 - 0.814	0.833	0.786	0.809
2022-10-29 19:32:27.899 | WARNING  | __main__:<module>:43 - accuracy		mean:0.759	std:0.031
2022-10-29 19:32:27.899 | WARNING  | __main__:<module>:44 - precision		mean:0.779	std:0.034
2022-10-29 19:32:27.902 | WARNING  | __main__:<module>:45 - recall		mean:0.724	std:0.042
2022-10-29 19:32:27.903 | WARNING  | __main__:<module>:46 - f1		mean:0.75	std:0.034
2022-10-29 19:32:54.544 | INFO     | __main__:<module>:22 - 调参结束，最佳结果为:0.7547619047619047
2022-10-29 19:32:54.544 | INFO     | __main__:<module>:23 - 调参结束，最佳参数为:{'C': 0.9887128801927225, 'gamma': 0.3829319037510971}
2022-10-29 19:32:54.921 | WARNING  | __main__:<module>:11 - {'C': 0.9887128801927225, 'break_ties': False, 'cache_size': 200, 'class_weight': None, 'coef0': 0.0, 'decision_function_shape': 'ovr', 'degree': 3, 'gamma': 0.3829319037510971, 'kernel': 'rbf', 'max_iter': -1, 'probability': False, 'random_state': None, 'shrinking': True, 'tol': 0.001, 'verbose': False}
2022-10-29 19:32:54.993 | WARNING  | __main__:<module>:24 - 0.729	0.722	0.743	0.732
2022-10-29 19:32:55.079 | WARNING  | __main__:<module>:24 - 0.764	0.723	0.857	0.784
2022-10-29 19:32:55.161 | WARNING  | __main__:<module>:24 - 0.829	0.829	0.829	0.829
2022-10-29 19:32:55.246 | WARNING  | __main__:<module>:24 - 0.771	0.738	0.843	0.787
2022-10-29 19:32:55.330 | WARNING  | __main__:<module>:24 - 0.779	0.783	0.771	0.777
2022-10-29 19:32:55.411 | WARNING  | __main__:<module>:24 - 0.764	0.753	0.786	0.769
2022-10-29 19:32:55.494 | WARNING  | __main__:<module>:24 - 0.75	0.733	0.786	0.759
2022-10-29 19:32:55.579 | WARNING  | __main__:<module>:24 - 0.8	0.828	0.757	0.791
2022-10-29 19:32:55.662 | WARNING  | __main__:<module>:24 - 0.779	0.76	0.814	0.786
2022-10-29 19:32:55.747 | WARNING  | __main__:<module>:24 - 0.764	0.734	0.829	0.779
2022-10-29 19:32:55.747 | WARNING  | __main__:<module>:26 - accuracy		mean:0.773	std:0.026
2022-10-29 19:32:55.747 | WARNING  | __main__:<module>:27 - precision		mean:0.76	std:0.038
2022-10-29 19:32:55.752 | WARNING  | __main__:<module>:28 - recall		mean:0.801	std:0.036
2022-10-29 19:32:55.753 | WARNING  | __main__:<module>:29 - f1		mean:0.779	std:0.023
2022-10-29 19:47:29.645 | WARNING  | __main__:<module>:27 - {'estimator__bootstrap': True, 'estimator__ccp_alpha': 0.0, 'estimator__class_weight': None, 'estimator__criterion': 'gini', 'estimator__max_depth': 9, 'estimator__max_features': 'auto', 'estimator__max_leaf_nodes': None, 'estimator__max_samples': None, 'estimator__min_impurity_decrease': 0.0, 'estimator__min_impurity_split': None, 'estimator__min_samples_leaf': 1, 'estimator__min_samples_split': 2, 'estimator__min_weight_fraction_leaf': 0.0, 'estimator__n_estimators': 200, 'estimator__n_jobs': None, 'estimator__oob_score': False, 'estimator__random_state': 43, 'estimator__verbose': 0, 'estimator__warm_start': False, 'estimator': RandomForestClassifier(max_depth=9, n_estimators=200, random_state=43), 'importance_getter': 'auto', 'max_features': None, 'norm_order': 1, 'prefit': True, 'threshold': None}
2022-10-29 19:47:30.271 | WARNING  | __main__:<module>:41 - 0.7	0.733	0.629	0.677
2022-10-29 19:47:30.577 | WARNING  | __main__:<module>:41 - 0.793	0.847	0.714	0.775
2022-10-29 19:47:30.871 | WARNING  | __main__:<module>:41 - 0.75	0.778	0.7	0.737
2022-10-29 19:47:31.205 | WARNING  | __main__:<module>:41 - 0.8	0.809	0.786	0.797
2022-10-29 19:47:31.500 | WARNING  | __main__:<module>:41 - 0.714	0.727	0.686	0.706
2022-10-29 19:47:31.790 | WARNING  | __main__:<module>:41 - 0.786	0.794	0.771	0.783
2022-10-29 19:47:32.070 | WARNING  | __main__:<module>:41 - 0.757	0.765	0.743	0.754
2022-10-29 19:47:32.357 | WARNING  | __main__:<module>:41 - 0.771	0.797	0.729	0.761
2022-10-29 19:47:32.641 | WARNING  | __main__:<module>:41 - 0.757	0.773	0.729	0.75
2022-10-29 19:47:32.926 | WARNING  | __main__:<module>:41 - 0.821	0.792	0.871	0.83
2022-10-29 19:47:32.927 | WARNING  | __main__:<module>:43 - accuracy		mean:0.765	std:0.036
2022-10-29 19:47:32.928 | WARNING  | __main__:<module>:44 - precision		mean:0.782	std:0.034
2022-10-29 19:47:32.930 | WARNING  | __main__:<module>:45 - recall		mean:0.736	std:0.062
2022-10-29 19:47:32.931 | WARNING  | __main__:<module>:46 - f1		mean:0.757	std:0.042
2022-10-29 19:49:12.669 | INFO     | __main__:<module>:22 - 调参结束，最佳结果为:0.6976190476190476
2022-10-29 19:49:12.670 | INFO     | __main__:<module>:23 - 调参结束，最佳参数为:{'C': 6.732416148478471e-08, 'gamma': 0.10883517969914447}
2022-10-29 19:49:16.764 | WARNING  | __main__:<module>:11 - {'C': 6.732416148478471e-08, 'break_ties': False, 'cache_size': 200, 'class_weight': None, 'coef0': 0.0, 'decision_function_shape': 'ovr', 'degree': 3, 'gamma': 0.10883517969914447, 'kernel': 'rbf', 'max_iter': -1, 'probability': False, 'random_state': None, 'shrinking': True, 'tol': 0.001, 'verbose': False}
2022-10-29 19:49:16.870 | WARNING  | __main__:<module>:24 - 0.643	0.632	0.686	0.658
2022-10-29 19:49:16.958 | WARNING  | __main__:<module>:24 - 0.686	0.662	0.757	0.707
2022-10-29 19:49:17.045 | WARNING  | __main__:<module>:24 - 0.664	0.658	0.686	0.671
2022-10-29 19:49:17.135 | WARNING  | __main__:<module>:24 - 0.707	0.688	0.757	0.721
2022-10-29 19:49:17.223 | WARNING  | __main__:<module>:24 - 0.7	0.684	0.743	0.712
2022-10-29 19:49:17.308 | WARNING  | __main__:<module>:24 - 0.721	0.718	0.729	0.723
2022-10-29 19:49:17.398 | WARNING  | __main__:<module>:24 - 0.671	0.646	0.757	0.697
2022-10-29 19:49:17.484 | WARNING  | __main__:<module>:24 - 0.707	0.699	0.729	0.713
2022-10-29 19:49:17.573 | WARNING  | __main__:<module>:24 - 0.75	0.733	0.786	0.759
2022-10-29 19:49:17.663 | WARNING  | __main__:<module>:24 - 0.657	0.641	0.714	0.676
2022-10-29 19:49:17.664 | WARNING  | __main__:<module>:26 - accuracy		mean:0.691	std:0.031
2022-10-29 19:49:17.665 | WARNING  | __main__:<module>:27 - precision		mean:0.676	std:0.032
2022-10-29 19:49:17.666 | WARNING  | __main__:<module>:28 - recall		mean:0.734	std:0.031
2022-10-29 19:49:17.667 | WARNING  | __main__:<module>:29 - f1		mean:0.704	std:0.028
2022-10-29 19:49:47.088 | INFO     | __main__:<module>:22 - 调参结束，最佳结果为:0.6976190476190476
2022-10-29 19:49:47.089 | INFO     | __main__:<module>:23 - 调参结束，最佳参数为:{'C': 3.2398493776335145e-05, 'gamma': 0.10889812855664438}
2022-10-29 19:50:05.118 | INFO     | __main__:<module>:80 - 使用嵌入法 RandomForestClassifier 进行特征选择,剩余(1278, 16)个特征
2022-10-29 19:50:05.120 | INFO     | __main__:<module>:90 - 剩余的特征是：['年龄', '血红蛋白', '白蛋白', '总胆红素', '尿素', '肌酐', '尿酸', '总胆固醇', '糖化血红蛋白', '活化部分凝血活酶时间（APTT）', '尿蛋白定量', '24h尿蛋白定量', '病程', 'C2/C0', 'NLR', '胰岛素抵抗指数']
2022-10-29 19:50:05.135 | INFO     | __main__:<module>:111 - 使用 SMOTETomek 混合采样
2022-10-29 19:50:05.137 | INFO     | __main__:<module>:115 - 数据平衡前：非DPN组有530条,DPN组有748条
2022-10-29 19:50:05.173 | INFO     | __main__:<module>:117 - 数据平衡后：非DPN组有700条,DPN组有700条
2022-10-29 19:50:05.644 | WARNING  | __main__:<module>:27 - {'estimator__bootstrap': True, 'estimator__ccp_alpha': 0.0, 'estimator__class_weight': None, 'estimator__criterion': 'gini', 'estimator__max_depth': 9, 'estimator__max_features': 'auto', 'estimator__max_leaf_nodes': None, 'estimator__max_samples': None, 'estimator__min_impurity_decrease': 0.0, 'estimator__min_impurity_split': None, 'estimator__min_samples_leaf': 1, 'estimator__min_samples_split': 2, 'estimator__min_weight_fraction_leaf': 0.0, 'estimator__n_estimators': 200, 'estimator__n_jobs': None, 'estimator__oob_score': False, 'estimator__random_state': 43, 'estimator__verbose': 0, 'estimator__warm_start': False, 'estimator': RandomForestClassifier(max_depth=9, n_estimators=200, random_state=43), 'importance_getter': 'auto', 'max_features': None, 'norm_order': 1, 'prefit': True, 'threshold': None}
2022-10-29 19:50:06.310 | WARNING  | __main__:<module>:41 - 0.7	0.733	0.629	0.677
2022-10-29 19:50:06.636 | WARNING  | __main__:<module>:41 - 0.793	0.847	0.714	0.775
2022-10-29 19:50:06.952 | WARNING  | __main__:<module>:41 - 0.75	0.778	0.7	0.737
2022-10-29 19:50:07.271 | WARNING  | __main__:<module>:41 - 0.8	0.809	0.786	0.797
2022-10-29 19:50:07.586 | WARNING  | __main__:<module>:41 - 0.714	0.727	0.686	0.706
2022-10-29 19:50:07.884 | WARNING  | __main__:<module>:41 - 0.786	0.794	0.771	0.783
2022-10-29 19:50:08.183 | WARNING  | __main__:<module>:41 - 0.757	0.765	0.743	0.754
2022-10-29 19:50:08.461 | WARNING  | __main__:<module>:41 - 0.771	0.797	0.729	0.761
2022-10-29 19:50:08.742 | WARNING  | __main__:<module>:41 - 0.757	0.773	0.729	0.75
2022-10-29 19:50:09.016 | WARNING  | __main__:<module>:41 - 0.821	0.792	0.871	0.83
2022-10-29 19:50:09.018 | WARNING  | __main__:<module>:43 - accuracy		mean:0.765	std:0.036
2022-10-29 19:50:09.020 | WARNING  | __main__:<module>:44 - precision		mean:0.782	std:0.034
2022-10-29 19:50:09.021 | WARNING  | __main__:<module>:45 - recall		mean:0.736	std:0.062
2022-10-29 19:50:09.022 | WARNING  | __main__:<module>:46 - f1		mean:0.757	std:0.042
2022-10-29 19:50:36.491 | INFO     | __main__:<module>:22 - 调参结束，最佳结果为:0.7642857142857142
2022-10-29 19:50:36.493 | INFO     | __main__:<module>:23 - 调参结束，最佳参数为:{'C': 0.9928623313224872, 'gamma': 0.7210440716981674}
2022-10-29 19:50:36.538 | WARNING  | __main__:<module>:11 - {'C': 0.9928623313224872, 'break_ties': False, 'cache_size': 200, 'class_weight': None, 'coef0': 0.0, 'decision_function_shape': 'ovr', 'degree': 3, 'gamma': 0.7210440716981674, 'kernel': 'rbf', 'max_iter': -1, 'probability': False, 'random_state': None, 'shrinking': True, 'tol': 0.001, 'verbose': False}
2022-10-29 19:50:36.641 | WARNING  | __main__:<module>:24 - 0.743	0.702	0.843	0.766
2022-10-29 19:50:36.729 | WARNING  | __main__:<module>:24 - 0.764	0.695	0.943	0.8
2022-10-29 19:50:36.806 | WARNING  | __main__:<module>:24 - 0.821	0.771	0.914	0.837
2022-10-29 19:50:36.902 | WARNING  | __main__:<module>:24 - 0.779	0.719	0.914	0.805
2022-10-29 19:50:36.987 | WARNING  | __main__:<module>:24 - 0.807	0.772	0.871	0.819
2022-10-29 19:50:37.072 | WARNING  | __main__:<module>:24 - 0.786	0.733	0.9	0.808
2022-10-29 19:50:37.165 | WARNING  | __main__:<module>:24 - 0.793	0.741	0.9	0.813
2022-10-29 19:50:37.252 | WARNING  | __main__:<module>:24 - 0.821	0.8	0.857	0.828
2022-10-29 19:50:37.342 | WARNING  | __main__:<module>:24 - 0.786	0.738	0.886	0.805
2022-10-29 19:50:37.430 | WARNING  | __main__:<module>:24 - 0.771	0.721	0.886	0.795
2022-10-29 19:50:37.431 | WARNING  | __main__:<module>:26 - accuracy		mean:0.787	std:0.024
2022-10-29 19:50:37.432 | WARNING  | __main__:<module>:27 - precision		mean:0.739	std:0.031
2022-10-29 19:50:37.433 | WARNING  | __main__:<module>:28 - recall		mean:0.891	std:0.028
2022-10-29 19:50:37.434 | WARNING  | __main__:<module>:29 - f1		mean:0.807	std:0.018
2022-10-29 19:51:29.048 | INFO     | __main__:<module>:22 - 调参结束，最佳结果为:0.7595238095238095
2022-10-29 19:51:29.048 | INFO     | __main__:<module>:23 - 调参结束，最佳参数为:{'C': 0.9660360580532512, 'gamma': 0.6969746396740395}
2022-10-29 19:51:42.462 | WARNING  | __main__:<module>:11 - {'C': 0.9660360580532512, 'break_ties': False, 'cache_size': 200, 'class_weight': None, 'coef0': 0.0, 'decision_function_shape': 'ovr', 'degree': 3, 'gamma': 0.6969746396740395, 'kernel': 'rbf', 'max_iter': -1, 'probability': False, 'random_state': None, 'shrinking': True, 'tol': 0.001, 'verbose': False}
2022-10-29 19:51:42.567 | WARNING  | __main__:<module>:24 - 0.736	0.694	0.843	0.761
2022-10-29 19:51:42.659 | WARNING  | __main__:<module>:24 - 0.764	0.695	0.943	0.8
2022-10-29 19:51:42.749 | WARNING  | __main__:<module>:24 - 0.829	0.78	0.914	0.842
2022-10-29 19:51:42.843 | WARNING  | __main__:<module>:24 - 0.771	0.711	0.914	0.8
2022-10-29 19:51:42.930 | WARNING  | __main__:<module>:24 - 0.807	0.772	0.871	0.819
2022-10-29 19:51:43.019 | WARNING  | __main__:<module>:24 - 0.793	0.741	0.9	0.813
2022-10-29 19:51:43.108 | WARNING  | __main__:<module>:24 - 0.793	0.741	0.9	0.813
2022-10-29 19:51:43.198 | WARNING  | __main__:<module>:24 - 0.821	0.8	0.857	0.828
2022-10-29 19:51:43.290 | WARNING  | __main__:<module>:24 - 0.779	0.735	0.871	0.797
2022-10-29 19:51:43.381 | WARNING  | __main__:<module>:24 - 0.771	0.721	0.886	0.795
2022-10-29 19:51:43.382 | WARNING  | __main__:<module>:26 - accuracy		mean:0.786	std:0.027
2022-10-29 19:51:43.383 | WARNING  | __main__:<module>:27 - precision		mean:0.739	std:0.034
2022-10-29 19:51:43.385 | WARNING  | __main__:<module>:28 - recall		mean:0.89	std:0.029
2022-10-29 19:51:43.386 | WARNING  | __main__:<module>:29 - f1		mean:0.807	std:0.021
2022-10-29 19:52:10.973 | INFO     | __main__:<module>:22 - 调参结束，最佳结果为:0.7595238095238095
2022-10-29 19:52:10.976 | INFO     | __main__:<module>:23 - 调参结束，最佳参数为:{'C': 0.9072829269491474, 'gamma': 0.6922911474672626}
2022-10-29 19:52:14.474 | WARNING  | __main__:<module>:11 - {'C': 0.9072829269491474, 'break_ties': False, 'cache_size': 200, 'class_weight': None, 'coef0': 0.0, 'decision_function_shape': 'ovr', 'degree': 3, 'gamma': 0.6922911474672626, 'kernel': 'rbf', 'max_iter': -1, 'probability': False, 'random_state': None, 'shrinking': True, 'tol': 0.001, 'verbose': False}
2022-10-29 19:52:14.590 | WARNING  | __main__:<module>:24 - 0.729	0.686	0.843	0.756
2022-10-29 19:52:14.680 | WARNING  | __main__:<module>:24 - 0.764	0.691	0.957	0.802
2022-10-29 19:52:14.773 | WARNING  | __main__:<module>:24 - 0.821	0.771	0.914	0.837
2022-10-29 19:52:14.862 | WARNING  | __main__:<module>:24 - 0.764	0.703	0.914	0.795
2022-10-29 19:52:14.955 | WARNING  | __main__:<module>:24 - 0.807	0.772	0.871	0.819
2022-10-29 19:52:15.044 | WARNING  | __main__:<module>:24 - 0.786	0.733	0.9	0.808
2022-10-29 19:52:15.138 | WARNING  | __main__:<module>:24 - 0.786	0.733	0.9	0.808
2022-10-29 19:52:15.230 | WARNING  | __main__:<module>:24 - 0.807	0.779	0.857	0.816
2022-10-29 19:52:15.322 | WARNING  | __main__:<module>:24 - 0.779	0.735	0.871	0.797
2022-10-29 19:52:15.411 | WARNING  | __main__:<module>:24 - 0.771	0.721	0.886	0.795
2022-10-29 19:52:15.412 | WARNING  | __main__:<module>:26 - accuracy		mean:0.781	std:0.025
2022-10-29 19:52:15.412 | WARNING  | __main__:<module>:27 - precision		mean:0.732	std:0.032
2022-10-29 19:52:15.415 | WARNING  | __main__:<module>:28 - recall		mean:0.891	std:0.031
2022-10-29 19:52:15.416 | WARNING  | __main__:<module>:29 - f1		mean:0.803	std:0.02
2022-10-29 19:53:03.427 | INFO     | __main__:<module>:22 - 调参结束，最佳结果为:0.7476190476190476
2022-10-29 19:53:03.428 | INFO     | __main__:<module>:23 - 调参结束，最佳参数为:{'C': 0.8434810848597154, 'gamma': 0.2756640160084885}
2022-10-29 19:53:19.754 | WARNING  | __main__:<module>:11 - {'C': 0.8434810848597154, 'break_ties': False, 'cache_size': 200, 'class_weight': None, 'coef0': 0.0, 'decision_function_shape': 'ovr', 'degree': 3, 'gamma': 0.2756640160084885, 'kernel': 'rbf', 'max_iter': -1, 'probability': False, 'random_state': None, 'shrinking': True, 'tol': 0.001, 'verbose': False}
2022-10-29 19:53:19.845 | WARNING  | __main__:<module>:24 - 0.721	0.731	0.7	0.715
2022-10-29 19:53:19.927 | WARNING  | __main__:<module>:24 - 0.75	0.722	0.814	0.765
2022-10-29 19:53:20.009 | WARNING  | __main__:<module>:24 - 0.807	0.812	0.8	0.806
2022-10-29 19:53:20.094 | WARNING  | __main__:<module>:24 - 0.771	0.744	0.829	0.784
2022-10-29 19:53:20.173 | WARNING  | __main__:<module>:24 - 0.757	0.773	0.729	0.75
2022-10-29 19:53:20.252 | WARNING  | __main__:<module>:24 - 0.764	0.785	0.729	0.756
2022-10-29 19:53:20.331 | WARNING  | __main__:<module>:24 - 0.743	0.73	0.771	0.75
2022-10-29 19:53:20.414 | WARNING  | __main__:<module>:24 - 0.779	0.81	0.729	0.767
2022-10-29 19:53:20.495 | WARNING  | __main__:<module>:24 - 0.793	0.797	0.786	0.791
2022-10-29 19:53:20.572 | WARNING  | __main__:<module>:24 - 0.707	0.699	0.729	0.713
2022-10-29 19:53:20.573 | WARNING  | __main__:<module>:26 - accuracy		mean:0.759	std:0.029
2022-10-29 19:53:20.574 | WARNING  | __main__:<module>:27 - precision		mean:0.76	std:0.038
2022-10-29 19:53:20.574 | WARNING  | __main__:<module>:28 - recall		mean:0.761	std:0.042
2022-10-29 19:53:20.576 | WARNING  | __main__:<module>:29 - f1		mean:0.76	std:0.028
2022-10-29 19:54:02.600 | INFO     | __main__:<module>:22 - 调参结束，最佳结果为:0.6976190476190476
2022-10-29 19:54:02.601 | INFO     | __main__:<module>:23 - 调参结束，最佳参数为:{'C': 1.90834074674174e-05, 'gamma': 0.10881187187582876}
2022-10-29 19:54:15.789 | WARNING  | __main__:<module>:11 - {'C': 1.90834074674174e-05, 'break_ties': False, 'cache_size': 200, 'class_weight': None, 'coef0': 0.0, 'decision_function_shape': 'ovr', 'degree': 3, 'gamma': 0.10881187187582876, 'kernel': 'rbf', 'max_iter': -1, 'probability': False, 'random_state': None, 'shrinking': True, 'tol': 0.001, 'verbose': False}
2022-10-29 19:54:15.889 | WARNING  | __main__:<module>:24 - 0.643	0.632	0.686	0.658
2022-10-29 19:54:15.974 | WARNING  | __main__:<module>:24 - 0.686	0.662	0.757	0.707
2022-10-29 19:54:16.055 | WARNING  | __main__:<module>:24 - 0.664	0.658	0.686	0.671
2022-10-29 19:54:16.142 | WARNING  | __main__:<module>:24 - 0.707	0.688	0.757	0.721
2022-10-29 19:54:16.226 | WARNING  | __main__:<module>:24 - 0.7	0.684	0.743	0.712
2022-10-29 19:54:16.308 | WARNING  | __main__:<module>:24 - 0.721	0.718	0.729	0.723
2022-10-29 19:54:16.393 | WARNING  | __main__:<module>:24 - 0.671	0.646	0.757	0.697
2022-10-29 19:54:16.477 | WARNING  | __main__:<module>:24 - 0.707	0.699	0.729	0.713
2022-10-29 19:54:16.560 | WARNING  | __main__:<module>:24 - 0.75	0.733	0.786	0.759
2022-10-29 19:54:16.642 | WARNING  | __main__:<module>:24 - 0.657	0.641	0.714	0.676
2022-10-29 19:54:16.643 | WARNING  | __main__:<module>:26 - accuracy		mean:0.691	std:0.031
2022-10-29 19:54:16.644 | WARNING  | __main__:<module>:27 - precision		mean:0.676	std:0.032
2022-10-29 19:54:16.644 | WARNING  | __main__:<module>:28 - recall		mean:0.734	std:0.031
2022-10-29 19:54:16.646 | WARNING  | __main__:<module>:29 - f1		mean:0.704	std:0.028
2022-10-29 19:54:55.670 | INFO     | __main__:<module>:22 - 调参结束，最佳结果为:0.7642857142857142
2022-10-29 19:54:55.671 | INFO     | __main__:<module>:23 - 调参结束，最佳参数为:{'C': 0.9852215106690172, 'gamma': 0.7256171567097206}
2022-10-29 19:55:00.008 | WARNING  | __main__:<module>:11 - {'C': 0.9852215106690172, 'break_ties': False, 'cache_size': 200, 'class_weight': None, 'coef0': 0.0, 'decision_function_shape': 'ovr', 'degree': 3, 'gamma': 0.7256171567097206, 'kernel': 'rbf', 'max_iter': -1, 'probability': False, 'random_state': None, 'shrinking': True, 'tol': 0.001, 'verbose': False}
2022-10-29 19:55:00.111 | WARNING  | __main__:<module>:24 - 0.743	0.702	0.843	0.766
2022-10-29 19:55:00.203 | WARNING  | __main__:<module>:24 - 0.757	0.688	0.943	0.795
2022-10-29 19:55:00.301 | WARNING  | __main__:<module>:24 - 0.821	0.771	0.914	0.837
2022-10-29 19:55:00.394 | WARNING  | __main__:<module>:24 - 0.779	0.719	0.914	0.805
2022-10-29 19:55:00.487 | WARNING  | __main__:<module>:24 - 0.807	0.772	0.871	0.819
2022-10-29 19:55:00.577 | WARNING  | __main__:<module>:24 - 0.786	0.733	0.9	0.808
2022-10-29 19:55:00.667 | WARNING  | __main__:<module>:24 - 0.786	0.733	0.9	0.808
2022-10-29 19:55:00.758 | WARNING  | __main__:<module>:24 - 0.814	0.789	0.857	0.822
2022-10-29 19:55:00.847 | WARNING  | __main__:<module>:24 - 0.786	0.738	0.886	0.805
2022-10-29 19:55:00.936 | WARNING  | __main__:<module>:24 - 0.771	0.721	0.886	0.795
2022-10-29 19:55:00.937 | WARNING  | __main__:<module>:26 - accuracy		mean:0.785	std:0.023
2022-10-29 19:55:00.938 | WARNING  | __main__:<module>:27 - precision		mean:0.737	std:0.031
2022-10-29 19:55:00.939 | WARNING  | __main__:<module>:28 - recall		mean:0.891	std:0.028
2022-10-29 19:55:00.940 | WARNING  | __main__:<module>:29 - f1		mean:0.806	std:0.018
2022-10-29 19:55:39.782 | INFO     | __main__:<module>:22 - 调参结束，最佳结果为:0.7095238095238096
2022-10-29 19:55:39.783 | INFO     | __main__:<module>:23 - 调参结束，最佳参数为:{'C': 0.6836322667799085, 'gamma': 0.09959384912005347}
2022-10-29 19:55:46.322 | WARNING  | __main__:<module>:11 - {'C': 0.6836322667799085, 'break_ties': False, 'cache_size': 200, 'class_weight': None, 'coef0': 0.0, 'decision_function_shape': 'ovr', 'degree': 3, 'gamma': 0.09959384912005347, 'kernel': 'rbf', 'max_iter': -1, 'probability': False, 'random_state': None, 'shrinking': True, 'tol': 0.001, 'verbose': False}
2022-10-29 19:55:46.408 | WARNING  | __main__:<module>:24 - 0.686	0.717	0.614	0.662
2022-10-29 19:55:46.482 | WARNING  | __main__:<module>:24 - 0.736	0.739	0.729	0.734
2022-10-29 19:55:46.555 | WARNING  | __main__:<module>:24 - 0.75	0.787	0.686	0.733
2022-10-29 19:55:46.626 | WARNING  | __main__:<module>:24 - 0.743	0.743	0.743	0.743
2022-10-29 19:55:46.701 | WARNING  | __main__:<module>:24 - 0.707	0.754	0.614	0.677
2022-10-29 19:55:46.773 | WARNING  | __main__:<module>:24 - 0.729	0.786	0.629	0.698
2022-10-29 19:55:46.849 | WARNING  | __main__:<module>:24 - 0.721	0.746	0.671	0.707
2022-10-29 19:55:46.921 | WARNING  | __main__:<module>:24 - 0.729	0.758	0.671	0.712
2022-10-29 19:55:46.992 | WARNING  | __main__:<module>:24 - 0.779	0.791	0.757	0.774
2022-10-29 19:55:47.064 | WARNING  | __main__:<module>:24 - 0.679	0.692	0.643	0.667
2022-10-29 19:55:47.065 | WARNING  | __main__:<module>:26 - accuracy		mean:0.726	std:0.028
2022-10-29 19:55:47.066 | WARNING  | __main__:<module>:27 - precision		mean:0.751	std:0.03
2022-10-29 19:55:47.067 | WARNING  | __main__:<module>:28 - recall		mean:0.676	std:0.05
2022-10-29 19:55:47.068 | WARNING  | __main__:<module>:29 - f1		mean:0.711	std:0.034
2022-10-29 19:56:15.117 | WARNING  | __main__:<module>:11 - {'C': 0.6836322667799085, 'break_ties': False, 'cache_size': 200, 'class_weight': None, 'coef0': 0.0, 'decision_function_shape': 'ovr', 'degree': 3, 'gamma': 0.09959384912005347, 'kernel': 'rbf', 'max_iter': -1, 'probability': True, 'random_state': 43, 'shrinking': True, 'tol': 0.001, 'verbose': False}
2022-10-29 19:56:15.444 | WARNING  | __main__:<module>:24 - 0.686	0.717	0.614	0.662
2022-10-29 19:56:15.759 | WARNING  | __main__:<module>:24 - 0.736	0.739	0.729	0.734
2022-10-29 19:56:16.078 | WARNING  | __main__:<module>:24 - 0.75	0.787	0.686	0.733
2022-10-29 19:56:16.395 | WARNING  | __main__:<module>:24 - 0.743	0.743	0.743	0.743
2022-10-29 19:56:16.726 | WARNING  | __main__:<module>:24 - 0.707	0.754	0.614	0.677
2022-10-29 19:56:17.041 | WARNING  | __main__:<module>:24 - 0.729	0.786	0.629	0.698
2022-10-29 19:56:17.363 | WARNING  | __main__:<module>:24 - 0.721	0.746	0.671	0.707
2022-10-29 19:56:17.694 | WARNING  | __main__:<module>:24 - 0.729	0.758	0.671	0.712
2022-10-29 19:56:18.021 | WARNING  | __main__:<module>:24 - 0.779	0.791	0.757	0.774
2022-10-29 19:56:18.339 | WARNING  | __main__:<module>:24 - 0.679	0.692	0.643	0.667
2022-10-29 19:56:18.340 | WARNING  | __main__:<module>:26 - accuracy		mean:0.726	std:0.028
2022-10-29 19:56:18.342 | WARNING  | __main__:<module>:27 - precision		mean:0.751	std:0.03
2022-10-29 19:56:18.344 | WARNING  | __main__:<module>:28 - recall		mean:0.676	std:0.05
2022-10-29 19:56:18.344 | WARNING  | __main__:<module>:29 - f1		mean:0.711	std:0.034
2022-10-29 19:58:12.365 | INFO     | __main__:<module>:22 - 调参结束，最佳结果为:0.7595238095238095
2022-10-29 19:58:12.366 | INFO     | __main__:<module>:23 - 调参结束，最佳参数为:{'C': 0.9596793665125436, 'gamma': 0.49185960563431513}
2022-10-29 19:58:16.567 | WARNING  | __main__:<module>:11 - {'C': 0.9596793665125436, 'break_ties': False, 'cache_size': 200, 'class_weight': None, 'coef0': 0.0, 'decision_function_shape': 'ovr', 'degree': 3, 'gamma': 0.49185960563431513, 'kernel': 'rbf', 'max_iter': -1, 'probability': False, 'random_state': None, 'shrinking': True, 'tol': 0.001, 'verbose': False}
2022-10-29 19:58:16.670 | WARNING  | __main__:<module>:24 - 0.75	0.727	0.8	0.762
2022-10-29 19:58:16.759 | WARNING  | __main__:<module>:24 - 0.771	0.721	0.886	0.795
2022-10-29 19:58:16.845 | WARNING  | __main__:<module>:24 - 0.821	0.792	0.871	0.83
2022-10-29 19:58:16.938 | WARNING  | __main__:<module>:24 - 0.764	0.723	0.857	0.784
2022-10-29 19:58:17.026 | WARNING  | __main__:<module>:24 - 0.793	0.773	0.829	0.8
2022-10-29 19:58:17.112 | WARNING  | __main__:<module>:24 - 0.793	0.766	0.843	0.803
2022-10-29 19:58:17.199 | WARNING  | __main__:<module>:24 - 0.764	0.747	0.8	0.772
2022-10-29 19:58:17.287 | WARNING  | __main__:<module>:24 - 0.829	0.829	0.829	0.829
2022-10-29 19:58:17.377 | WARNING  | __main__:<module>:24 - 0.786	0.756	0.843	0.797
2022-10-29 19:58:17.465 | WARNING  | __main__:<module>:24 - 0.779	0.735	0.871	0.797
2022-10-29 19:58:17.466 | WARNING  | __main__:<module>:26 - accuracy		mean:0.785	std:0.024
2022-10-29 19:58:17.467 | WARNING  | __main__:<module>:27 - precision		mean:0.757	std:0.033
2022-10-29 19:58:17.468 | WARNING  | __main__:<module>:28 - recall		mean:0.843	std:0.028
2022-10-29 19:58:17.470 | WARNING  | __main__:<module>:29 - f1		mean:0.797	std:0.02
2022-10-29 19:58:41.350 | WARNING  | __main__:<module>:11 - {'C': 0.9596793665125436, 'break_ties': False, 'cache_size': 200, 'class_weight': None, 'coef0': 0.0, 'decision_function_shape': 'ovr', 'degree': 3, 'gamma': 0.49185960563431513, 'kernel': 'rbf', 'max_iter': -1, 'probability': True, 'random_state': 43, 'shrinking': True, 'tol': 0.001, 'verbose': False}
2022-10-29 19:58:41.765 | WARNING  | __main__:<module>:24 - 0.75	0.727	0.8	0.762
2022-10-29 19:58:42.170 | WARNING  | __main__:<module>:24 - 0.771	0.721	0.886	0.795
2022-10-29 19:58:42.580 | WARNING  | __main__:<module>:24 - 0.821	0.792	0.871	0.83
2022-10-29 19:58:42.977 | WARNING  | __main__:<module>:24 - 0.764	0.723	0.857	0.784
2022-10-29 19:58:43.380 | WARNING  | __main__:<module>:24 - 0.793	0.773	0.829	0.8
2022-10-29 19:58:43.773 | WARNING  | __main__:<module>:24 - 0.793	0.766	0.843	0.803
2022-10-29 19:58:44.181 | WARNING  | __main__:<module>:24 - 0.764	0.747	0.8	0.772
2022-10-29 19:58:44.585 | WARNING  | __main__:<module>:24 - 0.829	0.829	0.829	0.829
2022-10-29 19:58:44.989 | WARNING  | __main__:<module>:24 - 0.786	0.756	0.843	0.797
2022-10-29 19:58:45.391 | WARNING  | __main__:<module>:24 - 0.779	0.735	0.871	0.797
2022-10-29 19:58:45.393 | WARNING  | __main__:<module>:26 - accuracy		mean:0.785	std:0.024
2022-10-29 19:58:45.394 | WARNING  | __main__:<module>:27 - precision		mean:0.757	std:0.033
2022-10-29 19:58:45.395 | WARNING  | __main__:<module>:28 - recall		mean:0.843	std:0.028
2022-10-29 19:58:45.397 | WARNING  | __main__:<module>:29 - f1		mean:0.797	std:0.02
2022-10-29 20:00:11.362 | INFO     | __main__:<module>:22 - 调参结束，最佳结果为:0.7619047619047619
2022-10-29 20:00:11.363 | INFO     | __main__:<module>:23 - 调参结束，最佳参数为:{'C': 0.9888869926661235, 'gamma': 0.5013921755508569}
2022-10-29 20:00:17.214 | WARNING  | __main__:<module>:11 - {'C': 0.9888869926661235, 'break_ties': False, 'cache_size': 200, 'class_weight': None, 'coef0': 0.0, 'decision_function_shape': 'ovr', 'degree': 3, 'gamma': 0.5013921755508569, 'kernel': 'rbf', 'max_iter': -1, 'probability': False, 'random_state': None, 'shrinking': True, 'tol': 0.001, 'verbose': False}
2022-10-29 20:00:17.310 | WARNING  | __main__:<module>:24 - 0.75	0.727	0.8	0.762
2022-10-29 20:00:17.402 | WARNING  | __main__:<module>:24 - 0.771	0.721	0.886	0.795
2022-10-29 20:00:17.495 | WARNING  | __main__:<module>:24 - 0.829	0.803	0.871	0.836
2022-10-29 20:00:17.592 | WARNING  | __main__:<module>:24 - 0.764	0.723	0.857	0.784
2022-10-29 20:00:17.681 | WARNING  | __main__:<module>:24 - 0.793	0.773	0.829	0.8
2022-10-29 20:00:17.768 | WARNING  | __main__:<module>:24 - 0.793	0.766	0.843	0.803
2022-10-29 20:00:17.856 | WARNING  | __main__:<module>:24 - 0.764	0.747	0.8	0.772
2022-10-29 20:00:17.955 | WARNING  | __main__:<module>:24 - 0.829	0.829	0.829	0.829
2022-10-29 20:00:18.045 | WARNING  | __main__:<module>:24 - 0.786	0.756	0.843	0.797
2022-10-29 20:00:18.132 | WARNING  | __main__:<module>:24 - 0.779	0.735	0.871	0.797
2022-10-29 20:00:18.133 | WARNING  | __main__:<module>:26 - accuracy		mean:0.786	std:0.025
2022-10-29 20:00:18.134 | WARNING  | __main__:<module>:27 - precision		mean:0.758	std:0.034
2022-10-29 20:00:18.135 | WARNING  | __main__:<module>:28 - recall		mean:0.843	std:0.028
2022-10-29 20:00:18.136 | WARNING  | __main__:<module>:29 - f1		mean:0.798	std:0.021
2022-10-29 20:00:47.968 | INFO     | __main__:<module>:22 - 调参结束，最佳结果为:0.7404761904761905
2022-10-29 20:00:47.969 | INFO     | __main__:<module>:23 - 调参结束，最佳参数为:{'C': 0.9833849798090741, 'gamma': 0.2377559098985517}
2022-10-29 20:00:53.509 | WARNING  | __main__:<module>:11 - {'C': 0.9833849798090741, 'break_ties': False, 'cache_size': 200, 'class_weight': None, 'coef0': 0.0, 'decision_function_shape': 'ovr', 'degree': 3, 'gamma': 0.2377559098985517, 'kernel': 'rbf', 'max_iter': -1, 'probability': False, 'random_state': None, 'shrinking': True, 'tol': 0.001, 'verbose': False}
2022-10-29 20:00:53.597 | WARNING  | __main__:<module>:24 - 0.721	0.738	0.686	0.711
2022-10-29 20:00:53.678 | WARNING  | __main__:<module>:24 - 0.764	0.74	0.814	0.776
2022-10-29 20:00:53.754 | WARNING  | __main__:<module>:24 - 0.8	0.809	0.786	0.797
2022-10-29 20:00:53.833 | WARNING  | __main__:<module>:24 - 0.764	0.74	0.814	0.776
2022-10-29 20:00:53.912 | WARNING  | __main__:<module>:24 - 0.771	0.797	0.729	0.761
2022-10-29 20:00:53.992 | WARNING  | __main__:<module>:24 - 0.771	0.797	0.729	0.761
2022-10-29 20:00:54.070 | WARNING  | __main__:<module>:24 - 0.75	0.746	0.757	0.752
2022-10-29 20:00:54.148 | WARNING  | __main__:<module>:24 - 0.764	0.803	0.7	0.748
2022-10-29 20:00:54.226 | WARNING  | __main__:<module>:24 - 0.8	0.809	0.786	0.797
2022-10-29 20:00:54.302 | WARNING  | __main__:<module>:24 - 0.714	0.703	0.743	0.722
2022-10-29 20:00:54.303 | WARNING  | __main__:<module>:26 - accuracy		mean:0.762	std:0.027
2022-10-29 20:00:54.305 | WARNING  | __main__:<module>:27 - precision		mean:0.768	std:0.037
2022-10-29 20:00:54.305 | WARNING  | __main__:<module>:28 - recall		mean:0.754	std:0.043
2022-10-29 20:00:54.308 | WARNING  | __main__:<module>:29 - f1		mean:0.76	std:0.027
2022-10-29 20:03:09.864 | INFO     | __main__:<module>:22 - 调参结束，最佳结果为:0.7619047619047619
2022-10-29 20:03:09.865 | INFO     | __main__:<module>:23 - 调参结束，最佳参数为:{'C': 0.9664767533699864, 'gamma': 0.44911102914415924}
2022-10-29 20:03:23.649 | WARNING  | __main__:<module>:11 - {'C': 0.9664767533699864, 'break_ties': False, 'cache_size': 200, 'class_weight': None, 'coef0': 0.0, 'decision_function_shape': 'ovr', 'degree': 3, 'gamma': 0.44911102914415924, 'kernel': 'rbf', 'max_iter': -1, 'probability': False, 'random_state': None, 'shrinking': True, 'tol': 0.001, 'verbose': False}
2022-10-29 20:03:23.758 | WARNING  | __main__:<module>:24 - 0.736	0.72	0.771	0.745
2022-10-29 20:03:23.851 | WARNING  | __main__:<module>:24 - 0.764	0.718	0.871	0.787
2022-10-29 20:03:23.940 | WARNING  | __main__:<module>:24 - 0.836	0.813	0.871	0.841
2022-10-29 20:03:24.032 | WARNING  | __main__:<module>:24 - 0.764	0.723	0.857	0.784
2022-10-29 20:03:24.119 | WARNING  | __main__:<module>:24 - 0.779	0.767	0.8	0.783
2022-10-29 20:03:24.207 | WARNING  | __main__:<module>:24 - 0.807	0.787	0.843	0.814
2022-10-29 20:03:24.294 | WARNING  | __main__:<module>:24 - 0.764	0.747	0.8	0.772
2022-10-29 20:03:24.385 | WARNING  | __main__:<module>:24 - 0.807	0.831	0.771	0.8
2022-10-29 20:03:24.472 | WARNING  | __main__:<module>:24 - 0.786	0.763	0.829	0.795
2022-10-29 20:03:24.560 | WARNING  | __main__:<module>:24 - 0.764	0.728	0.843	0.781
2022-10-29 20:03:24.561 | WARNING  | __main__:<module>:26 - accuracy		mean:0.781	std:0.027
2022-10-29 20:03:24.562 | WARNING  | __main__:<module>:27 - precision		mean:0.76	std:0.038
2022-10-29 20:03:24.563 | WARNING  | __main__:<module>:28 - recall		mean:0.826	std:0.036
2022-10-29 20:03:24.564 | WARNING  | __main__:<module>:29 - f1		mean:0.79	std:0.024
2022-10-29 20:04:08.418 | WARNING  | __main__:<module>:14 - {'ccp_alpha': 0.0, 'class_weight': None, 'criterion': 'entropy', 'max_depth': 16, 'max_features': None, 'max_leaf_nodes': None, 'min_impurity_decrease': 0.0, 'min_impurity_split': None, 'min_samples_leaf': 1, 'min_samples_split': 2, 'min_weight_fraction_leaf': 0.0, 'random_state': 43, 'splitter': 'best'}
2022-10-29 20:04:08.450 | WARNING  | __main__:<module>:27 - 0.657	0.677	0.6	0.636
2022-10-29 20:04:08.477 | WARNING  | __main__:<module>:27 - 0.743	0.766	0.7	0.731
2022-10-29 20:04:08.507 | WARNING  | __main__:<module>:27 - 0.693	0.701	0.671	0.686
2022-10-29 20:04:08.535 | WARNING  | __main__:<module>:27 - 0.643	0.661	0.586	0.621
2022-10-29 20:04:08.563 | WARNING  | __main__:<module>:27 - 0.693	0.685	0.714	0.699
2022-10-29 20:04:08.591 | WARNING  | __main__:<module>:27 - 0.679	0.719	0.586	0.646
2022-10-29 20:04:08.617 | WARNING  | __main__:<module>:27 - 0.643	0.672	0.557	0.609
2022-10-29 20:04:08.641 | WARNING  | __main__:<module>:27 - 0.707	0.754	0.614	0.677
2022-10-29 20:04:08.666 | WARNING  | __main__:<module>:27 - 0.7	0.689	0.729	0.708
2022-10-29 20:04:08.691 | WARNING  | __main__:<module>:27 - 0.721	0.738	0.686	0.711
2022-10-29 20:04:08.693 | WARNING  | __main__:<module>:29 - accuracy		mean:0.688	std:0.031
2022-10-29 20:04:08.694 | WARNING  | __main__:<module>:30 - precision		mean:0.706	std:0.034
2022-10-29 20:04:08.694 | WARNING  | __main__:<module>:31 - recall		mean:0.644	std:0.059
2022-10-29 20:04:08.696 | WARNING  | __main__:<module>:32 - f1		mean:0.673	std:0.04
2022-10-29 20:07:16.702 | WARNING  | __main__:<module>:19 - 0.643	0.857	0.343	0.49
2022-10-29 20:07:16.718 | WARNING  | __main__:<module>:19 - 0.729	0.944	0.486	0.642
2022-10-29 20:07:16.732 | WARNING  | __main__:<module>:19 - 0.664	0.795	0.443	0.569
2022-10-29 20:07:16.751 | WARNING  | __main__:<module>:19 - 0.629	0.781	0.357	0.49
2022-10-29 20:07:16.773 | WARNING  | __main__:<module>:19 - 0.736	0.923	0.514	0.661
2022-10-29 20:07:16.793 | WARNING  | __main__:<module>:19 - 0.736	0.946	0.5	0.654
2022-10-29 20:07:16.812 | WARNING  | __main__:<module>:19 - 0.643	0.763	0.414	0.537
2022-10-29 20:07:16.829 | WARNING  | __main__:<module>:19 - 0.707	0.914	0.457	0.61
2022-10-29 20:07:16.852 | WARNING  | __main__:<module>:19 - 0.721	0.83	0.557	0.667
2022-10-29 20:07:16.881 | WARNING  | __main__:<module>:19 - 0.714	0.857	0.514	0.643
2022-10-29 20:07:16.883 | WARNING  | __main__:<module>:21 - accuracy		mean:0.692	std:0.04
2022-10-29 20:07:16.884 | WARNING  | __main__:<module>:22 - precision		mean:0.861	std:0.065
2022-10-29 20:07:16.886 | WARNING  | __main__:<module>:23 - recall		mean:0.459	std:0.067
2022-10-29 20:07:16.887 | WARNING  | __main__:<module>:24 - f1		mean:0.596	std:0.066
2022-10-29 20:07:25.773 | WARNING  | __main__:<module>:19 - 0.643	0.857	0.343	0.49
2022-10-29 20:07:25.787 | WARNING  | __main__:<module>:19 - 0.729	0.944	0.486	0.642
2022-10-29 20:07:25.804 | WARNING  | __main__:<module>:19 - 0.664	0.795	0.443	0.569
2022-10-29 20:07:25.818 | WARNING  | __main__:<module>:19 - 0.629	0.781	0.357	0.49
2022-10-29 20:07:25.835 | WARNING  | __main__:<module>:19 - 0.736	0.923	0.514	0.661
2022-10-29 20:07:25.853 | WARNING  | __main__:<module>:19 - 0.736	0.946	0.5	0.654
2022-10-29 20:07:25.873 | WARNING  | __main__:<module>:19 - 0.643	0.763	0.414	0.537
2022-10-29 20:07:25.894 | WARNING  | __main__:<module>:19 - 0.707	0.914	0.457	0.61
2022-10-29 20:07:25.912 | WARNING  | __main__:<module>:19 - 0.721	0.83	0.557	0.667
2022-10-29 20:07:25.928 | WARNING  | __main__:<module>:19 - 0.714	0.857	0.514	0.643
2022-10-29 20:07:25.929 | WARNING  | __main__:<module>:21 - accuracy		mean:0.692	std:0.04
2022-10-29 20:07:25.930 | WARNING  | __main__:<module>:22 - precision		mean:0.861	std:0.065
2022-10-29 20:07:25.931 | WARNING  | __main__:<module>:23 - recall		mean:0.459	std:0.067
2022-10-29 20:07:25.933 | WARNING  | __main__:<module>:24 - f1		mean:0.596	std:0.066
2022-10-29 20:23:49.592 | WARNING  | __main__:<module>:19 - 0.643	0.857	0.343	0.49
2022-10-29 20:23:49.608 | WARNING  | __main__:<module>:19 - 0.729	0.944	0.486	0.642
2022-10-29 20:23:49.622 | WARNING  | __main__:<module>:19 - 0.664	0.795	0.443	0.569
2022-10-29 20:23:49.640 | WARNING  | __main__:<module>:19 - 0.629	0.781	0.357	0.49
2022-10-29 20:23:49.658 | WARNING  | __main__:<module>:19 - 0.736	0.923	0.514	0.661
2022-10-29 20:23:49.681 | WARNING  | __main__:<module>:19 - 0.736	0.946	0.5	0.654
2022-10-29 20:23:49.700 | WARNING  | __main__:<module>:19 - 0.643	0.763	0.414	0.537
2022-10-29 20:23:49.719 | WARNING  | __main__:<module>:19 - 0.707	0.914	0.457	0.61
2022-10-29 20:23:49.736 | WARNING  | __main__:<module>:19 - 0.721	0.83	0.557	0.667
2022-10-29 20:23:49.756 | WARNING  | __main__:<module>:19 - 0.714	0.857	0.514	0.643
2022-10-29 20:23:49.758 | WARNING  | __main__:<module>:21 - accuracy		mean:0.692	std:0.04
2022-10-29 20:23:49.760 | WARNING  | __main__:<module>:22 - precision		mean:0.861	std:0.065
2022-10-29 20:23:49.761 | WARNING  | __main__:<module>:23 - recall		mean:0.459	std:0.067
2022-10-29 20:23:49.762 | WARNING  | __main__:<module>:24 - f1		mean:0.596	std:0.066
2022-10-29 20:24:49.196 | WARNING  | __main__:<module>:14 - {'ccp_alpha': 0.0, 'class_weight': None, 'criterion': 'entropy', 'max_depth': 16, 'max_features': None, 'max_leaf_nodes': None, 'min_impurity_decrease': 0.0, 'min_impurity_split': None, 'min_samples_leaf': 1, 'min_samples_split': 2, 'min_weight_fraction_leaf': 0.0, 'random_state': 43, 'splitter': 'best'}
2022-10-29 20:24:49.225 | WARNING  | __main__:<module>:27 - 0.657	0.677	0.6	0.636
2022-10-29 20:24:49.256 | WARNING  | __main__:<module>:27 - 0.743	0.766	0.7	0.731
2022-10-29 20:24:49.284 | WARNING  | __main__:<module>:27 - 0.693	0.701	0.671	0.686
2022-10-29 20:24:49.313 | WARNING  | __main__:<module>:27 - 0.643	0.661	0.586	0.621
2022-10-29 20:24:49.340 | WARNING  | __main__:<module>:27 - 0.693	0.685	0.714	0.699
2022-10-29 20:24:49.367 | WARNING  | __main__:<module>:27 - 0.679	0.719	0.586	0.646
2022-10-29 20:24:49.393 | WARNING  | __main__:<module>:27 - 0.643	0.672	0.557	0.609
2022-10-29 20:24:49.417 | WARNING  | __main__:<module>:27 - 0.707	0.754	0.614	0.677
2022-10-29 20:24:49.442 | WARNING  | __main__:<module>:27 - 0.7	0.689	0.729	0.708
2022-10-29 20:24:49.467 | WARNING  | __main__:<module>:27 - 0.721	0.738	0.686	0.711
2022-10-29 20:24:49.469 | WARNING  | __main__:<module>:29 - accuracy		mean:0.688	std:0.031
2022-10-29 20:24:49.470 | WARNING  | __main__:<module>:30 - precision		mean:0.706	std:0.034
2022-10-29 20:24:49.471 | WARNING  | __main__:<module>:31 - recall		mean:0.644	std:0.059
2022-10-29 20:24:49.472 | WARNING  | __main__:<module>:32 - f1		mean:0.673	std:0.04
2022-10-29 20:25:42.443 | WARNING  | __main__:<module>:11 - {'estimator__bootstrap': True, 'estimator__ccp_alpha': 0.0, 'estimator__class_weight': None, 'estimator__criterion': 'gini', 'estimator__max_depth': 9, 'estimator__max_features': 'auto', 'estimator__max_leaf_nodes': None, 'estimator__max_samples': None, 'estimator__min_impurity_decrease': 0.0, 'estimator__min_impurity_split': None, 'estimator__min_samples_leaf': 1, 'estimator__min_samples_split': 2, 'estimator__min_weight_fraction_leaf': 0.0, 'estimator__n_estimators': 200, 'estimator__n_jobs': None, 'estimator__oob_score': False, 'estimator__random_state': 43, 'estimator__verbose': 0, 'estimator__warm_start': False, 'estimator': RandomForestClassifier(max_depth=9, n_estimators=200, random_state=43), 'importance_getter': 'auto', 'max_features': None, 'norm_order': 1, 'prefit': True, 'threshold': None}
2022-10-29 20:25:43.691 | WARNING  | __main__:<module>:24 - 0.729	0.796	0.614	0.694
2022-10-29 20:25:44.888 | WARNING  | __main__:<module>:24 - 0.743	0.766	0.7	0.731
2022-10-29 20:25:46.057 | WARNING  | __main__:<module>:24 - 0.7	0.741	0.614	0.672
2022-10-29 20:25:47.237 | WARNING  | __main__:<module>:24 - 0.714	0.75	0.643	0.692
2022-10-29 20:25:48.407 | WARNING  | __main__:<module>:24 - 0.736	0.754	0.7	0.726
2022-10-29 20:25:49.575 | WARNING  | __main__:<module>:24 - 0.793	0.825	0.743	0.782
2022-10-29 20:25:50.779 | WARNING  | __main__:<module>:24 - 0.743	0.774	0.686	0.727
2022-10-29 20:25:51.934 | WARNING  | __main__:<module>:24 - 0.771	0.797	0.729	0.761
2022-10-29 20:25:53.109 | WARNING  | __main__:<module>:24 - 0.75	0.787	0.686	0.733
2022-10-29 20:25:54.302 | WARNING  | __main__:<module>:24 - 0.786	0.778	0.8	0.789
2022-10-29 20:25:54.303 | WARNING  | __main__:<module>:26 - accuracy		mean:0.746	std:0.028
2022-10-29 20:25:54.304 | WARNING  | __main__:<module>:27 - precision		mean:0.777	std:0.024
2022-10-29 20:25:54.306 | WARNING  | __main__:<module>:28 - recall		mean:0.691	std:0.055
2022-10-29 20:25:54.307 | WARNING  | __main__:<module>:29 - f1		mean:0.731	std:0.036
2022-10-29 20:44:36.887 | INFO     | __main__:<module>:22 - 调参结束，最佳结果为:0.7547619047619047
2022-10-29 20:44:36.887 | INFO     | __main__:<module>:23 - 调参结束，最佳参数为:{'C': 0.8897577660125695, 'gamma': 0.36771554403144885}
2022-10-29 20:44:46.696 | WARNING  | __main__:<module>:11 - {'C': 0.8897577660125695, 'break_ties': False, 'cache_size': 200, 'class_weight': None, 'coef0': 0.0, 'decision_function_shape': 'ovr', 'degree': 3, 'gamma': 0.36771554403144885, 'kernel': 'rbf', 'max_iter': -1, 'probability': False, 'random_state': None, 'shrinking': True, 'tol': 0.001, 'verbose': False}
2022-10-29 20:44:46.799 | WARNING  | __main__:<module>:24 - 0.736	0.732	0.743	0.738
2022-10-29 20:44:46.889 | WARNING  | __main__:<module>:24 - 0.757	0.72	0.843	0.776
2022-10-29 20:44:46.981 | WARNING  | __main__:<module>:24 - 0.821	0.817	0.829	0.823
2022-10-29 20:44:47.066 | WARNING  | __main__:<module>:24 - 0.764	0.728	0.843	0.781
2022-10-29 20:44:47.153 | WARNING  | __main__:<module>:24 - 0.779	0.783	0.771	0.777
2022-10-29 20:44:47.238 | WARNING  | __main__:<module>:24 - 0.764	0.753	0.786	0.769
2022-10-29 20:44:47.325 | WARNING  | __main__:<module>:24 - 0.743	0.73	0.771	0.75
2022-10-29 20:44:47.410 | WARNING  | __main__:<module>:24 - 0.807	0.831	0.771	0.8
2022-10-29 20:44:47.498 | WARNING  | __main__:<module>:24 - 0.793	0.781	0.814	0.797
2022-10-29 20:44:47.583 | WARNING  | __main__:<module>:24 - 0.764	0.734	0.829	0.779
2022-10-29 20:44:47.584 | WARNING  | __main__:<module>:26 - accuracy		mean:0.773	std:0.026
2022-10-29 20:44:47.585 | WARNING  | __main__:<module>:27 - precision		mean:0.761	std:0.038
2022-10-29 20:44:47.586 | WARNING  | __main__:<module>:28 - recall		mean:0.8	std:0.034
2022-10-29 20:44:47.587 | WARNING  | __main__:<module>:29 - f1		mean:0.779	std:0.023
2022-10-29 20:45:19.683 | INFO     | __main__:<module>:22 - 调参结束，最佳结果为:0.7642857142857142
2022-10-29 20:45:19.684 | INFO     | __main__:<module>:23 - 调参结束，最佳参数为:{'C': 0.9899203552790449, 'gamma': 0.8098439704037791}
2022-10-29 20:45:40.968 | WARNING  | __main__:<module>:11 - {'C': 0.9899203552790449, 'break_ties': False, 'cache_size': 200, 'class_weight': None, 'coef0': 0.0, 'decision_function_shape': 'ovr', 'degree': 3, 'gamma': 0.8098439704037791, 'kernel': 'rbf', 'max_iter': -1, 'probability': False, 'random_state': None, 'shrinking': True, 'tol': 0.001, 'verbose': False}
2022-10-29 20:45:41.073 | WARNING  | __main__:<module>:24 - 0.729	0.682	0.857	0.759
2022-10-29 20:45:41.172 | WARNING  | __main__:<module>:24 - 0.764	0.695	0.943	0.8
2022-10-29 20:45:41.270 | WARNING  | __main__:<module>:24 - 0.807	0.747	0.929	0.828
2022-10-29 20:45:41.361 | WARNING  | __main__:<module>:24 - 0.757	0.696	0.914	0.79
2022-10-29 20:45:41.454 | WARNING  | __main__:<module>:24 - 0.8	0.75	0.9	0.818
2022-10-29 20:45:41.546 | WARNING  | __main__:<module>:24 - 0.8	0.733	0.943	0.825
2022-10-29 20:45:41.634 | WARNING  | __main__:<module>:24 - 0.786	0.727	0.914	0.81
2022-10-29 20:45:41.726 | WARNING  | __main__:<module>:24 - 0.793	0.753	0.871	0.808
2022-10-29 20:45:41.817 | WARNING  | __main__:<module>:24 - 0.779	0.729	0.886	0.8
2022-10-29 20:45:41.907 | WARNING  | __main__:<module>:24 - 0.764	0.713	0.886	0.79
2022-10-29 20:45:41.908 | WARNING  | __main__:<module>:26 - accuracy		mean:0.778	std:0.023
2022-10-29 20:45:41.909 | WARNING  | __main__:<module>:27 - precision		mean:0.723	std:0.024
2022-10-29 20:45:41.910 | WARNING  | __main__:<module>:28 - recall		mean:0.904	std:0.028
2022-10-29 20:45:41.912 | WARNING  | __main__:<module>:29 - f1		mean:0.803	std:0.019
2022-10-29 20:46:31.055 | INFO     | __main__:<module>:22 - 调参结束，最佳结果为:0.6952380952380952
2022-10-29 20:46:31.057 | INFO     | __main__:<module>:23 - 调参结束，最佳参数为:{'C': 0.00010092606036630548, 'gamma': 0.1119541195831022}
2022-10-29 20:46:43.706 | WARNING  | __main__:<module>:11 - {'C': 0.00010092606036630548, 'break_ties': False, 'cache_size': 200, 'class_weight': None, 'coef0': 0.0, 'decision_function_shape': 'ovr', 'degree': 3, 'gamma': 0.1119541195831022, 'kernel': 'rbf', 'max_iter': -1, 'probability': False, 'random_state': None, 'shrinking': True, 'tol': 0.001, 'verbose': False}
2022-10-29 20:46:43.800 | WARNING  | __main__:<module>:24 - 0.643	0.632	0.686	0.658
2022-10-29 20:46:43.884 | WARNING  | __main__:<module>:24 - 0.686	0.662	0.757	0.707
2022-10-29 20:46:43.967 | WARNING  | __main__:<module>:24 - 0.664	0.658	0.686	0.671
2022-10-29 20:46:44.049 | WARNING  | __main__:<module>:24 - 0.7	0.679	0.757	0.716
2022-10-29 20:46:44.119 | WARNING  | __main__:<module>:24 - 0.7	0.684	0.743	0.712
2022-10-29 20:46:44.208 | WARNING  | __main__:<module>:24 - 0.729	0.722	0.743	0.732
2022-10-29 20:46:44.288 | WARNING  | __main__:<module>:24 - 0.664	0.639	0.757	0.693
2022-10-29 20:46:44.371 | WARNING  | __main__:<module>:24 - 0.707	0.699	0.729	0.713
2022-10-29 20:46:44.453 | WARNING  | __main__:<module>:24 - 0.757	0.737	0.8	0.767
2022-10-29 20:46:44.537 | WARNING  | __main__:<module>:24 - 0.657	0.638	0.729	0.68
2022-10-29 20:46:44.538 | WARNING  | __main__:<module>:26 - accuracy		mean:0.691	std:0.033
2022-10-29 20:46:44.539 | WARNING  | __main__:<module>:27 - precision		mean:0.675	std:0.034
2022-10-29 20:46:44.540 | WARNING  | __main__:<module>:28 - recall		mean:0.739	std:0.033
2022-10-29 20:46:44.541 | WARNING  | __main__:<module>:29 - f1		mean:0.705	std:0.03
2022-10-29 20:48:07.385 | INFO     | __main__:<module>:22 - 调参结束，最佳结果为:0.7619047619047619
2022-10-29 20:48:07.386 | INFO     | __main__:<module>:23 - 调参结束，最佳参数为:{'C': 0.977725267628645, 'gamma': 0.49294313706596526}
2022-10-29 20:48:29.701 | WARNING  | __main__:<module>:11 - {'C': 0.977725267628645, 'break_ties': False, 'cache_size': 200, 'class_weight': None, 'coef0': 0.0, 'decision_function_shape': 'ovr', 'degree': 3, 'gamma': 0.49294313706596526, 'kernel': 'rbf', 'max_iter': -1, 'probability': False, 'random_state': None, 'shrinking': True, 'tol': 0.001, 'verbose': False}
2022-10-29 20:48:29.801 | WARNING  | __main__:<module>:24 - 0.75	0.727	0.8	0.762
2022-10-29 20:48:29.898 | WARNING  | __main__:<module>:24 - 0.771	0.721	0.886	0.795
2022-10-29 20:48:29.989 | WARNING  | __main__:<module>:24 - 0.836	0.813	0.871	0.841
2022-10-29 20:48:30.081 | WARNING  | __main__:<module>:24 - 0.764	0.723	0.857	0.784
2022-10-29 20:48:30.169 | WARNING  | __main__:<module>:24 - 0.793	0.773	0.829	0.8
2022-10-29 20:48:30.260 | WARNING  | __main__:<module>:24 - 0.793	0.766	0.843	0.803
2022-10-29 20:48:30.349 | WARNING  | __main__:<module>:24 - 0.764	0.747	0.8	0.772
2022-10-29 20:48:30.437 | WARNING  | __main__:<module>:24 - 0.814	0.824	0.8	0.812
2022-10-29 20:48:30.526 | WARNING  | __main__:<module>:24 - 0.786	0.756	0.843	0.797
2022-10-29 20:48:30.615 | WARNING  | __main__:<module>:24 - 0.779	0.735	0.871	0.797
2022-10-29 20:48:30.616 | WARNING  | __main__:<module>:26 - accuracy		mean:0.785	std:0.024
2022-10-29 20:48:30.617 | WARNING  | __main__:<module>:27 - precision		mean:0.759	std:0.034
2022-10-29 20:48:30.619 | WARNING  | __main__:<module>:28 - recall		mean:0.84	std:0.031
2022-10-29 20:48:30.620 | WARNING  | __main__:<module>:29 - f1		mean:0.796	std:0.021
2022-10-29 21:30:19.919 | WARNING  | __main__:<module>:11 - {'C': 0.9899203552790449, 'break_ties': False, 'cache_size': 200, 'class_weight': None, 'coef0': 0.0, 'decision_function_shape': 'ovr', 'degree': 3, 'gamma': 0.8098439704037791, 'kernel': 'rbf', 'max_iter': -1, 'probability': True, 'random_state': 43, 'shrinking': True, 'tol': 0.001, 'verbose': False}
2022-10-29 21:30:20.374 | WARNING  | __main__:<module>:24 - 0.729	0.682	0.857	0.759
2022-10-29 21:30:20.768 | WARNING  | __main__:<module>:24 - 0.764	0.695	0.943	0.8
2022-10-29 21:30:21.192 | WARNING  | __main__:<module>:24 - 0.807	0.747	0.929	0.828
2022-10-29 21:30:21.609 | WARNING  | __main__:<module>:24 - 0.757	0.696	0.914	0.79
2022-10-29 21:30:22.017 | WARNING  | __main__:<module>:24 - 0.8	0.75	0.9	0.818
2022-10-29 21:30:22.420 | WARNING  | __main__:<module>:24 - 0.8	0.733	0.943	0.825
2022-10-29 21:30:22.826 | WARNING  | __main__:<module>:24 - 0.786	0.727	0.914	0.81
2022-10-29 21:30:23.236 | WARNING  | __main__:<module>:24 - 0.793	0.753	0.871	0.808
2022-10-29 21:30:23.642 | WARNING  | __main__:<module>:24 - 0.779	0.729	0.886	0.8
2022-10-29 21:30:24.049 | WARNING  | __main__:<module>:24 - 0.764	0.713	0.886	0.79
2022-10-29 21:30:24.050 | WARNING  | __main__:<module>:26 - accuracy		mean:0.778	std:0.023
2022-10-29 21:30:24.051 | WARNING  | __main__:<module>:27 - precision		mean:0.723	std:0.024
2022-10-29 21:30:24.052 | WARNING  | __main__:<module>:28 - recall		mean:0.904	std:0.028
2022-10-29 21:30:24.053 | WARNING  | __main__:<module>:29 - f1		mean:0.803	std:0.019
2022-10-29 21:35:25.969 | INFO     | __main__:<module>:80 - 使用嵌入法 RandomForestClassifier 进行特征选择,剩余(1278, 16)个特征
2022-10-29 21:35:25.970 | INFO     | __main__:<module>:90 - 剩余的特征是：['年龄', '血红蛋白', '白蛋白', '总胆红素', '尿素', '肌酐', '尿酸', '总胆固醇', '糖化血红蛋白', '活化部分凝血活酶时间（APTT）', '尿蛋白定量', '24h尿蛋白定量', '病程', 'C2/C0', 'NLR', '胰岛素抵抗指数']
2022-10-29 21:35:25.989 | INFO     | __main__:<module>:111 - 使用 SMOTETomek 混合采样
2022-10-29 21:35:25.991 | INFO     | __main__:<module>:115 - 数据平衡前：非DPN组有530条,DPN组有748条
2022-10-29 21:35:26.058 | INFO     | __main__:<module>:117 - 数据平衡后：非DPN组有700条,DPN组有700条
2022-10-29 21:35:26.572 | WARNING  | __main__:<module>:27 - {'estimator__bootstrap': True, 'estimator__ccp_alpha': 0.0, 'estimator__class_weight': None, 'estimator__criterion': 'gini', 'estimator__max_depth': 9, 'estimator__max_features': 'auto', 'estimator__max_leaf_nodes': None, 'estimator__max_samples': None, 'estimator__min_impurity_decrease': 0.0, 'estimator__min_impurity_split': None, 'estimator__min_samples_leaf': 1, 'estimator__min_samples_split': 2, 'estimator__min_weight_fraction_leaf': 0.0, 'estimator__n_estimators': 200, 'estimator__n_jobs': None, 'estimator__oob_score': False, 'estimator__random_state': 43, 'estimator__verbose': 0, 'estimator__warm_start': False, 'estimator': RandomForestClassifier(max_depth=9, n_estimators=200, random_state=43), 'importance_getter': 'auto', 'max_features': None, 'norm_order': 1, 'prefit': True, 'threshold': None}
2022-10-29 21:35:27.799 | WARNING  | __main__:<module>:41 - 0.686	0.717	0.614	0.662
2022-10-29 21:35:28.432 | WARNING  | __main__:<module>:41 - 0.786	0.833	0.714	0.769
2022-10-29 21:35:29.008 | WARNING  | __main__:<module>:41 - 0.757	0.773	0.729	0.75
2022-10-29 21:35:29.584 | WARNING  | __main__:<module>:41 - 0.8	0.809	0.786	0.797
2022-10-29 21:35:30.122 | WARNING  | __main__:<module>:41 - 0.707	0.723	0.671	0.696
2022-10-29 21:35:30.702 | WARNING  | __main__:<module>:41 - 0.793	0.797	0.786	0.791
2022-10-29 21:35:31.284 | WARNING  | __main__:<module>:41 - 0.743	0.758	0.714	0.735
2022-10-29 21:35:31.834 | WARNING  | __main__:<module>:41 - 0.771	0.797	0.729	0.761
2022-10-29 21:35:32.381 | WARNING  | __main__:<module>:41 - 0.757	0.781	0.714	0.746
2022-10-29 21:35:32.984 | WARNING  | __main__:<module>:41 - 0.814	0.789	0.857	0.822
2022-10-29 21:35:32.986 | WARNING  | __main__:<module>:43 - accuracy		mean:0.761	std:0.039
2022-10-29 21:35:32.988 | WARNING  | __main__:<module>:44 - precision		mean:0.778	std:0.035
2022-10-29 21:35:32.990 | WARNING  | __main__:<module>:45 - recall		mean:0.731	std:0.063
2022-10-29 21:35:32.992 | WARNING  | __main__:<module>:46 - f1		mean:0.753	std:0.045
2022-10-29 21:35:35.310 | WARNING  | __main__:<module>:11 - {'C': 0.9899203552790449, 'break_ties': False, 'cache_size': 200, 'class_weight': None, 'coef0': 0.0, 'decision_function_shape': 'ovr', 'degree': 3, 'gamma': 0.8098439704037791, 'kernel': 'rbf', 'max_iter': -1, 'probability': True, 'random_state': 43, 'shrinking': True, 'tol': 0.001, 'verbose': False}
2022-10-29 21:35:35.739 | WARNING  | __main__:<module>:24 - 0.729	0.682	0.857	0.759
2022-10-29 21:35:36.170 | WARNING  | __main__:<module>:24 - 0.764	0.695	0.943	0.8
2022-10-29 21:35:36.596 | WARNING  | __main__:<module>:24 - 0.807	0.747	0.929	0.828
2022-10-29 21:35:37.029 | WARNING  | __main__:<module>:24 - 0.757	0.696	0.914	0.79
2022-10-29 21:35:37.439 | WARNING  | __main__:<module>:24 - 0.8	0.75	0.9	0.818
2022-10-29 21:35:37.854 | WARNING  | __main__:<module>:24 - 0.8	0.733	0.943	0.825
2022-10-29 21:35:38.279 | WARNING  | __main__:<module>:24 - 0.786	0.727	0.914	0.81
2022-10-29 21:35:38.700 | WARNING  | __main__:<module>:24 - 0.793	0.753	0.871	0.808
2022-10-29 21:35:39.148 | WARNING  | __main__:<module>:24 - 0.779	0.729	0.886	0.8
2022-10-29 21:35:39.579 | WARNING  | __main__:<module>:24 - 0.764	0.713	0.886	0.79
2022-10-29 21:35:39.580 | WARNING  | __main__:<module>:26 - accuracy		mean:0.778	std:0.023
2022-10-29 21:35:39.581 | WARNING  | __main__:<module>:27 - precision		mean:0.723	std:0.024
2022-10-29 21:35:39.583 | WARNING  | __main__:<module>:28 - recall		mean:0.904	std:0.028
2022-10-29 21:35:39.584 | WARNING  | __main__:<module>:29 - f1		mean:0.803	std:0.019
2022-10-29 21:35:42.099 | INFO     | __main__:<module>:18 - 调参结束，最佳结果为:0.6904761904761905
2022-10-29 21:35:42.100 | INFO     | __main__:<module>:19 - 调参结束，最佳参数为:{'penalty': 'l2', 'C': 0.553581300213712, 'max_iter': 4220}
2022-10-29 21:35:42.148 | WARNING  | __main__:<module>:15 - {'C': 0.553581300213712, 'class_weight': None, 'dual': False, 'fit_intercept': True, 'intercept_scaling': 1, 'l1_ratio': None, 'max_iter': 4220, 'multi_class': 'auto', 'n_jobs': None, 'penalty': 'l2', 'random_state': None, 'solver': 'lbfgs', 'tol': 0.0001, 'verbose': 0, 'warm_start': False}
2022-10-29 21:35:42.168 | WARNING  | __main__:<module>:28 - 0.636	0.656	0.571	0.611
2022-10-29 21:35:42.183 | WARNING  | __main__:<module>:28 - 0.65	0.657	0.629	0.642
2022-10-29 21:35:42.197 | WARNING  | __main__:<module>:28 - 0.671	0.688	0.629	0.657
2022-10-29 21:35:42.211 | WARNING  | __main__:<module>:28 - 0.671	0.676	0.657	0.667
2022-10-29 21:35:42.226 | WARNING  | __main__:<module>:28 - 0.679	0.671	0.7	0.685
2022-10-29 21:35:42.238 | WARNING  | __main__:<module>:28 - 0.729	0.735	0.714	0.725
2022-10-29 21:35:42.251 | WARNING  | __main__:<module>:28 - 0.693	0.729	0.614	0.667
2022-10-29 21:35:42.264 | WARNING  | __main__:<module>:28 - 0.657	0.649	0.686	0.667
2022-10-29 21:35:42.278 | WARNING  | __main__:<module>:28 - 0.743	0.766	0.7	0.731
2022-10-29 21:35:42.289 | WARNING  | __main__:<module>:28 - 0.743	0.743	0.743	0.743
2022-10-29 21:35:42.291 | WARNING  | __main__:<module>:30 - accuracy		mean:0.687	std:0.037
2022-10-29 21:35:42.292 | WARNING  | __main__:<module>:31 - precision		mean:0.697	std:0.04
2022-10-29 21:35:42.293 | WARNING  | __main__:<module>:32 - recall		mean:0.664	std:0.05
2022-10-29 21:35:42.294 | WARNING  | __main__:<module>:33 - f1		mean:0.679	std:0.04
2022-10-29 21:35:42.849 | WARNING  | __main__:<module>:11 - {'estimator__bootstrap': True, 'estimator__ccp_alpha': 0.0, 'estimator__class_weight': None, 'estimator__criterion': 'gini', 'estimator__max_depth': 9, 'estimator__max_features': 'auto', 'estimator__max_leaf_nodes': None, 'estimator__max_samples': None, 'estimator__min_impurity_decrease': 0.0, 'estimator__min_impurity_split': None, 'estimator__min_samples_leaf': 1, 'estimator__min_samples_split': 2, 'estimator__min_weight_fraction_leaf': 0.0, 'estimator__n_estimators': 200, 'estimator__n_jobs': None, 'estimator__oob_score': False, 'estimator__random_state': 43, 'estimator__verbose': 0, 'estimator__warm_start': False, 'estimator': RandomForestClassifier(max_depth=9, n_estimators=200, random_state=43), 'importance_getter': 'auto', 'max_features': None, 'norm_order': 1, 'prefit': True, 'threshold': None}
2022-10-29 21:35:44.045 | WARNING  | __main__:<module>:24 - 0.729	0.796	0.614	0.694
2022-10-29 21:35:45.260 | WARNING  | __main__:<module>:24 - 0.743	0.766	0.7	0.731
2022-10-29 21:35:46.424 | WARNING  | __main__:<module>:24 - 0.7	0.741	0.614	0.672
2022-10-29 21:35:47.615 | WARNING  | __main__:<module>:24 - 0.714	0.75	0.643	0.692
2022-10-29 21:35:48.843 | WARNING  | __main__:<module>:24 - 0.736	0.754	0.7	0.726
2022-10-29 21:35:50.043 | WARNING  | __main__:<module>:24 - 0.793	0.825	0.743	0.782
2022-10-29 21:35:51.314 | WARNING  | __main__:<module>:24 - 0.743	0.774	0.686	0.727
2022-10-29 21:35:52.521 | WARNING  | __main__:<module>:24 - 0.771	0.797	0.729	0.761
2022-10-29 21:35:53.722 | WARNING  | __main__:<module>:24 - 0.75	0.787	0.686	0.733
2022-10-29 21:35:54.952 | WARNING  | __main__:<module>:24 - 0.786	0.778	0.8	0.789
2022-10-29 21:35:54.953 | WARNING  | __main__:<module>:26 - accuracy		mean:0.746	std:0.028
2022-10-29 21:35:54.954 | WARNING  | __main__:<module>:27 - precision		mean:0.777	std:0.024
2022-10-29 21:35:54.955 | WARNING  | __main__:<module>:28 - recall		mean:0.691	std:0.055
2022-10-29 21:35:54.957 | WARNING  | __main__:<module>:29 - f1		mean:0.731	std:0.036
2022-10-29 21:35:56.499 | WARNING  | __main__:<module>:14 - {'ccp_alpha': 0.0, 'class_weight': None, 'criterion': 'entropy', 'max_depth': 16, 'max_features': None, 'max_leaf_nodes': None, 'min_impurity_decrease': 0.0, 'min_impurity_split': None, 'min_samples_leaf': 1, 'min_samples_split': 2, 'min_weight_fraction_leaf': 0.0, 'random_state': 43, 'splitter': 'best'}
2022-10-29 21:35:56.531 | WARNING  | __main__:<module>:27 - 0.657	0.677	0.6	0.636
2022-10-29 21:35:56.558 | WARNING  | __main__:<module>:27 - 0.743	0.766	0.7	0.731
2022-10-29 21:35:56.583 | WARNING  | __main__:<module>:27 - 0.693	0.701	0.671	0.686
2022-10-29 21:35:56.608 | WARNING  | __main__:<module>:27 - 0.643	0.661	0.586	0.621
2022-10-29 21:35:56.632 | WARNING  | __main__:<module>:27 - 0.693	0.685	0.714	0.699
2022-10-29 21:35:56.657 | WARNING  | __main__:<module>:27 - 0.679	0.719	0.586	0.646
2022-10-29 21:35:56.682 | WARNING  | __main__:<module>:27 - 0.643	0.672	0.557	0.609
2022-10-29 21:35:56.707 | WARNING  | __main__:<module>:27 - 0.707	0.754	0.614	0.677
2022-10-29 21:35:56.732 | WARNING  | __main__:<module>:27 - 0.7	0.689	0.729	0.708
2022-10-29 21:35:56.758 | WARNING  | __main__:<module>:27 - 0.721	0.738	0.686	0.711
2022-10-29 21:35:56.760 | WARNING  | __main__:<module>:29 - accuracy		mean:0.688	std:0.031
2022-10-29 21:35:56.761 | WARNING  | __main__:<module>:30 - precision		mean:0.706	std:0.034
2022-10-29 21:35:56.762 | WARNING  | __main__:<module>:31 - recall		mean:0.644	std:0.059
2022-10-29 21:35:56.763 | WARNING  | __main__:<module>:32 - f1		mean:0.673	std:0.04
2022-10-29 21:35:57.120 | WARNING  | __main__:<module>:19 - 0.643	0.857	0.343	0.49
2022-10-29 21:35:57.138 | WARNING  | __main__:<module>:19 - 0.729	0.944	0.486	0.642
2022-10-29 21:35:57.161 | WARNING  | __main__:<module>:19 - 0.664	0.795	0.443	0.569
2022-10-29 21:35:57.182 | WARNING  | __main__:<module>:19 - 0.629	0.781	0.357	0.49
2022-10-29 21:35:57.199 | WARNING  | __main__:<module>:19 - 0.736	0.923	0.514	0.661
2022-10-29 21:35:57.216 | WARNING  | __main__:<module>:19 - 0.736	0.946	0.5	0.654
2022-10-29 21:35:57.229 | WARNING  | __main__:<module>:19 - 0.643	0.763	0.414	0.537
2022-10-29 21:35:57.243 | WARNING  | __main__:<module>:19 - 0.707	0.914	0.457	0.61
2022-10-29 21:35:57.255 | WARNING  | __main__:<module>:19 - 0.721	0.83	0.557	0.667
2022-10-29 21:35:57.270 | WARNING  | __main__:<module>:19 - 0.714	0.857	0.514	0.643
2022-10-29 21:35:57.271 | WARNING  | __main__:<module>:21 - accuracy		mean:0.692	std:0.04
2022-10-29 21:35:57.273 | WARNING  | __main__:<module>:22 - precision		mean:0.861	std:0.065
2022-10-29 21:35:57.274 | WARNING  | __main__:<module>:23 - recall		mean:0.459	std:0.067
2022-10-29 21:35:57.275 | WARNING  | __main__:<module>:24 - f1		mean:0.596	std:0.066
2022-10-29 21:37:10.000 | INFO     | __main__:<module>:80 - 使用嵌入法 RandomForestClassifier 进行特征选择,剩余(1278, 16)个特征
2022-10-29 21:37:10.002 | INFO     | __main__:<module>:90 - 剩余的特征是：['年龄', '血红蛋白', '白蛋白', '总胆红素', '尿素', '肌酐', '尿酸', '总胆固醇', '糖化血红蛋白', '活化部分凝血活酶时间（APTT）', '尿蛋白定量', '24h尿蛋白定量', '病程', 'C2/C0', 'NLR', '胰岛素抵抗指数']
2022-10-29 21:37:10.019 | INFO     | __main__:<module>:111 - 使用 SMOTETomek 混合采样
2022-10-29 21:37:10.021 | INFO     | __main__:<module>:115 - 数据平衡前：非DPN组有530条,DPN组有748条
2022-10-29 21:37:10.074 | INFO     | __main__:<module>:117 - 数据平衡后：非DPN组有700条,DPN组有700条
2022-10-29 21:37:10.618 | WARNING  | __main__:<module>:27 - {'estimator__bootstrap': True, 'estimator__ccp_alpha': 0.0, 'estimator__class_weight': None, 'estimator__criterion': 'gini', 'estimator__max_depth': 9, 'estimator__max_features': 'auto', 'estimator__max_leaf_nodes': None, 'estimator__max_samples': None, 'estimator__min_impurity_decrease': 0.0, 'estimator__min_impurity_split': None, 'estimator__min_samples_leaf': 1, 'estimator__min_samples_split': 2, 'estimator__min_weight_fraction_leaf': 0.0, 'estimator__n_estimators': 200, 'estimator__n_jobs': None, 'estimator__oob_score': False, 'estimator__random_state': 43, 'estimator__verbose': 0, 'estimator__warm_start': False, 'estimator': RandomForestClassifier(max_depth=9, n_estimators=200, random_state=43), 'importance_getter': 'auto', 'max_features': None, 'norm_order': 1, 'prefit': True, 'threshold': None}
2022-10-29 21:37:11.858 | WARNING  | __main__:<module>:41 - 0.686	0.717	0.614	0.662
2022-10-29 21:37:12.474 | WARNING  | __main__:<module>:41 - 0.786	0.833	0.714	0.769
2022-10-29 21:37:13.015 | WARNING  | __main__:<module>:41 - 0.757	0.773	0.729	0.75
2022-10-29 21:37:13.648 | WARNING  | __main__:<module>:41 - 0.8	0.809	0.786	0.797
2022-10-29 21:37:14.193 | WARNING  | __main__:<module>:41 - 0.707	0.723	0.671	0.696
2022-10-29 21:37:14.749 | WARNING  | __main__:<module>:41 - 0.793	0.797	0.786	0.791
2022-10-29 21:37:15.270 | WARNING  | __main__:<module>:41 - 0.743	0.758	0.714	0.735
2022-10-29 21:37:15.798 | WARNING  | __main__:<module>:41 - 0.771	0.797	0.729	0.761
2022-10-29 21:37:16.322 | WARNING  | __main__:<module>:41 - 0.757	0.781	0.714	0.746
2022-10-29 21:37:16.848 | WARNING  | __main__:<module>:41 - 0.814	0.789	0.857	0.822
2022-10-29 21:37:16.850 | WARNING  | __main__:<module>:43 - accuracy		mean:0.761	std:0.039
2022-10-29 21:37:16.852 | WARNING  | __main__:<module>:44 - precision		mean:0.778	std:0.035
2022-10-29 21:37:16.853 | WARNING  | __main__:<module>:45 - recall		mean:0.731	std:0.063
2022-10-29 21:37:16.855 | WARNING  | __main__:<module>:46 - f1		mean:0.753	std:0.045
2022-10-29 21:37:19.023 | WARNING  | __main__:<module>:11 - {'C': 0.9899203552790449, 'break_ties': False, 'cache_size': 200, 'class_weight': None, 'coef0': 0.0, 'decision_function_shape': 'ovr', 'degree': 3, 'gamma': 0.8098439704037791, 'kernel': 'rbf', 'max_iter': -1, 'probability': True, 'random_state': 43, 'shrinking': True, 'tol': 0.001, 'verbose': False}
2022-10-29 21:37:19.501 | WARNING  | __main__:<module>:24 - 0.729	0.682	0.857	0.759
2022-10-29 21:37:19.999 | WARNING  | __main__:<module>:24 - 0.764	0.695	0.943	0.8
2022-10-29 21:37:20.471 | WARNING  | __main__:<module>:24 - 0.807	0.747	0.929	0.828
2022-10-29 21:37:20.897 | WARNING  | __main__:<module>:24 - 0.757	0.696	0.914	0.79
2022-10-29 21:37:21.315 | WARNING  | __main__:<module>:24 - 0.8	0.75	0.9	0.818
2022-10-29 21:37:21.744 | WARNING  | __main__:<module>:24 - 0.8	0.733	0.943	0.825
2022-10-29 21:37:22.158 | WARNING  | __main__:<module>:24 - 0.786	0.727	0.914	0.81
2022-10-29 21:37:22.574 | WARNING  | __main__:<module>:24 - 0.793	0.753	0.871	0.808
2022-10-29 21:37:22.993 | WARNING  | __main__:<module>:24 - 0.779	0.729	0.886	0.8
2022-10-29 21:37:23.423 | WARNING  | __main__:<module>:24 - 0.764	0.713	0.886	0.79
2022-10-29 21:37:23.424 | WARNING  | __main__:<module>:26 - accuracy		mean:0.778	std:0.023
2022-10-29 21:37:23.426 | WARNING  | __main__:<module>:27 - precision		mean:0.723	std:0.024
2022-10-29 21:37:23.427 | WARNING  | __main__:<module>:28 - recall		mean:0.904	std:0.028
2022-10-29 21:37:23.429 | WARNING  | __main__:<module>:29 - f1		mean:0.803	std:0.019
2022-10-29 21:37:26.060 | INFO     | __main__:<module>:18 - 调参结束，最佳结果为:0.6880952380952381
2022-10-29 21:37:26.062 | INFO     | __main__:<module>:19 - 调参结束，最佳参数为:{'penalty': 'none', 'C': 0.00010388009035707987, 'max_iter': 2576}
2022-10-29 21:37:26.120 | WARNING  | __main__:<module>:15 - {'C': 0.00010388009035707987, 'class_weight': None, 'dual': False, 'fit_intercept': True, 'intercept_scaling': 1, 'l1_ratio': None, 'max_iter': 2576, 'multi_class': 'auto', 'n_jobs': None, 'penalty': 'none', 'random_state': None, 'solver': 'lbfgs', 'tol': 0.0001, 'verbose': 0, 'warm_start': False}
2022-10-29 21:37:26.138 | WARNING  | __main__:<module>:28 - 0.629	0.645	0.571	0.606
2022-10-29 21:37:26.153 | WARNING  | __main__:<module>:28 - 0.65	0.657	0.629	0.642
2022-10-29 21:37:26.166 | WARNING  | __main__:<module>:28 - 0.671	0.688	0.629	0.657
2022-10-29 21:37:26.182 | WARNING  | __main__:<module>:28 - 0.671	0.676	0.657	0.667
2022-10-29 21:37:26.198 | WARNING  | __main__:<module>:28 - 0.679	0.671	0.7	0.685
2022-10-29 21:37:26.212 | WARNING  | __main__:<module>:28 - 0.721	0.725	0.714	0.719
2022-10-29 21:37:26.226 | WARNING  | __main__:<module>:28 - 0.7	0.733	0.629	0.677
2022-10-29 21:37:26.241 | WARNING  | __main__:<module>:28 - 0.657	0.649	0.686	0.667
2022-10-29 21:37:26.256 | WARNING  | __main__:<module>:28 - 0.75	0.769	0.714	0.741
2022-10-29 21:37:26.274 | WARNING  | __main__:<module>:28 - 0.743	0.743	0.743	0.743
2022-10-29 21:37:26.276 | WARNING  | __main__:<module>:30 - accuracy		mean:0.687	std:0.038
2022-10-29 21:37:26.278 | WARNING  | __main__:<module>:31 - precision		mean:0.696	std:0.041
2022-10-29 21:37:26.280 | WARNING  | __main__:<module>:32 - recall		mean:0.667	std:0.05
2022-10-29 21:37:26.282 | WARNING  | __main__:<module>:33 - f1		mean:0.68	std:0.041
2022-10-29 21:37:26.763 | WARNING  | __main__:<module>:11 - {'estimator__bootstrap': True, 'estimator__ccp_alpha': 0.0, 'estimator__class_weight': None, 'estimator__criterion': 'gini', 'estimator__max_depth': 9, 'estimator__max_features': 'auto', 'estimator__max_leaf_nodes': None, 'estimator__max_samples': None, 'estimator__min_impurity_decrease': 0.0, 'estimator__min_impurity_split': None, 'estimator__min_samples_leaf': 1, 'estimator__min_samples_split': 2, 'estimator__min_weight_fraction_leaf': 0.0, 'estimator__n_estimators': 200, 'estimator__n_jobs': None, 'estimator__oob_score': False, 'estimator__random_state': 43, 'estimator__verbose': 0, 'estimator__warm_start': False, 'estimator': RandomForestClassifier(max_depth=9, n_estimators=200, random_state=43), 'importance_getter': 'auto', 'max_features': None, 'norm_order': 1, 'prefit': True, 'threshold': None}
2022-10-29 21:37:27.943 | WARNING  | __main__:<module>:24 - 0.729	0.796	0.614	0.694
2022-10-29 21:37:29.093 | WARNING  | __main__:<module>:24 - 0.743	0.766	0.7	0.731
2022-10-29 21:37:30.225 | WARNING  | __main__:<module>:24 - 0.7	0.741	0.614	0.672
2022-10-29 21:37:31.366 | WARNING  | __main__:<module>:24 - 0.714	0.75	0.643	0.692
2022-10-29 21:37:32.502 | WARNING  | __main__:<module>:24 - 0.736	0.754	0.7	0.726
2022-10-29 21:37:33.640 | WARNING  | __main__:<module>:24 - 0.793	0.825	0.743	0.782
2022-10-29 21:37:34.780 | WARNING  | __main__:<module>:24 - 0.743	0.774	0.686	0.727
2022-10-29 21:37:35.942 | WARNING  | __main__:<module>:24 - 0.771	0.797	0.729	0.761
2022-10-29 21:37:37.074 | WARNING  | __main__:<module>:24 - 0.75	0.787	0.686	0.733
2022-10-29 21:37:38.178 | WARNING  | __main__:<module>:24 - 0.786	0.778	0.8	0.789
2022-10-29 21:37:38.179 | WARNING  | __main__:<module>:26 - accuracy		mean:0.746	std:0.028
2022-10-29 21:37:38.180 | WARNING  | __main__:<module>:27 - precision		mean:0.777	std:0.024
2022-10-29 21:37:38.181 | WARNING  | __main__:<module>:28 - recall		mean:0.691	std:0.055
2022-10-29 21:37:38.182 | WARNING  | __main__:<module>:29 - f1		mean:0.731	std:0.036
2022-10-29 21:37:39.845 | WARNING  | __main__:<module>:14 - {'ccp_alpha': 0.0, 'class_weight': None, 'criterion': 'entropy', 'max_depth': 16, 'max_features': None, 'max_leaf_nodes': None, 'min_impurity_decrease': 0.0, 'min_impurity_split': None, 'min_samples_leaf': 1, 'min_samples_split': 2, 'min_weight_fraction_leaf': 0.0, 'random_state': 43, 'splitter': 'best'}
2022-10-29 21:37:39.875 | WARNING  | __main__:<module>:27 - 0.657	0.677	0.6	0.636
2022-10-29 21:37:39.904 | WARNING  | __main__:<module>:27 - 0.743	0.766	0.7	0.731
2022-10-29 21:37:39.929 | WARNING  | __main__:<module>:27 - 0.693	0.701	0.671	0.686
2022-10-29 21:37:39.955 | WARNING  | __main__:<module>:27 - 0.643	0.661	0.586	0.621
2022-10-29 21:37:39.981 | WARNING  | __main__:<module>:27 - 0.693	0.685	0.714	0.699
2022-10-29 21:37:40.007 | WARNING  | __main__:<module>:27 - 0.679	0.719	0.586	0.646
2022-10-29 21:37:40.031 | WARNING  | __main__:<module>:27 - 0.643	0.672	0.557	0.609
2022-10-29 21:37:40.057 | WARNING  | __main__:<module>:27 - 0.707	0.754	0.614	0.677
2022-10-29 21:37:40.081 | WARNING  | __main__:<module>:27 - 0.7	0.689	0.729	0.708
2022-10-29 21:37:40.105 | WARNING  | __main__:<module>:27 - 0.721	0.738	0.686	0.711
2022-10-29 21:37:40.106 | WARNING  | __main__:<module>:29 - accuracy		mean:0.688	std:0.031
2022-10-29 21:37:40.107 | WARNING  | __main__:<module>:30 - precision		mean:0.706	std:0.034
2022-10-29 21:37:40.108 | WARNING  | __main__:<module>:31 - recall		mean:0.644	std:0.059
2022-10-29 21:37:40.109 | WARNING  | __main__:<module>:32 - f1		mean:0.673	std:0.04
2022-10-29 21:37:40.746 | WARNING  | __main__:<module>:19 - 0.643	0.857	0.343	0.49
2022-10-29 21:37:40.762 | WARNING  | __main__:<module>:19 - 0.729	0.944	0.486	0.642
2022-10-29 21:37:40.777 | WARNING  | __main__:<module>:19 - 0.664	0.795	0.443	0.569
2022-10-29 21:37:40.794 | WARNING  | __main__:<module>:19 - 0.629	0.781	0.357	0.49
2022-10-29 21:37:40.811 | WARNING  | __main__:<module>:19 - 0.736	0.923	0.514	0.661
2022-10-29 21:37:40.825 | WARNING  | __main__:<module>:19 - 0.736	0.946	0.5	0.654
2022-10-29 21:37:40.842 | WARNING  | __main__:<module>:19 - 0.643	0.763	0.414	0.537
2022-10-29 21:37:40.859 | WARNING  | __main__:<module>:19 - 0.707	0.914	0.457	0.61
2022-10-29 21:37:40.876 | WARNING  | __main__:<module>:19 - 0.721	0.83	0.557	0.667
2022-10-29 21:37:40.892 | WARNING  | __main__:<module>:19 - 0.714	0.857	0.514	0.643
2022-10-29 21:37:40.894 | WARNING  | __main__:<module>:21 - accuracy		mean:0.692	std:0.04
2022-10-29 21:37:40.895 | WARNING  | __main__:<module>:22 - precision		mean:0.861	std:0.065
2022-10-29 21:37:40.897 | WARNING  | __main__:<module>:23 - recall		mean:0.459	std:0.067
2022-10-29 21:37:40.898 | WARNING  | __main__:<module>:24 - f1		mean:0.596	std:0.066
2022-10-29 21:43:25.259 | WARNING  | __main__:<module>:11 - {'C': 0.9899203552790449, 'break_ties': False, 'cache_size': 200, 'class_weight': None, 'coef0': 0.0, 'decision_function_shape': 'ovr', 'degree': 3, 'gamma': 0.8098439704037791, 'kernel': 'rbf', 'max_iter': -1, 'probability': True, 'random_state': 43, 'shrinking': True, 'tol': 0.001, 'verbose': False}
2022-10-29 21:43:25.713 | WARNING  | __main__:<module>:24 - 0.729	0.682	0.857	0.759
2022-10-29 21:43:26.127 | WARNING  | __main__:<module>:24 - 0.764	0.695	0.943	0.8
2022-10-29 21:43:26.547 | WARNING  | __main__:<module>:24 - 0.807	0.747	0.929	0.828
2022-10-29 21:43:26.961 | WARNING  | __main__:<module>:24 - 0.757	0.696	0.914	0.79
2022-10-29 21:43:27.384 | WARNING  | __main__:<module>:24 - 0.8	0.75	0.9	0.818
2022-10-29 21:43:27.796 | WARNING  | __main__:<module>:24 - 0.8	0.733	0.943	0.825
2022-10-29 21:43:28.220 | WARNING  | __main__:<module>:24 - 0.786	0.727	0.914	0.81
2022-10-29 21:43:28.644 | WARNING  | __main__:<module>:24 - 0.793	0.753	0.871	0.808
2022-10-29 21:43:29.070 | WARNING  | __main__:<module>:24 - 0.779	0.729	0.886	0.8
2022-10-29 21:43:29.487 | WARNING  | __main__:<module>:24 - 0.764	0.713	0.886	0.79
2022-10-29 21:43:29.489 | WARNING  | __main__:<module>:26 - accuracy		mean:0.735	std:0.054
2022-10-29 21:43:29.490 | WARNING  | __main__:<module>:27 - precision		mean:0.792	std:0.085
2022-10-29 21:43:29.491 | WARNING  | __main__:<module>:28 - recall		mean:0.681	std:0.229
2022-10-29 21:43:29.493 | WARNING  | __main__:<module>:29 - f1		mean:0.699	std:0.114
2022-10-29 23:32:27.977 | INFO     | __main__:<module>:80 - 使用嵌入法 RandomForestClassifier 进行特征选择,剩余(1278, 16)个特征
2022-10-29 23:32:27.979 | INFO     | __main__:<module>:90 - 剩余的特征是：['年龄', '血红蛋白', '白蛋白', '总胆红素', '尿素', '肌酐', '尿酸', '总胆固醇', '糖化血红蛋白', '活化部分凝血活酶时间（APTT）', '尿蛋白定量', '24h尿蛋白定量', '病程', 'C2/C0', 'NLR', '胰岛素抵抗指数']
2022-10-29 23:32:27.994 | INFO     | __main__:<module>:111 - 使用 SMOTETomek 混合采样
2022-10-29 23:32:27.996 | INFO     | __main__:<module>:115 - 数据平衡前：非DPN组有530条,DPN组有748条
2022-10-29 23:32:28.037 | INFO     | __main__:<module>:117 - 数据平衡后：非DPN组有700条,DPN组有700条
2022-10-29 23:32:28.575 | WARNING  | __main__:<module>:27 - {'estimator__bootstrap': True, 'estimator__ccp_alpha': 0.0, 'estimator__class_weight': None, 'estimator__criterion': 'gini', 'estimator__max_depth': 9, 'estimator__max_features': 'auto', 'estimator__max_leaf_nodes': None, 'estimator__max_samples': None, 'estimator__min_impurity_decrease': 0.0, 'estimator__min_impurity_split': None, 'estimator__min_samples_leaf': 1, 'estimator__min_samples_split': 2, 'estimator__min_weight_fraction_leaf': 0.0, 'estimator__n_estimators': 200, 'estimator__n_jobs': None, 'estimator__oob_score': False, 'estimator__random_state': 43, 'estimator__verbose': 0, 'estimator__warm_start': False, 'estimator': RandomForestClassifier(max_depth=9, n_estimators=200, random_state=43), 'importance_getter': 'auto', 'max_features': None, 'norm_order': 1, 'prefit': True, 'threshold': None}
2022-10-29 23:32:29.809 | WARNING  | __main__:<module>:41 - 0.686	0.717	0.614	0.662
2022-10-29 23:32:30.369 | WARNING  | __main__:<module>:41 - 0.786	0.833	0.714	0.769
2022-10-29 23:32:30.947 | WARNING  | __main__:<module>:41 - 0.757	0.773	0.729	0.75
2022-10-29 23:32:31.476 | WARNING  | __main__:<module>:41 - 0.8	0.809	0.786	0.797
2022-10-29 23:32:32.030 | WARNING  | __main__:<module>:41 - 0.707	0.723	0.671	0.696
2022-10-29 23:32:32.604 | WARNING  | __main__:<module>:41 - 0.793	0.797	0.786	0.791
2022-10-29 23:32:33.120 | WARNING  | __main__:<module>:41 - 0.743	0.758	0.714	0.735
2022-10-29 23:32:33.641 | WARNING  | __main__:<module>:41 - 0.771	0.797	0.729	0.761
2022-10-29 23:32:34.226 | WARNING  | __main__:<module>:41 - 0.757	0.781	0.714	0.746
2022-10-29 23:32:34.796 | WARNING  | __main__:<module>:41 - 0.814	0.789	0.857	0.822
2022-10-29 23:32:34.798 | WARNING  | __main__:<module>:43 - accuracy		mean:0.761	std:0.039
2022-10-29 23:32:34.800 | WARNING  | __main__:<module>:44 - precision		mean:0.778	std:0.035
2022-10-29 23:32:34.802 | WARNING  | __main__:<module>:45 - recall		mean:0.731	std:0.063
2022-10-29 23:32:34.804 | WARNING  | __main__:<module>:46 - f1		mean:0.753	std:0.045
2022-10-29 23:32:36.991 | WARNING  | __main__:<module>:11 - {'C': 0.9899203552790449, 'break_ties': False, 'cache_size': 200, 'class_weight': None, 'coef0': 0.0, 'decision_function_shape': 'ovr', 'degree': 3, 'gamma': 0.8098439704037791, 'kernel': 'rbf', 'max_iter': -1, 'probability': True, 'random_state': 43, 'shrinking': True, 'tol': 0.001, 'verbose': False}
2022-10-29 23:32:37.435 | WARNING  | __main__:<module>:24 - 0.729	0.682	0.857	0.759
2022-10-29 23:32:37.884 | WARNING  | __main__:<module>:24 - 0.764	0.695	0.943	0.8
2022-10-29 23:32:38.331 | WARNING  | __main__:<module>:24 - 0.807	0.747	0.929	0.828
2022-10-29 23:32:38.766 | WARNING  | __main__:<module>:24 - 0.757	0.696	0.914	0.79
2022-10-29 23:32:39.194 | WARNING  | __main__:<module>:24 - 0.8	0.75	0.9	0.818
2022-10-29 23:32:39.613 | WARNING  | __main__:<module>:24 - 0.8	0.733	0.943	0.825
2022-10-29 23:32:40.029 | WARNING  | __main__:<module>:24 - 0.786	0.727	0.914	0.81
2022-10-29 23:32:40.466 | WARNING  | __main__:<module>:24 - 0.793	0.753	0.871	0.808
2022-10-29 23:32:40.885 | WARNING  | __main__:<module>:24 - 0.779	0.729	0.886	0.8
2022-10-29 23:32:41.313 | WARNING  | __main__:<module>:24 - 0.764	0.713	0.886	0.79
2022-10-29 23:32:41.314 | WARNING  | __main__:<module>:26 - accuracy		mean:0.778	std:0.023
2022-10-29 23:32:41.315 | WARNING  | __main__:<module>:27 - precision		mean:0.723	std:0.024
2022-10-29 23:32:41.316 | WARNING  | __main__:<module>:28 - recall		mean:0.904	std:0.028
2022-10-29 23:32:41.317 | WARNING  | __main__:<module>:29 - f1		mean:0.803	std:0.019
2022-10-29 23:39:19.451 | INFO     | __main__:<module>:18 - 调参结束，最佳结果为:0.6880952380952381
2022-10-29 23:39:19.454 | INFO     | __main__:<module>:19 - 调参结束，最佳参数为:{'penalty': 'none', 'C': 0.3438055972271518, 'max_iter': 4982}
2022-10-29 23:39:19.512 | WARNING  | __main__:<module>:15 - {'C': 0.3438055972271518, 'class_weight': None, 'dual': False, 'fit_intercept': True, 'intercept_scaling': 1, 'l1_ratio': None, 'max_iter': 4982, 'multi_class': 'auto', 'n_jobs': None, 'penalty': 'none', 'random_state': None, 'solver': 'lbfgs', 'tol': 0.0001, 'verbose': 0, 'warm_start': False}
2022-10-29 23:39:19.529 | WARNING  | __main__:<module>:28 - 0.629	0.645	0.571	0.606
2022-10-29 23:39:19.544 | WARNING  | __main__:<module>:28 - 0.65	0.657	0.629	0.642
2022-10-29 23:39:19.558 | WARNING  | __main__:<module>:28 - 0.671	0.688	0.629	0.657
2022-10-29 23:39:19.573 | WARNING  | __main__:<module>:28 - 0.671	0.676	0.657	0.667
2022-10-29 23:39:19.586 | WARNING  | __main__:<module>:28 - 0.679	0.671	0.7	0.685
2022-10-29 23:39:19.599 | WARNING  | __main__:<module>:28 - 0.721	0.725	0.714	0.719
2022-10-29 23:39:19.613 | WARNING  | __main__:<module>:28 - 0.7	0.733	0.629	0.677
2022-10-29 23:39:19.628 | WARNING  | __main__:<module>:28 - 0.657	0.649	0.686	0.667
2022-10-29 23:39:19.641 | WARNING  | __main__:<module>:28 - 0.75	0.769	0.714	0.741
2022-10-29 23:39:19.654 | WARNING  | __main__:<module>:28 - 0.743	0.743	0.743	0.743
2022-10-29 23:39:19.656 | WARNING  | __main__:<module>:30 - accuracy		mean:0.687	std:0.038
2022-10-29 23:39:19.657 | WARNING  | __main__:<module>:31 - precision		mean:0.696	std:0.041
2022-10-29 23:39:19.658 | WARNING  | __main__:<module>:32 - recall		mean:0.667	std:0.05
2022-10-29 23:39:19.659 | WARNING  | __main__:<module>:33 - f1		mean:0.68	std:0.041
2022-10-29 23:39:20.201 | WARNING  | __main__:<module>:11 - {'estimator__bootstrap': True, 'estimator__ccp_alpha': 0.0, 'estimator__class_weight': None, 'estimator__criterion': 'gini', 'estimator__max_depth': 9, 'estimator__max_features': 'auto', 'estimator__max_leaf_nodes': None, 'estimator__max_samples': None, 'estimator__min_impurity_decrease': 0.0, 'estimator__min_impurity_split': None, 'estimator__min_samples_leaf': 1, 'estimator__min_samples_split': 2, 'estimator__min_weight_fraction_leaf': 0.0, 'estimator__n_estimators': 200, 'estimator__n_jobs': None, 'estimator__oob_score': False, 'estimator__random_state': 43, 'estimator__verbose': 0, 'estimator__warm_start': False, 'estimator': RandomForestClassifier(max_depth=9, n_estimators=200, random_state=43), 'importance_getter': 'auto', 'max_features': None, 'norm_order': 1, 'prefit': True, 'threshold': None}
2022-10-29 23:39:21.434 | WARNING  | __main__:<module>:24 - 0.729	0.796	0.614	0.694
2022-10-29 23:39:22.624 | WARNING  | __main__:<module>:24 - 0.743	0.766	0.7	0.731
2022-10-29 23:39:23.815 | WARNING  | __main__:<module>:24 - 0.7	0.741	0.614	0.672
2022-10-29 23:39:25.012 | WARNING  | __main__:<module>:24 - 0.714	0.75	0.643	0.692
2022-10-29 23:39:26.244 | WARNING  | __main__:<module>:24 - 0.736	0.754	0.7	0.726
