2022-10-17 10:17:44.307 | INFO     | __main__:<module>:62 - 使用嵌入法进行特征选择,剩余(1093, 47)个特征
2022-10-17 10:17:44.309 | INFO     | __main__:<module>:98 - 使用 SMOTETomek 混合采样
2022-10-17 10:17:44.345 | INFO     | __main__:<module>:103 - 数据平衡前：非DPN组有490条,DPN组有603条
2022-10-17 10:17:44.346 | INFO     | __main__:<module>:104 - 数据平衡后：非DPN组有549条,DPN组有549条
2022-10-17 10:18:02.306 | INFO     | __main__:<module>:136 - {'max_depth': 4, 'grow_policy': 'lossguide', 'learning_rate': 0.13136140127563506, 'gamma': 5.501309451464072e-05, 'reg_lambda': 7.767370126948647e-06, 'reg_alpha': 4.271832303768911e-05, 'subsample': 0.8961387714868465, 'colsample_bytree': 0.435259019547059}
2022-10-17 10:18:02.440 | WARNING  | __main__:<module>:151 - 0.755	0.75	0.836	0.791
2022-10-17 10:18:03.173 | WARNING  | __main__:<module>:151 - 0.755	0.793	0.754	0.773
2022-10-17 10:18:03.880 | WARNING  | __main__:<module>:151 - 0.718	0.727	0.787	0.756
2022-10-17 10:18:04.606 | WARNING  | __main__:<module>:151 - 0.798	0.797	0.85	0.823
2022-10-17 10:18:05.307 | WARNING  | __main__:<module>:151 - 0.78	0.765	0.867	0.812
2022-10-17 10:18:06.005 | WARNING  | __main__:<module>:151 - 0.761	0.766	0.817	0.79
2022-10-17 10:18:06.721 | WARNING  | __main__:<module>:151 - 0.807	0.8	0.867	0.832
2022-10-17 10:18:07.444 | WARNING  | __main__:<module>:151 - 0.697	0.737	0.7	0.718
2022-10-17 10:18:08.253 | WARNING  | __main__:<module>:151 - 0.771	0.769	0.833	0.8
2022-10-17 10:18:08.957 | WARNING  | __main__:<module>:151 - 0.817	0.794	0.9	0.844
2022-10-17 10:18:09.555 | WARNING  | __main__:<module>:157 - accuracy		mean:0.766	std:0.036
2022-10-17 10:18:09.556 | WARNING  | __main__:<module>:159 - precision		mean:0.77	std:0.025
2022-10-17 10:18:09.557 | WARNING  | __main__:<module>:161 - recall		mean:0.821	std:0.057
2022-10-17 10:18:09.558 | WARNING  | __main__:<module>:163 - f1		mean:0.794	std:0.036
2022-10-17 11:35:09.221 | INFO     | __main__:<module>:106 - 0.8
2022-10-17 11:35:09.221 | INFO     | __main__:<module>:107 - {'score_func': <class 'sklearn.svm._classes.LinearSVC'>, 'k': 34, 'max_depth': 3, 'grow_policy': 'depthwise', 'learning_rate': 0.39421725748102693, 'gamma': 0.006944335643441332, 'reg_lambda': 0.0727248509351361, 'reg_alpha': 5.04127875259491e-07, 'subsample': 0.28873259000807927, 'colsample_bytree': 0.5951272654725699}
