2022-10-18 15:17:55.055 | INFO     | __main__:<module>:50 - 使用 互信息法 进行特征筛选
2022-10-18 15:17:55.757 | INFO     | __main__:<module>:98 - 使用 SMOTETomek 混合采样
2022-10-18 15:17:55.792 | INFO     | __main__:<module>:103 - 数据平衡前：非DPN组有490条,DPN组有603条
2022-10-18 15:17:55.792 | INFO     | __main__:<module>:104 - 数据平衡后：非DPN组有532条,DPN组有532条
2022-10-18 15:18:13.956 | INFO     | __main__:<module>:136 - {'max_depth': 9, 'grow_policy': 'lossguide', 'learning_rate': 0.03497245485720887, 'gamma': 3.4123969275542273e-06, 'reg_lambda': 8.735065530445439e-05, 'reg_alpha': 4.07449516013122e-08, 'subsample': 0.6556879977090813, 'colsample_bytree': 0.44644096864209826}
2022-10-18 15:18:14.125 | WARNING  | __main__:<module>:151 - 0.845	0.824	0.918	0.868
2022-10-18 15:18:15.194 | WARNING  | __main__:<module>:151 - 0.773	0.81	0.77	0.79
2022-10-18 15:18:16.223 | WARNING  | __main__:<module>:151 - 0.764	0.787	0.787	0.787
2022-10-18 15:18:17.279 | WARNING  | __main__:<module>:151 - 0.835	0.809	0.917	0.859
2022-10-18 15:18:18.428 | WARNING  | __main__:<module>:151 - 0.817	0.823	0.85	0.836
2022-10-18 15:18:19.439 | WARNING  | __main__:<module>:151 - 0.789	0.768	0.883	0.822
2022-10-18 15:18:20.455 | WARNING  | __main__:<module>:151 - 0.853	0.855	0.883	0.869
2022-10-18 15:18:21.485 | WARNING  | __main__:<module>:151 - 0.771	0.778	0.817	0.797
2022-10-18 15:18:22.497 | WARNING  | __main__:<module>:151 - 0.844	0.852	0.867	0.86
2022-10-18 15:18:23.541 | WARNING  | __main__:<module>:151 - 0.826	0.815	0.883	0.848
2022-10-18 15:18:24.404 | WARNING  | __main__:<module>:158 - accuracy		mean:0.812	std:0.033
2022-10-18 15:18:24.405 | WARNING  | __main__:<module>:160 - precision		mean:0.812	std:0.027
2022-10-18 15:18:24.406 | WARNING  | __main__:<module>:162 - recall		mean:0.858	std:0.049
2022-10-18 15:18:24.407 | WARNING  | __main__:<module>:164 - f1		mean:0.834	std:0.031
2022-10-18 15:44:44.270 | INFO     | __main__:<module>:50 - 使用 互信息法 进行特征筛选
2022-10-18 15:44:44.900 | INFO     | __main__:<module>:98 - 使用 SMOTETomek 混合采样
2022-10-18 15:44:44.918 | INFO     | __main__:<module>:103 - 数据平衡前：非DPN组有490条,DPN组有603条
2022-10-18 15:44:44.934 | INFO     | __main__:<module>:104 - 数据平衡后：非DPN组有529条,DPN组有529条
2022-10-18 15:45:02.640 | INFO     | __main__:<module>:136 - {'max_depth': 6, 'grow_policy': 'lossguide', 'learning_rate': 0.00785886380439453, 'gamma': 1.1640076510435446e-06, 'reg_lambda': 5.314161203089836e-06, 'reg_alpha': 0.2022603734530431, 'subsample': 0.8925974162899694, 'colsample_bytree': 0.44959712092492937}
2022-10-18 15:45:02.797 | WARNING  | __main__:<module>:151 - 0.736	0.735	0.82	0.775
2022-10-18 15:45:03.640 | WARNING  | __main__:<module>:151 - 0.773	0.781	0.82	0.8
2022-10-18 15:45:04.495 | WARNING  | __main__:<module>:151 - 0.7	0.712	0.77	0.74
2022-10-18 15:45:05.359 | WARNING  | __main__:<module>:151 - 0.798	0.764	0.917	0.833
2022-10-18 15:45:06.215 | WARNING  | __main__:<module>:151 - 0.826	0.806	0.9	0.85
2022-10-18 15:45:07.055 | WARNING  | __main__:<module>:151 - 0.725	0.721	0.817	0.766
2022-10-18 15:45:07.923 | WARNING  | __main__:<module>:151 - 0.844	0.841	0.883	0.862
2022-10-18 15:45:08.771 | WARNING  | __main__:<module>:151 - 0.771	0.778	0.817	0.797
2022-10-18 15:45:09.662 | WARNING  | __main__:<module>:151 - 0.78	0.773	0.85	0.81
2022-10-18 15:45:10.517 | WARNING  | __main__:<module>:151 - 0.798	0.779	0.883	0.828
2022-10-18 15:45:11.391 | WARNING  | __main__:<module>:158 - accuracy		mean:0.775	std:0.043
2022-10-18 15:45:11.391 | WARNING  | __main__:<module>:160 - precision		mean:0.769	std:0.037
2022-10-18 15:45:11.391 | WARNING  | __main__:<module>:162 - recall		mean:0.848	std:0.044
2022-10-18 15:45:11.391 | WARNING  | __main__:<module>:164 - f1		mean:0.806	std:0.037
2022-10-18 15:45:27.182 | INFO     | __main__:<module>:50 - 使用 互信息法 进行特征筛选
2022-10-18 15:45:27.850 | INFO     | __main__:<module>:98 - 使用 SMOTETomek 混合采样
2022-10-18 15:45:27.883 | INFO     | __main__:<module>:103 - 数据平衡前：非DPN组有490条,DPN组有603条
2022-10-18 15:45:27.888 | INFO     | __main__:<module>:104 - 数据平衡后：非DPN组有532条,DPN组有532条
2022-10-18 15:45:43.535 | INFO     | __main__:<module>:136 - {'max_depth': 12, 'grow_policy': 'depthwise', 'learning_rate': 0.04120658136197594, 'gamma': 2.2097432839534646e-05, 'reg_lambda': 0.0024888808562325707, 'reg_alpha': 0.001896521826777318, 'subsample': 0.6354222294980831, 'colsample_bytree': 0.4276594449258651}
2022-10-18 15:45:43.701 | WARNING  | __main__:<module>:151 - 0.855	0.836	0.918	0.875
2022-10-18 15:45:44.765 | WARNING  | __main__:<module>:151 - 0.764	0.778	0.803	0.79
2022-10-18 15:45:45.778 | WARNING  | __main__:<module>:151 - 0.727	0.738	0.787	0.762
2022-10-18 15:45:46.848 | WARNING  | __main__:<module>:151 - 0.826	0.797	0.917	0.853
2022-10-18 15:45:47.938 | WARNING  | __main__:<module>:151 - 0.817	0.794	0.9	0.844
2022-10-18 15:45:48.977 | WARNING  | __main__:<module>:151 - 0.826	0.815	0.883	0.848
2022-10-18 15:45:50.034 | WARNING  | __main__:<module>:151 - 0.817	0.803	0.883	0.841
2022-10-18 15:45:51.174 | WARNING  | __main__:<module>:151 - 0.734	0.754	0.767	0.76
2022-10-18 15:45:52.273 | WARNING  | __main__:<module>:151 - 0.853	0.867	0.867	0.867
2022-10-18 15:45:53.370 | WARNING  | __main__:<module>:151 - 0.826	0.806	0.9	0.85
2022-10-18 15:45:54.401 | WARNING  | __main__:<module>:158 - accuracy		mean:0.804	std:0.044
2022-10-18 15:45:54.402 | WARNING  | __main__:<module>:160 - precision		mean:0.799	std:0.035
2022-10-18 15:45:54.402 | WARNING  | __main__:<module>:162 - recall		mean:0.862	std:0.053
2022-10-18 15:45:54.404 | WARNING  | __main__:<module>:164 - f1		mean:0.829	std:0.04
2022-10-18 15:46:56.154 | INFO     | __main__:<module>:50 - 使用 互信息法 进行特征筛选
2022-10-18 15:46:56.809 | INFO     | __main__:<module>:98 - 使用 SMOTETomek 混合采样
2022-10-18 15:46:56.833 | INFO     | __main__:<module>:103 - 数据平衡前：非DPN组有490条,DPN组有603条
2022-10-18 15:46:56.843 | INFO     | __main__:<module>:104 - 数据平衡后：非DPN组有528条,DPN组有528条
2022-10-18 15:47:14.958 | INFO     | __main__:<module>:136 - {'max_depth': 12, 'grow_policy': 'depthwise', 'learning_rate': 6.193350790375622e-07, 'gamma': 0.0003130814771599512, 'reg_lambda': 9.164837759335869e-06, 'reg_alpha': 9.229944940503436e-06, 'subsample': 0.35575996407371535, 'colsample_bytree': 0.9483709553610138}
2022-10-18 15:47:15.124 | WARNING  | __main__:<module>:151 - 0.773	0.75	0.885	0.812
2022-10-18 15:47:16.048 | WARNING  | __main__:<module>:151 - 0.755	0.766	0.803	0.784
2022-10-18 15:47:17.066 | WARNING  | __main__:<module>:151 - 0.773	0.765	0.852	0.806
2022-10-18 15:47:18.161 | WARNING  | __main__:<module>:151 - 0.789	0.776	0.867	0.819
2022-10-18 15:47:19.187 | WARNING  | __main__:<module>:151 - 0.789	0.785	0.85	0.816
2022-10-18 15:47:20.125 | WARNING  | __main__:<module>:151 - 0.78	0.765	0.867	0.812
2022-10-18 15:47:21.078 | WARNING  | __main__:<module>:151 - 0.835	0.839	0.867	0.852
2022-10-18 15:47:22.043 | WARNING  | __main__:<module>:151 - 0.761	0.774	0.8	0.787
2022-10-18 15:47:22.983 | WARNING  | __main__:<module>:151 - 0.807	0.82	0.833	0.826
2022-10-18 15:47:23.929 | WARNING  | __main__:<module>:151 - 0.817	0.794	0.9	0.844
2022-10-18 15:47:24.722 | WARNING  | __main__:<module>:158 - accuracy		mean:0.788	std:0.024
2022-10-18 15:47:24.722 | WARNING  | __main__:<module>:160 - precision		mean:0.783	std:0.026
2022-10-18 15:47:24.722 | WARNING  | __main__:<module>:162 - recall		mean:0.852	std:0.031
2022-10-18 15:47:24.722 | WARNING  | __main__:<module>:164 - f1		mean:0.816	std:0.021
2022-10-18 15:48:09.412 | INFO     | __main__:<module>:50 - 使用 互信息法 进行特征筛选
2022-10-18 15:48:10.095 | INFO     | __main__:<module>:98 - 使用 SMOTETomek 混合采样
2022-10-18 15:48:10.128 | INFO     | __main__:<module>:103 - 数据平衡前：非DPN组有490条,DPN组有603条
2022-10-18 15:48:10.130 | INFO     | __main__:<module>:104 - 数据平衡后：非DPN组有532条,DPN组有532条
2022-10-18 15:48:27.182 | INFO     | __main__:<module>:136 - {'max_depth': 7, 'grow_policy': 'depthwise', 'learning_rate': 0.0631163142905222, 'gamma': 3.3890745603275364e-07, 'reg_lambda': 0.008096409895420093, 'reg_alpha': 7.433583599861464e-08, 'subsample': 0.8732553044245204, 'colsample_bytree': 0.6572157720175774}
2022-10-18 15:48:27.344 | WARNING  | __main__:<module>:151 - 0.764	0.761	0.836	0.797
2022-10-18 15:48:28.226 | WARNING  | __main__:<module>:151 - 0.755	0.774	0.787	0.78
2022-10-18 15:48:29.125 | WARNING  | __main__:<module>:151 - 0.755	0.783	0.77	0.777
2022-10-18 15:48:29.992 | WARNING  | __main__:<module>:151 - 0.807	0.783	0.9	0.837
2022-10-18 15:48:30.860 | WARNING  | __main__:<module>:151 - 0.826	0.86	0.817	0.838
2022-10-18 15:48:31.741 | WARNING  | __main__:<module>:151 - 0.752	0.754	0.817	0.784
2022-10-18 15:48:32.594 | WARNING  | __main__:<module>:151 - 0.853	0.844	0.9	0.871
2022-10-18 15:48:33.492 | WARNING  | __main__:<module>:151 - 0.743	0.767	0.767	0.767
2022-10-18 15:48:34.376 | WARNING  | __main__:<module>:151 - 0.817	0.833	0.833	0.833
2022-10-18 15:48:35.246 | WARNING  | __main__:<module>:151 - 0.789	0.761	0.9	0.824
2022-10-18 15:48:36.076 | WARNING  | __main__:<module>:158 - accuracy		mean:0.786	std:0.036
2022-10-18 15:48:36.091 | WARNING  | __main__:<module>:160 - precision		mean:0.792	std:0.037
2022-10-18 15:48:36.091 | WARNING  | __main__:<module>:162 - recall		mean:0.833	std:0.049
2022-10-18 15:48:36.091 | WARNING  | __main__:<module>:164 - f1		mean:0.811	std:0.033
2022-10-18 15:50:31.604 | INFO     | __main__:<module>:50 - 使用 互信息法 进行特征筛选
2022-10-18 15:50:32.247 | INFO     | __main__:<module>:98 - 使用 SMOTETomek 混合采样
2022-10-18 15:50:32.275 | INFO     | __main__:<module>:103 - 数据平衡前：非DPN组有490条,DPN组有603条
2022-10-18 15:50:32.280 | INFO     | __main__:<module>:104 - 数据平衡后：非DPN组有535条,DPN组有535条
2022-10-18 15:50:50.205 | INFO     | __main__:<module>:136 - {'max_depth': 12, 'grow_policy': 'lossguide', 'learning_rate': 0.0016003546800909723, 'gamma': 0.29419887871188566, 'reg_lambda': 0.00022293325954124389, 'reg_alpha': 3.45134804862294e-05, 'subsample': 0.9445158675584011, 'colsample_bytree': 0.2587056964381208}
2022-10-18 15:50:50.384 | WARNING  | __main__:<module>:151 - 0.773	0.75	0.885	0.812
2022-10-18 15:50:51.602 | WARNING  | __main__:<module>:151 - 0.764	0.761	0.836	0.797
2022-10-18 15:50:52.807 | WARNING  | __main__:<module>:151 - 0.764	0.754	0.852	0.8
2022-10-18 15:50:54.104 | WARNING  | __main__:<module>:151 - 0.798	0.757	0.933	0.836
2022-10-18 15:50:55.337 | WARNING  | __main__:<module>:151 - 0.789	0.785	0.85	0.816
2022-10-18 15:50:56.573 | WARNING  | __main__:<module>:151 - 0.771	0.769	0.833	0.8
2022-10-18 15:50:57.882 | WARNING  | __main__:<module>:151 - 0.862	0.846	0.917	0.88
2022-10-18 15:50:59.117 | WARNING  | __main__:<module>:151 - 0.798	0.806	0.833	0.82
2022-10-18 15:51:00.372 | WARNING  | __main__:<module>:151 - 0.807	0.8	0.867	0.832
2022-10-18 15:51:01.645 | WARNING  | __main__:<module>:151 - 0.817	0.778	0.933	0.848
2022-10-18 15:51:02.882 | WARNING  | __main__:<module>:158 - accuracy		mean:0.794	std:0.029
2022-10-18 15:51:02.883 | WARNING  | __main__:<module>:160 - precision		mean:0.781	std:0.028
2022-10-18 15:51:02.884 | WARNING  | __main__:<module>:162 - recall		mean:0.874	std:0.039
2022-10-18 15:51:02.885 | WARNING  | __main__:<module>:164 - f1		mean:0.824	std:0.025
