2022-10-23 20:15:14.977 | INFO     | __main__:<module>:83 - 使用嵌入法 ExtraTreesClassifier 进行特征选择,剩余(1093, 20)个特征
2022-10-23 20:15:14.978 | INFO     | __main__:<module>:92 - 剩余的特征是：['年龄', '糖尿病性肾病', '糖尿病性视网膜病变', '血红蛋白', '嗜碱性粒细胞绝对值', '总胆红素', '尿素', '肌酐', '氯', '血清碳酸氢盐', '磷', '镁', '活化部分凝血活酶时间（APTT）', '葡萄糖', '尿蛋白定量', '24h尿蛋白定量', '空腹C肽', '餐后120分钟C肽', 'NLR', '胰岛素抵抗指数']
2022-10-23 20:15:14.979 | INFO     | __main__:<module>:113 - 使用 SMOTETomek 混合采样
2022-10-23 20:15:14.980 | INFO     | __main__:<module>:117 - 数据平衡前：非DPN组有490条,DPN组有603条
2022-10-23 20:15:15.007 | INFO     | __main__:<module>:119 - 数据平衡后：非DPN组有553条,DPN组有553条
2022-10-23 20:15:19.482 | WARNING  | __main__:<module>:52 - 0.802	0.854	0.732	0.788
2022-10-23 20:15:20.240 | WARNING  | __main__:<module>:52 - 0.802	0.804	0.804	0.804
2022-10-23 20:15:20.985 | WARNING  | __main__:<module>:52 - 0.685	0.691	0.679	0.685
2022-10-23 20:15:21.763 | WARNING  | __main__:<module>:52 - 0.703	0.72	0.655	0.686
2022-10-23 20:15:22.512 | WARNING  | __main__:<module>:52 - 0.712	0.745	0.636	0.686
2022-10-23 20:15:23.237 | WARNING  | __main__:<module>:52 - 0.775	0.788	0.745	0.766
2022-10-23 20:15:23.965 | WARNING  | __main__:<module>:52 - 0.8	0.851	0.727	0.784
2022-10-23 20:15:24.714 | WARNING  | __main__:<module>:52 - 0.691	0.667	0.764	0.712
2022-10-23 20:15:25.478 | WARNING  | __main__:<module>:52 - 0.718	0.707	0.745	0.726
2022-10-23 20:15:26.236 | WARNING  | __main__:<module>:52 - 0.791	0.767	0.836	0.8
2022-10-23 20:15:26.237 | WARNING  | __main__:<module>:54 - accuracy		mean:0.748	std:0.048
2022-10-23 20:15:26.239 | WARNING  | __main__:<module>:55 - precision		mean:0.759	std:0.062
2022-10-23 20:15:26.240 | WARNING  | __main__:<module>:56 - recall		mean:0.732	std:0.059
2022-10-23 20:15:26.242 | WARNING  | __main__:<module>:57 - f1		mean:0.744	std:0.047
2022-10-23 20:15:56.912 | WARNING  | __main__:<module>:52 - 0.712	0.731	0.679	0.704
2022-10-23 20:15:57.705 | WARNING  | __main__:<module>:52 - 0.775	0.763	0.804	0.783
2022-10-23 20:15:58.465 | WARNING  | __main__:<module>:52 - 0.793	0.902	0.661	0.763
2022-10-23 20:15:59.222 | WARNING  | __main__:<module>:52 - 0.694	0.733	0.6	0.66
2022-10-23 20:15:59.972 | WARNING  | __main__:<module>:52 - 0.694	0.652	0.818	0.726
2022-10-23 20:16:00.722 | WARNING  | __main__:<module>:52 - 0.748	0.776	0.691	0.731
2022-10-23 20:16:01.479 | WARNING  | __main__:<module>:52 - 0.691	0.684	0.709	0.696
2022-10-23 20:16:02.230 | WARNING  | __main__:<module>:52 - 0.745	0.737	0.764	0.75
2022-10-23 20:16:02.971 | WARNING  | __main__:<module>:52 - 0.764	0.822	0.673	0.74
2022-10-23 20:16:03.754 | WARNING  | __main__:<module>:52 - 0.827	0.81	0.855	0.832
2022-10-23 20:16:03.755 | WARNING  | __main__:<module>:54 - accuracy		mean:0.744	std:0.044
2022-10-23 20:16:03.757 | WARNING  | __main__:<module>:55 - precision		mean:0.761	std:0.068
2022-10-23 20:16:03.758 | WARNING  | __main__:<module>:56 - recall		mean:0.725	std:0.077
2022-10-23 20:16:03.760 | WARNING  | __main__:<module>:57 - f1		mean:0.738	std:0.046
