2022-10-22 18:35:18.400 | INFO     | __main__:<module>:90 - 使用嵌入法 ExtraTreesClassifier 进行特征选择,剩余(1093, 22)个特征
2022-10-22 18:35:18.405 | INFO     | __main__:<module>:99 - 剩余的特征是：['年龄', '糖尿病性视网膜病变', '血红蛋白', '白蛋白', '总胆红素', '尿素', '血清碳酸氢盐', '磷', '镁', '载脂蛋白A1', '载脂蛋白E', '糖化血清蛋白', '活化部分凝血活酶时间（APTT）', '葡萄糖', '尿蛋白定量', '24h尿蛋白定量', '餐后30分钟C肽', '餐后30分钟胰岛素', '餐后60分钟胰岛素', '餐后120分钟C肽', '淋巴细胞绝对值', '糖']
2022-10-22 18:35:18.411 | INFO     | __main__:<module>:120 - 使用 SMOTETomek 混合采样
2022-10-22 18:35:18.417 | INFO     | __main__:<module>:124 - 数据平衡前：非DPN组有490条,DPN组有603条
2022-10-22 18:35:18.456 | INFO     | __main__:<module>:126 - 数据平衡后：非DPN组有490条,DPN组有603条
2022-10-22 18:35:33.954 | INFO     | __main__:<module>:33 - 调参结束，最佳结果为:0.8409090909090909
2022-10-22 18:35:33.963 | INFO     | __main__:<module>:34 - 调参结束，最佳参数为:{'n_estimators': 249, 'max_depth': 38, 'grow_policy': 'depthwise', 'learning_rate': 0.05523984772441339, 'gamma': 0.8588630924599018, 'reg_lambda': 0.005857991885189552, 'reg_alpha': 1.597370846207414e-06, 'subsample': 0.5236483110698722, 'colsample_bytree': 0.10381236165958821}
2022-10-22 18:35:33.972 | WARNING  | __main__:<module>:47 - {'objective': 'binary:logistic', 'use_label_encoder': False, 'base_score': None, 'booster': None, 'callbacks': None, 'colsample_bylevel': None, 'colsample_bynode': None, 'colsample_bytree': 0.10381236165958821, 'early_stopping_rounds': None, 'enable_categorical': False, 'eval_metric': 'logloss', 'gamma': 0.8588630924599018, 'gpu_id': None, 'grow_policy': 'depthwise', 'importance_type': None, 'interaction_constraints': None, 'learning_rate': 0.05523984772441339, 'max_bin': None, 'max_cat_to_onehot': None, 'max_delta_step': None, 'max_depth': 38, 'max_leaves': None, 'min_child_weight': None, 'missing': nan, 'monotone_constraints': None, 'n_estimators': 249, 'n_jobs': None, 'num_parallel_tree': None, 'predictor': None, 'random_state': 43, 'reg_alpha': 1.597370846207414e-06, 'reg_lambda': 0.005857991885189552, 'sampling_method': None, 'scale_pos_weight': None, 'subsample': 0.5236483110698722, 'tree_method': 'exact', 'validate_parameters': None, 'verbosity': 0}
2022-10-22 18:35:35.651 | INFO     | __main__:<module>:54 - XGBoost	accuracy:0.689
2022-10-22 18:35:35.660 | INFO     | __main__:<module>:55 - XGBoost	f1:0.669
2022-10-22 18:35:35.669 | INFO     | __main__:<module>:56 - XGBoost	precision:0.722
2022-10-22 18:35:35.677 | INFO     | __main__:<module>:57 - XGBoost	recall:0.624
2022-10-22 18:35:35.686 | INFO     | __main__:<module>:58 - XGBoost	roc_auc:0.757
2022-10-22 18:35:41.929 | INFO     | __main__:<module>:17 - 调参结束，最佳结果为:0.7954545454545454
2022-10-22 18:35:41.934 | INFO     | __main__:<module>:18 - 调参结束，最佳参数为:{'C': 0.9851869692176691, 'gamma': 0.1993344406220158}
2022-10-22 18:35:41.940 | WARNING  | __main__:<module>:23 - {'C': 0.9851869692176691, 'break_ties': False, 'cache_size': 200, 'class_weight': None, 'coef0': 0.0, 'decision_function_shape': 'ovr', 'degree': 3, 'gamma': 0.1993344406220158, 'kernel': 'rbf', 'max_iter': -1, 'probability': False, 'random_state': 43, 'shrinking': True, 'tol': 0.001, 'verbose': False}
2022-10-22 18:35:42.310 | INFO     | __main__:<module>:25 - accuracy:0.734
2022-10-22 18:35:42.315 | INFO     | __main__:<module>:26 - f1:0.758
2022-10-22 18:35:42.320 | INFO     | __main__:<module>:27 - precision:0.719
2022-10-22 18:35:42.326 | INFO     | __main__:<module>:28 - recall:0.812
2022-10-22 18:35:42.332 | INFO     | __main__:<module>:29 - roc_auc:0.832
2022-10-22 18:35:44.470 | INFO     | __main__:<module>:17 - 调参结束，最佳结果为:0.7
2022-10-22 18:35:44.475 | INFO     | __main__:<module>:18 - 调参结束，最佳参数为:{'penalty': 'none', 'C': 7.676034611215954e-05, 'max_iter': 3766}
2022-10-22 18:35:44.480 | WARNING  | __main__:<module>:23 - {'C': 7.676034611215954e-05, 'class_weight': None, 'dual': False, 'fit_intercept': True, 'intercept_scaling': 1, 'l1_ratio': None, 'max_iter': 3766, 'multi_class': 'auto', 'n_jobs': None, 'penalty': 'none', 'random_state': 43, 'solver': 'lbfgs', 'tol': 0.0001, 'verbose': 0, 'warm_start': False}
2022-10-22 18:35:44.547 | INFO     | __main__:<module>:25 - accuracy:0.672
2022-10-22 18:35:44.553 | INFO     | __main__:<module>:26 - f1:0.665
2022-10-22 18:35:44.557 | INFO     | __main__:<module>:27 - precision:0.683
2022-10-22 18:35:44.562 | INFO     | __main__:<module>:28 - recall:0.65
2022-10-22 18:35:44.566 | INFO     | __main__:<module>:29 - roc_auc:0.748
2022-10-22 18:36:50.343 | INFO     | __main__:<module>:18 - 调参结束，最佳结果为:0.7954545454545454
2022-10-22 18:36:50.348 | INFO     | __main__:<module>:19 - 调参结束，最佳参数为:{'n_estimators': 410, 'max_depth': 10}
2022-10-22 18:36:50.353 | WARNING  | __main__:<module>:22 - {'bootstrap': True, 'ccp_alpha': 0.0, 'class_weight': None, 'criterion': 'gini', 'max_depth': 10, 'max_features': 'auto', 'max_leaf_nodes': None, 'max_samples': None, 'min_impurity_decrease': 0.0, 'min_impurity_split': None, 'min_samples_leaf': 1, 'min_samples_split': 2, 'min_weight_fraction_leaf': 0.0, 'n_estimators': 410, 'n_jobs': None, 'oob_score': False, 'random_state': 43, 'verbose': 0, 'warm_start': False}
2022-10-22 18:36:54.329 | INFO     | __main__:<module>:24 - accuracy:0.736
2022-10-22 18:36:54.334 | INFO     | __main__:<module>:25 - f1:0.727
2022-10-22 18:36:54.339 | INFO     | __main__:<module>:26 - precision:0.768
2022-10-22 18:36:54.344 | INFO     | __main__:<module>:27 - recall:0.697
2022-10-22 18:36:54.350 | INFO     | __main__:<module>:28 - roc_auc:0.812
2022-10-22 18:38:18.747 | INFO     | __main__:<module>:33 - 调参结束，最佳结果为:0.8227272727272728
2022-10-22 18:38:18.756 | INFO     | __main__:<module>:34 - 调参结束，最佳参数为:{'n_estimators': 386, 'max_depth': 40, 'grow_policy': 'lossguide', 'learning_rate': 0.040703093952574855, 'gamma': 1.6065614684839923e-06, 'reg_lambda': 0.020833201896968325, 'reg_alpha': 0.00143755727285976, 'subsample': 0.4871606715820995, 'colsample_bytree': 0.6596416474008491}
2022-10-22 18:38:18.765 | WARNING  | __main__:<module>:47 - {'objective': 'binary:logistic', 'use_label_encoder': False, 'base_score': None, 'booster': None, 'callbacks': None, 'colsample_bylevel': None, 'colsample_bynode': None, 'colsample_bytree': 0.6596416474008491, 'early_stopping_rounds': None, 'enable_categorical': False, 'eval_metric': 'logloss', 'gamma': 1.6065614684839923e-06, 'gpu_id': None, 'grow_policy': 'lossguide', 'importance_type': None, 'interaction_constraints': None, 'learning_rate': 0.040703093952574855, 'max_bin': None, 'max_cat_to_onehot': None, 'max_delta_step': None, 'max_depth': 40, 'max_leaves': None, 'min_child_weight': None, 'missing': nan, 'monotone_constraints': None, 'n_estimators': 386, 'n_jobs': None, 'num_parallel_tree': None, 'predictor': None, 'random_state': 43, 'reg_alpha': 0.00143755727285976, 'reg_lambda': 0.020833201896968325, 'sampling_method': None, 'scale_pos_weight': None, 'subsample': 0.4871606715820995, 'tree_method': 'exact', 'validate_parameters': None, 'verbosity': 0}
2022-10-22 18:38:21.240 | INFO     | __main__:<module>:54 - XGBoost	accuracy:0.732
2022-10-22 18:38:21.248 | INFO     | __main__:<module>:55 - XGBoost	f1:0.716
2022-10-22 18:38:21.256 | INFO     | __main__:<module>:56 - XGBoost	precision:0.771
2022-10-22 18:38:21.264 | INFO     | __main__:<module>:57 - XGBoost	recall:0.675
2022-10-22 18:38:21.273 | INFO     | __main__:<module>:58 - XGBoost	roc_auc:0.801
2022-10-22 18:41:06.363 | INFO     | __main__:<module>:33 - 调参结束，最佳结果为:0.8363636363636363
2022-10-22 18:41:06.372 | INFO     | __main__:<module>:34 - 调参结束，最佳参数为:{'n_estimators': 178, 'max_depth': 46, 'grow_policy': 'depthwise', 'learning_rate': 0.022528723076951074, 'gamma': 3.0018731961848515e-07, 'reg_lambda': 0.2894935270969374, 'reg_alpha': 0.005220437611902739, 'subsample': 0.7046671757674703, 'colsample_bytree': 0.10424316285960056}
2022-10-22 18:41:06.381 | WARNING  | __main__:<module>:47 - {'objective': 'binary:logistic', 'use_label_encoder': False, 'base_score': None, 'booster': None, 'callbacks': None, 'colsample_bylevel': None, 'colsample_bynode': None, 'colsample_bytree': 0.10424316285960056, 'early_stopping_rounds': None, 'enable_categorical': False, 'eval_metric': 'logloss', 'gamma': 3.0018731961848515e-07, 'gpu_id': None, 'grow_policy': 'depthwise', 'importance_type': None, 'interaction_constraints': None, 'learning_rate': 0.022528723076951074, 'max_bin': None, 'max_cat_to_onehot': None, 'max_delta_step': None, 'max_depth': 46, 'max_leaves': None, 'min_child_weight': None, 'missing': nan, 'monotone_constraints': None, 'n_estimators': 178, 'n_jobs': None, 'num_parallel_tree': None, 'predictor': None, 'random_state': 43, 'reg_alpha': 0.005220437611902739, 'reg_lambda': 0.2894935270969374, 'sampling_method': None, 'scale_pos_weight': None, 'subsample': 0.7046671757674703, 'tree_method': 'exact', 'validate_parameters': None, 'verbosity': 0}
2022-10-22 18:41:07.809 | INFO     | __main__:<module>:54 - XGBoost	accuracy:0.681
2022-10-22 18:41:07.818 | INFO     | __main__:<module>:55 - XGBoost	f1:0.657
2022-10-22 18:41:07.827 | INFO     | __main__:<module>:56 - XGBoost	precision:0.716
2022-10-22 18:41:07.835 | INFO     | __main__:<module>:57 - XGBoost	recall:0.611
2022-10-22 18:41:07.843 | INFO     | __main__:<module>:58 - XGBoost	roc_auc:0.754
2022-10-22 18:43:46.450 | INFO     | __main__:<module>:33 - 调参结束，最佳结果为:0.8272727272727273
2022-10-22 18:43:46.458 | INFO     | __main__:<module>:34 - 调参结束，最佳参数为:{'n_estimators': 452, 'max_depth': 40, 'grow_policy': 'depthwise', 'learning_rate': 0.13682523756934786, 'gamma': 2.743098603271755e-06, 'reg_lambda': 0.10472091872194489, 'reg_alpha': 0.012381483519112687, 'subsample': 0.8208645955734576, 'colsample_bytree': 0.9246897408202331}
2022-10-22 18:43:46.467 | WARNING  | __main__:<module>:47 - {'objective': 'binary:logistic', 'use_label_encoder': False, 'base_score': None, 'booster': None, 'callbacks': None, 'colsample_bylevel': None, 'colsample_bynode': None, 'colsample_bytree': 0.9246897408202331, 'early_stopping_rounds': None, 'enable_categorical': False, 'eval_metric': 'logloss', 'gamma': 2.743098603271755e-06, 'gpu_id': None, 'grow_policy': 'depthwise', 'importance_type': None, 'interaction_constraints': None, 'learning_rate': 0.13682523756934786, 'max_bin': None, 'max_cat_to_onehot': None, 'max_delta_step': None, 'max_depth': 40, 'max_leaves': None, 'min_child_weight': None, 'missing': nan, 'monotone_constraints': None, 'n_estimators': 452, 'n_jobs': None, 'num_parallel_tree': None, 'predictor': None, 'random_state': 43, 'reg_alpha': 0.012381483519112687, 'reg_lambda': 0.10472091872194489, 'sampling_method': None, 'scale_pos_weight': None, 'subsample': 0.8208645955734576, 'tree_method': 'exact', 'validate_parameters': None, 'verbosity': 0}
2022-10-22 18:43:47.361 | WARNING  | __main__:<module>:64 - 0.809	0.804	0.818	0.811
2022-10-22 18:43:48.408 | WARNING  | __main__:<module>:64 - 0.8	0.824	0.764	0.792
2022-10-22 18:43:49.448 | WARNING  | __main__:<module>:64 - 0.818	0.83	0.8	0.815
2022-10-22 18:43:50.558 | WARNING  | __main__:<module>:64 - 0.791	0.796	0.782	0.789
2022-10-22 18:43:51.616 | WARNING  | __main__:<module>:64 - 0.855	0.898	0.8	0.846
2022-10-22 18:43:52.651 | WARNING  | __main__:<module>:64 - 0.855	0.8	0.945	0.867
2022-10-22 18:43:53.743 | WARNING  | __main__:<module>:64 - 0.872	0.873	0.873	0.873
2022-10-22 18:43:54.796 | WARNING  | __main__:<module>:64 - 0.798	0.837	0.745	0.788
2022-10-22 18:43:55.852 | WARNING  | __main__:<module>:64 - 0.771	0.774	0.759	0.766
2022-10-22 18:43:56.909 | WARNING  | __main__:<module>:64 - 0.798	0.796	0.796	0.796
2022-10-22 18:43:57.532 | WARNING  | __main__:<module>:69 - accuracy		mean:0.817	std:0.031
2022-10-22 18:43:57.539 | WARNING  | __main__:<module>:70 - precision		mean:0.823	std:0.036
2022-10-22 18:43:57.545 | WARNING  | __main__:<module>:71 - recall		mean:0.808	std:0.057
2022-10-22 18:43:57.550 | WARNING  | __main__:<module>:72 - f1		mean:0.814	std:0.034
2022-10-22 18:44:54.856 | INFO     | __main__:<module>:33 - 调参结束，最佳结果为:0.8272727272727273
2022-10-22 18:44:54.865 | INFO     | __main__:<module>:34 - 调参结束，最佳参数为:{'n_estimators': 305, 'max_depth': 47, 'grow_policy': 'lossguide', 'learning_rate': 0.029923683585424857, 'gamma': 0.015474151876553596, 'reg_lambda': 2.4140220824125317e-06, 'reg_alpha': 0.19432567444252835, 'subsample': 0.547927862129189, 'colsample_bytree': 0.7175429153172487}
2022-10-22 18:44:54.874 | WARNING  | __main__:<module>:47 - {'objective': 'binary:logistic', 'use_label_encoder': False, 'base_score': None, 'booster': None, 'callbacks': None, 'colsample_bylevel': None, 'colsample_bynode': None, 'colsample_bytree': 0.7175429153172487, 'early_stopping_rounds': None, 'enable_categorical': False, 'eval_metric': 'logloss', 'gamma': 0.015474151876553596, 'gpu_id': None, 'grow_policy': 'lossguide', 'importance_type': None, 'interaction_constraints': None, 'learning_rate': 0.029923683585424857, 'max_bin': None, 'max_cat_to_onehot': None, 'max_delta_step': None, 'max_depth': 47, 'max_leaves': None, 'min_child_weight': None, 'missing': nan, 'monotone_constraints': None, 'n_estimators': 305, 'n_jobs': None, 'num_parallel_tree': None, 'predictor': None, 'random_state': 43, 'reg_alpha': 0.19432567444252835, 'reg_lambda': 2.4140220824125317e-06, 'sampling_method': None, 'scale_pos_weight': None, 'subsample': 0.547927862129189, 'tree_method': 'exact', 'validate_parameters': None, 'verbosity': 0}
2022-10-22 18:44:56.886 | WARNING  | __main__:<module>:64 - 0.8	0.811	0.782	0.796
2022-10-22 18:44:57.318 | WARNING  | __main__:<module>:64 - 0.791	0.848	0.709	0.772
2022-10-22 18:44:57.733 | WARNING  | __main__:<module>:64 - 0.791	0.786	0.8	0.793
2022-10-22 18:44:58.161 | WARNING  | __main__:<module>:64 - 0.773	0.8	0.727	0.762
2022-10-22 18:44:58.595 | WARNING  | __main__:<module>:64 - 0.818	0.843	0.782	0.811
2022-10-22 18:44:59.035 | WARNING  | __main__:<module>:64 - 0.836	0.785	0.927	0.85
2022-10-22 18:44:59.490 | WARNING  | __main__:<module>:64 - 0.853	0.882	0.818	0.849
2022-10-22 18:44:59.900 | WARNING  | __main__:<module>:64 - 0.835	0.863	0.8	0.83
2022-10-22 18:45:00.308 | WARNING  | __main__:<module>:64 - 0.798	0.796	0.796	0.796
2022-10-22 18:45:00.767 | WARNING  | __main__:<module>:64 - 0.798	0.776	0.833	0.804
2022-10-22 18:45:00.776 | WARNING  | __main__:<module>:66 - accuracy		mean:0.813	std:0.028
2022-10-22 18:45:00.785 | WARNING  | __main__:<module>:67 - precision		mean:0.821	std:0.036
2022-10-22 18:45:00.795 | WARNING  | __main__:<module>:68 - recall		mean:0.803	std:0.057
2022-10-22 18:45:00.804 | WARNING  | __main__:<module>:69 - f1		mean:0.81	std:0.031
2022-10-22 18:46:13.481 | INFO     | __main__:<module>:33 - 调参结束，最佳结果为:0.8409090909090909
2022-10-22 18:46:13.489 | INFO     | __main__:<module>:34 - 调参结束，最佳参数为:{'n_estimators': 350, 'max_depth': 30, 'grow_policy': 'depthwise', 'learning_rate': 2.4732342189688606e-05, 'gamma': 0.01601622161595786, 'reg_lambda': 0.02313771714442835, 'reg_alpha': 0.00019761195941933552, 'subsample': 0.90983222693228, 'colsample_bytree': 0.11467408755914862}
2022-10-22 18:46:13.497 | WARNING  | __main__:<module>:47 - {'objective': 'binary:logistic', 'use_label_encoder': False, 'base_score': None, 'booster': None, 'callbacks': None, 'colsample_bylevel': None, 'colsample_bynode': None, 'colsample_bytree': 0.11467408755914862, 'early_stopping_rounds': None, 'enable_categorical': False, 'eval_metric': 'logloss', 'gamma': 0.01601622161595786, 'gpu_id': None, 'grow_policy': 'depthwise', 'importance_type': None, 'interaction_constraints': None, 'learning_rate': 2.4732342189688606e-05, 'max_bin': None, 'max_cat_to_onehot': None, 'max_delta_step': None, 'max_depth': 30, 'max_leaves': None, 'min_child_weight': None, 'missing': nan, 'monotone_constraints': None, 'n_estimators': 350, 'n_jobs': None, 'num_parallel_tree': None, 'predictor': None, 'random_state': 43, 'reg_alpha': 0.00019761195941933552, 'reg_lambda': 0.02313771714442835, 'sampling_method': None, 'scale_pos_weight': None, 'subsample': 0.90983222693228, 'tree_method': 'exact', 'validate_parameters': None, 'verbosity': 0}
2022-10-22 18:46:16.975 | WARNING  | __main__:<module>:64 - 0.9	0.893	0.909	0.901
2022-10-22 18:46:17.550 | WARNING  | __main__:<module>:64 - 0.845	0.865	0.818	0.841
2022-10-22 18:46:18.176 | WARNING  | __main__:<module>:64 - 0.836	0.849	0.818	0.833
2022-10-22 18:46:18.758 | WARNING  | __main__:<module>:64 - 0.773	0.8	0.727	0.762
2022-10-22 18:46:19.353 | WARNING  | __main__:<module>:64 - 0.8	0.851	0.727	0.784
2022-10-22 18:46:19.963 | WARNING  | __main__:<module>:64 - 0.909	0.881	0.945	0.912
2022-10-22 18:46:20.535 | WARNING  | __main__:<module>:64 - 0.872	0.918	0.818	0.865
2022-10-22 18:46:21.108 | WARNING  | __main__:<module>:64 - 0.844	0.913	0.764	0.832
2022-10-22 18:46:21.688 | WARNING  | __main__:<module>:64 - 0.872	0.9	0.833	0.865
2022-10-22 18:46:22.267 | WARNING  | __main__:<module>:64 - 0.899	0.906	0.889	0.897
2022-10-22 18:46:22.276 | WARNING  | __main__:<module>:66 - accuracy		mean:0.827	std:0.039
2022-10-22 18:46:22.278 | WARNING  | __main__:<module>:67 - precision		mean:0.84	std:0.044
2022-10-22 18:46:22.291 | WARNING  | __main__:<module>:68 - recall		mean:0.81	std:0.062
2022-10-22 18:46:22.299 | WARNING  | __main__:<module>:69 - f1		mean:0.823	std:0.042
2022-10-22 18:47:53.578 | INFO     | __main__:<module>:33 - 调参结束，最佳结果为:0.8272727272727273
2022-10-22 18:47:53.585 | INFO     | __main__:<module>:34 - 调参结束，最佳参数为:{'n_estimators': 398, 'max_depth': 31, 'grow_policy': 'lossguide', 'learning_rate': 0.053603342288123676, 'gamma': 1.035255036682423e-08, 'reg_lambda': 9.0469917352983e-05, 'reg_alpha': 1.9704779405930193e-05, 'subsample': 0.8034953274549957, 'colsample_bytree': 0.8677688392058676}
2022-10-22 18:47:53.595 | WARNING  | __main__:<module>:47 - {'objective': 'binary:logistic', 'use_label_encoder': False, 'base_score': None, 'booster': None, 'callbacks': None, 'colsample_bylevel': None, 'colsample_bynode': None, 'colsample_bytree': 0.8677688392058676, 'early_stopping_rounds': None, 'enable_categorical': False, 'eval_metric': 'logloss', 'gamma': 1.035255036682423e-08, 'gpu_id': None, 'grow_policy': 'lossguide', 'importance_type': None, 'interaction_constraints': None, 'learning_rate': 0.053603342288123676, 'max_bin': None, 'max_cat_to_onehot': None, 'max_delta_step': None, 'max_depth': 31, 'max_leaves': None, 'min_child_weight': None, 'missing': nan, 'monotone_constraints': None, 'n_estimators': 398, 'n_jobs': None, 'num_parallel_tree': None, 'predictor': None, 'random_state': 43, 'reg_alpha': 1.9704779405930193e-05, 'reg_lambda': 9.0469917352983e-05, 'sampling_method': None, 'scale_pos_weight': None, 'subsample': 0.8034953274549957, 'tree_method': 'exact', 'validate_parameters': None, 'verbosity': 0}
2022-10-22 18:47:56.044 | WARNING  | __main__:<module>:64 - 0.818	0.83	0.8	0.815
2022-10-22 18:47:56.542 | WARNING  | __main__:<module>:64 - 0.818	0.843	0.782	0.811
2022-10-22 18:47:57.035 | WARNING  | __main__:<module>:64 - 0.818	0.818	0.818	0.818
2022-10-22 18:47:57.521 | WARNING  | __main__:<module>:64 - 0.782	0.772	0.8	0.786
2022-10-22 18:47:58.014 | WARNING  | __main__:<module>:64 - 0.836	0.894	0.764	0.824
2022-10-22 18:47:58.509 | WARNING  | __main__:<module>:64 - 0.864	0.812	0.945	0.874
2022-10-22 18:47:59.006 | WARNING  | __main__:<module>:64 - 0.853	0.855	0.855	0.855
2022-10-22 18:47:59.497 | WARNING  | __main__:<module>:64 - 0.826	0.875	0.764	0.816
2022-10-22 18:47:59.993 | WARNING  | __main__:<module>:64 - 0.761	0.769	0.741	0.755
2022-10-22 18:48:00.507 | WARNING  | __main__:<module>:64 - 0.817	0.815	0.815	0.815
2022-10-22 18:48:00.515 | WARNING  | __main__:<module>:66 - accuracy		mean:0.825	std:0.037
2022-10-22 18:48:00.519 | WARNING  | __main__:<module>:67 - precision		mean:0.837	std:0.043
2022-10-22 18:48:00.529 | WARNING  | __main__:<module>:68 - recall		mean:0.81	std:0.061
2022-10-22 18:48:00.536 | WARNING  | __main__:<module>:69 - f1		mean:0.822	std:0.039
2022-10-22 18:48:29.057 | INFO     | __main__:<module>:17 - 调参结束，最佳结果为:0.7727272727272727
2022-10-22 18:48:29.066 | INFO     | __main__:<module>:18 - 调参结束，最佳参数为:{'C': 0.8980526492960612, 'gamma': 0.1468040547877059}
2022-10-22 18:48:29.071 | WARNING  | __main__:<module>:23 - {'C': 0.8980526492960612, 'break_ties': False, 'cache_size': 200, 'class_weight': None, 'coef0': 0.0, 'decision_function_shape': 'ovr', 'degree': 3, 'gamma': 0.1468040547877059, 'kernel': 'rbf', 'max_iter': -1, 'probability': False, 'random_state': 43, 'shrinking': True, 'tol': 0.001, 'verbose': False}
2022-10-22 18:48:29.421 | INFO     | __main__:<module>:25 - accuracy:0.739
2022-10-22 18:48:29.425 | INFO     | __main__:<module>:26 - f1:0.751
2022-10-22 18:48:29.430 | INFO     | __main__:<module>:27 - precision:0.738
2022-10-22 18:48:29.436 | INFO     | __main__:<module>:28 - recall:0.775
2022-10-22 18:48:29.441 | INFO     | __main__:<module>:29 - roc_auc:0.822
2022-10-22 18:48:45.003 | INFO     | __main__:<module>:17 - 调参结束，最佳结果为:0.7045454545454546
2022-10-22 18:48:45.009 | INFO     | __main__:<module>:18 - 调参结束，最佳参数为:{'penalty': 'l2', 'C': 0.18996831469551395, 'max_iter': 3954}
2022-10-22 18:48:45.014 | WARNING  | __main__:<module>:23 - {'C': 0.18996831469551395, 'class_weight': None, 'dual': False, 'fit_intercept': True, 'intercept_scaling': 1, 'l1_ratio': None, 'max_iter': 3954, 'multi_class': 'auto', 'n_jobs': None, 'penalty': 'l2', 'random_state': 43, 'solver': 'lbfgs', 'tol': 0.0001, 'verbose': 0, 'warm_start': False}
2022-10-22 18:48:45.085 | INFO     | __main__:<module>:25 - accuracy:0.675
2022-10-22 18:48:45.092 | INFO     | __main__:<module>:26 - f1:0.668
2022-10-22 18:48:45.097 | INFO     | __main__:<module>:27 - precision:0.685
2022-10-22 18:48:45.102 | INFO     | __main__:<module>:28 - recall:0.653
2022-10-22 18:48:45.108 | INFO     | __main__:<module>:29 - roc_auc:0.749
2022-10-22 18:50:52.692 | INFO     | __main__:<module>:85 - 使用嵌入法 ExtraTreesClassifier 进行特征选择,剩余(1093, 24)个特征
2022-10-22 18:50:52.698 | INFO     | __main__:<module>:94 - 剩余的特征是：['年龄', '糖尿病性视网膜病变', '血红蛋白', '白蛋白', '总胆红素', '尿素', '肌酐', '磷', '镁', '载脂蛋白A1', '载脂蛋白E', '糖化血清蛋白', '活化部分凝血活酶时间（APTT）', '尿蛋白定量', '24h尿蛋白定量', '空腹C肽', '餐后30分钟C肽', '餐后30分钟胰岛素', '餐后60分钟C肽', '餐后60分钟胰岛素', '餐后120分钟C肽', '淋巴细胞绝对值', '糖', '空腹胰岛素']
2022-10-22 18:50:52.698 | INFO     | __main__:<module>:115 - 使用 SMOTETomek 混合采样
2022-10-22 18:50:52.708 | INFO     | __main__:<module>:119 - 数据平衡前：非DPN组有490条,DPN组有603条
2022-10-22 18:50:52.744 | INFO     | __main__:<module>:121 - 数据平衡后：非DPN组有490条,DPN组有603条
2022-10-22 18:51:07.142 | INFO     | __main__:<module>:33 - 调参结束，最佳结果为:0.8672566371681416
2022-10-22 18:51:07.151 | INFO     | __main__:<module>:34 - 调参结束，最佳参数为:{'n_estimators': 109, 'max_depth': 30, 'grow_policy': 'depthwise', 'learning_rate': 1.7385249342140173e-05, 'gamma': 0.005681579663737526, 'reg_lambda': 3.486676196825646e-05, 'reg_alpha': 0.011132440064121524, 'subsample': 0.9962875938903937, 'colsample_bytree': 0.131187436580738}
2022-10-22 18:51:07.160 | WARNING  | __main__:<module>:51 - {'objective': 'binary:logistic', 'use_label_encoder': False, 'base_score': None, 'booster': None, 'callbacks': None, 'colsample_bylevel': None, 'colsample_bynode': None, 'colsample_bytree': 0.131187436580738, 'early_stopping_rounds': None, 'enable_categorical': False, 'eval_metric': 'logloss', 'gamma': 0.005681579663737526, 'gpu_id': None, 'grow_policy': 'depthwise', 'importance_type': None, 'interaction_constraints': None, 'learning_rate': 1.7385249342140173e-05, 'max_bin': None, 'max_cat_to_onehot': None, 'max_delta_step': None, 'max_depth': 30, 'max_leaves': None, 'min_child_weight': None, 'missing': nan, 'monotone_constraints': None, 'n_estimators': 109, 'n_jobs': None, 'num_parallel_tree': None, 'predictor': None, 'random_state': 43, 'reg_alpha': 0.011132440064121524, 'reg_lambda': 3.486676196825646e-05, 'sampling_method': None, 'scale_pos_weight': None, 'subsample': 0.9962875938903937, 'tree_method': 'exact', 'validate_parameters': None, 'verbosity': 0}
2022-10-22 18:51:08.904 | WARNING  | __main__:<module>:68 - 0.805	0.778	0.86	0.817
2022-10-22 18:51:09.134 | WARNING  | __main__:<module>:68 - 0.832	0.828	0.842	0.835
2022-10-22 18:51:09.389 | WARNING  | __main__:<module>:68 - 0.77	0.782	0.754	0.768
2022-10-22 18:51:09.660 | WARNING  | __main__:<module>:68 - 0.832	0.865	0.789	0.826
2022-10-22 18:51:09.897 | WARNING  | __main__:<module>:68 - 0.876	0.922	0.825	0.87
2022-10-22 18:51:10.134 | WARNING  | __main__:<module>:68 - 0.841	0.896	0.768	0.827
2022-10-22 18:51:10.375 | WARNING  | __main__:<module>:68 - 0.823	0.86	0.768	0.811
2022-10-22 18:51:10.611 | WARNING  | __main__:<module>:68 - 0.814	0.843	0.768	0.804
2022-10-22 18:51:10.852 | WARNING  | __main__:<module>:68 - 0.832	0.878	0.768	0.819
2022-10-22 18:51:11.086 | WARNING  | __main__:<module>:68 - 0.85	0.831	0.875	0.852
2022-10-22 18:51:11.095 | WARNING  | __main__:<module>:70 - accuracy		mean:0.827	std:0.027
2022-10-22 18:51:11.103 | WARNING  | __main__:<module>:71 - precision		mean:0.848	std:0.044
2022-10-22 18:51:11.110 | WARNING  | __main__:<module>:72 - recall		mean:0.802	std:0.042
2022-10-22 18:51:11.118 | WARNING  | __main__:<module>:73 - f1		mean:0.823	std:0.026
2022-10-22 18:51:16.578 | INFO     | __main__:<module>:20 - 调参结束，最佳结果为:0.7831858407079646
2022-10-22 18:51:16.580 | INFO     | __main__:<module>:21 - 调参结束，最佳参数为:{'C': 0.9278094485704788, 'gamma': 0.16119178708810397}
2022-10-22 18:51:16.588 | WARNING  | __main__:<module>:26 - {'C': 0.9278094485704788, 'break_ties': False, 'cache_size': 200, 'class_weight': None, 'coef0': 0.0, 'decision_function_shape': 'ovr', 'degree': 3, 'gamma': 0.16119178708810397, 'kernel': 'rbf', 'max_iter': -1, 'probability': False, 'random_state': 43, 'shrinking': True, 'tol': 0.001, 'verbose': False}
2022-10-22 18:51:16.955 | INFO     | __main__:<module>:28 - accuracy:0.727
2022-10-22 18:51:16.960 | INFO     | __main__:<module>:29 - f1:0.741
2022-10-22 18:51:16.967 | INFO     | __main__:<module>:30 - precision:0.73
2022-10-22 18:51:16.972 | INFO     | __main__:<module>:31 - recall:0.773
2022-10-22 18:51:16.976 | INFO     | __main__:<module>:32 - roc_auc:0.813
2022-10-22 18:51:18.342 | INFO     | __main__:<module>:17 - 调参结束，最佳结果为:0.7300884955752213
2022-10-22 18:51:18.348 | INFO     | __main__:<module>:18 - 调参结束，最佳参数为:{'penalty': 'l2', 'C': 0.020939742722029017, 'max_iter': 1998}
2022-10-22 18:51:18.354 | WARNING  | __main__:<module>:27 - {'C': 0.020939742722029017, 'class_weight': None, 'dual': False, 'fit_intercept': True, 'intercept_scaling': 1, 'l1_ratio': None, 'max_iter': 1998, 'multi_class': 'auto', 'n_jobs': None, 'penalty': 'l2', 'random_state': 43, 'solver': 'lbfgs', 'tol': 0.0001, 'verbose': 0, 'warm_start': False}
2022-10-22 18:51:18.415 | INFO     | __main__:<module>:29 - accuracy:0.678
2022-10-22 18:51:18.420 | INFO     | __main__:<module>:30 - f1:0.667
2022-10-22 18:51:18.425 | INFO     | __main__:<module>:31 - precision:0.692
2022-10-22 18:51:18.431 | INFO     | __main__:<module>:32 - recall:0.646
2022-10-22 18:51:18.436 | INFO     | __main__:<module>:33 - roc_auc:0.74
2022-10-22 18:52:27.401 | INFO     | __main__:<module>:21 - 调参结束，最佳结果为:0.7699115044247787
2022-10-22 18:52:27.408 | INFO     | __main__:<module>:22 - 调参结束，最佳参数为:{'n_estimators': 454, 'max_depth': 10}
2022-10-22 18:52:27.413 | WARNING  | __main__:<module>:25 - {'bootstrap': True, 'ccp_alpha': 0.0, 'class_weight': None, 'criterion': 'gini', 'max_depth': 10, 'max_features': 'auto', 'max_leaf_nodes': None, 'max_samples': None, 'min_impurity_decrease': 0.0, 'min_impurity_split': None, 'min_samples_leaf': 1, 'min_samples_split': 2, 'min_weight_fraction_leaf': 0.0, 'n_estimators': 454, 'n_jobs': None, 'oob_score': False, 'random_state': 43, 'verbose': 0, 'warm_start': False}
2022-10-22 18:52:32.210 | INFO     | __main__:<module>:27 - accuracy:0.729
2022-10-22 18:52:32.210 | INFO     | __main__:<module>:28 - f1:0.72
2022-10-22 18:52:32.222 | INFO     | __main__:<module>:29 - precision:0.759
2022-10-22 18:52:32.222 | INFO     | __main__:<module>:30 - recall:0.69
2022-10-22 18:52:32.233 | INFO     | __main__:<module>:31 - roc_auc:0.807
2022-10-22 18:54:39.595 | INFO     | __main__:<module>:85 - 使用嵌入法 ExtraTreesClassifier 进行特征选择,剩余(1093, 23)个特征
2022-10-22 18:54:39.602 | INFO     | __main__:<module>:94 - 剩余的特征是：['年龄', '糖尿病性视网膜病变', '血红蛋白', '白蛋白', '总胆红素', '尿素', '血清碳酸氢盐', '尿酸', '磷', '镁', '载脂蛋白A1', '载脂蛋白E', '糖化血清蛋白', '活化部分凝血活酶时间（APTT）', '尿蛋白定量', '24h尿蛋白定量', '餐后30分钟C肽', '餐后30分钟胰岛素', '餐后60分钟C肽', '餐后60分钟胰岛素', '餐后120分钟C肽', '淋巴细胞绝对值', '糖']
2022-10-22 18:54:39.608 | INFO     | __main__:<module>:115 - 使用 SMOTETomek 混合采样
2022-10-22 18:54:39.615 | INFO     | __main__:<module>:119 - 数据平衡前：非DPN组有490条,DPN组有603条
2022-10-22 18:54:39.640 | INFO     | __main__:<module>:121 - 数据平衡后：非DPN组有490条,DPN组有603条
2022-10-22 18:55:06.327 | INFO     | __main__:<module>:33 - 调参结束，最佳结果为:0.8695652173913043
2022-10-22 18:55:06.335 | INFO     | __main__:<module>:34 - 调参结束，最佳参数为:{'n_estimators': 437, 'max_depth': 34, 'grow_policy': 'lossguide', 'learning_rate': 8.475858963802579e-07, 'gamma': 0.01005622687400444, 'reg_lambda': 0.0029453916673618905, 'reg_alpha': 0.0005016690430505716, 'subsample': 0.7859919012257465, 'colsample_bytree': 0.11018738787635622}
2022-10-22 18:55:06.346 | WARNING  | __main__:<module>:51 - {'objective': 'binary:logistic', 'use_label_encoder': False, 'base_score': None, 'booster': None, 'callbacks': None, 'colsample_bylevel': None, 'colsample_bynode': None, 'colsample_bytree': 0.11018738787635622, 'early_stopping_rounds': None, 'enable_categorical': False, 'eval_metric': 'logloss', 'gamma': 0.01005622687400444, 'gpu_id': None, 'grow_policy': 'lossguide', 'importance_type': None, 'interaction_constraints': None, 'learning_rate': 8.475858963802579e-07, 'max_bin': None, 'max_cat_to_onehot': None, 'max_delta_step': None, 'max_depth': 34, 'max_leaves': None, 'min_child_weight': None, 'missing': nan, 'monotone_constraints': None, 'n_estimators': 437, 'n_jobs': None, 'num_parallel_tree': None, 'predictor': None, 'random_state': 43, 'reg_alpha': 0.0005016690430505716, 'reg_lambda': 0.0029453916673618905, 'sampling_method': None, 'scale_pos_weight': None, 'subsample': 0.7859919012257465, 'tree_method': 'exact', 'validate_parameters': None, 'verbosity': 0}
2022-10-22 18:55:10.982 | WARNING  | __main__:<module>:68 - 0.835	0.842	0.828	0.835
2022-10-22 18:55:11.791 | WARNING  | __main__:<module>:68 - 0.878	0.893	0.862	0.877
2022-10-22 18:55:12.669 | WARNING  | __main__:<module>:68 - 0.826	0.865	0.776	0.818
2022-10-22 18:55:13.547 | WARNING  | __main__:<module>:68 - 0.852	0.9	0.789	0.841
2022-10-22 18:55:14.386 | WARNING  | __main__:<module>:68 - 0.852	0.885	0.807	0.844
2022-10-22 18:55:15.181 | WARNING  | __main__:<module>:68 - 0.87	0.938	0.789	0.857
2022-10-22 18:55:15.999 | WARNING  | __main__:<module>:68 - 0.86	0.836	0.895	0.864
2022-10-22 18:55:16.809 | WARNING  | __main__:<module>:68 - 0.851	0.87	0.825	0.847
2022-10-22 18:55:17.618 | WARNING  | __main__:<module>:68 - 0.912	0.927	0.895	0.911
2022-10-22 18:55:18.432 | WARNING  | __main__:<module>:68 - 0.825	0.803	0.86	0.831
2022-10-22 18:55:18.442 | WARNING  | __main__:<module>:70 - accuracy		mean:0.856	std:0.025
2022-10-22 18:55:18.451 | WARNING  | __main__:<module>:71 - precision		mean:0.876	std:0.039
2022-10-22 18:55:18.460 | WARNING  | __main__:<module>:72 - recall		mean:0.833	std:0.041
2022-10-22 18:55:18.469 | WARNING  | __main__:<module>:73 - f1		mean:0.852	std:0.025
2022-10-22 18:55:24.367 | INFO     | __main__:<module>:20 - 调参结束，最佳结果为:0.7478260869565218
2022-10-22 18:55:24.373 | INFO     | __main__:<module>:21 - 调参结束，最佳参数为:{'C': 0.830534787976743, 'gamma': 0.07952379910515268}
2022-10-22 18:55:24.380 | WARNING  | __main__:<module>:26 - {'C': 0.830534787976743, 'break_ties': False, 'cache_size': 200, 'class_weight': None, 'coef0': 0.0, 'decision_function_shape': 'ovr', 'degree': 3, 'gamma': 0.07952379910515268, 'kernel': 'rbf', 'max_iter': -1, 'probability': False, 'random_state': 43, 'shrinking': True, 'tol': 0.001, 'verbose': False}
2022-10-22 18:55:24.441 | WARNING  | __main__:<module>:39 - 0.748	0.764	0.724	0.743
2022-10-22 18:55:24.517 | WARNING  | __main__:<module>:39 - 0.774	0.786	0.759	0.772
2022-10-22 18:55:24.576 | WARNING  | __main__:<module>:39 - 0.765	0.782	0.741	0.761
2022-10-22 18:55:24.636 | WARNING  | __main__:<module>:39 - 0.739	0.729	0.754	0.741
2022-10-22 18:55:24.701 | WARNING  | __main__:<module>:39 - 0.765	0.75	0.789	0.769
2022-10-22 18:55:24.764 | WARNING  | __main__:<module>:39 - 0.748	0.741	0.754	0.748
2022-10-22 18:55:24.824 | WARNING  | __main__:<module>:39 - 0.772	0.754	0.807	0.78
2022-10-22 18:55:24.886 | WARNING  | __main__:<module>:39 - 0.737	0.745	0.719	0.732
2022-10-22 18:55:24.948 | WARNING  | __main__:<module>:39 - 0.781	0.776	0.789	0.783
2022-10-22 18:55:25.000 | WARNING  | __main__:<module>:39 - 0.728	0.75	0.684	0.716
2022-10-22 18:55:25.018 | WARNING  | __main__:<module>:41 - accuracy		mean:0.756	std:0.017
2022-10-22 18:55:25.018 | WARNING  | __main__:<module>:42 - precision		mean:0.758	std:0.018
2022-10-22 18:55:25.028 | WARNING  | __main__:<module>:43 - recall		mean:0.752	std:0.035
2022-10-22 18:55:25.035 | WARNING  | __main__:<module>:44 - f1		mean:0.754	std:0.021
2022-10-22 18:55:26.391 | INFO     | __main__:<module>:17 - 调参结束，最佳结果为:0.6956521739130435
2022-10-22 18:55:26.405 | INFO     | __main__:<module>:18 - 调参结束，最佳参数为:{'penalty': 'l2', 'C': 0.022842569117004632, 'max_iter': 5000}
2022-10-22 18:55:26.412 | WARNING  | __main__:<module>:27 - {'C': 0.022842569117004632, 'class_weight': None, 'dual': False, 'fit_intercept': True, 'intercept_scaling': 1, 'l1_ratio': None, 'max_iter': 5000, 'multi_class': 'auto', 'n_jobs': None, 'penalty': 'l2', 'random_state': 43, 'solver': 'lbfgs', 'tol': 0.0001, 'verbose': 0, 'warm_start': False}
2022-10-22 18:55:26.472 | WARNING  | __main__:<module>:41 - 0.713	0.766	0.621	0.686
2022-10-22 18:55:26.489 | WARNING  | __main__:<module>:41 - 0.661	0.679	0.621	0.649
2022-10-22 18:55:26.511 | WARNING  | __main__:<module>:41 - 0.687	0.683	0.707	0.695
2022-10-22 18:55:26.530 | WARNING  | __main__:<module>:41 - 0.748	0.726	0.789	0.756
2022-10-22 18:55:26.545 | WARNING  | __main__:<module>:41 - 0.704	0.709	0.684	0.696
2022-10-22 18:55:26.562 | WARNING  | __main__:<module>:41 - 0.696	0.696	0.684	0.69
2022-10-22 18:55:26.570 | WARNING  | __main__:<module>:41 - 0.702	0.702	0.702	0.702
2022-10-22 18:55:26.587 | WARNING  | __main__:<module>:41 - 0.675	0.679	0.667	0.673
2022-10-22 18:55:26.610 | WARNING  | __main__:<module>:41 - 0.702	0.717	0.667	0.691
2022-10-22 18:55:26.628 | WARNING  | __main__:<module>:41 - 0.605	0.63	0.509	0.563
2022-10-22 18:55:26.633 | WARNING  | __main__:<module>:43 - accuracy		mean:0.689	std:0.036
2022-10-22 18:55:26.638 | WARNING  | __main__:<module>:44 - precision		mean:0.699	std:0.034
2022-10-22 18:55:26.645 | WARNING  | __main__:<module>:45 - recall		mean:0.665	std:0.069
2022-10-22 18:55:26.652 | WARNING  | __main__:<module>:46 - f1		mean:0.68	std:0.047
2022-10-22 18:56:42.537 | INFO     | __main__:<module>:21 - 调参结束，最佳结果为:0.7521739130434782
2022-10-22 18:56:42.543 | INFO     | __main__:<module>:22 - 调参结束，最佳参数为:{'n_estimators': 487, 'max_depth': 10}
2022-10-22 18:56:42.549 | WARNING  | __main__:<module>:25 - {'bootstrap': True, 'ccp_alpha': 0.0, 'class_weight': None, 'criterion': 'gini', 'max_depth': 10, 'max_features': 'auto', 'max_leaf_nodes': None, 'max_samples': None, 'min_impurity_decrease': 0.0, 'min_impurity_split': None, 'min_samples_leaf': 1, 'min_samples_split': 2, 'min_weight_fraction_leaf': 0.0, 'n_estimators': 487, 'n_jobs': None, 'oob_score': False, 'random_state': 43, 'verbose': 0, 'warm_start': False}
2022-10-22 18:56:47.725 | INFO     | __main__:<module>:27 - accuracy:0.723
2022-10-22 18:56:47.731 | INFO     | __main__:<module>:28 - f1:0.712
2022-10-22 18:56:47.736 | INFO     | __main__:<module>:29 - precision:0.753
2022-10-22 18:56:47.742 | INFO     | __main__:<module>:30 - recall:0.681
2022-10-22 18:56:47.748 | INFO     | __main__:<module>:31 - roc_auc:0.796
