2022-10-16 09:10:51.170 | INFO     | __main__:<module>:62 - 使用嵌入法进行特征选择,剩余(1093, 47)个特征
2022-10-16 09:10:51.179 | INFO     | __main__:<module>:98 - 使用 SMOTETomek 混合采样
2022-10-16 09:10:51.222 | INFO     | __main__:<module>:103 - 数据平衡前：非DPN组有490条,DPN组有603条
2022-10-16 09:10:51.224 | INFO     | __main__:<module>:104 - 数据平衡后：非DPN组有549条,DPN组有549条
2022-10-16 09:11:09.202 | INFO     | __main__:<module>:136 - {'max_depth': 10, 'grow_policy': 'lossguide', 'learning_rate': 0.49974949293841364, 'gamma': 0.1778001999014505, 'reg_lambda': 0.001856545935783245, 'reg_alpha': 3.9824860869190933e-07, 'subsample': 0.5741992230407927, 'colsample_bytree': 0.9130570169653783}
2022-10-16 09:11:09.340 | WARNING  | __main__:<module>:151 - 0.691	0.708	0.754	0.73
2022-10-16 09:11:10.056 | WARNING  | __main__:<module>:151 - 0.745	0.762	0.787	0.774
2022-10-16 09:11:10.740 | WARNING  | __main__:<module>:151 - 0.727	0.754	0.754	0.754
2022-10-16 09:11:11.420 | WARNING  | __main__:<module>:151 - 0.743	0.742	0.817	0.778
2022-10-16 09:11:12.141 | WARNING  | __main__:<module>:151 - 0.725	0.75	0.75	0.75
2022-10-16 09:11:12.943 | WARNING  | __main__:<module>:151 - 0.679	0.705	0.717	0.711
2022-10-16 09:11:13.609 | WARNING  | __main__:<module>:151 - 0.706	0.712	0.783	0.746
2022-10-16 09:11:14.289 | WARNING  | __main__:<module>:151 - 0.697	0.729	0.717	0.723
2022-10-16 09:11:14.945 | WARNING  | __main__:<module>:151 - 0.743	0.776	0.75	0.763
2022-10-16 09:11:15.608 | WARNING  | __main__:<module>:151 - 0.743	0.758	0.783	0.77
2022-10-16 09:11:16.149 | WARNING  | __main__:<module>:157 - accuracy		mean:0.72	std:0.024
2022-10-16 09:11:16.150 | WARNING  | __main__:<module>:159 - precision		mean:0.74	std:0.024
2022-10-16 09:11:16.151 | WARNING  | __main__:<module>:161 - recall		mean:0.761	std:0.03
2022-10-16 09:11:16.151 | WARNING  | __main__:<module>:163 - f1		mean:0.75	std:0.022
2022-10-16 09:18:25.724 | INFO     | __main__:<module>:98 - 0.8310502283105022
