2022-10-19 13:06:21.791 | INFO     | __main__:<module>:142 - 0.7442922374429224
2022-10-19 13:06:21.794 | INFO     | __main__:<module>:143 - {'score_func': 'f_classif', 'k': 48, 'n_estimators': 5793, 'max_depth': 21, 'grow_policy': 'depthwise', 'learning_rate': 4.21396349960405e-06, 'gamma': 0.002509200821867405, 'reg_lambda': 0.011933147401635619, 'reg_alpha': 0.0010787039081519758, 'subsample': 0.6748041591842033, 'colsample_bytree': 0.829763496398856}
2022-10-19 13:06:46.120 | WARNING  | __main__:<module>:189 - 0.745	0.72	0.885	0.794
2022-10-19 13:07:32.215 | WARNING  | __main__:<module>:189 - 0.745	0.746	0.82	0.781
2022-10-19 13:08:17.216 | WARNING  | __main__:<module>:189 - 0.755	0.75	0.836	0.791
2022-10-19 13:09:02.209 | WARNING  | __main__:<module>:189 - 0.835	0.818	0.9	0.857
2022-10-19 13:09:47.397 | WARNING  | __main__:<module>:189 - 0.771	0.754	0.867	0.806
2022-10-19 13:10:32.790 | WARNING  | __main__:<module>:189 - 0.78	0.781	0.833	0.806
2022-10-19 13:11:18.404 | WARNING  | __main__:<module>:189 - 0.835	0.828	0.883	0.855
2022-10-19 13:12:04.359 | WARNING  | __main__:<module>:189 - 0.798	0.817	0.817	0.817
2022-10-19 13:12:50.146 | WARNING  | __main__:<module>:189 - 0.771	0.769	0.833	0.8
2022-10-19 13:13:36.484 | WARNING  | __main__:<module>:189 - 0.835	0.828	0.883	0.855
2022-10-19 13:13:57.582 | WARNING  | __main__:<module>:195 - accuracy		mean:0.787	std:0.035
2022-10-19 13:13:57.584 | WARNING  | __main__:<module>:197 - precision		mean:0.781	std:0.037
2022-10-19 13:13:57.585 | WARNING  | __main__:<module>:199 - recall		mean:0.856	std:0.029
2022-10-19 13:13:57.586 | WARNING  | __main__:<module>:201 - f1		mean:0.816	std:0.027
2022-10-19 13:48:19.723 | INFO     | __main__:<module>:143 - 0.7990867579908676
2022-10-19 13:48:19.726 | INFO     | __main__:<module>:144 - {'score_func': 'mutual_info_classif', 'k': 42, 'n_estimators': 5609, 'max_depth': 9, 'grow_policy': 'lossguide', 'learning_rate': 0.04650664897069796, 'gamma': 2.417839059537256e-07, 'reg_lambda': 1.3713310811224037e-07, 'reg_alpha': 0.4457237032528868, 'subsample': 0.5058690417434584, 'colsample_bytree': 0.4533209832264496}
2022-10-19 13:48:30.431 | WARNING  | __main__:<module>:190 - 0.782	0.776	0.852	0.812
2022-10-19 13:48:42.869 | WARNING  | __main__:<module>:190 - 0.773	0.79	0.803	0.797
2022-10-19 13:48:55.355 | WARNING  | __main__:<module>:190 - 0.718	0.742	0.754	0.748
2022-10-19 13:49:07.738 | WARNING  | __main__:<module>:190 - 0.835	0.828	0.883	0.855
2022-10-19 13:49:20.414 | WARNING  | __main__:<module>:190 - 0.862	0.836	0.933	0.882
2022-10-19 13:49:33.145 | WARNING  | __main__:<module>:190 - 0.752	0.762	0.8	0.78
2022-10-19 13:49:45.561 | WARNING  | __main__:<module>:190 - 0.835	0.809	0.917	0.859
2022-10-19 13:49:58.141 | WARNING  | __main__:<module>:190 - 0.807	0.82	0.833	0.826
2022-10-19 13:50:10.805 | WARNING  | __main__:<module>:190 - 0.807	0.831	0.817	0.824
2022-10-19 13:50:23.547 | WARNING  | __main__:<module>:190 - 0.835	0.839	0.867	0.852
2022-10-19 13:50:25.451 | WARNING  | __main__:<module>:196 - accuracy		mean:0.801	std:0.042
2022-10-19 13:50:25.451 | WARNING  | __main__:<module>:198 - precision		mean:0.803	std:0.032
2022-10-19 13:50:25.451 | WARNING  | __main__:<module>:200 - recall		mean:0.846	std:0.053
2022-10-19 13:50:25.451 | WARNING  | __main__:<module>:202 - f1		mean:0.824	std:0.039
2022-10-19 13:58:22.702 | INFO     | __main__:<module>:143 - 0.7899543378995434
2022-10-19 13:58:22.702 | INFO     | __main__:<module>:144 - {'score_func': 'mutual_info_classif', 'k': 56, 'n_estimators': 5629, 'max_depth': 93, 'grow_policy': 'depthwise', 'learning_rate': 0.06549226006352966, 'gamma': 2.7150694396671357e-07, 'reg_lambda': 0.0011112256096547234, 'reg_alpha': 0.00015195910693827815, 'subsample': 0.43589257082199684, 'colsample_bytree': 0.5990392157176424}
2022-10-19 13:58:33.089 | WARNING  | __main__:<module>:190 - 0.773	0.757	0.869	0.809
2022-10-19 13:58:45.202 | WARNING  | __main__:<module>:190 - 0.773	0.773	0.836	0.803
2022-10-19 13:58:57.278 | WARNING  | __main__:<module>:190 - 0.727	0.754	0.754	0.754
2022-10-19 13:59:09.521 | WARNING  | __main__:<module>:190 - 0.78	0.781	0.833	0.806
2022-10-19 13:59:21.742 | WARNING  | __main__:<module>:190 - 0.853	0.844	0.9	0.871
2022-10-19 13:59:34.246 | WARNING  | __main__:<module>:190 - 0.807	0.81	0.85	0.829
2022-10-19 13:59:46.564 | WARNING  | __main__:<module>:190 - 0.844	0.821	0.917	0.866
2022-10-19 13:59:58.871 | WARNING  | __main__:<module>:190 - 0.826	0.836	0.85	0.843
2022-10-19 14:00:11.359 | WARNING  | __main__:<module>:190 - 0.807	0.82	0.833	0.826
2022-10-19 14:00:23.420 | WARNING  | __main__:<module>:190 - 0.789	0.776	0.867	0.819
2022-10-19 14:00:25.041 | WARNING  | __main__:<module>:196 - accuracy		mean:0.798	std:0.036
2022-10-19 14:00:25.045 | WARNING  | __main__:<module>:198 - precision		mean:0.797	std:0.031
2022-10-19 14:00:25.046 | WARNING  | __main__:<module>:200 - recall		mean:0.851	std:0.042
2022-10-19 14:00:25.046 | WARNING  | __main__:<module>:202 - f1		mean:0.823	std:0.032
2022-10-19 14:49:55.241 | WARNING  | __main__:<module>:19 - 0.83	0.843	0.811	0.827
2022-10-19 14:49:55.457 | WARNING  | __main__:<module>:19 - 0.849	0.825	0.887	0.855
2022-10-19 14:49:55.671 | WARNING  | __main__:<module>:19 - 0.83	0.889	0.755	0.816
2022-10-19 14:49:55.886 | WARNING  | __main__:<module>:19 - 0.783	0.759	0.83	0.793
2022-10-19 14:49:56.107 | WARNING  | __main__:<module>:19 - 0.84	0.833	0.849	0.841
2022-10-19 14:49:56.309 | WARNING  | __main__:<module>:19 - 0.811	0.78	0.868	0.821
2022-10-19 14:49:56.531 | WARNING  | __main__:<module>:19 - 0.877	0.9	0.849	0.874
2022-10-19 14:49:56.748 | WARNING  | __main__:<module>:19 - 0.896	0.889	0.906	0.897
2022-10-19 14:49:56.972 | WARNING  | __main__:<module>:19 - 0.867	0.882	0.849	0.865
2022-10-19 14:49:57.185 | WARNING  | __main__:<module>:19 - 0.838	0.818	0.865	0.841
2022-10-19 14:49:57.188 | WARNING  | __main__:<module>:26 - accuracy		mean:0.82	std:0.04
2022-10-19 14:49:57.190 | WARNING  | __main__:<module>:28 - precision		mean:0.819	std:0.045
2022-10-19 14:49:57.192 | WARNING  | __main__:<module>:30 - recall		mean:0.849	std:0.041
2022-10-19 14:49:57.195 | WARNING  | __main__:<module>:32 - f1		mean:0.833	std:0.032
2022-10-19 14:49:59.738 | WARNING  | __main__:<module>:19 - 0.83	0.843	0.811	0.827
2022-10-19 14:49:59.979 | WARNING  | __main__:<module>:19 - 0.849	0.825	0.887	0.855
2022-10-19 14:50:00.201 | WARNING  | __main__:<module>:19 - 0.83	0.889	0.755	0.816
2022-10-19 14:50:00.418 | WARNING  | __main__:<module>:19 - 0.783	0.759	0.83	0.793
2022-10-19 14:50:00.626 | WARNING  | __main__:<module>:19 - 0.84	0.833	0.849	0.841
2022-10-19 14:50:00.837 | WARNING  | __main__:<module>:19 - 0.811	0.78	0.868	0.821
2022-10-19 14:50:01.051 | WARNING  | __main__:<module>:19 - 0.877	0.9	0.849	0.874
2022-10-19 14:50:01.270 | WARNING  | __main__:<module>:19 - 0.896	0.889	0.906	0.897
2022-10-19 14:50:01.486 | WARNING  | __main__:<module>:19 - 0.867	0.882	0.849	0.865
2022-10-19 14:50:01.703 | WARNING  | __main__:<module>:19 - 0.838	0.818	0.865	0.841
2022-10-19 14:50:01.705 | WARNING  | __main__:<module>:26 - accuracy		mean:0.827	std:0.039
2022-10-19 14:50:01.707 | WARNING  | __main__:<module>:28 - precision		mean:0.827	std:0.047
2022-10-19 14:50:01.709 | WARNING  | __main__:<module>:30 - recall		mean:0.848	std:0.041
2022-10-19 14:50:01.712 | WARNING  | __main__:<module>:32 - f1		mean:0.836	std:0.032
2022-10-19 14:50:04.342 | WARNING  | __main__:<module>:19 - 0.83	0.843	0.811	0.827
2022-10-19 14:50:04.567 | WARNING  | __main__:<module>:19 - 0.849	0.825	0.887	0.855
2022-10-19 14:50:04.780 | WARNING  | __main__:<module>:19 - 0.83	0.889	0.755	0.816
2022-10-19 14:50:05.015 | WARNING  | __main__:<module>:19 - 0.783	0.759	0.83	0.793
2022-10-19 14:50:05.268 | WARNING  | __main__:<module>:19 - 0.84	0.833	0.849	0.841
2022-10-19 14:50:05.498 | WARNING  | __main__:<module>:19 - 0.811	0.78	0.868	0.821
2022-10-19 14:50:05.713 | WARNING  | __main__:<module>:19 - 0.877	0.9	0.849	0.874
2022-10-19 14:50:05.931 | WARNING  | __main__:<module>:19 - 0.896	0.889	0.906	0.897
2022-10-19 14:50:06.149 | WARNING  | __main__:<module>:19 - 0.867	0.882	0.849	0.865
2022-10-19 14:50:06.370 | WARNING  | __main__:<module>:19 - 0.838	0.818	0.865	0.841
2022-10-19 14:50:06.372 | WARNING  | __main__:<module>:26 - accuracy		mean:0.831	std:0.037
2022-10-19 14:50:06.374 | WARNING  | __main__:<module>:28 - precision		mean:0.831	std:0.047
2022-10-19 14:50:06.377 | WARNING  | __main__:<module>:30 - recall		mean:0.848	std:0.04
2022-10-19 14:50:06.379 | WARNING  | __main__:<module>:32 - f1		mean:0.838	std:0.031
2022-10-19 14:50:08.983 | WARNING  | __main__:<module>:19 - 0.83	0.843	0.811	0.827
2022-10-19 14:50:09.205 | WARNING  | __main__:<module>:19 - 0.849	0.825	0.887	0.855
2022-10-19 14:50:09.413 | WARNING  | __main__:<module>:19 - 0.83	0.889	0.755	0.816
2022-10-19 14:50:09.622 | WARNING  | __main__:<module>:19 - 0.783	0.759	0.83	0.793
2022-10-19 14:50:09.841 | WARNING  | __main__:<module>:19 - 0.84	0.833	0.849	0.841
2022-10-19 14:50:10.054 | WARNING  | __main__:<module>:19 - 0.811	0.78	0.868	0.821
2022-10-19 14:50:10.259 | WARNING  | __main__:<module>:19 - 0.877	0.9	0.849	0.874
2022-10-19 14:50:10.470 | WARNING  | __main__:<module>:19 - 0.896	0.889	0.906	0.897
2022-10-19 14:50:10.682 | WARNING  | __main__:<module>:19 - 0.867	0.882	0.849	0.865
2022-10-19 14:50:10.899 | WARNING  | __main__:<module>:19 - 0.838	0.818	0.865	0.841
2022-10-19 14:50:10.901 | WARNING  | __main__:<module>:26 - accuracy		mean:0.833	std:0.037
2022-10-19 14:50:10.904 | WARNING  | __main__:<module>:28 - precision		mean:0.833	std:0.047
2022-10-19 14:50:10.906 | WARNING  | __main__:<module>:30 - recall		mean:0.848	std:0.04
2022-10-19 14:50:10.908 | WARNING  | __main__:<module>:32 - f1		mean:0.839	std:0.031
2022-10-19 14:50:20.082 | WARNING  | __main__:<module>:19 - 0.83	0.843	0.811	0.827
2022-10-19 14:50:20.293 | WARNING  | __main__:<module>:19 - 0.849	0.825	0.887	0.855
2022-10-19 14:50:20.523 | WARNING  | __main__:<module>:19 - 0.83	0.889	0.755	0.816
2022-10-19 14:50:20.742 | WARNING  | __main__:<module>:19 - 0.783	0.759	0.83	0.793
2022-10-19 14:50:20.954 | WARNING  | __main__:<module>:19 - 0.84	0.833	0.849	0.841
2022-10-19 14:50:21.169 | WARNING  | __main__:<module>:19 - 0.811	0.78	0.868	0.821
2022-10-19 14:50:21.388 | WARNING  | __main__:<module>:19 - 0.877	0.9	0.849	0.874
2022-10-19 14:50:21.606 | WARNING  | __main__:<module>:19 - 0.896	0.889	0.906	0.897
2022-10-19 14:50:21.819 | WARNING  | __main__:<module>:19 - 0.867	0.882	0.849	0.865
2022-10-19 14:50:22.041 | WARNING  | __main__:<module>:19 - 0.838	0.818	0.865	0.841
2022-10-19 14:50:22.044 | WARNING  | __main__:<module>:26 - accuracy		mean:0.835	std:0.036
2022-10-19 14:50:22.046 | WARNING  | __main__:<module>:28 - precision		mean:0.834	std:0.047
2022-10-19 14:50:22.048 | WARNING  | __main__:<module>:30 - recall		mean:0.848	std:0.04
2022-10-19 14:50:22.051 | WARNING  | __main__:<module>:32 - f1		mean:0.84	std:0.031
2022-10-19 15:44:22.133 | WARNING  | __main__:<module>:19 - 0.83	0.843	0.811	0.827
2022-10-19 15:44:23.411 | WARNING  | __main__:<module>:19 - 0.849	0.825	0.887	0.855
2022-10-19 15:44:24.688 | WARNING  | __main__:<module>:19 - 0.83	0.889	0.755	0.816
2022-10-19 15:44:25.967 | WARNING  | __main__:<module>:19 - 0.783	0.759	0.83	0.793
2022-10-19 15:44:27.232 | WARNING  | __main__:<module>:19 - 0.84	0.833	0.849	0.841
2022-10-19 15:44:28.570 | WARNING  | __main__:<module>:19 - 0.811	0.78	0.868	0.821
2022-10-19 15:44:29.930 | WARNING  | __main__:<module>:19 - 0.877	0.9	0.849	0.874
2022-10-19 15:44:31.269 | WARNING  | __main__:<module>:19 - 0.896	0.889	0.906	0.897
2022-10-19 15:44:32.701 | WARNING  | __main__:<module>:19 - 0.867	0.882	0.849	0.865
2022-10-19 15:44:34.015 | WARNING  | __main__:<module>:19 - 0.838	0.818	0.865	0.841
2022-10-19 15:44:35.068 | WARNING  | __main__:<module>:26 - accuracy		mean:0.836	std:0.035
2022-10-19 15:44:35.069 | WARNING  | __main__:<module>:28 - precision		mean:0.835	std:0.047
2022-10-19 15:44:35.071 | WARNING  | __main__:<module>:30 - recall		mean:0.847	std:0.04
2022-10-19 15:44:35.072 | WARNING  | __main__:<module>:32 - f1		mean:0.84	std:0.03
2022-10-19 16:14:12.850 | WARNING  | __main__:<module>:20 - 0.83	0.843	0.811	0.827
2022-10-19 16:14:14.122 | WARNING  | __main__:<module>:20 - 0.849	0.825	0.887	0.855
2022-10-19 16:14:15.450 | WARNING  | __main__:<module>:20 - 0.83	0.889	0.755	0.816
2022-10-19 16:14:16.787 | WARNING  | __main__:<module>:20 - 0.783	0.759	0.83	0.793
2022-10-19 16:14:18.203 | WARNING  | __main__:<module>:20 - 0.84	0.833	0.849	0.841
2022-10-19 16:14:19.485 | WARNING  | __main__:<module>:20 - 0.811	0.78	0.868	0.821
2022-10-19 16:14:20.818 | WARNING  | __main__:<module>:20 - 0.877	0.9	0.849	0.874
2022-10-19 16:14:22.232 | WARNING  | __main__:<module>:20 - 0.896	0.889	0.906	0.897
2022-10-19 16:14:23.586 | WARNING  | __main__:<module>:20 - 0.867	0.882	0.849	0.865
2022-10-19 16:14:24.920 | WARNING  | __main__:<module>:20 - 0.838	0.818	0.865	0.841
2022-10-19 16:14:28.868 | WARNING  | __main__:<module>:20 - 0.83	0.843	0.811	0.827
2022-10-19 16:14:30.182 | WARNING  | __main__:<module>:20 - 0.849	0.825	0.887	0.855
2022-10-19 16:14:31.650 | WARNING  | __main__:<module>:20 - 0.83	0.889	0.755	0.816
2022-10-19 16:14:32.929 | WARNING  | __main__:<module>:20 - 0.783	0.759	0.83	0.793
2022-10-19 16:14:34.262 | WARNING  | __main__:<module>:20 - 0.84	0.833	0.849	0.841
2022-10-19 16:14:35.590 | WARNING  | __main__:<module>:20 - 0.811	0.78	0.868	0.821
2022-10-19 16:14:36.888 | WARNING  | __main__:<module>:20 - 0.877	0.9	0.849	0.874
2022-10-19 16:14:38.147 | WARNING  | __main__:<module>:20 - 0.896	0.889	0.906	0.897
2022-10-19 16:14:39.476 | WARNING  | __main__:<module>:20 - 0.867	0.882	0.849	0.865
2022-10-19 16:14:40.909 | WARNING  | __main__:<module>:20 - 0.838	0.818	0.865	0.841
2022-10-19 16:16:57.660 | INFO     | __main__:<module>:70 - 使用 互信息法 进行特征筛选
2022-10-19 16:16:58.295 | INFO     | __main__:<module>:118 - 使用 SMOTETomek 混合采样
2022-10-19 16:16:58.334 | INFO     | __main__:<module>:123 - 数据平衡前：非DPN组有490条,DPN组有603条
2022-10-19 16:16:58.336 | INFO     | __main__:<module>:124 - 数据平衡后：非DPN组有526条,DPN组有526条
2022-10-19 16:17:07.996 | WARNING  | __main__:<module>:174 - 0.83	0.885	0.831	0.857
2022-10-19 16:17:17.016 | WARNING  | __main__:<module>:174 - 0.811	0.763	0.882	0.818
2022-10-19 16:17:26.241 | WARNING  | __main__:<module>:174 - 0.771	0.776	0.852	0.812
2022-10-19 16:17:35.207 | WARNING  | __main__:<module>:174 - 0.848	0.864	0.891	0.877
2022-10-19 16:17:44.309 | WARNING  | __main__:<module>:174 - 0.8	0.75	0.927	0.829
2022-10-19 16:17:53.534 | WARNING  | __main__:<module>:174 - 0.771	0.8	0.848	0.824
2022-10-19 16:18:02.952 | WARNING  | __main__:<module>:174 - 0.79	0.768	0.898	0.828
2022-10-19 16:18:12.886 | WARNING  | __main__:<module>:174 - 0.743	0.716	0.898	0.797
2022-10-19 16:18:22.686 | WARNING  | __main__:<module>:174 - 0.771	0.771	0.871	0.818
2022-10-19 16:18:32.472 | WARNING  | __main__:<module>:174 - 0.819	0.791	0.914	0.848
2022-10-19 16:18:32.583 | WARNING  | __main__:<module>:183 - accuracy		mean:0.796	std:0.03
2022-10-19 16:18:32.585 | WARNING  | __main__:<module>:185 - precision		mean:0.788	std:0.048
2022-10-19 16:18:32.587 | WARNING  | __main__:<module>:187 - recall		mean:0.881	std:0.029
2022-10-19 16:18:32.588 | WARNING  | __main__:<module>:189 - f1		mean:0.831	std:0.022
2022-10-19 19:28:24.966 | WARNING  | __main__:<module>:20 - 0.849	0.825	0.887	0.855
2022-10-19 19:28:25.183 | WARNING  | __main__:<module>:20 - 0.811	0.789	0.849	0.818
2022-10-19 19:28:25.398 | WARNING  | __main__:<module>:20 - 0.848	0.911	0.774	0.837
2022-10-19 19:28:25.616 | WARNING  | __main__:<module>:20 - 0.819	0.84	0.792	0.816
2022-10-19 19:28:25.864 | WARNING  | __main__:<module>:20 - 0.8	0.786	0.83	0.807
2022-10-19 19:28:26.112 | WARNING  | __main__:<module>:20 - 0.848	0.849	0.849	0.849
2022-10-19 19:28:26.354 | WARNING  | __main__:<module>:20 - 0.819	0.8	0.846	0.822
2022-10-19 19:28:26.653 | WARNING  | __main__:<module>:20 - 0.81	0.776	0.865	0.818
2022-10-19 19:28:26.910 | WARNING  | __main__:<module>:20 - 0.905	0.92	0.885	0.902
2022-10-19 19:28:27.167 | WARNING  | __main__:<module>:20 - 0.886	0.9	0.865	0.882
2022-10-19 19:28:27.170 | WARNING  | __main__:<module>:31 - accuracy		mean:0.817	std:0.038
2022-10-19 19:28:27.173 | WARNING  | __main__:<module>:33 - precision		mean:0.814	std:0.056
2022-10-19 19:28:27.175 | WARNING  | __main__:<module>:35 - recall		mean:0.863	std:0.037
2022-10-19 19:28:27.178 | WARNING  | __main__:<module>:37 - f1		mean:0.836	std:0.027
2022-10-19 19:28:36.260 | WARNING  | __main__:<module>:20 - 0.849	0.825	0.887	0.855
2022-10-19 19:28:36.487 | WARNING  | __main__:<module>:20 - 0.811	0.789	0.849	0.818
2022-10-19 19:28:36.693 | WARNING  | __main__:<module>:20 - 0.848	0.911	0.774	0.837
2022-10-19 19:28:36.898 | WARNING  | __main__:<module>:20 - 0.819	0.84	0.792	0.816
2022-10-19 19:28:37.103 | WARNING  | __main__:<module>:20 - 0.8	0.786	0.83	0.807
2022-10-19 19:28:37.311 | WARNING  | __main__:<module>:20 - 0.848	0.849	0.849	0.849
2022-10-19 19:28:37.511 | WARNING  | __main__:<module>:20 - 0.819	0.8	0.846	0.822
2022-10-19 19:28:37.747 | WARNING  | __main__:<module>:20 - 0.81	0.776	0.865	0.818
2022-10-19 19:28:37.989 | WARNING  | __main__:<module>:20 - 0.905	0.92	0.885	0.902
2022-10-19 19:28:38.215 | WARNING  | __main__:<module>:20 - 0.886	0.9	0.865	0.882
2022-10-19 19:28:38.218 | WARNING  | __main__:<module>:31 - accuracy		mean:0.825	std:0.038
2022-10-19 19:28:38.221 | WARNING  | __main__:<module>:33 - precision		mean:0.823	std:0.056
2022-10-19 19:28:38.224 | WARNING  | __main__:<module>:35 - recall		mean:0.857	std:0.037
2022-10-19 19:28:38.226 | WARNING  | __main__:<module>:37 - f1		mean:0.837	std:0.028
2022-10-19 19:28:54.026 | WARNING  | __main__:<module>:20 - 0.849	0.825	0.887	0.855
2022-10-19 19:28:54.232 | WARNING  | __main__:<module>:20 - 0.811	0.789	0.849	0.818
2022-10-19 19:28:54.434 | WARNING  | __main__:<module>:20 - 0.848	0.911	0.774	0.837
2022-10-19 19:28:54.645 | WARNING  | __main__:<module>:20 - 0.819	0.84	0.792	0.816
2022-10-19 19:28:54.848 | WARNING  | __main__:<module>:20 - 0.8	0.786	0.83	0.807
2022-10-19 19:28:55.059 | WARNING  | __main__:<module>:20 - 0.848	0.849	0.849	0.849
2022-10-19 19:28:55.260 | WARNING  | __main__:<module>:20 - 0.819	0.8	0.846	0.822
2022-10-19 19:28:55.481 | WARNING  | __main__:<module>:20 - 0.81	0.776	0.865	0.818
2022-10-19 19:28:55.716 | WARNING  | __main__:<module>:20 - 0.905	0.92	0.885	0.902
2022-10-19 19:28:55.953 | WARNING  | __main__:<module>:20 - 0.886	0.9	0.865	0.882
2022-10-19 19:28:55.956 | WARNING  | __main__:<module>:31 - accuracy		mean:0.828	std:0.037
2022-10-19 19:28:55.958 | WARNING  | __main__:<module>:33 - precision		mean:0.827	std:0.055
2022-10-19 19:28:55.960 | WARNING  | __main__:<module>:35 - recall		mean:0.854	std:0.037
2022-10-19 19:28:55.963 | WARNING  | __main__:<module>:37 - f1		mean:0.838	std:0.028
2022-10-19 19:28:58.350 | WARNING  | __main__:<module>:20 - 0.849	0.825	0.887	0.855
2022-10-19 19:28:58.576 | WARNING  | __main__:<module>:20 - 0.811	0.789	0.849	0.818
2022-10-19 19:28:58.794 | WARNING  | __main__:<module>:20 - 0.848	0.911	0.774	0.837
2022-10-19 19:28:59.007 | WARNING  | __main__:<module>:20 - 0.819	0.84	0.792	0.816
2022-10-19 19:28:59.224 | WARNING  | __main__:<module>:20 - 0.8	0.786	0.83	0.807
2022-10-19 19:28:59.440 | WARNING  | __main__:<module>:20 - 0.848	0.849	0.849	0.849
2022-10-19 19:28:59.650 | WARNING  | __main__:<module>:20 - 0.819	0.8	0.846	0.822
2022-10-19 19:28:59.881 | WARNING  | __main__:<module>:20 - 0.81	0.776	0.865	0.818
2022-10-19 19:29:00.131 | WARNING  | __main__:<module>:20 - 0.905	0.92	0.885	0.902
2022-10-19 19:29:00.358 | WARNING  | __main__:<module>:20 - 0.886	0.9	0.865	0.882
2022-10-19 19:29:00.358 | WARNING  | __main__:<module>:31 - accuracy		mean:0.831	std:0.037
2022-10-19 19:29:00.363 | WARNING  | __main__:<module>:33 - precision		mean:0.829	std:0.055
2022-10-19 19:29:00.365 | WARNING  | __main__:<module>:35 - recall		mean:0.852	std:0.037
2022-10-19 19:29:00.367 | WARNING  | __main__:<module>:37 - f1		mean:0.839	std:0.029
2022-10-19 19:29:02.956 | WARNING  | __main__:<module>:20 - 0.849	0.825	0.887	0.855
2022-10-19 19:29:03.167 | WARNING  | __main__:<module>:20 - 0.811	0.789	0.849	0.818
2022-10-19 19:29:03.379 | WARNING  | __main__:<module>:20 - 0.848	0.911	0.774	0.837
2022-10-19 19:29:03.621 | WARNING  | __main__:<module>:20 - 0.819	0.84	0.792	0.816
2022-10-19 19:29:03.865 | WARNING  | __main__:<module>:20 - 0.8	0.786	0.83	0.807
2022-10-19 19:29:04.081 | WARNING  | __main__:<module>:20 - 0.848	0.849	0.849	0.849
2022-10-19 19:29:04.287 | WARNING  | __main__:<module>:20 - 0.819	0.8	0.846	0.822
2022-10-19 19:29:04.499 | WARNING  | __main__:<module>:20 - 0.81	0.776	0.865	0.818
2022-10-19 19:29:04.711 | WARNING  | __main__:<module>:20 - 0.905	0.92	0.885	0.902
2022-10-19 19:29:04.923 | WARNING  | __main__:<module>:20 - 0.886	0.9	0.865	0.882
2022-10-19 19:29:04.931 | WARNING  | __main__:<module>:31 - accuracy		mean:0.832	std:0.036
2022-10-19 19:29:04.934 | WARNING  | __main__:<module>:33 - precision		mean:0.831	std:0.054
2022-10-19 19:29:04.936 | WARNING  | __main__:<module>:35 - recall		mean:0.85	std:0.037
2022-10-19 19:29:04.938 | WARNING  | __main__:<module>:37 - f1		mean:0.839	std:0.029
2022-10-19 19:29:07.173 | WARNING  | __main__:<module>:20 - 0.849	0.825	0.887	0.855
2022-10-19 19:29:07.386 | WARNING  | __main__:<module>:20 - 0.811	0.789	0.849	0.818
2022-10-19 19:29:07.600 | WARNING  | __main__:<module>:20 - 0.848	0.911	0.774	0.837
2022-10-19 19:29:07.812 | WARNING  | __main__:<module>:20 - 0.819	0.84	0.792	0.816
2022-10-19 19:29:08.019 | WARNING  | __main__:<module>:20 - 0.8	0.786	0.83	0.807
2022-10-19 19:29:08.219 | WARNING  | __main__:<module>:20 - 0.848	0.849	0.849	0.849
2022-10-19 19:29:08.413 | WARNING  | __main__:<module>:20 - 0.819	0.8	0.846	0.822
2022-10-19 19:29:08.614 | WARNING  | __main__:<module>:20 - 0.81	0.776	0.865	0.818
2022-10-19 19:29:08.842 | WARNING  | __main__:<module>:20 - 0.905	0.92	0.885	0.902
2022-10-19 19:29:09.088 | WARNING  | __main__:<module>:20 - 0.886	0.9	0.865	0.882
2022-10-19 19:29:09.090 | WARNING  | __main__:<module>:31 - accuracy		mean:0.833	std:0.036
2022-10-19 19:29:09.093 | WARNING  | __main__:<module>:33 - precision		mean:0.832	std:0.054
2022-10-19 19:29:09.094 | WARNING  | __main__:<module>:35 - recall		mean:0.85	std:0.037
2022-10-19 19:29:09.096 | WARNING  | __main__:<module>:37 - f1		mean:0.839	std:0.029
2022-10-19 19:29:10.554 | WARNING  | __main__:<module>:20 - 0.849	0.825	0.887	0.855
2022-10-19 19:29:10.766 | WARNING  | __main__:<module>:20 - 0.811	0.789	0.849	0.818
2022-10-19 19:29:10.981 | WARNING  | __main__:<module>:20 - 0.848	0.911	0.774	0.837
2022-10-19 19:29:11.197 | WARNING  | __main__:<module>:20 - 0.819	0.84	0.792	0.816
2022-10-19 19:29:11.400 | WARNING  | __main__:<module>:20 - 0.8	0.786	0.83	0.807
2022-10-19 19:29:11.631 | WARNING  | __main__:<module>:20 - 0.848	0.849	0.849	0.849
2022-10-19 19:29:11.881 | WARNING  | __main__:<module>:20 - 0.819	0.8	0.846	0.822
2022-10-19 19:29:12.112 | WARNING  | __main__:<module>:20 - 0.81	0.776	0.865	0.818
2022-10-19 19:29:12.317 | WARNING  | __main__:<module>:20 - 0.905	0.92	0.885	0.902
2022-10-19 19:29:12.539 | WARNING  | __main__:<module>:20 - 0.886	0.9	0.865	0.882
2022-10-19 19:29:12.544 | WARNING  | __main__:<module>:31 - accuracy		mean:0.834	std:0.036
2022-10-19 19:29:12.546 | WARNING  | __main__:<module>:33 - precision		mean:0.833	std:0.054
2022-10-19 19:29:12.549 | WARNING  | __main__:<module>:35 - recall		mean:0.849	std:0.036
2022-10-19 19:29:12.552 | WARNING  | __main__:<module>:37 - f1		mean:0.839	std:0.029
2022-10-19 19:29:14.363 | WARNING  | __main__:<module>:20 - 0.849	0.825	0.887	0.855
2022-10-19 19:29:14.577 | WARNING  | __main__:<module>:20 - 0.811	0.789	0.849	0.818
2022-10-19 19:29:14.806 | WARNING  | __main__:<module>:20 - 0.848	0.911	0.774	0.837
2022-10-19 19:29:15.028 | WARNING  | __main__:<module>:20 - 0.819	0.84	0.792	0.816
2022-10-19 19:29:15.242 | WARNING  | __main__:<module>:20 - 0.8	0.786	0.83	0.807
2022-10-19 19:29:15.454 | WARNING  | __main__:<module>:20 - 0.848	0.849	0.849	0.849
2022-10-19 19:29:15.672 | WARNING  | __main__:<module>:20 - 0.819	0.8	0.846	0.822
2022-10-19 19:29:15.886 | WARNING  | __main__:<module>:20 - 0.81	0.776	0.865	0.818
2022-10-19 19:29:16.103 | WARNING  | __main__:<module>:20 - 0.905	0.92	0.885	0.902
2022-10-19 19:29:16.349 | WARNING  | __main__:<module>:20 - 0.886	0.9	0.865	0.882
2022-10-19 19:29:16.352 | WARNING  | __main__:<module>:31 - accuracy		mean:0.835	std:0.035
2022-10-19 19:29:16.354 | WARNING  | __main__:<module>:33 - precision		mean:0.834	std:0.054
2022-10-19 19:29:16.356 | WARNING  | __main__:<module>:35 - recall		mean:0.848	std:0.036
2022-10-19 19:29:16.359 | WARNING  | __main__:<module>:37 - f1		mean:0.84	std:0.029
2022-10-19 19:29:18.679 | WARNING  | __main__:<module>:20 - 0.849	0.825	0.887	0.855
2022-10-19 19:29:18.905 | WARNING  | __main__:<module>:20 - 0.811	0.789	0.849	0.818
2022-10-19 19:29:19.113 | WARNING  | __main__:<module>:20 - 0.848	0.911	0.774	0.837
2022-10-19 19:29:19.315 | WARNING  | __main__:<module>:20 - 0.819	0.84	0.792	0.816
2022-10-19 19:29:19.537 | WARNING  | __main__:<module>:20 - 0.8	0.786	0.83	0.807
2022-10-19 19:29:19.791 | WARNING  | __main__:<module>:20 - 0.848	0.849	0.849	0.849
2022-10-19 19:29:20.010 | WARNING  | __main__:<module>:20 - 0.819	0.8	0.846	0.822
2022-10-19 19:29:20.210 | WARNING  | __main__:<module>:20 - 0.81	0.776	0.865	0.818
2022-10-19 19:29:20.412 | WARNING  | __main__:<module>:20 - 0.905	0.92	0.885	0.902
2022-10-19 19:29:20.628 | WARNING  | __main__:<module>:20 - 0.886	0.9	0.865	0.882
2022-10-19 19:29:20.631 | WARNING  | __main__:<module>:31 - accuracy		mean:0.835	std:0.035
2022-10-19 19:29:20.633 | WARNING  | __main__:<module>:33 - precision		mean:0.834	std:0.053
2022-10-19 19:29:20.635 | WARNING  | __main__:<module>:35 - recall		mean:0.848	std:0.036
2022-10-19 19:29:20.637 | WARNING  | __main__:<module>:37 - f1		mean:0.84	std:0.029
2022-10-19 19:29:21.972 | WARNING  | __main__:<module>:20 - 0.849	0.825	0.887	0.855
2022-10-19 19:29:22.183 | WARNING  | __main__:<module>:20 - 0.811	0.789	0.849	0.818
2022-10-19 19:29:22.401 | WARNING  | __main__:<module>:20 - 0.848	0.911	0.774	0.837
2022-10-19 19:29:22.615 | WARNING  | __main__:<module>:20 - 0.819	0.84	0.792	0.816
2022-10-19 19:29:22.830 | WARNING  | __main__:<module>:20 - 0.8	0.786	0.83	0.807
2022-10-19 19:29:23.065 | WARNING  | __main__:<module>:20 - 0.848	0.849	0.849	0.849
2022-10-19 19:29:23.274 | WARNING  | __main__:<module>:20 - 0.819	0.8	0.846	0.822
2022-10-19 19:29:23.482 | WARNING  | __main__:<module>:20 - 0.81	0.776	0.865	0.818
2022-10-19 19:29:23.696 | WARNING  | __main__:<module>:20 - 0.905	0.92	0.885	0.902
2022-10-19 19:29:23.909 | WARNING  | __main__:<module>:20 - 0.886	0.9	0.865	0.882
2022-10-19 19:29:23.913 | WARNING  | __main__:<module>:31 - accuracy		mean:0.835	std:0.035
2022-10-19 19:29:23.914 | WARNING  | __main__:<module>:33 - precision		mean:0.835	std:0.053
2022-10-19 19:29:23.917 | WARNING  | __main__:<module>:35 - recall		mean:0.848	std:0.036
2022-10-19 19:29:23.920 | WARNING  | __main__:<module>:37 - f1		mean:0.84	std:0.029
2022-10-19 19:29:25.348 | WARNING  | __main__:<module>:20 - 0.849	0.825	0.887	0.855
2022-10-19 19:29:25.553 | WARNING  | __main__:<module>:20 - 0.811	0.789	0.849	0.818
2022-10-19 19:29:25.764 | WARNING  | __main__:<module>:20 - 0.848	0.911	0.774	0.837
2022-10-19 19:29:25.977 | WARNING  | __main__:<module>:20 - 0.819	0.84	0.792	0.816
2022-10-19 19:29:26.186 | WARNING  | __main__:<module>:20 - 0.8	0.786	0.83	0.807
2022-10-19 19:29:26.397 | WARNING  | __main__:<module>:20 - 0.848	0.849	0.849	0.849
2022-10-19 19:29:26.620 | WARNING  | __main__:<module>:20 - 0.819	0.8	0.846	0.822
2022-10-19 19:29:26.821 | WARNING  | __main__:<module>:20 - 0.81	0.776	0.865	0.818
2022-10-19 19:29:27.035 | WARNING  | __main__:<module>:20 - 0.905	0.92	0.885	0.902
2022-10-19 19:29:27.247 | WARNING  | __main__:<module>:20 - 0.886	0.9	0.865	0.882
2022-10-19 19:29:27.250 | WARNING  | __main__:<module>:31 - accuracy		mean:0.836	std:0.035
2022-10-19 19:29:27.253 | WARNING  | __main__:<module>:33 - precision		mean:0.835	std:0.053
2022-10-19 19:29:27.255 | WARNING  | __main__:<module>:35 - recall		mean:0.847	std:0.036
2022-10-19 19:29:27.258 | WARNING  | __main__:<module>:37 - f1		mean:0.84	std:0.029
2022-10-19 19:29:30.672 | WARNING  | __main__:<module>:20 - 0.849	0.825	0.887	0.855
2022-10-19 19:29:30.890 | WARNING  | __main__:<module>:20 - 0.811	0.789	0.849	0.818
2022-10-19 19:29:31.112 | WARNING  | __main__:<module>:20 - 0.848	0.911	0.774	0.837
2022-10-19 19:29:31.322 | WARNING  | __main__:<module>:20 - 0.819	0.84	0.792	0.816
2022-10-19 19:29:31.545 | WARNING  | __main__:<module>:20 - 0.8	0.786	0.83	0.807
2022-10-19 19:29:31.764 | WARNING  | __main__:<module>:20 - 0.848	0.849	0.849	0.849
2022-10-19 19:29:31.984 | WARNING  | __main__:<module>:20 - 0.819	0.8	0.846	0.822
2022-10-19 19:29:32.208 | WARNING  | __main__:<module>:20 - 0.81	0.776	0.865	0.818
2022-10-19 19:29:32.430 | WARNING  | __main__:<module>:20 - 0.905	0.92	0.885	0.902
2022-10-19 19:29:32.684 | WARNING  | __main__:<module>:20 - 0.886	0.9	0.865	0.882
2022-10-19 19:29:32.687 | WARNING  | __main__:<module>:31 - accuracy		mean:0.836	std:0.035
2022-10-19 19:29:32.689 | WARNING  | __main__:<module>:33 - precision		mean:0.836	std:0.053
2022-10-19 19:29:32.692 | WARNING  | __main__:<module>:35 - recall		mean:0.847	std:0.036
2022-10-19 19:29:32.694 | WARNING  | __main__:<module>:37 - f1		mean:0.84	std:0.029
2022-10-19 19:29:34.306 | WARNING  | __main__:<module>:20 - 0.849	0.825	0.887	0.855
2022-10-19 19:29:34.524 | WARNING  | __main__:<module>:20 - 0.811	0.789	0.849	0.818
2022-10-19 19:29:34.737 | WARNING  | __main__:<module>:20 - 0.848	0.911	0.774	0.837
2022-10-19 19:29:34.945 | WARNING  | __main__:<module>:20 - 0.819	0.84	0.792	0.816
2022-10-19 19:29:35.159 | WARNING  | __main__:<module>:20 - 0.8	0.786	0.83	0.807
2022-10-19 19:29:35.390 | WARNING  | __main__:<module>:20 - 0.848	0.849	0.849	0.849
2022-10-19 19:29:35.627 | WARNING  | __main__:<module>:20 - 0.819	0.8	0.846	0.822
2022-10-19 19:29:35.849 | WARNING  | __main__:<module>:20 - 0.81	0.776	0.865	0.818
2022-10-19 19:29:36.059 | WARNING  | __main__:<module>:20 - 0.905	0.92	0.885	0.902
2022-10-19 19:29:36.267 | WARNING  | __main__:<module>:20 - 0.886	0.9	0.865	0.882
2022-10-19 19:29:36.275 | WARNING  | __main__:<module>:31 - accuracy		mean:0.836	std:0.034
2022-10-19 19:29:36.278 | WARNING  | __main__:<module>:33 - precision		mean:0.836	std:0.053
2022-10-19 19:29:36.279 | WARNING  | __main__:<module>:35 - recall		mean:0.847	std:0.036
2022-10-19 19:29:36.281 | WARNING  | __main__:<module>:37 - f1		mean:0.84	std:0.029
2022-10-19 19:30:34.974 | WARNING  | __main__:<module>:20 - 0.849	0.825	0.887	0.855
2022-10-19 19:30:35.191 | WARNING  | __main__:<module>:20 - 0.811	0.789	0.849	0.818
2022-10-19 19:30:35.406 | WARNING  | __main__:<module>:20 - 0.848	0.911	0.774	0.837
2022-10-19 19:30:35.615 | WARNING  | __main__:<module>:20 - 0.819	0.84	0.792	0.816
2022-10-19 19:30:35.830 | WARNING  | __main__:<module>:20 - 0.8	0.786	0.83	0.807
2022-10-19 19:30:36.045 | WARNING  | __main__:<module>:20 - 0.848	0.849	0.849	0.849
2022-10-19 19:30:36.250 | WARNING  | __main__:<module>:20 - 0.819	0.8	0.846	0.822
2022-10-19 19:30:36.470 | WARNING  | __main__:<module>:20 - 0.81	0.776	0.865	0.818
2022-10-19 19:30:36.685 | WARNING  | __main__:<module>:20 - 0.905	0.92	0.885	0.902
2022-10-19 19:30:36.909 | WARNING  | __main__:<module>:20 - 0.886	0.9	0.865	0.882
2022-10-19 19:30:36.911 | WARNING  | __main__:<module>:31 - accuracy		mean:0.836	std:0.034
2022-10-19 19:30:36.913 | WARNING  | __main__:<module>:33 - precision		mean:0.836	std:0.053
2022-10-19 19:30:36.915 | WARNING  | __main__:<module>:35 - recall		mean:0.847	std:0.036
2022-10-19 19:30:36.917 | WARNING  | __main__:<module>:37 - f1		mean:0.84	std:0.029
2022-10-19 19:30:38.259 | WARNING  | __main__:<module>:20 - 0.849	0.825	0.887	0.855
2022-10-19 19:30:38.485 | WARNING  | __main__:<module>:20 - 0.811	0.789	0.849	0.818
2022-10-19 19:30:38.698 | WARNING  | __main__:<module>:20 - 0.848	0.911	0.774	0.837
2022-10-19 19:30:38.905 | WARNING  | __main__:<module>:20 - 0.819	0.84	0.792	0.816
2022-10-19 19:30:39.123 | WARNING  | __main__:<module>:20 - 0.8	0.786	0.83	0.807
2022-10-19 19:30:39.375 | WARNING  | __main__:<module>:20 - 0.848	0.849	0.849	0.849
2022-10-19 19:30:39.595 | WARNING  | __main__:<module>:20 - 0.819	0.8	0.846	0.822
2022-10-19 19:30:39.816 | WARNING  | __main__:<module>:20 - 0.81	0.776	0.865	0.818
2022-10-19 19:30:40.019 | WARNING  | __main__:<module>:20 - 0.905	0.92	0.885	0.902
2022-10-19 19:30:40.220 | WARNING  | __main__:<module>:20 - 0.886	0.9	0.865	0.882
2022-10-19 19:30:40.223 | WARNING  | __main__:<module>:31 - accuracy		mean:0.837	std:0.034
2022-10-19 19:30:40.225 | WARNING  | __main__:<module>:33 - precision		mean:0.836	std:0.053
2022-10-19 19:30:40.227 | WARNING  | __main__:<module>:35 - recall		mean:0.847	std:0.036
2022-10-19 19:30:40.229 | WARNING  | __main__:<module>:37 - f1		mean:0.84	std:0.029
2022-10-19 19:30:42.232 | WARNING  | __main__:<module>:20 - 0.849	0.825	0.887	0.855
2022-10-19 19:30:42.454 | WARNING  | __main__:<module>:20 - 0.811	0.789	0.849	0.818
2022-10-19 19:30:42.661 | WARNING  | __main__:<module>:20 - 0.848	0.911	0.774	0.837
2022-10-19 19:30:42.868 | WARNING  | __main__:<module>:20 - 0.819	0.84	0.792	0.816
2022-10-19 19:30:43.077 | WARNING  | __main__:<module>:20 - 0.8	0.786	0.83	0.807
2022-10-19 19:30:43.292 | WARNING  | __main__:<module>:20 - 0.848	0.849	0.849	0.849
2022-10-19 19:30:43.514 | WARNING  | __main__:<module>:20 - 0.819	0.8	0.846	0.822
2022-10-19 19:30:43.723 | WARNING  | __main__:<module>:20 - 0.81	0.776	0.865	0.818
2022-10-19 19:30:43.935 | WARNING  | __main__:<module>:20 - 0.905	0.92	0.885	0.902
2022-10-19 19:30:44.149 | WARNING  | __main__:<module>:20 - 0.886	0.9	0.865	0.882
2022-10-19 19:30:44.151 | WARNING  | __main__:<module>:31 - accuracy		mean:0.837	std:0.034
2022-10-19 19:30:44.153 | WARNING  | __main__:<module>:33 - precision		mean:0.837	std:0.053
2022-10-19 19:30:44.156 | WARNING  | __main__:<module>:35 - recall		mean:0.846	std:0.036
2022-10-19 19:30:44.158 | WARNING  | __main__:<module>:37 - f1		mean:0.84	std:0.029
2022-10-19 19:40:18.012 | WARNING  | __main__:<module>:51 - 0.887	0.847	0.943	0.893
2022-10-19 19:40:27.526 | WARNING  | __main__:<module>:51 - 0.821	0.793	0.868	0.829
2022-10-19 19:40:37.198 | WARNING  | __main__:<module>:51 - 0.857	0.932	0.774	0.845
2022-10-19 19:40:46.734 | WARNING  | __main__:<module>:51 - 0.8	0.82	0.774	0.796
2022-10-19 19:40:56.454 | WARNING  | __main__:<module>:51 - 0.762	0.741	0.811	0.775
2022-10-19 19:41:06.363 | WARNING  | __main__:<module>:51 - 0.829	0.83	0.83	0.83
2022-10-19 19:41:16.127 | WARNING  | __main__:<module>:51 - 0.819	0.8	0.846	0.822
2022-10-19 19:41:25.796 | WARNING  | __main__:<module>:51 - 0.838	0.818	0.865	0.841
2022-10-19 19:41:35.446 | WARNING  | __main__:<module>:51 - 0.905	0.938	0.865	0.9
2022-10-19 19:41:45.066 | WARNING  | __main__:<module>:51 - 0.886	0.935	0.827	0.878
2022-10-19 19:41:45.067 | WARNING  | __main__:<module>:60 - accuracy		mean:0.837	std:0.035
2022-10-19 19:41:45.070 | WARNING  | __main__:<module>:62 - precision		mean:0.837	std:0.054
2022-10-19 19:41:45.071 | WARNING  | __main__:<module>:64 - recall		mean:0.846	std:0.037
2022-10-19 19:41:45.073 | WARNING  | __main__:<module>:66 - f1		mean:0.84	std:0.03
2022-10-19 19:43:11.602 | WARNING  | __main__:<module>:51 - 0.887	0.847	0.943	0.893
2022-10-19 19:43:23.584 | WARNING  | __main__:<module>:51 - 0.821	0.793	0.868	0.829
2022-10-19 19:43:35.513 | WARNING  | __main__:<module>:51 - 0.857	0.932	0.774	0.845
2022-10-19 19:43:48.190 | WARNING  | __main__:<module>:51 - 0.8	0.82	0.774	0.796
2022-10-19 19:43:59.481 | WARNING  | __main__:<module>:51 - 0.762	0.741	0.811	0.775
2022-10-19 19:44:10.834 | WARNING  | __main__:<module>:51 - 0.829	0.83	0.83	0.83
2022-10-19 19:44:22.171 | WARNING  | __main__:<module>:51 - 0.819	0.8	0.846	0.822
2022-10-19 19:44:33.414 | WARNING  | __main__:<module>:51 - 0.838	0.818	0.865	0.841
2022-10-19 19:44:44.931 | WARNING  | __main__:<module>:51 - 0.905	0.938	0.865	0.9
2022-10-19 19:44:56.695 | WARNING  | __main__:<module>:51 - 0.886	0.935	0.827	0.878
2022-10-19 19:44:56.698 | WARNING  | __main__:<module>:60 - accuracy		mean:0.837	std:0.035
2022-10-19 19:44:56.701 | WARNING  | __main__:<module>:62 - precision		mean:0.838	std:0.054
2022-10-19 19:44:56.704 | WARNING  | __main__:<module>:64 - recall		mean:0.846	std:0.037
2022-10-19 19:44:56.706 | WARNING  | __main__:<module>:66 - f1		mean:0.84	std:0.03
