2022-10-29 21:37:10.000 | INFO     | __main__:<module>:80 - 使用嵌入法 RandomForestClassifier 进行特征选择,剩余(1278, 16)个特征
2022-10-29 21:37:10.002 | INFO     | __main__:<module>:90 - 剩余的特征是：['年龄', '血红蛋白', '白蛋白', '总胆红素', '尿素', '肌酐', '尿酸', '总胆固醇', '糖化血红蛋白', '活化部分凝血活酶时间（APTT）', '尿蛋白定量', '24h尿蛋白定量', '病程', 'C2/C0', 'NLR', '胰岛素抵抗指数']
2022-10-29 21:37:10.019 | INFO     | __main__:<module>:111 - 使用 SMOTETomek 混合采样
2022-10-29 21:37:10.021 | INFO     | __main__:<module>:115 - 数据平衡前：非DPN组有530条,DPN组有748条
2022-10-29 21:37:10.074 | INFO     | __main__:<module>:117 - 数据平衡后：非DPN组有700条,DPN组有700条
2022-10-29 21:37:10.618 | WARNING  | __main__:<module>:27 - {'estimator__bootstrap': True, 'estimator__ccp_alpha': 0.0, 'estimator__class_weight': None, 'estimator__criterion': 'gini', 'estimator__max_depth': 9, 'estimator__max_features': 'auto', 'estimator__max_leaf_nodes': None, 'estimator__max_samples': None, 'estimator__min_impurity_decrease': 0.0, 'estimator__min_impurity_split': None, 'estimator__min_samples_leaf': 1, 'estimator__min_samples_split': 2, 'estimator__min_weight_fraction_leaf': 0.0, 'estimator__n_estimators': 200, 'estimator__n_jobs': None, 'estimator__oob_score': False, 'estimator__random_state': 43, 'estimator__verbose': 0, 'estimator__warm_start': False, 'estimator': RandomForestClassifier(max_depth=9, n_estimators=200, random_state=43), 'importance_getter': 'auto', 'max_features': None, 'norm_order': 1, 'prefit': True, 'threshold': None}
2022-10-29 21:37:11.858 | WARNING  | __main__:<module>:41 - 0.686	0.717	0.614	0.662
2022-10-29 21:37:12.474 | WARNING  | __main__:<module>:41 - 0.786	0.833	0.714	0.769
2022-10-29 21:37:13.015 | WARNING  | __main__:<module>:41 - 0.757	0.773	0.729	0.75
2022-10-29 21:37:13.648 | WARNING  | __main__:<module>:41 - 0.8	0.809	0.786	0.797
2022-10-29 21:37:14.193 | WARNING  | __main__:<module>:41 - 0.707	0.723	0.671	0.696
2022-10-29 21:37:14.749 | WARNING  | __main__:<module>:41 - 0.793	0.797	0.786	0.791
2022-10-29 21:37:15.270 | WARNING  | __main__:<module>:41 - 0.743	0.758	0.714	0.735
2022-10-29 21:37:15.798 | WARNING  | __main__:<module>:41 - 0.771	0.797	0.729	0.761
2022-10-29 21:37:16.322 | WARNING  | __main__:<module>:41 - 0.757	0.781	0.714	0.746
2022-10-29 21:37:16.848 | WARNING  | __main__:<module>:41 - 0.814	0.789	0.857	0.822
2022-10-29 21:37:16.850 | WARNING  | __main__:<module>:43 - accuracy		mean:0.761	std:0.039
2022-10-29 21:37:16.852 | WARNING  | __main__:<module>:44 - precision		mean:0.778	std:0.035
2022-10-29 21:37:16.853 | WARNING  | __main__:<module>:45 - recall		mean:0.731	std:0.063
2022-10-29 21:37:16.855 | WARNING  | __main__:<module>:46 - f1		mean:0.753	std:0.045
2022-10-29 21:37:19.023 | WARNING  | __main__:<module>:11 - {'C': 0.9899203552790449, 'break_ties': False, 'cache_size': 200, 'class_weight': None, 'coef0': 0.0, 'decision_function_shape': 'ovr', 'degree': 3, 'gamma': 0.8098439704037791, 'kernel': 'rbf', 'max_iter': -1, 'probability': True, 'random_state': 43, 'shrinking': True, 'tol': 0.001, 'verbose': False}
2022-10-29 21:37:19.501 | WARNING  | __main__:<module>:24 - 0.729	0.682	0.857	0.759
2022-10-29 21:37:19.999 | WARNING  | __main__:<module>:24 - 0.764	0.695	0.943	0.8
2022-10-29 21:37:20.471 | WARNING  | __main__:<module>:24 - 0.807	0.747	0.929	0.828
2022-10-29 21:37:20.897 | WARNING  | __main__:<module>:24 - 0.757	0.696	0.914	0.79
2022-10-29 21:37:21.315 | WARNING  | __main__:<module>:24 - 0.8	0.75	0.9	0.818
2022-10-29 21:37:21.744 | WARNING  | __main__:<module>:24 - 0.8	0.733	0.943	0.825
2022-10-29 21:37:22.158 | WARNING  | __main__:<module>:24 - 0.786	0.727	0.914	0.81
2022-10-29 21:37:22.574 | WARNING  | __main__:<module>:24 - 0.793	0.753	0.871	0.808
2022-10-29 21:37:22.993 | WARNING  | __main__:<module>:24 - 0.779	0.729	0.886	0.8
2022-10-29 21:37:23.423 | WARNING  | __main__:<module>:24 - 0.764	0.713	0.886	0.79
2022-10-29 21:37:23.424 | WARNING  | __main__:<module>:26 - accuracy		mean:0.778	std:0.023
2022-10-29 21:37:23.426 | WARNING  | __main__:<module>:27 - precision		mean:0.723	std:0.024
2022-10-29 21:37:23.427 | WARNING  | __main__:<module>:28 - recall		mean:0.904	std:0.028
2022-10-29 21:37:23.429 | WARNING  | __main__:<module>:29 - f1		mean:0.803	std:0.019
2022-10-29 21:37:26.060 | INFO     | __main__:<module>:18 - 调参结束，最佳结果为:0.6880952380952381
2022-10-29 21:37:26.062 | INFO     | __main__:<module>:19 - 调参结束，最佳参数为:{'penalty': 'none', 'C': 0.00010388009035707987, 'max_iter': 2576}
2022-10-29 21:37:26.120 | WARNING  | __main__:<module>:15 - {'C': 0.00010388009035707987, 'class_weight': None, 'dual': False, 'fit_intercept': True, 'intercept_scaling': 1, 'l1_ratio': None, 'max_iter': 2576, 'multi_class': 'auto', 'n_jobs': None, 'penalty': 'none', 'random_state': None, 'solver': 'lbfgs', 'tol': 0.0001, 'verbose': 0, 'warm_start': False}
2022-10-29 21:37:26.138 | WARNING  | __main__:<module>:28 - 0.629	0.645	0.571	0.606
2022-10-29 21:37:26.153 | WARNING  | __main__:<module>:28 - 0.65	0.657	0.629	0.642
2022-10-29 21:37:26.166 | WARNING  | __main__:<module>:28 - 0.671	0.688	0.629	0.657
2022-10-29 21:37:26.182 | WARNING  | __main__:<module>:28 - 0.671	0.676	0.657	0.667
2022-10-29 21:37:26.198 | WARNING  | __main__:<module>:28 - 0.679	0.671	0.7	0.685
2022-10-29 21:37:26.212 | WARNING  | __main__:<module>:28 - 0.721	0.725	0.714	0.719
2022-10-29 21:37:26.226 | WARNING  | __main__:<module>:28 - 0.7	0.733	0.629	0.677
2022-10-29 21:37:26.241 | WARNING  | __main__:<module>:28 - 0.657	0.649	0.686	0.667
2022-10-29 21:37:26.256 | WARNING  | __main__:<module>:28 - 0.75	0.769	0.714	0.741
2022-10-29 21:37:26.274 | WARNING  | __main__:<module>:28 - 0.743	0.743	0.743	0.743
2022-10-29 21:37:26.276 | WARNING  | __main__:<module>:30 - accuracy		mean:0.687	std:0.038
2022-10-29 21:37:26.278 | WARNING  | __main__:<module>:31 - precision		mean:0.696	std:0.041
2022-10-29 21:37:26.280 | WARNING  | __main__:<module>:32 - recall		mean:0.667	std:0.05
2022-10-29 21:37:26.282 | WARNING  | __main__:<module>:33 - f1		mean:0.68	std:0.041
2022-10-29 21:37:26.763 | WARNING  | __main__:<module>:11 - {'estimator__bootstrap': True, 'estimator__ccp_alpha': 0.0, 'estimator__class_weight': None, 'estimator__criterion': 'gini', 'estimator__max_depth': 9, 'estimator__max_features': 'auto', 'estimator__max_leaf_nodes': None, 'estimator__max_samples': None, 'estimator__min_impurity_decrease': 0.0, 'estimator__min_impurity_split': None, 'estimator__min_samples_leaf': 1, 'estimator__min_samples_split': 2, 'estimator__min_weight_fraction_leaf': 0.0, 'estimator__n_estimators': 200, 'estimator__n_jobs': None, 'estimator__oob_score': False, 'estimator__random_state': 43, 'estimator__verbose': 0, 'estimator__warm_start': False, 'estimator': RandomForestClassifier(max_depth=9, n_estimators=200, random_state=43), 'importance_getter': 'auto', 'max_features': None, 'norm_order': 1, 'prefit': True, 'threshold': None}
2022-10-29 21:37:27.943 | WARNING  | __main__:<module>:24 - 0.729	0.796	0.614	0.694
2022-10-29 21:37:29.093 | WARNING  | __main__:<module>:24 - 0.743	0.766	0.7	0.731
2022-10-29 21:37:30.225 | WARNING  | __main__:<module>:24 - 0.7	0.741	0.614	0.672
2022-10-29 21:37:31.366 | WARNING  | __main__:<module>:24 - 0.714	0.75	0.643	0.692
2022-10-29 21:37:32.502 | WARNING  | __main__:<module>:24 - 0.736	0.754	0.7	0.726
2022-10-29 21:37:33.640 | WARNING  | __main__:<module>:24 - 0.793	0.825	0.743	0.782
2022-10-29 21:37:34.780 | WARNING  | __main__:<module>:24 - 0.743	0.774	0.686	0.727
2022-10-29 21:37:35.942 | WARNING  | __main__:<module>:24 - 0.771	0.797	0.729	0.761
2022-10-29 21:37:37.074 | WARNING  | __main__:<module>:24 - 0.75	0.787	0.686	0.733
2022-10-29 21:37:38.178 | WARNING  | __main__:<module>:24 - 0.786	0.778	0.8	0.789
2022-10-29 21:37:38.179 | WARNING  | __main__:<module>:26 - accuracy		mean:0.746	std:0.028
2022-10-29 21:37:38.180 | WARNING  | __main__:<module>:27 - precision		mean:0.777	std:0.024
2022-10-29 21:37:38.181 | WARNING  | __main__:<module>:28 - recall		mean:0.691	std:0.055
2022-10-29 21:37:38.182 | WARNING  | __main__:<module>:29 - f1		mean:0.731	std:0.036
2022-10-29 21:37:39.845 | WARNING  | __main__:<module>:14 - {'ccp_alpha': 0.0, 'class_weight': None, 'criterion': 'entropy', 'max_depth': 16, 'max_features': None, 'max_leaf_nodes': None, 'min_impurity_decrease': 0.0, 'min_impurity_split': None, 'min_samples_leaf': 1, 'min_samples_split': 2, 'min_weight_fraction_leaf': 0.0, 'random_state': 43, 'splitter': 'best'}
2022-10-29 21:37:39.875 | WARNING  | __main__:<module>:27 - 0.657	0.677	0.6	0.636
2022-10-29 21:37:39.904 | WARNING  | __main__:<module>:27 - 0.743	0.766	0.7	0.731
2022-10-29 21:37:39.929 | WARNING  | __main__:<module>:27 - 0.693	0.701	0.671	0.686
2022-10-29 21:37:39.955 | WARNING  | __main__:<module>:27 - 0.643	0.661	0.586	0.621
2022-10-29 21:37:39.981 | WARNING  | __main__:<module>:27 - 0.693	0.685	0.714	0.699
2022-10-29 21:37:40.007 | WARNING  | __main__:<module>:27 - 0.679	0.719	0.586	0.646
2022-10-29 21:37:40.031 | WARNING  | __main__:<module>:27 - 0.643	0.672	0.557	0.609
2022-10-29 21:37:40.057 | WARNING  | __main__:<module>:27 - 0.707	0.754	0.614	0.677
2022-10-29 21:37:40.081 | WARNING  | __main__:<module>:27 - 0.7	0.689	0.729	0.708
2022-10-29 21:37:40.105 | WARNING  | __main__:<module>:27 - 0.721	0.738	0.686	0.711
2022-10-29 21:37:40.106 | WARNING  | __main__:<module>:29 - accuracy		mean:0.688	std:0.031
2022-10-29 21:37:40.107 | WARNING  | __main__:<module>:30 - precision		mean:0.706	std:0.034
2022-10-29 21:37:40.108 | WARNING  | __main__:<module>:31 - recall		mean:0.644	std:0.059
2022-10-29 21:37:40.109 | WARNING  | __main__:<module>:32 - f1		mean:0.673	std:0.04
2022-10-29 21:37:40.746 | WARNING  | __main__:<module>:19 - 0.643	0.857	0.343	0.49
2022-10-29 21:37:40.762 | WARNING  | __main__:<module>:19 - 0.729	0.944	0.486	0.642
2022-10-29 21:37:40.777 | WARNING  | __main__:<module>:19 - 0.664	0.795	0.443	0.569
2022-10-29 21:37:40.794 | WARNING  | __main__:<module>:19 - 0.629	0.781	0.357	0.49
2022-10-29 21:37:40.811 | WARNING  | __main__:<module>:19 - 0.736	0.923	0.514	0.661
2022-10-29 21:37:40.825 | WARNING  | __main__:<module>:19 - 0.736	0.946	0.5	0.654
2022-10-29 21:37:40.842 | WARNING  | __main__:<module>:19 - 0.643	0.763	0.414	0.537
2022-10-29 21:37:40.859 | WARNING  | __main__:<module>:19 - 0.707	0.914	0.457	0.61
2022-10-29 21:37:40.876 | WARNING  | __main__:<module>:19 - 0.721	0.83	0.557	0.667
2022-10-29 21:37:40.892 | WARNING  | __main__:<module>:19 - 0.714	0.857	0.514	0.643
2022-10-29 21:37:40.894 | WARNING  | __main__:<module>:21 - accuracy		mean:0.692	std:0.04
2022-10-29 21:37:40.895 | WARNING  | __main__:<module>:22 - precision		mean:0.861	std:0.065
2022-10-29 21:37:40.897 | WARNING  | __main__:<module>:23 - recall		mean:0.459	std:0.067
2022-10-29 21:37:40.898 | WARNING  | __main__:<module>:24 - f1		mean:0.596	std:0.066
2022-10-29 21:43:25.259 | WARNING  | __main__:<module>:11 - {'C': 0.9899203552790449, 'break_ties': False, 'cache_size': 200, 'class_weight': None, 'coef0': 0.0, 'decision_function_shape': 'ovr', 'degree': 3, 'gamma': 0.8098439704037791, 'kernel': 'rbf', 'max_iter': -1, 'probability': True, 'random_state': 43, 'shrinking': True, 'tol': 0.001, 'verbose': False}
2022-10-29 21:43:25.713 | WARNING  | __main__:<module>:24 - 0.729	0.682	0.857	0.759
2022-10-29 21:43:26.127 | WARNING  | __main__:<module>:24 - 0.764	0.695	0.943	0.8
2022-10-29 21:43:26.547 | WARNING  | __main__:<module>:24 - 0.807	0.747	0.929	0.828
2022-10-29 21:43:26.961 | WARNING  | __main__:<module>:24 - 0.757	0.696	0.914	0.79
2022-10-29 21:43:27.384 | WARNING  | __main__:<module>:24 - 0.8	0.75	0.9	0.818
2022-10-29 21:43:27.796 | WARNING  | __main__:<module>:24 - 0.8	0.733	0.943	0.825
2022-10-29 21:43:28.220 | WARNING  | __main__:<module>:24 - 0.786	0.727	0.914	0.81
2022-10-29 21:43:28.644 | WARNING  | __main__:<module>:24 - 0.793	0.753	0.871	0.808
2022-10-29 21:43:29.070 | WARNING  | __main__:<module>:24 - 0.779	0.729	0.886	0.8
2022-10-29 21:43:29.487 | WARNING  | __main__:<module>:24 - 0.764	0.713	0.886	0.79
2022-10-29 21:43:29.489 | WARNING  | __main__:<module>:26 - accuracy		mean:0.735	std:0.054
2022-10-29 21:43:29.490 | WARNING  | __main__:<module>:27 - precision		mean:0.792	std:0.085
2022-10-29 21:43:29.491 | WARNING  | __main__:<module>:28 - recall		mean:0.681	std:0.229
2022-10-29 21:43:29.493 | WARNING  | __main__:<module>:29 - f1		mean:0.699	std:0.114
2022-10-29 23:32:27.977 | INFO     | __main__:<module>:80 - 使用嵌入法 RandomForestClassifier 进行特征选择,剩余(1278, 16)个特征
2022-10-29 23:32:27.979 | INFO     | __main__:<module>:90 - 剩余的特征是：['年龄', '血红蛋白', '白蛋白', '总胆红素', '尿素', '肌酐', '尿酸', '总胆固醇', '糖化血红蛋白', '活化部分凝血活酶时间（APTT）', '尿蛋白定量', '24h尿蛋白定量', '病程', 'C2/C0', 'NLR', '胰岛素抵抗指数']
2022-10-29 23:32:27.994 | INFO     | __main__:<module>:111 - 使用 SMOTETomek 混合采样
2022-10-29 23:32:27.996 | INFO     | __main__:<module>:115 - 数据平衡前：非DPN组有530条,DPN组有748条
2022-10-29 23:32:28.037 | INFO     | __main__:<module>:117 - 数据平衡后：非DPN组有700条,DPN组有700条
2022-10-29 23:32:28.575 | WARNING  | __main__:<module>:27 - {'estimator__bootstrap': True, 'estimator__ccp_alpha': 0.0, 'estimator__class_weight': None, 'estimator__criterion': 'gini', 'estimator__max_depth': 9, 'estimator__max_features': 'auto', 'estimator__max_leaf_nodes': None, 'estimator__max_samples': None, 'estimator__min_impurity_decrease': 0.0, 'estimator__min_impurity_split': None, 'estimator__min_samples_leaf': 1, 'estimator__min_samples_split': 2, 'estimator__min_weight_fraction_leaf': 0.0, 'estimator__n_estimators': 200, 'estimator__n_jobs': None, 'estimator__oob_score': False, 'estimator__random_state': 43, 'estimator__verbose': 0, 'estimator__warm_start': False, 'estimator': RandomForestClassifier(max_depth=9, n_estimators=200, random_state=43), 'importance_getter': 'auto', 'max_features': None, 'norm_order': 1, 'prefit': True, 'threshold': None}
2022-10-29 23:32:29.809 | WARNING  | __main__:<module>:41 - 0.686	0.717	0.614	0.662
2022-10-29 23:32:30.369 | WARNING  | __main__:<module>:41 - 0.786	0.833	0.714	0.769
2022-10-29 23:32:30.947 | WARNING  | __main__:<module>:41 - 0.757	0.773	0.729	0.75
2022-10-29 23:32:31.476 | WARNING  | __main__:<module>:41 - 0.8	0.809	0.786	0.797
2022-10-29 23:32:32.030 | WARNING  | __main__:<module>:41 - 0.707	0.723	0.671	0.696
2022-10-29 23:32:32.604 | WARNING  | __main__:<module>:41 - 0.793	0.797	0.786	0.791
2022-10-29 23:32:33.120 | WARNING  | __main__:<module>:41 - 0.743	0.758	0.714	0.735
2022-10-29 23:32:33.641 | WARNING  | __main__:<module>:41 - 0.771	0.797	0.729	0.761
2022-10-29 23:32:34.226 | WARNING  | __main__:<module>:41 - 0.757	0.781	0.714	0.746
2022-10-29 23:32:34.796 | WARNING  | __main__:<module>:41 - 0.814	0.789	0.857	0.822
2022-10-29 23:32:34.798 | WARNING  | __main__:<module>:43 - accuracy		mean:0.761	std:0.039
2022-10-29 23:32:34.800 | WARNING  | __main__:<module>:44 - precision		mean:0.778	std:0.035
2022-10-29 23:32:34.802 | WARNING  | __main__:<module>:45 - recall		mean:0.731	std:0.063
2022-10-29 23:32:34.804 | WARNING  | __main__:<module>:46 - f1		mean:0.753	std:0.045
2022-10-29 23:32:36.991 | WARNING  | __main__:<module>:11 - {'C': 0.9899203552790449, 'break_ties': False, 'cache_size': 200, 'class_weight': None, 'coef0': 0.0, 'decision_function_shape': 'ovr', 'degree': 3, 'gamma': 0.8098439704037791, 'kernel': 'rbf', 'max_iter': -1, 'probability': True, 'random_state': 43, 'shrinking': True, 'tol': 0.001, 'verbose': False}
2022-10-29 23:32:37.435 | WARNING  | __main__:<module>:24 - 0.729	0.682	0.857	0.759
2022-10-29 23:32:37.884 | WARNING  | __main__:<module>:24 - 0.764	0.695	0.943	0.8
2022-10-29 23:32:38.331 | WARNING  | __main__:<module>:24 - 0.807	0.747	0.929	0.828
2022-10-29 23:32:38.766 | WARNING  | __main__:<module>:24 - 0.757	0.696	0.914	0.79
2022-10-29 23:32:39.194 | WARNING  | __main__:<module>:24 - 0.8	0.75	0.9	0.818
2022-10-29 23:32:39.613 | WARNING  | __main__:<module>:24 - 0.8	0.733	0.943	0.825
2022-10-29 23:32:40.029 | WARNING  | __main__:<module>:24 - 0.786	0.727	0.914	0.81
2022-10-29 23:32:40.466 | WARNING  | __main__:<module>:24 - 0.793	0.753	0.871	0.808
2022-10-29 23:32:40.885 | WARNING  | __main__:<module>:24 - 0.779	0.729	0.886	0.8
2022-10-29 23:32:41.313 | WARNING  | __main__:<module>:24 - 0.764	0.713	0.886	0.79
2022-10-29 23:32:41.314 | WARNING  | __main__:<module>:26 - accuracy		mean:0.778	std:0.023
2022-10-29 23:32:41.315 | WARNING  | __main__:<module>:27 - precision		mean:0.723	std:0.024
2022-10-29 23:32:41.316 | WARNING  | __main__:<module>:28 - recall		mean:0.904	std:0.028
2022-10-29 23:32:41.317 | WARNING  | __main__:<module>:29 - f1		mean:0.803	std:0.019
2022-10-29 23:39:19.451 | INFO     | __main__:<module>:18 - 调参结束，最佳结果为:0.6880952380952381
2022-10-29 23:39:19.454 | INFO     | __main__:<module>:19 - 调参结束，最佳参数为:{'penalty': 'none', 'C': 0.3438055972271518, 'max_iter': 4982}
2022-10-29 23:39:19.512 | WARNING  | __main__:<module>:15 - {'C': 0.3438055972271518, 'class_weight': None, 'dual': False, 'fit_intercept': True, 'intercept_scaling': 1, 'l1_ratio': None, 'max_iter': 4982, 'multi_class': 'auto', 'n_jobs': None, 'penalty': 'none', 'random_state': None, 'solver': 'lbfgs', 'tol': 0.0001, 'verbose': 0, 'warm_start': False}
2022-10-29 23:39:19.529 | WARNING  | __main__:<module>:28 - 0.629	0.645	0.571	0.606
2022-10-29 23:39:19.544 | WARNING  | __main__:<module>:28 - 0.65	0.657	0.629	0.642
2022-10-29 23:39:19.558 | WARNING  | __main__:<module>:28 - 0.671	0.688	0.629	0.657
2022-10-29 23:39:19.573 | WARNING  | __main__:<module>:28 - 0.671	0.676	0.657	0.667
2022-10-29 23:39:19.586 | WARNING  | __main__:<module>:28 - 0.679	0.671	0.7	0.685
2022-10-29 23:39:19.599 | WARNING  | __main__:<module>:28 - 0.721	0.725	0.714	0.719
2022-10-29 23:39:19.613 | WARNING  | __main__:<module>:28 - 0.7	0.733	0.629	0.677
2022-10-29 23:39:19.628 | WARNING  | __main__:<module>:28 - 0.657	0.649	0.686	0.667
2022-10-29 23:39:19.641 | WARNING  | __main__:<module>:28 - 0.75	0.769	0.714	0.741
2022-10-29 23:39:19.654 | WARNING  | __main__:<module>:28 - 0.743	0.743	0.743	0.743
2022-10-29 23:39:19.656 | WARNING  | __main__:<module>:30 - accuracy		mean:0.687	std:0.038
2022-10-29 23:39:19.657 | WARNING  | __main__:<module>:31 - precision		mean:0.696	std:0.041
2022-10-29 23:39:19.658 | WARNING  | __main__:<module>:32 - recall		mean:0.667	std:0.05
2022-10-29 23:39:19.659 | WARNING  | __main__:<module>:33 - f1		mean:0.68	std:0.041
2022-10-29 23:39:20.201 | WARNING  | __main__:<module>:11 - {'estimator__bootstrap': True, 'estimator__ccp_alpha': 0.0, 'estimator__class_weight': None, 'estimator__criterion': 'gini', 'estimator__max_depth': 9, 'estimator__max_features': 'auto', 'estimator__max_leaf_nodes': None, 'estimator__max_samples': None, 'estimator__min_impurity_decrease': 0.0, 'estimator__min_impurity_split': None, 'estimator__min_samples_leaf': 1, 'estimator__min_samples_split': 2, 'estimator__min_weight_fraction_leaf': 0.0, 'estimator__n_estimators': 200, 'estimator__n_jobs': None, 'estimator__oob_score': False, 'estimator__random_state': 43, 'estimator__verbose': 0, 'estimator__warm_start': False, 'estimator': RandomForestClassifier(max_depth=9, n_estimators=200, random_state=43), 'importance_getter': 'auto', 'max_features': None, 'norm_order': 1, 'prefit': True, 'threshold': None}
2022-10-29 23:39:21.434 | WARNING  | __main__:<module>:24 - 0.729	0.796	0.614	0.694
2022-10-29 23:39:22.624 | WARNING  | __main__:<module>:24 - 0.743	0.766	0.7	0.731
2022-10-29 23:39:23.815 | WARNING  | __main__:<module>:24 - 0.7	0.741	0.614	0.672
2022-10-29 23:39:25.012 | WARNING  | __main__:<module>:24 - 0.714	0.75	0.643	0.692
2022-10-29 23:39:26.244 | WARNING  | __main__:<module>:24 - 0.736	0.754	0.7	0.726
