2022-10-22 18:50:52.692 | INFO     | __main__:<module>:85 - 使用嵌入法 ExtraTreesClassifier 进行特征选择,剩余(1093, 24)个特征
2022-10-22 18:50:52.698 | INFO     | __main__:<module>:94 - 剩余的特征是：['年龄', '糖尿病性视网膜病变', '血红蛋白', '白蛋白', '总胆红素', '尿素', '肌酐', '磷', '镁', '载脂蛋白A1', '载脂蛋白E', '糖化血清蛋白', '活化部分凝血活酶时间（APTT）', '尿蛋白定量', '24h尿蛋白定量', '空腹C肽', '餐后30分钟C肽', '餐后30分钟胰岛素', '餐后60分钟C肽', '餐后60分钟胰岛素', '餐后120分钟C肽', '淋巴细胞绝对值', '糖', '空腹胰岛素']
2022-10-22 18:50:52.698 | INFO     | __main__:<module>:115 - 使用 SMOTETomek 混合采样
2022-10-22 18:50:52.708 | INFO     | __main__:<module>:119 - 数据平衡前：非DPN组有490条,DPN组有603条
2022-10-22 18:50:52.744 | INFO     | __main__:<module>:121 - 数据平衡后：非DPN组有490条,DPN组有603条
2022-10-22 18:51:07.142 | INFO     | __main__:<module>:33 - 调参结束，最佳结果为:0.8672566371681416
2022-10-22 18:51:07.151 | INFO     | __main__:<module>:34 - 调参结束，最佳参数为:{'n_estimators': 109, 'max_depth': 30, 'grow_policy': 'depthwise', 'learning_rate': 1.7385249342140173e-05, 'gamma': 0.005681579663737526, 'reg_lambda': 3.486676196825646e-05, 'reg_alpha': 0.011132440064121524, 'subsample': 0.9962875938903937, 'colsample_bytree': 0.131187436580738}
2022-10-22 18:51:07.160 | WARNING  | __main__:<module>:51 - {'objective': 'binary:logistic', 'use_label_encoder': False, 'base_score': None, 'booster': None, 'callbacks': None, 'colsample_bylevel': None, 'colsample_bynode': None, 'colsample_bytree': 0.131187436580738, 'early_stopping_rounds': None, 'enable_categorical': False, 'eval_metric': 'logloss', 'gamma': 0.005681579663737526, 'gpu_id': None, 'grow_policy': 'depthwise', 'importance_type': None, 'interaction_constraints': None, 'learning_rate': 1.7385249342140173e-05, 'max_bin': None, 'max_cat_to_onehot': None, 'max_delta_step': None, 'max_depth': 30, 'max_leaves': None, 'min_child_weight': None, 'missing': nan, 'monotone_constraints': None, 'n_estimators': 109, 'n_jobs': None, 'num_parallel_tree': None, 'predictor': None, 'random_state': 43, 'reg_alpha': 0.011132440064121524, 'reg_lambda': 3.486676196825646e-05, 'sampling_method': None, 'scale_pos_weight': None, 'subsample': 0.9962875938903937, 'tree_method': 'exact', 'validate_parameters': None, 'verbosity': 0}
2022-10-22 18:51:08.904 | WARNING  | __main__:<module>:68 - 0.805	0.778	0.86	0.817
2022-10-22 18:51:09.134 | WARNING  | __main__:<module>:68 - 0.832	0.828	0.842	0.835
2022-10-22 18:51:09.389 | WARNING  | __main__:<module>:68 - 0.77	0.782	0.754	0.768
2022-10-22 18:51:09.660 | WARNING  | __main__:<module>:68 - 0.832	0.865	0.789	0.826
2022-10-22 18:51:09.897 | WARNING  | __main__:<module>:68 - 0.876	0.922	0.825	0.87
2022-10-22 18:51:10.134 | WARNING  | __main__:<module>:68 - 0.841	0.896	0.768	0.827
2022-10-22 18:51:10.375 | WARNING  | __main__:<module>:68 - 0.823	0.86	0.768	0.811
2022-10-22 18:51:10.611 | WARNING  | __main__:<module>:68 - 0.814	0.843	0.768	0.804
2022-10-22 18:51:10.852 | WARNING  | __main__:<module>:68 - 0.832	0.878	0.768	0.819
2022-10-22 18:51:11.086 | WARNING  | __main__:<module>:68 - 0.85	0.831	0.875	0.852
2022-10-22 18:51:11.095 | WARNING  | __main__:<module>:70 - accuracy		mean:0.827	std:0.027
2022-10-22 18:51:11.103 | WARNING  | __main__:<module>:71 - precision		mean:0.848	std:0.044
2022-10-22 18:51:11.110 | WARNING  | __main__:<module>:72 - recall		mean:0.802	std:0.042
2022-10-22 18:51:11.118 | WARNING  | __main__:<module>:73 - f1		mean:0.823	std:0.026
2022-10-22 18:51:16.578 | INFO     | __main__:<module>:20 - 调参结束，最佳结果为:0.7831858407079646
2022-10-22 18:51:16.580 | INFO     | __main__:<module>:21 - 调参结束，最佳参数为:{'C': 0.9278094485704788, 'gamma': 0.16119178708810397}
2022-10-22 18:51:16.588 | WARNING  | __main__:<module>:26 - {'C': 0.9278094485704788, 'break_ties': False, 'cache_size': 200, 'class_weight': None, 'coef0': 0.0, 'decision_function_shape': 'ovr', 'degree': 3, 'gamma': 0.16119178708810397, 'kernel': 'rbf', 'max_iter': -1, 'probability': False, 'random_state': 43, 'shrinking': True, 'tol': 0.001, 'verbose': False}
2022-10-22 18:51:16.955 | INFO     | __main__:<module>:28 - accuracy:0.727
2022-10-22 18:51:16.960 | INFO     | __main__:<module>:29 - f1:0.741
2022-10-22 18:51:16.967 | INFO     | __main__:<module>:30 - precision:0.73
2022-10-22 18:51:16.972 | INFO     | __main__:<module>:31 - recall:0.773
2022-10-22 18:51:16.976 | INFO     | __main__:<module>:32 - roc_auc:0.813
2022-10-22 18:51:18.342 | INFO     | __main__:<module>:17 - 调参结束，最佳结果为:0.7300884955752213
2022-10-22 18:51:18.348 | INFO     | __main__:<module>:18 - 调参结束，最佳参数为:{'penalty': 'l2', 'C': 0.020939742722029017, 'max_iter': 1998}
2022-10-22 18:51:18.354 | WARNING  | __main__:<module>:27 - {'C': 0.020939742722029017, 'class_weight': None, 'dual': False, 'fit_intercept': True, 'intercept_scaling': 1, 'l1_ratio': None, 'max_iter': 1998, 'multi_class': 'auto', 'n_jobs': None, 'penalty': 'l2', 'random_state': 43, 'solver': 'lbfgs', 'tol': 0.0001, 'verbose': 0, 'warm_start': False}
2022-10-22 18:51:18.415 | INFO     | __main__:<module>:29 - accuracy:0.678
2022-10-22 18:51:18.420 | INFO     | __main__:<module>:30 - f1:0.667
2022-10-22 18:51:18.425 | INFO     | __main__:<module>:31 - precision:0.692
2022-10-22 18:51:18.431 | INFO     | __main__:<module>:32 - recall:0.646
2022-10-22 18:51:18.436 | INFO     | __main__:<module>:33 - roc_auc:0.74
2022-10-22 18:52:27.401 | INFO     | __main__:<module>:21 - 调参结束，最佳结果为:0.7699115044247787
2022-10-22 18:52:27.408 | INFO     | __main__:<module>:22 - 调参结束，最佳参数为:{'n_estimators': 454, 'max_depth': 10}
2022-10-22 18:52:27.413 | WARNING  | __main__:<module>:25 - {'bootstrap': True, 'ccp_alpha': 0.0, 'class_weight': None, 'criterion': 'gini', 'max_depth': 10, 'max_features': 'auto', 'max_leaf_nodes': None, 'max_samples': None, 'min_impurity_decrease': 0.0, 'min_impurity_split': None, 'min_samples_leaf': 1, 'min_samples_split': 2, 'min_weight_fraction_leaf': 0.0, 'n_estimators': 454, 'n_jobs': None, 'oob_score': False, 'random_state': 43, 'verbose': 0, 'warm_start': False}
2022-10-22 18:52:32.210 | INFO     | __main__:<module>:27 - accuracy:0.729
2022-10-22 18:52:32.210 | INFO     | __main__:<module>:28 - f1:0.72
2022-10-22 18:52:32.222 | INFO     | __main__:<module>:29 - precision:0.759
2022-10-22 18:52:32.222 | INFO     | __main__:<module>:30 - recall:0.69
2022-10-22 18:52:32.233 | INFO     | __main__:<module>:31 - roc_auc:0.807
2022-10-22 18:54:39.595 | INFO     | __main__:<module>:85 - 使用嵌入法 ExtraTreesClassifier 进行特征选择,剩余(1093, 23)个特征
2022-10-22 18:54:39.602 | INFO     | __main__:<module>:94 - 剩余的特征是：['年龄', '糖尿病性视网膜病变', '血红蛋白', '白蛋白', '总胆红素', '尿素', '血清碳酸氢盐', '尿酸', '磷', '镁', '载脂蛋白A1', '载脂蛋白E', '糖化血清蛋白', '活化部分凝血活酶时间（APTT）', '尿蛋白定量', '24h尿蛋白定量', '餐后30分钟C肽', '餐后30分钟胰岛素', '餐后60分钟C肽', '餐后60分钟胰岛素', '餐后120分钟C肽', '淋巴细胞绝对值', '糖']
2022-10-22 18:54:39.608 | INFO     | __main__:<module>:115 - 使用 SMOTETomek 混合采样
2022-10-22 18:54:39.615 | INFO     | __main__:<module>:119 - 数据平衡前：非DPN组有490条,DPN组有603条
2022-10-22 18:54:39.640 | INFO     | __main__:<module>:121 - 数据平衡后：非DPN组有490条,DPN组有603条
2022-10-22 18:55:06.327 | INFO     | __main__:<module>:33 - 调参结束，最佳结果为:0.8695652173913043
2022-10-22 18:55:06.335 | INFO     | __main__:<module>:34 - 调参结束，最佳参数为:{'n_estimators': 437, 'max_depth': 34, 'grow_policy': 'lossguide', 'learning_rate': 8.475858963802579e-07, 'gamma': 0.01005622687400444, 'reg_lambda': 0.0029453916673618905, 'reg_alpha': 0.0005016690430505716, 'subsample': 0.7859919012257465, 'colsample_bytree': 0.11018738787635622}
2022-10-22 18:55:06.346 | WARNING  | __main__:<module>:51 - {'objective': 'binary:logistic', 'use_label_encoder': False, 'base_score': None, 'booster': None, 'callbacks': None, 'colsample_bylevel': None, 'colsample_bynode': None, 'colsample_bytree': 0.11018738787635622, 'early_stopping_rounds': None, 'enable_categorical': False, 'eval_metric': 'logloss', 'gamma': 0.01005622687400444, 'gpu_id': None, 'grow_policy': 'lossguide', 'importance_type': None, 'interaction_constraints': None, 'learning_rate': 8.475858963802579e-07, 'max_bin': None, 'max_cat_to_onehot': None, 'max_delta_step': None, 'max_depth': 34, 'max_leaves': None, 'min_child_weight': None, 'missing': nan, 'monotone_constraints': None, 'n_estimators': 437, 'n_jobs': None, 'num_parallel_tree': None, 'predictor': None, 'random_state': 43, 'reg_alpha': 0.0005016690430505716, 'reg_lambda': 0.0029453916673618905, 'sampling_method': None, 'scale_pos_weight': None, 'subsample': 0.7859919012257465, 'tree_method': 'exact', 'validate_parameters': None, 'verbosity': 0}
2022-10-22 18:55:10.982 | WARNING  | __main__:<module>:68 - 0.835	0.842	0.828	0.835
2022-10-22 18:55:11.791 | WARNING  | __main__:<module>:68 - 0.878	0.893	0.862	0.877
2022-10-22 18:55:12.669 | WARNING  | __main__:<module>:68 - 0.826	0.865	0.776	0.818
2022-10-22 18:55:13.547 | WARNING  | __main__:<module>:68 - 0.852	0.9	0.789	0.841
2022-10-22 18:55:14.386 | WARNING  | __main__:<module>:68 - 0.852	0.885	0.807	0.844
2022-10-22 18:55:15.181 | WARNING  | __main__:<module>:68 - 0.87	0.938	0.789	0.857
2022-10-22 18:55:15.999 | WARNING  | __main__:<module>:68 - 0.86	0.836	0.895	0.864
2022-10-22 18:55:16.809 | WARNING  | __main__:<module>:68 - 0.851	0.87	0.825	0.847
2022-10-22 18:55:17.618 | WARNING  | __main__:<module>:68 - 0.912	0.927	0.895	0.911
2022-10-22 18:55:18.432 | WARNING  | __main__:<module>:68 - 0.825	0.803	0.86	0.831
2022-10-22 18:55:18.442 | WARNING  | __main__:<module>:70 - accuracy		mean:0.856	std:0.025
2022-10-22 18:55:18.451 | WARNING  | __main__:<module>:71 - precision		mean:0.876	std:0.039
2022-10-22 18:55:18.460 | WARNING  | __main__:<module>:72 - recall		mean:0.833	std:0.041
2022-10-22 18:55:18.469 | WARNING  | __main__:<module>:73 - f1		mean:0.852	std:0.025
2022-10-22 18:55:24.367 | INFO     | __main__:<module>:20 - 调参结束，最佳结果为:0.7478260869565218
2022-10-22 18:55:24.373 | INFO     | __main__:<module>:21 - 调参结束，最佳参数为:{'C': 0.830534787976743, 'gamma': 0.07952379910515268}
2022-10-22 18:55:24.380 | WARNING  | __main__:<module>:26 - {'C': 0.830534787976743, 'break_ties': False, 'cache_size': 200, 'class_weight': None, 'coef0': 0.0, 'decision_function_shape': 'ovr', 'degree': 3, 'gamma': 0.07952379910515268, 'kernel': 'rbf', 'max_iter': -1, 'probability': False, 'random_state': 43, 'shrinking': True, 'tol': 0.001, 'verbose': False}
2022-10-22 18:55:24.441 | WARNING  | __main__:<module>:39 - 0.748	0.764	0.724	0.743
2022-10-22 18:55:24.517 | WARNING  | __main__:<module>:39 - 0.774	0.786	0.759	0.772
2022-10-22 18:55:24.576 | WARNING  | __main__:<module>:39 - 0.765	0.782	0.741	0.761
2022-10-22 18:55:24.636 | WARNING  | __main__:<module>:39 - 0.739	0.729	0.754	0.741
2022-10-22 18:55:24.701 | WARNING  | __main__:<module>:39 - 0.765	0.75	0.789	0.769
2022-10-22 18:55:24.764 | WARNING  | __main__:<module>:39 - 0.748	0.741	0.754	0.748
2022-10-22 18:55:24.824 | WARNING  | __main__:<module>:39 - 0.772	0.754	0.807	0.78
2022-10-22 18:55:24.886 | WARNING  | __main__:<module>:39 - 0.737	0.745	0.719	0.732
2022-10-22 18:55:24.948 | WARNING  | __main__:<module>:39 - 0.781	0.776	0.789	0.783
2022-10-22 18:55:25.000 | WARNING  | __main__:<module>:39 - 0.728	0.75	0.684	0.716
2022-10-22 18:55:25.018 | WARNING  | __main__:<module>:41 - accuracy		mean:0.756	std:0.017
2022-10-22 18:55:25.018 | WARNING  | __main__:<module>:42 - precision		mean:0.758	std:0.018
2022-10-22 18:55:25.028 | WARNING  | __main__:<module>:43 - recall		mean:0.752	std:0.035
2022-10-22 18:55:25.035 | WARNING  | __main__:<module>:44 - f1		mean:0.754	std:0.021
2022-10-22 18:55:26.391 | INFO     | __main__:<module>:17 - 调参结束，最佳结果为:0.6956521739130435
2022-10-22 18:55:26.405 | INFO     | __main__:<module>:18 - 调参结束，最佳参数为:{'penalty': 'l2', 'C': 0.022842569117004632, 'max_iter': 5000}
2022-10-22 18:55:26.412 | WARNING  | __main__:<module>:27 - {'C': 0.022842569117004632, 'class_weight': None, 'dual': False, 'fit_intercept': True, 'intercept_scaling': 1, 'l1_ratio': None, 'max_iter': 5000, 'multi_class': 'auto', 'n_jobs': None, 'penalty': 'l2', 'random_state': 43, 'solver': 'lbfgs', 'tol': 0.0001, 'verbose': 0, 'warm_start': False}
2022-10-22 18:55:26.472 | WARNING  | __main__:<module>:41 - 0.713	0.766	0.621	0.686
2022-10-22 18:55:26.489 | WARNING  | __main__:<module>:41 - 0.661	0.679	0.621	0.649
2022-10-22 18:55:26.511 | WARNING  | __main__:<module>:41 - 0.687	0.683	0.707	0.695
2022-10-22 18:55:26.530 | WARNING  | __main__:<module>:41 - 0.748	0.726	0.789	0.756
2022-10-22 18:55:26.545 | WARNING  | __main__:<module>:41 - 0.704	0.709	0.684	0.696
2022-10-22 18:55:26.562 | WARNING  | __main__:<module>:41 - 0.696	0.696	0.684	0.69
2022-10-22 18:55:26.570 | WARNING  | __main__:<module>:41 - 0.702	0.702	0.702	0.702
2022-10-22 18:55:26.587 | WARNING  | __main__:<module>:41 - 0.675	0.679	0.667	0.673
2022-10-22 18:55:26.610 | WARNING  | __main__:<module>:41 - 0.702	0.717	0.667	0.691
2022-10-22 18:55:26.628 | WARNING  | __main__:<module>:41 - 0.605	0.63	0.509	0.563
2022-10-22 18:55:26.633 | WARNING  | __main__:<module>:43 - accuracy		mean:0.689	std:0.036
2022-10-22 18:55:26.638 | WARNING  | __main__:<module>:44 - precision		mean:0.699	std:0.034
2022-10-22 18:55:26.645 | WARNING  | __main__:<module>:45 - recall		mean:0.665	std:0.069
2022-10-22 18:55:26.652 | WARNING  | __main__:<module>:46 - f1		mean:0.68	std:0.047
2022-10-22 18:56:42.537 | INFO     | __main__:<module>:21 - 调参结束，最佳结果为:0.7521739130434782
2022-10-22 18:56:42.543 | INFO     | __main__:<module>:22 - 调参结束，最佳参数为:{'n_estimators': 487, 'max_depth': 10}
2022-10-22 18:56:42.549 | WARNING  | __main__:<module>:25 - {'bootstrap': True, 'ccp_alpha': 0.0, 'class_weight': None, 'criterion': 'gini', 'max_depth': 10, 'max_features': 'auto', 'max_leaf_nodes': None, 'max_samples': None, 'min_impurity_decrease': 0.0, 'min_impurity_split': None, 'min_samples_leaf': 1, 'min_samples_split': 2, 'min_weight_fraction_leaf': 0.0, 'n_estimators': 487, 'n_jobs': None, 'oob_score': False, 'random_state': 43, 'verbose': 0, 'warm_start': False}
2022-10-22 18:56:47.725 | INFO     | __main__:<module>:27 - accuracy:0.723
2022-10-22 18:56:47.731 | INFO     | __main__:<module>:28 - f1:0.712
2022-10-22 18:56:47.736 | INFO     | __main__:<module>:29 - precision:0.753
2022-10-22 18:56:47.742 | INFO     | __main__:<module>:30 - recall:0.681
2022-10-22 18:56:47.748 | INFO     | __main__:<module>:31 - roc_auc:0.796
