2022-10-30 08:49:23.797 | INFO     | __main__:<module>:80 - 使用嵌入法 RandomForestClassifier 进行特征选择,剩余(1278, 16)个特征
2022-10-30 08:49:23.798 | INFO     | __main__:<module>:90 - 剩余的特征是：['年龄', '血红蛋白', '白蛋白', '总胆红素', '尿素', '肌酐', '尿酸', '总胆固醇', '糖化血红蛋白', '活化部分凝血活酶时间（APTT）', '尿蛋白定量', '24h尿蛋白定量', '病程', 'C2/C0', 'NLR', '胰岛素抵抗指数']
2022-10-30 08:49:23.813 | INFO     | __main__:<module>:111 - 使用 SMOTETomek 混合采样
2022-10-30 08:49:23.814 | INFO     | __main__:<module>:115 - 数据平衡前：非DPN组有530条,DPN组有748条
2022-10-30 08:49:23.857 | INFO     | __main__:<module>:117 - 数据平衡后：非DPN组有700条,DPN组有700条
2022-10-30 08:49:24.446 | WARNING  | __main__:<module>:27 - {'estimator__bootstrap': True, 'estimator__ccp_alpha': 0.0, 'estimator__class_weight': None, 'estimator__criterion': 'gini', 'estimator__max_depth': 9, 'estimator__max_features': 'auto', 'estimator__max_leaf_nodes': None, 'estimator__max_samples': None, 'estimator__min_impurity_decrease': 0.0, 'estimator__min_impurity_split': None, 'estimator__min_samples_leaf': 1, 'estimator__min_samples_split': 2, 'estimator__min_weight_fraction_leaf': 0.0, 'estimator__n_estimators': 200, 'estimator__n_jobs': None, 'estimator__oob_score': False, 'estimator__random_state': 43, 'estimator__verbose': 0, 'estimator__warm_start': False, 'estimator': RandomForestClassifier(max_depth=9, n_estimators=200, random_state=43), 'importance_getter': 'auto', 'max_features': None, 'norm_order': 1, 'prefit': True, 'threshold': None}
2022-10-30 08:49:25.566 | WARNING  | __main__:<module>:41 - 0.686	0.717	0.614	0.662
2022-10-30 08:49:26.122 | WARNING  | __main__:<module>:41 - 0.786	0.833	0.714	0.769
2022-10-30 08:49:26.637 | WARNING  | __main__:<module>:41 - 0.757	0.773	0.729	0.75
2022-10-30 08:49:27.153 | WARNING  | __main__:<module>:41 - 0.8	0.809	0.786	0.797
2022-10-30 08:49:27.667 | WARNING  | __main__:<module>:41 - 0.707	0.723	0.671	0.696
2022-10-30 08:49:28.198 | WARNING  | __main__:<module>:41 - 0.793	0.797	0.786	0.791
2022-10-30 08:49:28.743 | WARNING  | __main__:<module>:41 - 0.743	0.758	0.714	0.735
2022-10-30 08:49:29.337 | WARNING  | __main__:<module>:41 - 0.771	0.797	0.729	0.761
2022-10-30 08:49:29.939 | WARNING  | __main__:<module>:41 - 0.757	0.781	0.714	0.746
2022-10-30 08:49:30.451 | WARNING  | __main__:<module>:41 - 0.814	0.789	0.857	0.822
2022-10-30 08:49:30.452 | WARNING  | __main__:<module>:43 - accuracy		mean:0.761	std:0.039
2022-10-30 08:49:30.454 | WARNING  | __main__:<module>:44 - precision		mean:0.778	std:0.035
2022-10-30 08:49:30.455 | WARNING  | __main__:<module>:45 - recall		mean:0.731	std:0.063
2022-10-30 08:49:30.455 | WARNING  | __main__:<module>:46 - f1		mean:0.753	std:0.045
2022-10-30 08:49:32.562 | WARNING  | __main__:<module>:11 - {'C': 0.9899203552790449, 'break_ties': False, 'cache_size': 200, 'class_weight': None, 'coef0': 0.0, 'decision_function_shape': 'ovr', 'degree': 3, 'gamma': 0.8098439704037791, 'kernel': 'rbf', 'max_iter': -1, 'probability': True, 'random_state': 43, 'shrinking': True, 'tol': 0.001, 'verbose': False}
2022-10-30 08:49:32.999 | WARNING  | __main__:<module>:24 - 0.729	0.682	0.857	0.759
2022-10-30 08:49:33.435 | WARNING  | __main__:<module>:24 - 0.764	0.695	0.943	0.8
2022-10-30 08:49:33.839 | WARNING  | __main__:<module>:24 - 0.807	0.747	0.929	0.828
2022-10-30 08:49:34.242 | WARNING  | __main__:<module>:24 - 0.757	0.696	0.914	0.79
2022-10-30 08:49:34.644 | WARNING  | __main__:<module>:24 - 0.8	0.75	0.9	0.818
2022-10-30 08:49:35.046 | WARNING  | __main__:<module>:24 - 0.8	0.733	0.943	0.825
2022-10-30 08:49:35.454 | WARNING  | __main__:<module>:24 - 0.786	0.727	0.914	0.81
2022-10-30 08:49:35.863 | WARNING  | __main__:<module>:24 - 0.793	0.753	0.871	0.808
2022-10-30 08:49:36.267 | WARNING  | __main__:<module>:24 - 0.779	0.729	0.886	0.8
2022-10-30 08:49:36.664 | WARNING  | __main__:<module>:24 - 0.764	0.713	0.886	0.79
2022-10-30 08:49:36.666 | WARNING  | __main__:<module>:26 - accuracy		mean:0.778	std:0.023
2022-10-30 08:49:36.667 | WARNING  | __main__:<module>:27 - precision		mean:0.723	std:0.024
2022-10-30 08:49:36.668 | WARNING  | __main__:<module>:28 - recall		mean:0.904	std:0.028
2022-10-30 08:49:36.669 | WARNING  | __main__:<module>:29 - f1		mean:0.803	std:0.019
