2022-10-24 10:17:59.599 | INFO     | __main__:<module>:89 - 使用嵌入法 LogisticRegression 进行特征选择,剩余(1093, 13)个特征
2022-10-24 10:17:59.600 | INFO     | __main__:<module>:92 - 剩余的特征是：['年龄', '糖尿病性肾病', '糖尿病性视网膜病变', '血红蛋白', '尿素', '磷', '白细胞', '葡萄糖', '24h尿蛋白定量', '餐后120分钟C肽', '淋巴细胞绝对值', '糖', '空腹胰岛素']
2022-10-24 10:17:59.600 | INFO     | __main__:<module>:113 - 使用 SMOTETomek 混合采样
2022-10-24 10:17:59.600 | INFO     | __main__:<module>:117 - 数据平衡前：非DPN组有490条,DPN组有603条
2022-10-24 10:17:59.639 | INFO     | __main__:<module>:119 - 数据平衡后：非DPN组有531条,DPN组有531条
2022-10-24 10:18:40.215 | WARNING  | __main__:<module>:30 - accuracy		mean:0.763	std:0.035
2022-10-24 10:18:40.215 | WARNING  | __main__:<module>:31 - precision		mean:0.778	std:0.042
2022-10-24 10:18:40.215 | WARNING  | __main__:<module>:32 - recall		mean:0.738	std:0.038
2022-10-24 10:18:40.215 | WARNING  | __main__:<module>:33 - f1		mean:0.757	std:0.034
2022-10-24 10:23:24.744 | INFO     | __main__:<module>:82 - 使用嵌入法 ExtraTreesClassifier 进行特征选择,剩余(1093, 21)个特征
2022-10-24 10:23:24.744 | INFO     | __main__:<module>:92 - 剩余的特征是：['年龄', '糖尿病性肾病', '血红蛋白', '嗜酸性粒细胞绝对值', '嗜碱性粒细胞绝对值', '血小板平均体积', '白蛋白', '总胆红素', '尿素', '血清碳酸氢盐', '尿酸', '磷', '镁', '活化部分凝血活酶时间（APTT）', '尿蛋白定量', '24h尿蛋白定量', '空腹C肽', '餐后120分钟C肽', '淋巴细胞绝对值', '糖', '空腹胰岛素']
2022-10-24 10:23:24.751 | INFO     | __main__:<module>:113 - 使用 SMOTETomek 混合采样
2022-10-24 10:23:24.753 | INFO     | __main__:<module>:117 - 数据平衡前：非DPN组有490条,DPN组有603条
2022-10-24 10:23:24.782 | INFO     | __main__:<module>:119 - 数据平衡后：非DPN组有565条,DPN组有565条
2022-10-24 10:25:08.107 | WARNING  | __main__:<module>:30 - accuracy		mean:0.747	std:0.036
2022-10-24 10:25:08.107 | WARNING  | __main__:<module>:31 - precision		mean:0.758	std:0.048
2022-10-24 10:25:08.107 | WARNING  | __main__:<module>:32 - recall		mean:0.731	std:0.053
2022-10-24 10:25:08.116 | WARNING  | __main__:<module>:33 - f1		mean:0.743	std:0.036
2022-10-24 10:28:58.030 | INFO     | __main__:<module>:82 - 使用嵌入法 ExtraTreesClassifier 进行特征选择,剩余(1093, 23)个特征
2022-10-24 10:28:58.034 | INFO     | __main__:<module>:92 - 剩余的特征是：['年龄', '血红蛋白', '白蛋白', '总胆红素', '尿素', '肌酐', '钾', '钠', '血清碳酸氢盐', '尿酸', '磷', '镁', '促甲状腺激素', '活化部分凝血活酶时间（APTT）', '尿蛋白定量', '24h尿蛋白定量', '空腹C肽', '餐后120分钟C肽', '餐后120分钟胰岛素', '血小板', '淋巴细胞绝对值', '糖', '空腹胰岛素']
2022-10-24 10:28:58.035 | INFO     | __main__:<module>:113 - 使用 SMOTETomek 混合采样
2022-10-24 10:28:58.037 | INFO     | __main__:<module>:117 - 数据平衡前：非DPN组有490条,DPN组有603条
2022-10-24 10:28:58.067 | INFO     | __main__:<module>:119 - 数据平衡后：非DPN组有567条,DPN组有567条
2022-10-24 10:30:16.812 | INFO     | __main__:<module>:82 - 使用嵌入法 ExtraTreesClassifier 进行特征选择,剩余(1093, 19)个特征
2022-10-24 10:30:16.814 | INFO     | __main__:<module>:92 - 剩余的特征是：['年龄', '白蛋白', '总胆红素', '尿素', '肌酐', '钾', '钠', '磷', '镁', '活化部分凝血活酶时间（APTT）', '尿蛋白定量', '24h尿蛋白定量', '空腹C肽', '餐后120分钟C肽', '餐后120分钟胰岛素', '血小板', '淋巴细胞绝对值', '糖', '空腹胰岛素']
2022-10-24 10:30:16.815 | INFO     | __main__:<module>:113 - 使用 SMOTETomek 混合采样
2022-10-24 10:30:16.817 | INFO     | __main__:<module>:117 - 数据平衡前：非DPN组有490条,DPN组有603条
2022-10-24 10:30:16.844 | INFO     | __main__:<module>:119 - 数据平衡后：非DPN组有558条,DPN组有558条
2022-10-24 10:31:05.012 | WARNING  | __main__:<module>:30 - accuracy		mean:0.753	std:0.047
2022-10-24 10:31:05.012 | WARNING  | __main__:<module>:31 - precision		mean:0.762	std:0.047
2022-10-24 10:31:05.017 | WARNING  | __main__:<module>:32 - recall		mean:0.735	std:0.058
2022-10-24 10:31:05.017 | WARNING  | __main__:<module>:33 - f1		mean:0.748	std:0.05
2022-10-24 10:37:47.613 | INFO     | __main__:<module>:82 - 使用嵌入法 ExtraTreesClassifier 进行特征选择,剩余(1093, 18)个特征
2022-10-24 10:37:47.622 | INFO     | __main__:<module>:92 - 剩余的特征是：['年龄', '血红蛋白', '白蛋白', '总胆红素', '尿素', '肌酐', '钾', '钠', '尿酸', '磷', '活化部分凝血活酶时间（APTT）', '尿蛋白定量', '24h尿蛋白定量', '空腹C肽', '餐后120分钟C肽', '餐后120分钟胰岛素', 'NLR', '胰岛素抵抗指数']
2022-10-24 10:37:47.624 | INFO     | __main__:<module>:113 - 使用 SMOTETomek 混合采样
2022-10-24 10:37:47.626 | INFO     | __main__:<module>:117 - 数据平衡前：非DPN组有490条,DPN组有603条
2022-10-24 10:37:47.655 | INFO     | __main__:<module>:119 - 数据平衡后：非DPN组有544条,DPN组有544条
2022-10-24 10:39:51.173 | WARNING  | __main__:<module>:32 - accuracy		mean:0.736	std:0.03
2022-10-24 10:39:51.173 | WARNING  | __main__:<module>:33 - precision		mean:0.76	std:0.034
2022-10-24 10:39:51.180 | WARNING  | __main__:<module>:34 - recall		mean:0.691	std:0.05
2022-10-24 10:39:51.181 | WARNING  | __main__:<module>:35 - f1		mean:0.723	std:0.036
2022-10-24 10:45:14.647 | INFO     | __main__:<module>:27 - 调参结束，最佳结果为:0.7477064220183486
2022-10-24 10:45:14.651 | INFO     | __main__:<module>:28 - 调参结束，最佳参数为:{'n_estimators': 60, 'max_depth': 14, 'grow_policy': 'depthwise', 'learning_rate': 0.08331139555281648, 'gamma': 0.002948278723809165, 'reg_lambda': 6.369546129278679e-06, 'reg_alpha': 6.411910964172153e-07, 'subsample': 0.8481429042982407, 'colsample_bytree': 0.8964962180347944}
