2022-10-22 08:57:37.525 | INFO     | __main__:<module>:94 - 使用嵌入法 LinearSVC 进行特征选择,剩余(1093, 16)个特征
2022-10-22 08:57:37.528 | INFO     | __main__:<module>:137 - 使用 SMOTETomek 混合采样
2022-10-22 08:57:37.568 | INFO     | __main__:<module>:142 - 数据平衡前：非DPN组有389条,DPN组有485条
2022-10-22 08:57:37.570 | INFO     | __main__:<module>:143 - 数据平衡后：非DPN组有444条,DPN组有444条
2022-10-22 08:57:37.582 | INFO     | __main__:<module>:146 - 数据平衡前：非DPN组有101条,DPN组有118条
2022-10-22 08:57:37.584 | INFO     | __main__:<module>:147 - 数据平衡后：非DPN组有107条,DPN组有107条
2022-10-22 08:57:37.591 | INFO     | __main__:<module>:187 - {'objective': 'binary:logistic', 'use_label_encoder': False, 'base_score': None, 'booster': 'gbtree', 'callbacks': None, 'colsample_bylevel': None, 'colsample_bynode': None, 'colsample_bytree': 0.4405561768499384, 'early_stopping_rounds': None, 'enable_categorical': False, 'eval_metric': 'logloss', 'gamma': 1.443976558132305e-07, 'gpu_id': None, 'grow_policy': 'depthwise', 'importance_type': None, 'interaction_constraints': None, 'learning_rate': 1.4845002962161227e-06, 'max_bin': None, 'max_cat_to_onehot': None, 'max_delta_step': None, 'max_depth': 11, 'max_leaves': None, 'min_child_weight': None, 'missing': nan, 'monotone_constraints': None, 'n_estimators': 5938, 'n_jobs': -1, 'num_parallel_tree': None, 'predictor': None, 'random_state': 43, 'reg_alpha': 1.9137639926457375e-05, 'reg_lambda': 7.146061757987752e-08, 'sampling_method': None, 'scale_pos_weight': None, 'subsample': 0.921682757767577, 'tree_method': 'exact', 'validate_parameters': None, 'verbosity': None}
2022-10-22 08:57:44.026 | WARNING  | __main__:<module>:198 - 0.818	0.818	0.818	0.818
2022-10-22 08:57:44.039 | INFO     | __main__:<module>:187 - {'objective': 'binary:logistic', 'use_label_encoder': False, 'base_score': None, 'booster': 'gbtree', 'callbacks': None, 'colsample_bylevel': None, 'colsample_bynode': None, 'colsample_bytree': 0.4405561768499384, 'early_stopping_rounds': None, 'enable_categorical': False, 'eval_metric': 'logloss', 'gamma': 1.443976558132305e-07, 'gpu_id': None, 'grow_policy': 'depthwise', 'importance_type': None, 'interaction_constraints': None, 'learning_rate': 1.4845002962161227e-06, 'max_bin': None, 'max_cat_to_onehot': None, 'max_delta_step': None, 'max_depth': 11, 'max_leaves': None, 'min_child_weight': None, 'missing': nan, 'monotone_constraints': None, 'n_estimators': 5938, 'n_jobs': -1, 'num_parallel_tree': None, 'predictor': None, 'random_state': 43, 'reg_alpha': 1.9137639926457375e-05, 'reg_lambda': 7.146061757987752e-08, 'sampling_method': None, 'scale_pos_weight': None, 'subsample': 0.921682757767577, 'tree_method': 'exact', 'validate_parameters': None, 'verbosity': None}
2022-10-22 08:57:50.405 | WARNING  | __main__:<module>:198 - 0.455	0.429	0.273	0.333
2022-10-22 08:57:50.422 | INFO     | __main__:<module>:187 - {'objective': 'binary:logistic', 'use_label_encoder': False, 'base_score': None, 'booster': 'gbtree', 'callbacks': None, 'colsample_bylevel': None, 'colsample_bynode': None, 'colsample_bytree': 0.4405561768499384, 'early_stopping_rounds': None, 'enable_categorical': False, 'eval_metric': 'logloss', 'gamma': 1.443976558132305e-07, 'gpu_id': None, 'grow_policy': 'depthwise', 'importance_type': None, 'interaction_constraints': None, 'learning_rate': 1.4845002962161227e-06, 'max_bin': None, 'max_cat_to_onehot': None, 'max_delta_step': None, 'max_depth': 11, 'max_leaves': None, 'min_child_weight': None, 'missing': nan, 'monotone_constraints': None, 'n_estimators': 5938, 'n_jobs': -1, 'num_parallel_tree': None, 'predictor': None, 'random_state': 43, 'reg_alpha': 1.9137639926457375e-05, 'reg_lambda': 7.146061757987752e-08, 'sampling_method': None, 'scale_pos_weight': None, 'subsample': 0.921682757767577, 'tree_method': 'exact', 'validate_parameters': None, 'verbosity': None}
2022-10-22 08:57:56.938 | WARNING  | __main__:<module>:198 - 0.682	0.625	0.909	0.741
2022-10-22 08:57:56.953 | INFO     | __main__:<module>:187 - {'objective': 'binary:logistic', 'use_label_encoder': False, 'base_score': None, 'booster': 'gbtree', 'callbacks': None, 'colsample_bylevel': None, 'colsample_bynode': None, 'colsample_bytree': 0.4405561768499384, 'early_stopping_rounds': None, 'enable_categorical': False, 'eval_metric': 'logloss', 'gamma': 1.443976558132305e-07, 'gpu_id': None, 'grow_policy': 'depthwise', 'importance_type': None, 'interaction_constraints': None, 'learning_rate': 1.4845002962161227e-06, 'max_bin': None, 'max_cat_to_onehot': None, 'max_delta_step': None, 'max_depth': 11, 'max_leaves': None, 'min_child_weight': None, 'missing': nan, 'monotone_constraints': None, 'n_estimators': 5938, 'n_jobs': -1, 'num_parallel_tree': None, 'predictor': None, 'random_state': 43, 'reg_alpha': 1.9137639926457375e-05, 'reg_lambda': 7.146061757987752e-08, 'sampling_method': None, 'scale_pos_weight': None, 'subsample': 0.921682757767577, 'tree_method': 'exact', 'validate_parameters': None, 'verbosity': None}
2022-10-22 08:58:03.379 | WARNING  | __main__:<module>:198 - 0.682	0.643	0.818	0.72
2022-10-22 08:58:03.390 | INFO     | __main__:<module>:187 - {'objective': 'binary:logistic', 'use_label_encoder': False, 'base_score': None, 'booster': 'gbtree', 'callbacks': None, 'colsample_bylevel': None, 'colsample_bynode': None, 'colsample_bytree': 0.4405561768499384, 'early_stopping_rounds': None, 'enable_categorical': False, 'eval_metric': 'logloss', 'gamma': 1.443976558132305e-07, 'gpu_id': None, 'grow_policy': 'depthwise', 'importance_type': None, 'interaction_constraints': None, 'learning_rate': 1.4845002962161227e-06, 'max_bin': None, 'max_cat_to_onehot': None, 'max_delta_step': None, 'max_depth': 11, 'max_leaves': None, 'min_child_weight': None, 'missing': nan, 'monotone_constraints': None, 'n_estimators': 5938, 'n_jobs': -1, 'num_parallel_tree': None, 'predictor': None, 'random_state': 43, 'reg_alpha': 1.9137639926457375e-05, 'reg_lambda': 7.146061757987752e-08, 'sampling_method': None, 'scale_pos_weight': None, 'subsample': 0.921682757767577, 'tree_method': 'exact', 'validate_parameters': None, 'verbosity': None}
2022-10-22 08:58:09.912 | WARNING  | __main__:<module>:198 - 0.714	0.667	0.8	0.727
2022-10-22 08:58:09.930 | INFO     | __main__:<module>:187 - {'objective': 'binary:logistic', 'use_label_encoder': False, 'base_score': None, 'booster': 'gbtree', 'callbacks': None, 'colsample_bylevel': None, 'colsample_bynode': None, 'colsample_bytree': 0.4405561768499384, 'early_stopping_rounds': None, 'enable_categorical': False, 'eval_metric': 'logloss', 'gamma': 1.443976558132305e-07, 'gpu_id': None, 'grow_policy': 'depthwise', 'importance_type': None, 'interaction_constraints': None, 'learning_rate': 1.4845002962161227e-06, 'max_bin': None, 'max_cat_to_onehot': None, 'max_delta_step': None, 'max_depth': 11, 'max_leaves': None, 'min_child_weight': None, 'missing': nan, 'monotone_constraints': None, 'n_estimators': 5938, 'n_jobs': -1, 'num_parallel_tree': None, 'predictor': None, 'random_state': 43, 'reg_alpha': 1.9137639926457375e-05, 'reg_lambda': 7.146061757987752e-08, 'sampling_method': None, 'scale_pos_weight': None, 'subsample': 0.921682757767577, 'tree_method': 'exact', 'validate_parameters': None, 'verbosity': None}
2022-10-22 08:58:16.304 | WARNING  | __main__:<module>:198 - 0.476	0.429	0.3	0.353
2022-10-22 08:58:16.316 | INFO     | __main__:<module>:187 - {'objective': 'binary:logistic', 'use_label_encoder': False, 'base_score': None, 'booster': 'gbtree', 'callbacks': None, 'colsample_bylevel': None, 'colsample_bynode': None, 'colsample_bytree': 0.4405561768499384, 'early_stopping_rounds': None, 'enable_categorical': False, 'eval_metric': 'logloss', 'gamma': 1.443976558132305e-07, 'gpu_id': None, 'grow_policy': 'depthwise', 'importance_type': None, 'interaction_constraints': None, 'learning_rate': 1.4845002962161227e-06, 'max_bin': None, 'max_cat_to_onehot': None, 'max_delta_step': None, 'max_depth': 11, 'max_leaves': None, 'min_child_weight': None, 'missing': nan, 'monotone_constraints': None, 'n_estimators': 5938, 'n_jobs': -1, 'num_parallel_tree': None, 'predictor': None, 'random_state': 43, 'reg_alpha': 1.9137639926457375e-05, 'reg_lambda': 7.146061757987752e-08, 'sampling_method': None, 'scale_pos_weight': None, 'subsample': 0.921682757767577, 'tree_method': 'exact', 'validate_parameters': None, 'verbosity': None}
2022-10-22 08:58:22.999 | WARNING  | __main__:<module>:198 - 0.762	0.857	0.6	0.706
2022-10-22 08:58:23.009 | INFO     | __main__:<module>:187 - {'objective': 'binary:logistic', 'use_label_encoder': False, 'base_score': None, 'booster': 'gbtree', 'callbacks': None, 'colsample_bylevel': None, 'colsample_bynode': None, 'colsample_bytree': 0.4405561768499384, 'early_stopping_rounds': None, 'enable_categorical': False, 'eval_metric': 'logloss', 'gamma': 1.443976558132305e-07, 'gpu_id': None, 'grow_policy': 'depthwise', 'importance_type': None, 'interaction_constraints': None, 'learning_rate': 1.4845002962161227e-06, 'max_bin': None, 'max_cat_to_onehot': None, 'max_delta_step': None, 'max_depth': 11, 'max_leaves': None, 'min_child_weight': None, 'missing': nan, 'monotone_constraints': None, 'n_estimators': 5938, 'n_jobs': -1, 'num_parallel_tree': None, 'predictor': None, 'random_state': 43, 'reg_alpha': 1.9137639926457375e-05, 'reg_lambda': 7.146061757987752e-08, 'sampling_method': None, 'scale_pos_weight': None, 'subsample': 0.921682757767577, 'tree_method': 'exact', 'validate_parameters': None, 'verbosity': None}
2022-10-22 08:58:29.688 | WARNING  | __main__:<module>:198 - 0.571	0.571	0.727	0.64
2022-10-22 08:58:29.698 | INFO     | __main__:<module>:187 - {'objective': 'binary:logistic', 'use_label_encoder': False, 'base_score': None, 'booster': 'gbtree', 'callbacks': None, 'colsample_bylevel': None, 'colsample_bynode': None, 'colsample_bytree': 0.4405561768499384, 'early_stopping_rounds': None, 'enable_categorical': False, 'eval_metric': 'logloss', 'gamma': 1.443976558132305e-07, 'gpu_id': None, 'grow_policy': 'depthwise', 'importance_type': None, 'interaction_constraints': None, 'learning_rate': 1.4845002962161227e-06, 'max_bin': None, 'max_cat_to_onehot': None, 'max_delta_step': None, 'max_depth': 11, 'max_leaves': None, 'min_child_weight': None, 'missing': nan, 'monotone_constraints': None, 'n_estimators': 5938, 'n_jobs': -1, 'num_parallel_tree': None, 'predictor': None, 'random_state': 43, 'reg_alpha': 1.9137639926457375e-05, 'reg_lambda': 7.146061757987752e-08, 'sampling_method': None, 'scale_pos_weight': None, 'subsample': 0.921682757767577, 'tree_method': 'exact', 'validate_parameters': None, 'verbosity': None}
2022-10-22 08:58:36.473 | WARNING  | __main__:<module>:198 - 0.762	0.8	0.727	0.762
2022-10-22 08:58:36.484 | INFO     | __main__:<module>:187 - {'objective': 'binary:logistic', 'use_label_encoder': False, 'base_score': None, 'booster': 'gbtree', 'callbacks': None, 'colsample_bylevel': None, 'colsample_bynode': None, 'colsample_bytree': 0.4405561768499384, 'early_stopping_rounds': None, 'enable_categorical': False, 'eval_metric': 'logloss', 'gamma': 1.443976558132305e-07, 'gpu_id': None, 'grow_policy': 'depthwise', 'importance_type': None, 'interaction_constraints': None, 'learning_rate': 1.4845002962161227e-06, 'max_bin': None, 'max_cat_to_onehot': None, 'max_delta_step': None, 'max_depth': 11, 'max_leaves': None, 'min_child_weight': None, 'missing': nan, 'monotone_constraints': None, 'n_estimators': 5938, 'n_jobs': -1, 'num_parallel_tree': None, 'predictor': None, 'random_state': 43, 'reg_alpha': 1.9137639926457375e-05, 'reg_lambda': 7.146061757987752e-08, 'sampling_method': None, 'scale_pos_weight': None, 'subsample': 0.921682757767577, 'tree_method': 'exact', 'validate_parameters': None, 'verbosity': None}
2022-10-22 08:58:43.342 | WARNING  | __main__:<module>:198 - 0.714	0.778	0.636	0.7
2022-10-22 08:58:43.465 | WARNING  | __main__:<module>:207 - accuracy		mean:0.664	std:0.117
2022-10-22 08:58:43.466 | WARNING  | __main__:<module>:209 - precision		mean:0.662	std:0.146
2022-10-22 08:58:43.468 | WARNING  | __main__:<module>:211 - recall		mean:0.661	std:0.206
2022-10-22 08:58:43.470 | WARNING  | __main__:<module>:213 - f1		mean:0.65	std:0.159
2022-10-22 08:59:06.219 | INFO     | __main__:<module>:94 - 使用嵌入法 LinearSVC 进行特征选择,剩余(1093, 16)个特征
2022-10-22 08:59:06.221 | INFO     | __main__:<module>:137 - 使用 SMOTETomek 混合采样
2022-10-22 08:59:06.252 | INFO     | __main__:<module>:142 - 数据平衡前：非DPN组有389条,DPN组有485条
2022-10-22 08:59:06.255 | INFO     | __main__:<module>:143 - 数据平衡后：非DPN组有444条,DPN组有444条
2022-10-22 08:59:06.267 | INFO     | __main__:<module>:146 - 数据平衡前：非DPN组有101条,DPN组有118条
2022-10-22 08:59:06.269 | INFO     | __main__:<module>:147 - 数据平衡后：非DPN组有107条,DPN组有107条
2022-10-22 08:59:20.519 | INFO     | __main__:<module>:181 - {'max_depth': 7, 'grow_policy': 'depthwise', 'learning_rate': 0.13609649226018508, 'gamma': 0.0005755727032817406, 'reg_lambda': 9.135705690821211e-07, 'reg_alpha': 0.00030447368147943184, 'subsample': 0.8773156902879671, 'colsample_bytree': 0.44581989601453315}
2022-10-22 08:59:20.524 | INFO     | __main__:<module>:187 - {'objective': 'binary:logistic', 'use_label_encoder': False, 'base_score': None, 'booster': 'gbtree', 'callbacks': None, 'colsample_bylevel': None, 'colsample_bynode': None, 'colsample_bytree': 0.4405561768499384, 'early_stopping_rounds': None, 'enable_categorical': False, 'eval_metric': 'logloss', 'gamma': 1.443976558132305e-07, 'gpu_id': None, 'grow_policy': 'depthwise', 'importance_type': None, 'interaction_constraints': None, 'learning_rate': 1.4845002962161227e-06, 'max_bin': None, 'max_cat_to_onehot': None, 'max_delta_step': None, 'max_depth': 11, 'max_leaves': None, 'min_child_weight': None, 'missing': nan, 'monotone_constraints': None, 'n_estimators': 5938, 'n_jobs': -1, 'num_parallel_tree': None, 'predictor': None, 'random_state': 43, 'reg_alpha': 1.9137639926457375e-05, 'reg_lambda': 7.146061757987752e-08, 'sampling_method': None, 'scale_pos_weight': None, 'subsample': 0.921682757767577, 'tree_method': 'exact', 'validate_parameters': None, 'verbosity': None}
2022-10-22 08:59:27.037 | WARNING  | __main__:<module>:198 - 0.818	0.818	0.818	0.818
2022-10-22 09:00:33.130 | INFO     | __main__:<module>:94 - 使用嵌入法 LinearSVC 进行特征选择,剩余(1093, 16)个特征
2022-10-22 09:00:33.132 | INFO     | __main__:<module>:137 - 使用 SMOTETomek 混合采样
2022-10-22 09:00:33.162 | INFO     | __main__:<module>:142 - 数据平衡前：非DPN组有389条,DPN组有485条
2022-10-22 09:00:33.164 | INFO     | __main__:<module>:143 - 数据平衡后：非DPN组有444条,DPN组有444条
2022-10-22 09:00:33.174 | INFO     | __main__:<module>:146 - 数据平衡前：非DPN组有101条,DPN组有118条
2022-10-22 09:00:33.176 | INFO     | __main__:<module>:147 - 数据平衡后：非DPN组有107条,DPN组有107条
2022-10-22 09:00:48.414 | INFO     | __main__:<module>:179 - 0.8
2022-10-22 09:00:48.416 | INFO     | __main__:<module>:180 - {'max_depth': 12, 'grow_policy': 'lossguide', 'learning_rate': 3.552588243870477e-05, 'gamma': 1.0447004371497172e-07, 'reg_lambda': 0.232472246775254, 'reg_alpha': 0.13823550165499485, 'subsample': 0.9245652749240955, 'colsample_bytree': 0.6471818599097294}
2022-10-22 09:00:48.420 | INFO     | __main__:<module>:186 - {'objective': 'binary:logistic', 'use_label_encoder': False, 'base_score': None, 'booster': None, 'callbacks': None, 'colsample_bylevel': None, 'colsample_bynode': None, 'colsample_bytree': 0.6471818599097294, 'early_stopping_rounds': None, 'enable_categorical': False, 'eval_metric': None, 'gamma': 1.0447004371497172e-07, 'gpu_id': None, 'grow_policy': 'lossguide', 'importance_type': None, 'interaction_constraints': None, 'learning_rate': 3.552588243870477e-05, 'max_bin': None, 'max_cat_to_onehot': None, 'max_delta_step': None, 'max_depth': 12, 'max_leaves': None, 'min_child_weight': None, 'missing': nan, 'monotone_constraints': None, 'n_estimators': 100, 'n_jobs': None, 'num_parallel_tree': None, 'predictor': None, 'random_state': None, 'reg_alpha': 0.13823550165499485, 'reg_lambda': 0.232472246775254, 'sampling_method': None, 'scale_pos_weight': None, 'subsample': 0.9245652749240955, 'tree_method': None, 'validate_parameters': None, 'verbosity': None}
2022-10-22 09:00:48.578 | WARNING  | __main__:<module>:197 - 0.818	0.818	0.818	0.818
2022-10-22 09:01:30.224 | INFO     | __main__:<module>:94 - 使用嵌入法 LinearSVC 进行特征选择,剩余(1093, 16)个特征
2022-10-22 09:01:30.227 | INFO     | __main__:<module>:137 - 使用 SMOTETomek 混合采样
2022-10-22 09:01:30.253 | INFO     | __main__:<module>:142 - 数据平衡前：非DPN组有389条,DPN组有485条
2022-10-22 09:01:30.255 | INFO     | __main__:<module>:143 - 数据平衡后：非DPN组有444条,DPN组有444条
2022-10-22 09:01:30.268 | INFO     | __main__:<module>:146 - 数据平衡前：非DPN组有101条,DPN组有118条
2022-10-22 09:01:30.270 | INFO     | __main__:<module>:147 - 数据平衡后：非DPN组有107条,DPN组有107条
2022-10-22 09:01:45.275 | INFO     | __main__:<module>:179 - 0.7818181818181819
2022-10-22 09:01:45.278 | INFO     | __main__:<module>:180 - {'max_depth': 9, 'grow_policy': 'depthwise', 'learning_rate': 0.016651337381035178, 'gamma': 0.014237289883944177, 'reg_lambda': 0.006696455871455745, 'reg_alpha': 0.0029446516235115223, 'subsample': 0.8315392301977765, 'colsample_bytree': 0.9113566506385219}
2022-10-22 09:01:45.283 | INFO     | __main__:<module>:186 - {'objective': 'binary:logistic', 'use_label_encoder': False, 'base_score': None, 'booster': None, 'callbacks': None, 'colsample_bylevel': None, 'colsample_bynode': None, 'colsample_bytree': 0.9113566506385219, 'early_stopping_rounds': None, 'enable_categorical': False, 'eval_metric': None, 'gamma': 0.014237289883944177, 'gpu_id': None, 'grow_policy': 'depthwise', 'importance_type': None, 'interaction_constraints': None, 'learning_rate': 0.016651337381035178, 'max_bin': None, 'max_cat_to_onehot': None, 'max_delta_step': None, 'max_depth': 9, 'max_leaves': None, 'min_child_weight': None, 'missing': nan, 'monotone_constraints': None, 'n_estimators': 100, 'n_jobs': None, 'num_parallel_tree': None, 'predictor': None, 'random_state': None, 'reg_alpha': 0.0029446516235115223, 'reg_lambda': 0.006696455871455745, 'sampling_method': None, 'scale_pos_weight': None, 'subsample': 0.8315392301977765, 'tree_method': None, 'validate_parameters': None, 'verbosity': None}
2022-10-22 09:01:45.421 | WARNING  | __main__:<module>:197 - 0.727	0.727	0.727	0.727
2022-10-22 09:03:52.784 | INFO     | __main__:<module>:91 - 使用嵌入法 LinearSVC 进行特征选择,剩余(1093, 15)个特征
2022-10-22 09:03:52.786 | INFO     | __main__:<module>:134 - 使用 SMOTETomek 混合采样
2022-10-22 09:03:52.817 | INFO     | __main__:<module>:139 - 数据平衡前：非DPN组有490条,DPN组有603条
2022-10-22 09:03:52.820 | INFO     | __main__:<module>:140 - 数据平衡后：非DPN组有537条,DPN组有537条
2022-10-22 09:04:09.274 | INFO     | __main__:<module>:171 - 0.7909090909090909
2022-10-22 09:04:09.277 | INFO     | __main__:<module>:172 - {'max_depth': 8, 'grow_policy': 'lossguide', 'learning_rate': 0.0008166413770864899, 'gamma': 0.02167925127019037, 'reg_lambda': 2.6938048707554293e-06, 'reg_alpha': 0.00011517817860722236, 'subsample': 0.9704156901126036, 'colsample_bytree': 0.44464882867199923}
2022-10-22 09:04:09.283 | INFO     | __main__:<module>:178 - {'objective': 'binary:logistic', 'use_label_encoder': False, 'base_score': None, 'booster': None, 'callbacks': None, 'colsample_bylevel': None, 'colsample_bynode': None, 'colsample_bytree': 0.44464882867199923, 'early_stopping_rounds': None, 'enable_categorical': False, 'eval_metric': None, 'gamma': 0.02167925127019037, 'gpu_id': None, 'grow_policy': 'lossguide', 'importance_type': None, 'interaction_constraints': None, 'learning_rate': 0.0008166413770864899, 'max_bin': None, 'max_cat_to_onehot': None, 'max_delta_step': None, 'max_depth': 8, 'max_leaves': None, 'min_child_weight': None, 'missing': nan, 'monotone_constraints': None, 'n_estimators': 100, 'n_jobs': None, 'num_parallel_tree': None, 'predictor': None, 'random_state': None, 'reg_alpha': 0.00011517817860722236, 'reg_lambda': 2.6938048707554293e-06, 'sampling_method': None, 'scale_pos_weight': None, 'subsample': 0.9704156901126036, 'tree_method': None, 'validate_parameters': None, 'verbosity': None}
2022-10-22 09:04:09.468 | WARNING  | __main__:<module>:189 - 0.727	0.778	0.636	0.7
2022-10-22 09:05:54.587 | INFO     | __main__:<module>:91 - 使用嵌入法 LinearSVC 进行特征选择,剩余(1093, 15)个特征
2022-10-22 09:05:54.589 | INFO     | __main__:<module>:134 - 使用 SMOTETomek 混合采样
2022-10-22 09:05:54.617 | INFO     | __main__:<module>:139 - 数据平衡前：非DPN组有490条,DPN组有603条
2022-10-22 09:05:54.619 | INFO     | __main__:<module>:140 - 数据平衡后：非DPN组有537条,DPN组有537条
2022-10-22 09:06:08.653 | INFO     | __main__:<module>:171 - 调参结束，最佳结果为:0.8
2022-10-22 09:06:08.656 | INFO     | __main__:<module>:172 - 调参结束，最佳参数为:{'max_depth': 10, 'grow_policy': 'lossguide', 'learning_rate': 2.7358878595167708e-08, 'gamma': 0.013014897276885306, 'reg_lambda': 8.567185308155716e-07, 'reg_alpha': 5.942276579475462e-08, 'subsample': 0.8024715842330166, 'colsample_bytree': 0.29336485631863035}
2022-10-22 09:06:08.794 | WARNING  | __main__:<module>:190 - 0.745	0.72	0.885	0.794
2022-10-22 09:06:09.738 | WARNING  | __main__:<module>:190 - 0.727	0.707	0.869	0.779
2022-10-22 09:06:10.669 | WARNING  | __main__:<module>:190 - 0.745	0.762	0.787	0.774
2022-10-22 09:06:11.614 | WARNING  | __main__:<module>:190 - 0.771	0.733	0.917	0.815
2022-10-22 09:06:12.690 | WARNING  | __main__:<module>:190 - 0.807	0.791	0.883	0.835
2022-10-22 09:06:13.603 | WARNING  | __main__:<module>:190 - 0.752	0.77	0.783	0.777
2022-10-22 09:06:14.505 | WARNING  | __main__:<module>:190 - 0.817	0.794	0.9	0.844
2022-10-22 09:06:15.420 | WARNING  | __main__:<module>:190 - 0.835	0.875	0.817	0.845
2022-10-22 09:06:16.370 | WARNING  | __main__:<module>:190 - 0.789	0.776	0.867	0.819
2022-10-22 09:06:17.259 | WARNING  | __main__:<module>:190 - 0.752	0.746	0.833	0.787
2022-10-22 09:06:18.066 | WARNING  | __main__:<module>:196 - accuracy		mean:0.774	std:0.034
2022-10-22 09:06:18.066 | WARNING  | __main__:<module>:198 - precision		mean:0.767	std:0.045
2022-10-22 09:06:18.066 | WARNING  | __main__:<module>:200 - recall		mean:0.854	std:0.044
2022-10-22 09:06:18.066 | WARNING  | __main__:<module>:202 - f1		mean:0.807	std:0.027
2022-10-22 09:07:15.695 | INFO     | __main__:<module>:91 - 使用嵌入法 LinearSVC 进行特征选择,剩余(1093, 15)个特征
2022-10-22 09:07:15.698 | INFO     | __main__:<module>:134 - 使用 SMOTETomek 混合采样
2022-10-22 09:07:15.728 | INFO     | __main__:<module>:139 - 数据平衡前：非DPN组有490条,DPN组有603条
2022-10-22 09:07:15.730 | INFO     | __main__:<module>:140 - 数据平衡后：非DPN组有537条,DPN组有537条
2022-10-22 09:12:23.923 | INFO     | __main__:<module>:171 - 调参结束，最佳结果为:0.8
2022-10-22 09:12:23.927 | INFO     | __main__:<module>:172 - 调参结束，最佳参数为:{'n_estimators': 4249, 'max_depth': 10, 'grow_policy': 'lossguide', 'learning_rate': 1.7953222961719653e-05, 'gamma': 1.6131391898660434e-07, 'reg_lambda': 0.11467697284509822, 'reg_alpha': 1.0350948393575063e-08, 'subsample': 0.8834959943535475, 'colsample_bytree': 0.6449127783681229}
2022-10-22 09:12:30.179 | WARNING  | __main__:<module>:190 - 0.791	0.771	0.885	0.824
2022-10-22 09:12:54.486 | WARNING  | __main__:<module>:190 - 0.736	0.742	0.803	0.772
2022-10-22 09:13:20.171 | WARNING  | __main__:<module>:190 - 0.7	0.726	0.738	0.732
2022-10-22 09:13:48.061 | WARNING  | __main__:<module>:190 - 0.771	0.754	0.867	0.806
2022-10-22 09:14:14.064 | WARNING  | __main__:<module>:190 - 0.734	0.746	0.783	0.764
2022-10-22 09:14:40.446 | WARNING  | __main__:<module>:190 - 0.725	0.75	0.75	0.75
2022-10-22 09:15:04.876 | WARNING  | __main__:<module>:190 - 0.78	0.79	0.817	0.803
2022-10-22 09:15:29.319 | WARNING  | __main__:<module>:190 - 0.743	0.767	0.767	0.767
2022-10-22 09:15:54.391 | WARNING  | __main__:<module>:190 - 0.771	0.74	0.9	0.812
2022-10-22 09:16:17.735 | WARNING  | __main__:<module>:190 - 0.734	0.738	0.8	0.768
2022-10-22 09:16:39.777 | WARNING  | __main__:<module>:196 - accuracy		mean:0.748	std:0.027
2022-10-22 09:16:39.779 | WARNING  | __main__:<module>:198 - precision		mean:0.752	std:0.018
2022-10-22 09:16:39.782 | WARNING  | __main__:<module>:200 - recall		mean:0.811	std:0.053
2022-10-22 09:16:39.785 | WARNING  | __main__:<module>:202 - f1		mean:0.78	std:0.028
