2022-10-18 10:44:35.302 | INFO     | __main__:<module>:62 - 使用嵌入法进行特征选择,剩余(1093, 46)个特征
2022-10-18 10:44:35.304 | INFO     | __main__:<module>:98 - 使用 SMOTETomek 混合采样
2022-10-18 10:44:35.353 | INFO     | __main__:<module>:103 - 数据平衡前：非DPN组有490条,DPN组有603条
2022-10-18 10:44:35.356 | INFO     | __main__:<module>:104 - 数据平衡后：非DPN组有561条,DPN组有561条
2022-10-18 10:45:38.223 | INFO     | __main__:<module>:62 - 使用嵌入法进行特征选择,剩余(1093, 45)个特征
2022-10-18 10:45:38.224 | INFO     | __main__:<module>:98 - 使用 SMOTETomek 混合采样
2022-10-18 10:45:38.256 | INFO     | __main__:<module>:103 - 数据平衡前：非DPN组有490条,DPN组有603条
2022-10-18 10:45:38.258 | INFO     | __main__:<module>:104 - 数据平衡后：非DPN组有563条,DPN组有563条
2022-10-18 10:46:54.750 | INFO     | __main__:<module>:62 - 使用嵌入法进行特征选择,剩余(1093, 45)个特征
2022-10-18 10:46:54.751 | INFO     | __main__:<module>:98 - 使用 SMOTETomek 混合采样
2022-10-18 10:46:54.784 | INFO     | __main__:<module>:103 - 数据平衡前：非DPN组有490条,DPN组有603条
2022-10-18 10:46:54.786 | INFO     | __main__:<module>:104 - 数据平衡后：非DPN组有563条,DPN组有563条
2022-10-18 10:47:29.420 | INFO     | __main__:<module>:62 - 使用嵌入法进行特征选择,剩余(1093, 45)个特征
2022-10-18 10:47:29.422 | INFO     | __main__:<module>:98 - 使用 SMOTETomek 混合采样
2022-10-18 10:47:29.454 | INFO     | __main__:<module>:103 - 数据平衡前：非DPN组有490条,DPN组有603条
2022-10-18 10:47:29.457 | INFO     | __main__:<module>:104 - 数据平衡后：非DPN组有563条,DPN组有563条
2022-10-18 10:47:43.824 | INFO     | __main__:<module>:136 - {'max_depth': 3, 'grow_policy': 'depthwise', 'learning_rate': 0.20889736833966832, 'gamma': 4.6342221917203144e-06, 'reg_lambda': 4.860018425779352e-05, 'reg_alpha': 7.3020854373991e-05, 'subsample': 0.9910730002532813, 'colsample_bytree': 0.41217450820806706}
2022-10-18 10:47:43.952 | WARNING  | __main__:<module>:151 - 0.773	0.757	0.869	0.809
2022-10-18 10:47:44.679 | WARNING  | __main__:<module>:151 - 0.709	0.723	0.77	0.746
2022-10-18 10:47:45.411 | WARNING  | __main__:<module>:151 - 0.755	0.75	0.836	0.791
2022-10-18 10:47:46.086 | WARNING  | __main__:<module>:151 - 0.706	0.719	0.767	0.742
2022-10-18 10:47:46.790 | WARNING  | __main__:<module>:151 - 0.807	0.8	0.867	0.832
2022-10-18 10:47:47.465 | WARNING  | __main__:<module>:151 - 0.734	0.754	0.767	0.76
2022-10-18 10:47:48.127 | WARNING  | __main__:<module>:151 - 0.78	0.75	0.9	0.818
2022-10-18 10:47:48.810 | WARNING  | __main__:<module>:151 - 0.761	0.793	0.767	0.78
2022-10-18 10:47:49.487 | WARNING  | __main__:<module>:151 - 0.716	0.738	0.75	0.744
2022-10-18 10:47:50.159 | WARNING  | __main__:<module>:151 - 0.771	0.761	0.85	0.803
2022-10-18 10:47:50.731 | WARNING  | __main__:<module>:157 - accuracy		mean:0.751	std:0.032
2022-10-18 10:47:50.733 | WARNING  | __main__:<module>:159 - precision		mean:0.755	std:0.025
2022-10-18 10:47:50.734 | WARNING  | __main__:<module>:161 - recall		mean:0.814	std:0.053
2022-10-18 10:47:50.735 | WARNING  | __main__:<module>:163 - f1		mean:0.782	std:0.031
2022-10-18 11:09:39.500 | INFO     | __main__:<module>:62 - 使用嵌入法进行特征选择,剩余(1093, 45)个特征
2022-10-18 11:09:39.502 | INFO     | __main__:<module>:98 - 使用 SMOTETomek 混合采样
2022-10-18 11:09:39.543 | INFO     | __main__:<module>:103 - 数据平衡前：非DPN组有490条,DPN组有603条
2022-10-18 11:09:39.546 | INFO     | __main__:<module>:104 - 数据平衡后：非DPN组有563条,DPN组有563条
2022-10-18 11:09:58.991 | INFO     | __main__:<module>:136 - {'max_depth': 8, 'grow_policy': 'depthwise', 'learning_rate': 1.0184120074464758e-08, 'gamma': 0.0001525426326053097, 'reg_lambda': 1.0408073340980997e-06, 'reg_alpha': 0.0014543135705650787, 'subsample': 0.9235274440544697, 'colsample_bytree': 0.3029055690437408}
2022-10-18 11:09:59.164 | WARNING  | __main__:<module>:151 - 0.709	0.71	0.803	0.754
2022-10-18 11:10:36.863 | INFO     | __main__:<module>:62 - 使用嵌入法进行特征选择,剩余(1093, 45)个特征
2022-10-18 11:10:36.864 | INFO     | __main__:<module>:98 - 使用 SMOTETomek 混合采样
2022-10-18 11:10:36.899 | INFO     | __main__:<module>:103 - 数据平衡前：非DPN组有490条,DPN组有603条
2022-10-18 11:10:36.901 | INFO     | __main__:<module>:104 - 数据平衡后：非DPN组有563条,DPN组有563条
2022-10-18 11:10:54.988 | INFO     | __main__:<module>:136 - {'max_depth': 7, 'grow_policy': 'lossguide', 'learning_rate': 0.2094934104753347, 'gamma': 0.0010929566855635573, 'reg_lambda': 5.682139558476734e-05, 'reg_alpha': 0.0009307775363612841, 'subsample': 0.3806481601799664, 'colsample_bytree': 0.5851327025210886}
2022-10-18 11:10:55.138 | WARNING  | __main__:<module>:151 - 0.755	0.743	0.852	0.794
2022-10-18 11:10:55.934 | WARNING  | __main__:<module>:151 - 0.7	0.719	0.754	0.736
2022-10-18 11:10:56.733 | WARNING  | __main__:<module>:151 - 0.709	0.73	0.754	0.742
2022-10-18 11:10:57.548 | WARNING  | __main__:<module>:151 - 0.734	0.738	0.8	0.768
2022-10-18 11:10:58.353 | WARNING  | __main__:<module>:151 - 0.789	0.825	0.783	0.803
2022-10-18 11:10:59.137 | WARNING  | __main__:<module>:151 - 0.688	0.732	0.683	0.707
2022-10-18 11:10:59.925 | WARNING  | __main__:<module>:151 - 0.771	0.787	0.8	0.793
2022-10-18 11:11:00.770 | WARNING  | __main__:<module>:151 - 0.706	0.719	0.767	0.742
2022-10-18 11:11:01.577 | WARNING  | __main__:<module>:151 - 0.688	0.717	0.717	0.717
2022-10-18 11:11:02.369 | WARNING  | __main__:<module>:151 - 0.78	0.781	0.833	0.806
2022-10-18 11:11:03.018 | WARNING  | __main__:<module>:158 - accuracy		mean:0.732	std:0.037
2022-10-18 11:11:03.020 | WARNING  | __main__:<module>:160 - precision		mean:0.749	std:0.034
2022-10-18 11:11:03.022 | WARNING  | __main__:<module>:162 - recall		mean:0.774	std:0.048
2022-10-18 11:11:03.024 | WARNING  | __main__:<module>:164 - f1		mean:0.761	std:0.035
2022-10-18 11:15:39.526 | INFO     | __main__:<module>:62 - 使用嵌入法进行特征选择,剩余(1093, 45)个特征
2022-10-18 11:15:39.528 | INFO     | __main__:<module>:98 - 使用 SMOTETomek 混合采样
2022-10-18 11:15:39.571 | INFO     | __main__:<module>:103 - 数据平衡前：非DPN组有490条,DPN组有603条
2022-10-18 11:15:39.574 | INFO     | __main__:<module>:104 - 数据平衡后：非DPN组有563条,DPN组有563条
2022-10-18 11:15:57.506 | INFO     | __main__:<module>:136 - {'max_depth': 10, 'grow_policy': 'depthwise', 'learning_rate': 0.3228499571262152, 'gamma': 2.011632786185617e-08, 'reg_lambda': 6.299901610396817e-08, 'reg_alpha': 1.2685047209053002e-05, 'subsample': 0.46894499816755997, 'colsample_bytree': 0.5103748742668779}
2022-10-18 11:15:57.668 | WARNING  | __main__:<module>:151 - 0.755	0.758	0.82	0.787
2022-10-18 11:15:58.506 | WARNING  | __main__:<module>:151 - 0.682	0.703	0.738	0.72
2022-10-18 11:15:59.558 | WARNING  | __main__:<module>:151 - 0.764	0.778	0.803	0.79
2022-10-18 11:16:00.863 | WARNING  | __main__:<module>:151 - 0.716	0.73	0.767	0.748
2022-10-18 11:16:02.385 | WARNING  | __main__:<module>:151 - 0.725	0.727	0.8	0.762
2022-10-18 11:16:04.123 | WARNING  | __main__:<module>:151 - 0.697	0.729	0.717	0.723
2022-10-18 11:16:06.153 | WARNING  | __main__:<module>:151 - 0.807	0.81	0.85	0.829
2022-10-18 11:16:08.344 | WARNING  | __main__:<module>:151 - 0.743	0.767	0.767	0.767
2022-10-18 11:16:10.825 | WARNING  | __main__:<module>:151 - 0.697	0.729	0.717	0.723
2022-10-18 11:16:13.760 | WARNING  | __main__:<module>:151 - 0.688	0.697	0.767	0.73
2022-10-18 11:16:16.651 | WARNING  | __main__:<module>:158 - accuracy		mean:0.727	std:0.038
2022-10-18 11:16:16.653 | WARNING  | __main__:<module>:160 - precision		mean:0.743	std:0.033
2022-10-18 11:16:16.655 | WARNING  | __main__:<module>:162 - recall		mean:0.774	std:0.042
2022-10-18 11:16:16.657 | WARNING  | __main__:<module>:164 - f1		mean:0.758	std:0.034
2022-10-18 11:17:26.148 | INFO     | __main__:<module>:62 - 使用嵌入法进行特征选择,剩余(1093, 45)个特征
2022-10-18 11:17:26.150 | INFO     | __main__:<module>:98 - 使用 SMOTETomek 混合采样
2022-10-18 11:17:26.189 | INFO     | __main__:<module>:103 - 数据平衡前：非DPN组有490条,DPN组有603条
2022-10-18 11:17:26.192 | INFO     | __main__:<module>:104 - 数据平衡后：非DPN组有563条,DPN组有563条
2022-10-18 11:17:46.143 | INFO     | __main__:<module>:136 - {'max_depth': 10, 'grow_policy': 'depthwise', 'learning_rate': 0.15702334844912158, 'gamma': 1.3093750721753414e-06, 'reg_lambda': 1.498846402042267e-08, 'reg_alpha': 2.051712213560045e-06, 'subsample': 0.7338038578799719, 'colsample_bytree': 0.3863907709455505}
2022-10-18 11:17:46.332 | WARNING  | __main__:<module>:151 - 0.7	0.706	0.787	0.744
2022-10-18 11:17:47.273 | WARNING  | __main__:<module>:151 - 0.736	0.758	0.77	0.764
2022-10-18 11:17:48.199 | WARNING  | __main__:<module>:151 - 0.755	0.766	0.803	0.784
2022-10-18 11:17:49.106 | WARNING  | __main__:<module>:151 - 0.78	0.8	0.8	0.8
2022-10-18 11:17:50.062 | WARNING  | __main__:<module>:151 - 0.78	0.757	0.883	0.815
2022-10-18 11:17:51.026 | WARNING  | __main__:<module>:151 - 0.78	0.8	0.8	0.8
2022-10-18 11:17:51.952 | WARNING  | __main__:<module>:151 - 0.752	0.746	0.833	0.787
2022-10-18 11:17:52.887 | WARNING  | __main__:<module>:151 - 0.734	0.782	0.717	0.748
2022-10-18 11:17:53.867 | WARNING  | __main__:<module>:151 - 0.743	0.767	0.767	0.767
2022-10-18 11:17:54.814 | WARNING  | __main__:<module>:151 - 0.78	0.765	0.867	0.812
2022-10-18 11:17:55.625 | WARNING  | __main__:<module>:158 - accuracy		mean:0.754	std:0.025
2022-10-18 11:17:55.627 | WARNING  | __main__:<module>:160 - precision		mean:0.765	std:0.026
2022-10-18 11:17:55.628 | WARNING  | __main__:<module>:162 - recall		mean:0.803	std:0.046
2022-10-18 11:17:55.630 | WARNING  | __main__:<module>:164 - f1		mean:0.782	std:0.024
2022-10-18 11:18:22.495 | INFO     | __main__:<module>:62 - 使用嵌入法进行特征选择,剩余(1093, 65)个特征
2022-10-18 11:18:22.498 | INFO     | __main__:<module>:98 - 使用 SMOTETomek 混合采样
2022-10-18 11:18:22.544 | INFO     | __main__:<module>:103 - 数据平衡前：非DPN组有490条,DPN组有603条
2022-10-18 11:18:22.548 | INFO     | __main__:<module>:104 - 数据平衡后：非DPN组有566条,DPN组有566条
2022-10-18 11:18:42.572 | INFO     | __main__:<module>:136 - {'max_depth': 9, 'grow_policy': 'depthwise', 'learning_rate': 4.228105967180712e-08, 'gamma': 0.7752387389687173, 'reg_lambda': 1.1853729410147095e-08, 'reg_alpha': 2.0515544077110773e-05, 'subsample': 0.45995993324779383, 'colsample_bytree': 0.27000162777164655}
2022-10-18 11:18:42.788 | WARNING  | __main__:<module>:151 - 0.736	0.735	0.82	0.775
2022-10-18 11:18:43.872 | WARNING  | __main__:<module>:151 - 0.755	0.758	0.82	0.787
2022-10-18 11:18:44.909 | WARNING  | __main__:<module>:151 - 0.727	0.731	0.803	0.766
2022-10-18 11:18:45.978 | WARNING  | __main__:<module>:151 - 0.78	0.757	0.883	0.815
2022-10-18 11:18:47.047 | WARNING  | __main__:<module>:151 - 0.807	0.76	0.95	0.844
2022-10-18 11:18:48.092 | WARNING  | __main__:<module>:151 - 0.743	0.742	0.817	0.778
2022-10-18 11:18:49.172 | WARNING  | __main__:<module>:151 - 0.844	0.821	0.917	0.866
2022-10-18 11:18:50.230 | WARNING  | __main__:<module>:151 - 0.734	0.763	0.75	0.756
2022-10-18 11:18:51.285 | WARNING  | __main__:<module>:151 - 0.771	0.769	0.833	0.8
2022-10-18 11:18:52.371 | WARNING  | __main__:<module>:151 - 0.798	0.788	0.867	0.825
2022-10-18 11:18:53.269 | WARNING  | __main__:<module>:158 - accuracy		mean:0.77	std:0.036
2022-10-18 11:18:53.272 | WARNING  | __main__:<module>:160 - precision		mean:0.762	std:0.025
2022-10-18 11:18:53.273 | WARNING  | __main__:<module>:162 - recall		mean:0.846	std:0.056
2022-10-18 11:18:53.274 | WARNING  | __main__:<module>:164 - f1		mean:0.801	std:0.034
