2022-10-18 11:17:26.148 | INFO     | __main__:<module>:62 - 使用嵌入法进行特征选择,剩余(1093, 45)个特征
2022-10-18 11:17:26.150 | INFO     | __main__:<module>:98 - 使用 SMOTETomek 混合采样
2022-10-18 11:17:26.189 | INFO     | __main__:<module>:103 - 数据平衡前：非DPN组有490条,DPN组有603条
2022-10-18 11:17:26.192 | INFO     | __main__:<module>:104 - 数据平衡后：非DPN组有563条,DPN组有563条
2022-10-18 11:17:46.143 | INFO     | __main__:<module>:136 - {'max_depth': 10, 'grow_policy': 'depthwise', 'learning_rate': 0.15702334844912158, 'gamma': 1.3093750721753414e-06, 'reg_lambda': 1.498846402042267e-08, 'reg_alpha': 2.051712213560045e-06, 'subsample': 0.7338038578799719, 'colsample_bytree': 0.3863907709455505}
2022-10-18 11:17:46.332 | WARNING  | __main__:<module>:151 - 0.7	0.706	0.787	0.744
2022-10-18 11:17:47.273 | WARNING  | __main__:<module>:151 - 0.736	0.758	0.77	0.764
2022-10-18 11:17:48.199 | WARNING  | __main__:<module>:151 - 0.755	0.766	0.803	0.784
2022-10-18 11:17:49.106 | WARNING  | __main__:<module>:151 - 0.78	0.8	0.8	0.8
2022-10-18 11:17:50.062 | WARNING  | __main__:<module>:151 - 0.78	0.757	0.883	0.815
2022-10-18 11:17:51.026 | WARNING  | __main__:<module>:151 - 0.78	0.8	0.8	0.8
2022-10-18 11:17:51.952 | WARNING  | __main__:<module>:151 - 0.752	0.746	0.833	0.787
2022-10-18 11:17:52.887 | WARNING  | __main__:<module>:151 - 0.734	0.782	0.717	0.748
2022-10-18 11:17:53.867 | WARNING  | __main__:<module>:151 - 0.743	0.767	0.767	0.767
2022-10-18 11:17:54.814 | WARNING  | __main__:<module>:151 - 0.78	0.765	0.867	0.812
2022-10-18 11:17:55.625 | WARNING  | __main__:<module>:158 - accuracy		mean:0.754	std:0.025
2022-10-18 11:17:55.627 | WARNING  | __main__:<module>:160 - precision		mean:0.765	std:0.026
2022-10-18 11:17:55.628 | WARNING  | __main__:<module>:162 - recall		mean:0.803	std:0.046
2022-10-18 11:17:55.630 | WARNING  | __main__:<module>:164 - f1		mean:0.782	std:0.024
2022-10-18 11:18:22.495 | INFO     | __main__:<module>:62 - 使用嵌入法进行特征选择,剩余(1093, 65)个特征
2022-10-18 11:18:22.498 | INFO     | __main__:<module>:98 - 使用 SMOTETomek 混合采样
2022-10-18 11:18:22.544 | INFO     | __main__:<module>:103 - 数据平衡前：非DPN组有490条,DPN组有603条
2022-10-18 11:18:22.548 | INFO     | __main__:<module>:104 - 数据平衡后：非DPN组有566条,DPN组有566条
2022-10-18 11:18:42.572 | INFO     | __main__:<module>:136 - {'max_depth': 9, 'grow_policy': 'depthwise', 'learning_rate': 4.228105967180712e-08, 'gamma': 0.7752387389687173, 'reg_lambda': 1.1853729410147095e-08, 'reg_alpha': 2.0515544077110773e-05, 'subsample': 0.45995993324779383, 'colsample_bytree': 0.27000162777164655}
2022-10-18 11:18:42.788 | WARNING  | __main__:<module>:151 - 0.736	0.735	0.82	0.775
2022-10-18 11:18:43.872 | WARNING  | __main__:<module>:151 - 0.755	0.758	0.82	0.787
2022-10-18 11:18:44.909 | WARNING  | __main__:<module>:151 - 0.727	0.731	0.803	0.766
2022-10-18 11:18:45.978 | WARNING  | __main__:<module>:151 - 0.78	0.757	0.883	0.815
2022-10-18 11:18:47.047 | WARNING  | __main__:<module>:151 - 0.807	0.76	0.95	0.844
2022-10-18 11:18:48.092 | WARNING  | __main__:<module>:151 - 0.743	0.742	0.817	0.778
2022-10-18 11:18:49.172 | WARNING  | __main__:<module>:151 - 0.844	0.821	0.917	0.866
2022-10-18 11:18:50.230 | WARNING  | __main__:<module>:151 - 0.734	0.763	0.75	0.756
2022-10-18 11:18:51.285 | WARNING  | __main__:<module>:151 - 0.771	0.769	0.833	0.8
2022-10-18 11:18:52.371 | WARNING  | __main__:<module>:151 - 0.798	0.788	0.867	0.825
2022-10-18 11:18:53.269 | WARNING  | __main__:<module>:158 - accuracy		mean:0.77	std:0.036
2022-10-18 11:18:53.272 | WARNING  | __main__:<module>:160 - precision		mean:0.762	std:0.025
2022-10-18 11:18:53.273 | WARNING  | __main__:<module>:162 - recall		mean:0.846	std:0.056
2022-10-18 11:18:53.274 | WARNING  | __main__:<module>:164 - f1		mean:0.801	std:0.034
