2022-10-29 14:36:39.490 | INFO     | __main__:<module>:80 - 使用嵌入法 RandomForestClassifier 进行特征选择,剩余(1278, 16)个特征
2022-10-29 14:36:39.491 | INFO     | __main__:<module>:90 - 剩余的特征是：['年龄', '血红蛋白', '白蛋白', '总胆红素', '尿素', '肌酐', '尿酸', '总胆固醇', '糖化血红蛋白', '活化部分凝血活酶时间（APTT）', '尿蛋白定量', '24h尿蛋白定量', '病程', 'C2/C0', 'NLR', '胰岛素抵抗指数']
2022-10-29 14:36:39.508 | INFO     | __main__:<module>:111 - 使用 SMOTETomek 混合采样
2022-10-29 14:36:39.510 | INFO     | __main__:<module>:115 - 数据平衡前：非DPN组有530条,DPN组有748条
2022-10-29 14:36:39.557 | INFO     | __main__:<module>:117 - 数据平衡后：非DPN组有700条,DPN组有700条
2022-10-29 14:43:39.067 | INFO     | __main__:<module>:28 - 调参结束，最佳结果为:0.8
2022-10-29 14:43:39.069 | INFO     | __main__:<module>:29 - 调参结束，最佳参数为:{'n_estimators': 250, 'max_depth': 8, 'grow_policy': 'lossguide', 'learning_rate': 0.16988838433253076, 'gamma': 0.8731716765537924, 'reg_lambda': 0.0013501913428471217, 'reg_alpha': 0.0003173545927786465, 'subsample': 0.8207157400822733, 'colsample_bytree': 0.6604573433687222}
2022-10-29 14:43:39.186 | WARNING  | __main__:<module>:24 - {'estimator__bootstrap': True, 'estimator__ccp_alpha': 0.0, 'estimator__class_weight': None, 'estimator__criterion': 'gini', 'estimator__max_depth': 9, 'estimator__max_features': 'auto', 'estimator__max_leaf_nodes': None, 'estimator__max_samples': None, 'estimator__min_impurity_decrease': 0.0, 'estimator__min_impurity_split': None, 'estimator__min_samples_leaf': 1, 'estimator__min_samples_split': 2, 'estimator__min_weight_fraction_leaf': 0.0, 'estimator__n_estimators': 200, 'estimator__n_jobs': None, 'estimator__oob_score': False, 'estimator__random_state': 43, 'estimator__verbose': 0, 'estimator__warm_start': False, 'estimator': RandomForestClassifier(max_depth=9, n_estimators=200, random_state=43), 'importance_getter': 'auto', 'max_features': None, 'norm_order': 1, 'prefit': True, 'threshold': None}
2022-10-29 14:43:39.792 | WARNING  | __main__:<module>:38 - 0.7	0.726	0.643	0.682
2022-10-29 14:43:40.086 | WARNING  | __main__:<module>:38 - 0.814	0.844	0.771	0.806
2022-10-29 14:43:40.388 | WARNING  | __main__:<module>:38 - 0.721	0.725	0.714	0.719
2022-10-29 14:43:40.702 | WARNING  | __main__:<module>:38 - 0.764	0.776	0.743	0.759
2022-10-29 14:43:41.037 | WARNING  | __main__:<module>:38 - 0.743	0.758	0.714	0.735
2022-10-29 14:43:41.342 | WARNING  | __main__:<module>:38 - 0.779	0.783	0.771	0.777
2022-10-29 14:43:41.648 | WARNING  | __main__:<module>:38 - 0.743	0.774	0.686	0.727
2022-10-29 14:43:41.940 | WARNING  | __main__:<module>:38 - 0.779	0.81	0.729	0.767
2022-10-29 14:43:42.231 | WARNING  | __main__:<module>:38 - 0.771	0.771	0.771	0.771
2022-10-29 14:43:42.537 | WARNING  | __main__:<module>:38 - 0.807	0.831	0.771	0.8
2022-10-29 14:43:42.539 | WARNING  | __main__:<module>:40 - accuracy		mean:0.762	std:0.034
2022-10-29 14:43:42.541 | WARNING  | __main__:<module>:41 - precision		mean:0.78	std:0.038
2022-10-29 14:43:42.543 | WARNING  | __main__:<module>:42 - recall		mean:0.731	std:0.041
2022-10-29 14:43:42.545 | WARNING  | __main__:<module>:43 - f1		mean:0.754	std:0.036
2022-10-29 14:44:03.100 | INFO     | __main__:<module>:21 - 调参结束，最佳结果为:0.7571428571428571
2022-10-29 14:44:03.101 | INFO     | __main__:<module>:22 - 调参结束，最佳参数为:{'C': 0.965439666333602, 'gamma': 0.44827551216506734}
2022-10-29 14:44:03.171 | WARNING  | __main__:<module>:8 - {'C': 0.965439666333602, 'break_ties': False, 'cache_size': 200, 'class_weight': None, 'coef0': 0.0, 'decision_function_shape': 'ovr', 'degree': 3, 'gamma': 0.44827551216506734, 'kernel': 'rbf', 'max_iter': -1, 'probability': False, 'random_state': None, 'shrinking': True, 'tol': 0.001, 'verbose': False}
2022-10-29 14:44:03.274 | WARNING  | __main__:<module>:21 - 0.736	0.72	0.771	0.745
2022-10-29 14:44:03.388 | WARNING  | __main__:<module>:21 - 0.764	0.718	0.871	0.787
2022-10-29 14:44:03.483 | WARNING  | __main__:<module>:21 - 0.836	0.813	0.871	0.841
2022-10-29 14:44:03.573 | WARNING  | __main__:<module>:21 - 0.764	0.723	0.857	0.784
2022-10-29 14:44:03.664 | WARNING  | __main__:<module>:21 - 0.779	0.767	0.8	0.783
2022-10-29 14:44:03.752 | WARNING  | __main__:<module>:21 - 0.807	0.787	0.843	0.814
2022-10-29 14:44:03.842 | WARNING  | __main__:<module>:21 - 0.764	0.747	0.8	0.772
2022-10-29 14:44:03.933 | WARNING  | __main__:<module>:21 - 0.807	0.831	0.771	0.8
2022-10-29 14:44:04.023 | WARNING  | __main__:<module>:21 - 0.786	0.763	0.829	0.795
2022-10-29 14:44:04.107 | WARNING  | __main__:<module>:21 - 0.764	0.728	0.843	0.781
2022-10-29 14:44:04.109 | WARNING  | __main__:<module>:23 - accuracy		mean:0.781	std:0.027
2022-10-29 14:44:04.110 | WARNING  | __main__:<module>:24 - precision		mean:0.76	std:0.038
2022-10-29 14:44:04.111 | WARNING  | __main__:<module>:25 - recall		mean:0.826	std:0.036
2022-10-29 14:44:04.113 | WARNING  | __main__:<module>:26 - f1		mean:0.79	std:0.024
2022-10-29 18:38:53.284 | INFO     | __main__:<module>:21 - 调参结束，最佳结果为:0.7642857142857142
2022-10-29 18:38:53.287 | INFO     | __main__:<module>:22 - 调参结束，最佳参数为:{'C': 0.9820434969352408, 'gamma': 0.5743752075959343}
2022-10-29 18:38:57.726 | WARNING  | __main__:<module>:8 - {'C': 0.9820434969352408, 'break_ties': False, 'cache_size': 200, 'class_weight': None, 'coef0': 0.0, 'decision_function_shape': 'ovr', 'degree': 3, 'gamma': 0.5743752075959343, 'kernel': 'rbf', 'max_iter': -1, 'probability': False, 'random_state': None, 'shrinking': True, 'tol': 0.001, 'verbose': False}
2022-10-29 18:38:57.836 | WARNING  | __main__:<module>:21 - 0.743	0.718	0.8	0.757
2022-10-29 18:38:57.927 | WARNING  | __main__:<module>:21 - 0.771	0.716	0.9	0.797
2022-10-29 18:38:58.016 | WARNING  | __main__:<module>:21 - 0.821	0.792	0.871	0.83
2022-10-29 18:38:58.106 | WARNING  | __main__:<module>:21 - 0.75	0.706	0.857	0.774
2022-10-29 18:38:58.197 | WARNING  | __main__:<module>:21 - 0.8	0.776	0.843	0.808
2022-10-29 18:38:58.291 | WARNING  | __main__:<module>:21 - 0.8	0.762	0.871	0.813
2022-10-29 18:38:58.382 | WARNING  | __main__:<module>:21 - 0.779	0.747	0.843	0.792
2022-10-29 18:38:58.473 | WARNING  | __main__:<module>:21 - 0.829	0.811	0.857	0.833
2022-10-29 18:38:58.563 | WARNING  | __main__:<module>:21 - 0.786	0.75	0.857	0.8
2022-10-29 18:38:58.655 | WARNING  | __main__:<module>:21 - 0.764	0.718	0.871	0.787
2022-10-29 18:38:58.658 | WARNING  | __main__:<module>:23 - accuracy		mean:0.784	std:0.027
2022-10-29 18:38:58.660 | WARNING  | __main__:<module>:24 - precision		mean:0.75	std:0.034
2022-10-29 18:38:58.661 | WARNING  | __main__:<module>:25 - recall		mean:0.857	std:0.025
2022-10-29 18:38:58.662 | WARNING  | __main__:<module>:26 - f1		mean:0.799	std:0.022
2022-10-29 18:39:31.165 | WARNING  | __main__:<module>:8 - {'C': 0.9820434969352408, 'break_ties': False, 'cache_size': 200, 'class_weight': None, 'coef0': 0.0, 'decision_function_shape': 'ovr', 'degree': 3, 'gamma': 0.5743752075959343, 'kernel': 'rbf', 'max_iter': -1, 'probability': False, 'random_state': None, 'shrinking': True, 'tol': 0.001, 'verbose': False}
2022-10-29 18:39:31.283 | WARNING  | __main__:<module>:21 - 0.743	0.718	0.8	0.757
2022-10-29 18:39:31.375 | WARNING  | __main__:<module>:21 - 0.771	0.716	0.9	0.797
2022-10-29 18:39:31.465 | WARNING  | __main__:<module>:21 - 0.821	0.792	0.871	0.83
2022-10-29 18:39:31.555 | WARNING  | __main__:<module>:21 - 0.75	0.706	0.857	0.774
2022-10-29 18:39:31.646 | WARNING  | __main__:<module>:21 - 0.8	0.776	0.843	0.808
2022-10-29 18:39:31.736 | WARNING  | __main__:<module>:21 - 0.8	0.762	0.871	0.813
2022-10-29 18:39:31.825 | WARNING  | __main__:<module>:21 - 0.779	0.747	0.843	0.792
2022-10-29 18:39:31.913 | WARNING  | __main__:<module>:21 - 0.829	0.811	0.857	0.833
2022-10-29 18:39:32.003 | WARNING  | __main__:<module>:21 - 0.786	0.75	0.857	0.8
2022-10-29 18:39:32.092 | WARNING  | __main__:<module>:21 - 0.764	0.718	0.871	0.787
2022-10-29 18:39:32.094 | WARNING  | __main__:<module>:23 - accuracy		mean:0.784	std:0.027
2022-10-29 18:39:32.095 | WARNING  | __main__:<module>:24 - precision		mean:0.75	std:0.034
2022-10-29 18:39:32.097 | WARNING  | __main__:<module>:25 - recall		mean:0.857	std:0.025
2022-10-29 18:39:32.098 | WARNING  | __main__:<module>:26 - f1		mean:0.799	std:0.022
2022-10-29 18:39:55.057 | INFO     | __main__:<module>:21 - 调参结束，最佳结果为:0.7607142857142857
2022-10-29 18:39:55.058 | INFO     | __main__:<module>:22 - 调参结束，最佳参数为:{'C': 0.9729596617872626, 'gamma': 0.5371402249399011}
2022-10-29 18:40:00.579 | WARNING  | __main__:<module>:8 - {'C': 0.9729596617872626, 'break_ties': False, 'cache_size': 200, 'class_weight': None, 'coef0': 0.0, 'decision_function_shape': 'ovr', 'degree': 3, 'gamma': 0.5371402249399011, 'kernel': 'rbf', 'max_iter': -1, 'probability': False, 'random_state': None, 'shrinking': True, 'tol': 0.001, 'verbose': False}
2022-10-29 18:40:00.702 | WARNING  | __main__:<module>:21 - 0.75	0.727	0.8	0.762
2022-10-29 18:40:00.796 | WARNING  | __main__:<module>:21 - 0.764	0.713	0.886	0.79
2022-10-29 18:40:00.885 | WARNING  | __main__:<module>:21 - 0.829	0.803	0.871	0.836
2022-10-29 18:40:00.975 | WARNING  | __main__:<module>:21 - 0.764	0.723	0.857	0.784
2022-10-29 18:40:01.067 | WARNING  | __main__:<module>:21 - 0.8	0.776	0.843	0.808
2022-10-29 18:40:01.156 | WARNING  | __main__:<module>:21 - 0.807	0.772	0.871	0.819
2022-10-29 18:40:01.246 | WARNING  | __main__:<module>:21 - 0.764	0.74	0.814	0.776
2022-10-29 18:40:01.337 | WARNING  | __main__:<module>:21 - 0.829	0.819	0.843	0.831
2022-10-29 18:40:01.438 | WARNING  | __main__:<module>:21 - 0.779	0.747	0.843	0.792
2022-10-29 18:40:01.528 | WARNING  | __main__:<module>:21 - 0.764	0.718	0.871	0.787
2022-10-29 18:40:01.529 | WARNING  | __main__:<module>:23 - accuracy		mean:0.785	std:0.027
2022-10-29 18:40:01.532 | WARNING  | __main__:<module>:24 - precision		mean:0.754	std:0.035
2022-10-29 18:40:01.533 | WARNING  | __main__:<module>:25 - recall		mean:0.85	std:0.026
2022-10-29 18:40:01.534 | WARNING  | __main__:<module>:26 - f1		mean:0.798	std:0.023
2022-10-29 18:41:07.705 | INFO     | __main__:<module>:18 - 调参结束，最佳结果为:0.6821428571428572
2022-10-29 18:41:07.706 | INFO     | __main__:<module>:19 - 调参结束，最佳参数为:{'penalty': 'l2', 'C': 0.0006506232383090712, 'max_iter': 1882}
2022-10-29 18:41:11.129 | WARNING  | __main__:<module>:12 - {'C': 0.0006506232383090712, 'class_weight': None, 'dual': False, 'fit_intercept': True, 'intercept_scaling': 1, 'l1_ratio': None, 'max_iter': 1882, 'multi_class': 'auto', 'n_jobs': None, 'penalty': 'l2', 'random_state': None, 'solver': 'lbfgs', 'tol': 0.0001, 'verbose': 0, 'warm_start': False}
2022-10-29 18:41:11.145 | WARNING  | __main__:<module>:25 - 0.671	0.688	0.629	0.657
2022-10-29 18:41:11.158 | WARNING  | __main__:<module>:25 - 0.629	0.645	0.571	0.606
2022-10-29 18:41:11.172 | WARNING  | __main__:<module>:25 - 0.671	0.7	0.6	0.646
2022-10-29 18:41:11.185 | WARNING  | __main__:<module>:25 - 0.679	0.676	0.686	0.681
2022-10-29 18:41:11.198 | WARNING  | __main__:<module>:25 - 0.657	0.653	0.671	0.662
2022-10-29 18:41:11.212 | WARNING  | __main__:<module>:25 - 0.721	0.746	0.671	0.707
2022-10-29 18:41:11.229 | WARNING  | __main__:<module>:25 - 0.736	0.78	0.657	0.713
2022-10-29 18:41:11.246 | WARNING  | __main__:<module>:25 - 0.679	0.676	0.686	0.681
2022-10-29 18:41:11.261 | WARNING  | __main__:<module>:25 - 0.707	0.723	0.671	0.696
2022-10-29 18:41:11.277 | WARNING  | __main__:<module>:25 - 0.736	0.762	0.686	0.722
2022-10-29 18:41:11.279 | WARNING  | __main__:<module>:27 - accuracy		mean:0.689	std:0.034
2022-10-29 18:41:11.281 | WARNING  | __main__:<module>:28 - precision		mean:0.705	std:0.044
2022-10-29 18:41:11.282 | WARNING  | __main__:<module>:29 - recall		mean:0.653	std:0.038
2022-10-29 18:41:11.284 | WARNING  | __main__:<module>:30 - f1		mean:0.677	std:0.034
2022-10-29 18:41:54.420 | INFO     | __main__:<module>:18 - 调参结束，最佳结果为:0.6880952380952381
2022-10-29 18:41:54.422 | INFO     | __main__:<module>:19 - 调参结束，最佳参数为:{'penalty': 'none', 'C': 0.3856279932385604, 'max_iter': 617}
2022-10-29 18:41:59.717 | WARNING  | __main__:<module>:12 - {'C': 0.3856279932385604, 'class_weight': None, 'dual': False, 'fit_intercept': True, 'intercept_scaling': 1, 'l1_ratio': None, 'max_iter': 617, 'multi_class': 'auto', 'n_jobs': None, 'penalty': 'none', 'random_state': None, 'solver': 'lbfgs', 'tol': 0.0001, 'verbose': 0, 'warm_start': False}
2022-10-29 18:41:59.735 | WARNING  | __main__:<module>:25 - 0.629	0.645	0.571	0.606
2022-10-29 18:41:59.751 | WARNING  | __main__:<module>:25 - 0.65	0.657	0.629	0.642
2022-10-29 18:41:59.767 | WARNING  | __main__:<module>:25 - 0.671	0.688	0.629	0.657
2022-10-29 18:41:59.783 | WARNING  | __main__:<module>:25 - 0.671	0.676	0.657	0.667
2022-10-29 18:41:59.805 | WARNING  | __main__:<module>:25 - 0.679	0.671	0.7	0.685
2022-10-29 18:41:59.826 | WARNING  | __main__:<module>:25 - 0.721	0.725	0.714	0.719
2022-10-29 18:41:59.844 | WARNING  | __main__:<module>:25 - 0.7	0.733	0.629	0.677
2022-10-29 18:41:59.863 | WARNING  | __main__:<module>:25 - 0.657	0.649	0.686	0.667
2022-10-29 18:41:59.880 | WARNING  | __main__:<module>:25 - 0.75	0.769	0.714	0.741
2022-10-29 18:41:59.896 | WARNING  | __main__:<module>:25 - 0.743	0.743	0.743	0.743
2022-10-29 18:41:59.898 | WARNING  | __main__:<module>:27 - accuracy		mean:0.687	std:0.038
2022-10-29 18:41:59.899 | WARNING  | __main__:<module>:28 - precision		mean:0.696	std:0.041
2022-10-29 18:41:59.901 | WARNING  | __main__:<module>:29 - recall		mean:0.667	std:0.05
2022-10-29 18:41:59.903 | WARNING  | __main__:<module>:30 - f1		mean:0.68	std:0.041
2022-10-29 18:42:37.592 | WARNING  | __main__:<module>:12 - {'C': 0.3856279932385604, 'class_weight': None, 'dual': False, 'fit_intercept': True, 'intercept_scaling': 1, 'l1_ratio': None, 'max_iter': 617, 'multi_class': 'auto', 'n_jobs': None, 'penalty': 'none', 'random_state': None, 'solver': 'lbfgs', 'tol': 0.0001, 'verbose': 0, 'warm_start': False}
2022-10-29 18:42:37.607 | WARNING  | __main__:<module>:25 - 0.629	0.645	0.571	0.606
2022-10-29 18:42:37.622 | WARNING  | __main__:<module>:25 - 0.65	0.657	0.629	0.642
2022-10-29 18:42:37.636 | WARNING  | __main__:<module>:25 - 0.671	0.688	0.629	0.657
2022-10-29 18:42:37.652 | WARNING  | __main__:<module>:25 - 0.671	0.676	0.657	0.667
2022-10-29 18:42:37.666 | WARNING  | __main__:<module>:25 - 0.679	0.671	0.7	0.685
2022-10-29 18:42:37.680 | WARNING  | __main__:<module>:25 - 0.721	0.725	0.714	0.719
2022-10-29 18:42:37.698 | WARNING  | __main__:<module>:25 - 0.7	0.733	0.629	0.677
2022-10-29 18:42:37.714 | WARNING  | __main__:<module>:25 - 0.657	0.649	0.686	0.667
2022-10-29 18:42:37.734 | WARNING  | __main__:<module>:25 - 0.75	0.769	0.714	0.741
2022-10-29 18:42:37.754 | WARNING  | __main__:<module>:25 - 0.743	0.743	0.743	0.743
2022-10-29 18:42:37.756 | WARNING  | __main__:<module>:27 - accuracy		mean:0.687	std:0.038
2022-10-29 18:42:37.758 | WARNING  | __main__:<module>:28 - precision		mean:0.696	std:0.041
2022-10-29 18:42:37.760 | WARNING  | __main__:<module>:29 - recall		mean:0.667	std:0.05
2022-10-29 18:42:37.762 | WARNING  | __main__:<module>:30 - f1		mean:0.68	std:0.041
2022-10-29 18:45:07.660 | INFO     | __main__:<module>:23 - 调参结束，最佳结果为:0.7392857142857143
2022-10-29 18:45:07.662 | INFO     | __main__:<module>:24 - 调参结束，最佳参数为:{'n_estimators': 210, 'max_depth': 8, 'min_samples_split': 8}
2022-10-29 18:45:15.519 | WARNING  | __main__:<module>:7 - {'estimator__bootstrap': True, 'estimator__ccp_alpha': 0.0, 'estimator__class_weight': None, 'estimator__criterion': 'gini', 'estimator__max_depth': 9, 'estimator__max_features': 'auto', 'estimator__max_leaf_nodes': None, 'estimator__max_samples': None, 'estimator__min_impurity_decrease': 0.0, 'estimator__min_impurity_split': None, 'estimator__min_samples_leaf': 1, 'estimator__min_samples_split': 2, 'estimator__min_weight_fraction_leaf': 0.0, 'estimator__n_estimators': 200, 'estimator__n_jobs': None, 'estimator__oob_score': False, 'estimator__random_state': 43, 'estimator__verbose': 0, 'estimator__warm_start': False, 'estimator': RandomForestClassifier(max_depth=9, n_estimators=200, random_state=43), 'importance_getter': 'auto', 'max_features': None, 'norm_order': 1, 'prefit': True, 'threshold': None}
2022-10-29 18:45:16.002 | WARNING  | __main__:<module>:20 - 0.721	0.792	0.6	0.683
2022-10-29 18:45:16.463 | WARNING  | __main__:<module>:20 - 0.729	0.75	0.686	0.716
2022-10-29 18:45:16.938 | WARNING  | __main__:<module>:20 - 0.686	0.732	0.586	0.651
2022-10-29 18:45:17.399 | WARNING  | __main__:<module>:20 - 0.75	0.797	0.671	0.729
2022-10-29 18:45:17.863 | WARNING  | __main__:<module>:20 - 0.757	0.781	0.714	0.746
2022-10-29 18:45:18.324 | WARNING  | __main__:<module>:20 - 0.779	0.82	0.714	0.763
2022-10-29 18:45:18.786 | WARNING  | __main__:<module>:20 - 0.743	0.783	0.671	0.723
2022-10-29 18:45:19.249 | WARNING  | __main__:<module>:20 - 0.75	0.769	0.714	0.741
2022-10-29 18:45:19.729 | WARNING  | __main__:<module>:20 - 0.757	0.8	0.686	0.738
2022-10-29 18:45:20.194 | WARNING  | __main__:<module>:20 - 0.8	0.809	0.786	0.797
2022-10-29 18:45:20.196 | WARNING  | __main__:<module>:22 - accuracy		mean:0.747	std:0.03
2022-10-29 18:45:20.198 | WARNING  | __main__:<module>:23 - precision		mean:0.783	std:0.025
2022-10-29 18:45:20.199 | WARNING  | __main__:<module>:24 - recall		mean:0.683	std:0.055
2022-10-29 18:45:20.200 | WARNING  | __main__:<module>:25 - f1		mean:0.729	std:0.038
2022-10-29 18:49:29.026 | INFO     | __main__:<module>:21 - 调参结束，最佳结果为:0.7571428571428571
2022-10-29 18:49:29.028 | INFO     | __main__:<module>:22 - 调参结束，最佳参数为:{'activation': 'relu', 'learning_rate': 'constant'}
2022-10-29 18:56:57.322 | WARNING  | __main__:<module>:12 - {'C': 0.3856279932385604, 'class_weight': None, 'dual': False, 'fit_intercept': True, 'intercept_scaling': 1, 'l1_ratio': None, 'max_iter': 617, 'multi_class': 'auto', 'n_jobs': None, 'penalty': 'none', 'random_state': None, 'solver': 'lbfgs', 'tol': 0.0001, 'verbose': 0, 'warm_start': False}
2022-10-29 18:56:58.380 | WARNING  | __main__:<module>:25 - 0.629	0.645	0.571	0.606
2022-10-29 18:56:59.396 | WARNING  | __main__:<module>:25 - 0.729	0.711	0.771	0.74
2022-10-29 18:57:00.407 | WARNING  | __main__:<module>:25 - 0.7	0.733	0.629	0.677
2022-10-29 18:57:01.463 | WARNING  | __main__:<module>:25 - 0.721	0.746	0.671	0.707
2022-10-29 18:57:02.495 | WARNING  | __main__:<module>:25 - 0.771	0.771	0.771	0.771
2022-10-29 18:57:03.505 | WARNING  | __main__:<module>:25 - 0.764	0.753	0.786	0.769
2022-10-29 18:57:04.540 | WARNING  | __main__:<module>:25 - 0.729	0.75	0.686	0.716
2022-10-29 18:57:05.592 | WARNING  | __main__:<module>:25 - 0.736	0.754	0.7	0.726
2022-10-29 18:57:06.627 | WARNING  | __main__:<module>:25 - 0.764	0.768	0.757	0.763
2022-10-29 18:57:07.642 | WARNING  | __main__:<module>:25 - 0.757	0.731	0.814	0.77
2022-10-29 18:57:07.643 | WARNING  | __main__:<module>:27 - accuracy		mean:0.73	std:0.04
2022-10-29 18:57:07.645 | WARNING  | __main__:<module>:28 - precision		mean:0.736	std:0.035
2022-10-29 18:57:07.647 | WARNING  | __main__:<module>:29 - recall		mean:0.716	std:0.074
2022-10-29 18:57:07.648 | WARNING  | __main__:<module>:30 - f1		mean:0.725	std:0.05
2022-10-29 18:59:54.682 | INFO     | __main__:<module>:21 - 调参结束，最佳结果为:0.7571428571428571
2022-10-29 18:59:54.685 | INFO     | __main__:<module>:22 - 调参结束，最佳参数为:{'activation': 'relu', 'learning_rate': 'adaptive'}
2022-10-29 19:00:27.452 | WARNING  | __main__:<module>:12 - {'C': 0.3856279932385604, 'class_weight': None, 'dual': False, 'fit_intercept': True, 'intercept_scaling': 1, 'l1_ratio': None, 'max_iter': 617, 'multi_class': 'auto', 'n_jobs': None, 'penalty': 'none', 'random_state': None, 'solver': 'lbfgs', 'tol': 0.0001, 'verbose': 0, 'warm_start': False}
2022-10-29 19:00:28.516 | WARNING  | __main__:<module>:25 - 0.636	0.656	0.571	0.611
2022-10-29 19:00:29.551 | WARNING  | __main__:<module>:25 - 0.707	0.699	0.729	0.713
2022-10-29 19:00:30.645 | WARNING  | __main__:<module>:25 - 0.671	0.714	0.571	0.635
2022-10-29 19:00:31.708 | WARNING  | __main__:<module>:25 - 0.743	0.758	0.714	0.735
2022-10-29 19:00:32.789 | WARNING  | __main__:<module>:25 - 0.779	0.791	0.757	0.774
2022-10-29 19:00:33.886 | WARNING  | __main__:<module>:25 - 0.764	0.761	0.771	0.766
2022-10-29 19:00:34.912 | WARNING  | __main__:<module>:25 - 0.729	0.758	0.671	0.712
2022-10-29 19:00:35.974 | WARNING  | __main__:<module>:25 - 0.757	0.773	0.729	0.75
2022-10-29 19:00:37.037 | WARNING  | __main__:<module>:25 - 0.757	0.79	0.7	0.742
2022-10-29 19:00:38.053 | WARNING  | __main__:<module>:25 - 0.757	0.72	0.843	0.776
2022-10-29 19:00:38.054 | WARNING  | __main__:<module>:27 - accuracy		mean:0.73	std:0.043
2022-10-29 19:00:38.056 | WARNING  | __main__:<module>:28 - precision		mean:0.742	std:0.041
2022-10-29 19:00:38.057 | WARNING  | __main__:<module>:29 - recall		mean:0.706	std:0.08
2022-10-29 19:00:38.059 | WARNING  | __main__:<module>:30 - f1		mean:0.721	std:0.054
2022-10-29 19:01:03.113 | WARNING  | __main__:<module>:12 - {'C': 0.3856279932385604, 'class_weight': None, 'dual': False, 'fit_intercept': True, 'intercept_scaling': 1, 'l1_ratio': None, 'max_iter': 617, 'multi_class': 'auto', 'n_jobs': None, 'penalty': 'none', 'random_state': None, 'solver': 'lbfgs', 'tol': 0.0001, 'verbose': 0, 'warm_start': False}
2022-10-29 19:01:05.075 | WARNING  | __main__:<module>:25 - 0.707	0.746	0.629	0.682
2022-10-29 19:01:07.142 | WARNING  | __main__:<module>:25 - 0.779	0.8	0.743	0.77
2022-10-29 19:01:09.261 | WARNING  | __main__:<module>:25 - 0.764	0.761	0.771	0.766
2022-10-29 19:01:11.298 | WARNING  | __main__:<module>:25 - 0.729	0.758	0.671	0.712
2022-10-29 19:01:13.247 | WARNING  | __main__:<module>:25 - 0.743	0.736	0.757	0.746
2022-10-29 19:01:15.309 | WARNING  | __main__:<module>:25 - 0.814	0.844	0.771	0.806
2022-10-29 19:01:17.225 | WARNING  | __main__:<module>:25 - 0.75	0.754	0.743	0.748
2022-10-29 19:01:19.373 | WARNING  | __main__:<module>:25 - 0.75	0.778	0.7	0.737
2022-10-29 19:01:21.310 | WARNING  | __main__:<module>:25 - 0.814	0.855	0.757	0.803
2022-10-29 19:01:23.232 | WARNING  | __main__:<module>:25 - 0.807	0.779	0.857	0.816
2022-10-29 19:01:23.235 | WARNING  | __main__:<module>:27 - accuracy		mean:0.766	std:0.035
2022-10-29 19:01:23.236 | WARNING  | __main__:<module>:28 - precision		mean:0.781	std:0.038
2022-10-29 19:01:23.238 | WARNING  | __main__:<module>:29 - recall		mean:0.74	std:0.059
2022-10-29 19:01:23.239 | WARNING  | __main__:<module>:30 - f1		mean:0.759	std:0.041
2022-10-29 19:01:35.059 | WARNING  | __main__:<module>:12 - {'C': 0.3856279932385604, 'class_weight': None, 'dual': False, 'fit_intercept': True, 'intercept_scaling': 1, 'l1_ratio': None, 'max_iter': 617, 'multi_class': 'auto', 'n_jobs': None, 'penalty': 'none', 'random_state': None, 'solver': 'lbfgs', 'tol': 0.0001, 'verbose': 0, 'warm_start': False}
2022-10-29 19:01:36.947 | WARNING  | __main__:<module>:25 - 0.721	0.772	0.629	0.693
2022-10-29 19:01:38.946 | WARNING  | __main__:<module>:25 - 0.793	0.815	0.757	0.785
2022-10-29 19:01:40.867 | WARNING  | __main__:<module>:25 - 0.75	0.754	0.743	0.748
2022-10-29 19:01:42.762 | WARNING  | __main__:<module>:25 - 0.75	0.769	0.714	0.741
2022-10-29 19:01:44.839 | WARNING  | __main__:<module>:25 - 0.714	0.708	0.729	0.718
2022-10-29 19:01:46.854 | WARNING  | __main__:<module>:25 - 0.814	0.855	0.757	0.803
2022-10-29 19:01:48.945 | WARNING  | __main__:<module>:25 - 0.764	0.785	0.729	0.756
2022-10-29 19:01:51.243 | WARNING  | __main__:<module>:25 - 0.757	0.781	0.714	0.746
2022-10-29 19:01:53.087 | WARNING  | __main__:<module>:25 - 0.779	0.8	0.743	0.77
2022-10-29 19:01:55.083 | WARNING  | __main__:<module>:25 - 0.814	0.789	0.857	0.822
2022-10-29 19:01:55.084 | WARNING  | __main__:<module>:27 - accuracy		mean:0.766	std:0.033
2022-10-29 19:01:55.088 | WARNING  | __main__:<module>:28 - precision		mean:0.783	std:0.036
2022-10-29 19:01:55.089 | WARNING  | __main__:<module>:29 - recall		mean:0.737	std:0.053
2022-10-29 19:01:55.091 | WARNING  | __main__:<module>:30 - f1		mean:0.758	std:0.037
2022-10-29 19:02:05.412 | WARNING  | __main__:<module>:12 - {'C': 0.3856279932385604, 'class_weight': None, 'dual': False, 'fit_intercept': True, 'intercept_scaling': 1, 'l1_ratio': None, 'max_iter': 617, 'multi_class': 'auto', 'n_jobs': None, 'penalty': 'none', 'random_state': None, 'solver': 'lbfgs', 'tol': 0.0001, 'verbose': 0, 'warm_start': False}
2022-10-29 19:02:07.375 | WARNING  | __main__:<module>:25 - 0.707	0.746	0.629	0.682
2022-10-29 19:02:09.397 | WARNING  | __main__:<module>:25 - 0.779	0.8	0.743	0.77
2022-10-29 19:02:11.472 | WARNING  | __main__:<module>:25 - 0.764	0.761	0.771	0.766
2022-10-29 19:02:13.511 | WARNING  | __main__:<module>:25 - 0.729	0.758	0.671	0.712
2022-10-29 19:02:15.432 | WARNING  | __main__:<module>:25 - 0.743	0.736	0.757	0.746
2022-10-29 19:02:17.479 | WARNING  | __main__:<module>:25 - 0.814	0.844	0.771	0.806
2022-10-29 19:02:19.433 | WARNING  | __main__:<module>:25 - 0.75	0.754	0.743	0.748
2022-10-29 19:02:21.622 | WARNING  | __main__:<module>:25 - 0.75	0.778	0.7	0.737
2022-10-29 19:02:23.540 | WARNING  | __main__:<module>:25 - 0.814	0.855	0.757	0.803
2022-10-29 19:02:25.464 | WARNING  | __main__:<module>:25 - 0.807	0.779	0.857	0.816
2022-10-29 19:02:25.465 | WARNING  | __main__:<module>:27 - accuracy		mean:0.766	std:0.035
2022-10-29 19:02:25.466 | WARNING  | __main__:<module>:28 - precision		mean:0.781	std:0.038
2022-10-29 19:02:25.468 | WARNING  | __main__:<module>:29 - recall		mean:0.74	std:0.059
2022-10-29 19:02:25.469 | WARNING  | __main__:<module>:30 - f1		mean:0.759	std:0.041
2022-10-29 19:02:36.281 | WARNING  | __main__:<module>:12 - {'C': 0.3856279932385604, 'class_weight': None, 'dual': False, 'fit_intercept': True, 'intercept_scaling': 1, 'l1_ratio': None, 'max_iter': 617, 'multi_class': 'auto', 'n_jobs': None, 'penalty': 'none', 'random_state': None, 'solver': 'lbfgs', 'tol': 0.0001, 'verbose': 0, 'warm_start': False}
2022-10-29 19:02:38.369 | WARNING  | __main__:<module>:25 - 0.729	0.767	0.657	0.708
2022-10-29 19:02:40.551 | WARNING  | __main__:<module>:25 - 0.757	0.737	0.8	0.767
2022-10-29 19:02:42.799 | WARNING  | __main__:<module>:25 - 0.736	0.77	0.671	0.718
2022-10-29 19:02:45.249 | WARNING  | __main__:<module>:25 - 0.757	0.781	0.714	0.746
2022-10-29 19:02:47.395 | WARNING  | __main__:<module>:25 - 0.757	0.757	0.757	0.757
2022-10-29 19:02:49.728 | WARNING  | __main__:<module>:25 - 0.807	0.864	0.729	0.791
2022-10-29 19:02:51.881 | WARNING  | __main__:<module>:25 - 0.743	0.774	0.686	0.727
2022-10-29 19:02:54.256 | WARNING  | __main__:<module>:25 - 0.779	0.82	0.714	0.763
2022-10-29 19:02:56.537 | WARNING  | __main__:<module>:25 - 0.793	0.806	0.771	0.788
2022-10-29 19:02:58.801 | WARNING  | __main__:<module>:25 - 0.8	0.784	0.829	0.806
2022-10-29 19:02:58.803 | WARNING  | __main__:<module>:27 - accuracy		mean:0.766	std:0.026
2022-10-29 19:02:58.805 | WARNING  | __main__:<module>:28 - precision		mean:0.786	std:0.034
2022-10-29 19:02:58.806 | WARNING  | __main__:<module>:29 - recall		mean:0.733	std:0.053
2022-10-29 19:02:58.808 | WARNING  | __main__:<module>:30 - f1		mean:0.757	std:0.031
2022-10-29 19:03:28.608 | WARNING  | __main__:<module>:12 - {'C': 0.3856279932385604, 'class_weight': None, 'dual': False, 'fit_intercept': True, 'intercept_scaling': 1, 'l1_ratio': None, 'max_iter': 617, 'multi_class': 'auto', 'n_jobs': None, 'penalty': 'none', 'random_state': None, 'solver': 'lbfgs', 'tol': 0.0001, 'verbose': 0, 'warm_start': False}
2022-10-29 19:03:30.484 | WARNING  | __main__:<module>:25 - 0.721	0.754	0.657	0.702
2022-10-29 19:03:32.486 | WARNING  | __main__:<module>:25 - 0.764	0.747	0.8	0.772
2022-10-29 19:03:34.581 | WARNING  | __main__:<module>:25 - 0.729	0.758	0.671	0.712
2022-10-29 19:03:36.551 | WARNING  | __main__:<module>:25 - 0.764	0.753	0.786	0.769
2022-10-29 19:03:38.530 | WARNING  | __main__:<module>:25 - 0.75	0.746	0.757	0.752
2022-10-29 19:03:40.468 | WARNING  | __main__:<module>:25 - 0.793	0.825	0.743	0.782
2022-10-29 19:03:42.487 | WARNING  | __main__:<module>:25 - 0.743	0.766	0.7	0.731
2022-10-29 19:03:44.472 | WARNING  | __main__:<module>:25 - 0.757	0.773	0.729	0.75
2022-10-29 19:03:46.392 | WARNING  | __main__:<module>:25 - 0.736	0.789	0.643	0.709
2022-10-29 19:03:48.330 | WARNING  | __main__:<module>:25 - 0.757	0.757	0.757	0.757
2022-10-29 19:03:48.332 | WARNING  | __main__:<module>:27 - accuracy		mean:0.751	std:0.02
2022-10-29 19:03:48.333 | WARNING  | __main__:<module>:28 - precision		mean:0.767	std:0.023
2022-10-29 19:03:48.334 | WARNING  | __main__:<module>:29 - recall		mean:0.724	std:0.052
2022-10-29 19:03:48.336 | WARNING  | __main__:<module>:30 - f1		mean:0.744	std:0.027
2022-10-29 19:04:17.552 | WARNING  | __main__:<module>:12 - {'C': 0.3856279932385604, 'class_weight': None, 'dual': False, 'fit_intercept': True, 'intercept_scaling': 1, 'l1_ratio': None, 'max_iter': 617, 'multi_class': 'auto', 'n_jobs': None, 'penalty': 'none', 'random_state': None, 'solver': 'lbfgs', 'tol': 0.0001, 'verbose': 0, 'warm_start': False}
2022-10-29 19:04:19.139 | WARNING  | __main__:<module>:25 - 0.65	0.691	0.543	0.608
2022-10-29 19:04:20.854 | WARNING  | __main__:<module>:25 - 0.75	0.761	0.729	0.745
2022-10-29 19:04:22.449 | WARNING  | __main__:<module>:25 - 0.743	0.766	0.7	0.731
2022-10-29 19:04:24.111 | WARNING  | __main__:<module>:25 - 0.721	0.746	0.671	0.707
2022-10-29 19:04:25.786 | WARNING  | __main__:<module>:25 - 0.757	0.757	0.757	0.757
2022-10-29 19:04:27.575 | WARNING  | __main__:<module>:25 - 0.807	0.841	0.757	0.797
2022-10-29 19:04:29.291 | WARNING  | __main__:<module>:25 - 0.779	0.82	0.714	0.763
2022-10-29 19:04:30.887 | WARNING  | __main__:<module>:25 - 0.771	0.788	0.743	0.765
2022-10-29 19:04:32.505 | WARNING  | __main__:<module>:25 - 0.764	0.803	0.7	0.748
2022-10-29 19:04:34.250 | WARNING  | __main__:<module>:25 - 0.793	0.836	0.729	0.779
2022-10-29 19:04:34.251 | WARNING  | __main__:<module>:27 - accuracy		mean:0.754	std:0.042
2022-10-29 19:04:34.253 | WARNING  | __main__:<module>:28 - precision		mean:0.781	std:0.044
2022-10-29 19:04:34.254 | WARNING  | __main__:<module>:29 - recall		mean:0.704	std:0.06
2022-10-29 19:04:34.255 | WARNING  | __main__:<module>:30 - f1		mean:0.74	std:0.05
2022-10-29 19:04:42.867 | WARNING  | __main__:<module>:12 - {'C': 0.3856279932385604, 'class_weight': None, 'dual': False, 'fit_intercept': True, 'intercept_scaling': 1, 'l1_ratio': None, 'max_iter': 617, 'multi_class': 'auto', 'n_jobs': None, 'penalty': 'none', 'random_state': None, 'solver': 'lbfgs', 'tol': 0.0001, 'verbose': 0, 'warm_start': False}
2022-10-29 19:04:44.735 | WARNING  | __main__:<module>:25 - 0.721	0.763	0.643	0.698
2022-10-29 19:04:46.530 | WARNING  | __main__:<module>:25 - 0.75	0.74	0.771	0.755
2022-10-29 19:04:48.404 | WARNING  | __main__:<module>:25 - 0.757	0.821	0.657	0.73
2022-10-29 19:04:50.315 | WARNING  | __main__:<module>:25 - 0.693	0.714	0.643	0.677
2022-10-29 19:04:52.324 | WARNING  | __main__:<module>:25 - 0.75	0.746	0.757	0.752
2022-10-29 19:04:54.101 | WARNING  | __main__:<module>:25 - 0.821	0.826	0.814	0.82
2022-10-29 19:04:55.939 | WARNING  | __main__:<module>:25 - 0.743	0.75	0.729	0.739
2022-10-29 19:04:57.592 | WARNING  | __main__:<module>:25 - 0.729	0.776	0.643	0.703
2022-10-29 19:04:59.614 | WARNING  | __main__:<module>:25 - 0.729	0.742	0.7	0.721
2022-10-29 19:05:01.496 | WARNING  | __main__:<module>:25 - 0.821	0.836	0.8	0.818
2022-10-29 19:05:01.497 | WARNING  | __main__:<module>:27 - accuracy		mean:0.751	std:0.039
2022-10-29 19:05:01.499 | WARNING  | __main__:<module>:28 - precision		mean:0.771	std:0.04
2022-10-29 19:05:01.501 | WARNING  | __main__:<module>:29 - recall		mean:0.716	std:0.064
2022-10-29 19:05:01.503 | WARNING  | __main__:<module>:30 - f1		mean:0.741	std:0.045
2022-10-29 19:05:39.848 | INFO     | __main__:<module>:17 - 调参结束，最佳结果为:0.7071428571428572
2022-10-29 19:05:39.850 | INFO     | __main__:<module>:18 - 调参结束，最佳参数为:{'criterion': 'entropy', 'max_depth': 16}
2022-10-29 19:05:45.493 | WARNING  | __main__:<module>:11 - {'ccp_alpha': 0.0, 'class_weight': None, 'criterion': 'entropy', 'max_depth': 16, 'max_features': None, 'max_leaf_nodes': None, 'min_impurity_decrease': 0.0, 'min_impurity_split': None, 'min_samples_leaf': 1, 'min_samples_split': 2, 'min_weight_fraction_leaf': 0.0, 'random_state': None, 'splitter': 'best'}
2022-10-29 19:05:45.525 | WARNING  | __main__:<module>:24 - 0.679	0.712	0.6	0.651
2022-10-29 19:05:45.553 | WARNING  | __main__:<module>:24 - 0.779	0.783	0.771	0.777
2022-10-29 19:05:45.585 | WARNING  | __main__:<module>:24 - 0.693	0.708	0.657	0.681
2022-10-29 19:05:45.615 | WARNING  | __main__:<module>:24 - 0.657	0.672	0.614	0.642
2022-10-29 19:05:45.642 | WARNING  | __main__:<module>:24 - 0.7	0.689	0.729	0.708
2022-10-29 19:05:45.670 | WARNING  | __main__:<module>:24 - 0.671	0.714	0.571	0.635
2022-10-29 19:05:45.700 | WARNING  | __main__:<module>:24 - 0.65	0.667	0.6	0.632
2022-10-29 19:05:45.725 | WARNING  | __main__:<module>:24 - 0.686	0.717	0.614	0.662
2022-10-29 19:05:45.751 | WARNING  | __main__:<module>:24 - 0.686	0.686	0.686	0.686
2022-10-29 19:05:45.777 | WARNING  | __main__:<module>:24 - 0.714	0.727	0.686	0.706
2022-10-29 19:05:45.779 | WARNING  | __main__:<module>:26 - accuracy		mean:0.691	std:0.034
2022-10-29 19:05:45.781 | WARNING  | __main__:<module>:27 - precision		mean:0.707	std:0.032
2022-10-29 19:05:45.782 | WARNING  | __main__:<module>:28 - recall		mean:0.653	std:0.061
2022-10-29 19:05:45.784 | WARNING  | __main__:<module>:29 - f1		mean:0.678	std:0.042
2022-10-29 19:07:20.919 | INFO     | __main__:<module>:21 - 调参结束，最佳结果为:0.7464285714285714
2022-10-29 19:07:20.921 | INFO     | __main__:<module>:22 - 调参结束，最佳参数为:{'C': 0.9778803288816442, 'gamma': 0.09498351901787433}
2022-10-29 19:07:25.816 | WARNING  | __main__:<module>:8 - {'C': 0.9778803288816442, 'break_ties': False, 'cache_size': 200, 'class_weight': None, 'coef0': 0.0, 'decision_function_shape': 'ovr', 'degree': 3, 'gamma': 0.09498351901787433, 'kernel': 'rbf', 'max_iter': -1, 'probability': False, 'random_state': None, 'shrinking': True, 'tol': 0.001, 'verbose': False}
2022-10-29 19:07:25.896 | WARNING  | __main__:<module>:21 - 0.693	0.737	0.6	0.661
2022-10-29 19:07:25.973 | WARNING  | __main__:<module>:21 - 0.729	0.735	0.714	0.725
2022-10-29 19:07:26.044 | WARNING  | __main__:<module>:21 - 0.779	0.831	0.7	0.76
2022-10-29 19:07:26.118 | WARNING  | __main__:<module>:21 - 0.743	0.758	0.714	0.735
2022-10-29 19:07:26.191 | WARNING  | __main__:<module>:21 - 0.714	0.75	0.643	0.692
2022-10-29 19:07:26.264 | WARNING  | __main__:<module>:21 - 0.743	0.804	0.643	0.714
2022-10-29 19:07:26.344 | WARNING  | __main__:<module>:21 - 0.729	0.767	0.657	0.708
2022-10-29 19:07:26.419 | WARNING  | __main__:<module>:21 - 0.721	0.763	0.643	0.698
2022-10-29 19:07:26.494 | WARNING  | __main__:<module>:21 - 0.793	0.815	0.757	0.785
2022-10-29 19:07:26.572 | WARNING  | __main__:<module>:21 - 0.7	0.719	0.657	0.687
2022-10-29 19:07:26.573 | WARNING  | __main__:<module>:23 - accuracy		mean:0.734	std:0.03
2022-10-29 19:07:26.574 | WARNING  | __main__:<module>:24 - precision		mean:0.768	std:0.035
2022-10-29 19:07:26.576 | WARNING  | __main__:<module>:25 - recall		mean:0.673	std:0.044
2022-10-29 19:07:26.577 | WARNING  | __main__:<module>:26 - f1		mean:0.716	std:0.035
2022-10-29 19:09:12.971 | WARNING  | __main__:<module>:11 - {'C': 0.9778803288816442, 'break_ties': False, 'cache_size': 200, 'class_weight': None, 'coef0': 0.0, 'decision_function_shape': 'ovr', 'degree': 3, 'gamma': 0.09498351901787433, 'kernel': 'rbf', 'max_iter': -1, 'probability': True, 'random_state': 43, 'shrinking': True, 'tol': 0.001, 'verbose': False}
2022-10-29 19:09:13.292 | WARNING  | __main__:<module>:24 - 0.693	0.737	0.6	0.661
2022-10-29 19:09:13.595 | WARNING  | __main__:<module>:24 - 0.729	0.735	0.714	0.725
2022-10-29 19:09:13.929 | WARNING  | __main__:<module>:24 - 0.779	0.831	0.7	0.76
2022-10-29 19:09:14.247 | WARNING  | __main__:<module>:24 - 0.743	0.758	0.714	0.735
2022-10-29 19:09:14.594 | WARNING  | __main__:<module>:24 - 0.714	0.75	0.643	0.692
2022-10-29 19:09:14.922 | WARNING  | __main__:<module>:24 - 0.743	0.804	0.643	0.714
2022-10-29 19:09:15.238 | WARNING  | __main__:<module>:24 - 0.729	0.767	0.657	0.708
2022-10-29 19:09:15.552 | WARNING  | __main__:<module>:24 - 0.721	0.763	0.643	0.698
2022-10-29 19:09:15.867 | WARNING  | __main__:<module>:24 - 0.793	0.815	0.757	0.785
2022-10-29 19:09:16.177 | WARNING  | __main__:<module>:24 - 0.7	0.719	0.657	0.687
2022-10-29 19:09:16.178 | WARNING  | __main__:<module>:26 - accuracy		mean:0.734	std:0.03
2022-10-29 19:09:16.180 | WARNING  | __main__:<module>:27 - precision		mean:0.768	std:0.035
2022-10-29 19:09:16.181 | WARNING  | __main__:<module>:28 - recall		mean:0.673	std:0.044
2022-10-29 19:09:16.182 | WARNING  | __main__:<module>:29 - f1		mean:0.716	std:0.035
2022-10-29 19:12:40.111 | INFO     | __main__:<module>:23 - 调参结束，最佳结果为:0.7392857142857143
2022-10-29 19:12:40.113 | INFO     | __main__:<module>:24 - 调参结束，最佳参数为:{'n_estimators': 487, 'max_depth': 10, 'min_samples_split': 7}
2022-10-29 19:12:51.485 | WARNING  | __main__:<module>:11 - {'estimator__bootstrap': True, 'estimator__ccp_alpha': 0.0, 'estimator__class_weight': None, 'estimator__criterion': 'gini', 'estimator__max_depth': 9, 'estimator__max_features': 'auto', 'estimator__max_leaf_nodes': None, 'estimator__max_samples': None, 'estimator__min_impurity_decrease': 0.0, 'estimator__min_impurity_split': None, 'estimator__min_samples_leaf': 1, 'estimator__min_samples_split': 2, 'estimator__min_weight_fraction_leaf': 0.0, 'estimator__n_estimators': 200, 'estimator__n_jobs': None, 'estimator__oob_score': False, 'estimator__random_state': 43, 'estimator__verbose': 0, 'estimator__warm_start': False, 'estimator': RandomForestClassifier(max_depth=9, n_estimators=200, random_state=43), 'importance_getter': 'auto', 'max_features': None, 'norm_order': 1, 'prefit': True, 'threshold': None}
2022-10-29 19:12:52.729 | WARNING  | __main__:<module>:24 - 0.736	0.8	0.629	0.704
2022-10-29 19:12:54.026 | WARNING  | __main__:<module>:24 - 0.729	0.758	0.671	0.712
2022-10-29 19:12:55.264 | WARNING  | __main__:<module>:24 - 0.707	0.754	0.614	0.677
2022-10-29 19:12:56.476 | WARNING  | __main__:<module>:24 - 0.729	0.767	0.657	0.708
2022-10-29 19:12:57.710 | WARNING  | __main__:<module>:24 - 0.743	0.766	0.7	0.731
2022-10-29 19:12:58.979 | WARNING  | __main__:<module>:24 - 0.779	0.82	0.714	0.763
2022-10-29 19:13:00.233 | WARNING  | __main__:<module>:24 - 0.729	0.742	0.7	0.721
2022-10-29 19:13:01.437 | WARNING  | __main__:<module>:24 - 0.786	0.812	0.743	0.776
2022-10-29 19:13:02.595 | WARNING  | __main__:<module>:24 - 0.757	0.8	0.686	0.738
2022-10-29 19:13:03.795 | WARNING  | __main__:<module>:24 - 0.771	0.764	0.786	0.775
2022-10-29 19:13:03.796 | WARNING  | __main__:<module>:26 - accuracy		mean:0.746	std:0.024
2022-10-29 19:13:03.799 | WARNING  | __main__:<module>:27 - precision		mean:0.778	std:0.026
2022-10-29 19:13:03.800 | WARNING  | __main__:<module>:28 - recall		mean:0.69	std:0.049
2022-10-29 19:13:03.801 | WARNING  | __main__:<module>:29 - f1		mean:0.731	std:0.031
2022-10-29 19:13:36.908 | WARNING  | __main__:<module>:11 - {'estimator__bootstrap': True, 'estimator__ccp_alpha': 0.0, 'estimator__class_weight': None, 'estimator__criterion': 'gini', 'estimator__max_depth': 9, 'estimator__max_features': 'auto', 'estimator__max_leaf_nodes': None, 'estimator__max_samples': None, 'estimator__min_impurity_decrease': 0.0, 'estimator__min_impurity_split': None, 'estimator__min_samples_leaf': 1, 'estimator__min_samples_split': 2, 'estimator__min_weight_fraction_leaf': 0.0, 'estimator__n_estimators': 200, 'estimator__n_jobs': None, 'estimator__oob_score': False, 'estimator__random_state': 43, 'estimator__verbose': 0, 'estimator__warm_start': False, 'estimator': RandomForestClassifier(max_depth=9, n_estimators=200, random_state=43), 'importance_getter': 'auto', 'max_features': None, 'norm_order': 1, 'prefit': True, 'threshold': None}
2022-10-29 19:13:38.106 | WARNING  | __main__:<module>:24 - 0.729	0.796	0.614	0.694
2022-10-29 19:13:39.281 | WARNING  | __main__:<module>:24 - 0.743	0.766	0.7	0.731
2022-10-29 19:13:40.473 | WARNING  | __main__:<module>:24 - 0.7	0.741	0.614	0.672
2022-10-29 19:13:41.636 | WARNING  | __main__:<module>:24 - 0.714	0.75	0.643	0.692
2022-10-29 19:13:42.810 | WARNING  | __main__:<module>:24 - 0.736	0.754	0.7	0.726
2022-10-29 19:13:43.980 | WARNING  | __main__:<module>:24 - 0.793	0.825	0.743	0.782
2022-10-29 19:13:45.139 | WARNING  | __main__:<module>:24 - 0.743	0.774	0.686	0.727
2022-10-29 19:13:46.329 | WARNING  | __main__:<module>:24 - 0.771	0.797	0.729	0.761
2022-10-29 19:13:47.487 | WARNING  | __main__:<module>:24 - 0.75	0.787	0.686	0.733
2022-10-29 19:13:48.646 | WARNING  | __main__:<module>:24 - 0.786	0.778	0.8	0.789
2022-10-29 19:13:48.648 | WARNING  | __main__:<module>:26 - accuracy		mean:0.746	std:0.028
2022-10-29 19:13:48.649 | WARNING  | __main__:<module>:27 - precision		mean:0.777	std:0.024
2022-10-29 19:13:48.651 | WARNING  | __main__:<module>:28 - recall		mean:0.691	std:0.055
2022-10-29 19:13:48.653 | WARNING  | __main__:<module>:29 - f1		mean:0.731	std:0.036
2022-10-29 19:13:55.553 | WARNING  | __main__:<module>:11 - {'estimator__bootstrap': True, 'estimator__ccp_alpha': 0.0, 'estimator__class_weight': None, 'estimator__criterion': 'gini', 'estimator__max_depth': 9, 'estimator__max_features': 'auto', 'estimator__max_leaf_nodes': None, 'estimator__max_samples': None, 'estimator__min_impurity_decrease': 0.0, 'estimator__min_impurity_split': None, 'estimator__min_samples_leaf': 1, 'estimator__min_samples_split': 2, 'estimator__min_weight_fraction_leaf': 0.0, 'estimator__n_estimators': 200, 'estimator__n_jobs': None, 'estimator__oob_score': False, 'estimator__random_state': 43, 'estimator__verbose': 0, 'estimator__warm_start': False, 'estimator': RandomForestClassifier(max_depth=9, n_estimators=200, random_state=43), 'importance_getter': 'auto', 'max_features': None, 'norm_order': 1, 'prefit': True, 'threshold': None}
2022-10-29 19:13:56.740 | WARNING  | __main__:<module>:24 - 0.729	0.796	0.614	0.694
2022-10-29 19:13:57.914 | WARNING  | __main__:<module>:24 - 0.743	0.766	0.7	0.731
2022-10-29 19:13:59.059 | WARNING  | __main__:<module>:24 - 0.7	0.741	0.614	0.672
2022-10-29 19:14:00.226 | WARNING  | __main__:<module>:24 - 0.714	0.75	0.643	0.692
2022-10-29 19:14:01.407 | WARNING  | __main__:<module>:24 - 0.736	0.754	0.7	0.726
2022-10-29 19:14:02.573 | WARNING  | __main__:<module>:24 - 0.793	0.825	0.743	0.782
2022-10-29 19:14:03.737 | WARNING  | __main__:<module>:24 - 0.743	0.774	0.686	0.727
2022-10-29 19:14:04.905 | WARNING  | __main__:<module>:24 - 0.771	0.797	0.729	0.761
2022-10-29 19:14:06.065 | WARNING  | __main__:<module>:24 - 0.75	0.787	0.686	0.733
2022-10-29 19:14:07.254 | WARNING  | __main__:<module>:24 - 0.786	0.778	0.8	0.789
2022-10-29 19:14:07.255 | WARNING  | __main__:<module>:26 - accuracy		mean:0.746	std:0.028
2022-10-29 19:14:07.257 | WARNING  | __main__:<module>:27 - precision		mean:0.777	std:0.024
2022-10-29 19:14:07.259 | WARNING  | __main__:<module>:28 - recall		mean:0.691	std:0.055
2022-10-29 19:14:07.260 | WARNING  | __main__:<module>:29 - f1		mean:0.731	std:0.036
2022-10-29 19:14:10.537 | WARNING  | __main__:<module>:11 - {'estimator__bootstrap': True, 'estimator__ccp_alpha': 0.0, 'estimator__class_weight': None, 'estimator__criterion': 'gini', 'estimator__max_depth': 9, 'estimator__max_features': 'auto', 'estimator__max_leaf_nodes': None, 'estimator__max_samples': None, 'estimator__min_impurity_decrease': 0.0, 'estimator__min_impurity_split': None, 'estimator__min_samples_leaf': 1, 'estimator__min_samples_split': 2, 'estimator__min_weight_fraction_leaf': 0.0, 'estimator__n_estimators': 200, 'estimator__n_jobs': None, 'estimator__oob_score': False, 'estimator__random_state': 43, 'estimator__verbose': 0, 'estimator__warm_start': False, 'estimator': RandomForestClassifier(max_depth=9, n_estimators=200, random_state=43), 'importance_getter': 'auto', 'max_features': None, 'norm_order': 1, 'prefit': True, 'threshold': None}
2022-10-29 19:14:11.706 | WARNING  | __main__:<module>:24 - 0.729	0.796	0.614	0.694
2022-10-29 19:14:12.900 | WARNING  | __main__:<module>:24 - 0.743	0.766	0.7	0.731
2022-10-29 19:14:14.053 | WARNING  | __main__:<module>:24 - 0.7	0.741	0.614	0.672
2022-10-29 19:14:15.235 | WARNING  | __main__:<module>:24 - 0.714	0.75	0.643	0.692
2022-10-29 19:14:16.388 | WARNING  | __main__:<module>:24 - 0.736	0.754	0.7	0.726
2022-10-29 19:14:17.565 | WARNING  | __main__:<module>:24 - 0.793	0.825	0.743	0.782
2022-10-29 19:14:18.723 | WARNING  | __main__:<module>:24 - 0.743	0.774	0.686	0.727
2022-10-29 19:14:19.886 | WARNING  | __main__:<module>:24 - 0.771	0.797	0.729	0.761
2022-10-29 19:14:21.054 | WARNING  | __main__:<module>:24 - 0.75	0.787	0.686	0.733
2022-10-29 19:14:22.212 | WARNING  | __main__:<module>:24 - 0.786	0.778	0.8	0.789
2022-10-29 19:14:22.214 | WARNING  | __main__:<module>:26 - accuracy		mean:0.746	std:0.028
2022-10-29 19:14:22.215 | WARNING  | __main__:<module>:27 - precision		mean:0.777	std:0.024
2022-10-29 19:14:22.216 | WARNING  | __main__:<module>:28 - recall		mean:0.691	std:0.055
2022-10-29 19:14:22.218 | WARNING  | __main__:<module>:29 - f1		mean:0.731	std:0.036
