2022-10-20 12:28:06.808 | INFO     | __main__:<module>:142 - 0.8080808080808081
2022-10-20 12:28:06.815 | INFO     | __main__:<module>:143 - {'score_func': 'mutual_info_classif', 'k': 30, 'n_estimators': 5830, 'max_depth': 52, 'grow_policy': 'lossguide', 'learning_rate': 2.52384206946298e-08, 'gamma': 0.6623108585161784, 'reg_lambda': 1.545047535594788e-07, 'reg_alpha': 0.46130170104450774, 'subsample': 0.9474550013178016, 'colsample_bytree': 0.41919960852257454}
2022-10-20 12:28:06.820 | INFO     | __main__:<module>:176 - 测试集特征筛选前:(110, 153)
2022-10-20 12:28:07.067 | INFO     | __main__:<module>:178 - 测试集特征筛选后:(110, 30)
2022-10-20 12:32:33.282 | INFO     | __main__:<module>:144 - 0.797979797979798
2022-10-20 12:32:33.285 | INFO     | __main__:<module>:145 - {'score_func': 'f_classif', 'k': 40, 'n_estimators': 5624, 'max_depth': 14, 'grow_policy': 'lossguide', 'learning_rate': 3.2888822442791125e-06, 'gamma': 0.0003289250670547939, 'reg_lambda': 2.9398412126942326e-05, 'reg_alpha': 2.8199380224403095e-05, 'subsample': 0.9124602639116179, 'colsample_bytree': 0.2575270083647798}
2022-10-20 12:32:33.296 | INFO     | __main__:<module>:178 - 测试集特征筛选前:(110, 153)
2022-10-20 12:32:33.303 | INFO     | __main__:<module>:180 - 测试集特征筛选后:(110, 40)
2022-10-20 12:33:50.238 | INFO     | __main__:<module>:144 - 0.7777777777777778
2022-10-20 12:33:50.241 | INFO     | __main__:<module>:145 - {'score_func': 'chi2', 'k': 58, 'n_estimators': 5191, 'max_depth': 8, 'grow_policy': 'lossguide', 'learning_rate': 3.5096098346570536e-07, 'gamma': 0.4459043690878357, 'reg_lambda': 1.312590112888439e-07, 'reg_alpha': 0.05402147478671353, 'subsample': 0.23076676102158214, 'colsample_bytree': 0.9542155441527527}
2022-10-20 12:33:50.251 | INFO     | __main__:<module>:178 - 测试集特征筛选前:(110, 153)
2022-10-20 12:33:50.262 | INFO     | __main__:<module>:180 - 测试集特征筛选后:(110, 58)
2022-10-20 12:37:11.026 | INFO     | __main__:<module>:144 - 0.797979797979798
2022-10-20 12:37:11.029 | INFO     | __main__:<module>:145 - {'score_func': 'chi2', 'k': 72, 'n_estimators': 5528, 'max_depth': 81, 'grow_policy': 'lossguide', 'learning_rate': 1.3844724334263584e-06, 'gamma': 2.9812232016025165e-05, 'reg_lambda': 7.547765545683576e-08, 'reg_alpha': 1.9069710208968827e-08, 'subsample': 0.4559229677131524, 'colsample_bytree': 0.8869942460769129}
2022-10-20 12:37:11.040 | INFO     | __main__:<module>:178 - 测试集特征筛选前:(110, 153)
2022-10-20 12:37:11.046 | INFO     | __main__:<module>:180 - 测试集特征筛选后:(110, 72)
2022-10-20 12:38:37.771 | INFO     | __main__:<module>:144 - 0.8181818181818182
2022-10-20 12:38:37.775 | INFO     | __main__:<module>:145 - {'score_func': 'mutual_info_classif', 'k': 70, 'n_estimators': 5093, 'max_depth': 77, 'grow_policy': 'depthwise', 'learning_rate': 2.2272794388276486e-07, 'gamma': 6.082945636913556e-07, 'reg_lambda': 0.0007354607130243541, 'reg_alpha': 2.5387457030149876e-05, 'subsample': 0.41137303970899985, 'colsample_bytree': 0.3426633506542676}
2022-10-20 12:46:12.999 | INFO     | __main__:<module>:144 - 0.8686868686868687
2022-10-20 12:46:13.015 | INFO     | __main__:<module>:145 - {'score_func': 'mutual_info_classif', 'k': 32, 'n_estimators': 5085, 'max_depth': 68, 'grow_policy': 'lossguide', 'learning_rate': 4.054366301083519e-05, 'gamma': 4.0707589509294593e-07, 'reg_lambda': 1.008213841450137e-08, 'reg_alpha': 2.651287758072255e-07, 'subsample': 0.7618305614377666, 'colsample_bytree': 0.209598948492506}
2022-10-20 12:46:31.288 | INFO     | __main__:<module>:30 - 测试集特征筛选前:(110, 153)
2022-10-20 12:46:31.508 | INFO     | __main__:<module>:32 - 测试集特征筛选后:(110, 32)
2022-10-20 12:50:01.119 | INFO     | __main__:<module>:30 - 测试集特征筛选前:(110, 32)
2022-10-20 12:50:01.191 | INFO     | __main__:<module>:32 - 测试集特征筛选后:(110, 32)
2022-10-20 12:50:14.483 | INFO     | __main__:<module>:30 - 测试集特征筛选前:(110, 32)
2022-10-20 12:50:14.544 | INFO     | __main__:<module>:32 - 测试集特征筛选后:(110, 32)
2022-10-20 12:51:18.061 | INFO     | __main__:<module>:30 - 测试集特征筛选前:(110, 32)
2022-10-20 12:51:18.113 | INFO     | __main__:<module>:32 - 测试集特征筛选后:(110, 32)
2022-10-20 12:54:38.689 | INFO     | __main__:<module>:30 - 测试集特征筛选前:(110, 32)
2022-10-20 12:54:38.752 | INFO     | __main__:<module>:32 - 测试集特征筛选后:(110, 32)
2022-10-20 12:55:00.180 | INFO     | __main__:<module>:30 - 测试集特征筛选前:(110, 32)
2022-10-20 12:55:00.224 | INFO     | __main__:<module>:32 - 测试集特征筛选后:(110, 32)
2022-10-20 13:02:21.886 | INFO     | __main__:<module>:146 - 0.8686868686868687
2022-10-20 13:02:21.886 | INFO     | __main__:<module>:147 - {'score_func': 'mutual_info_classif', 'k': 38, 'n_estimators': 5501, 'max_depth': 28, 'grow_policy': 'lossguide', 'learning_rate': 0.0026528063510809973, 'gamma': 0.0048579186889579525, 'reg_lambda': 0.0031345355999760926, 'reg_alpha': 0.8075818824950468, 'subsample': 0.7459689470284215, 'colsample_bytree': 0.8297603137959993}
2022-10-20 13:02:35.225 | INFO     | __main__:<module>:30 - 测试集特征筛选前:(110, 153)
2022-10-20 13:02:35.446 | INFO     | __main__:<module>:32 - 测试集特征筛选后:(110, 38)
2022-10-20 13:02:38.877 | WARNING  | __main__:<module>:53 - 0.595	0.579	0.611	0.595
2022-10-20 13:02:43.489 | WARNING  | __main__:<module>:53 - 0.568	0.583	0.389	0.467
2022-10-20 13:02:48.220 | WARNING  | __main__:<module>:53 - 0.722	0.75	0.667	0.706
2022-10-20 13:02:49.350 | WARNING  | __main__:<module>:58 - accuracy		mean:0.628	std:0.067
2022-10-20 13:02:49.353 | WARNING  | __main__:<module>:59 - precision		mean:0.637	std:0.08
2022-10-20 13:02:49.355 | WARNING  | __main__:<module>:60 - recall		mean:0.556	std:0.12
2022-10-20 13:02:49.357 | WARNING  | __main__:<module>:61 - f1		mean:0.589	std:0.098
2022-10-20 13:03:03.282 | INFO     | __main__:<module>:30 - 测试集特征筛选前:(110, 38)
2022-10-20 13:03:03.355 | INFO     | __main__:<module>:32 - 测试集特征筛选后:(110, 38)
2022-10-20 13:03:06.845 | WARNING  | __main__:<module>:52 - 0.595	0.579	0.611	0.595
2022-10-20 13:03:11.546 | WARNING  | __main__:<module>:52 - 0.568	0.583	0.389	0.467
2022-10-20 13:03:16.539 | WARNING  | __main__:<module>:52 - 0.722	0.75	0.667	0.706
2022-10-20 13:03:17.672 | WARNING  | __main__:<module>:57 - accuracy		mean:0.628	std:0.067
2022-10-20 13:03:17.672 | WARNING  | __main__:<module>:58 - precision		mean:0.637	std:0.08
2022-10-20 13:03:17.672 | WARNING  | __main__:<module>:59 - recall		mean:0.556	std:0.12
2022-10-20 13:03:17.679 | WARNING  | __main__:<module>:60 - f1		mean:0.589	std:0.098
2022-10-20 13:05:57.861 | INFO     | __main__:<module>:30 - 测试集特征筛选前:(110, 38)
2022-10-20 13:05:57.920 | INFO     | __main__:<module>:32 - 测试集特征筛选后:(110, 38)
2022-10-20 13:06:43.666 | WARNING  | __main__:<module>:67 - accuracy		mean:0.678	std:0.092
2022-10-20 13:06:43.669 | WARNING  | __main__:<module>:68 - precision		mean:0.684	std:0.094
2022-10-20 13:06:43.671 | WARNING  | __main__:<module>:69 - recall		mean:0.651	std:0.168
2022-10-20 13:06:43.674 | WARNING  | __main__:<module>:70 - f1		mean:0.662	std:0.132
