2022-10-24 09:58:34.492 | INFO     | __main__:<module>:90 - 使用嵌入法 LogisticRegression 进行特征选择,剩余(1093, 16)个特征
2022-10-24 09:58:34.492 | INFO     | __main__:<module>:93 - 剩余的特征是：['年龄', '糖尿病性肾病', '糖尿病性视网膜病变', '血红蛋白', '尿素', '磷', '镁', '脂肪酶', '白细胞', '葡萄糖', '尿蛋白定量', '24h尿蛋白定量', '餐后120分钟C肽', '淋巴细胞绝对值', '糖', '空腹胰岛素']
2022-10-24 09:58:34.492 | INFO     | __main__:<module>:114 - 使用 SMOTETomek 混合采样
2022-10-24 09:58:34.492 | INFO     | __main__:<module>:118 - 数据平衡前：非DPN组有490条,DPN组有603条
2022-10-24 09:58:34.538 | INFO     | __main__:<module>:120 - 数据平衡后：非DPN组有550条,DPN组有550条
2022-10-24 09:58:43.869 | WARNING  | __main__:<module>:31 - accuracy		mean:0.755	std:0.048
2022-10-24 09:58:43.871 | WARNING  | __main__:<module>:32 - precision		mean:0.767	std:0.051
2022-10-24 09:58:43.873 | WARNING  | __main__:<module>:33 - recall		mean:0.736	std:0.069
2022-10-24 09:58:43.875 | WARNING  | __main__:<module>:34 - f1		mean:0.75	std:0.053
2022-10-24 10:08:09.715 | INFO     | __main__:<module>:27 - 调参结束，最佳结果为:0.7454545454545455
2022-10-24 10:08:09.724 | INFO     | __main__:<module>:28 - 调参结束，最佳参数为:{'n_estimators': 450, 'max_depth': 12, 'grow_policy': 'depthwise', 'learning_rate': 0.1354936931267647, 'gamma': 0.0035636353483271136, 'reg_lambda': 1.1847229037490129e-07, 'reg_alpha': 1.927012969771189e-06, 'subsample': 0.6048641980959009, 'colsample_bytree': 0.39661529159275777}
2022-10-24 10:08:09.823 | WARNING  | __main__:<module>:23 - {'objective': 'binary:logistic', 'use_label_encoder': False, 'base_score': None, 'booster': None, 'callbacks': None, 'colsample_bylevel': None, 'colsample_bynode': None, 'colsample_bytree': 0.39661529159275777, 'early_stopping_rounds': None, 'enable_categorical': False, 'eval_metric': None, 'gamma': 0.0035636353483271136, 'gpu_id': None, 'grow_policy': 'depthwise', 'importance_type': None, 'interaction_constraints': None, 'learning_rate': 0.1354936931267647, 'max_bin': None, 'max_cat_to_onehot': None, 'max_delta_step': None, 'max_depth': 12, 'max_leaves': None, 'min_child_weight': None, 'missing': nan, 'monotone_constraints': None, 'n_estimators': 450, 'n_jobs': None, 'num_parallel_tree': None, 'predictor': None, 'random_state': None, 'reg_alpha': 1.927012969771189e-06, 'reg_lambda': 1.1847229037490129e-07, 'sampling_method': None, 'scale_pos_weight': None, 'subsample': 0.6048641980959009, 'tree_method': None, 'validate_parameters': None, 'verbosity': None}
2022-10-24 10:08:11.415 | WARNING  | __main__:<module>:40 - 0.755	0.75	0.764	0.757
2022-10-24 10:08:11.792 | WARNING  | __main__:<module>:40 - 0.818	0.807	0.836	0.821
2022-10-24 10:08:12.199 | WARNING  | __main__:<module>:40 - 0.736	0.71	0.8	0.752
2022-10-24 10:08:12.599 | WARNING  | __main__:<module>:40 - 0.8	0.837	0.745	0.788
2022-10-24 10:08:12.980 | WARNING  | __main__:<module>:40 - 0.691	0.744	0.582	0.653
2022-10-24 10:08:13.351 | WARNING  | __main__:<module>:40 - 0.727	0.736	0.709	0.722
2022-10-24 10:08:13.723 | WARNING  | __main__:<module>:40 - 0.7	0.683	0.745	0.713
2022-10-24 10:08:14.093 | WARNING  | __main__:<module>:40 - 0.709	0.745	0.636	0.686
2022-10-24 10:08:14.475 | WARNING  | __main__:<module>:40 - 0.655	0.681	0.582	0.627
2022-10-24 10:08:14.849 | WARNING  | __main__:<module>:40 - 0.736	0.717	0.782	0.748
2022-10-24 10:08:14.851 | WARNING  | __main__:<module>:42 - accuracy		mean:0.733	std:0.047
2022-10-24 10:08:14.853 | WARNING  | __main__:<module>:43 - precision		mean:0.741	std:0.047
2022-10-24 10:08:14.854 | WARNING  | __main__:<module>:44 - recall		mean:0.718	std:0.085
2022-10-24 10:08:14.856 | WARNING  | __main__:<module>:45 - f1		mean:0.727	std:0.056
2022-10-24 10:08:19.686 | INFO     | __main__:<module>:20 - 调参结束，最佳结果为:0.7
2022-10-24 10:08:19.686 | INFO     | __main__:<module>:21 - 调参结束，最佳参数为:{'C': 0.9604879773841254, 'gamma': 0.5297728386911145}
2022-10-24 10:08:19.690 | WARNING  | __main__:<module>:26 - {'C': 0.9604879773841254, 'break_ties': False, 'cache_size': 200, 'class_weight': None, 'coef0': 0.0, 'decision_function_shape': 'ovr', 'degree': 3, 'gamma': 0.5297728386911145, 'kernel': 'rbf', 'max_iter': -1, 'probability': False, 'random_state': 43, 'shrinking': True, 'tol': 0.001, 'verbose': False}
2022-10-24 10:08:19.745 | WARNING  | __main__:<module>:39 - 0.736	0.686	0.873	0.768
2022-10-24 10:08:19.802 | WARNING  | __main__:<module>:39 - 0.764	0.723	0.855	0.783
2022-10-24 10:08:19.854 | WARNING  | __main__:<module>:39 - 0.727	0.681	0.855	0.758
2022-10-24 10:08:19.903 | WARNING  | __main__:<module>:39 - 0.618	0.6	0.709	0.65
2022-10-24 10:08:19.975 | WARNING  | __main__:<module>:39 - 0.764	0.71	0.891	0.79
2022-10-24 10:08:20.023 | WARNING  | __main__:<module>:39 - 0.755	0.706	0.873	0.78
2022-10-24 10:08:20.071 | WARNING  | __main__:<module>:39 - 0.7	0.645	0.891	0.748
2022-10-24 10:08:20.142 | WARNING  | __main__:<module>:39 - 0.773	0.714	0.909	0.8
2022-10-24 10:08:20.194 | WARNING  | __main__:<module>:39 - 0.718	0.671	0.855	0.752
2022-10-24 10:08:20.247 | WARNING  | __main__:<module>:39 - 0.736	0.697	0.836	0.76
2022-10-24 10:08:20.247 | WARNING  | __main__:<module>:41 - accuracy		mean:0.729	std:0.043
2022-10-24 10:08:20.247 | WARNING  | __main__:<module>:42 - precision		mean:0.683	std:0.035
2022-10-24 10:08:20.258 | WARNING  | __main__:<module>:43 - recall		mean:0.855	std:0.053
2022-10-24 10:08:20.260 | WARNING  | __main__:<module>:44 - f1		mean:0.759	std:0.04
2022-10-24 10:08:21.629 | INFO     | __main__:<module>:17 - 调参结束，最佳结果为:0.6454545454545455
2022-10-24 10:08:21.629 | INFO     | __main__:<module>:18 - 调参结束，最佳参数为:{'penalty': 'none', 'C': 0.0031690425011480583, 'max_iter': 4723}
2022-10-24 10:08:21.634 | WARNING  | __main__:<module>:27 - {'C': 0.0031690425011480583, 'class_weight': None, 'dual': False, 'fit_intercept': True, 'intercept_scaling': 1, 'l1_ratio': None, 'max_iter': 4723, 'multi_class': 'auto', 'n_jobs': None, 'penalty': 'none', 'random_state': 43, 'solver': 'lbfgs', 'tol': 0.0001, 'verbose': 0, 'warm_start': False}
2022-10-24 10:08:21.700 | WARNING  | __main__:<module>:41 - 0.618	0.638	0.545	0.588
2022-10-24 10:08:21.719 | WARNING  | __main__:<module>:41 - 0.682	0.708	0.618	0.66
2022-10-24 10:08:21.733 | WARNING  | __main__:<module>:41 - 0.682	0.7	0.636	0.667
2022-10-24 10:08:21.747 | WARNING  | __main__:<module>:41 - 0.655	0.649	0.673	0.661
2022-10-24 10:08:21.752 | WARNING  | __main__:<module>:41 - 0.736	0.783	0.655	0.713
2022-10-24 10:08:21.772 | WARNING  | __main__:<module>:41 - 0.755	0.726	0.818	0.769
2022-10-24 10:08:21.785 | WARNING  | __main__:<module>:41 - 0.691	0.706	0.655	0.679
2022-10-24 10:08:21.797 | WARNING  | __main__:<module>:41 - 0.709	0.702	0.727	0.714
2022-10-24 10:08:21.802 | WARNING  | __main__:<module>:41 - 0.764	0.754	0.782	0.768
2022-10-24 10:08:21.823 | WARNING  | __main__:<module>:41 - 0.7	0.72	0.655	0.686
2022-10-24 10:08:21.823 | WARNING  | __main__:<module>:43 - accuracy		mean:0.699	std:0.042
2022-10-24 10:08:21.823 | WARNING  | __main__:<module>:44 - precision		mean:0.709	std:0.041
2022-10-24 10:08:21.827 | WARNING  | __main__:<module>:45 - recall		mean:0.676	std:0.076
2022-10-24 10:08:21.828 | WARNING  | __main__:<module>:46 - f1		mean:0.691	std:0.051
2022-10-24 10:09:21.079 | INFO     | __main__:<module>:21 - 调参结束，最佳结果为:0.7363636363636363
2022-10-24 10:09:21.080 | INFO     | __main__:<module>:22 - 调参结束，最佳参数为:{'n_estimators': 455, 'max_depth': 12}
2022-10-24 10:09:21.081 | WARNING  | __main__:<module>:25 - {'bootstrap': True, 'ccp_alpha': 0.0, 'class_weight': None, 'criterion': 'gini', 'max_depth': 12, 'max_features': 'auto', 'max_leaf_nodes': None, 'max_samples': None, 'min_impurity_decrease': 0.0, 'min_impurity_split': None, 'min_samples_leaf': 1, 'min_samples_split': 2, 'min_weight_fraction_leaf': 0.0, 'n_estimators': 455, 'n_jobs': None, 'oob_score': False, 'random_state': 43, 'verbose': 0, 'warm_start': False}
2022-10-24 10:09:21.915 | WARNING  | __main__:<module>:38 - 0.718	0.75	0.655	0.699
2022-10-24 10:09:22.774 | WARNING  | __main__:<module>:38 - 0.755	0.792	0.691	0.738
2022-10-24 10:09:23.624 | WARNING  | __main__:<module>:38 - 0.782	0.782	0.782	0.782
2022-10-24 10:09:24.463 | WARNING  | __main__:<module>:38 - 0.745	0.765	0.709	0.736
2022-10-24 10:09:25.297 | WARNING  | __main__:<module>:38 - 0.764	0.774	0.745	0.759
2022-10-24 10:09:26.142 | WARNING  | __main__:<module>:38 - 0.855	0.882	0.818	0.849
2022-10-24 10:09:26.968 | WARNING  | __main__:<module>:38 - 0.7	0.69	0.727	0.708
2022-10-24 10:09:27.807 | WARNING  | __main__:<module>:38 - 0.782	0.763	0.818	0.789
2022-10-24 10:09:28.641 | WARNING  | __main__:<module>:38 - 0.727	0.712	0.764	0.737
2022-10-24 10:09:29.470 | WARNING  | __main__:<module>:38 - 0.782	0.804	0.745	0.774
2022-10-24 10:09:29.470 | WARNING  | __main__:<module>:40 - accuracy		mean:0.761	std:0.041
2022-10-24 10:09:29.476 | WARNING  | __main__:<module>:41 - precision		mean:0.771	std:0.05
2022-10-24 10:09:29.477 | WARNING  | __main__:<module>:42 - recall		mean:0.745	std:0.05
2022-10-24 10:09:29.479 | WARNING  | __main__:<module>:43 - f1		mean:0.757	std:0.042
2022-10-24 10:11:15.550 | WARNING  | __main__:<module>:30 - accuracy		mean:0.755	std:0.048
2022-10-24 10:11:15.550 | WARNING  | __main__:<module>:31 - precision		mean:0.767	std:0.051
2022-10-24 10:11:15.550 | WARNING  | __main__:<module>:32 - recall		mean:0.736	std:0.069
2022-10-24 10:11:15.554 | WARNING  | __main__:<module>:33 - f1		mean:0.75	std:0.053
2022-10-24 10:17:59.599 | INFO     | __main__:<module>:89 - 使用嵌入法 LogisticRegression 进行特征选择,剩余(1093, 13)个特征
2022-10-24 10:17:59.600 | INFO     | __main__:<module>:92 - 剩余的特征是：['年龄', '糖尿病性肾病', '糖尿病性视网膜病变', '血红蛋白', '尿素', '磷', '白细胞', '葡萄糖', '24h尿蛋白定量', '餐后120分钟C肽', '淋巴细胞绝对值', '糖', '空腹胰岛素']
2022-10-24 10:17:59.600 | INFO     | __main__:<module>:113 - 使用 SMOTETomek 混合采样
2022-10-24 10:17:59.600 | INFO     | __main__:<module>:117 - 数据平衡前：非DPN组有490条,DPN组有603条
2022-10-24 10:17:59.639 | INFO     | __main__:<module>:119 - 数据平衡后：非DPN组有531条,DPN组有531条
2022-10-24 10:18:40.215 | WARNING  | __main__:<module>:30 - accuracy		mean:0.763	std:0.035
2022-10-24 10:18:40.215 | WARNING  | __main__:<module>:31 - precision		mean:0.778	std:0.042
2022-10-24 10:18:40.215 | WARNING  | __main__:<module>:32 - recall		mean:0.738	std:0.038
2022-10-24 10:18:40.215 | WARNING  | __main__:<module>:33 - f1		mean:0.757	std:0.034
2022-10-24 10:23:24.744 | INFO     | __main__:<module>:82 - 使用嵌入法 ExtraTreesClassifier 进行特征选择,剩余(1093, 21)个特征
2022-10-24 10:23:24.744 | INFO     | __main__:<module>:92 - 剩余的特征是：['年龄', '糖尿病性肾病', '血红蛋白', '嗜酸性粒细胞绝对值', '嗜碱性粒细胞绝对值', '血小板平均体积', '白蛋白', '总胆红素', '尿素', '血清碳酸氢盐', '尿酸', '磷', '镁', '活化部分凝血活酶时间（APTT）', '尿蛋白定量', '24h尿蛋白定量', '空腹C肽', '餐后120分钟C肽', '淋巴细胞绝对值', '糖', '空腹胰岛素']
2022-10-24 10:23:24.751 | INFO     | __main__:<module>:113 - 使用 SMOTETomek 混合采样
2022-10-24 10:23:24.753 | INFO     | __main__:<module>:117 - 数据平衡前：非DPN组有490条,DPN组有603条
2022-10-24 10:23:24.782 | INFO     | __main__:<module>:119 - 数据平衡后：非DPN组有565条,DPN组有565条
2022-10-24 10:25:08.107 | WARNING  | __main__:<module>:30 - accuracy		mean:0.747	std:0.036
2022-10-24 10:25:08.107 | WARNING  | __main__:<module>:31 - precision		mean:0.758	std:0.048
2022-10-24 10:25:08.107 | WARNING  | __main__:<module>:32 - recall		mean:0.731	std:0.053
2022-10-24 10:25:08.116 | WARNING  | __main__:<module>:33 - f1		mean:0.743	std:0.036
2022-10-24 10:28:58.030 | INFO     | __main__:<module>:82 - 使用嵌入法 ExtraTreesClassifier 进行特征选择,剩余(1093, 23)个特征
2022-10-24 10:28:58.034 | INFO     | __main__:<module>:92 - 剩余的特征是：['年龄', '血红蛋白', '白蛋白', '总胆红素', '尿素', '肌酐', '钾', '钠', '血清碳酸氢盐', '尿酸', '磷', '镁', '促甲状腺激素', '活化部分凝血活酶时间（APTT）', '尿蛋白定量', '24h尿蛋白定量', '空腹C肽', '餐后120分钟C肽', '餐后120分钟胰岛素', '血小板', '淋巴细胞绝对值', '糖', '空腹胰岛素']
2022-10-24 10:28:58.035 | INFO     | __main__:<module>:113 - 使用 SMOTETomek 混合采样
2022-10-24 10:28:58.037 | INFO     | __main__:<module>:117 - 数据平衡前：非DPN组有490条,DPN组有603条
2022-10-24 10:28:58.067 | INFO     | __main__:<module>:119 - 数据平衡后：非DPN组有567条,DPN组有567条
2022-10-24 10:30:16.812 | INFO     | __main__:<module>:82 - 使用嵌入法 ExtraTreesClassifier 进行特征选择,剩余(1093, 19)个特征
2022-10-24 10:30:16.814 | INFO     | __main__:<module>:92 - 剩余的特征是：['年龄', '白蛋白', '总胆红素', '尿素', '肌酐', '钾', '钠', '磷', '镁', '活化部分凝血活酶时间（APTT）', '尿蛋白定量', '24h尿蛋白定量', '空腹C肽', '餐后120分钟C肽', '餐后120分钟胰岛素', '血小板', '淋巴细胞绝对值', '糖', '空腹胰岛素']
2022-10-24 10:30:16.815 | INFO     | __main__:<module>:113 - 使用 SMOTETomek 混合采样
2022-10-24 10:30:16.817 | INFO     | __main__:<module>:117 - 数据平衡前：非DPN组有490条,DPN组有603条
2022-10-24 10:30:16.844 | INFO     | __main__:<module>:119 - 数据平衡后：非DPN组有558条,DPN组有558条
2022-10-24 10:31:05.012 | WARNING  | __main__:<module>:30 - accuracy		mean:0.753	std:0.047
2022-10-24 10:31:05.012 | WARNING  | __main__:<module>:31 - precision		mean:0.762	std:0.047
2022-10-24 10:31:05.017 | WARNING  | __main__:<module>:32 - recall		mean:0.735	std:0.058
2022-10-24 10:31:05.017 | WARNING  | __main__:<module>:33 - f1		mean:0.748	std:0.05
2022-10-24 10:37:47.613 | INFO     | __main__:<module>:82 - 使用嵌入法 ExtraTreesClassifier 进行特征选择,剩余(1093, 18)个特征
2022-10-24 10:37:47.622 | INFO     | __main__:<module>:92 - 剩余的特征是：['年龄', '血红蛋白', '白蛋白', '总胆红素', '尿素', '肌酐', '钾', '钠', '尿酸', '磷', '活化部分凝血活酶时间（APTT）', '尿蛋白定量', '24h尿蛋白定量', '空腹C肽', '餐后120分钟C肽', '餐后120分钟胰岛素', 'NLR', '胰岛素抵抗指数']
2022-10-24 10:37:47.624 | INFO     | __main__:<module>:113 - 使用 SMOTETomek 混合采样
2022-10-24 10:37:47.626 | INFO     | __main__:<module>:117 - 数据平衡前：非DPN组有490条,DPN组有603条
2022-10-24 10:37:47.655 | INFO     | __main__:<module>:119 - 数据平衡后：非DPN组有544条,DPN组有544条
2022-10-24 10:39:51.173 | WARNING  | __main__:<module>:32 - accuracy		mean:0.736	std:0.03
2022-10-24 10:39:51.173 | WARNING  | __main__:<module>:33 - precision		mean:0.76	std:0.034
2022-10-24 10:39:51.180 | WARNING  | __main__:<module>:34 - recall		mean:0.691	std:0.05
2022-10-24 10:39:51.181 | WARNING  | __main__:<module>:35 - f1		mean:0.723	std:0.036
2022-10-24 10:45:14.647 | INFO     | __main__:<module>:27 - 调参结束，最佳结果为:0.7477064220183486
2022-10-24 10:45:14.651 | INFO     | __main__:<module>:28 - 调参结束，最佳参数为:{'n_estimators': 60, 'max_depth': 14, 'grow_policy': 'depthwise', 'learning_rate': 0.08331139555281648, 'gamma': 0.002948278723809165, 'reg_lambda': 6.369546129278679e-06, 'reg_alpha': 6.411910964172153e-07, 'subsample': 0.8481429042982407, 'colsample_bytree': 0.8964962180347944}
