2022-10-19 09:27:45.464 | INFO     | __main__:<module>:141 - 0.9452054794520548
2022-10-19 09:27:45.466 | INFO     | __main__:<module>:142 - {'score_func': 'chi2', 'k': 34, 'n_estimators': 5984, 'max_depth': 41, 'grow_policy': 'depthwise', 'learning_rate': 3.265352001463666e-08, 'gamma': 0.021496849285327094, 'reg_lambda': 1.9095973512379963e-08, 'reg_alpha': 1.0903739149038961e-05, 'subsample': 0.7400386402205543, 'colsample_bytree': 0.6787213981133068}
2022-10-19 09:43:12.577 | INFO     | __main__:<module>:141 - 0.9497716894977168
2022-10-19 09:43:12.579 | INFO     | __main__:<module>:142 - {'score_func': 'mutual_info_classif', 'k': 50, 'n_estimators': 5860, 'max_depth': 49, 'grow_policy': 'lossguide', 'learning_rate': 9.171108650931669e-08, 'gamma': 4.32302176585184e-05, 'reg_lambda': 0.00027931502979403066, 'reg_alpha': 3.3592795272720627e-08, 'subsample': 0.7292685003603425, 'colsample_bytree': 0.7394780827660379}
2022-10-19 09:54:51.314 | INFO     | __main__:<module>:141 - 0.9497716894977168
2022-10-19 09:54:51.317 | INFO     | __main__:<module>:142 - {'score_func': 'f_classif', 'k': 80, 'n_estimators': 5564, 'max_depth': 39, 'grow_policy': 'depthwise', 'learning_rate': 0.0005156494341053743, 'gamma': 1.252278651860311e-05, 'reg_lambda': 4.205185489363032e-08, 'reg_alpha': 4.546399158915416e-06, 'subsample': 0.6689705472554031, 'colsample_bytree': 0.6784821275320555}
2022-10-19 09:56:25.636 | INFO     | __main__:<module>:141 - 0.9452054794520548
2022-10-19 09:56:25.638 | INFO     | __main__:<module>:142 - {'score_func': 'mutual_info_classif', 'k': 36, 'n_estimators': 5146, 'max_depth': 35, 'grow_policy': 'depthwise', 'learning_rate': 8.49505523578499e-05, 'gamma': 8.627622133512226e-07, 'reg_lambda': 6.250672446962576e-07, 'reg_alpha': 8.712886066580639e-05, 'subsample': 0.3166164294137679, 'colsample_bytree': 0.8120134449976202}
2022-10-19 09:56:41.208 | WARNING  | __main__:<module>:187 - 0.927	0.965	0.902	0.932
2022-10-19 09:57:04.443 | WARNING  | __main__:<module>:187 - 0.936	0.982	0.902	0.94
2022-10-19 09:57:29.410 | WARNING  | __main__:<module>:187 - 0.9	1.0	0.82	0.901
2022-10-19 09:57:52.641 | WARNING  | __main__:<module>:187 - 0.972	1.0	0.95	0.974
2022-10-19 09:58:16.012 | WARNING  | __main__:<module>:187 - 0.945	1.0	0.9	0.947
2022-10-19 09:58:39.218 | WARNING  | __main__:<module>:187 - 0.927	0.981	0.883	0.93
2022-10-19 09:59:02.341 | WARNING  | __main__:<module>:187 - 0.945	1.0	0.9	0.947
2022-10-19 09:59:25.228 | WARNING  | __main__:<module>:187 - 0.936	1.0	0.883	0.938
2022-10-19 09:59:48.567 | WARNING  | __main__:<module>:187 - 0.954	1.0	0.917	0.957
2022-10-19 10:00:11.887 | WARNING  | __main__:<module>:187 - 0.963	0.983	0.95	0.966
2022-10-19 10:00:19.638 | WARNING  | __main__:<module>:193 - accuracy		mean:0.941	std:0.02
2022-10-19 10:00:19.640 | WARNING  | __main__:<module>:195 - precision		mean:0.991	std:0.012
2022-10-19 10:00:19.641 | WARNING  | __main__:<module>:197 - recall		mean:0.901	std:0.035
2022-10-19 10:00:19.642 | WARNING  | __main__:<module>:199 - f1		mean:0.943	std:0.02
