2022-10-25 16:05:29.830 | INFO     | __main__:<module>:79 - 使用嵌入法 RandomForestClassifier 进行特征选择,剩余(1093, 19)个特征
2022-10-25 16:05:29.832 | INFO     | __main__:<module>:89 - 剩余的特征是：['年龄', '体重', '血红蛋白', '血小板平均体积', '白蛋白', '总胆红素', '尿素', '肌酐', '尿酸', '糖化血红蛋白', '活化部分凝血活酶时间（APTT）', '尿蛋白定量', '24h尿蛋白定量', '餐后120分钟胰岛素', '病程', 'C2/C0', 'NLR', 'PLR', '胰岛素抵抗指数']
2022-10-25 16:05:29.834 | INFO     | __main__:<module>:110 - 使用 SMOTETomek 混合采样
2022-10-25 16:05:29.836 | INFO     | __main__:<module>:114 - 数据平衡前：非DPN组有490条,DPN组有603条
2022-10-25 16:05:29.870 | INFO     | __main__:<module>:116 - 数据平衡后：非DPN组有547条,DPN组有547条
2022-10-25 16:06:20.343 | INFO     | __main__:<module>:28 - 调参结束，最佳结果为:0.7488584474885844
2022-10-25 16:06:20.347 | INFO     | __main__:<module>:29 - 调参结束，最佳参数为:{'n_estimators': 54, 'max_depth': 8, 'grow_policy': 'depthwise', 'learning_rate': 0.4228522941220912, 'gamma': 4.884607220849913e-05, 'reg_lambda': 0.1929786455270017, 'reg_alpha': 0.03469459496755177, 'subsample': 0.8806455290698125, 'colsample_bytree': 0.8900640571270015}
2022-10-25 16:06:20.463 | WARNING  | __main__:<module>:23 - {'estimator__bootstrap': True, 'estimator__ccp_alpha': 0.0, 'estimator__class_weight': None, 'estimator__criterion': 'gini', 'estimator__max_depth': 9, 'estimator__max_features': 'auto', 'estimator__max_leaf_nodes': None, 'estimator__max_samples': None, 'estimator__min_impurity_decrease': 0.0, 'estimator__min_impurity_split': None, 'estimator__min_samples_leaf': 1, 'estimator__min_samples_split': 2, 'estimator__min_weight_fraction_leaf': 0.0, 'estimator__n_estimators': 200, 'estimator__n_jobs': None, 'estimator__oob_score': False, 'estimator__random_state': None, 'estimator__verbose': 0, 'estimator__warm_start': False, 'estimator': RandomForestClassifier(max_depth=9, n_estimators=200), 'importance_getter': 'auto', 'max_features': None, 'norm_order': 1, 'prefit': True, 'threshold': None}
2022-10-25 16:06:21.772 | WARNING  | __main__:<module>:37 - 0.727	0.736	0.709	0.722
2022-10-25 16:06:22.410 | WARNING  | __main__:<module>:37 - 0.755	0.759	0.745	0.752
2022-10-25 16:06:23.044 | WARNING  | __main__:<module>:37 - 0.673	0.679	0.655	0.667
2022-10-25 16:06:23.685 | WARNING  | __main__:<module>:37 - 0.773	0.841	0.673	0.747
2022-10-25 16:06:24.326 | WARNING  | __main__:<module>:37 - 0.752	0.818	0.655	0.727
2022-10-25 16:06:24.992 | WARNING  | __main__:<module>:37 - 0.734	0.71	0.8	0.752
2022-10-25 16:06:25.661 | WARNING  | __main__:<module>:37 - 0.734	0.741	0.727	0.734
2022-10-25 16:06:26.331 | WARNING  | __main__:<module>:37 - 0.771	0.784	0.741	0.762
2022-10-25 16:06:27.002 | WARNING  | __main__:<module>:37 - 0.771	0.774	0.759	0.766
2022-10-25 16:06:27.684 | WARNING  | __main__:<module>:37 - 0.697	0.698	0.685	0.692
2022-10-25 16:06:27.688 | WARNING  | __main__:<module>:39 - accuracy		mean:0.739	std:0.031
2022-10-25 16:06:27.690 | WARNING  | __main__:<module>:40 - precision		mean:0.754	std:0.049
2022-10-25 16:06:27.693 | WARNING  | __main__:<module>:41 - recall		mean:0.715	std:0.046
2022-10-25 16:06:27.696 | WARNING  | __main__:<module>:42 - f1		mean:0.732	std:0.03
2022-10-25 16:06:36.175 | INFO     | __main__:<module>:21 - 调参结束，最佳结果为:0.7077625570776256
2022-10-25 16:06:36.178 | INFO     | __main__:<module>:22 - 调参结束，最佳参数为:{'C': 0.9033770728050269, 'gamma': 0.27364302814404057}
2022-10-25 16:06:36.264 | WARNING  | __main__:<module>:6 - {'C': 0.9033770728050269, 'break_ties': False, 'cache_size': 200, 'class_weight': None, 'coef0': 0.0, 'decision_function_shape': 'ovr', 'degree': 3, 'gamma': 0.27364302814404057, 'kernel': 'rbf', 'max_iter': -1, 'probability': True, 'random_state': 43, 'shrinking': True, 'tol': 0.001, 'verbose': False}
2022-10-25 16:06:36.534 | WARNING  | __main__:<module>:19 - 0.727	0.727	0.727	0.727
2022-10-25 16:06:36.819 | WARNING  | __main__:<module>:19 - 0.691	0.672	0.745	0.707
2022-10-25 16:06:37.087 | WARNING  | __main__:<module>:19 - 0.809	0.774	0.873	0.821
2022-10-25 16:06:37.361 | WARNING  | __main__:<module>:19 - 0.718	0.694	0.782	0.735
2022-10-25 16:06:37.628 | WARNING  | __main__:<module>:19 - 0.743	0.701	0.855	0.77
2022-10-25 16:06:37.898 | WARNING  | __main__:<module>:19 - 0.642	0.638	0.673	0.655
2022-10-25 16:06:38.169 | WARNING  | __main__:<module>:19 - 0.743	0.714	0.818	0.763
2022-10-25 16:06:38.444 | WARNING  | __main__:<module>:19 - 0.716	0.695	0.759	0.726
2022-10-25 16:06:38.713 | WARNING  | __main__:<module>:19 - 0.624	0.614	0.648	0.631
2022-10-25 16:06:38.983 | WARNING  | __main__:<module>:19 - 0.743	0.717	0.796	0.754
2022-10-25 16:06:38.985 | WARNING  | __main__:<module>:21 - accuracy		mean:0.716	std:0.051
2022-10-25 16:06:38.986 | WARNING  | __main__:<module>:22 - precision		mean:0.695	std:0.043
2022-10-25 16:06:38.988 | WARNING  | __main__:<module>:23 - recall		mean:0.768	std:0.069
2022-10-25 16:06:38.990 | WARNING  | __main__:<module>:24 - f1		mean:0.729	std:0.053
2022-10-25 16:06:41.104 | INFO     | __main__:<module>:17 - 调参结束，最佳结果为:0.6757990867579908
2022-10-25 16:06:41.106 | INFO     | __main__:<module>:18 - 调参结束，最佳参数为:{'penalty': 'none', 'C': 0.004816399517803355, 'max_iter': 509}
2022-10-25 16:06:41.108 | WARNING  | __main__:<module>:27 - {'C': 0.004816399517803355, 'class_weight': None, 'dual': False, 'fit_intercept': True, 'intercept_scaling': 1, 'l1_ratio': None, 'max_iter': 509, 'multi_class': 'auto', 'n_jobs': None, 'penalty': 'none', 'random_state': 43, 'solver': 'lbfgs', 'tol': 0.0001, 'verbose': 0, 'warm_start': False}
2022-10-25 16:06:41.123 | WARNING  | __main__:<module>:40 - 0.645	0.654	0.618	0.636
2022-10-25 16:06:41.141 | WARNING  | __main__:<module>:40 - 0.736	0.724	0.764	0.743
2022-10-25 16:06:41.159 | WARNING  | __main__:<module>:40 - 0.6	0.622	0.509	0.56
2022-10-25 16:06:41.174 | WARNING  | __main__:<module>:40 - 0.691	0.706	0.655	0.679
2022-10-25 16:06:41.188 | WARNING  | __main__:<module>:40 - 0.697	0.739	0.618	0.673
2022-10-25 16:06:41.203 | WARNING  | __main__:<module>:40 - 0.734	0.741	0.727	0.734
2022-10-25 16:06:41.217 | WARNING  | __main__:<module>:40 - 0.67	0.686	0.636	0.66
2022-10-25 16:06:41.234 | WARNING  | __main__:<module>:40 - 0.734	0.778	0.648	0.707
2022-10-25 16:06:41.251 | WARNING  | __main__:<module>:40 - 0.743	0.75	0.722	0.736
2022-10-25 16:06:41.268 | WARNING  | __main__:<module>:40 - 0.615	0.611	0.611	0.611
2022-10-25 16:06:41.270 | WARNING  | __main__:<module>:42 - accuracy		mean:0.687	std:0.05
2022-10-25 16:06:41.273 | WARNING  | __main__:<module>:43 - precision		mean:0.701	std:0.053
2022-10-25 16:06:41.275 | WARNING  | __main__:<module>:44 - recall		mean:0.651	std:0.069
2022-10-25 16:06:41.277 | WARNING  | __main__:<module>:45 - f1		mean:0.674	std:0.057
2022-10-25 16:07:55.610 | INFO     | __main__:<module>:21 - 调参结束，最佳结果为:0.7031963470319634
2022-10-25 16:07:55.613 | INFO     | __main__:<module>:22 - 调参结束，最佳参数为:{'n_estimators': 361, 'max_depth': 10}
2022-10-25 16:07:55.708 | WARNING  | __main__:<module>:2 - {'estimator__bootstrap': True, 'estimator__ccp_alpha': 0.0, 'estimator__class_weight': None, 'estimator__criterion': 'gini', 'estimator__max_depth': 9, 'estimator__max_features': 'auto', 'estimator__max_leaf_nodes': None, 'estimator__max_samples': None, 'estimator__min_impurity_decrease': 0.0, 'estimator__min_impurity_split': None, 'estimator__min_samples_leaf': 1, 'estimator__min_samples_split': 2, 'estimator__min_weight_fraction_leaf': 0.0, 'estimator__n_estimators': 200, 'estimator__n_jobs': None, 'estimator__oob_score': False, 'estimator__random_state': None, 'estimator__verbose': 0, 'estimator__warm_start': False, 'estimator': RandomForestClassifier(max_depth=9, n_estimators=200), 'importance_getter': 'auto', 'max_features': None, 'norm_order': 1, 'prefit': True, 'threshold': None}
2022-10-25 16:07:56.572 | WARNING  | __main__:<module>:15 - 0.764	0.809	0.691	0.745
2022-10-25 16:07:57.392 | WARNING  | __main__:<module>:15 - 0.773	0.788	0.745	0.766
2022-10-25 16:07:58.202 | WARNING  | __main__:<module>:15 - 0.582	0.592	0.527	0.558
2022-10-25 16:07:59.058 | WARNING  | __main__:<module>:15 - 0.736	0.795	0.636	0.707
2022-10-25 16:07:59.900 | WARNING  | __main__:<module>:15 - 0.771	0.857	0.655	0.742
2022-10-25 16:08:00.735 | WARNING  | __main__:<module>:15 - 0.706	0.702	0.727	0.714
2022-10-25 16:08:01.590 | WARNING  | __main__:<module>:15 - 0.706	0.717	0.691	0.704
2022-10-25 16:08:02.427 | WARNING  | __main__:<module>:15 - 0.789	0.83	0.722	0.772
2022-10-25 16:08:03.244 | WARNING  | __main__:<module>:15 - 0.743	0.76	0.704	0.731
2022-10-25 16:08:04.050 | WARNING  | __main__:<module>:15 - 0.679	0.702	0.611	0.653
2022-10-25 16:08:04.052 | WARNING  | __main__:<module>:17 - accuracy		mean:0.725	std:0.058
2022-10-25 16:08:04.055 | WARNING  | __main__:<module>:18 - precision		mean:0.755	std:0.074
2022-10-25 16:08:04.057 | WARNING  | __main__:<module>:19 - recall		mean:0.671	std:0.062
2022-10-25 16:08:04.059 | WARNING  | __main__:<module>:20 - f1		mean:0.709	std:0.06
