2022-10-25 21:01:08.418 | INFO     | __main__:<module>:79 - 使用嵌入法 RandomForestClassifier 进行特征选择,剩余(1093, 18)个特征
2022-10-25 21:01:08.419 | INFO     | __main__:<module>:89 - 剩余的特征是：['年龄', '血红蛋白', '丙氨酸氨基转移酶', '白蛋白', '总胆红素', '尿素', '肌酐', '尿酸', '脂肪酶', '糖化血红蛋白', '活化部分凝血活酶时间（APTT）', '尿蛋白定量', '24h尿蛋白定量', '餐后120分钟胰岛素', '病程', 'C2/C0', 'NLR', '胰岛素抵抗指数']
2022-10-25 21:01:08.420 | INFO     | __main__:<module>:110 - 使用 SMOTETomek 混合采样
2022-10-25 21:01:08.421 | INFO     | __main__:<module>:114 - 数据平衡前：非DPN组有490条,DPN组有603条
2022-10-25 21:01:08.453 | INFO     | __main__:<module>:116 - 数据平衡后：非DPN组有555条,DPN组有555条
2022-10-25 21:01:08.944 | WARNING  | __main__:<module>:23 - {'estimator__bootstrap': True, 'estimator__ccp_alpha': 0.0, 'estimator__class_weight': None, 'estimator__criterion': 'gini', 'estimator__max_depth': 9, 'estimator__max_features': 'auto', 'estimator__max_leaf_nodes': None, 'estimator__max_samples': None, 'estimator__min_impurity_decrease': 0.0, 'estimator__min_impurity_split': None, 'estimator__min_samples_leaf': 1, 'estimator__min_samples_split': 2, 'estimator__min_weight_fraction_leaf': 0.0, 'estimator__n_estimators': 200, 'estimator__n_jobs': None, 'estimator__oob_score': False, 'estimator__random_state': None, 'estimator__verbose': 0, 'estimator__warm_start': False, 'estimator': RandomForestClassifier(max_depth=9, n_estimators=200), 'importance_getter': 'auto', 'max_features': None, 'norm_order': 1, 'prefit': True, 'threshold': None}
2022-10-25 21:01:10.197 | WARNING  | __main__:<module>:37 - 0.694	0.72	0.643	0.679
2022-10-25 21:01:10.805 | WARNING  | __main__:<module>:37 - 0.793	0.8	0.786	0.793
2022-10-25 21:01:11.410 | WARNING  | __main__:<module>:37 - 0.802	0.793	0.821	0.807
2022-10-25 21:01:11.986 | WARNING  | __main__:<module>:37 - 0.721	0.805	0.589	0.68
2022-10-25 21:01:12.554 | WARNING  | __main__:<module>:37 - 0.748	0.78	0.696	0.736
2022-10-25 21:01:13.145 | WARNING  | __main__:<module>:37 - 0.73	0.766	0.655	0.706
2022-10-25 21:01:13.760 | WARNING  | __main__:<module>:37 - 0.739	0.75	0.709	0.729
2022-10-25 21:01:14.352 | WARNING  | __main__:<module>:37 - 0.748	0.776	0.691	0.731
2022-10-25 21:01:14.996 | WARNING  | __main__:<module>:37 - 0.73	0.736	0.709	0.722
2022-10-25 21:01:15.652 | WARNING  | __main__:<module>:37 - 0.82	0.778	0.891	0.831
2022-10-25 21:01:15.653 | WARNING  | __main__:<module>:39 - accuracy		mean:0.752	std:0.038
2022-10-25 21:01:15.655 | WARNING  | __main__:<module>:40 - precision		mean:0.77	std:0.026
2022-10-25 21:01:15.656 | WARNING  | __main__:<module>:41 - recall		mean:0.719	std:0.085
2022-10-25 21:01:15.657 | WARNING  | __main__:<module>:42 - f1		mean:0.741	std:0.049
2022-10-25 21:01:40.265 | INFO     | __main__:<module>:21 - 调参结束，最佳结果为:0.7252252252252253
2022-10-25 21:01:40.266 | INFO     | __main__:<module>:22 - 调参结束，最佳参数为:{'C': 0.990450243848839, 'gamma': 0.23180976729586839}
2022-10-25 21:01:52.843 | WARNING  | __main__:<module>:6 - {'C': 0.990450243848839, 'break_ties': False, 'cache_size': 200, 'class_weight': None, 'coef0': 0.0, 'decision_function_shape': 'ovr', 'degree': 3, 'gamma': 0.23180976729586839, 'kernel': 'rbf', 'max_iter': -1, 'probability': True, 'random_state': 43, 'shrinking': True, 'tol': 0.001, 'verbose': False}
2022-10-25 21:01:53.110 | WARNING  | __main__:<module>:19 - 0.757	0.738	0.804	0.769
2022-10-25 21:01:53.368 | WARNING  | __main__:<module>:19 - 0.748	0.741	0.768	0.754
2022-10-25 21:01:53.622 | WARNING  | __main__:<module>:19 - 0.73	0.717	0.768	0.741
2022-10-25 21:01:53.876 | WARNING  | __main__:<module>:19 - 0.766	0.826	0.679	0.745
2022-10-25 21:01:54.129 | WARNING  | __main__:<module>:19 - 0.631	0.623	0.679	0.65
2022-10-25 21:01:54.380 | WARNING  | __main__:<module>:19 - 0.667	0.667	0.655	0.661
2022-10-25 21:01:54.634 | WARNING  | __main__:<module>:19 - 0.694	0.733	0.6	0.66
2022-10-25 21:01:54.890 | WARNING  | __main__:<module>:19 - 0.721	0.694	0.782	0.735
2022-10-25 21:01:55.152 | WARNING  | __main__:<module>:19 - 0.595	0.581	0.655	0.615
2022-10-25 21:01:55.412 | WARNING  | __main__:<module>:19 - 0.712	0.717	0.691	0.704
2022-10-25 21:01:55.415 | WARNING  | __main__:<module>:21 - accuracy		mean:0.702	std:0.053
2022-10-25 21:01:55.417 | WARNING  | __main__:<module>:22 - precision		mean:0.704	std:0.065
2022-10-25 21:01:55.418 | WARNING  | __main__:<module>:23 - recall		mean:0.708	std:0.064
2022-10-25 21:01:55.419 | WARNING  | __main__:<module>:24 - f1		mean:0.703	std:0.05
2022-10-25 21:02:07.215 | INFO     | __main__:<module>:17 - 调参结束，最佳结果为:0.6936936936936937
2022-10-25 21:02:07.216 | INFO     | __main__:<module>:18 - 调参结束，最佳参数为:{'penalty': 'l2', 'C': 0.002321121768106072, 'max_iter': 4799}
2022-10-25 21:02:07.217 | WARNING  | __main__:<module>:27 - {'C': 0.002321121768106072, 'class_weight': None, 'dual': False, 'fit_intercept': True, 'intercept_scaling': 1, 'l1_ratio': None, 'max_iter': 4799, 'multi_class': 'auto', 'n_jobs': None, 'penalty': 'l2', 'random_state': 43, 'solver': 'lbfgs', 'tol': 0.0001, 'verbose': 0, 'warm_start': False}
2022-10-25 21:02:07.231 | WARNING  | __main__:<module>:40 - 0.649	0.655	0.643	0.649
2022-10-25 21:02:07.240 | WARNING  | __main__:<module>:40 - 0.667	0.673	0.661	0.667
2022-10-25 21:02:07.252 | WARNING  | __main__:<module>:40 - 0.667	0.656	0.714	0.684
2022-10-25 21:02:07.264 | WARNING  | __main__:<module>:40 - 0.712	0.75	0.643	0.692
2022-10-25 21:02:07.274 | WARNING  | __main__:<module>:40 - 0.739	0.765	0.696	0.729
2022-10-25 21:02:07.284 | WARNING  | __main__:<module>:40 - 0.613	0.643	0.491	0.557
2022-10-25 21:02:07.297 | WARNING  | __main__:<module>:40 - 0.649	0.654	0.618	0.636
2022-10-25 21:02:07.310 | WARNING  | __main__:<module>:40 - 0.694	0.714	0.636	0.673
2022-10-25 21:02:07.322 | WARNING  | __main__:<module>:40 - 0.631	0.635	0.6	0.617
2022-10-25 21:02:07.335 | WARNING  | __main__:<module>:40 - 0.73	0.727	0.727	0.727
2022-10-25 21:02:07.337 | WARNING  | __main__:<module>:42 - accuracy		mean:0.675	std:0.04
2022-10-25 21:02:07.339 | WARNING  | __main__:<module>:43 - precision		mean:0.687	std:0.045
2022-10-25 21:02:07.340 | WARNING  | __main__:<module>:44 - recall		mean:0.643	std:0.064
2022-10-25 21:02:07.341 | WARNING  | __main__:<module>:45 - f1		mean:0.663	std:0.049
2022-10-25 21:03:24.921 | INFO     | __main__:<module>:21 - 调参结束，最佳结果为:0.7657657657657657
2022-10-25 21:03:24.922 | INFO     | __main__:<module>:22 - 调参结束，最佳参数为:{'n_estimators': 231, 'max_depth': 10}
2022-10-25 21:05:11.408 | INFO     | __main__:<module>:16 - 调参结束，最佳结果为:0.7477477477477478
2022-10-25 21:05:11.410 | INFO     | __main__:<module>:17 - 调参结束，最佳参数为:{}
2022-10-25 21:05:11.410 | WARNING  | __main__:<module>:26 - {'C': 0.002321121768106072, 'class_weight': None, 'dual': False, 'fit_intercept': True, 'intercept_scaling': 1, 'l1_ratio': None, 'max_iter': 4799, 'multi_class': 'auto', 'n_jobs': None, 'penalty': 'l2', 'random_state': 43, 'solver': 'lbfgs', 'tol': 0.0001, 'verbose': 0, 'warm_start': False}
2022-10-25 21:05:12.180 | WARNING  | __main__:<module>:39 - 0.703	0.745	0.625	0.68
2022-10-25 21:05:12.984 | WARNING  | __main__:<module>:39 - 0.631	0.66	0.554	0.602
2022-10-25 21:05:13.791 | WARNING  | __main__:<module>:39 - 0.739	0.714	0.804	0.756
2022-10-25 21:05:14.573 | WARNING  | __main__:<module>:39 - 0.721	0.766	0.643	0.699
2022-10-25 21:05:15.356 | WARNING  | __main__:<module>:39 - 0.676	0.7	0.625	0.66
2022-10-25 21:05:16.168 | WARNING  | __main__:<module>:39 - 0.667	0.688	0.6	0.641
2022-10-25 21:05:16.969 | WARNING  | __main__:<module>:39 - 0.712	0.709	0.709	0.709
2022-10-25 21:05:17.763 | WARNING  | __main__:<module>:39 - 0.721	0.714	0.727	0.721
2022-10-25 21:05:18.564 | WARNING  | __main__:<module>:39 - 0.658	0.681	0.582	0.627
2022-10-25 21:05:19.368 | WARNING  | __main__:<module>:39 - 0.73	0.712	0.764	0.737
2022-10-25 21:05:19.369 | WARNING  | __main__:<module>:41 - accuracy		mean:0.695	std:0.034
2022-10-25 21:05:19.369 | WARNING  | __main__:<module>:42 - precision		mean:0.709	std:0.029
2022-10-25 21:05:19.370 | WARNING  | __main__:<module>:43 - recall		mean:0.663	std:0.079
2022-10-25 21:05:19.371 | WARNING  | __main__:<module>:44 - f1		mean:0.683	std:0.048
2022-10-25 21:24:15.684 | INFO     | __main__:<module>:17 - 调参结束，最佳结果为:0.7117117117117117
2022-10-25 21:24:15.685 | INFO     | __main__:<module>:18 - 调参结束，最佳参数为:{}
2022-10-25 21:24:15.686 | WARNING  | __main__:<module>:27 - {'C': 0.002321121768106072, 'class_weight': None, 'dual': False, 'fit_intercept': True, 'intercept_scaling': 1, 'l1_ratio': None, 'max_iter': 4799, 'multi_class': 'auto', 'n_jobs': None, 'penalty': 'l2', 'random_state': 43, 'solver': 'lbfgs', 'tol': 0.0001, 'verbose': 0, 'warm_start': False}
2022-10-25 21:24:16.509 | WARNING  | __main__:<module>:40 - 0.703	0.745	0.625	0.68
2022-10-25 21:24:17.307 | WARNING  | __main__:<module>:40 - 0.631	0.66	0.554	0.602
2022-10-25 21:24:18.113 | WARNING  | __main__:<module>:40 - 0.739	0.714	0.804	0.756
2022-10-25 21:24:18.894 | WARNING  | __main__:<module>:40 - 0.721	0.766	0.643	0.699
2022-10-25 21:24:19.671 | WARNING  | __main__:<module>:40 - 0.676	0.7	0.625	0.66
2022-10-25 21:24:20.468 | WARNING  | __main__:<module>:40 - 0.667	0.688	0.6	0.641
2022-10-25 21:24:21.248 | WARNING  | __main__:<module>:40 - 0.712	0.709	0.709	0.709
2022-10-25 21:24:22.042 | WARNING  | __main__:<module>:40 - 0.721	0.714	0.727	0.721
2022-10-25 21:24:22.830 | WARNING  | __main__:<module>:40 - 0.658	0.681	0.582	0.627
2022-10-25 21:24:23.624 | WARNING  | __main__:<module>:40 - 0.73	0.712	0.764	0.737
2022-10-25 21:24:23.625 | WARNING  | __main__:<module>:42 - accuracy		mean:0.695	std:0.034
2022-10-25 21:24:23.626 | WARNING  | __main__:<module>:43 - precision		mean:0.709	std:0.029
2022-10-25 21:24:23.627 | WARNING  | __main__:<module>:44 - recall		mean:0.663	std:0.079
2022-10-25 21:24:23.628 | WARNING  | __main__:<module>:45 - f1		mean:0.683	std:0.048
2022-10-25 21:43:40.757 | INFO     | __main__:<module>:19 - 调参结束，最佳结果为:0.7117117117117117
2022-10-25 21:43:40.758 | INFO     | __main__:<module>:20 - 调参结束，最佳参数为:{'activation': 'relu', 'learning_rate': 'invscaling'}
2022-10-25 21:43:40.759 | WARNING  | __main__:<module>:29 - {'C': 0.002321121768106072, 'class_weight': None, 'dual': False, 'fit_intercept': True, 'intercept_scaling': 1, 'l1_ratio': None, 'max_iter': 4799, 'multi_class': 'auto', 'n_jobs': None, 'penalty': 'l2', 'random_state': 43, 'solver': 'lbfgs', 'tol': 0.0001, 'verbose': 0, 'warm_start': False}
2022-10-25 21:43:41.569 | WARNING  | __main__:<module>:42 - 0.703	0.745	0.625	0.68
2022-10-25 21:43:42.363 | WARNING  | __main__:<module>:42 - 0.631	0.66	0.554	0.602
2022-10-25 21:43:43.148 | WARNING  | __main__:<module>:42 - 0.739	0.714	0.804	0.756
2022-10-25 21:43:43.940 | WARNING  | __main__:<module>:42 - 0.721	0.766	0.643	0.699
2022-10-25 21:43:44.709 | WARNING  | __main__:<module>:42 - 0.676	0.7	0.625	0.66
2022-10-25 21:43:45.530 | WARNING  | __main__:<module>:42 - 0.667	0.688	0.6	0.641
2022-10-25 21:43:46.323 | WARNING  | __main__:<module>:42 - 0.712	0.709	0.709	0.709
2022-10-25 21:43:47.119 | WARNING  | __main__:<module>:42 - 0.721	0.714	0.727	0.721
2022-10-25 21:43:47.909 | WARNING  | __main__:<module>:42 - 0.658	0.681	0.582	0.627
2022-10-25 21:43:48.696 | WARNING  | __main__:<module>:42 - 0.73	0.712	0.764	0.737
2022-10-25 21:43:48.697 | WARNING  | __main__:<module>:44 - accuracy		mean:0.695	std:0.034
2022-10-25 21:43:48.698 | WARNING  | __main__:<module>:45 - precision		mean:0.709	std:0.029
2022-10-25 21:43:48.699 | WARNING  | __main__:<module>:46 - recall		mean:0.663	std:0.079
2022-10-25 21:43:48.700 | WARNING  | __main__:<module>:47 - f1		mean:0.683	std:0.048
