2022-10-15 18:58:13.594 | INFO     | __main__:<module>:50 - 使用 互信息法 进行特征筛选
2022-10-15 18:58:14.220 | INFO     | __main__:<module>:98 - 使用 SMOTETomek 混合采样
2022-10-15 18:58:14.249 | INFO     | __main__:<module>:103 - 数据平衡前：非DPN组有490条,DPN组有603条
2022-10-15 18:58:14.251 | INFO     | __main__:<module>:104 - 数据平衡后：非DPN组有529条,DPN组有529条
2022-10-15 18:58:30.339 | INFO     | __main__:<module>:136 - {'max_depth': 10, 'grow_policy': 'depthwise', 'learning_rate': 1.397597132999137e-08, 'gamma': 1.1890940674299302e-05, 'reg_lambda': 3.3719903432276614e-05, 'reg_alpha': 0.05197842686254754, 'subsample': 0.9249655462725781, 'colsample_bytree': 0.4162524374852785}
2022-10-15 18:58:30.512 | WARNING  | __main__:<module>:151 - 0.791	0.771	0.885	0.824
2022-10-15 18:58:31.709 | WARNING  | __main__:<module>:151 - 0.773	0.781	0.82	0.8
2022-10-15 18:58:32.916 | WARNING  | __main__:<module>:151 - 0.755	0.774	0.787	0.78
2022-10-15 18:58:34.155 | WARNING  | __main__:<module>:151 - 0.853	0.844	0.9	0.871
2022-10-15 18:58:35.686 | WARNING  | __main__:<module>:151 - 0.826	0.825	0.867	0.846
2022-10-15 18:58:36.897 | WARNING  | __main__:<module>:151 - 0.771	0.761	0.85	0.803
2022-10-15 18:58:38.090 | WARNING  | __main__:<module>:151 - 0.826	0.825	0.867	0.846
2022-10-15 18:58:39.283 | WARNING  | __main__:<module>:151 - 0.734	0.763	0.75	0.756
2022-10-15 18:58:40.506 | WARNING  | __main__:<module>:151 - 0.798	0.797	0.85	0.823
2022-10-15 18:58:41.720 | WARNING  | __main__:<module>:151 - 0.771	0.746	0.883	0.809
2022-10-15 18:58:42.784 | WARNING  | __main__:<module>:157 - accuracy		mean:0.79	std:0.035
2022-10-15 18:58:42.785 | WARNING  | __main__:<module>:159 - precision		mean:0.789	std:0.031
2022-10-15 18:58:42.787 | WARNING  | __main__:<module>:161 - recall		mean:0.846	std:0.045
2022-10-15 18:58:42.788 | WARNING  | __main__:<module>:163 - f1		mean:0.816	std:0.032
2022-10-15 19:00:49.997 | INFO     | __main__:<module>:62 - 使用嵌入法进行特征选择,剩余(1093, 47)个特征
2022-10-15 19:00:50.006 | INFO     | __main__:<module>:98 - 使用 SMOTETomek 混合采样
2022-10-15 19:00:50.038 | INFO     | __main__:<module>:103 - 数据平衡前：非DPN组有490条,DPN组有603条
2022-10-15 19:00:50.040 | INFO     | __main__:<module>:104 - 数据平衡后：非DPN组有549条,DPN组有549条
2022-10-15 19:01:07.112 | INFO     | __main__:<module>:136 - {'max_depth': 8, 'grow_policy': 'lossguide', 'learning_rate': 5.06037083399496e-06, 'gamma': 1.2375556512890374e-05, 'reg_lambda': 1.8431952733263562e-08, 'reg_alpha': 9.697340988709899e-08, 'subsample': 0.7134276842049526, 'colsample_bytree': 0.3438643535582563}
2022-10-15 19:01:07.281 | WARNING  | __main__:<module>:151 - 0.727	0.718	0.836	0.773
2022-10-15 19:01:08.280 | WARNING  | __main__:<module>:151 - 0.755	0.75	0.836	0.791
2022-10-15 19:01:09.288 | WARNING  | __main__:<module>:151 - 0.745	0.746	0.82	0.781
2022-10-15 19:01:10.288 | WARNING  | __main__:<module>:151 - 0.798	0.764	0.917	0.833
2022-10-15 19:01:11.285 | WARNING  | __main__:<module>:151 - 0.752	0.709	0.933	0.806
2022-10-15 19:01:12.302 | WARNING  | __main__:<module>:151 - 0.752	0.746	0.833	0.787
2022-10-15 19:01:13.336 | WARNING  | __main__:<module>:151 - 0.743	0.716	0.883	0.791
2022-10-15 19:01:14.348 | WARNING  | __main__:<module>:151 - 0.743	0.742	0.817	0.778
2022-10-15 19:01:15.364 | WARNING  | __main__:<module>:151 - 0.771	0.746	0.883	0.809
2022-10-15 19:01:16.449 | WARNING  | __main__:<module>:151 - 0.771	0.746	0.883	0.809
2022-10-15 19:01:17.356 | WARNING  | __main__:<module>:157 - accuracy		mean:0.756	std:0.019
2022-10-15 19:01:17.358 | WARNING  | __main__:<module>:159 - precision		mean:0.739	std:0.017
2022-10-15 19:01:17.359 | WARNING  | __main__:<module>:161 - recall		mean:0.864	std:0.039
2022-10-15 19:01:17.360 | WARNING  | __main__:<module>:163 - f1		mean:0.796	std:0.017
