2022-10-20 11:18:41.669 | INFO     | __main__:<module>:141 - 0.8888888888888888
2022-10-20 11:18:41.671 | INFO     | __main__:<module>:142 - {'score_func': 'mutual_info_classif', 'k': 38, 'n_estimators': 5864, 'max_depth': 100, 'grow_policy': 'lossguide', 'learning_rate': 0.00047771284786741016, 'gamma': 0.0022427758128861206, 'reg_lambda': 0.0005024994898759522, 'reg_alpha': 2.548867863806043e-06, 'subsample': 0.843879811878735, 'colsample_bytree': 0.6472523723922313}
2022-10-20 11:18:41.675 | INFO     | __main__:<module>:173 - 测试集特征筛选前:(110, 153)
2022-10-20 11:18:41.931 | INFO     | __main__:<module>:175 - 测试集特征筛选后:(110, 38)
2022-10-20 11:18:51.927 | WARNING  | __main__:<module>:197 - 0.973	1.0	0.5	0.667
2022-10-20 11:19:03.238 | WARNING  | __main__:<module>:197 - 0.892	0.0	0.0	0.0
2022-10-20 11:19:14.238 | WARNING  | __main__:<module>:197 - 0.778	0.0	0.0	0.0
2022-10-20 11:19:15.517 | WARNING  | __main__:<module>:203 - accuracy		mean:0.881	std:0.08
2022-10-20 11:19:15.518 | WARNING  | __main__:<module>:204 - precision		mean:0.333	std:0.471
2022-10-20 11:19:15.519 | WARNING  | __main__:<module>:205 - recall		mean:0.167	std:0.236
2022-10-20 11:19:15.520 | WARNING  | __main__:<module>:206 - f1		mean:0.222	std:0.314
2022-10-20 12:05:41.530 | INFO     | __main__:<module>:141 - 0.8888888888888888
2022-10-20 12:05:41.532 | INFO     | __main__:<module>:142 - {'score_func': 'mutual_info_classif', 'k': 74, 'n_estimators': 5240, 'max_depth': 43, 'grow_policy': 'lossguide', 'learning_rate': 0.03566190618083615, 'gamma': 2.1990561852020537e-07, 'reg_lambda': 1.0628309841846256e-07, 'reg_alpha': 9.03707539607833e-07, 'subsample': 0.7374533548313599, 'colsample_bytree': 0.6860483333205218}
2022-10-20 12:05:41.537 | INFO     | __main__:<module>:173 - 测试集特征筛选前:(110, 153)
2022-10-20 12:05:41.775 | INFO     | __main__:<module>:175 - 测试集特征筛选后:(110, 74)
2022-10-20 12:05:41.789 | INFO     | __main__:<module>:177 - 数据平衡前:Counter({0.0: 56, 1.0: 54})
2022-10-20 12:05:41.808 | INFO     | __main__:<module>:179 - 数据平衡后:Counter({1.0: 48, 0.0: 48})
2022-10-20 12:05:46.152 | WARNING  | __main__:<module>:196 - 0.594	0.552	1.0	0.711
2022-10-20 12:05:51.561 | WARNING  | __main__:<module>:196 - 0.562	0.6	0.375	0.462
2022-10-20 12:05:56.970 | WARNING  | __main__:<module>:196 - 0.625	0.643	0.562	0.6
2022-10-20 12:05:57.718 | WARNING  | __main__:<module>:202 - accuracy		mean:0.594	std:0.026
2022-10-20 12:05:57.719 | WARNING  | __main__:<module>:203 - precision		mean:0.598	std:0.037
2022-10-20 12:05:57.720 | WARNING  | __main__:<module>:204 - recall		mean:0.646	std:0.262
2022-10-20 12:05:57.722 | WARNING  | __main__:<module>:205 - f1		mean:0.591	std:0.102
2022-10-20 12:17:42.425 | INFO     | __main__:<module>:142 - 0.8686868686868687
2022-10-20 12:17:42.430 | INFO     | __main__:<module>:143 - {'score_func': 'mutual_info_classif', 'k': 44, 'n_estimators': 5994, 'max_depth': 32, 'grow_policy': 'depthwise', 'learning_rate': 0.003847500467075484, 'gamma': 0.00010138229902375008, 'reg_lambda': 0.023565832741838606, 'reg_alpha': 0.00032089152643937204, 'subsample': 0.5202299205045073, 'colsample_bytree': 0.9035155747792754}
2022-10-20 12:17:42.521 | INFO     | __main__:<module>:175 - 测试集特征筛选前:(110, 153)
2022-10-20 12:17:42.744 | INFO     | __main__:<module>:177 - 测试集特征筛选后:(110, 44)
2022-10-20 12:26:21.364 | INFO     | __main__:<module>:142 - 0.8686868686868687
2022-10-20 12:26:21.366 | INFO     | __main__:<module>:143 - {'score_func': 'mutual_info_classif', 'k': 78, 'n_estimators': 5521, 'max_depth': 24, 'grow_policy': 'depthwise', 'learning_rate': 0.0020340884307082758, 'gamma': 0.0148665269948441, 'reg_lambda': 0.6295284530979228, 'reg_alpha': 1.1977676054198887e-05, 'subsample': 0.3651726380082328, 'colsample_bytree': 0.5745274602461831}
2022-10-20 12:26:21.389 | INFO     | __main__:<module>:176 - 测试集特征筛选前:(110, 153)
2022-10-20 12:26:21.647 | INFO     | __main__:<module>:178 - 测试集特征筛选后:(110, 78)
2022-10-20 12:28:06.808 | INFO     | __main__:<module>:142 - 0.8080808080808081
2022-10-20 12:28:06.815 | INFO     | __main__:<module>:143 - {'score_func': 'mutual_info_classif', 'k': 30, 'n_estimators': 5830, 'max_depth': 52, 'grow_policy': 'lossguide', 'learning_rate': 2.52384206946298e-08, 'gamma': 0.6623108585161784, 'reg_lambda': 1.545047535594788e-07, 'reg_alpha': 0.46130170104450774, 'subsample': 0.9474550013178016, 'colsample_bytree': 0.41919960852257454}
2022-10-20 12:28:06.820 | INFO     | __main__:<module>:176 - 测试集特征筛选前:(110, 153)
2022-10-20 12:28:07.067 | INFO     | __main__:<module>:178 - 测试集特征筛选后:(110, 30)
2022-10-20 12:32:33.282 | INFO     | __main__:<module>:144 - 0.797979797979798
2022-10-20 12:32:33.285 | INFO     | __main__:<module>:145 - {'score_func': 'f_classif', 'k': 40, 'n_estimators': 5624, 'max_depth': 14, 'grow_policy': 'lossguide', 'learning_rate': 3.2888822442791125e-06, 'gamma': 0.0003289250670547939, 'reg_lambda': 2.9398412126942326e-05, 'reg_alpha': 2.8199380224403095e-05, 'subsample': 0.9124602639116179, 'colsample_bytree': 0.2575270083647798}
2022-10-20 12:32:33.296 | INFO     | __main__:<module>:178 - 测试集特征筛选前:(110, 153)
2022-10-20 12:32:33.303 | INFO     | __main__:<module>:180 - 测试集特征筛选后:(110, 40)
2022-10-20 12:33:50.238 | INFO     | __main__:<module>:144 - 0.7777777777777778
2022-10-20 12:33:50.241 | INFO     | __main__:<module>:145 - {'score_func': 'chi2', 'k': 58, 'n_estimators': 5191, 'max_depth': 8, 'grow_policy': 'lossguide', 'learning_rate': 3.5096098346570536e-07, 'gamma': 0.4459043690878357, 'reg_lambda': 1.312590112888439e-07, 'reg_alpha': 0.05402147478671353, 'subsample': 0.23076676102158214, 'colsample_bytree': 0.9542155441527527}
2022-10-20 12:33:50.251 | INFO     | __main__:<module>:178 - 测试集特征筛选前:(110, 153)
2022-10-20 12:33:50.262 | INFO     | __main__:<module>:180 - 测试集特征筛选后:(110, 58)
2022-10-20 12:37:11.026 | INFO     | __main__:<module>:144 - 0.797979797979798
2022-10-20 12:37:11.029 | INFO     | __main__:<module>:145 - {'score_func': 'chi2', 'k': 72, 'n_estimators': 5528, 'max_depth': 81, 'grow_policy': 'lossguide', 'learning_rate': 1.3844724334263584e-06, 'gamma': 2.9812232016025165e-05, 'reg_lambda': 7.547765545683576e-08, 'reg_alpha': 1.9069710208968827e-08, 'subsample': 0.4559229677131524, 'colsample_bytree': 0.8869942460769129}
2022-10-20 12:37:11.040 | INFO     | __main__:<module>:178 - 测试集特征筛选前:(110, 153)
2022-10-20 12:37:11.046 | INFO     | __main__:<module>:180 - 测试集特征筛选后:(110, 72)
2022-10-20 12:38:37.771 | INFO     | __main__:<module>:144 - 0.8181818181818182
2022-10-20 12:38:37.775 | INFO     | __main__:<module>:145 - {'score_func': 'mutual_info_classif', 'k': 70, 'n_estimators': 5093, 'max_depth': 77, 'grow_policy': 'depthwise', 'learning_rate': 2.2272794388276486e-07, 'gamma': 6.082945636913556e-07, 'reg_lambda': 0.0007354607130243541, 'reg_alpha': 2.5387457030149876e-05, 'subsample': 0.41137303970899985, 'colsample_bytree': 0.3426633506542676}
2022-10-20 12:46:12.999 | INFO     | __main__:<module>:144 - 0.8686868686868687
2022-10-20 12:46:13.015 | INFO     | __main__:<module>:145 - {'score_func': 'mutual_info_classif', 'k': 32, 'n_estimators': 5085, 'max_depth': 68, 'grow_policy': 'lossguide', 'learning_rate': 4.054366301083519e-05, 'gamma': 4.0707589509294593e-07, 'reg_lambda': 1.008213841450137e-08, 'reg_alpha': 2.651287758072255e-07, 'subsample': 0.7618305614377666, 'colsample_bytree': 0.209598948492506}
2022-10-20 12:46:31.288 | INFO     | __main__:<module>:30 - 测试集特征筛选前:(110, 153)
2022-10-20 12:46:31.508 | INFO     | __main__:<module>:32 - 测试集特征筛选后:(110, 32)
2022-10-20 12:50:01.119 | INFO     | __main__:<module>:30 - 测试集特征筛选前:(110, 32)
2022-10-20 12:50:01.191 | INFO     | __main__:<module>:32 - 测试集特征筛选后:(110, 32)
2022-10-20 12:50:14.483 | INFO     | __main__:<module>:30 - 测试集特征筛选前:(110, 32)
2022-10-20 12:50:14.544 | INFO     | __main__:<module>:32 - 测试集特征筛选后:(110, 32)
2022-10-20 12:51:18.061 | INFO     | __main__:<module>:30 - 测试集特征筛选前:(110, 32)
2022-10-20 12:51:18.113 | INFO     | __main__:<module>:32 - 测试集特征筛选后:(110, 32)
2022-10-20 12:54:38.689 | INFO     | __main__:<module>:30 - 测试集特征筛选前:(110, 32)
2022-10-20 12:54:38.752 | INFO     | __main__:<module>:32 - 测试集特征筛选后:(110, 32)
2022-10-20 12:55:00.180 | INFO     | __main__:<module>:30 - 测试集特征筛选前:(110, 32)
2022-10-20 12:55:00.224 | INFO     | __main__:<module>:32 - 测试集特征筛选后:(110, 32)
2022-10-20 13:02:21.886 | INFO     | __main__:<module>:146 - 0.8686868686868687
2022-10-20 13:02:21.886 | INFO     | __main__:<module>:147 - {'score_func': 'mutual_info_classif', 'k': 38, 'n_estimators': 5501, 'max_depth': 28, 'grow_policy': 'lossguide', 'learning_rate': 0.0026528063510809973, 'gamma': 0.0048579186889579525, 'reg_lambda': 0.0031345355999760926, 'reg_alpha': 0.8075818824950468, 'subsample': 0.7459689470284215, 'colsample_bytree': 0.8297603137959993}
2022-10-20 13:02:35.225 | INFO     | __main__:<module>:30 - 测试集特征筛选前:(110, 153)
2022-10-20 13:02:35.446 | INFO     | __main__:<module>:32 - 测试集特征筛选后:(110, 38)
2022-10-20 13:02:38.877 | WARNING  | __main__:<module>:53 - 0.595	0.579	0.611	0.595
2022-10-20 13:02:43.489 | WARNING  | __main__:<module>:53 - 0.568	0.583	0.389	0.467
2022-10-20 13:02:48.220 | WARNING  | __main__:<module>:53 - 0.722	0.75	0.667	0.706
2022-10-20 13:02:49.350 | WARNING  | __main__:<module>:58 - accuracy		mean:0.628	std:0.067
2022-10-20 13:02:49.353 | WARNING  | __main__:<module>:59 - precision		mean:0.637	std:0.08
2022-10-20 13:02:49.355 | WARNING  | __main__:<module>:60 - recall		mean:0.556	std:0.12
2022-10-20 13:02:49.357 | WARNING  | __main__:<module>:61 - f1		mean:0.589	std:0.098
2022-10-20 13:03:03.282 | INFO     | __main__:<module>:30 - 测试集特征筛选前:(110, 38)
2022-10-20 13:03:03.355 | INFO     | __main__:<module>:32 - 测试集特征筛选后:(110, 38)
2022-10-20 13:03:06.845 | WARNING  | __main__:<module>:52 - 0.595	0.579	0.611	0.595
2022-10-20 13:03:11.546 | WARNING  | __main__:<module>:52 - 0.568	0.583	0.389	0.467
2022-10-20 13:03:16.539 | WARNING  | __main__:<module>:52 - 0.722	0.75	0.667	0.706
2022-10-20 13:03:17.672 | WARNING  | __main__:<module>:57 - accuracy		mean:0.628	std:0.067
2022-10-20 13:03:17.672 | WARNING  | __main__:<module>:58 - precision		mean:0.637	std:0.08
2022-10-20 13:03:17.672 | WARNING  | __main__:<module>:59 - recall		mean:0.556	std:0.12
2022-10-20 13:03:17.679 | WARNING  | __main__:<module>:60 - f1		mean:0.589	std:0.098
2022-10-20 13:05:57.861 | INFO     | __main__:<module>:30 - 测试集特征筛选前:(110, 38)
2022-10-20 13:05:57.920 | INFO     | __main__:<module>:32 - 测试集特征筛选后:(110, 38)
2022-10-20 13:06:43.666 | WARNING  | __main__:<module>:67 - accuracy		mean:0.678	std:0.092
2022-10-20 13:06:43.669 | WARNING  | __main__:<module>:68 - precision		mean:0.684	std:0.094
2022-10-20 13:06:43.671 | WARNING  | __main__:<module>:69 - recall		mean:0.651	std:0.168
2022-10-20 13:06:43.674 | WARNING  | __main__:<module>:70 - f1		mean:0.662	std:0.132
