2022-10-18 21:11:26.554 | INFO     | __main__:<module>:125 - 0.9497716894977168
2022-10-18 21:11:26.563 | INFO     | __main__:<module>:126 - {'score_func': <function f_classif at 0x000002AF8AB2D0D0>, 'k': 54, 'penality': 'l2', 'n_estimators': 5203, 'max_depth': 19, 'grow_policy': 'depthwise', 'learning_rate': 0.0005063816578484238, 'gamma': 0.4002258092352208, 'reg_lambda': 0.008325552237283937, 'reg_alpha': 0.001279718692470834, 'subsample': 0.34737218001521813, 'colsample_bytree': 0.9701784504146882}
2022-10-18 21:13:25.262 | INFO     | __main__:<module>:124 - 0.9452054794520548
2022-10-18 21:13:25.271 | INFO     | __main__:<module>:125 - {'score_func': <function mutual_info_classif at 0x000002AF8AB42040>, 'k': 30, 'n_estimators': 5268, 'max_depth': 29, 'grow_policy': 'lossguide', 'learning_rate': 3.8402201654171e-06, 'gamma': 2.287656859453646e-05, 'reg_lambda': 2.1124096948791304e-05, 'reg_alpha': 1.3006327532071247e-05, 'subsample': 0.2106013865473469, 'colsample_bytree': 0.6051145639552356}
2022-10-18 21:15:30.170 | INFO     | __main__:<module>:124 - 0.9360730593607306
2022-10-18 21:15:30.186 | INFO     | __main__:<module>:125 - {'score_func': <function mutual_info_classif at 0x000002AF8AB42040>, 'k': 32, 'n_estimators': 5144, 'max_depth': 41, 'grow_policy': 'depthwise', 'learning_rate': 0.0003212140120789863, 'gamma': 1.4062818545035005e-08, 'reg_lambda': 0.00032027618048003145, 'reg_alpha': 3.370315619226541e-06, 'subsample': 0.27745845230999067, 'colsample_bytree': 0.3614798305193209}
2022-10-18 21:18:02.973 | INFO     | __main__:<module>:123 - 0.9497716894977168
2022-10-18 21:18:02.973 | INFO     | __main__:<module>:124 - {'score_func': <function mutual_info_classif at 0x000002AF8AB42040>, 'k': 60, 'n_estimators': 5287, 'max_depth': 39, 'grow_policy': 'lossguide', 'learning_rate': 2.8836926910550003e-06, 'gamma': 4.171433611191708e-06, 'reg_lambda': 0.007877703601798288, 'reg_alpha': 0.00014111185318443965, 'subsample': 0.7687900347458121, 'colsample_bytree': 0.7238848123228636}
2022-10-18 21:20:09.438 | INFO     | __main__:<module>:123 - 0.958904109589041
2022-10-18 21:20:09.440 | INFO     | __main__:<module>:124 - {'score_func': <function f_classif at 0x000002AF8AB2D0D0>, 'k': 44, 'n_estimators': 5223, 'max_depth': 11, 'grow_policy': 'lossguide', 'learning_rate': 5.499608088244506e-05, 'gamma': 1.3068490399242097e-07, 'reg_lambda': 4.8707108776968207e-05, 'reg_alpha': 0.008862881848054269, 'subsample': 0.3352662518718451, 'colsample_bytree': 0.5010944194576683}
2022-10-18 21:21:08.737 | INFO     | __main__:<module>:123 - 0.9497716894977168
2022-10-18 21:21:08.747 | INFO     | __main__:<module>:124 - {'score_func': <function f_classif at 0x000002AF8AB2D0D0>, 'k': 50, 'n_estimators': 5036, 'max_depth': 11, 'grow_policy': 'lossguide', 'learning_rate': 0.0001913862190546802, 'gamma': 1.9065000489180442e-08, 'reg_lambda': 1.0006237459670903e-05, 'reg_alpha': 3.122468729074926e-08, 'subsample': 0.43039739681416966, 'colsample_bytree': 0.8866117732494252}
2022-10-18 21:22:05.242 | INFO     | __main__:<module>:123 - 0.9497716894977168
2022-10-18 21:22:05.252 | INFO     | __main__:<module>:124 - {'score_func': <function mutual_info_classif at 0x000002AF8AB42040>, 'k': 72, 'n_estimators': 5769, 'max_depth': 39, 'grow_policy': 'lossguide', 'learning_rate': 9.617116390972259e-08, 'gamma': 1.0943357291346977e-05, 'reg_lambda': 0.0006473702226738066, 'reg_alpha': 0.21134647955949004, 'subsample': 0.6298346722433847, 'colsample_bytree': 0.4634646681167227}
2022-10-18 21:24:18.674 | INFO     | __main__:<module>:125 - 0.9497716894977168
2022-10-18 21:24:18.677 | INFO     | __main__:<module>:126 - {'score_func': <function mutual_info_classif at 0x000002AF8AB42040>, 'k': 50, 'n_estimators': 5902, 'max_depth': 33, 'grow_policy': 'lossguide', 'learning_rate': 1.2724712304786875e-08, 'gamma': 0.00016191087996714383, 'reg_lambda': 0.008015634034903634, 'reg_alpha': 7.852331904326163e-06, 'subsample': 0.6180027676011264, 'colsample_bytree': 0.47262211422387035}
2022-10-18 21:32:14.887 | INFO     | __main__:<module>:129 - 0.9497716894977168
2022-10-18 21:32:14.897 | INFO     | __main__:<module>:130 - {'score_func': 'chi2', 'k': 34, 'n_estimators': 5295, 'max_depth': 25, 'grow_policy': 'lossguide', 'learning_rate': 0.0003855003023967979, 'gamma': 4.228818188687628e-08, 'reg_lambda': 1.463575354203018e-07, 'reg_alpha': 5.352533253426442e-07, 'subsample': 0.9764743836675467, 'colsample_bytree': 0.8742093213208031}
2022-10-18 21:45:43.152 | INFO     | __main__:<module>:129 - 0.9452054794520548
2022-10-18 21:45:43.156 | INFO     | __main__:<module>:130 - {'score_func': 'chi2', 'k': 68, 'n_estimators': 5944, 'max_depth': 5, 'grow_policy': 'lossguide', 'learning_rate': 1.0438093702096177e-08, 'gamma': 5.046270900411346e-05, 'reg_lambda': 0.00019022431396090923, 'reg_alpha': 7.900814433710014e-06, 'subsample': 0.2524951635761825, 'colsample_bytree': 0.863790576106739}
