2022-10-18 15:09:27.947 | INFO     | __main__:<module>:62 - 使用嵌入法进行特征选择,剩余(1093, 65)个特征
2022-10-18 15:09:27.947 | INFO     | __main__:<module>:98 - 使用 SMOTETomek 混合采样
2022-10-18 15:09:27.973 | INFO     | __main__:<module>:103 - 数据平衡前：非DPN组有490条,DPN组有603条
2022-10-18 15:09:27.990 | INFO     | __main__:<module>:104 - 数据平衡后：非DPN组有566条,DPN组有566条
2022-10-18 15:09:50.829 | INFO     | __main__:<module>:136 - {'max_depth': 6, 'grow_policy': 'lossguide', 'learning_rate': 0.1655299914449594, 'gamma': 0.0002486950423058128, 'reg_lambda': 0.03679511614783276, 'reg_alpha': 2.4543105534449794e-06, 'subsample': 0.939325846582196, 'colsample_bytree': 0.8020612827047233}
2022-10-18 15:09:51.026 | WARNING  | __main__:<module>:151 - 0.809	0.794	0.885	0.837
2022-10-18 15:09:51.844 | WARNING  | __main__:<module>:151 - 0.736	0.75	0.787	0.768
2022-10-18 15:09:52.624 | WARNING  | __main__:<module>:151 - 0.745	0.77	0.77	0.77
2022-10-18 15:09:53.540 | WARNING  | __main__:<module>:151 - 0.844	0.852	0.867	0.86
2022-10-18 15:09:54.349 | WARNING  | __main__:<module>:151 - 0.826	0.797	0.917	0.853
2022-10-18 15:09:55.213 | WARNING  | __main__:<module>:151 - 0.743	0.75	0.8	0.774
2022-10-18 15:09:56.094 | WARNING  | __main__:<module>:151 - 0.761	0.766	0.817	0.79
2022-10-18 15:09:56.953 | WARNING  | __main__:<module>:151 - 0.807	0.831	0.817	0.824
2022-10-18 15:09:57.804 | WARNING  | __main__:<module>:151 - 0.789	0.803	0.817	0.81
2022-10-18 15:09:58.631 | WARNING  | __main__:<module>:151 - 0.78	0.781	0.833	0.806
2022-10-18 15:09:59.268 | WARNING  | __main__:<module>:159 - accuracy		mean:0.784	std:0.035
2022-10-18 15:09:59.269 | WARNING  | __main__:<module>:161 - precision		mean:0.789	std:0.032
2022-10-18 15:09:59.270 | WARNING  | __main__:<module>:163 - recall		mean:0.831	std:0.043
2022-10-18 15:09:59.271 | WARNING  | __main__:<module>:165 - f1		mean:0.809	std:0.032
2022-10-18 15:10:08.632 | INFO     | __main__:<module>:62 - 使用嵌入法进行特征选择,剩余(1093, 65)个特征
2022-10-18 15:10:08.633 | INFO     | __main__:<module>:98 - 使用 SMOTETomek 混合采样
2022-10-18 15:10:08.655 | INFO     | __main__:<module>:103 - 数据平衡前：非DPN组有490条,DPN组有603条
2022-10-18 15:10:08.655 | INFO     | __main__:<module>:104 - 数据平衡后：非DPN组有566条,DPN组有566条
2022-10-18 15:10:31.283 | INFO     | __main__:<module>:136 - {'max_depth': 6, 'grow_policy': 'depthwise', 'learning_rate': 0.058662497756436775, 'gamma': 2.736821605762101e-06, 'reg_lambda': 6.26988807036193e-08, 'reg_alpha': 0.0001020350603028558, 'subsample': 0.7813348330961989, 'colsample_bytree': 0.5254205664876321}
2022-10-18 15:10:31.469 | WARNING  | __main__:<module>:151 - 0.8	0.791	0.869	0.828
2022-10-18 15:10:32.389 | WARNING  | __main__:<module>:151 - 0.718	0.714	0.82	0.763
2022-10-18 15:10:33.255 | WARNING  | __main__:<module>:151 - 0.727	0.738	0.787	0.762
2022-10-18 15:10:34.167 | WARNING  | __main__:<module>:151 - 0.807	0.791	0.883	0.835
2022-10-18 15:10:35.089 | WARNING  | __main__:<module>:151 - 0.798	0.764	0.917	0.833
2022-10-18 15:10:36.141 | WARNING  | __main__:<module>:151 - 0.752	0.746	0.833	0.787
2022-10-18 15:10:37.041 | WARNING  | __main__:<module>:151 - 0.798	0.779	0.883	0.828
2022-10-18 15:10:37.941 | WARNING  | __main__:<module>:151 - 0.798	0.839	0.783	0.81
2022-10-18 15:10:38.807 | WARNING  | __main__:<module>:151 - 0.789	0.785	0.85	0.816
2022-10-18 15:10:39.701 | WARNING  | __main__:<module>:151 - 0.817	0.812	0.867	0.839
2022-10-18 15:10:40.407 | WARNING  | __main__:<module>:158 - accuracy		mean:0.781	std:0.033
2022-10-18 15:10:40.409 | WARNING  | __main__:<module>:160 - precision		mean:0.776	std:0.035
2022-10-18 15:10:40.409 | WARNING  | __main__:<module>:162 - recall		mean:0.849	std:0.041
2022-10-18 15:10:40.410 | WARNING  | __main__:<module>:164 - f1		mean:0.81	std:0.028
