2022-10-18 16:57:05.469 | INFO     | __main__:<module>:59 - 使用 互信息法 进行特征筛选
2022-10-18 16:57:06.083 | INFO     | __main__:<module>:107 - 使用 SMOTETomek 混合采样
2022-10-18 16:57:06.114 | INFO     | __main__:<module>:112 - 数据平衡前：非DPN组有490条,DPN组有603条
2022-10-18 16:57:06.117 | INFO     | __main__:<module>:113 - 数据平衡后：非DPN组有529条,DPN组有529条
2022-10-18 16:57:06.347 | WARNING  | __main__:<module>:161 - 0.809	0.778	0.918	0.842
2022-10-18 16:57:06.562 | WARNING  | __main__:<module>:161 - 0.791	0.797	0.836	0.816
2022-10-18 16:57:06.762 | WARNING  | __main__:<module>:161 - 0.736	0.742	0.803	0.772
2022-10-18 16:57:06.999 | WARNING  | __main__:<module>:161 - 0.826	0.806	0.9	0.85
2022-10-18 16:57:07.235 | WARNING  | __main__:<module>:161 - 0.844	0.841	0.883	0.862
2022-10-18 16:57:07.430 | WARNING  | __main__:<module>:161 - 0.752	0.739	0.85	0.791
2022-10-18 16:57:07.617 | WARNING  | __main__:<module>:161 - 0.853	0.855	0.883	0.869
2022-10-18 16:57:07.806 | WARNING  | __main__:<module>:161 - 0.743	0.742	0.817	0.778
2022-10-18 16:57:07.990 | WARNING  | __main__:<module>:161 - 0.743	0.758	0.783	0.77
2022-10-18 16:57:08.178 | WARNING  | __main__:<module>:161 - 0.78	0.757	0.883	0.815
2022-10-18 16:57:08.180 | WARNING  | __main__:<module>:168 - accuracy		mean:0.788	std:0.042
2022-10-18 16:57:08.182 | WARNING  | __main__:<module>:170 - precision		mean:0.782	std:0.04
2022-10-18 16:57:08.184 | WARNING  | __main__:<module>:172 - recall		mean:0.856	std:0.043
2022-10-18 16:57:08.186 | WARNING  | __main__:<module>:174 - f1		mean:0.817	std:0.036
2022-10-18 16:57:10.925 | INFO     | __main__:<module>:59 - 使用 互信息法 进行特征筛选
2022-10-18 16:57:11.552 | INFO     | __main__:<module>:107 - 使用 SMOTETomek 混合采样
2022-10-18 16:57:11.592 | INFO     | __main__:<module>:112 - 数据平衡前：非DPN组有490条,DPN组有603条
2022-10-18 16:57:11.592 | INFO     | __main__:<module>:113 - 数据平衡后：非DPN组有526条,DPN组有526条
2022-10-18 16:57:11.805 | WARNING  | __main__:<module>:161 - 0.809	0.803	0.869	0.835
2022-10-18 16:57:12.004 | WARNING  | __main__:<module>:161 - 0.755	0.766	0.803	0.784
2022-10-18 16:57:12.209 | WARNING  | __main__:<module>:161 - 0.755	0.783	0.77	0.777
2022-10-18 16:57:12.405 | WARNING  | __main__:<module>:161 - 0.844	0.821	0.917	0.866
2022-10-18 16:57:12.585 | WARNING  | __main__:<module>:161 - 0.826	0.815	0.883	0.848
2022-10-18 16:57:12.753 | WARNING  | __main__:<module>:161 - 0.752	0.739	0.85	0.791
2022-10-18 16:57:12.940 | WARNING  | __main__:<module>:161 - 0.872	0.883	0.883	0.883
2022-10-18 16:57:13.119 | WARNING  | __main__:<module>:161 - 0.743	0.758	0.783	0.77
2022-10-18 16:57:13.301 | WARNING  | __main__:<module>:161 - 0.826	0.815	0.883	0.848
2022-10-18 16:57:13.469 | WARNING  | __main__:<module>:161 - 0.817	0.786	0.917	0.846
2022-10-18 16:57:13.477 | WARNING  | __main__:<module>:168 - accuracy		mean:0.8	std:0.043
2022-10-18 16:57:13.478 | WARNING  | __main__:<module>:170 - precision		mean:0.797	std:0.039
2022-10-18 16:57:13.480 | WARNING  | __main__:<module>:172 - recall		mean:0.856	std:0.05
2022-10-18 16:57:13.481 | WARNING  | __main__:<module>:174 - f1		mean:0.825	std:0.039
2022-10-18 16:57:15.991 | INFO     | __main__:<module>:59 - 使用 互信息法 进行特征筛选
2022-10-18 16:57:16.613 | INFO     | __main__:<module>:107 - 使用 SMOTETomek 混合采样
2022-10-18 16:57:16.643 | INFO     | __main__:<module>:112 - 数据平衡前：非DPN组有490条,DPN组有603条
2022-10-18 16:57:16.643 | INFO     | __main__:<module>:113 - 数据平衡后：非DPN组有529条,DPN组有529条
2022-10-18 16:57:16.860 | WARNING  | __main__:<module>:161 - 0.818	0.789	0.918	0.848
2022-10-18 16:57:17.051 | WARNING  | __main__:<module>:161 - 0.764	0.769	0.82	0.794
2022-10-18 16:57:17.240 | WARNING  | __main__:<module>:161 - 0.736	0.742	0.803	0.772
2022-10-18 16:57:17.425 | WARNING  | __main__:<module>:161 - 0.789	0.761	0.9	0.824
2022-10-18 16:57:17.616 | WARNING  | __main__:<module>:161 - 0.807	0.783	0.9	0.837
2022-10-18 16:57:17.806 | WARNING  | __main__:<module>:161 - 0.752	0.739	0.85	0.791
2022-10-18 16:57:17.993 | WARNING  | __main__:<module>:161 - 0.835	0.818	0.9	0.857
2022-10-18 16:57:18.180 | WARNING  | __main__:<module>:161 - 0.734	0.746	0.783	0.764
2022-10-18 16:57:18.363 | WARNING  | __main__:<module>:161 - 0.771	0.769	0.833	0.8
2022-10-18 16:57:18.546 | WARNING  | __main__:<module>:161 - 0.789	0.768	0.883	0.822
2022-10-18 16:57:18.546 | WARNING  | __main__:<module>:168 - accuracy		mean:0.78	std:0.032
2022-10-18 16:57:18.552 | WARNING  | __main__:<module>:170 - precision		mean:0.768	std:0.023
2022-10-18 16:57:18.554 | WARNING  | __main__:<module>:172 - recall		mean:0.859	std:0.045
2022-10-18 16:57:18.556 | WARNING  | __main__:<module>:174 - f1		mean:0.811	std:0.03
2022-10-18 16:57:21.258 | INFO     | __main__:<module>:59 - 使用 互信息法 进行特征筛选
2022-10-18 16:57:21.904 | INFO     | __main__:<module>:107 - 使用 SMOTETomek 混合采样
2022-10-18 16:57:21.940 | INFO     | __main__:<module>:112 - 数据平衡前：非DPN组有490条,DPN组有603条
2022-10-18 16:57:21.942 | INFO     | __main__:<module>:113 - 数据平衡后：非DPN组有526条,DPN组有526条
2022-10-18 16:57:22.158 | WARNING  | __main__:<module>:161 - 0.791	0.757	0.918	0.83
2022-10-18 16:57:22.342 | WARNING  | __main__:<module>:161 - 0.809	0.803	0.869	0.835
2022-10-18 16:57:22.534 | WARNING  | __main__:<module>:161 - 0.736	0.742	0.803	0.772
2022-10-18 16:57:22.715 | WARNING  | __main__:<module>:161 - 0.817	0.77	0.95	0.851
2022-10-18 16:57:22.898 | WARNING  | __main__:<module>:161 - 0.835	0.809	0.917	0.859
2022-10-18 16:57:23.080 | WARNING  | __main__:<module>:161 - 0.743	0.742	0.817	0.778
2022-10-18 16:57:23.267 | WARNING  | __main__:<module>:161 - 0.844	0.841	0.883	0.862
2022-10-18 16:57:23.451 | WARNING  | __main__:<module>:161 - 0.752	0.77	0.783	0.777
2022-10-18 16:57:23.636 | WARNING  | __main__:<module>:161 - 0.844	0.831	0.9	0.864
2022-10-18 16:57:23.824 | WARNING  | __main__:<module>:161 - 0.807	0.791	0.883	0.835
2022-10-18 16:57:23.826 | WARNING  | __main__:<module>:168 - accuracy		mean:0.798	std:0.039
2022-10-18 16:57:23.828 | WARNING  | __main__:<module>:170 - precision		mean:0.786	std:0.033
2022-10-18 16:57:23.831 | WARNING  | __main__:<module>:172 - recall		mean:0.872	std:0.052
2022-10-18 16:57:23.832 | WARNING  | __main__:<module>:174 - f1		mean:0.826	std:0.035
2022-10-18 17:01:06.047 | INFO     | __main__:<module>:60 - 使用 互信息法 进行特征筛选
2022-10-18 17:01:06.668 | INFO     | __main__:<module>:108 - 使用 SMOTETomek 混合采样
2022-10-18 17:01:06.702 | INFO     | __main__:<module>:113 - 数据平衡前：非DPN组有490条,DPN组有603条
2022-10-18 17:01:06.704 | INFO     | __main__:<module>:114 - 数据平衡后：非DPN组有529条,DPN组有529条
2022-10-18 17:01:06.944 | WARNING  | __main__:<module>:163 - 0.818	0.766	0.967	0.855
2022-10-18 17:01:07.138 | WARNING  | __main__:<module>:163 - 0.782	0.776	0.852	0.812
2022-10-18 17:01:07.367 | WARNING  | __main__:<module>:163 - 0.764	0.769	0.82	0.794
2022-10-18 17:01:07.582 | WARNING  | __main__:<module>:163 - 0.862	0.817	0.967	0.885
2022-10-18 17:01:07.814 | WARNING  | __main__:<module>:163 - 0.835	0.8	0.933	0.862
2022-10-18 17:01:08.031 | WARNING  | __main__:<module>:163 - 0.761	0.75	0.85	0.797
2022-10-18 17:01:08.241 | WARNING  | __main__:<module>:163 - 0.853	0.833	0.917	0.873
2022-10-18 17:01:08.427 | WARNING  | __main__:<module>:163 - 0.725	0.75	0.75	0.75
2022-10-18 17:01:08.619 | WARNING  | __main__:<module>:163 - 0.761	0.766	0.817	0.79
2022-10-18 17:01:08.812 | WARNING  | __main__:<module>:163 - 0.78	0.75	0.9	0.818
2022-10-18 17:01:08.815 | WARNING  | __main__:<module>:170 - accuracy		mean:0.794	std:0.043
2022-10-18 17:01:08.817 | WARNING  | __main__:<module>:172 - precision		mean:0.778	std:0.028
2022-10-18 17:01:08.819 | WARNING  | __main__:<module>:174 - recall		mean:0.877	std:0.068
2022-10-18 17:01:08.821 | WARNING  | __main__:<module>:176 - f1		mean:0.824	std:0.041
2022-10-18 17:03:56.442 | WARNING  | __main__:<module>:19 - 0.887	0.887	0.887	0.887
2022-10-18 17:03:56.623 | WARNING  | __main__:<module>:19 - 0.764	0.833	0.66	0.737
2022-10-18 17:03:56.796 | WARNING  | __main__:<module>:19 - 0.755	0.776	0.717	0.745
2022-10-18 17:03:56.964 | WARNING  | __main__:<module>:19 - 0.736	0.727	0.755	0.741
2022-10-18 17:03:57.137 | WARNING  | __main__:<module>:19 - 0.83	0.857	0.792	0.824
2022-10-18 17:03:57.309 | WARNING  | __main__:<module>:19 - 0.849	0.849	0.849	0.849
2022-10-18 17:03:57.503 | WARNING  | __main__:<module>:19 - 0.811	0.811	0.811	0.811
2022-10-18 17:03:57.682 | WARNING  | __main__:<module>:19 - 0.811	0.811	0.811	0.811
2022-10-18 17:03:57.864 | WARNING  | __main__:<module>:19 - 0.848	0.849	0.849	0.849
2022-10-18 17:03:58.054 | WARNING  | __main__:<module>:19 - 0.838	0.807	0.885	0.844
2022-10-18 17:03:58.057 | WARNING  | __main__:<module>:26 - accuracy		mean:0.804	std:0.045
2022-10-18 17:03:58.059 | WARNING  | __main__:<module>:28 - precision		mean:0.799	std:0.042
2022-10-18 17:03:58.061 | WARNING  | __main__:<module>:30 - recall		mean:0.839	std:0.078
2022-10-18 17:03:58.062 | WARNING  | __main__:<module>:32 - f1		mean:0.817	std:0.046
2022-10-18 17:04:04.271 | WARNING  | __main__:<module>:19 - 0.887	0.887	0.887	0.887
2022-10-18 17:04:04.447 | WARNING  | __main__:<module>:19 - 0.764	0.833	0.66	0.737
2022-10-18 17:04:04.635 | WARNING  | __main__:<module>:19 - 0.755	0.776	0.717	0.745
2022-10-18 17:04:04.808 | WARNING  | __main__:<module>:19 - 0.736	0.727	0.755	0.741
2022-10-18 17:04:04.981 | WARNING  | __main__:<module>:19 - 0.83	0.857	0.792	0.824
2022-10-18 17:04:05.171 | WARNING  | __main__:<module>:19 - 0.849	0.849	0.849	0.849
2022-10-18 17:04:05.345 | WARNING  | __main__:<module>:19 - 0.811	0.811	0.811	0.811
2022-10-18 17:04:05.525 | WARNING  | __main__:<module>:19 - 0.811	0.811	0.811	0.811
2022-10-18 17:04:05.696 | WARNING  | __main__:<module>:19 - 0.848	0.849	0.849	0.849
2022-10-18 17:04:05.874 | WARNING  | __main__:<module>:19 - 0.838	0.807	0.885	0.844
2022-10-18 17:04:05.876 | WARNING  | __main__:<module>:26 - accuracy		mean:0.807	std:0.046
2022-10-18 17:04:05.878 | WARNING  | __main__:<module>:28 - precision		mean:0.806	std:0.044
2022-10-18 17:04:05.880 | WARNING  | __main__:<module>:30 - recall		mean:0.827	std:0.078
2022-10-18 17:04:05.881 | WARNING  | __main__:<module>:32 - f1		mean:0.814	std:0.047
2022-10-18 17:04:08.984 | WARNING  | __main__:<module>:19 - 0.887	0.887	0.887	0.887
2022-10-18 17:04:09.165 | WARNING  | __main__:<module>:19 - 0.764	0.833	0.66	0.737
2022-10-18 17:04:09.329 | WARNING  | __main__:<module>:19 - 0.755	0.776	0.717	0.745
2022-10-18 17:04:09.512 | WARNING  | __main__:<module>:19 - 0.736	0.727	0.755	0.741
2022-10-18 17:04:09.678 | WARNING  | __main__:<module>:19 - 0.83	0.857	0.792	0.824
2022-10-18 17:04:09.843 | WARNING  | __main__:<module>:19 - 0.849	0.849	0.849	0.849
2022-10-18 17:04:10.023 | WARNING  | __main__:<module>:19 - 0.811	0.811	0.811	0.811
2022-10-18 17:04:10.194 | WARNING  | __main__:<module>:19 - 0.811	0.811	0.811	0.811
2022-10-18 17:04:10.366 | WARNING  | __main__:<module>:19 - 0.848	0.849	0.849	0.849
2022-10-18 17:04:10.537 | WARNING  | __main__:<module>:19 - 0.838	0.807	0.885	0.844
2022-10-18 17:04:10.540 | WARNING  | __main__:<module>:26 - accuracy		mean:0.808	std:0.046
2022-10-18 17:04:10.541 | WARNING  | __main__:<module>:28 - precision		mean:0.81	std:0.044
2022-10-18 17:04:10.543 | WARNING  | __main__:<module>:30 - recall		mean:0.821	std:0.076
2022-10-18 17:04:10.545 | WARNING  | __main__:<module>:32 - f1		mean:0.813	std:0.048
2022-10-18 17:04:12.946 | WARNING  | __main__:<module>:19 - 0.887	0.887	0.887	0.887
2022-10-18 17:04:13.134 | WARNING  | __main__:<module>:19 - 0.764	0.833	0.66	0.737
2022-10-18 17:04:13.318 | WARNING  | __main__:<module>:19 - 0.755	0.776	0.717	0.745
2022-10-18 17:04:13.513 | WARNING  | __main__:<module>:19 - 0.736	0.727	0.755	0.741
2022-10-18 17:04:13.724 | WARNING  | __main__:<module>:19 - 0.83	0.857	0.792	0.824
2022-10-18 17:04:13.925 | WARNING  | __main__:<module>:19 - 0.849	0.849	0.849	0.849
2022-10-18 17:04:14.118 | WARNING  | __main__:<module>:19 - 0.811	0.811	0.811	0.811
2022-10-18 17:04:14.351 | WARNING  | __main__:<module>:19 - 0.811	0.811	0.811	0.811
2022-10-18 17:04:14.543 | WARNING  | __main__:<module>:19 - 0.848	0.849	0.849	0.849
2022-10-18 17:04:14.717 | WARNING  | __main__:<module>:19 - 0.838	0.807	0.885	0.844
2022-10-18 17:04:14.719 | WARNING  | __main__:<module>:26 - accuracy		mean:0.809	std:0.046
2022-10-18 17:04:14.721 | WARNING  | __main__:<module>:28 - precision		mean:0.812	std:0.044
2022-10-18 17:04:14.723 | WARNING  | __main__:<module>:30 - recall		mean:0.817	std:0.075
2022-10-18 17:04:14.724 | WARNING  | __main__:<module>:32 - f1		mean:0.813	std:0.048
2022-10-18 17:04:17.240 | WARNING  | __main__:<module>:19 - 0.887	0.887	0.887	0.887
2022-10-18 17:04:17.421 | WARNING  | __main__:<module>:19 - 0.764	0.833	0.66	0.737
2022-10-18 17:04:17.614 | WARNING  | __main__:<module>:19 - 0.755	0.776	0.717	0.745
2022-10-18 17:04:17.807 | WARNING  | __main__:<module>:19 - 0.736	0.727	0.755	0.741
2022-10-18 17:04:17.971 | WARNING  | __main__:<module>:19 - 0.83	0.857	0.792	0.824
2022-10-18 17:04:18.136 | WARNING  | __main__:<module>:19 - 0.849	0.849	0.849	0.849
2022-10-18 17:04:18.308 | WARNING  | __main__:<module>:19 - 0.811	0.811	0.811	0.811
2022-10-18 17:04:18.490 | WARNING  | __main__:<module>:19 - 0.811	0.811	0.811	0.811
2022-10-18 17:04:18.698 | WARNING  | __main__:<module>:19 - 0.848	0.849	0.849	0.849
2022-10-18 17:04:18.862 | WARNING  | __main__:<module>:19 - 0.838	0.807	0.885	0.844
2022-10-18 17:04:18.862 | WARNING  | __main__:<module>:26 - accuracy		mean:0.81	std:0.046
2022-10-18 17:04:18.871 | WARNING  | __main__:<module>:28 - precision		mean:0.814	std:0.044
2022-10-18 17:04:18.873 | WARNING  | __main__:<module>:30 - recall		mean:0.814	std:0.075
2022-10-18 17:04:18.875 | WARNING  | __main__:<module>:32 - f1		mean:0.812	std:0.049
2022-10-18 17:04:25.918 | WARNING  | __main__:<module>:19 - 0.887	0.887	0.887	0.887
2022-10-18 17:04:26.108 | WARNING  | __main__:<module>:19 - 0.764	0.833	0.66	0.737
2022-10-18 17:04:26.272 | WARNING  | __main__:<module>:19 - 0.755	0.776	0.717	0.745
2022-10-18 17:04:26.466 | WARNING  | __main__:<module>:19 - 0.736	0.727	0.755	0.741
2022-10-18 17:04:26.637 | WARNING  | __main__:<module>:19 - 0.83	0.857	0.792	0.824
2022-10-18 17:04:26.815 | WARNING  | __main__:<module>:19 - 0.849	0.849	0.849	0.849
2022-10-18 17:04:26.993 | WARNING  | __main__:<module>:19 - 0.811	0.811	0.811	0.811
2022-10-18 17:04:27.162 | WARNING  | __main__:<module>:19 - 0.811	0.811	0.811	0.811
2022-10-18 17:04:27.342 | WARNING  | __main__:<module>:19 - 0.848	0.849	0.849	0.849
2022-10-18 17:04:27.516 | WARNING  | __main__:<module>:19 - 0.838	0.807	0.885	0.844
2022-10-18 17:04:27.516 | WARNING  | __main__:<module>:26 - accuracy		mean:0.81	std:0.046
2022-10-18 17:04:27.520 | WARNING  | __main__:<module>:28 - precision		mean:0.815	std:0.044
2022-10-18 17:04:27.523 | WARNING  | __main__:<module>:30 - recall		mean:0.812	std:0.074
2022-10-18 17:04:27.524 | WARNING  | __main__:<module>:32 - f1		mean:0.812	std:0.049
2022-10-18 17:04:30.529 | WARNING  | __main__:<module>:19 - 0.887	0.887	0.887	0.887
2022-10-18 17:04:30.707 | WARNING  | __main__:<module>:19 - 0.764	0.833	0.66	0.737
2022-10-18 17:04:30.881 | WARNING  | __main__:<module>:19 - 0.755	0.776	0.717	0.745
2022-10-18 17:04:31.047 | WARNING  | __main__:<module>:19 - 0.736	0.727	0.755	0.741
2022-10-18 17:04:31.218 | WARNING  | __main__:<module>:19 - 0.83	0.857	0.792	0.824
2022-10-18 17:04:31.393 | WARNING  | __main__:<module>:19 - 0.849	0.849	0.849	0.849
2022-10-18 17:04:31.562 | WARNING  | __main__:<module>:19 - 0.811	0.811	0.811	0.811
2022-10-18 17:04:31.742 | WARNING  | __main__:<module>:19 - 0.811	0.811	0.811	0.811
2022-10-18 17:04:31.912 | WARNING  | __main__:<module>:19 - 0.848	0.849	0.849	0.849
2022-10-18 17:04:32.079 | WARNING  | __main__:<module>:19 - 0.838	0.807	0.885	0.844
2022-10-18 17:04:32.081 | WARNING  | __main__:<module>:26 - accuracy		mean:0.811	std:0.046
2022-10-18 17:04:32.083 | WARNING  | __main__:<module>:28 - precision		mean:0.815	std:0.044
2022-10-18 17:04:32.085 | WARNING  | __main__:<module>:30 - recall		mean:0.811	std:0.074
2022-10-18 17:04:32.087 | WARNING  | __main__:<module>:32 - f1		mean:0.812	std:0.049
2022-10-18 17:05:20.299 | WARNING  | __main__:<module>:19 - 0.887	0.887	0.887	0.887
2022-10-18 17:05:20.483 | WARNING  | __main__:<module>:19 - 0.764	0.833	0.66	0.737
2022-10-18 17:05:20.646 | WARNING  | __main__:<module>:19 - 0.755	0.776	0.717	0.745
2022-10-18 17:05:20.830 | WARNING  | __main__:<module>:19 - 0.736	0.727	0.755	0.741
2022-10-18 17:05:20.999 | WARNING  | __main__:<module>:19 - 0.83	0.857	0.792	0.824
2022-10-18 17:05:21.172 | WARNING  | __main__:<module>:19 - 0.849	0.849	0.849	0.849
2022-10-18 17:05:21.341 | WARNING  | __main__:<module>:19 - 0.811	0.811	0.811	0.811
2022-10-18 17:05:21.513 | WARNING  | __main__:<module>:19 - 0.811	0.811	0.811	0.811
2022-10-18 17:05:21.687 | WARNING  | __main__:<module>:19 - 0.848	0.849	0.849	0.849
2022-10-18 17:05:21.857 | WARNING  | __main__:<module>:19 - 0.838	0.807	0.885	0.844
2022-10-18 17:05:21.857 | WARNING  | __main__:<module>:26 - accuracy		mean:0.811	std:0.046
2022-10-18 17:05:21.868 | WARNING  | __main__:<module>:28 - precision		mean:0.816	std:0.044
2022-10-18 17:05:21.871 | WARNING  | __main__:<module>:30 - recall		mean:0.81	std:0.073
2022-10-18 17:05:21.873 | WARNING  | __main__:<module>:32 - f1		mean:0.811	std:0.049
2022-10-18 17:05:24.594 | WARNING  | __main__:<module>:19 - 0.887	0.887	0.887	0.887
2022-10-18 17:05:24.803 | WARNING  | __main__:<module>:19 - 0.764	0.833	0.66	0.737
2022-10-18 17:05:24.980 | WARNING  | __main__:<module>:19 - 0.755	0.776	0.717	0.745
2022-10-18 17:05:25.175 | WARNING  | __main__:<module>:19 - 0.736	0.727	0.755	0.741
2022-10-18 17:05:25.352 | WARNING  | __main__:<module>:19 - 0.83	0.857	0.792	0.824
2022-10-18 17:05:25.530 | WARNING  | __main__:<module>:19 - 0.849	0.849	0.849	0.849
2022-10-18 17:05:25.702 | WARNING  | __main__:<module>:19 - 0.811	0.811	0.811	0.811
2022-10-18 17:05:25.886 | WARNING  | __main__:<module>:19 - 0.811	0.811	0.811	0.811
2022-10-18 17:05:26.068 | WARNING  | __main__:<module>:19 - 0.848	0.849	0.849	0.849
2022-10-18 17:05:26.240 | WARNING  | __main__:<module>:19 - 0.838	0.807	0.885	0.844
2022-10-18 17:05:26.242 | WARNING  | __main__:<module>:26 - accuracy		mean:0.811	std:0.046
2022-10-18 17:05:26.244 | WARNING  | __main__:<module>:28 - precision		mean:0.816	std:0.044
2022-10-18 17:05:26.247 | WARNING  | __main__:<module>:30 - recall		mean:0.809	std:0.073
2022-10-18 17:05:26.249 | WARNING  | __main__:<module>:32 - f1		mean:0.811	std:0.049
2022-10-18 17:05:30.369 | WARNING  | __main__:<module>:19 - 0.887	0.887	0.887	0.887
2022-10-18 17:05:30.551 | WARNING  | __main__:<module>:19 - 0.764	0.833	0.66	0.737
2022-10-18 17:05:30.723 | WARNING  | __main__:<module>:19 - 0.755	0.776	0.717	0.745
2022-10-18 17:05:30.898 | WARNING  | __main__:<module>:19 - 0.736	0.727	0.755	0.741
2022-10-18 17:05:31.066 | WARNING  | __main__:<module>:19 - 0.83	0.857	0.792	0.824
2022-10-18 17:05:31.240 | WARNING  | __main__:<module>:19 - 0.849	0.849	0.849	0.849
2022-10-18 17:05:31.416 | WARNING  | __main__:<module>:19 - 0.811	0.811	0.811	0.811
2022-10-18 17:05:31.630 | WARNING  | __main__:<module>:19 - 0.811	0.811	0.811	0.811
2022-10-18 17:05:31.792 | WARNING  | __main__:<module>:19 - 0.848	0.849	0.849	0.849
2022-10-18 17:05:31.974 | WARNING  | __main__:<module>:19 - 0.838	0.807	0.885	0.844
2022-10-18 17:05:31.977 | WARNING  | __main__:<module>:26 - accuracy		mean:0.811	std:0.046
2022-10-18 17:05:31.979 | WARNING  | __main__:<module>:28 - precision		mean:0.817	std:0.044
2022-10-18 17:05:31.982 | WARNING  | __main__:<module>:30 - recall		mean:0.809	std:0.073
2022-10-18 17:05:31.984 | WARNING  | __main__:<module>:32 - f1		mean:0.811	std:0.049
2022-10-18 17:05:34.101 | WARNING  | __main__:<module>:19 - 0.887	0.887	0.887	0.887
2022-10-18 17:05:34.286 | WARNING  | __main__:<module>:19 - 0.764	0.833	0.66	0.737
2022-10-18 17:05:34.462 | WARNING  | __main__:<module>:19 - 0.755	0.776	0.717	0.745
2022-10-18 17:05:34.667 | WARNING  | __main__:<module>:19 - 0.736	0.727	0.755	0.741
2022-10-18 17:05:34.865 | WARNING  | __main__:<module>:19 - 0.83	0.857	0.792	0.824
2022-10-18 17:05:35.063 | WARNING  | __main__:<module>:19 - 0.849	0.849	0.849	0.849
2022-10-18 17:05:35.245 | WARNING  | __main__:<module>:19 - 0.811	0.811	0.811	0.811
2022-10-18 17:05:35.419 | WARNING  | __main__:<module>:19 - 0.811	0.811	0.811	0.811
2022-10-18 17:05:35.606 | WARNING  | __main__:<module>:19 - 0.848	0.849	0.849	0.849
2022-10-18 17:05:35.781 | WARNING  | __main__:<module>:19 - 0.838	0.807	0.885	0.844
2022-10-18 17:05:35.783 | WARNING  | __main__:<module>:26 - accuracy		mean:0.811	std:0.046
2022-10-18 17:05:35.788 | WARNING  | __main__:<module>:28 - precision		mean:0.817	std:0.044
2022-10-18 17:05:35.790 | WARNING  | __main__:<module>:30 - recall		mean:0.808	std:0.072
2022-10-18 17:05:35.791 | WARNING  | __main__:<module>:32 - f1		mean:0.811	std:0.049
2022-10-18 17:05:37.636 | WARNING  | __main__:<module>:19 - 0.887	0.887	0.887	0.887
2022-10-18 17:05:37.827 | WARNING  | __main__:<module>:19 - 0.764	0.833	0.66	0.737
2022-10-18 17:05:38.000 | WARNING  | __main__:<module>:19 - 0.755	0.776	0.717	0.745
2022-10-18 17:05:38.207 | WARNING  | __main__:<module>:19 - 0.736	0.727	0.755	0.741
2022-10-18 17:05:38.371 | WARNING  | __main__:<module>:19 - 0.83	0.857	0.792	0.824
2022-10-18 17:05:38.547 | WARNING  | __main__:<module>:19 - 0.849	0.849	0.849	0.849
2022-10-18 17:05:38.723 | WARNING  | __main__:<module>:19 - 0.811	0.811	0.811	0.811
2022-10-18 17:05:38.894 | WARNING  | __main__:<module>:19 - 0.811	0.811	0.811	0.811
2022-10-18 17:05:39.073 | WARNING  | __main__:<module>:19 - 0.848	0.849	0.849	0.849
2022-10-18 17:05:39.247 | WARNING  | __main__:<module>:19 - 0.838	0.807	0.885	0.844
2022-10-18 17:05:39.252 | WARNING  | __main__:<module>:26 - accuracy		mean:0.811	std:0.046
2022-10-18 17:05:39.253 | WARNING  | __main__:<module>:28 - precision		mean:0.817	std:0.044
2022-10-18 17:05:39.256 | WARNING  | __main__:<module>:30 - recall		mean:0.807	std:0.072
2022-10-18 17:05:39.257 | WARNING  | __main__:<module>:32 - f1		mean:0.811	std:0.049
2022-10-18 17:05:55.958 | WARNING  | __main__:<module>:19 - 0.887	0.887	0.887	0.887
2022-10-18 17:05:56.141 | WARNING  | __main__:<module>:19 - 0.764	0.833	0.66	0.737
2022-10-18 17:05:56.310 | WARNING  | __main__:<module>:19 - 0.755	0.776	0.717	0.745
2022-10-18 17:05:56.484 | WARNING  | __main__:<module>:19 - 0.736	0.727	0.755	0.741
2022-10-18 17:05:56.668 | WARNING  | __main__:<module>:19 - 0.83	0.857	0.792	0.824
2022-10-18 17:05:56.846 | WARNING  | __main__:<module>:19 - 0.849	0.849	0.849	0.849
2022-10-18 17:05:57.019 | WARNING  | __main__:<module>:19 - 0.811	0.811	0.811	0.811
2022-10-18 17:05:57.189 | WARNING  | __main__:<module>:19 - 0.811	0.811	0.811	0.811
2022-10-18 17:05:57.354 | WARNING  | __main__:<module>:19 - 0.848	0.849	0.849	0.849
2022-10-18 17:05:57.533 | WARNING  | __main__:<module>:19 - 0.838	0.807	0.885	0.844
2022-10-18 17:05:57.536 | WARNING  | __main__:<module>:26 - accuracy		mean:0.812	std:0.045
2022-10-18 17:05:57.538 | WARNING  | __main__:<module>:28 - precision		mean:0.818	std:0.044
2022-10-18 17:05:57.540 | WARNING  | __main__:<module>:30 - recall		mean:0.807	std:0.072
2022-10-18 17:05:57.542 | WARNING  | __main__:<module>:32 - f1		mean:0.811	std:0.049
2022-10-18 17:06:02.846 | WARNING  | __main__:<module>:19 - 0.887	0.887	0.887	0.887
2022-10-18 17:06:03.031 | WARNING  | __main__:<module>:19 - 0.764	0.833	0.66	0.737
2022-10-18 17:06:03.205 | WARNING  | __main__:<module>:19 - 0.755	0.776	0.717	0.745
2022-10-18 17:06:03.383 | WARNING  | __main__:<module>:19 - 0.736	0.727	0.755	0.741
2022-10-18 17:06:03.561 | WARNING  | __main__:<module>:19 - 0.83	0.857	0.792	0.824
2022-10-18 17:06:03.724 | WARNING  | __main__:<module>:19 - 0.849	0.849	0.849	0.849
2022-10-18 17:06:03.905 | WARNING  | __main__:<module>:19 - 0.811	0.811	0.811	0.811
2022-10-18 17:06:04.100 | WARNING  | __main__:<module>:19 - 0.811	0.811	0.811	0.811
2022-10-18 17:06:04.297 | WARNING  | __main__:<module>:19 - 0.848	0.849	0.849	0.849
2022-10-18 17:06:04.464 | WARNING  | __main__:<module>:19 - 0.838	0.807	0.885	0.844
2022-10-18 17:06:04.464 | WARNING  | __main__:<module>:26 - accuracy		mean:0.812	std:0.045
2022-10-18 17:06:04.471 | WARNING  | __main__:<module>:28 - precision		mean:0.818	std:0.044
2022-10-18 17:06:04.474 | WARNING  | __main__:<module>:30 - recall		mean:0.807	std:0.072
2022-10-18 17:06:04.475 | WARNING  | __main__:<module>:32 - f1		mean:0.811	std:0.049
2022-10-18 17:06:07.214 | WARNING  | __main__:<module>:19 - 0.887	0.887	0.887	0.887
2022-10-18 17:06:07.403 | WARNING  | __main__:<module>:19 - 0.764	0.833	0.66	0.737
2022-10-18 17:06:07.585 | WARNING  | __main__:<module>:19 - 0.755	0.776	0.717	0.745
2022-10-18 17:06:07.762 | WARNING  | __main__:<module>:19 - 0.736	0.727	0.755	0.741
2022-10-18 17:06:07.937 | WARNING  | __main__:<module>:19 - 0.83	0.857	0.792	0.824
2022-10-18 17:06:08.113 | WARNING  | __main__:<module>:19 - 0.849	0.849	0.849	0.849
2022-10-18 17:06:08.295 | WARNING  | __main__:<module>:19 - 0.811	0.811	0.811	0.811
2022-10-18 17:06:08.470 | WARNING  | __main__:<module>:19 - 0.811	0.811	0.811	0.811
2022-10-18 17:06:08.650 | WARNING  | __main__:<module>:19 - 0.848	0.849	0.849	0.849
2022-10-18 17:06:08.848 | WARNING  | __main__:<module>:19 - 0.838	0.807	0.885	0.844
2022-10-18 17:06:08.850 | WARNING  | __main__:<module>:26 - accuracy		mean:0.812	std:0.045
2022-10-18 17:06:08.852 | WARNING  | __main__:<module>:28 - precision		mean:0.818	std:0.044
2022-10-18 17:06:08.854 | WARNING  | __main__:<module>:30 - recall		mean:0.806	std:0.072
2022-10-18 17:06:08.856 | WARNING  | __main__:<module>:32 - f1		mean:0.811	std:0.049
2022-10-18 17:08:14.653 | INFO     | __main__:<module>:61 - 使用 互信息法 进行特征筛选
2022-10-18 17:08:15.276 | INFO     | __main__:<module>:109 - 使用 SMOTETomek 混合采样
2022-10-18 17:08:15.307 | INFO     | __main__:<module>:114 - 数据平衡前：非DPN组有490条,DPN组有603条
2022-10-18 17:08:15.309 | INFO     | __main__:<module>:115 - 数据平衡后：非DPN组有526条,DPN组有526条
2022-10-18 17:08:15.546 | WARNING  | __main__:<module>:165 - 0.773	0.75	0.885	0.812
2022-10-18 17:08:15.763 | WARNING  | __main__:<module>:165 - 0.773	0.773	0.836	0.803
2022-10-18 17:08:15.977 | WARNING  | __main__:<module>:165 - 0.755	0.766	0.803	0.784
2022-10-18 17:08:16.172 | WARNING  | __main__:<module>:165 - 0.817	0.794	0.9	0.844
2022-10-18 17:08:16.378 | WARNING  | __main__:<module>:165 - 0.807	0.81	0.85	0.829
2022-10-18 17:08:16.611 | WARNING  | __main__:<module>:165 - 0.752	0.746	0.833	0.787
2022-10-18 17:08:16.799 | WARNING  | __main__:<module>:165 - 0.862	0.857	0.9	0.878
2022-10-18 17:08:16.979 | WARNING  | __main__:<module>:165 - 0.743	0.776	0.75	0.763
2022-10-18 17:08:17.166 | WARNING  | __main__:<module>:165 - 0.835	0.828	0.883	0.855
2022-10-18 17:08:17.358 | WARNING  | __main__:<module>:165 - 0.826	0.797	0.917	0.853
2022-10-18 17:08:17.361 | WARNING  | __main__:<module>:172 - accuracy		mean:0.794	std:0.039
2022-10-18 17:08:17.363 | WARNING  | __main__:<module>:174 - precision		mean:0.79	std:0.033
2022-10-18 17:08:17.366 | WARNING  | __main__:<module>:176 - recall		mean:0.856	std:0.049
2022-10-18 17:08:17.370 | WARNING  | __main__:<module>:178 - f1		mean:0.821	std:0.035
2022-10-18 17:14:27.128 | INFO     | __main__:<module>:107 - 0.8127853881278538
2022-10-18 17:14:27.131 | INFO     | __main__:<module>:108 - {'C': 0.06981559584519463, 'penality': 'l1', 'score_func': <function mutual_info_classif at 0x0000015D629D1700>, 'k': 46, 'n_estimators': 5282, 'max_depth': 21, 'grow_policy': 'depthwise', 'learning_rate': 0.06529288936692493, 'gamma': 0.00023607173092427352, 'reg_lambda': 3.630718541992843e-06, 'reg_alpha': 2.6756994873660805e-05, 'subsample': 0.20278730409048984, 'colsample_bytree': 0.2045263716818695}
2022-10-18 17:16:19.624 | INFO     | __main__:<module>:60 - 使用 互信息法 进行特征筛选
2022-10-18 17:16:20.278 | INFO     | __main__:<module>:108 - 使用 SMOTETomek 混合采样
2022-10-18 17:16:20.311 | INFO     | __main__:<module>:113 - 数据平衡前：非DPN组有490条,DPN组有603条
2022-10-18 17:16:20.314 | INFO     | __main__:<module>:114 - 数据平衡后：非DPN组有526条,DPN组有526条
2022-10-18 17:16:20.571 | WARNING  | __main__:<module>:164 - 0.827	0.8	0.918	0.855
2022-10-18 17:16:20.805 | WARNING  | __main__:<module>:164 - 0.755	0.75	0.836	0.791
2022-10-18 17:16:21.015 | WARNING  | __main__:<module>:164 - 0.727	0.718	0.836	0.773
2022-10-18 17:16:21.226 | WARNING  | __main__:<module>:164 - 0.807	0.791	0.883	0.835
2022-10-18 17:16:21.444 | WARNING  | __main__:<module>:164 - 0.817	0.794	0.9	0.844
2022-10-18 17:16:21.672 | WARNING  | __main__:<module>:164 - 0.734	0.731	0.817	0.772
2022-10-18 17:16:21.895 | WARNING  | __main__:<module>:164 - 0.798	0.797	0.85	0.823
2022-10-18 17:16:22.109 | WARNING  | __main__:<module>:164 - 0.761	0.758	0.833	0.794
2022-10-18 17:16:22.322 | WARNING  | __main__:<module>:164 - 0.844	0.841	0.883	0.862
2022-10-18 17:16:22.566 | WARNING  | __main__:<module>:164 - 0.798	0.771	0.9	0.831
2022-10-18 17:16:22.570 | WARNING  | __main__:<module>:171 - accuracy		mean:0.787	std:0.038
2022-10-18 17:16:22.573 | WARNING  | __main__:<module>:173 - precision		mean:0.775	std:0.035
2022-10-18 17:16:22.576 | WARNING  | __main__:<module>:175 - recall		mean:0.866	std:0.033
2022-10-18 17:16:22.578 | WARNING  | __main__:<module>:177 - f1		mean:0.818	std:0.032
2022-10-18 17:16:22.877 | WARNING  | __main__:<module>:19 - 0.83	0.818	0.849	0.833
2022-10-18 17:16:23.095 | WARNING  | __main__:<module>:19 - 0.745	0.732	0.774	0.752
2022-10-18 17:16:23.292 | WARNING  | __main__:<module>:19 - 0.829	0.843	0.811	0.827
2022-10-18 17:16:23.503 | WARNING  | __main__:<module>:19 - 0.829	0.797	0.887	0.839
2022-10-18 17:16:23.694 | WARNING  | __main__:<module>:19 - 0.838	0.86	0.811	0.835
2022-10-18 17:16:23.874 | WARNING  | __main__:<module>:19 - 0.781	0.778	0.792	0.785
2022-10-18 17:16:24.064 | WARNING  | __main__:<module>:19 - 0.838	0.818	0.865	0.841
2022-10-18 17:16:24.251 | WARNING  | __main__:<module>:19 - 0.8	0.772	0.846	0.807
2022-10-18 17:16:24.483 | WARNING  | __main__:<module>:19 - 0.8	0.83	0.75	0.788
2022-10-18 17:16:24.671 | WARNING  | __main__:<module>:19 - 0.867	0.865	0.865	0.865
2022-10-18 17:16:24.674 | WARNING  | __main__:<module>:26 - accuracy		mean:0.801	std:0.038
2022-10-18 17:16:24.677 | WARNING  | __main__:<module>:28 - precision		mean:0.793	std:0.042
2022-10-18 17:16:24.679 | WARNING  | __main__:<module>:30 - recall		mean:0.845	std:0.043
2022-10-18 17:16:24.683 | WARNING  | __main__:<module>:32 - f1		mean:0.818	std:0.032
2022-10-18 18:19:07.508 | INFO     | __main__:<module>:114 - 0.9406392694063926
2022-10-18 18:19:07.512 | INFO     | __main__:<module>:115 - {'C': 1.0608704441155703e-07, 'penality': 'l2', 'score_func': <function chi2 at 0x0000015D63D23DC0>, 'k': 80, 'n_estimators': 5884, 'max_depth': 49, 'grow_policy': 'lossguide', 'learning_rate': 0.19382585237498373, 'gamma': 0.13751185246142855, 'reg_lambda': 0.04830535065603677, 'reg_alpha': 1.8189260769724019e-06, 'subsample': 0.6539508708668655, 'colsample_bytree': 0.8821523490953807}
2022-10-18 18:22:07.120 | INFO     | __main__:<module>:114 - 0.954337899543379
2022-10-18 18:22:07.131 | INFO     | __main__:<module>:115 - {'C': 0.7800141198974515, 'penality': 'l2', 'score_func': <function chi2 at 0x0000015D63D23DC0>, 'k': 50, 'n_estimators': 5769, 'max_depth': 23, 'grow_policy': 'depthwise', 'learning_rate': 7.265673517802987e-08, 'gamma': 1.4080499466943225e-05, 'reg_lambda': 1.1474604833223691e-07, 'reg_alpha': 0.0026222788039587876, 'subsample': 0.2983517384814457, 'colsample_bytree': 0.5378388818445475}
2022-10-18 18:41:04.883 | INFO     | __main__:<module>:114 - 0.9497716894977168
2022-10-18 18:41:04.897 | INFO     | __main__:<module>:115 - {'C': 0.03713439209193933, 'penality': 'l2', 'score_func': <function mutual_info_classif at 0x0000015D629D1700>, 'k': 50, 'n_estimators': 5265, 'max_depth': 7, 'grow_policy': 'depthwise', 'learning_rate': 2.9100143802938533e-06, 'gamma': 1.3869912333356632e-08, 'reg_lambda': 2.1060585021949697e-08, 'reg_alpha': 1.5276750435940046e-07, 'subsample': 0.5945537796756017, 'colsample_bytree': 0.6852229619783927}
2022-10-18 18:42:40.644 | WARNING  | __main__:<module>:132 - 0.927	0.949	0.918	0.933
2022-10-18 18:42:48.675 | WARNING  | __main__:<module>:132 - 0.936	0.982	0.902	0.94
2022-10-18 18:42:56.658 | WARNING  | __main__:<module>:132 - 0.918	1.0	0.852	0.92
2022-10-18 18:43:04.459 | WARNING  | __main__:<module>:132 - 0.982	1.0	0.967	0.983
2022-10-18 18:43:12.358 | WARNING  | __main__:<module>:132 - 0.936	0.982	0.9	0.939
2022-10-18 18:43:20.122 | WARNING  | __main__:<module>:132 - 0.936	0.982	0.9	0.939
2022-10-18 18:43:28.118 | WARNING  | __main__:<module>:132 - 0.945	1.0	0.9	0.947
2022-10-18 18:43:35.908 | WARNING  | __main__:<module>:132 - 0.945	1.0	0.9	0.947
2022-10-18 18:43:43.865 | WARNING  | __main__:<module>:132 - 0.954	0.982	0.933	0.957
2022-10-18 18:43:51.853 | WARNING  | __main__:<module>:132 - 0.982	0.983	0.983	0.983
2022-10-18 18:43:51.857 | WARNING  | __main__:<module>:139 - accuracy		mean:0.946	std:0.02
2022-10-18 18:43:51.860 | WARNING  | __main__:<module>:141 - precision		mean:0.986	std:0.015
2022-10-18 18:43:51.863 | WARNING  | __main__:<module>:143 - recall		mean:0.916	std:0.036
2022-10-18 18:43:51.866 | WARNING  | __main__:<module>:145 - f1		mean:0.949	std:0.019
2022-10-18 18:52:39.120 | INFO     | __main__:<module>:115 - 0.9452054794520548
2022-10-18 18:52:39.121 | INFO     | __main__:<module>:116 - {'C': 0.04078352806666726, 'penality': 'l1', 'score_func': <function f_classif at 0x0000015D63D23CA0>, 'k': 42, 'n_estimators': 5249, 'max_depth': 47, 'grow_policy': 'depthwise', 'learning_rate': 0.005461151124068456, 'gamma': 0.003421392777842869, 'reg_lambda': 7.373110079123114e-08, 'reg_alpha': 5.642047000056241e-08, 'subsample': 0.9678068221154392, 'colsample_bytree': 0.680052783584354}
2022-10-18 18:53:37.047 | INFO     | __main__:<module>:115 - 0.9315068493150684
2022-10-18 18:53:37.064 | INFO     | __main__:<module>:116 - {'C': 2.2620115643981692e-05, 'penality': 'l1', 'score_func': <function mutual_info_classif at 0x0000015D629D1700>, 'k': 42, 'n_estimators': 5663, 'max_depth': 43, 'grow_policy': 'lossguide', 'learning_rate': 0.0018362733895463284, 'gamma': 2.1123354831183535e-06, 'reg_lambda': 0.0009183482665945818, 'reg_alpha': 2.1318966353272563e-06, 'subsample': 0.4351585588964912, 'colsample_bytree': 0.8809586396938842}
2022-10-18 18:53:44.457 | WARNING  | __main__:<module>:133 - 0.927	0.949	0.918	0.933
2022-10-18 19:09:11.087 | INFO     | __main__:<module>:114 - 0.954337899543379
2022-10-18 19:09:11.092 | INFO     | __main__:<module>:115 - {'C': 7.549626036972585e-08, 'penality': 'l2', 'score_func': <function f_classif at 0x0000015D63D23CA0>, 'k': 46, 'n_estimators': 5938, 'max_depth': 45, 'grow_policy': 'lossguide', 'learning_rate': 0.00031944416386631266, 'gamma': 0.055551818122244384, 'reg_lambda': 3.231287063302499e-08, 'reg_alpha': 0.01261300667107212, 'subsample': 0.35122148164518924, 'colsample_bytree': 0.8459709417856904}
2022-10-18 19:15:29.129 | INFO     | __main__:<module>:70 - 使用 互信息法 进行特征筛选
2022-10-18 19:15:29.748 | INFO     | __main__:<module>:118 - 使用 SMOTETomek 混合采样
2022-10-18 19:15:29.784 | INFO     | __main__:<module>:123 - 数据平衡前：非DPN组有490条,DPN组有603条
2022-10-18 19:15:29.785 | INFO     | __main__:<module>:124 - 数据平衡后：非DPN组有534条,DPN组有534条
2022-10-18 19:15:39.363 | WARNING  | __main__:<module>:173 - 0.773	0.75	0.885	0.812
2022-10-18 19:15:48.678 | WARNING  | __main__:<module>:173 - 0.764	0.778	0.803	0.79
2022-10-18 19:15:58.340 | WARNING  | __main__:<module>:173 - 0.755	0.75	0.836	0.791
2022-10-18 19:16:08.279 | WARNING  | __main__:<module>:173 - 0.817	0.794	0.9	0.844
2022-10-18 19:16:11.637 | INFO     | __main__:<module>:70 - 使用 互信息法 进行特征筛选
2022-10-18 19:16:12.428 | INFO     | __main__:<module>:118 - 使用 SMOTETomek 混合采样
2022-10-18 19:16:12.471 | INFO     | __main__:<module>:123 - 数据平衡前：非DPN组有490条,DPN组有603条
2022-10-18 19:16:12.474 | INFO     | __main__:<module>:124 - 数据平衡后：非DPN组有540条,DPN组有540条
2022-10-18 19:16:22.498 | WARNING  | __main__:<module>:173 - 0.787	0.846	0.809	0.827
2022-10-18 19:16:32.736 | WARNING  | __main__:<module>:173 - 0.87	0.828	0.946	0.883
2022-10-18 19:16:42.541 | WARNING  | __main__:<module>:173 - 0.833	0.869	0.841	0.855
2022-10-18 19:16:51.871 | WARNING  | __main__:<module>:173 - 0.815	0.809	0.887	0.846
2022-10-18 19:17:01.045 | WARNING  | __main__:<module>:173 - 0.806	0.804	0.818	0.811
2022-10-18 19:17:10.397 | WARNING  | __main__:<module>:173 - 0.787	0.773	0.906	0.835
2022-10-18 19:17:19.626 | WARNING  | __main__:<module>:173 - 0.778	0.732	0.912	0.812
2022-10-18 19:17:29.101 | WARNING  | __main__:<module>:173 - 0.778	0.754	0.86	0.803
2022-10-18 19:17:38.650 | WARNING  | __main__:<module>:173 - 0.806	0.825	0.839	0.832
2022-10-18 19:17:48.110 | WARNING  | __main__:<module>:173 - 0.722	0.704	0.847	0.769
2022-10-18 19:17:48.110 | WARNING  | __main__:<module>:180 - accuracy		mean:0.798	std:0.037
2022-10-18 19:17:48.116 | WARNING  | __main__:<module>:182 - precision		mean:0.794	std:0.05
2022-10-18 19:17:48.120 | WARNING  | __main__:<module>:184 - recall		mean:0.867	std:0.042
2022-10-18 19:17:48.123 | WARNING  | __main__:<module>:186 - f1		mean:0.827	std:0.03
2022-10-18 19:19:14.148 | INFO     | __main__:<module>:70 - 使用 互信息法 进行特征筛选
2022-10-18 19:19:14.825 | INFO     | __main__:<module>:118 - 使用 SMOTETomek 混合采样
2022-10-18 19:19:14.869 | INFO     | __main__:<module>:123 - 数据平衡前：非DPN组有490条,DPN组有603条
2022-10-18 19:19:14.873 | INFO     | __main__:<module>:124 - 数据平衡后：非DPN组有533条,DPN组有533条
2022-10-18 19:19:24.674 | WARNING  | __main__:<module>:174 - 0.71	0.685	0.969	0.803
2022-10-18 19:19:33.712 | WARNING  | __main__:<module>:174 - 0.682	0.648	0.95	0.77
2022-10-18 19:19:43.279 | WARNING  | __main__:<module>:174 - 0.766	0.728	0.952	0.825
2022-10-18 19:19:52.767 | WARNING  | __main__:<module>:174 - 0.766	0.699	1.0	0.823
2022-10-18 19:20:02.173 | WARNING  | __main__:<module>:174 - 0.757	0.696	0.965	0.809
2022-10-18 19:20:11.780 | WARNING  | __main__:<module>:174 - 0.785	0.759	0.955	0.846
2022-10-18 19:20:21.167 | WARNING  | __main__:<module>:174 - 0.679	0.621	0.982	0.761
2022-10-18 19:20:30.906 | WARNING  | __main__:<module>:174 - 0.679	0.633	0.909	0.746
2022-10-18 19:20:40.352 | WARNING  | __main__:<module>:174 - 0.755	0.719	0.985	0.831
2022-10-18 19:20:49.604 | WARNING  | __main__:<module>:174 - 0.651	0.622	0.949	0.752
2022-10-18 19:20:49.608 | WARNING  | __main__:<module>:181 - accuracy		mean:0.723	std:0.045
2022-10-18 19:20:49.611 | WARNING  | __main__:<module>:183 - precision		mean:0.681	std:0.046
2022-10-18 19:20:49.615 | WARNING  | __main__:<module>:185 - recall		mean:0.961	std:0.024
2022-10-18 19:20:49.618 | WARNING  | __main__:<module>:187 - f1		mean:0.796	std:0.034
2022-10-18 19:28:36.538 | WARNING  | __main__:<module>:19 - 0.869	0.87	0.87	0.87
2022-10-18 19:28:36.747 | WARNING  | __main__:<module>:19 - 0.813	0.804	0.833	0.818
2022-10-18 19:28:36.969 | WARNING  | __main__:<module>:19 - 0.841	0.814	0.889	0.85
2022-10-18 19:28:37.183 | WARNING  | __main__:<module>:19 - 0.785	0.768	0.811	0.789
2022-10-18 19:28:37.404 | WARNING  | __main__:<module>:19 - 0.804	0.758	0.887	0.817
2022-10-18 19:28:37.614 | WARNING  | __main__:<module>:19 - 0.869	0.868	0.868	0.868
2022-10-18 19:28:37.819 | WARNING  | __main__:<module>:19 - 0.849	0.894	0.792	0.84
2022-10-18 19:28:38.039 | WARNING  | __main__:<module>:19 - 0.849	0.878	0.811	0.843
2022-10-18 19:28:38.255 | WARNING  | __main__:<module>:19 - 0.858	0.88	0.83	0.854
2022-10-18 19:28:38.459 | WARNING  | __main__:<module>:19 - 0.755	0.776	0.717	0.745
2022-10-18 19:28:38.464 | WARNING  | __main__:<module>:26 - accuracy		mean:0.776	std:0.067
2022-10-18 19:28:38.467 | WARNING  | __main__:<module>:28 - precision		mean:0.756	std:0.089
2022-10-18 19:28:38.470 | WARNING  | __main__:<module>:30 - recall		mean:0.896	std:0.076
2022-10-18 19:28:38.474 | WARNING  | __main__:<module>:32 - f1		mean:0.813	std:0.039
2022-10-18 19:28:53.636 | WARNING  | __main__:<module>:19 - 0.869	0.87	0.87	0.87
2022-10-18 19:28:53.858 | WARNING  | __main__:<module>:19 - 0.813	0.804	0.833	0.818
2022-10-18 19:28:54.072 | WARNING  | __main__:<module>:19 - 0.841	0.814	0.889	0.85
2022-10-18 19:28:54.279 | WARNING  | __main__:<module>:19 - 0.785	0.768	0.811	0.789
2022-10-18 19:28:54.531 | WARNING  | __main__:<module>:19 - 0.804	0.758	0.887	0.817
2022-10-18 19:28:54.738 | WARNING  | __main__:<module>:19 - 0.869	0.868	0.868	0.868
2022-10-18 19:28:54.953 | WARNING  | __main__:<module>:19 - 0.849	0.894	0.792	0.84
2022-10-18 19:28:55.188 | WARNING  | __main__:<module>:19 - 0.849	0.878	0.811	0.843
2022-10-18 19:28:55.392 | WARNING  | __main__:<module>:19 - 0.858	0.88	0.83	0.854
2022-10-18 19:28:55.596 | WARNING  | __main__:<module>:19 - 0.755	0.776	0.717	0.745
2022-10-18 19:28:55.603 | WARNING  | __main__:<module>:26 - accuracy		mean:0.794	std:0.064
2022-10-18 19:28:55.607 | WARNING  | __main__:<module>:28 - precision		mean:0.781	std:0.086
2022-10-18 19:28:55.611 | WARNING  | __main__:<module>:30 - recall		mean:0.874	std:0.075
2022-10-18 19:28:55.614 | WARNING  | __main__:<module>:32 - f1		mean:0.818	std:0.039
2022-10-18 19:28:59.069 | WARNING  | __main__:<module>:19 - 0.869	0.87	0.87	0.87
2022-10-18 19:28:59.286 | WARNING  | __main__:<module>:19 - 0.813	0.804	0.833	0.818
2022-10-18 19:28:59.498 | WARNING  | __main__:<module>:19 - 0.841	0.814	0.889	0.85
2022-10-18 19:28:59.707 | WARNING  | __main__:<module>:19 - 0.785	0.768	0.811	0.789
2022-10-18 19:28:59.918 | WARNING  | __main__:<module>:19 - 0.804	0.758	0.887	0.817
2022-10-18 19:29:00.132 | WARNING  | __main__:<module>:19 - 0.869	0.868	0.868	0.868
2022-10-18 19:29:00.351 | WARNING  | __main__:<module>:19 - 0.849	0.894	0.792	0.84
2022-10-18 19:29:00.604 | WARNING  | __main__:<module>:19 - 0.849	0.878	0.811	0.843
2022-10-18 19:29:00.820 | WARNING  | __main__:<module>:19 - 0.858	0.88	0.83	0.854
2022-10-18 19:29:01.054 | WARNING  | __main__:<module>:19 - 0.755	0.776	0.717	0.745
2022-10-18 19:29:01.058 | WARNING  | __main__:<module>:26 - accuracy		mean:0.803	std:0.06
2022-10-18 19:29:01.062 | WARNING  | __main__:<module>:28 - precision		mean:0.793	std:0.081
2022-10-18 19:29:01.065 | WARNING  | __main__:<module>:30 - recall		mean:0.864	std:0.072
2022-10-18 19:29:01.069 | WARNING  | __main__:<module>:32 - f1		mean:0.821	std:0.039
2022-10-18 19:29:39.057 | WARNING  | __main__:<module>:19 - 0.869	0.87	0.87	0.87
2022-10-18 19:29:39.272 | WARNING  | __main__:<module>:19 - 0.822	0.807	0.852	0.829
2022-10-18 19:29:39.491 | WARNING  | __main__:<module>:19 - 0.832	0.821	0.852	0.836
2022-10-18 19:29:39.750 | WARNING  | __main__:<module>:19 - 0.776	0.764	0.792	0.778
2022-10-18 19:29:39.999 | WARNING  | __main__:<module>:19 - 0.832	0.787	0.906	0.842
2022-10-18 19:29:40.227 | WARNING  | __main__:<module>:19 - 0.85	0.849	0.849	0.849
2022-10-18 19:29:40.451 | WARNING  | __main__:<module>:19 - 0.877	0.9	0.849	0.874
2022-10-18 19:29:40.683 | WARNING  | __main__:<module>:19 - 0.896	0.904	0.887	0.895
2022-10-18 19:29:40.905 | WARNING  | __main__:<module>:19 - 0.849	0.863	0.83	0.846
2022-10-18 19:29:41.127 | WARNING  | __main__:<module>:19 - 0.802	0.833	0.755	0.792
2022-10-18 19:29:41.135 | WARNING  | __main__:<module>:26 - accuracy		mean:0.81	std:0.058
2022-10-18 19:29:41.139 | WARNING  | __main__:<module>:28 - precision		mean:0.803	std:0.078
2022-10-18 19:29:41.143 | WARNING  | __main__:<module>:30 - recall		mean:0.86	std:0.067
2022-10-18 19:29:41.146 | WARNING  | __main__:<module>:32 - f1		mean:0.825	std:0.039
2022-10-18 19:29:44.181 | WARNING  | __main__:<module>:19 - 0.869	0.87	0.87	0.87
2022-10-18 19:29:44.395 | WARNING  | __main__:<module>:19 - 0.822	0.807	0.852	0.829
2022-10-18 19:29:44.610 | WARNING  | __main__:<module>:19 - 0.832	0.821	0.852	0.836
2022-10-18 19:29:44.868 | WARNING  | __main__:<module>:19 - 0.776	0.764	0.792	0.778
2022-10-18 19:29:45.121 | WARNING  | __main__:<module>:19 - 0.832	0.787	0.906	0.842
2022-10-18 19:29:45.353 | WARNING  | __main__:<module>:19 - 0.85	0.849	0.849	0.849
2022-10-18 19:29:45.582 | WARNING  | __main__:<module>:19 - 0.877	0.9	0.849	0.874
2022-10-18 19:29:45.814 | WARNING  | __main__:<module>:19 - 0.896	0.904	0.887	0.895
2022-10-18 19:29:46.023 | WARNING  | __main__:<module>:19 - 0.849	0.863	0.83	0.846
2022-10-18 19:29:46.234 | WARNING  | __main__:<module>:19 - 0.802	0.833	0.755	0.792
2022-10-18 19:29:46.234 | WARNING  | __main__:<module>:26 - accuracy		mean:0.815	std:0.056
2022-10-18 19:29:46.242 | WARNING  | __main__:<module>:28 - precision		mean:0.809	std:0.074
2022-10-18 19:29:46.244 | WARNING  | __main__:<module>:30 - recall		mean:0.857	std:0.064
2022-10-18 19:29:46.248 | WARNING  | __main__:<module>:32 - f1		mean:0.828	std:0.038
2022-10-18 19:29:47.929 | WARNING  | __main__:<module>:19 - 0.869	0.87	0.87	0.87
2022-10-18 19:29:48.168 | WARNING  | __main__:<module>:19 - 0.822	0.807	0.852	0.829
2022-10-18 19:29:48.410 | WARNING  | __main__:<module>:19 - 0.832	0.821	0.852	0.836
2022-10-18 19:29:48.634 | WARNING  | __main__:<module>:19 - 0.776	0.764	0.792	0.778
2022-10-18 19:29:48.852 | WARNING  | __main__:<module>:19 - 0.832	0.787	0.906	0.842
2022-10-18 19:29:49.090 | WARNING  | __main__:<module>:19 - 0.85	0.849	0.849	0.849
2022-10-18 19:29:49.323 | WARNING  | __main__:<module>:19 - 0.877	0.9	0.849	0.874
2022-10-18 19:29:49.543 | WARNING  | __main__:<module>:19 - 0.896	0.904	0.887	0.895
2022-10-18 19:29:49.762 | WARNING  | __main__:<module>:19 - 0.849	0.863	0.83	0.846
2022-10-18 19:29:49.984 | WARNING  | __main__:<module>:19 - 0.802	0.833	0.755	0.792
2022-10-18 19:29:49.989 | WARNING  | __main__:<module>:26 - accuracy		mean:0.819	std:0.054
2022-10-18 19:29:49.993 | WARNING  | __main__:<module>:28 - precision		mean:0.813	std:0.072
2022-10-18 19:29:49.997 | WARNING  | __main__:<module>:30 - recall		mean:0.855	std:0.062
2022-10-18 19:29:50.001 | WARNING  | __main__:<module>:32 - f1		mean:0.83	std:0.038
2022-10-18 19:29:52.004 | WARNING  | __main__:<module>:19 - 0.869	0.87	0.87	0.87
2022-10-18 19:29:52.237 | WARNING  | __main__:<module>:19 - 0.822	0.807	0.852	0.829
2022-10-18 19:29:52.471 | WARNING  | __main__:<module>:19 - 0.832	0.821	0.852	0.836
2022-10-18 19:29:52.690 | WARNING  | __main__:<module>:19 - 0.776	0.764	0.792	0.778
2022-10-18 19:29:52.913 | WARNING  | __main__:<module>:19 - 0.832	0.787	0.906	0.842
2022-10-18 19:29:53.134 | WARNING  | __main__:<module>:19 - 0.85	0.849	0.849	0.849
2022-10-18 19:29:53.348 | WARNING  | __main__:<module>:19 - 0.877	0.9	0.849	0.874
2022-10-18 19:29:53.563 | WARNING  | __main__:<module>:19 - 0.896	0.904	0.887	0.895
2022-10-18 19:29:53.782 | WARNING  | __main__:<module>:19 - 0.849	0.863	0.83	0.846
2022-10-18 19:29:54.002 | WARNING  | __main__:<module>:19 - 0.802	0.833	0.755	0.792
2022-10-18 19:29:54.005 | WARNING  | __main__:<module>:26 - accuracy		mean:0.822	std:0.052
2022-10-18 19:29:54.010 | WARNING  | __main__:<module>:28 - precision		mean:0.817	std:0.069
2022-10-18 19:29:54.014 | WARNING  | __main__:<module>:30 - recall		mean:0.854	std:0.06
2022-10-18 19:29:54.018 | WARNING  | __main__:<module>:32 - f1		mean:0.831	std:0.038
2022-10-18 19:30:02.288 | WARNING  | __main__:<module>:19 - 0.869	0.87	0.87	0.87
2022-10-18 19:30:02.488 | WARNING  | __main__:<module>:19 - 0.822	0.807	0.852	0.829
2022-10-18 19:30:02.699 | WARNING  | __main__:<module>:19 - 0.832	0.821	0.852	0.836
2022-10-18 19:30:02.925 | WARNING  | __main__:<module>:19 - 0.776	0.764	0.792	0.778
2022-10-18 19:30:03.138 | WARNING  | __main__:<module>:19 - 0.832	0.787	0.906	0.842
2022-10-18 19:30:03.345 | WARNING  | __main__:<module>:19 - 0.85	0.849	0.849	0.849
2022-10-18 19:30:03.555 | WARNING  | __main__:<module>:19 - 0.877	0.9	0.849	0.874
2022-10-18 19:30:03.764 | WARNING  | __main__:<module>:19 - 0.896	0.904	0.887	0.895
2022-10-18 19:30:03.972 | WARNING  | __main__:<module>:19 - 0.849	0.863	0.83	0.846
2022-10-18 19:30:04.182 | WARNING  | __main__:<module>:19 - 0.802	0.833	0.755	0.792
2022-10-18 19:30:04.185 | WARNING  | __main__:<module>:26 - accuracy		mean:0.824	std:0.051
2022-10-18 19:30:04.189 | WARNING  | __main__:<module>:28 - precision		mean:0.819	std:0.067
2022-10-18 19:30:04.194 | WARNING  | __main__:<module>:30 - recall		mean:0.853	std:0.058
2022-10-18 19:30:04.198 | WARNING  | __main__:<module>:32 - f1		mean:0.832	std:0.038
2022-10-18 19:30:06.362 | WARNING  | __main__:<module>:19 - 0.869	0.87	0.87	0.87
2022-10-18 19:30:06.587 | WARNING  | __main__:<module>:19 - 0.822	0.807	0.852	0.829
2022-10-18 19:30:06.807 | WARNING  | __main__:<module>:19 - 0.832	0.821	0.852	0.836
2022-10-18 19:30:07.012 | WARNING  | __main__:<module>:19 - 0.776	0.764	0.792	0.778
2022-10-18 19:30:07.243 | WARNING  | __main__:<module>:19 - 0.832	0.787	0.906	0.842
2022-10-18 19:30:07.464 | WARNING  | __main__:<module>:19 - 0.85	0.849	0.849	0.849
2022-10-18 19:30:07.713 | WARNING  | __main__:<module>:19 - 0.877	0.9	0.849	0.874
2022-10-18 19:30:07.942 | WARNING  | __main__:<module>:19 - 0.896	0.904	0.887	0.895
2022-10-18 19:30:08.144 | WARNING  | __main__:<module>:19 - 0.849	0.863	0.83	0.846
2022-10-18 19:30:08.366 | WARNING  | __main__:<module>:19 - 0.802	0.833	0.755	0.792
2022-10-18 19:30:08.376 | WARNING  | __main__:<module>:26 - accuracy		mean:0.825	std:0.05
2022-10-18 19:30:08.380 | WARNING  | __main__:<module>:28 - precision		mean:0.821	std:0.066
2022-10-18 19:30:08.381 | WARNING  | __main__:<module>:30 - recall		mean:0.852	std:0.057
2022-10-18 19:30:08.387 | WARNING  | __main__:<module>:32 - f1		mean:0.833	std:0.037
2022-10-18 19:30:10.790 | WARNING  | __main__:<module>:19 - 0.869	0.87	0.87	0.87
2022-10-18 19:30:11.041 | WARNING  | __main__:<module>:19 - 0.822	0.807	0.852	0.829
2022-10-18 19:30:11.258 | WARNING  | __main__:<module>:19 - 0.832	0.821	0.852	0.836
2022-10-18 19:30:11.499 | WARNING  | __main__:<module>:19 - 0.776	0.764	0.792	0.778
2022-10-18 19:30:11.773 | WARNING  | __main__:<module>:19 - 0.832	0.787	0.906	0.842
2022-10-18 19:30:11.987 | WARNING  | __main__:<module>:19 - 0.85	0.849	0.849	0.849
2022-10-18 19:30:12.216 | WARNING  | __main__:<module>:19 - 0.877	0.9	0.849	0.874
2022-10-18 19:30:12.431 | WARNING  | __main__:<module>:19 - 0.896	0.904	0.887	0.895
2022-10-18 19:30:12.634 | WARNING  | __main__:<module>:19 - 0.849	0.863	0.83	0.846
2022-10-18 19:30:12.857 | WARNING  | __main__:<module>:19 - 0.802	0.833	0.755	0.792
2022-10-18 19:30:12.857 | WARNING  | __main__:<module>:26 - accuracy		mean:0.827	std:0.049
2022-10-18 19:30:12.867 | WARNING  | __main__:<module>:28 - precision		mean:0.823	std:0.064
2022-10-18 19:30:12.868 | WARNING  | __main__:<module>:30 - recall		mean:0.851	std:0.055
2022-10-18 19:30:12.874 | WARNING  | __main__:<module>:32 - f1		mean:0.834	std:0.037
2022-10-18 19:31:12.134 | WARNING  | __main__:<module>:19 - 0.869	0.87	0.87	0.87
2022-10-18 19:31:12.345 | WARNING  | __main__:<module>:19 - 0.822	0.807	0.852	0.829
2022-10-18 19:31:12.560 | WARNING  | __main__:<module>:19 - 0.832	0.821	0.852	0.836
2022-10-18 19:31:12.791 | WARNING  | __main__:<module>:19 - 0.776	0.764	0.792	0.778
2022-10-18 19:31:13.035 | WARNING  | __main__:<module>:19 - 0.832	0.787	0.906	0.842
2022-10-18 19:31:13.272 | WARNING  | __main__:<module>:19 - 0.85	0.849	0.849	0.849
2022-10-18 19:31:13.534 | WARNING  | __main__:<module>:19 - 0.877	0.9	0.849	0.874
2022-10-18 19:31:13.772 | WARNING  | __main__:<module>:19 - 0.896	0.904	0.887	0.895
2022-10-18 19:31:14.002 | WARNING  | __main__:<module>:19 - 0.849	0.863	0.83	0.846
2022-10-18 19:31:14.270 | WARNING  | __main__:<module>:19 - 0.802	0.833	0.755	0.792
2022-10-18 19:31:14.274 | WARNING  | __main__:<module>:26 - accuracy		mean:0.828	std:0.048
2022-10-18 19:31:14.278 | WARNING  | __main__:<module>:28 - precision		mean:0.824	std:0.063
2022-10-18 19:31:14.282 | WARNING  | __main__:<module>:30 - recall		mean:0.851	std:0.054
2022-10-18 19:31:14.286 | WARNING  | __main__:<module>:32 - f1		mean:0.835	std:0.037
2022-10-18 19:31:16.578 | WARNING  | __main__:<module>:19 - 0.869	0.87	0.87	0.87
2022-10-18 19:31:16.815 | WARNING  | __main__:<module>:19 - 0.822	0.807	0.852	0.829
2022-10-18 19:31:17.031 | WARNING  | __main__:<module>:19 - 0.832	0.821	0.852	0.836
2022-10-18 19:31:17.244 | WARNING  | __main__:<module>:19 - 0.776	0.764	0.792	0.778
2022-10-18 19:31:17.455 | WARNING  | __main__:<module>:19 - 0.832	0.787	0.906	0.842
2022-10-18 19:31:17.662 | WARNING  | __main__:<module>:19 - 0.85	0.849	0.849	0.849
2022-10-18 19:31:17.871 | WARNING  | __main__:<module>:19 - 0.877	0.9	0.849	0.874
2022-10-18 19:31:18.082 | WARNING  | __main__:<module>:19 - 0.896	0.904	0.887	0.895
2022-10-18 19:31:18.293 | WARNING  | __main__:<module>:19 - 0.849	0.863	0.83	0.846
2022-10-18 19:31:18.504 | WARNING  | __main__:<module>:19 - 0.802	0.833	0.755	0.792
2022-10-18 19:31:18.508 | WARNING  | __main__:<module>:26 - accuracy		mean:0.829	std:0.047
2022-10-18 19:31:18.511 | WARNING  | __main__:<module>:28 - precision		mean:0.826	std:0.062
2022-10-18 19:31:18.515 | WARNING  | __main__:<module>:30 - recall		mean:0.85	std:0.054
2022-10-18 19:31:18.519 | WARNING  | __main__:<module>:32 - f1		mean:0.835	std:0.037
2022-10-18 19:31:20.750 | WARNING  | __main__:<module>:19 - 0.869	0.87	0.87	0.87
2022-10-18 19:31:20.975 | WARNING  | __main__:<module>:19 - 0.822	0.807	0.852	0.829
2022-10-18 19:31:21.199 | WARNING  | __main__:<module>:19 - 0.832	0.821	0.852	0.836
2022-10-18 19:31:21.419 | WARNING  | __main__:<module>:19 - 0.776	0.764	0.792	0.778
2022-10-18 19:31:21.668 | WARNING  | __main__:<module>:19 - 0.832	0.787	0.906	0.842
2022-10-18 19:31:21.898 | WARNING  | __main__:<module>:19 - 0.85	0.849	0.849	0.849
2022-10-18 19:31:22.131 | WARNING  | __main__:<module>:19 - 0.877	0.9	0.849	0.874
2022-10-18 19:31:22.370 | WARNING  | __main__:<module>:19 - 0.896	0.904	0.887	0.895
2022-10-18 19:31:22.601 | WARNING  | __main__:<module>:19 - 0.849	0.863	0.83	0.846
2022-10-18 19:31:22.838 | WARNING  | __main__:<module>:19 - 0.802	0.833	0.755	0.792
2022-10-18 19:31:22.842 | WARNING  | __main__:<module>:26 - accuracy		mean:0.83	std:0.046
2022-10-18 19:31:22.845 | WARNING  | __main__:<module>:28 - precision		mean:0.827	std:0.061
2022-10-18 19:31:22.850 | WARNING  | __main__:<module>:30 - recall		mean:0.85	std:0.053
2022-10-18 19:31:22.855 | WARNING  | __main__:<module>:32 - f1		mean:0.835	std:0.037
2022-10-18 19:31:25.266 | WARNING  | __main__:<module>:19 - 0.869	0.87	0.87	0.87
2022-10-18 19:31:25.495 | WARNING  | __main__:<module>:19 - 0.822	0.807	0.852	0.829
2022-10-18 19:31:25.731 | WARNING  | __main__:<module>:19 - 0.832	0.821	0.852	0.836
2022-10-18 19:31:25.993 | WARNING  | __main__:<module>:19 - 0.776	0.764	0.792	0.778
2022-10-18 19:31:26.214 | WARNING  | __main__:<module>:19 - 0.832	0.787	0.906	0.842
2022-10-18 19:31:26.425 | WARNING  | __main__:<module>:19 - 0.85	0.849	0.849	0.849
2022-10-18 19:31:26.640 | WARNING  | __main__:<module>:19 - 0.877	0.9	0.849	0.874
2022-10-18 19:31:26.889 | WARNING  | __main__:<module>:19 - 0.896	0.904	0.887	0.895
2022-10-18 19:31:27.140 | WARNING  | __main__:<module>:19 - 0.849	0.863	0.83	0.846
2022-10-18 19:31:27.354 | WARNING  | __main__:<module>:19 - 0.802	0.833	0.755	0.792
2022-10-18 19:31:27.358 | WARNING  | __main__:<module>:26 - accuracy		mean:0.83	std:0.046
2022-10-18 19:31:27.362 | WARNING  | __main__:<module>:28 - precision		mean:0.827	std:0.06
2022-10-18 19:31:27.365 | WARNING  | __main__:<module>:30 - recall		mean:0.849	std:0.052
2022-10-18 19:31:27.369 | WARNING  | __main__:<module>:32 - f1		mean:0.836	std:0.036
2022-10-18 19:31:29.923 | WARNING  | __main__:<module>:19 - 0.869	0.87	0.87	0.87
2022-10-18 19:31:30.206 | WARNING  | __main__:<module>:19 - 0.822	0.807	0.852	0.829
2022-10-18 19:31:30.477 | WARNING  | __main__:<module>:19 - 0.832	0.821	0.852	0.836
2022-10-18 19:31:30.692 | WARNING  | __main__:<module>:19 - 0.776	0.764	0.792	0.778
2022-10-18 19:31:30.906 | WARNING  | __main__:<module>:19 - 0.832	0.787	0.906	0.842
2022-10-18 19:31:31.175 | WARNING  | __main__:<module>:19 - 0.85	0.849	0.849	0.849
2022-10-18 19:31:31.394 | WARNING  | __main__:<module>:19 - 0.877	0.9	0.849	0.874
2022-10-18 19:31:31.602 | WARNING  | __main__:<module>:19 - 0.896	0.904	0.887	0.895
2022-10-18 19:31:31.844 | WARNING  | __main__:<module>:19 - 0.849	0.863	0.83	0.846
2022-10-18 19:31:32.078 | WARNING  | __main__:<module>:19 - 0.802	0.833	0.755	0.792
2022-10-18 19:31:32.082 | WARNING  | __main__:<module>:26 - accuracy		mean:0.831	std:0.045
2022-10-18 19:31:32.086 | WARNING  | __main__:<module>:28 - precision		mean:0.828	std:0.059
2022-10-18 19:31:32.087 | WARNING  | __main__:<module>:30 - recall		mean:0.849	std:0.052
2022-10-18 19:31:32.087 | WARNING  | __main__:<module>:32 - f1		mean:0.836	std:0.036
2022-10-18 19:31:34.359 | WARNING  | __main__:<module>:19 - 0.869	0.87	0.87	0.87
2022-10-18 19:31:34.579 | WARNING  | __main__:<module>:19 - 0.822	0.807	0.852	0.829
2022-10-18 19:31:34.798 | WARNING  | __main__:<module>:19 - 0.832	0.821	0.852	0.836
2022-10-18 19:31:35.023 | WARNING  | __main__:<module>:19 - 0.776	0.764	0.792	0.778
2022-10-18 19:31:35.228 | WARNING  | __main__:<module>:19 - 0.832	0.787	0.906	0.842
2022-10-18 19:31:35.454 | WARNING  | __main__:<module>:19 - 0.85	0.849	0.849	0.849
2022-10-18 19:31:35.685 | WARNING  | __main__:<module>:19 - 0.877	0.9	0.849	0.874
2022-10-18 19:31:35.918 | WARNING  | __main__:<module>:19 - 0.896	0.904	0.887	0.895
2022-10-18 19:31:36.138 | WARNING  | __main__:<module>:19 - 0.849	0.863	0.83	0.846
2022-10-18 19:31:36.347 | WARNING  | __main__:<module>:19 - 0.802	0.833	0.755	0.792
2022-10-18 19:31:36.347 | WARNING  | __main__:<module>:26 - accuracy		mean:0.832	std:0.045
2022-10-18 19:31:36.357 | WARNING  | __main__:<module>:28 - precision		mean:0.829	std:0.058
2022-10-18 19:31:36.358 | WARNING  | __main__:<module>:30 - recall		mean:0.849	std:0.051
2022-10-18 19:31:36.365 | WARNING  | __main__:<module>:32 - f1		mean:0.836	std:0.036
2022-10-18 19:31:38.431 | WARNING  | __main__:<module>:19 - 0.869	0.87	0.87	0.87
2022-10-18 19:31:38.662 | WARNING  | __main__:<module>:19 - 0.822	0.807	0.852	0.829
2022-10-18 19:31:38.905 | WARNING  | __main__:<module>:19 - 0.832	0.821	0.852	0.836
2022-10-18 19:31:39.122 | WARNING  | __main__:<module>:19 - 0.776	0.764	0.792	0.778
2022-10-18 19:31:39.331 | WARNING  | __main__:<module>:19 - 0.832	0.787	0.906	0.842
2022-10-18 19:31:39.552 | WARNING  | __main__:<module>:19 - 0.85	0.849	0.849	0.849
2022-10-18 19:31:39.783 | WARNING  | __main__:<module>:19 - 0.877	0.9	0.849	0.874
2022-10-18 19:31:40.003 | WARNING  | __main__:<module>:19 - 0.896	0.904	0.887	0.895
2022-10-18 19:31:40.212 | WARNING  | __main__:<module>:19 - 0.849	0.863	0.83	0.846
2022-10-18 19:31:40.426 | WARNING  | __main__:<module>:19 - 0.802	0.833	0.755	0.792
2022-10-18 19:31:40.430 | WARNING  | __main__:<module>:26 - accuracy		mean:0.832	std:0.044
2022-10-18 19:31:40.433 | WARNING  | __main__:<module>:28 - precision		mean:0.83	std:0.058
2022-10-18 19:31:40.437 | WARNING  | __main__:<module>:30 - recall		mean:0.849	std:0.051
2022-10-18 19:31:40.441 | WARNING  | __main__:<module>:32 - f1		mean:0.837	std:0.036
2022-10-18 19:31:42.697 | WARNING  | __main__:<module>:19 - 0.869	0.87	0.87	0.87
2022-10-18 19:31:42.949 | WARNING  | __main__:<module>:19 - 0.822	0.807	0.852	0.829
2022-10-18 19:31:43.186 | WARNING  | __main__:<module>:19 - 0.832	0.821	0.852	0.836
2022-10-18 19:31:43.403 | WARNING  | __main__:<module>:19 - 0.776	0.764	0.792	0.778
2022-10-18 19:31:43.616 | WARNING  | __main__:<module>:19 - 0.832	0.787	0.906	0.842
2022-10-18 19:31:43.845 | WARNING  | __main__:<module>:19 - 0.85	0.849	0.849	0.849
2022-10-18 19:31:44.069 | WARNING  | __main__:<module>:19 - 0.877	0.9	0.849	0.874
2022-10-18 19:31:44.289 | WARNING  | __main__:<module>:19 - 0.896	0.904	0.887	0.895
2022-10-18 19:31:44.515 | WARNING  | __main__:<module>:19 - 0.849	0.863	0.83	0.846
2022-10-18 19:31:44.751 | WARNING  | __main__:<module>:19 - 0.802	0.833	0.755	0.792
2022-10-18 19:31:44.755 | WARNING  | __main__:<module>:26 - accuracy		mean:0.833	std:0.044
2022-10-18 19:31:44.759 | WARNING  | __main__:<module>:28 - precision		mean:0.83	std:0.057
2022-10-18 19:31:44.763 | WARNING  | __main__:<module>:30 - recall		mean:0.848	std:0.05
2022-10-18 19:31:44.767 | WARNING  | __main__:<module>:32 - f1		mean:0.837	std:0.036
2022-10-18 19:31:46.322 | WARNING  | __main__:<module>:19 - 0.869	0.87	0.87	0.87
2022-10-18 19:31:46.553 | WARNING  | __main__:<module>:19 - 0.822	0.807	0.852	0.829
2022-10-18 19:31:46.765 | WARNING  | __main__:<module>:19 - 0.832	0.821	0.852	0.836
2022-10-18 19:31:46.978 | WARNING  | __main__:<module>:19 - 0.776	0.764	0.792	0.778
2022-10-18 19:31:47.193 | WARNING  | __main__:<module>:19 - 0.832	0.787	0.906	0.842
2022-10-18 19:31:47.408 | WARNING  | __main__:<module>:19 - 0.85	0.849	0.849	0.849
2022-10-18 19:31:47.627 | WARNING  | __main__:<module>:19 - 0.877	0.9	0.849	0.874
2022-10-18 19:31:47.835 | WARNING  | __main__:<module>:19 - 0.896	0.904	0.887	0.895
2022-10-18 19:31:48.072 | WARNING  | __main__:<module>:19 - 0.849	0.863	0.83	0.846
2022-10-18 19:31:48.325 | WARNING  | __main__:<module>:19 - 0.802	0.833	0.755	0.792
2022-10-18 19:31:48.329 | WARNING  | __main__:<module>:26 - accuracy		mean:0.833	std:0.043
2022-10-18 19:31:48.332 | WARNING  | __main__:<module>:28 - precision		mean:0.831	std:0.057
2022-10-18 19:31:48.336 | WARNING  | __main__:<module>:30 - recall		mean:0.848	std:0.05
2022-10-18 19:31:48.339 | WARNING  | __main__:<module>:32 - f1		mean:0.837	std:0.036
2022-10-18 19:31:53.119 | WARNING  | __main__:<module>:19 - 0.869	0.87	0.87	0.87
2022-10-18 19:31:53.350 | WARNING  | __main__:<module>:19 - 0.822	0.807	0.852	0.829
2022-10-18 19:31:53.594 | WARNING  | __main__:<module>:19 - 0.832	0.821	0.852	0.836
2022-10-18 19:31:53.845 | WARNING  | __main__:<module>:19 - 0.776	0.764	0.792	0.778
2022-10-18 19:31:54.085 | WARNING  | __main__:<module>:19 - 0.832	0.787	0.906	0.842
2022-10-18 19:31:54.328 | WARNING  | __main__:<module>:19 - 0.85	0.849	0.849	0.849
2022-10-18 19:31:54.551 | WARNING  | __main__:<module>:19 - 0.877	0.9	0.849	0.874
2022-10-18 19:31:54.779 | WARNING  | __main__:<module>:19 - 0.896	0.904	0.887	0.895
2022-10-18 19:31:55.011 | WARNING  | __main__:<module>:19 - 0.849	0.863	0.83	0.846
2022-10-18 19:31:55.254 | WARNING  | __main__:<module>:19 - 0.802	0.833	0.755	0.792
2022-10-18 19:31:55.258 | WARNING  | __main__:<module>:26 - accuracy		mean:0.833	std:0.043
2022-10-18 19:31:55.263 | WARNING  | __main__:<module>:28 - precision		mean:0.831	std:0.056
2022-10-18 19:31:55.266 | WARNING  | __main__:<module>:30 - recall		mean:0.848	std:0.049
2022-10-18 19:31:55.270 | WARNING  | __main__:<module>:32 - f1		mean:0.837	std:0.036
2022-10-18 19:31:57.642 | WARNING  | __main__:<module>:19 - 0.869	0.87	0.87	0.87
2022-10-18 19:31:57.873 | WARNING  | __main__:<module>:19 - 0.822	0.807	0.852	0.829
2022-10-18 19:31:58.092 | WARNING  | __main__:<module>:19 - 0.832	0.821	0.852	0.836
2022-10-18 19:31:58.326 | WARNING  | __main__:<module>:19 - 0.776	0.764	0.792	0.778
2022-10-18 19:31:58.572 | WARNING  | __main__:<module>:19 - 0.832	0.787	0.906	0.842
2022-10-18 19:31:58.826 | WARNING  | __main__:<module>:19 - 0.85	0.849	0.849	0.849
2022-10-18 19:31:59.067 | WARNING  | __main__:<module>:19 - 0.877	0.9	0.849	0.874
2022-10-18 19:31:59.286 | WARNING  | __main__:<module>:19 - 0.896	0.904	0.887	0.895
2022-10-18 19:31:59.496 | WARNING  | __main__:<module>:19 - 0.849	0.863	0.83	0.846
2022-10-18 19:31:59.743 | WARNING  | __main__:<module>:19 - 0.802	0.833	0.755	0.792
2022-10-18 19:31:59.747 | WARNING  | __main__:<module>:26 - accuracy		mean:0.834	std:0.043
2022-10-18 19:31:59.752 | WARNING  | __main__:<module>:28 - precision		mean:0.831	std:0.056
2022-10-18 19:31:59.756 | WARNING  | __main__:<module>:30 - recall		mean:0.848	std:0.049
2022-10-18 19:31:59.760 | WARNING  | __main__:<module>:32 - f1		mean:0.838	std:0.036
2022-10-18 19:32:04.246 | WARNING  | __main__:<module>:19 - 0.869	0.87	0.87	0.87
2022-10-18 19:32:04.501 | WARNING  | __main__:<module>:19 - 0.822	0.807	0.852	0.829
2022-10-18 19:32:04.729 | WARNING  | __main__:<module>:19 - 0.832	0.821	0.852	0.836
2022-10-18 19:32:04.946 | WARNING  | __main__:<module>:19 - 0.776	0.764	0.792	0.778
2022-10-18 19:32:05.175 | WARNING  | __main__:<module>:19 - 0.832	0.787	0.906	0.842
2022-10-18 19:32:05.389 | WARNING  | __main__:<module>:19 - 0.85	0.849	0.849	0.849
2022-10-18 19:32:05.615 | WARNING  | __main__:<module>:19 - 0.877	0.9	0.849	0.874
2022-10-18 19:32:05.854 | WARNING  | __main__:<module>:19 - 0.896	0.904	0.887	0.895
2022-10-18 19:32:06.076 | WARNING  | __main__:<module>:19 - 0.849	0.863	0.83	0.846
2022-10-18 19:32:06.290 | WARNING  | __main__:<module>:19 - 0.802	0.833	0.755	0.792
2022-10-18 19:32:06.295 | WARNING  | __main__:<module>:26 - accuracy		mean:0.834	std:0.042
2022-10-18 19:32:06.300 | WARNING  | __main__:<module>:28 - precision		mean:0.832	std:0.055
2022-10-18 19:32:06.305 | WARNING  | __main__:<module>:30 - recall		mean:0.848	std:0.049
2022-10-18 19:32:06.310 | WARNING  | __main__:<module>:32 - f1		mean:0.838	std:0.036
2022-10-18 19:32:08.962 | WARNING  | __main__:<module>:19 - 0.869	0.87	0.87	0.87
2022-10-18 19:32:09.195 | WARNING  | __main__:<module>:19 - 0.822	0.807	0.852	0.829
2022-10-18 19:32:09.415 | WARNING  | __main__:<module>:19 - 0.832	0.821	0.852	0.836
2022-10-18 19:32:09.648 | WARNING  | __main__:<module>:19 - 0.776	0.764	0.792	0.778
2022-10-18 19:32:09.890 | WARNING  | __main__:<module>:19 - 0.832	0.787	0.906	0.842
2022-10-18 19:32:10.110 | WARNING  | __main__:<module>:19 - 0.85	0.849	0.849	0.849
2022-10-18 19:32:10.322 | WARNING  | __main__:<module>:19 - 0.877	0.9	0.849	0.874
2022-10-18 19:32:10.544 | WARNING  | __main__:<module>:19 - 0.896	0.904	0.887	0.895
2022-10-18 19:32:10.756 | WARNING  | __main__:<module>:19 - 0.849	0.863	0.83	0.846
2022-10-18 19:32:10.983 | WARNING  | __main__:<module>:19 - 0.802	0.833	0.755	0.792
2022-10-18 19:32:10.987 | WARNING  | __main__:<module>:26 - accuracy		mean:0.834	std:0.042
2022-10-18 19:32:10.991 | WARNING  | __main__:<module>:28 - precision		mean:0.832	std:0.055
2022-10-18 19:32:10.994 | WARNING  | __main__:<module>:30 - recall		mean:0.847	std:0.049
2022-10-18 19:32:10.998 | WARNING  | __main__:<module>:32 - f1		mean:0.838	std:0.036
2022-10-18 19:32:12.987 | WARNING  | __main__:<module>:19 - 0.869	0.87	0.87	0.87
2022-10-18 19:32:13.214 | WARNING  | __main__:<module>:19 - 0.822	0.807	0.852	0.829
2022-10-18 19:32:13.429 | WARNING  | __main__:<module>:19 - 0.832	0.821	0.852	0.836
2022-10-18 19:32:13.646 | WARNING  | __main__:<module>:19 - 0.776	0.764	0.792	0.778
2022-10-18 19:32:13.867 | WARNING  | __main__:<module>:19 - 0.832	0.787	0.906	0.842
2022-10-18 19:32:14.092 | WARNING  | __main__:<module>:19 - 0.85	0.849	0.849	0.849
2022-10-18 19:32:14.327 | WARNING  | __main__:<module>:19 - 0.877	0.9	0.849	0.874
2022-10-18 19:32:14.548 | WARNING  | __main__:<module>:19 - 0.896	0.904	0.887	0.895
2022-10-18 19:32:14.827 | WARNING  | __main__:<module>:19 - 0.849	0.863	0.83	0.846
2022-10-18 19:32:15.094 | WARNING  | __main__:<module>:19 - 0.802	0.833	0.755	0.792
2022-10-18 19:32:15.100 | WARNING  | __main__:<module>:26 - accuracy		mean:0.835	std:0.042
2022-10-18 19:32:15.101 | WARNING  | __main__:<module>:28 - precision		mean:0.832	std:0.054
2022-10-18 19:32:15.106 | WARNING  | __main__:<module>:30 - recall		mean:0.847	std:0.048
2022-10-18 19:32:15.110 | WARNING  | __main__:<module>:32 - f1		mean:0.838	std:0.036
2022-10-18 19:32:58.750 | WARNING  | __main__:<module>:19 - 0.869	0.87	0.87	0.87
2022-10-18 19:32:58.965 | WARNING  | __main__:<module>:19 - 0.822	0.807	0.852	0.829
2022-10-18 19:32:59.203 | WARNING  | __main__:<module>:19 - 0.832	0.821	0.852	0.836
2022-10-18 19:32:59.420 | WARNING  | __main__:<module>:19 - 0.776	0.764	0.792	0.778
2022-10-18 19:32:59.643 | WARNING  | __main__:<module>:19 - 0.832	0.787	0.906	0.842
2022-10-18 19:32:59.890 | WARNING  | __main__:<module>:19 - 0.85	0.849	0.849	0.849
2022-10-18 19:33:00.153 | WARNING  | __main__:<module>:19 - 0.877	0.9	0.849	0.874
2022-10-18 19:33:00.355 | WARNING  | __main__:<module>:19 - 0.896	0.904	0.887	0.895
2022-10-18 19:33:00.573 | WARNING  | __main__:<module>:19 - 0.849	0.863	0.83	0.846
2022-10-18 19:33:00.793 | WARNING  | __main__:<module>:19 - 0.802	0.833	0.755	0.792
2022-10-18 19:33:00.797 | WARNING  | __main__:<module>:26 - accuracy		mean:0.835	std:0.042
2022-10-18 19:33:00.801 | WARNING  | __main__:<module>:28 - precision		mean:0.833	std:0.054
2022-10-18 19:33:00.806 | WARNING  | __main__:<module>:30 - recall		mean:0.847	std:0.048
2022-10-18 19:33:00.812 | WARNING  | __main__:<module>:32 - f1		mean:0.838	std:0.035
2022-10-18 19:33:07.643 | WARNING  | __main__:<module>:19 - 0.869	0.87	0.87	0.87
2022-10-18 19:33:07.875 | WARNING  | __main__:<module>:19 - 0.822	0.807	0.852	0.829
2022-10-18 19:33:08.094 | WARNING  | __main__:<module>:19 - 0.832	0.821	0.852	0.836
2022-10-18 19:33:08.297 | WARNING  | __main__:<module>:19 - 0.776	0.764	0.792	0.778
2022-10-18 19:33:08.514 | WARNING  | __main__:<module>:19 - 0.832	0.787	0.906	0.842
2022-10-18 19:33:08.720 | WARNING  | __main__:<module>:19 - 0.85	0.849	0.849	0.849
2022-10-18 19:33:08.931 | WARNING  | __main__:<module>:19 - 0.877	0.9	0.849	0.874
2022-10-18 19:33:09.157 | WARNING  | __main__:<module>:19 - 0.896	0.904	0.887	0.895
2022-10-18 19:33:09.412 | WARNING  | __main__:<module>:19 - 0.849	0.863	0.83	0.846
2022-10-18 19:33:09.627 | WARNING  | __main__:<module>:19 - 0.802	0.833	0.755	0.792
2022-10-18 19:33:09.631 | WARNING  | __main__:<module>:26 - accuracy		mean:0.835	std:0.041
2022-10-18 19:33:09.635 | WARNING  | __main__:<module>:28 - precision		mean:0.833	std:0.054
2022-10-18 19:33:09.639 | WARNING  | __main__:<module>:30 - recall		mean:0.847	std:0.048
2022-10-18 19:33:09.642 | WARNING  | __main__:<module>:32 - f1		mean:0.838	std:0.035
2022-10-18 19:33:12.546 | WARNING  | __main__:<module>:19 - 0.869	0.87	0.87	0.87
2022-10-18 19:33:12.775 | WARNING  | __main__:<module>:19 - 0.822	0.807	0.852	0.829
2022-10-18 19:33:12.986 | WARNING  | __main__:<module>:19 - 0.832	0.821	0.852	0.836
2022-10-18 19:33:13.217 | WARNING  | __main__:<module>:19 - 0.776	0.764	0.792	0.778
2022-10-18 19:33:13.429 | WARNING  | __main__:<module>:19 - 0.832	0.787	0.906	0.842
2022-10-18 19:33:13.652 | WARNING  | __main__:<module>:19 - 0.85	0.849	0.849	0.849
2022-10-18 19:33:13.872 | WARNING  | __main__:<module>:19 - 0.877	0.9	0.849	0.874
2022-10-18 19:33:14.083 | WARNING  | __main__:<module>:19 - 0.896	0.904	0.887	0.895
2022-10-18 19:33:14.296 | WARNING  | __main__:<module>:19 - 0.849	0.863	0.83	0.846
2022-10-18 19:33:14.530 | WARNING  | __main__:<module>:19 - 0.802	0.833	0.755	0.792
2022-10-18 19:33:14.534 | WARNING  | __main__:<module>:26 - accuracy		mean:0.835	std:0.041
2022-10-18 19:33:14.538 | WARNING  | __main__:<module>:28 - precision		mean:0.833	std:0.054
2022-10-18 19:33:14.542 | WARNING  | __main__:<module>:30 - recall		mean:0.847	std:0.048
2022-10-18 19:33:14.546 | WARNING  | __main__:<module>:32 - f1		mean:0.838	std:0.035
2022-10-18 19:33:17.756 | WARNING  | __main__:<module>:19 - 0.869	0.87	0.87	0.87
2022-10-18 19:33:17.981 | WARNING  | __main__:<module>:19 - 0.822	0.807	0.852	0.829
2022-10-18 19:33:18.198 | WARNING  | __main__:<module>:19 - 0.832	0.821	0.852	0.836
2022-10-18 19:33:18.401 | WARNING  | __main__:<module>:19 - 0.776	0.764	0.792	0.778
2022-10-18 19:33:18.620 | WARNING  | __main__:<module>:19 - 0.832	0.787	0.906	0.842
2022-10-18 19:33:18.842 | WARNING  | __main__:<module>:19 - 0.85	0.849	0.849	0.849
2022-10-18 19:33:19.078 | WARNING  | __main__:<module>:19 - 0.877	0.9	0.849	0.874
2022-10-18 19:33:19.327 | WARNING  | __main__:<module>:19 - 0.896	0.904	0.887	0.895
2022-10-18 19:33:19.549 | WARNING  | __main__:<module>:19 - 0.849	0.863	0.83	0.846
2022-10-18 19:33:19.778 | WARNING  | __main__:<module>:19 - 0.802	0.833	0.755	0.792
2022-10-18 19:33:19.782 | WARNING  | __main__:<module>:26 - accuracy		mean:0.835	std:0.041
2022-10-18 19:33:19.786 | WARNING  | __main__:<module>:28 - precision		mean:0.833	std:0.053
2022-10-18 19:33:19.791 | WARNING  | __main__:<module>:30 - recall		mean:0.847	std:0.047
2022-10-18 19:33:19.796 | WARNING  | __main__:<module>:32 - f1		mean:0.838	std:0.035
2022-10-18 19:33:21.787 | WARNING  | __main__:<module>:19 - 0.869	0.87	0.87	0.87
2022-10-18 19:33:21.999 | WARNING  | __main__:<module>:19 - 0.822	0.807	0.852	0.829
2022-10-18 19:33:22.207 | WARNING  | __main__:<module>:19 - 0.832	0.821	0.852	0.836
2022-10-18 19:33:22.436 | WARNING  | __main__:<module>:19 - 0.776	0.764	0.792	0.778
2022-10-18 19:33:22.661 | WARNING  | __main__:<module>:19 - 0.832	0.787	0.906	0.842
2022-10-18 19:33:22.882 | WARNING  | __main__:<module>:19 - 0.85	0.849	0.849	0.849
2022-10-18 19:33:23.102 | WARNING  | __main__:<module>:19 - 0.877	0.9	0.849	0.874
2022-10-18 19:33:23.312 | WARNING  | __main__:<module>:19 - 0.896	0.904	0.887	0.895
2022-10-18 19:33:23.542 | WARNING  | __main__:<module>:19 - 0.849	0.863	0.83	0.846
2022-10-18 19:33:23.749 | WARNING  | __main__:<module>:19 - 0.802	0.833	0.755	0.792
2022-10-18 19:33:23.749 | WARNING  | __main__:<module>:26 - accuracy		mean:0.836	std:0.041
2022-10-18 19:33:23.760 | WARNING  | __main__:<module>:28 - precision		mean:0.834	std:0.053
2022-10-18 19:33:23.764 | WARNING  | __main__:<module>:30 - recall		mean:0.847	std:0.047
2022-10-18 19:33:23.767 | WARNING  | __main__:<module>:32 - f1		mean:0.839	std:0.035
2022-10-18 19:35:08.022 | WARNING  | __main__:<module>:19 - 0.869	0.87	0.87	0.87
2022-10-18 19:35:08.231 | WARNING  | __main__:<module>:19 - 0.822	0.807	0.852	0.829
2022-10-18 19:35:08.440 | WARNING  | __main__:<module>:19 - 0.832	0.821	0.852	0.836
2022-10-18 19:35:08.652 | WARNING  | __main__:<module>:19 - 0.776	0.764	0.792	0.778
2022-10-18 19:35:08.889 | WARNING  | __main__:<module>:19 - 0.832	0.787	0.906	0.842
2022-10-18 19:35:09.136 | WARNING  | __main__:<module>:19 - 0.85	0.849	0.849	0.849
2022-10-18 19:35:09.344 | WARNING  | __main__:<module>:19 - 0.877	0.9	0.849	0.874
2022-10-18 19:35:09.551 | WARNING  | __main__:<module>:19 - 0.896	0.904	0.887	0.895
2022-10-18 19:35:09.788 | WARNING  | __main__:<module>:19 - 0.849	0.863	0.83	0.846
2022-10-18 19:35:10.009 | WARNING  | __main__:<module>:19 - 0.802	0.833	0.755	0.792
2022-10-18 19:35:10.013 | WARNING  | __main__:<module>:26 - accuracy		mean:0.836	std:0.041
2022-10-18 19:35:10.017 | WARNING  | __main__:<module>:28 - precision		mean:0.834	std:0.053
2022-10-18 19:35:10.021 | WARNING  | __main__:<module>:30 - recall		mean:0.847	std:0.047
2022-10-18 19:35:10.026 | WARNING  | __main__:<module>:32 - f1		mean:0.839	std:0.035
2022-10-18 19:35:12.315 | WARNING  | __main__:<module>:19 - 0.869	0.87	0.87	0.87
2022-10-18 19:35:12.589 | WARNING  | __main__:<module>:19 - 0.822	0.807	0.852	0.829
2022-10-18 19:35:12.819 | WARNING  | __main__:<module>:19 - 0.832	0.821	0.852	0.836
2022-10-18 19:35:13.044 | WARNING  | __main__:<module>:19 - 0.776	0.764	0.792	0.778
2022-10-18 19:35:13.263 | WARNING  | __main__:<module>:19 - 0.832	0.787	0.906	0.842
2022-10-18 19:35:13.485 | WARNING  | __main__:<module>:19 - 0.85	0.849	0.849	0.849
2022-10-18 19:35:13.714 | WARNING  | __main__:<module>:19 - 0.877	0.9	0.849	0.874
2022-10-18 19:35:13.929 | WARNING  | __main__:<module>:19 - 0.896	0.904	0.887	0.895
2022-10-18 19:35:14.154 | WARNING  | __main__:<module>:19 - 0.849	0.863	0.83	0.846
2022-10-18 19:35:14.378 | WARNING  | __main__:<module>:19 - 0.802	0.833	0.755	0.792
2022-10-18 19:35:14.382 | WARNING  | __main__:<module>:26 - accuracy		mean:0.836	std:0.04
2022-10-18 19:35:14.386 | WARNING  | __main__:<module>:28 - precision		mean:0.834	std:0.052
2022-10-18 19:35:14.390 | WARNING  | __main__:<module>:30 - recall		mean:0.847	std:0.047
2022-10-18 19:35:14.394 | WARNING  | __main__:<module>:32 - f1		mean:0.839	std:0.035
2022-10-18 19:35:16.467 | WARNING  | __main__:<module>:19 - 0.869	0.87	0.87	0.87
2022-10-18 19:35:16.693 | WARNING  | __main__:<module>:19 - 0.822	0.807	0.852	0.829
2022-10-18 19:35:16.899 | WARNING  | __main__:<module>:19 - 0.832	0.821	0.852	0.836
2022-10-18 19:35:17.108 | WARNING  | __main__:<module>:19 - 0.776	0.764	0.792	0.778
2022-10-18 19:35:17.322 | WARNING  | __main__:<module>:19 - 0.832	0.787	0.906	0.842
2022-10-18 19:35:17.532 | WARNING  | __main__:<module>:19 - 0.85	0.849	0.849	0.849
2022-10-18 19:35:17.795 | WARNING  | __main__:<module>:19 - 0.877	0.9	0.849	0.874
2022-10-18 19:35:18.039 | WARNING  | __main__:<module>:19 - 0.896	0.904	0.887	0.895
2022-10-18 19:35:18.295 | WARNING  | __main__:<module>:19 - 0.849	0.863	0.83	0.846
2022-10-18 19:35:18.543 | WARNING  | __main__:<module>:19 - 0.802	0.833	0.755	0.792
2022-10-18 19:35:18.547 | WARNING  | __main__:<module>:26 - accuracy		mean:0.836	std:0.04
2022-10-18 19:35:18.551 | WARNING  | __main__:<module>:28 - precision		mean:0.834	std:0.052
2022-10-18 19:35:18.555 | WARNING  | __main__:<module>:30 - recall		mean:0.847	std:0.047
2022-10-18 19:35:18.559 | WARNING  | __main__:<module>:32 - f1		mean:0.839	std:0.035
2022-10-18 19:35:21.962 | WARNING  | __main__:<module>:19 - 0.869	0.87	0.87	0.87
2022-10-18 19:35:22.198 | WARNING  | __main__:<module>:19 - 0.822	0.807	0.852	0.829
2022-10-18 19:35:22.422 | WARNING  | __main__:<module>:19 - 0.832	0.821	0.852	0.836
2022-10-18 19:35:22.644 | WARNING  | __main__:<module>:19 - 0.776	0.764	0.792	0.778
2022-10-18 19:35:22.873 | WARNING  | __main__:<module>:19 - 0.832	0.787	0.906	0.842
2022-10-18 19:35:23.091 | WARNING  | __main__:<module>:19 - 0.85	0.849	0.849	0.849
2022-10-18 19:35:23.348 | WARNING  | __main__:<module>:19 - 0.877	0.9	0.849	0.874
2022-10-18 19:35:23.581 | WARNING  | __main__:<module>:19 - 0.896	0.904	0.887	0.895
2022-10-18 19:35:23.793 | WARNING  | __main__:<module>:19 - 0.849	0.863	0.83	0.846
2022-10-18 19:35:24.014 | WARNING  | __main__:<module>:19 - 0.802	0.833	0.755	0.792
2022-10-18 19:35:24.023 | WARNING  | __main__:<module>:26 - accuracy		mean:0.836	std:0.04
2022-10-18 19:35:24.027 | WARNING  | __main__:<module>:28 - precision		mean:0.834	std:0.052
2022-10-18 19:35:24.028 | WARNING  | __main__:<module>:30 - recall		mean:0.846	std:0.047
2022-10-18 19:35:24.036 | WARNING  | __main__:<module>:32 - f1		mean:0.839	std:0.035
2022-10-18 19:35:26.661 | WARNING  | __main__:<module>:19 - 0.869	0.87	0.87	0.87
2022-10-18 19:35:26.877 | WARNING  | __main__:<module>:19 - 0.822	0.807	0.852	0.829
2022-10-18 19:35:27.082 | WARNING  | __main__:<module>:19 - 0.832	0.821	0.852	0.836
2022-10-18 19:35:27.299 | WARNING  | __main__:<module>:19 - 0.776	0.764	0.792	0.778
2022-10-18 19:35:27.505 | WARNING  | __main__:<module>:19 - 0.832	0.787	0.906	0.842
2022-10-18 19:35:27.709 | WARNING  | __main__:<module>:19 - 0.85	0.849	0.849	0.849
2022-10-18 19:35:27.928 | WARNING  | __main__:<module>:19 - 0.877	0.9	0.849	0.874
2022-10-18 19:35:28.138 | WARNING  | __main__:<module>:19 - 0.896	0.904	0.887	0.895
2022-10-18 19:35:28.342 | WARNING  | __main__:<module>:19 - 0.849	0.863	0.83	0.846
2022-10-18 19:35:28.553 | WARNING  | __main__:<module>:19 - 0.802	0.833	0.755	0.792
2022-10-18 19:35:28.553 | WARNING  | __main__:<module>:26 - accuracy		mean:0.836	std:0.04
2022-10-18 19:35:28.562 | WARNING  | __main__:<module>:28 - precision		mean:0.835	std:0.052
2022-10-18 19:35:28.563 | WARNING  | __main__:<module>:30 - recall		mean:0.846	std:0.047
2022-10-18 19:35:28.569 | WARNING  | __main__:<module>:32 - f1		mean:0.839	std:0.035
2022-10-18 19:35:30.930 | WARNING  | __main__:<module>:19 - 0.869	0.87	0.87	0.87
2022-10-18 19:35:31.156 | WARNING  | __main__:<module>:19 - 0.822	0.807	0.852	0.829
2022-10-18 19:35:31.393 | WARNING  | __main__:<module>:19 - 0.832	0.821	0.852	0.836
2022-10-18 19:35:31.638 | WARNING  | __main__:<module>:19 - 0.776	0.764	0.792	0.778
2022-10-18 19:35:31.855 | WARNING  | __main__:<module>:19 - 0.832	0.787	0.906	0.842
2022-10-18 19:35:32.087 | WARNING  | __main__:<module>:19 - 0.85	0.849	0.849	0.849
2022-10-18 19:35:32.315 | WARNING  | __main__:<module>:19 - 0.877	0.9	0.849	0.874
2022-10-18 19:35:32.527 | WARNING  | __main__:<module>:19 - 0.896	0.904	0.887	0.895
2022-10-18 19:35:32.752 | WARNING  | __main__:<module>:19 - 0.849	0.863	0.83	0.846
2022-10-18 19:35:32.985 | WARNING  | __main__:<module>:19 - 0.802	0.833	0.755	0.792
2022-10-18 19:35:32.990 | WARNING  | __main__:<module>:26 - accuracy		mean:0.836	std:0.04
2022-10-18 19:35:32.994 | WARNING  | __main__:<module>:28 - precision		mean:0.835	std:0.052
2022-10-18 19:35:32.999 | WARNING  | __main__:<module>:30 - recall		mean:0.846	std:0.046
2022-10-18 19:35:33.004 | WARNING  | __main__:<module>:32 - f1		mean:0.839	std:0.035
2022-10-18 19:35:37.049 | WARNING  | __main__:<module>:19 - 0.869	0.87	0.87	0.87
2022-10-18 19:35:37.266 | WARNING  | __main__:<module>:19 - 0.822	0.807	0.852	0.829
2022-10-18 19:35:37.493 | WARNING  | __main__:<module>:19 - 0.832	0.821	0.852	0.836
2022-10-18 19:35:37.703 | WARNING  | __main__:<module>:19 - 0.776	0.764	0.792	0.778
2022-10-18 19:35:37.922 | WARNING  | __main__:<module>:19 - 0.832	0.787	0.906	0.842
2022-10-18 19:35:38.146 | WARNING  | __main__:<module>:19 - 0.85	0.849	0.849	0.849
2022-10-18 19:35:38.369 | WARNING  | __main__:<module>:19 - 0.877	0.9	0.849	0.874
2022-10-18 19:35:38.586 | WARNING  | __main__:<module>:19 - 0.896	0.904	0.887	0.895
2022-10-18 19:35:38.833 | WARNING  | __main__:<module>:19 - 0.849	0.863	0.83	0.846
2022-10-18 19:35:39.051 | WARNING  | __main__:<module>:19 - 0.802	0.833	0.755	0.792
2022-10-18 19:35:39.055 | WARNING  | __main__:<module>:26 - accuracy		mean:0.836	std:0.04
2022-10-18 19:35:39.059 | WARNING  | __main__:<module>:28 - precision		mean:0.835	std:0.051
2022-10-18 19:35:39.063 | WARNING  | __main__:<module>:30 - recall		mean:0.846	std:0.046
2022-10-18 19:35:39.066 | WARNING  | __main__:<module>:32 - f1		mean:0.839	std:0.035
2022-10-18 19:35:41.204 | WARNING  | __main__:<module>:19 - 0.869	0.87	0.87	0.87
2022-10-18 19:35:41.420 | WARNING  | __main__:<module>:19 - 0.822	0.807	0.852	0.829
2022-10-18 19:35:41.640 | WARNING  | __main__:<module>:19 - 0.832	0.821	0.852	0.836
2022-10-18 19:35:41.862 | WARNING  | __main__:<module>:19 - 0.776	0.764	0.792	0.778
2022-10-18 19:35:42.153 | WARNING  | __main__:<module>:19 - 0.832	0.787	0.906	0.842
2022-10-18 19:35:42.389 | WARNING  | __main__:<module>:19 - 0.85	0.849	0.849	0.849
2022-10-18 19:35:42.607 | WARNING  | __main__:<module>:19 - 0.877	0.9	0.849	0.874
2022-10-18 19:35:42.822 | WARNING  | __main__:<module>:19 - 0.896	0.904	0.887	0.895
2022-10-18 19:35:43.044 | WARNING  | __main__:<module>:19 - 0.849	0.863	0.83	0.846
2022-10-18 19:35:43.294 | WARNING  | __main__:<module>:19 - 0.802	0.833	0.755	0.792
2022-10-18 19:35:43.298 | WARNING  | __main__:<module>:26 - accuracy		mean:0.837	std:0.039
2022-10-18 19:35:43.301 | WARNING  | __main__:<module>:28 - precision		mean:0.835	std:0.051
2022-10-18 19:35:43.305 | WARNING  | __main__:<module>:30 - recall		mean:0.846	std:0.046
2022-10-18 19:35:43.309 | WARNING  | __main__:<module>:32 - f1		mean:0.839	std:0.035
