2022-10-27 09:02:14.216 | INFO     | __main__:<module>:79 - 使用嵌入法 RandomForestClassifier 进行特征选择,剩余(1278, 13)个特征
2022-10-27 09:02:14.218 | INFO     | __main__:<module>:89 - 剩余的特征是：['高血压', '动脉粥样硬化', '单核细胞绝对值', '嗜碱性粒细胞绝对值', '总胆固醇', '甘油三酯', '高密度脂蛋白胆固醇', '尿蛋白定量', '24h尿蛋白定量', '24小时尿量', '病程', 'C2/C0', '胰岛素抵抗指数']
2022-10-27 09:02:14.219 | INFO     | __main__:<module>:110 - 使用 SMOTETomek 混合采样
2022-10-27 09:02:14.220 | INFO     | __main__:<module>:114 - 数据平衡前：非DPN组有1178条,DPN组有100条
2022-10-27 09:02:14.288 | INFO     | __main__:<module>:116 - 数据平衡后：非DPN组有1178条,DPN组有1178条
2022-10-27 09:02:25.645 | WARNING  | __main__:<module>:23 - {'estimator__bootstrap': True, 'estimator__ccp_alpha': 0.0, 'estimator__class_weight': None, 'estimator__criterion': 'gini', 'estimator__max_depth': 9, 'estimator__max_features': 'auto', 'estimator__max_leaf_nodes': None, 'estimator__max_samples': None, 'estimator__min_impurity_decrease': 0.0, 'estimator__min_impurity_split': None, 'estimator__min_samples_leaf': 1, 'estimator__min_samples_split': 2, 'estimator__min_weight_fraction_leaf': 0.0, 'estimator__n_estimators': 200, 'estimator__n_jobs': None, 'estimator__oob_score': False, 'estimator__random_state': None, 'estimator__verbose': 0, 'estimator__warm_start': False, 'estimator': RandomForestClassifier(max_depth=9, n_estimators=200), 'importance_getter': 'auto', 'max_features': None, 'norm_order': 1, 'prefit': True, 'threshold': None}
2022-10-27 09:02:27.344 | WARNING  | __main__:<module>:37 - 1.0	1.0	1.0	1.0
2022-10-27 09:02:27.671 | WARNING  | __main__:<module>:37 - 0.992	1.0	0.983	0.991
2022-10-27 09:02:28.009 | WARNING  | __main__:<module>:37 - 1.0	1.0	1.0	1.0
2022-10-27 09:02:28.364 | WARNING  | __main__:<module>:37 - 1.0	1.0	1.0	1.0
2022-10-27 09:02:28.687 | WARNING  | __main__:<module>:37 - 1.0	1.0	1.0	1.0
2022-10-27 09:02:29.001 | WARNING  | __main__:<module>:37 - 0.992	0.983	1.0	0.992
2022-10-27 09:02:29.318 | WARNING  | __main__:<module>:37 - 0.991	0.983	1.0	0.992
2022-10-27 09:02:29.647 | WARNING  | __main__:<module>:37 - 1.0	1.0	1.0	1.0
2022-10-27 09:02:29.964 | WARNING  | __main__:<module>:37 - 1.0	1.0	1.0	1.0
2022-10-27 09:02:30.282 | WARNING  | __main__:<module>:37 - 0.996	0.992	1.0	0.996
2022-10-27 09:02:30.284 | WARNING  | __main__:<module>:39 - accuracy		mean:0.997	std:0.004
2022-10-27 09:02:30.284 | WARNING  | __main__:<module>:40 - precision		mean:0.996	std:0.007
2022-10-27 09:02:30.285 | WARNING  | __main__:<module>:41 - recall		mean:0.998	std:0.005
2022-10-27 09:02:30.286 | WARNING  | __main__:<module>:42 - f1		mean:0.997	std:0.004
2022-10-27 09:12:19.525 | INFO     | __main__:<module>:79 - 使用嵌入法 RandomForestClassifier 进行特征选择,剩余(1278, 19)个特征
2022-10-27 09:12:19.526 | INFO     | __main__:<module>:89 - 剩余的特征是：['年龄', '体重', '血红蛋白', '血小板平均体积', '白蛋白', '总胆红素', '尿素', '尿酸', '总胆固醇', '高密度脂蛋白胆固醇', '糖化血红蛋白', '活化部分凝血活酶时间（APTT）', '尿蛋白定量', '24h尿蛋白定量', '病程', 'C2/C0', 'NLR', 'PLR', '胰岛素抵抗指数']
2022-10-27 09:12:19.527 | INFO     | __main__:<module>:110 - 使用 SMOTETomek 混合采样
2022-10-27 09:12:19.528 | INFO     | __main__:<module>:114 - 数据平衡前：非DPN组有530条,DPN组有748条
2022-10-27 09:12:19.581 | INFO     | __main__:<module>:116 - 数据平衡后：非DPN组有710条,DPN组有710条
2022-10-27 09:12:28.990 | WARNING  | __main__:<module>:23 - {'estimator__bootstrap': True, 'estimator__ccp_alpha': 0.0, 'estimator__class_weight': None, 'estimator__criterion': 'gini', 'estimator__max_depth': 9, 'estimator__max_features': 'auto', 'estimator__max_leaf_nodes': None, 'estimator__max_samples': None, 'estimator__min_impurity_decrease': 0.0, 'estimator__min_impurity_split': None, 'estimator__min_samples_leaf': 1, 'estimator__min_samples_split': 2, 'estimator__min_weight_fraction_leaf': 0.0, 'estimator__n_estimators': 200, 'estimator__n_jobs': None, 'estimator__oob_score': False, 'estimator__random_state': None, 'estimator__verbose': 0, 'estimator__warm_start': False, 'estimator': RandomForestClassifier(max_depth=9, n_estimators=200), 'importance_getter': 'auto', 'max_features': None, 'norm_order': 1, 'prefit': True, 'threshold': None}
2022-10-27 09:12:30.277 | WARNING  | __main__:<module>:37 - 0.754	0.79	0.69	0.737
2022-10-27 09:12:30.923 | WARNING  | __main__:<module>:37 - 0.754	0.79	0.69	0.737
2022-10-27 09:12:31.553 | WARNING  | __main__:<module>:37 - 0.739	0.758	0.704	0.73
2022-10-27 09:12:32.265 | WARNING  | __main__:<module>:37 - 0.761	0.794	0.704	0.746
2022-10-27 09:12:32.881 | WARNING  | __main__:<module>:37 - 0.746	0.74	0.761	0.75
2022-10-27 09:12:33.528 | WARNING  | __main__:<module>:37 - 0.775	0.767	0.789	0.778
2022-10-27 09:12:34.153 | WARNING  | __main__:<module>:37 - 0.704	0.723	0.662	0.691
2022-10-27 09:12:34.788 | WARNING  | __main__:<module>:37 - 0.754	0.81	0.662	0.729
2022-10-27 09:12:35.407 | WARNING  | __main__:<module>:37 - 0.782	0.812	0.732	0.77
2022-10-27 09:12:36.034 | WARNING  | __main__:<module>:37 - 0.782	0.803	0.746	0.774
2022-10-27 09:12:36.035 | WARNING  | __main__:<module>:39 - accuracy		mean:0.755	std:0.022
2022-10-27 09:12:36.037 | WARNING  | __main__:<module>:40 - precision		mean:0.779	std:0.029
2022-10-27 09:12:36.037 | WARNING  | __main__:<module>:41 - recall		mean:0.714	std:0.04
2022-10-27 09:12:36.038 | WARNING  | __main__:<module>:42 - f1		mean:0.744	std:0.025
2022-10-27 09:21:47.575 | INFO     | __main__:<module>:28 - 调参结束，最佳结果为:0.7605633802816901
2022-10-27 09:21:47.577 | INFO     | __main__:<module>:29 - 调参结束，最佳参数为:{'n_estimators': 135, 'max_depth': 9, 'grow_policy': 'lossguide', 'learning_rate': 0.0657342007048958, 'gamma': 0.024234042125201985, 'reg_lambda': 0.05285950034667379, 'reg_alpha': 1.0754000105670373e-05, 'subsample': 0.5084086336305798, 'colsample_bytree': 0.7439909204959344}
2022-10-27 09:22:24.921 | WARNING  | __main__:<module>:23 - {'estimator__bootstrap': True, 'estimator__ccp_alpha': 0.0, 'estimator__class_weight': None, 'estimator__criterion': 'gini', 'estimator__max_depth': 9, 'estimator__max_features': 'auto', 'estimator__max_leaf_nodes': None, 'estimator__max_samples': None, 'estimator__min_impurity_decrease': 0.0, 'estimator__min_impurity_split': None, 'estimator__min_samples_leaf': 1, 'estimator__min_samples_split': 2, 'estimator__min_weight_fraction_leaf': 0.0, 'estimator__n_estimators': 200, 'estimator__n_jobs': None, 'estimator__oob_score': False, 'estimator__random_state': None, 'estimator__verbose': 0, 'estimator__warm_start': False, 'estimator': RandomForestClassifier(max_depth=9, n_estimators=200), 'importance_getter': 'auto', 'max_features': None, 'norm_order': 1, 'prefit': True, 'threshold': None}
2022-10-27 09:22:25.295 | WARNING  | __main__:<module>:37 - 0.739	0.804	0.634	0.709
2022-10-27 09:22:25.470 | WARNING  | __main__:<module>:37 - 0.754	0.773	0.718	0.745
2022-10-27 09:22:25.645 | WARNING  | __main__:<module>:37 - 0.732	0.72	0.761	0.74
2022-10-27 09:22:25.838 | WARNING  | __main__:<module>:37 - 0.718	0.738	0.676	0.706
2022-10-27 09:22:26.056 | WARNING  | __main__:<module>:37 - 0.746	0.74	0.761	0.75
2022-10-27 09:22:26.271 | WARNING  | __main__:<module>:37 - 0.768	0.757	0.789	0.772
2022-10-27 09:22:26.490 | WARNING  | __main__:<module>:37 - 0.69	0.708	0.648	0.676
2022-10-27 09:22:26.668 | WARNING  | __main__:<module>:37 - 0.739	0.783	0.662	0.718
2022-10-27 09:22:26.865 | WARNING  | __main__:<module>:37 - 0.768	0.806	0.704	0.752
2022-10-27 09:22:27.069 | WARNING  | __main__:<module>:37 - 0.754	0.781	0.704	0.741
2022-10-27 09:22:27.070 | WARNING  | __main__:<module>:39 - accuracy		mean:0.741	std:0.022
2022-10-27 09:22:27.071 | WARNING  | __main__:<module>:40 - precision		mean:0.761	std:0.032
2022-10-27 09:22:27.072 | WARNING  | __main__:<module>:41 - recall		mean:0.706	std:0.049
2022-10-27 09:22:27.073 | WARNING  | __main__:<module>:42 - f1		mean:0.731	std:0.027
2022-10-27 09:23:12.285 | WARNING  | __main__:<module>:23 - {'estimator__bootstrap': True, 'estimator__ccp_alpha': 0.0, 'estimator__class_weight': None, 'estimator__criterion': 'gini', 'estimator__max_depth': 9, 'estimator__max_features': 'auto', 'estimator__max_leaf_nodes': None, 'estimator__max_samples': None, 'estimator__min_impurity_decrease': 0.0, 'estimator__min_impurity_split': None, 'estimator__min_samples_leaf': 1, 'estimator__min_samples_split': 2, 'estimator__min_weight_fraction_leaf': 0.0, 'estimator__n_estimators': 200, 'estimator__n_jobs': None, 'estimator__oob_score': False, 'estimator__random_state': None, 'estimator__verbose': 0, 'estimator__warm_start': False, 'estimator': RandomForestClassifier(max_depth=9, n_estimators=200), 'importance_getter': 'auto', 'max_features': None, 'norm_order': 1, 'prefit': True, 'threshold': None}
2022-10-27 09:23:13.608 | WARNING  | __main__:<module>:37 - 0.754	0.79	0.69	0.737
2022-10-27 09:23:14.217 | WARNING  | __main__:<module>:37 - 0.754	0.79	0.69	0.737
2022-10-27 09:23:14.861 | WARNING  | __main__:<module>:37 - 0.739	0.758	0.704	0.73
2022-10-27 09:23:15.499 | WARNING  | __main__:<module>:37 - 0.761	0.794	0.704	0.746
2022-10-27 09:23:16.161 | WARNING  | __main__:<module>:37 - 0.746	0.74	0.761	0.75
2022-10-27 09:23:16.814 | WARNING  | __main__:<module>:37 - 0.775	0.767	0.789	0.778
2022-10-27 09:23:17.419 | WARNING  | __main__:<module>:37 - 0.704	0.723	0.662	0.691
2022-10-27 09:23:18.027 | WARNING  | __main__:<module>:37 - 0.754	0.81	0.662	0.729
2022-10-27 09:23:18.635 | WARNING  | __main__:<module>:37 - 0.782	0.812	0.732	0.77
2022-10-27 09:23:19.236 | WARNING  | __main__:<module>:37 - 0.782	0.803	0.746	0.774
2022-10-27 09:23:19.238 | WARNING  | __main__:<module>:39 - accuracy		mean:0.755	std:0.022
2022-10-27 09:23:19.239 | WARNING  | __main__:<module>:40 - precision		mean:0.779	std:0.029
2022-10-27 09:23:19.240 | WARNING  | __main__:<module>:41 - recall		mean:0.714	std:0.04
2022-10-27 09:23:19.241 | WARNING  | __main__:<module>:42 - f1		mean:0.744	std:0.025
2022-10-27 09:24:44.155 | INFO     | __main__:<module>:79 - 使用嵌入法 RandomForestClassifier 进行特征选择,剩余(1278, 21)个特征
2022-10-27 09:24:44.156 | INFO     | __main__:<module>:89 - 剩余的特征是：['年龄', '血红蛋白', '血小板平均体积', '丙氨酸氨基转移酶', '白蛋白', '总胆红素', '尿素', '尿酸', '脂肪酶', '总胆固醇', '低密度脂蛋白胆固醇', '糖化血红蛋白', '活化部分凝血活酶时间（APTT）', '尿蛋白定量', '24h尿蛋白定量', '24小时尿量', '病程', 'C2/C0', 'NLR', 'PLR', '胰岛素抵抗指数']
2022-10-27 09:24:44.157 | INFO     | __main__:<module>:110 - 使用 SMOTETomek 混合采样
2022-10-27 09:24:44.158 | INFO     | __main__:<module>:114 - 数据平衡前：非DPN组有530条,DPN组有748条
2022-10-27 09:24:44.203 | INFO     | __main__:<module>:116 - 数据平衡后：非DPN组有714条,DPN组有714条
2022-10-27 09:35:20.069 | INFO     | __main__:<module>:28 - 调参结束，最佳结果为:0.8041958041958042
2022-10-27 09:35:20.071 | INFO     | __main__:<module>:29 - 调参结束，最佳参数为:{'n_estimators': 217, 'max_depth': 18, 'grow_policy': 'lossguide', 'learning_rate': 0.017921196485056672, 'gamma': 0.046089248790591605, 'reg_lambda': 4.778186140259089e-08, 'reg_alpha': 7.786192192095262e-05, 'subsample': 0.9165433748152004, 'colsample_bytree': 0.4887302674507532}
2022-10-27 09:36:13.512 | WARNING  | __main__:<module>:23 - {'estimator__bootstrap': True, 'estimator__ccp_alpha': 0.0, 'estimator__class_weight': None, 'estimator__criterion': 'gini', 'estimator__max_depth': 9, 'estimator__max_features': 'auto', 'estimator__max_leaf_nodes': None, 'estimator__max_samples': None, 'estimator__min_impurity_decrease': 0.0, 'estimator__min_impurity_split': None, 'estimator__min_samples_leaf': 1, 'estimator__min_samples_split': 2, 'estimator__min_weight_fraction_leaf': 0.0, 'estimator__n_estimators': 200, 'estimator__n_jobs': None, 'estimator__oob_score': False, 'estimator__random_state': None, 'estimator__verbose': 0, 'estimator__warm_start': False, 'estimator': RandomForestClassifier(max_depth=9, n_estimators=200), 'importance_getter': 'auto', 'max_features': None, 'norm_order': 1, 'prefit': True, 'threshold': None}
2022-10-27 09:36:14.464 | WARNING  | __main__:<module>:37 - 0.748	0.79	0.681	0.731
2022-10-27 09:36:14.963 | WARNING  | __main__:<module>:37 - 0.797	0.812	0.778	0.794
2022-10-27 09:36:15.416 | WARNING  | __main__:<module>:37 - 0.755	0.794	0.694	0.741
2022-10-27 09:36:16.030 | WARNING  | __main__:<module>:37 - 0.783	0.836	0.708	0.767
2022-10-27 09:36:16.537 | WARNING  | __main__:<module>:37 - 0.804	0.852	0.732	0.788
2022-10-27 09:36:16.998 | WARNING  | __main__:<module>:37 - 0.734	0.739	0.718	0.729
2022-10-27 09:36:17.440 | WARNING  | __main__:<module>:37 - 0.734	0.77	0.662	0.712
2022-10-27 09:36:17.881 | WARNING  | __main__:<module>:37 - 0.783	0.803	0.746	0.774
2022-10-27 09:36:18.321 | WARNING  | __main__:<module>:37 - 0.768	0.828	0.676	0.744
2022-10-27 09:36:18.766 | WARNING  | __main__:<module>:37 - 0.746	0.746	0.746	0.746
2022-10-27 09:36:18.767 | WARNING  | __main__:<module>:39 - accuracy		mean:0.765	std:0.024
2022-10-27 09:36:18.769 | WARNING  | __main__:<module>:40 - precision		mean:0.797	std:0.035
2022-10-27 09:36:18.770 | WARNING  | __main__:<module>:41 - recall		mean:0.714	std:0.035
2022-10-27 09:36:18.771 | WARNING  | __main__:<module>:42 - f1		mean:0.753	std:0.026
2022-10-27 09:51:15.944 | INFO     | __main__:<module>:28 - 调参结束，最佳结果为:0.8041958041958042
2022-10-27 09:51:15.946 | INFO     | __main__:<module>:29 - 调参结束，最佳参数为:{'n_estimators': 350, 'max_depth': 14, 'grow_policy': 'depthwise', 'learning_rate': 0.028638097113762587, 'gamma': 2.5394445851569675e-06, 'reg_lambda': 9.557591700929548e-05, 'reg_alpha': 5.9020216230856644e-06, 'subsample': 0.6599230776158358, 'colsample_bytree': 0.5486827010813157}
2022-10-27 09:52:08.581 | WARNING  | __main__:<module>:23 - {'estimator__bootstrap': True, 'estimator__ccp_alpha': 0.0, 'estimator__class_weight': None, 'estimator__criterion': 'gini', 'estimator__max_depth': 9, 'estimator__max_features': 'auto', 'estimator__max_leaf_nodes': None, 'estimator__max_samples': None, 'estimator__min_impurity_decrease': 0.0, 'estimator__min_impurity_split': None, 'estimator__min_samples_leaf': 1, 'estimator__min_samples_split': 2, 'estimator__min_weight_fraction_leaf': 0.0, 'estimator__n_estimators': 200, 'estimator__n_jobs': None, 'estimator__oob_score': False, 'estimator__random_state': None, 'estimator__verbose': 0, 'estimator__warm_start': False, 'estimator': RandomForestClassifier(max_depth=9, n_estimators=200), 'importance_getter': 'auto', 'max_features': None, 'norm_order': 1, 'prefit': True, 'threshold': None}
2022-10-27 09:52:09.640 | WARNING  | __main__:<module>:37 - 0.741	0.797	0.653	0.718
2022-10-27 09:52:10.182 | WARNING  | __main__:<module>:37 - 0.776	0.778	0.778	0.778
2022-10-27 09:52:10.704 | WARNING  | __main__:<module>:37 - 0.776	0.823	0.708	0.761
2022-10-27 09:52:11.349 | WARNING  | __main__:<module>:37 - 0.769	0.82	0.694	0.752
2022-10-27 09:52:11.860 | WARNING  | __main__:<module>:37 - 0.776	0.82	0.704	0.758
2022-10-27 09:52:12.368 | WARNING  | __main__:<module>:37 - 0.748	0.754	0.732	0.743
2022-10-27 09:52:12.878 | WARNING  | __main__:<module>:37 - 0.727	0.735	0.704	0.719
2022-10-27 09:52:13.384 | WARNING  | __main__:<module>:37 - 0.797	0.828	0.746	0.785
2022-10-27 09:52:13.902 | WARNING  | __main__:<module>:37 - 0.775	0.81	0.718	0.761
2022-10-27 09:52:14.432 | WARNING  | __main__:<module>:37 - 0.761	0.768	0.746	0.757
2022-10-27 09:52:14.433 | WARNING  | __main__:<module>:39 - accuracy		mean:0.765	std:0.02
2022-10-27 09:52:14.435 | WARNING  | __main__:<module>:40 - precision		mean:0.793	std:0.031
2022-10-27 09:52:14.436 | WARNING  | __main__:<module>:41 - recall		mean:0.719	std:0.033
2022-10-27 09:52:14.437 | WARNING  | __main__:<module>:42 - f1		mean:0.753	std:0.021
2022-10-27 10:00:46.132 | INFO     | __main__:<module>:15 - 调参结束，最佳结果为:0.7167832167832168
2022-10-27 10:00:46.134 | INFO     | __main__:<module>:16 - 调参结束，最佳参数为:{'criterion': 'entropy', 'max_depth': 8.124519235766412}
2022-10-27 10:00:46.136 | WARNING  | __main__:<module>:25 - {'ccp_alpha': 0.0, 'class_weight': None, 'criterion': 'entropy', 'max_depth': 8.124519235766412, 'max_features': None, 'max_leaf_nodes': None, 'min_impurity_decrease': 0.0, 'min_impurity_split': None, 'min_samples_leaf': 1, 'min_samples_split': 2, 'min_weight_fraction_leaf': 0.0, 'random_state': 43, 'splitter': 'best'}
2022-10-27 10:00:46.162 | WARNING  | __main__:<module>:38 - 0.706	0.75	0.625	0.682
2022-10-27 10:00:46.193 | WARNING  | __main__:<module>:38 - 0.664	0.7	0.583	0.636
2022-10-27 10:00:46.221 | WARNING  | __main__:<module>:38 - 0.72	0.786	0.611	0.688
2022-10-27 10:00:46.249 | WARNING  | __main__:<module>:38 - 0.699	0.73	0.639	0.681
2022-10-27 10:00:46.274 | WARNING  | __main__:<module>:38 - 0.664	0.683	0.606	0.642
2022-10-27 10:00:46.301 | WARNING  | __main__:<module>:38 - 0.664	0.677	0.62	0.647
2022-10-27 10:00:46.327 | WARNING  | __main__:<module>:38 - 0.657	0.677	0.592	0.632
2022-10-27 10:00:46.352 | WARNING  | __main__:<module>:38 - 0.664	0.672	0.634	0.652
2022-10-27 10:00:46.377 | WARNING  | __main__:<module>:38 - 0.69	0.721	0.62	0.667
2022-10-27 10:00:46.403 | WARNING  | __main__:<module>:38 - 0.711	0.734	0.662	0.696
2022-10-27 10:00:46.404 | WARNING  | __main__:<module>:40 - accuracy		mean:0.684	std:0.023
2022-10-27 10:00:46.406 | WARNING  | __main__:<module>:41 - precision		mean:0.713	std:0.036
2022-10-27 10:00:46.407 | WARNING  | __main__:<module>:42 - recall		mean:0.619	std:0.022
2022-10-27 10:00:46.408 | WARNING  | __main__:<module>:43 - f1		mean:0.662	std:0.022
2022-10-27 12:48:33.281 | INFO     | __main__:<module>:79 - 使用嵌入法 RandomForestClassifier 进行特征选择,剩余(1278, 18)个特征
2022-10-27 12:48:33.282 | INFO     | __main__:<module>:89 - 剩余的特征是：['年龄', '血红蛋白', '白蛋白', '总胆红素', '尿素', '肌酐', '尿酸', '总胆固醇', '甘油三酯', '糖化血红蛋白', '活化部分凝血活酶时间（APTT）', '尿蛋白定量', '24h尿蛋白定量', '病程', 'C2/C0', 'NLR', 'PLR', '胰岛素抵抗指数']
2022-10-27 12:48:33.284 | INFO     | __main__:<module>:110 - 使用 SMOTETomek 混合采样
2022-10-27 12:48:33.286 | INFO     | __main__:<module>:114 - 数据平衡前：非DPN组有530条,DPN组有748条
2022-10-27 12:48:33.333 | INFO     | __main__:<module>:116 - 数据平衡后：非DPN组有708条,DPN组有708条
2022-10-27 12:49:23.259 | WARNING  | __main__:<module>:23 - {'estimator__bootstrap': True, 'estimator__ccp_alpha': 0.0, 'estimator__class_weight': None, 'estimator__criterion': 'gini', 'estimator__max_depth': 9, 'estimator__max_features': 'auto', 'estimator__max_leaf_nodes': None, 'estimator__max_samples': None, 'estimator__min_impurity_decrease': 0.0, 'estimator__min_impurity_split': None, 'estimator__min_samples_leaf': 1, 'estimator__min_samples_split': 2, 'estimator__min_weight_fraction_leaf': 0.0, 'estimator__n_estimators': 200, 'estimator__n_jobs': None, 'estimator__oob_score': False, 'estimator__random_state': None, 'estimator__verbose': 0, 'estimator__warm_start': False, 'estimator': RandomForestClassifier(max_depth=9, n_estimators=200), 'importance_getter': 'auto', 'max_features': None, 'norm_order': 1, 'prefit': True, 'threshold': None}
2022-10-27 12:49:24.231 | WARNING  | __main__:<module>:37 - 0.697	0.733	0.62	0.672
2022-10-27 12:49:24.681 | WARNING  | __main__:<module>:37 - 0.704	0.746	0.62	0.677
2022-10-27 12:49:25.126 | WARNING  | __main__:<module>:37 - 0.768	0.828	0.676	0.744
2022-10-27 12:49:25.573 | WARNING  | __main__:<module>:37 - 0.725	0.742	0.69	0.715
2022-10-27 12:49:26.019 | WARNING  | __main__:<module>:37 - 0.746	0.787	0.676	0.727
2022-10-27 12:49:26.466 | WARNING  | __main__:<module>:37 - 0.761	0.747	0.789	0.767
2022-10-27 12:49:26.915 | WARNING  | __main__:<module>:37 - 0.738	0.783	0.662	0.718
2022-10-27 12:49:27.359 | WARNING  | __main__:<module>:37 - 0.702	0.738	0.634	0.682
2022-10-27 12:49:27.811 | WARNING  | __main__:<module>:37 - 0.674	0.7	0.6	0.646
2022-10-27 12:49:28.260 | WARNING  | __main__:<module>:37 - 0.759	0.8	0.686	0.738
2022-10-27 12:49:28.261 | WARNING  | __main__:<module>:39 - accuracy		mean:0.727	std:0.03
2022-10-27 12:49:28.263 | WARNING  | __main__:<module>:40 - precision		mean:0.76	std:0.036
2022-10-27 12:49:28.264 | WARNING  | __main__:<module>:41 - recall		mean:0.665	std:0.051
2022-10-27 12:49:28.266 | WARNING  | __main__:<module>:42 - f1		mean:0.709	std:0.036
2022-10-27 12:51:07.593 | WARNING  | __main__:<module>:23 - {'estimator__bootstrap': True, 'estimator__ccp_alpha': 0.0, 'estimator__class_weight': None, 'estimator__criterion': 'gini', 'estimator__max_depth': 9, 'estimator__max_features': 'auto', 'estimator__max_leaf_nodes': None, 'estimator__max_samples': None, 'estimator__min_impurity_decrease': 0.0, 'estimator__min_impurity_split': None, 'estimator__min_samples_leaf': 1, 'estimator__min_samples_split': 2, 'estimator__min_weight_fraction_leaf': 0.0, 'estimator__n_estimators': 200, 'estimator__n_jobs': None, 'estimator__oob_score': False, 'estimator__random_state': None, 'estimator__verbose': 0, 'estimator__warm_start': False, 'estimator': RandomForestClassifier(max_depth=9, n_estimators=200), 'importance_getter': 'auto', 'max_features': None, 'norm_order': 1, 'prefit': True, 'threshold': None}
2022-10-27 12:51:09.004 | WARNING  | __main__:<module>:37 - 0.782	0.786	0.775	0.78
2022-10-27 12:51:09.693 | WARNING  | __main__:<module>:37 - 0.754	0.79	0.69	0.737
2022-10-27 12:51:10.358 | WARNING  | __main__:<module>:37 - 0.754	0.781	0.704	0.741
2022-10-27 12:51:10.959 | WARNING  | __main__:<module>:37 - 0.725	0.75	0.676	0.711
2022-10-27 12:51:11.562 | WARNING  | __main__:<module>:37 - 0.782	0.786	0.775	0.78
2022-10-27 12:51:12.147 | WARNING  | __main__:<module>:37 - 0.775	0.767	0.789	0.778
2022-10-27 12:51:12.736 | WARNING  | __main__:<module>:37 - 0.773	0.81	0.718	0.761
2022-10-27 12:51:13.326 | WARNING  | __main__:<module>:37 - 0.738	0.793	0.648	0.713
2022-10-27 12:51:13.990 | WARNING  | __main__:<module>:37 - 0.738	0.78	0.657	0.713
2022-10-27 12:51:14.584 | WARNING  | __main__:<module>:37 - 0.794	0.806	0.771	0.788
2022-10-27 12:51:14.585 | WARNING  | __main__:<module>:39 - accuracy		mean:0.761	std:0.022
2022-10-27 12:51:14.588 | WARNING  | __main__:<module>:40 - precision		mean:0.785	std:0.017
2022-10-27 12:51:14.589 | WARNING  | __main__:<module>:41 - recall		mean:0.72	std:0.051
2022-10-27 12:51:14.591 | WARNING  | __main__:<module>:42 - f1		mean:0.75	std:0.029
2022-10-27 12:58:08.787 | INFO     | __main__:<module>:79 - 使用嵌入法 RandomForestClassifier 进行特征选择,剩余(1278, 17)个特征
2022-10-27 12:58:08.789 | INFO     | __main__:<module>:89 - 剩余的特征是：['年龄', '血红蛋白', '白蛋白', '总胆红素', '尿素', '肌酐', '尿酸', '脂肪酶', '高密度脂蛋白胆固醇', '糖化血红蛋白', '活化部分凝血活酶时间（APTT）', '尿蛋白定量', '24h尿蛋白定量', '病程', 'C2/C0', 'NLR', '胰岛素抵抗指数']
2022-10-27 12:58:08.790 | INFO     | __main__:<module>:110 - 使用 SMOTETomek 混合采样
2022-10-27 12:58:08.792 | INFO     | __main__:<module>:114 - 数据平衡前：非DPN组有530条,DPN组有748条
2022-10-27 12:58:08.832 | INFO     | __main__:<module>:116 - 数据平衡后：非DPN组有701条,DPN组有701条
2022-10-27 12:58:31.665 | WARNING  | __main__:<module>:23 - {'estimator__bootstrap': True, 'estimator__ccp_alpha': 0.0, 'estimator__class_weight': None, 'estimator__criterion': 'gini', 'estimator__max_depth': 8, 'estimator__max_features': 'auto', 'estimator__max_leaf_nodes': None, 'estimator__max_samples': None, 'estimator__min_impurity_decrease': 0.0, 'estimator__min_impurity_split': None, 'estimator__min_samples_leaf': 1, 'estimator__min_samples_split': 2, 'estimator__min_weight_fraction_leaf': 0.0, 'estimator__n_estimators': 200, 'estimator__n_jobs': None, 'estimator__oob_score': False, 'estimator__random_state': None, 'estimator__verbose': 0, 'estimator__warm_start': False, 'estimator': RandomForestClassifier(max_depth=8, n_estimators=200), 'importance_getter': 'auto', 'max_features': None, 'norm_order': 1, 'prefit': True, 'threshold': None}
2022-10-27 12:58:32.917 | WARNING  | __main__:<module>:37 - 0.73	0.762	0.676	0.716
2022-10-27 12:58:33.492 | WARNING  | __main__:<module>:37 - 0.738	0.78	0.657	0.713
2022-10-27 12:58:34.104 | WARNING  | __main__:<module>:37 - 0.793	0.86	0.7	0.772
2022-10-27 12:58:34.703 | WARNING  | __main__:<module>:37 - 0.786	0.812	0.743	0.776
2022-10-27 12:58:35.276 | WARNING  | __main__:<module>:37 - 0.707	0.746	0.629	0.682
2022-10-27 12:58:35.850 | WARNING  | __main__:<module>:37 - 0.721	0.738	0.686	0.711
2022-10-27 12:58:36.420 | WARNING  | __main__:<module>:37 - 0.8	0.809	0.786	0.797
2022-10-27 12:58:36.990 | WARNING  | __main__:<module>:37 - 0.757	0.757	0.757	0.757
2022-10-27 12:58:37.568 | WARNING  | __main__:<module>:37 - 0.75	0.754	0.743	0.748
2022-10-27 12:58:38.149 | WARNING  | __main__:<module>:37 - 0.779	0.791	0.757	0.774
2022-10-27 12:58:38.151 | WARNING  | __main__:<module>:39 - accuracy		mean:0.756	std:0.03
2022-10-27 12:58:38.152 | WARNING  | __main__:<module>:40 - precision		mean:0.781	std:0.036
2022-10-27 12:58:38.153 | WARNING  | __main__:<module>:41 - recall		mean:0.713	std:0.048
2022-10-27 12:58:38.155 | WARNING  | __main__:<module>:42 - f1		mean:0.745	std:0.035
2022-10-27 13:02:17.687 | INFO     | __main__:<module>:79 - 使用嵌入法 RandomForestClassifier 进行特征选择,剩余(1278, 15)个特征
2022-10-27 13:02:17.689 | INFO     | __main__:<module>:89 - 剩余的特征是：['年龄', '体重', '血红蛋白', '丙氨酸氨基转移酶', '白蛋白', '尿素', '肌酐', '糖化血红蛋白', '活化部分凝血活酶时间（APTT）', '尿蛋白定量', '24h尿蛋白定量', '病程', 'C2/C0', 'NLR', '胰岛素抵抗指数']
2022-10-27 13:02:17.691 | INFO     | __main__:<module>:110 - 使用 SMOTETomek 混合采样
2022-10-27 13:02:17.693 | INFO     | __main__:<module>:114 - 数据平衡前：非DPN组有530条,DPN组有748条
2022-10-27 13:02:17.745 | INFO     | __main__:<module>:116 - 数据平衡后：非DPN组有695条,DPN组有695条
2022-10-27 13:02:40.539 | WARNING  | __main__:<module>:23 - {'estimator__bootstrap': True, 'estimator__ccp_alpha': 0.0, 'estimator__class_weight': None, 'estimator__criterion': 'gini', 'estimator__max_depth': 7, 'estimator__max_features': 'auto', 'estimator__max_leaf_nodes': None, 'estimator__max_samples': None, 'estimator__min_impurity_decrease': 0.0, 'estimator__min_impurity_split': None, 'estimator__min_samples_leaf': 1, 'estimator__min_samples_split': 2, 'estimator__min_weight_fraction_leaf': 0.0, 'estimator__n_estimators': 200, 'estimator__n_jobs': None, 'estimator__oob_score': False, 'estimator__random_state': None, 'estimator__verbose': 0, 'estimator__warm_start': False, 'estimator': RandomForestClassifier(max_depth=7, n_estimators=200), 'importance_getter': 'auto', 'max_features': None, 'norm_order': 1, 'prefit': True, 'threshold': None}
2022-10-27 13:02:41.792 | WARNING  | __main__:<module>:37 - 0.784	0.812	0.743	0.776
2022-10-27 13:02:42.355 | WARNING  | __main__:<module>:37 - 0.763	0.794	0.714	0.752
2022-10-27 13:02:42.903 | WARNING  | __main__:<module>:37 - 0.763	0.761	0.771	0.766
2022-10-27 13:02:43.463 | WARNING  | __main__:<module>:37 - 0.77	0.839	0.671	0.746
2022-10-27 13:02:44.022 | WARNING  | __main__:<module>:37 - 0.741	0.774	0.686	0.727
2022-10-27 13:02:44.593 | WARNING  | __main__:<module>:37 - 0.813	0.852	0.754	0.8
2022-10-27 13:02:45.173 | WARNING  | __main__:<module>:37 - 0.741	0.77	0.681	0.723
2022-10-27 13:02:45.781 | WARNING  | __main__:<module>:37 - 0.748	0.73	0.783	0.755
2022-10-27 13:02:46.332 | WARNING  | __main__:<module>:37 - 0.799	0.847	0.725	0.781
2022-10-27 13:02:46.949 | WARNING  | __main__:<module>:37 - 0.791	0.823	0.739	0.779
2022-10-27 13:02:46.951 | WARNING  | __main__:<module>:39 - accuracy		mean:0.771	std:0.024
2022-10-27 13:02:46.953 | WARNING  | __main__:<module>:40 - precision		mean:0.8	std:0.039
2022-10-27 13:02:46.954 | WARNING  | __main__:<module>:41 - recall		mean:0.727	std:0.036
2022-10-27 13:02:46.956 | WARNING  | __main__:<module>:42 - f1		mean:0.761	std:0.023
2022-10-27 13:06:53.611 | INFO     | __main__:<module>:21 - 调参结束，最佳结果为:0.7589928057553957
2022-10-27 13:06:53.613 | INFO     | __main__:<module>:22 - 调参结束，最佳参数为:{'C': 0.9897153738800167, 'gamma': 0.6915727972110636}
2022-10-27 13:06:57.387 | WARNING  | __main__:<module>:6 - {'C': 0.9897153738800167, 'break_ties': False, 'cache_size': 200, 'class_weight': None, 'coef0': 0.0, 'decision_function_shape': 'ovr', 'degree': 3, 'gamma': 0.6915727972110636, 'kernel': 'rbf', 'max_iter': -1, 'probability': True, 'random_state': 43, 'shrinking': True, 'tol': 0.001, 'verbose': False}
2022-10-27 13:06:57.811 | WARNING  | __main__:<module>:19 - 0.813	0.797	0.843	0.819
2022-10-27 13:06:58.215 | WARNING  | __main__:<module>:19 - 0.777	0.735	0.871	0.797
2022-10-27 13:06:58.623 | WARNING  | __main__:<module>:19 - 0.734	0.726	0.757	0.741
2022-10-27 13:06:59.036 | WARNING  | __main__:<module>:19 - 0.799	0.756	0.886	0.816
2022-10-27 13:06:59.453 | WARNING  | __main__:<module>:19 - 0.77	0.732	0.857	0.789
2022-10-27 13:06:59.858 | WARNING  | __main__:<module>:19 - 0.763	0.725	0.841	0.779
2022-10-27 13:07:00.272 | WARNING  | __main__:<module>:19 - 0.77	0.723	0.87	0.789
2022-10-27 13:07:00.695 | WARNING  | __main__:<module>:19 - 0.691	0.676	0.725	0.699
2022-10-27 13:07:01.107 | WARNING  | __main__:<module>:19 - 0.799	0.766	0.855	0.808
2022-10-27 13:07:01.520 | WARNING  | __main__:<module>:19 - 0.806	0.776	0.855	0.814
2022-10-27 13:07:01.521 | WARNING  | __main__:<module>:21 - accuracy		mean:0.772	std:0.035
2022-10-27 13:07:01.522 | WARNING  | __main__:<module>:22 - precision		mean:0.741	std:0.032
2022-10-27 13:07:01.523 | WARNING  | __main__:<module>:23 - recall		mean:0.836	std:0.05
2022-10-27 13:07:01.525 | WARNING  | __main__:<module>:24 - f1		mean:0.785	std:0.036
2022-10-27 13:07:59.139 | INFO     | __main__:<module>:17 - 调参结束，最佳结果为:0.7194244604316546
2022-10-27 13:07:59.140 | INFO     | __main__:<module>:18 - 调参结束，最佳参数为:{'penalty': 'none', 'C': 5.743611577237019e-08, 'max_iter': 983}
2022-10-27 13:07:59.142 | WARNING  | __main__:<module>:27 - {'C': 5.743611577237019e-08, 'class_weight': None, 'dual': False, 'fit_intercept': True, 'intercept_scaling': 1, 'l1_ratio': None, 'max_iter': 983, 'multi_class': 'auto', 'n_jobs': None, 'penalty': 'none', 'random_state': 43, 'solver': 'lbfgs', 'tol': 0.0001, 'verbose': 0, 'warm_start': False}
2022-10-27 13:07:59.157 | WARNING  | __main__:<module>:40 - 0.734	0.739	0.729	0.734
2022-10-27 13:07:59.173 | WARNING  | __main__:<module>:40 - 0.676	0.692	0.643	0.667
2022-10-27 13:07:59.193 | WARNING  | __main__:<module>:40 - 0.719	0.696	0.786	0.738
2022-10-27 13:07:59.210 | WARNING  | __main__:<module>:40 - 0.748	0.761	0.729	0.745
2022-10-27 13:07:59.228 | WARNING  | __main__:<module>:40 - 0.647	0.652	0.643	0.647
2022-10-27 13:07:59.244 | WARNING  | __main__:<module>:40 - 0.683	0.698	0.638	0.667
2022-10-27 13:07:59.260 | WARNING  | __main__:<module>:40 - 0.712	0.746	0.638	0.688
2022-10-27 13:07:59.278 | WARNING  | __main__:<module>:40 - 0.683	0.667	0.725	0.694
2022-10-27 13:07:59.296 | WARNING  | __main__:<module>:40 - 0.683	0.698	0.638	0.667
2022-10-27 13:07:59.313 | WARNING  | __main__:<module>:40 - 0.647	0.647	0.638	0.642
2022-10-27 13:07:59.314 | WARNING  | __main__:<module>:42 - accuracy		mean:0.694	std:0.032
2022-10-27 13:07:59.316 | WARNING  | __main__:<module>:43 - precision		mean:0.7	std:0.037
2022-10-27 13:07:59.318 | WARNING  | __main__:<module>:44 - recall		mean:0.68	std:0.053
2022-10-27 13:07:59.320 | WARNING  | __main__:<module>:45 - f1		mean:0.689	std:0.036
2022-10-27 13:10:02.933 | INFO     | __main__:<module>:79 - 使用嵌入法 RandomForestClassifier 进行特征选择,剩余(1278, 15)个特征
2022-10-27 13:10:02.935 | INFO     | __main__:<module>:89 - 剩余的特征是：['年龄', '血红蛋白', '白蛋白', '尿素', '肌酐', '尿酸', '低密度脂蛋白胆固醇', '糖化血红蛋白', '活化部分凝血活酶时间（APTT）', '尿蛋白定量', '24h尿蛋白定量', '病程', 'C2/C0', 'NLR', '胰岛素抵抗指数']
2022-10-27 13:10:02.937 | INFO     | __main__:<module>:110 - 使用 SMOTETomek 混合采样
2022-10-27 13:10:02.940 | INFO     | __main__:<module>:114 - 数据平衡前：非DPN组有530条,DPN组有748条
2022-10-27 13:10:03.014 | INFO     | __main__:<module>:116 - 数据平衡后：非DPN组有704条,DPN组有704条
2022-10-27 13:10:48.525 | INFO     | __main__:<module>:79 - 使用嵌入法 RandomForestClassifier 进行特征选择,剩余(1278, 20)个特征
2022-10-27 13:10:48.527 | INFO     | __main__:<module>:89 - 剩余的特征是：['年龄', '体重', '血红蛋白', '血小板平均体积', '白蛋白', '总胆红素', '尿素', '肌酐', '尿酸', '总胆固醇', '高密度脂蛋白胆固醇', '低密度脂蛋白胆固醇', '糖化血红蛋白', '活化部分凝血活酶时间（APTT）', '尿蛋白定量', '24h尿蛋白定量', '病程', 'C2/C0', 'NLR', '胰岛素抵抗指数']
2022-10-27 13:10:48.528 | INFO     | __main__:<module>:110 - 使用 SMOTETomek 混合采样
2022-10-27 13:10:48.530 | INFO     | __main__:<module>:114 - 数据平衡前：非DPN组有530条,DPN组有748条
2022-10-27 13:10:48.573 | INFO     | __main__:<module>:116 - 数据平衡后：非DPN组有708条,DPN组有708条
2022-10-27 13:11:06.128 | WARNING  | __main__:<module>:23 - {'estimator__bootstrap': True, 'estimator__ccp_alpha': 0.0, 'estimator__class_weight': None, 'estimator__criterion': 'gini', 'estimator__max_depth': 9, 'estimator__max_features': 'auto', 'estimator__max_leaf_nodes': None, 'estimator__max_samples': None, 'estimator__min_impurity_decrease': 0.0, 'estimator__min_impurity_split': None, 'estimator__min_samples_leaf': 1, 'estimator__min_samples_split': 2, 'estimator__min_weight_fraction_leaf': 0.0, 'estimator__n_estimators': 200, 'estimator__n_jobs': None, 'estimator__oob_score': False, 'estimator__random_state': None, 'estimator__verbose': 0, 'estimator__warm_start': False, 'estimator': RandomForestClassifier(max_depth=9, n_estimators=200), 'importance_getter': 'auto', 'max_features': None, 'norm_order': 1, 'prefit': True, 'threshold': None}
2022-10-27 13:11:07.443 | WARNING  | __main__:<module>:37 - 0.754	0.765	0.732	0.748
2022-10-27 13:11:08.058 | WARNING  | __main__:<module>:37 - 0.725	0.722	0.732	0.727
2022-10-27 13:11:08.731 | WARNING  | __main__:<module>:37 - 0.824	0.811	0.845	0.828
2022-10-27 13:11:09.363 | WARNING  | __main__:<module>:37 - 0.761	0.836	0.648	0.73
2022-10-27 13:11:09.972 | WARNING  | __main__:<module>:37 - 0.683	0.691	0.662	0.676
2022-10-27 13:11:10.590 | WARNING  | __main__:<module>:37 - 0.768	0.764	0.775	0.769
2022-10-27 13:11:11.211 | WARNING  | __main__:<module>:37 - 0.745	0.746	0.746	0.746
2022-10-27 13:11:11.823 | WARNING  | __main__:<module>:37 - 0.766	0.817	0.69	0.748
2022-10-27 13:11:12.445 | WARNING  | __main__:<module>:37 - 0.759	0.773	0.729	0.75
2022-10-27 13:11:13.058 | WARNING  | __main__:<module>:37 - 0.787	0.812	0.743	0.776
2022-10-27 13:11:13.060 | WARNING  | __main__:<module>:39 - accuracy		mean:0.757	std:0.035
2022-10-27 13:11:13.062 | WARNING  | __main__:<module>:40 - precision		mean:0.774	std:0.044
2022-10-27 13:11:13.063 | WARNING  | __main__:<module>:41 - recall		mean:0.73	std:0.054
2022-10-27 13:11:13.065 | WARNING  | __main__:<module>:42 - f1		mean:0.75	std:0.037
2022-10-27 13:12:31.736 | INFO     | __main__:<module>:79 - 使用嵌入法 RandomForestClassifier 进行特征选择,剩余(1278, 19)个特征
2022-10-27 13:12:31.739 | INFO     | __main__:<module>:89 - 剩余的特征是：['年龄', '体重', '血红蛋白', '白蛋白', '总胆红素', '尿素', '肌酐', '尿酸', '总胆固醇', '甘油三酯', '糖化血红蛋白', '活化部分凝血活酶时间（APTT）', '尿蛋白定量', '24h尿蛋白定量', '病程', 'C2/C0', 'NLR', 'PLR', '胰岛素抵抗指数']
2022-10-27 13:12:31.741 | INFO     | __main__:<module>:110 - 使用 SMOTETomek 混合采样
2022-10-27 13:12:31.743 | INFO     | __main__:<module>:114 - 数据平衡前：非DPN组有530条,DPN组有748条
2022-10-27 13:12:31.801 | INFO     | __main__:<module>:116 - 数据平衡后：非DPN组有713条,DPN组有713条
2022-10-27 13:12:32.399 | WARNING  | __main__:<module>:23 - {'estimator__bootstrap': True, 'estimator__ccp_alpha': 0.0, 'estimator__class_weight': None, 'estimator__criterion': 'gini', 'estimator__max_depth': 9, 'estimator__max_features': 'auto', 'estimator__max_leaf_nodes': None, 'estimator__max_samples': None, 'estimator__min_impurity_decrease': 0.0, 'estimator__min_impurity_split': None, 'estimator__min_samples_leaf': 1, 'estimator__min_samples_split': 2, 'estimator__min_weight_fraction_leaf': 0.0, 'estimator__n_estimators': 200, 'estimator__n_jobs': None, 'estimator__oob_score': False, 'estimator__random_state': None, 'estimator__verbose': 0, 'estimator__warm_start': False, 'estimator': RandomForestClassifier(max_depth=9, n_estimators=200), 'importance_getter': 'auto', 'max_features': None, 'norm_order': 1, 'prefit': True, 'threshold': None}
2022-10-27 13:12:33.835 | WARNING  | __main__:<module>:37 - 0.783	0.847	0.694	0.763
2022-10-27 13:12:34.564 | WARNING  | __main__:<module>:37 - 0.755	0.785	0.708	0.745
2022-10-27 13:12:35.245 | WARNING  | __main__:<module>:37 - 0.762	0.75	0.792	0.77
2022-10-27 13:12:35.951 | WARNING  | __main__:<module>:37 - 0.748	0.797	0.662	0.723
2022-10-27 13:12:36.583 | WARNING  | __main__:<module>:37 - 0.769	0.817	0.69	0.748
2022-10-27 13:12:37.276 | WARNING  | __main__:<module>:37 - 0.755	0.743	0.775	0.759
2022-10-27 13:12:37.935 | WARNING  | __main__:<module>:37 - 0.782	0.786	0.775	0.78
2022-10-27 13:12:38.552 | WARNING  | __main__:<module>:37 - 0.782	0.812	0.732	0.77
2022-10-27 13:12:39.169 | WARNING  | __main__:<module>:37 - 0.761	0.776	0.732	0.754
2022-10-27 13:12:39.831 | WARNING  | __main__:<module>:37 - 0.746	0.778	0.69	0.731
2022-10-27 13:12:39.832 | WARNING  | __main__:<module>:39 - accuracy		mean:0.764	std:0.013
2022-10-27 13:12:39.834 | WARNING  | __main__:<module>:40 - precision		mean:0.789	std:0.03
2022-10-27 13:12:39.836 | WARNING  | __main__:<module>:41 - recall		mean:0.725	std:0.041
2022-10-27 13:12:39.838 | WARNING  | __main__:<module>:42 - f1		mean:0.754	std:0.017
2022-10-27 13:12:50.922 | INFO     | __main__:<module>:21 - 调参结束，最佳结果为:0.7762237762237763
2022-10-27 13:12:50.923 | INFO     | __main__:<module>:22 - 调参结束，最佳参数为:{'C': 0.8706934525906336, 'gamma': 0.23684608289051895}
2022-10-27 13:12:51.011 | WARNING  | __main__:<module>:6 - {'C': 0.8706934525906336, 'break_ties': False, 'cache_size': 200, 'class_weight': None, 'coef0': 0.0, 'decision_function_shape': 'ovr', 'degree': 3, 'gamma': 0.23684608289051895, 'kernel': 'rbf', 'max_iter': -1, 'probability': True, 'random_state': 43, 'shrinking': True, 'tol': 0.001, 'verbose': False}
2022-10-27 13:12:51.413 | WARNING  | __main__:<module>:19 - 0.741	0.746	0.736	0.741
2022-10-27 13:12:51.806 | WARNING  | __main__:<module>:19 - 0.748	0.743	0.764	0.753
2022-10-27 13:12:52.218 | WARNING  | __main__:<module>:19 - 0.776	0.794	0.75	0.771
2022-10-27 13:12:52.634 | WARNING  | __main__:<module>:19 - 0.748	0.754	0.732	0.743
2022-10-27 13:12:53.026 | WARNING  | __main__:<module>:19 - 0.755	0.737	0.789	0.762
2022-10-27 13:12:53.431 | WARNING  | __main__:<module>:19 - 0.741	0.743	0.732	0.738
2022-10-27 13:12:53.824 | WARNING  | __main__:<module>:19 - 0.697	0.684	0.732	0.707
2022-10-27 13:12:54.217 | WARNING  | __main__:<module>:19 - 0.789	0.789	0.789	0.789
2022-10-27 13:12:54.610 | WARNING  | __main__:<module>:19 - 0.775	0.747	0.831	0.787
2022-10-27 13:12:55.014 | WARNING  | __main__:<module>:19 - 0.739	0.736	0.746	0.741
2022-10-27 13:12:55.015 | WARNING  | __main__:<module>:21 - accuracy		mean:0.751	std:0.024
2022-10-27 13:12:55.017 | WARNING  | __main__:<module>:22 - precision		mean:0.747	std:0.029
2022-10-27 13:12:55.018 | WARNING  | __main__:<module>:23 - recall		mean:0.76	std:0.031
2022-10-27 13:12:55.019 | WARNING  | __main__:<module>:24 - f1		mean:0.753	std:0.023
2022-10-27 13:12:57.063 | INFO     | __main__:<module>:17 - 调参结束，最佳结果为:0.6678321678321678
2022-10-27 13:12:57.065 | INFO     | __main__:<module>:18 - 调参结束，最佳参数为:{'penalty': 'l2', 'C': 0.5066276480428109, 'max_iter': 1111}
2022-10-27 13:12:57.066 | WARNING  | __main__:<module>:27 - {'C': 0.5066276480428109, 'class_weight': None, 'dual': False, 'fit_intercept': True, 'intercept_scaling': 1, 'l1_ratio': None, 'max_iter': 1111, 'multi_class': 'auto', 'n_jobs': None, 'penalty': 'l2', 'random_state': 43, 'solver': 'lbfgs', 'tol': 0.0001, 'verbose': 0, 'warm_start': False}
2022-10-27 13:12:57.080 | WARNING  | __main__:<module>:40 - 0.699	0.723	0.653	0.686
2022-10-27 13:12:57.094 | WARNING  | __main__:<module>:40 - 0.713	0.731	0.681	0.705
2022-10-27 13:12:57.109 | WARNING  | __main__:<module>:40 - 0.692	0.689	0.708	0.699
2022-10-27 13:12:57.122 | WARNING  | __main__:<module>:40 - 0.622	0.635	0.563	0.597
2022-10-27 13:12:57.137 | WARNING  | __main__:<module>:40 - 0.706	0.716	0.676	0.696
2022-10-27 13:12:57.150 | WARNING  | __main__:<module>:40 - 0.678	0.667	0.704	0.685
2022-10-27 13:12:57.163 | WARNING  | __main__:<module>:40 - 0.718	0.718	0.718	0.718
2022-10-27 13:12:57.176 | WARNING  | __main__:<module>:40 - 0.69	0.696	0.676	0.686
2022-10-27 13:12:57.189 | WARNING  | __main__:<module>:40 - 0.669	0.682	0.634	0.657
2022-10-27 13:12:57.203 | WARNING  | __main__:<module>:40 - 0.676	0.698	0.62	0.657
2022-10-27 13:12:57.205 | WARNING  | __main__:<module>:42 - accuracy		mean:0.687	std:0.026
2022-10-27 13:12:57.206 | WARNING  | __main__:<module>:43 - precision		mean:0.696	std:0.028
2022-10-27 13:12:57.207 | WARNING  | __main__:<module>:44 - recall		mean:0.663	std:0.045
2022-10-27 13:12:57.209 | WARNING  | __main__:<module>:45 - f1		mean:0.679	std:0.033
2022-10-27 14:30:30.323 | INFO     | __main__:<module>:19 - 调参结束，最佳结果为:0.7482517482517482
2022-10-27 14:30:30.326 | INFO     | __main__:<module>:20 - 调参结束，最佳参数为:{'activation': 'relu', 'learning_rate': 'invscaling'}
2022-10-27 14:30:30.328 | WARNING  | __main__:<module>:29 - {'C': 0.5066276480428109, 'class_weight': None, 'dual': False, 'fit_intercept': True, 'intercept_scaling': 1, 'l1_ratio': None, 'max_iter': 1111, 'multi_class': 'auto', 'n_jobs': None, 'penalty': 'l2', 'random_state': 43, 'solver': 'lbfgs', 'tol': 0.0001, 'verbose': 0, 'warm_start': False}
2022-10-27 14:30:31.391 | WARNING  | __main__:<module>:42 - 0.748	0.765	0.722	0.743
2022-10-27 14:30:32.486 | WARNING  | __main__:<module>:42 - 0.72	0.735	0.694	0.714
2022-10-27 14:30:33.577 | WARNING  | __main__:<module>:42 - 0.713	0.731	0.681	0.705
2022-10-27 14:30:34.668 | WARNING  | __main__:<module>:42 - 0.699	0.712	0.662	0.686
2022-10-27 14:30:35.747 | WARNING  | __main__:<module>:42 - 0.713	0.742	0.648	0.692
2022-10-27 14:30:36.871 | WARNING  | __main__:<module>:42 - 0.72	0.718	0.718	0.718
2022-10-27 14:30:38.021 | WARNING  | __main__:<module>:42 - 0.761	0.753	0.775	0.764
2022-10-27 14:30:39.164 | WARNING  | __main__:<module>:42 - 0.746	0.787	0.676	0.727
2022-10-27 14:30:40.206 | WARNING  | __main__:<module>:42 - 0.669	0.667	0.676	0.671
2022-10-27 14:30:41.271 | WARNING  | __main__:<module>:42 - 0.725	0.758	0.662	0.707
2022-10-27 14:30:41.274 | WARNING  | __main__:<module>:44 - accuracy		mean:0.722	std:0.025
2022-10-27 14:30:41.275 | WARNING  | __main__:<module>:45 - precision		mean:0.737	std:0.032
2022-10-27 14:30:41.277 | WARNING  | __main__:<module>:46 - recall		mean:0.691	std:0.036
2022-10-27 14:30:41.278 | WARNING  | __main__:<module>:47 - f1		mean:0.713	std:0.026
2022-10-27 17:13:10.063 | INFO     | __main__:<module>:79 - 使用嵌入法 RandomForestClassifier 进行特征选择,剩余(1278, 18)个特征
2022-10-27 17:13:10.067 | INFO     | __main__:<module>:89 - 剩余的特征是：['年龄', '血红蛋白', '血小板平均体积', '白蛋白', '总胆红素', '尿素', '肌酐', '尿酸', '高密度脂蛋白胆固醇', '糖化血红蛋白', '活化部分凝血活酶时间（APTT）', '尿蛋白定量', '24h尿蛋白定量', '病程', 'C2/C0', 'NLR', 'PLR', '胰岛素抵抗指数']
2022-10-27 17:13:10.093 | INFO     | __main__:<module>:110 - 使用 SMOTETomek 混合采样
2022-10-27 17:13:10.095 | INFO     | __main__:<module>:114 - 数据平衡前：非DPN组有530条,DPN组有748条
2022-10-27 17:13:10.151 | INFO     | __main__:<module>:116 - 数据平衡后：非DPN组有708条,DPN组有708条
2022-10-27 17:15:54.145 | INFO     | __main__:<module>:79 - 使用嵌入法 RandomForestClassifier 进行特征选择,剩余(1278, 19)个特征
2022-10-27 17:15:54.147 | INFO     | __main__:<module>:89 - 剩余的特征是：['年龄', '血红蛋白', '丙氨酸氨基转移酶', '白蛋白', '总胆红素', '尿素', '肌酐', '尿酸', '总胆固醇', '高密度脂蛋白胆固醇', '糖化血红蛋白', '活化部分凝血活酶时间（APTT）', '尿蛋白定量', '24h尿蛋白定量', '病程', 'C2/C0', 'NLR', 'PLR', '胰岛素抵抗指数']
2022-10-27 17:15:54.164 | INFO     | __main__:<module>:110 - 使用 SMOTETomek 混合采样
2022-10-27 17:15:54.166 | INFO     | __main__:<module>:114 - 数据平衡前：非DPN组有530条,DPN组有748条
2022-10-27 17:15:54.217 | INFO     | __main__:<module>:116 - 数据平衡后：非DPN组有704条,DPN组有704条
2022-10-27 17:18:49.561 | INFO     | __main__:<module>:79 - 使用嵌入法 RandomForestClassifier 进行特征选择,剩余(1278, 21)个特征
2022-10-27 17:18:49.563 | INFO     | __main__:<module>:89 - 剩余的特征是：['年龄', '血红蛋白', '血小板平均体积', '丙氨酸氨基转移酶', '白蛋白', '总胆红素', '尿素', '肌酐', '尿酸', '甘油三酯', '高密度脂蛋白胆固醇', '低密度脂蛋白胆固醇', '糖化血红蛋白', '活化部分凝血活酶时间（APTT）', '尿蛋白定量', '24h尿蛋白定量', '病程', 'C2/C0', 'NLR', 'PLR', '胰岛素抵抗指数']
2022-10-27 17:18:49.580 | INFO     | __main__:<module>:110 - 使用 SMOTETomek 混合采样
2022-10-27 17:18:49.583 | INFO     | __main__:<module>:114 - 数据平衡前：非DPN组有530条,DPN组有748条
2022-10-27 17:18:49.637 | INFO     | __main__:<module>:116 - 数据平衡后：非DPN组有701条,DPN组有701条
2022-10-27 17:18:56.616 | INFO     | __main__:<module>:79 - 使用嵌入法 RandomForestClassifier 进行特征选择,剩余(1278, 18)个特征
2022-10-27 17:18:56.618 | INFO     | __main__:<module>:89 - 剩余的特征是：['年龄', '血红蛋白', '丙氨酸氨基转移酶', '白蛋白', '总胆红素', '尿素', '肌酐', '尿酸', '总胆固醇', '糖化血红蛋白', '活化部分凝血活酶时间（APTT）', '尿蛋白定量', '24h尿蛋白定量', '病程', 'C2/C0', 'NLR', 'PLR', '胰岛素抵抗指数']
2022-10-27 17:18:56.635 | INFO     | __main__:<module>:110 - 使用 SMOTETomek 混合采样
2022-10-27 17:18:56.638 | INFO     | __main__:<module>:114 - 数据平衡前：非DPN组有530条,DPN组有748条
2022-10-27 17:18:56.696 | INFO     | __main__:<module>:116 - 数据平衡后：非DPN组有713条,DPN组有713条
2022-10-27 17:19:17.982 | INFO     | __main__:<module>:79 - 使用嵌入法 RandomForestClassifier 进行特征选择,剩余(1278, 16)个特征
2022-10-27 17:19:17.986 | INFO     | __main__:<module>:89 - 剩余的特征是：['年龄', '血红蛋白', '白蛋白', '总胆红素', '尿素', '肌酐', '尿酸', '总胆固醇', '糖化血红蛋白', '活化部分凝血活酶时间（APTT）', '尿蛋白定量', '24h尿蛋白定量', '病程', 'C2/C0', 'NLR', '胰岛素抵抗指数']
2022-10-27 17:19:18.003 | INFO     | __main__:<module>:110 - 使用 SMOTETomek 混合采样
2022-10-27 17:19:18.005 | INFO     | __main__:<module>:114 - 数据平衡前：非DPN组有530条,DPN组有748条
2022-10-27 17:19:18.052 | INFO     | __main__:<module>:116 - 数据平衡后：非DPN组有700条,DPN组有700条
2022-10-27 17:19:25.526 | INFO     | __main__:<module>:79 - 使用嵌入法 RandomForestClassifier 进行特征选择,剩余(1278, 16)个特征
2022-10-27 17:19:25.527 | INFO     | __main__:<module>:89 - 剩余的特征是：['年龄', '血红蛋白', '白蛋白', '总胆红素', '尿素', '肌酐', '尿酸', '总胆固醇', '糖化血红蛋白', '活化部分凝血活酶时间（APTT）', '尿蛋白定量', '24h尿蛋白定量', '病程', 'C2/C0', 'NLR', '胰岛素抵抗指数']
2022-10-27 17:19:25.544 | INFO     | __main__:<module>:110 - 使用 SMOTETomek 混合采样
2022-10-27 17:19:25.546 | INFO     | __main__:<module>:114 - 数据平衡前：非DPN组有530条,DPN组有748条
2022-10-27 17:19:25.599 | INFO     | __main__:<module>:116 - 数据平衡后：非DPN组有700条,DPN组有700条
2022-10-27 19:24:33.736 | WARNING  | __main__:<module>:23 - {'estimator__bootstrap': True, 'estimator__ccp_alpha': 0.0, 'estimator__class_weight': None, 'estimator__criterion': 'gini', 'estimator__max_depth': 9, 'estimator__max_features': 'auto', 'estimator__max_leaf_nodes': None, 'estimator__max_samples': None, 'estimator__min_impurity_decrease': 0.0, 'estimator__min_impurity_split': None, 'estimator__min_samples_leaf': 1, 'estimator__min_samples_split': 2, 'estimator__min_weight_fraction_leaf': 0.0, 'estimator__n_estimators': 200, 'estimator__n_jobs': None, 'estimator__oob_score': False, 'estimator__random_state': 43, 'estimator__verbose': 0, 'estimator__warm_start': False, 'estimator': RandomForestClassifier(max_depth=9, n_estimators=200, random_state=43), 'importance_getter': 'auto', 'max_features': None, 'norm_order': 1, 'prefit': True, 'threshold': None}
2022-10-27 19:24:35.161 | WARNING  | __main__:<module>:37 - 0.686	0.724	0.6	0.656
2022-10-27 19:24:35.820 | WARNING  | __main__:<module>:37 - 0.771	0.779	0.757	0.768
2022-10-27 19:24:36.606 | WARNING  | __main__:<module>:37 - 0.736	0.732	0.743	0.738
2022-10-27 19:24:37.220 | WARNING  | __main__:<module>:37 - 0.764	0.776	0.743	0.759
2022-10-27 19:24:37.831 | WARNING  | __main__:<module>:37 - 0.764	0.814	0.686	0.744
2022-10-27 19:24:38.460 | WARNING  | __main__:<module>:37 - 0.793	0.797	0.786	0.791
2022-10-27 19:24:39.039 | WARNING  | __main__:<module>:37 - 0.757	0.781	0.714	0.746
2022-10-27 19:24:39.616 | WARNING  | __main__:<module>:37 - 0.75	0.778	0.7	0.737
2022-10-27 19:24:40.260 | WARNING  | __main__:<module>:37 - 0.779	0.81	0.729	0.767
2022-10-27 19:24:40.964 | WARNING  | __main__:<module>:37 - 0.814	0.824	0.8	0.812
2022-10-27 19:24:40.967 | WARNING  | __main__:<module>:39 - accuracy		mean:0.761	std:0.033
2022-10-27 19:24:40.970 | WARNING  | __main__:<module>:40 - precision		mean:0.781	std:0.031
2022-10-27 19:24:40.972 | WARNING  | __main__:<module>:41 - recall		mean:0.726	std:0.054
2022-10-27 19:24:40.975 | WARNING  | __main__:<module>:42 - f1		mean:0.752	std:0.039
2022-10-27 19:25:06.905 | WARNING  | __main__:<module>:23 - {'estimator__bootstrap': True, 'estimator__ccp_alpha': 0.0, 'estimator__class_weight': None, 'estimator__criterion': 'gini', 'estimator__max_depth': 9, 'estimator__max_features': 'auto', 'estimator__max_leaf_nodes': None, 'estimator__max_samples': None, 'estimator__min_impurity_decrease': 0.0, 'estimator__min_impurity_split': None, 'estimator__min_samples_leaf': 1, 'estimator__min_samples_split': 2, 'estimator__min_weight_fraction_leaf': 0.0, 'estimator__n_estimators': 200, 'estimator__n_jobs': None, 'estimator__oob_score': False, 'estimator__random_state': 43, 'estimator__verbose': 0, 'estimator__warm_start': False, 'estimator': RandomForestClassifier(max_depth=9, n_estimators=200, random_state=43), 'importance_getter': 'auto', 'max_features': None, 'norm_order': 1, 'prefit': True, 'threshold': None}
2022-10-27 19:25:08.125 | WARNING  | __main__:<module>:37 - 0.686	0.724	0.6	0.656
2022-10-27 19:25:08.735 | WARNING  | __main__:<module>:37 - 0.771	0.779	0.757	0.768
2022-10-27 19:25:09.313 | WARNING  | __main__:<module>:37 - 0.736	0.732	0.743	0.738
2022-10-27 19:25:09.888 | WARNING  | __main__:<module>:37 - 0.764	0.776	0.743	0.759
2022-10-27 19:25:10.494 | WARNING  | __main__:<module>:37 - 0.764	0.814	0.686	0.744
2022-10-27 19:25:11.076 | WARNING  | __main__:<module>:37 - 0.793	0.797	0.786	0.791
2022-10-27 19:25:11.649 | WARNING  | __main__:<module>:37 - 0.757	0.781	0.714	0.746
2022-10-27 19:25:12.223 | WARNING  | __main__:<module>:37 - 0.75	0.778	0.7	0.737
2022-10-27 19:25:12.801 | WARNING  | __main__:<module>:37 - 0.779	0.81	0.729	0.767
2022-10-27 19:25:13.402 | WARNING  | __main__:<module>:37 - 0.814	0.824	0.8	0.812
2022-10-27 19:25:13.405 | WARNING  | __main__:<module>:39 - accuracy		mean:0.761	std:0.033
2022-10-27 19:25:13.408 | WARNING  | __main__:<module>:40 - precision		mean:0.781	std:0.031
2022-10-27 19:25:13.410 | WARNING  | __main__:<module>:41 - recall		mean:0.726	std:0.054
2022-10-27 19:25:13.413 | WARNING  | __main__:<module>:42 - f1		mean:0.752	std:0.039
2022-10-27 19:25:20.100 | WARNING  | __main__:<module>:23 - {'estimator__bootstrap': True, 'estimator__ccp_alpha': 0.0, 'estimator__class_weight': None, 'estimator__criterion': 'gini', 'estimator__max_depth': 9, 'estimator__max_features': 'auto', 'estimator__max_leaf_nodes': None, 'estimator__max_samples': None, 'estimator__min_impurity_decrease': 0.0, 'estimator__min_impurity_split': None, 'estimator__min_samples_leaf': 1, 'estimator__min_samples_split': 2, 'estimator__min_weight_fraction_leaf': 0.0, 'estimator__n_estimators': 200, 'estimator__n_jobs': None, 'estimator__oob_score': False, 'estimator__random_state': 43, 'estimator__verbose': 0, 'estimator__warm_start': False, 'estimator': RandomForestClassifier(max_depth=9, n_estimators=200, random_state=43), 'importance_getter': 'auto', 'max_features': None, 'norm_order': 1, 'prefit': True, 'threshold': None}
2022-10-27 19:25:21.572 | WARNING  | __main__:<module>:37 - 0.686	0.724	0.6	0.656
2022-10-27 19:25:22.186 | WARNING  | __main__:<module>:37 - 0.771	0.779	0.757	0.768
2022-10-27 19:25:22.768 | WARNING  | __main__:<module>:37 - 0.736	0.732	0.743	0.738
2022-10-27 19:25:23.350 | WARNING  | __main__:<module>:37 - 0.764	0.776	0.743	0.759
2022-10-27 19:25:24.035 | WARNING  | __main__:<module>:37 - 0.764	0.814	0.686	0.744
2022-10-27 19:25:24.648 | WARNING  | __main__:<module>:37 - 0.793	0.797	0.786	0.791
2022-10-27 19:25:25.244 | WARNING  | __main__:<module>:37 - 0.757	0.781	0.714	0.746
2022-10-27 19:25:25.821 | WARNING  | __main__:<module>:37 - 0.75	0.778	0.7	0.737
2022-10-27 19:25:26.447 | WARNING  | __main__:<module>:37 - 0.779	0.81	0.729	0.767
2022-10-27 19:25:27.037 | WARNING  | __main__:<module>:37 - 0.814	0.824	0.8	0.812
2022-10-27 19:25:27.039 | WARNING  | __main__:<module>:39 - accuracy		mean:0.761	std:0.033
2022-10-27 19:25:27.042 | WARNING  | __main__:<module>:40 - precision		mean:0.781	std:0.031
2022-10-27 19:25:27.044 | WARNING  | __main__:<module>:41 - recall		mean:0.726	std:0.054
2022-10-27 19:25:27.046 | WARNING  | __main__:<module>:42 - f1		mean:0.752	std:0.039
2022-10-27 19:34:55.296 | WARNING  | __main__:<module>:24 - {'estimator__bootstrap': True, 'estimator__ccp_alpha': 0.0, 'estimator__class_weight': None, 'estimator__criterion': 'gini', 'estimator__max_depth': 9, 'estimator__max_features': 'auto', 'estimator__max_leaf_nodes': None, 'estimator__max_samples': None, 'estimator__min_impurity_decrease': 0.0, 'estimator__min_impurity_split': None, 'estimator__min_samples_leaf': 1, 'estimator__min_samples_split': 2, 'estimator__min_weight_fraction_leaf': 0.0, 'estimator__n_estimators': 200, 'estimator__n_jobs': None, 'estimator__oob_score': False, 'estimator__random_state': 43, 'estimator__verbose': 0, 'estimator__warm_start': False, 'estimator': RandomForestClassifier(max_depth=9, n_estimators=200, random_state=43), 'importance_getter': 'auto', 'max_features': None, 'norm_order': 1, 'prefit': True, 'threshold': None}
2022-10-27 19:34:56.627 | WARNING  | __main__:<module>:38 - 0.686	0.724	0.6	0.656
2022-10-27 19:34:57.282 | WARNING  | __main__:<module>:38 - 0.771	0.779	0.757	0.768
2022-10-27 19:34:57.934 | WARNING  | __main__:<module>:38 - 0.736	0.732	0.743	0.738
2022-10-27 19:34:58.573 | WARNING  | __main__:<module>:38 - 0.764	0.776	0.743	0.759
2022-10-27 19:34:59.175 | WARNING  | __main__:<module>:38 - 0.764	0.814	0.686	0.744
2022-10-27 19:34:59.766 | WARNING  | __main__:<module>:38 - 0.793	0.797	0.786	0.791
2022-10-27 19:35:00.367 | WARNING  | __main__:<module>:38 - 0.757	0.781	0.714	0.746
2022-10-27 19:35:00.959 | WARNING  | __main__:<module>:38 - 0.75	0.778	0.7	0.737
2022-10-27 19:35:01.563 | WARNING  | __main__:<module>:38 - 0.779	0.81	0.729	0.767
2022-10-27 19:35:02.222 | WARNING  | __main__:<module>:38 - 0.814	0.824	0.8	0.812
2022-10-27 19:35:02.224 | WARNING  | __main__:<module>:40 - accuracy		mean:0.761	std:0.033
2022-10-27 19:35:02.227 | WARNING  | __main__:<module>:41 - precision		mean:0.781	std:0.031
2022-10-27 19:35:02.230 | WARNING  | __main__:<module>:42 - recall		mean:0.726	std:0.054
2022-10-27 19:35:02.232 | WARNING  | __main__:<module>:43 - f1		mean:0.752	std:0.039
