2022-10-17 13:11:57.052 | INFO     | __main__:<module>:62 - 使用嵌入法进行特征选择,剩余(1093, 47)个特征
2022-10-17 13:11:57.052 | INFO     | __main__:<module>:98 - 使用 SMOTETomek 混合采样
2022-10-17 13:11:57.093 | INFO     | __main__:<module>:103 - 数据平衡前：非DPN组有490条,DPN组有603条
2022-10-17 13:11:57.093 | INFO     | __main__:<module>:104 - 数据平衡后：非DPN组有549条,DPN组有549条
2022-10-17 13:12:14.787 | INFO     | __main__:<module>:136 - {'max_depth': 10, 'grow_policy': 'depthwise', 'learning_rate': 0.30225192636925224, 'gamma': 0.1959700204577756, 'reg_lambda': 0.00026397506389465834, 'reg_alpha': 0.3704060377057677, 'subsample': 0.7773135429911164, 'colsample_bytree': 0.6944072737914223}
2022-10-17 13:12:14.958 | WARNING  | __main__:<module>:151 - 0.691	0.701	0.77	0.734
2022-10-17 13:12:15.749 | WARNING  | __main__:<module>:151 - 0.7	0.726	0.738	0.732
2022-10-17 13:12:16.517 | WARNING  | __main__:<module>:151 - 0.782	0.776	0.852	0.812
2022-10-17 13:12:17.285 | WARNING  | __main__:<module>:151 - 0.743	0.729	0.85	0.785
2022-10-17 13:12:18.075 | WARNING  | __main__:<module>:151 - 0.761	0.758	0.833	0.794
2022-10-17 13:12:18.843 | WARNING  | __main__:<module>:151 - 0.697	0.696	0.8	0.744
2022-10-17 13:12:19.613 | WARNING  | __main__:<module>:151 - 0.734	0.738	0.8	0.768
2022-10-17 13:12:20.482 | WARNING  | __main__:<module>:151 - 0.743	0.786	0.733	0.759
2022-10-17 13:12:21.253 | WARNING  | __main__:<module>:151 - 0.761	0.774	0.8	0.787
2022-10-17 13:12:22.040 | WARNING  | __main__:<module>:151 - 0.817	0.786	0.917	0.846
2022-10-17 13:12:22.642 | WARNING  | __main__:<module>:157 - accuracy		mean:0.743	std:0.038
2022-10-17 13:12:22.642 | WARNING  | __main__:<module>:159 - precision		mean:0.747	std:0.032
2022-10-17 13:12:22.642 | WARNING  | __main__:<module>:161 - recall		mean:0.809	std:0.053
2022-10-17 13:12:22.642 | WARNING  | __main__:<module>:163 - f1		mean:0.776	std:0.034
2022-10-17 13:27:09.723 | INFO     | __main__:<module>:107 - 0.8454545454545455
2022-10-17 13:27:09.725 | INFO     | __main__:<module>:108 - {'C': 0.0991660080974971, 'penality': 'l2', 'score_func': <class 'sklearn.svm._classes.LinearSVC'>, 'k': 44}
2022-10-17 13:34:01.815 | INFO     | __main__:<module>:105 - 0.8454545454545455
2022-10-17 13:34:01.821 | INFO     | __main__:<module>:106 - {'C': 0.09637242635427949, 'penality': 'l2', 'score_func': <class 'sklearn.svm._classes.LinearSVC'>, 'k': 40}
2022-10-17 13:39:12.055 | INFO     | __main__:<module>:105 - 0.8090909090909091
2022-10-17 13:39:12.064 | INFO     | __main__:<module>:106 - {'C': 2.0265219515179363e-05, 'penality': 'l2', 'score_func': <function mutual_info_classif at 0x000002A861BFC8B0>, 'k': 46, 'grow_policy': 'depthwise', 'learning_rate': 0.16281618702044431, 'gamma': 2.0082556854950263e-08, 'reg_alpha': 8.888516789372318e-06, 'colsample_bytree': 0.6215314996356359}
2022-10-17 14:01:33.173 | INFO     | __main__:<module>:107 - 0.7945205479452054
2022-10-17 14:01:33.179 | INFO     | __main__:<module>:108 - {'C': 0.009381358905880498, 'penality': 'l1', 'score_func': <function mutual_info_classif at 0x000002A861BFC8B0>, 'k': 58, 'max_depth': 39, 'grow_policy': 'depthwise', 'learning_rate': 2.2720805534549426e-06, 'gamma': 3.3255926904541777e-06, 'reg_alpha': 0.0012069663220868802, 'colsample_bytree': 0.2676860997240235}
2022-10-17 14:09:08.716 | INFO     | __main__:<module>:107 - 0.8036529680365296
2022-10-17 14:09:08.726 | INFO     | __main__:<module>:108 - {'C': 0.16555247241160276, 'penality': 'l1', 'score_func': <function mutual_info_classif at 0x000002A861BFC8B0>, 'k': 54, 'max_depth': 37, 'grow_policy': 'lossguide', 'learning_rate': 0.15951230667994037, 'gamma': 0.0016620579866842126, 'reg_alpha': 0.013168435310838802, 'colsample_bytree': 0.20037751132222648}
2022-10-17 14:18:37.242 | INFO     | __main__:<module>:106 - 0.817351598173516
2022-10-17 14:18:37.249 | INFO     | __main__:<module>:107 - {'C': 5.412261121050702e-05, 'penality': 'l1', 'score_func': <function mutual_info_classif at 0x000002A861BFC8B0>, 'k': 62, 'n_estimators': 6845, 'max_depth': 23, 'grow_policy': 'depthwise', 'learning_rate': 0.030629640473653182, 'gamma': 1.0439157561980869e-08, 'reg_lambda': 0.9728922032099461, 'reg_alpha': 1.6656135302340082e-06, 'subsample': 0.24169350690262587, 'colsample_bytree': 0.23191346040487704}
2022-10-17 21:02:43.175 | INFO     | __main__:<module>:62 - 使用嵌入法进行特征选择,剩余(1093, 52)个特征
2022-10-17 21:02:43.180 | INFO     | __main__:<module>:98 - 使用 SMOTETomek 混合采样
2022-10-17 21:02:43.226 | INFO     | __main__:<module>:103 - 数据平衡前：非DPN组有492条,DPN组有601条
2022-10-17 21:02:43.231 | INFO     | __main__:<module>:104 - 数据平衡后：非DPN组有560条,DPN组有560条
