2022-10-20 13:27:59.498 | INFO     | __main__:<module>:146 - 0.898989898989899
2022-10-20 13:27:59.500 | INFO     | __main__:<module>:147 - {'score_func': 'mutual_info_classif', 'k': 72, 'n_estimators': 937, 'max_depth': 29, 'grow_policy': 'lossguide', 'learning_rate': 0.08881005732006109, 'gamma': 6.267403922256425e-08, 'reg_lambda': 0.0009931535735962461, 'reg_alpha': 2.4699635601320815e-08, 'subsample': 0.5419460868187423, 'colsample_bytree': 0.5751717693756969}
2022-10-20 13:28:05.243 | INFO     | __main__:<module>:30 - 测试集特征筛选前:(110, 153)
2022-10-20 13:28:05.473 | INFO     | __main__:<module>:32 - 测试集特征筛选后:(110, 72)
2022-10-20 13:28:10.818 | WARNING  | __main__:<module>:67 - accuracy		mean:0.774	std:0.013
2022-10-20 13:28:10.820 | WARNING  | __main__:<module>:68 - precision		mean:0.782	std:0.018
2022-10-20 13:28:10.820 | WARNING  | __main__:<module>:69 - recall		mean:0.819	std:0.019
2022-10-20 13:28:10.822 | WARNING  | __main__:<module>:70 - f1		mean:0.8	std:0.011
2022-10-20 13:29:30.847 | INFO     | __main__:<module>:146 - 0.8686868686868687
2022-10-20 13:29:30.847 | INFO     | __main__:<module>:147 - {'score_func': 'mutual_info_classif', 'k': 52, 'n_estimators': 144, 'max_depth': 26, 'grow_policy': 'depthwise', 'learning_rate': 0.0023237991542327547, 'gamma': 0.9640476801441984, 'reg_lambda': 4.537955457006722e-08, 'reg_alpha': 1.0069721831177795e-08, 'subsample': 0.5531004551796932, 'colsample_bytree': 0.20404013660800815}
2022-10-20 13:29:45.876 | INFO     | __main__:<module>:30 - 测试集特征筛选前:(110, 153)
2022-10-20 13:29:46.091 | INFO     | __main__:<module>:32 - 测试集特征筛选后:(110, 52)
2022-10-20 13:29:47.240 | WARNING  | __main__:<module>:67 - accuracy		mean:0.766	std:0.041
2022-10-20 13:29:47.241 | WARNING  | __main__:<module>:68 - precision		mean:0.749	std:0.03
2022-10-20 13:29:47.243 | WARNING  | __main__:<module>:69 - recall		mean:0.864	std:0.043
2022-10-20 13:29:47.244 | WARNING  | __main__:<module>:70 - f1		mean:0.803	std:0.035
2022-10-20 13:31:49.576 | INFO     | __main__:<module>:146 - 0.8585858585858586
2022-10-20 13:31:49.578 | INFO     | __main__:<module>:147 - {'score_func': 'mutual_info_classif', 'k': 50, 'n_estimators': 177, 'max_depth': 16, 'grow_policy': 'lossguide', 'learning_rate': 2.1322932132352594e-08, 'gamma': 0.00019203209551761492, 'reg_lambda': 0.9144048185002421, 'reg_alpha': 0.11701197346615176, 'subsample': 0.580486606633908, 'colsample_bytree': 0.35239873420859746}
2022-10-20 13:32:09.119 | INFO     | __main__:<module>:30 - 测试集特征筛选前:(110, 153)
2022-10-20 13:32:09.332 | INFO     | __main__:<module>:32 - 测试集特征筛选后:(110, 50)
2022-10-20 13:32:10.749 | WARNING  | __main__:<module>:67 - accuracy		mean:0.769	std:0.042
2022-10-20 13:32:10.751 | WARNING  | __main__:<module>:68 - precision		mean:0.757	std:0.035
2022-10-20 13:32:10.753 | WARNING  | __main__:<module>:69 - recall		mean:0.856	std:0.041
2022-10-20 13:32:10.754 | WARNING  | __main__:<module>:70 - f1		mean:0.803	std:0.036
2022-10-20 13:33:36.066 | INFO     | __main__:<module>:30 - 测试集特征筛选前:(110, 50)
2022-10-20 13:33:36.144 | INFO     | __main__:<module>:32 - 测试集特征筛选后:(110, 50)
2022-10-20 13:33:36.559 | WARNING  | __main__:<module>:67 - accuracy		mean:0.712	std:0.066
2022-10-20 13:33:36.559 | WARNING  | __main__:<module>:68 - precision		mean:0.71	std:0.06
2022-10-20 13:33:36.568 | WARNING  | __main__:<module>:69 - recall		mean:0.733	std:0.13
2022-10-20 13:33:36.570 | WARNING  | __main__:<module>:70 - f1		mean:0.719	std:0.09
2022-10-20 13:34:43.512 | INFO     | __main__:<module>:146 - 0.8888888888888888
2022-10-20 13:34:43.512 | INFO     | __main__:<module>:147 - {'score_func': 'mutual_info_classif', 'k': 56, 'n_estimators': 124, 'max_depth': 12, 'grow_policy': 'lossguide', 'learning_rate': 1.0697917974191618e-06, 'gamma': 6.946696187516359e-07, 'reg_lambda': 0.0014540162062676536, 'reg_alpha': 0.04639409957417378, 'subsample': 0.8964517883545357, 'colsample_bytree': 0.364702760483255}
2022-10-20 13:34:43.644 | INFO     | __main__:<module>:30 - 测试集特征筛选前:(110, 153)
2022-10-20 13:34:43.864 | INFO     | __main__:<module>:32 - 测试集特征筛选后:(110, 56)
2022-10-20 13:34:44.230 | WARNING  | __main__:<module>:56 - accuracy		mean:0.709	std:0.024
2022-10-20 13:34:44.230 | WARNING  | __main__:<module>:57 - precision		mean:0.708	std:0.059
2022-10-20 13:34:44.237 | WARNING  | __main__:<module>:58 - recall		mean:0.722	std:0.079
2022-10-20 13:34:44.238 | WARNING  | __main__:<module>:59 - f1		mean:0.709	std:0.004
2022-10-20 13:35:54.395 | INFO     | __main__:<module>:146 - 0.8686868686868687
2022-10-20 13:35:54.403 | INFO     | __main__:<module>:147 - {'score_func': 'mutual_info_classif', 'k': 50, 'n_estimators': 142, 'max_depth': 9, 'grow_policy': 'depthwise', 'learning_rate': 5.068303591983403e-07, 'gamma': 0.000657328533222322, 'reg_lambda': 2.296103509378809e-07, 'reg_alpha': 0.6534181840489898, 'subsample': 0.4398880174451564, 'colsample_bytree': 0.20181211334638272}
2022-10-20 13:35:54.526 | INFO     | __main__:<module>:30 - 测试集特征筛选前:(110, 153)
2022-10-20 13:35:54.750 | INFO     | __main__:<module>:32 - 测试集特征筛选后:(110, 50)
2022-10-20 13:35:55.118 | WARNING  | __main__:<module>:56 - accuracy		mean:0.709	std:0.009
2022-10-20 13:35:55.120 | WARNING  | __main__:<module>:57 - precision		mean:0.749	std:0.05
2022-10-20 13:35:55.122 | WARNING  | __main__:<module>:58 - recall		mean:0.63	std:0.094
2022-10-20 13:35:55.124 | WARNING  | __main__:<module>:59 - f1		mean:0.676	std:0.042
2022-10-20 13:36:01.494 | INFO     | __main__:<module>:30 - 测试集特征筛选前:(110, 50)
2022-10-20 13:36:01.591 | INFO     | __main__:<module>:32 - 测试集特征筛选后:(110, 50)
2022-10-20 13:36:01.973 | WARNING  | __main__:<module>:56 - accuracy		mean:0.709	std:0.009
2022-10-20 13:36:01.981 | WARNING  | __main__:<module>:57 - precision		mean:0.749	std:0.05
2022-10-20 13:36:01.986 | WARNING  | __main__:<module>:58 - recall		mean:0.63	std:0.094
2022-10-20 13:36:01.988 | WARNING  | __main__:<module>:59 - f1		mean:0.676	std:0.042
2022-10-20 13:37:47.895 | INFO     | __main__:<module>:146 - 0.8484848484848485
2022-10-20 13:37:47.895 | INFO     | __main__:<module>:147 - {'score_func': 'mutual_info_classif', 'k': 40, 'n_estimators': 128, 'max_depth': 24, 'grow_policy': 'lossguide', 'learning_rate': 0.0026157874762819714, 'gamma': 9.549955272578296e-05, 'reg_lambda': 1.559602674605058e-08, 'reg_alpha': 0.0019106977826937608, 'subsample': 0.825993024667146, 'colsample_bytree': 0.6177777269556779}
2022-10-20 13:38:08.491 | INFO     | __main__:<module>:30 - 测试集特征筛选前:(110, 153)
2022-10-20 13:38:08.727 | INFO     | __main__:<module>:32 - 测试集特征筛选后:(110, 40)
2022-10-20 13:38:09.033 | WARNING  | __main__:<module>:56 - accuracy		mean:0.691	std:0.031
2022-10-20 13:38:09.041 | WARNING  | __main__:<module>:57 - precision		mean:0.697	std:0.063
2022-10-20 13:38:09.043 | WARNING  | __main__:<module>:58 - recall		mean:0.685	std:0.069
2022-10-20 13:38:09.045 | WARNING  | __main__:<module>:59 - f1		mean:0.685	std:0.016
2022-10-20 13:38:54.294 | INFO     | __main__:<module>:146 - 0.8282828282828283
2022-10-20 13:38:54.294 | INFO     | __main__:<module>:147 - {'score_func': 'mutual_info_classif', 'k': 50, 'n_estimators': 24, 'max_depth': 10, 'grow_policy': 'lossguide', 'learning_rate': 0.7283082019385656, 'gamma': 0.8797859961679788, 'reg_lambda': 2.310547252760198e-08, 'reg_alpha': 6.622460571959423e-08, 'subsample': 0.973003320897672, 'colsample_bytree': 0.5680044887457518}
2022-10-20 13:39:21.108 | INFO     | __main__:<module>:30 - 测试集特征筛选前:(110, 153)
2022-10-20 13:39:21.328 | INFO     | __main__:<module>:32 - 测试集特征筛选后:(110, 50)
2022-10-20 13:39:21.423 | WARNING  | __main__:<module>:56 - accuracy		mean:0.683	std:0.109
2022-10-20 13:39:21.429 | WARNING  | __main__:<module>:57 - precision		mean:0.663	std:0.103
2022-10-20 13:39:21.431 | WARNING  | __main__:<module>:58 - recall		mean:0.759	std:0.094
2022-10-20 13:39:21.434 | WARNING  | __main__:<module>:59 - f1		mean:0.704	std:0.089
2022-10-20 13:41:03.323 | INFO     | __main__:<module>:146 - 0.8585858585858586
2022-10-20 13:41:03.326 | INFO     | __main__:<module>:147 - {'score_func': 'mutual_info_classif', 'k': 40, 'n_estimators': 10, 'max_depth': 31, 'grow_policy': 'lossguide', 'learning_rate': 0.20839197496234613, 'gamma': 6.351226114599648e-05, 'reg_lambda': 0.002066906827230128, 'reg_alpha': 0.0049576504605663586, 'subsample': 0.8950832172783096, 'colsample_bytree': 0.9606787624925941}
2022-10-20 13:41:43.377 | INFO     | __main__:<module>:30 - 测试集特征筛选前:(110, 153)
2022-10-20 13:41:43.598 | INFO     | __main__:<module>:32 - 测试集特征筛选后:(110, 40)
2022-10-20 13:41:43.677 | WARNING  | __main__:<module>:56 - accuracy		mean:0.682	std:0.024
2022-10-20 13:41:43.679 | WARNING  | __main__:<module>:57 - precision		mean:0.688	std:0.016
2022-10-20 13:41:43.681 | WARNING  | __main__:<module>:58 - recall		mean:0.648	std:0.114
2022-10-20 13:41:43.684 | WARNING  | __main__:<module>:59 - f1		mean:0.661	std:0.059
2022-10-20 13:43:02.328 | INFO     | __main__:<module>:146 - 0.8181818181818182
2022-10-20 13:43:02.330 | INFO     | __main__:<module>:147 - {'score_func': 'mutual_info_classif', 'k': 40, 'n_estimators': 23, 'max_depth': 45, 'grow_policy': 'depthwise', 'learning_rate': 1.6877183894856666e-05, 'gamma': 5.144291937862896e-05, 'reg_lambda': 0.03445458108757234, 'reg_alpha': 2.3583346775511025e-07, 'subsample': 0.6246191117889677, 'colsample_bytree': 0.6483088977440981}
2022-10-20 13:43:02.485 | INFO     | __main__:<module>:30 - 测试集特征筛选前:(110, 153)
2022-10-20 13:43:02.713 | INFO     | __main__:<module>:32 - 测试集特征筛选后:(110, 40)
2022-10-20 13:43:02.819 | WARNING  | __main__:<module>:56 - accuracy		mean:0.619	std:0.076
2022-10-20 13:43:02.821 | WARNING  | __main__:<module>:57 - precision		mean:0.607	std:0.073
2022-10-20 13:43:02.823 | WARNING  | __main__:<module>:58 - recall		mean:0.648	std:0.114
2022-10-20 13:43:02.826 | WARNING  | __main__:<module>:59 - f1		mean:0.623	std:0.082
2022-10-20 13:43:17.352 | INFO     | __main__:<module>:30 - 测试集特征筛选前:(110, 40)
2022-10-20 13:43:17.433 | INFO     | __main__:<module>:32 - 测试集特征筛选后:(110, 40)
2022-10-20 13:43:17.533 | WARNING  | __main__:<module>:56 - accuracy		mean:0.619	std:0.076
2022-10-20 13:43:17.535 | WARNING  | __main__:<module>:57 - precision		mean:0.607	std:0.073
2022-10-20 13:43:17.537 | WARNING  | __main__:<module>:58 - recall		mean:0.648	std:0.114
2022-10-20 13:43:17.540 | WARNING  | __main__:<module>:59 - f1		mean:0.623	std:0.082
