2022-10-20 13:41:03.323 | INFO     | __main__:<module>:146 - 0.8585858585858586
2022-10-20 13:41:03.326 | INFO     | __main__:<module>:147 - {'score_func': 'mutual_info_classif', 'k': 40, 'n_estimators': 10, 'max_depth': 31, 'grow_policy': 'lossguide', 'learning_rate': 0.20839197496234613, 'gamma': 6.351226114599648e-05, 'reg_lambda': 0.002066906827230128, 'reg_alpha': 0.0049576504605663586, 'subsample': 0.8950832172783096, 'colsample_bytree': 0.9606787624925941}
2022-10-20 13:41:43.377 | INFO     | __main__:<module>:30 - 测试集特征筛选前:(110, 153)
2022-10-20 13:41:43.598 | INFO     | __main__:<module>:32 - 测试集特征筛选后:(110, 40)
2022-10-20 13:41:43.677 | WARNING  | __main__:<module>:56 - accuracy		mean:0.682	std:0.024
2022-10-20 13:41:43.679 | WARNING  | __main__:<module>:57 - precision		mean:0.688	std:0.016
2022-10-20 13:41:43.681 | WARNING  | __main__:<module>:58 - recall		mean:0.648	std:0.114
2022-10-20 13:41:43.684 | WARNING  | __main__:<module>:59 - f1		mean:0.661	std:0.059
2022-10-20 13:43:02.328 | INFO     | __main__:<module>:146 - 0.8181818181818182
2022-10-20 13:43:02.330 | INFO     | __main__:<module>:147 - {'score_func': 'mutual_info_classif', 'k': 40, 'n_estimators': 23, 'max_depth': 45, 'grow_policy': 'depthwise', 'learning_rate': 1.6877183894856666e-05, 'gamma': 5.144291937862896e-05, 'reg_lambda': 0.03445458108757234, 'reg_alpha': 2.3583346775511025e-07, 'subsample': 0.6246191117889677, 'colsample_bytree': 0.6483088977440981}
2022-10-20 13:43:02.485 | INFO     | __main__:<module>:30 - 测试集特征筛选前:(110, 153)
2022-10-20 13:43:02.713 | INFO     | __main__:<module>:32 - 测试集特征筛选后:(110, 40)
2022-10-20 13:43:02.819 | WARNING  | __main__:<module>:56 - accuracy		mean:0.619	std:0.076
2022-10-20 13:43:02.821 | WARNING  | __main__:<module>:57 - precision		mean:0.607	std:0.073
2022-10-20 13:43:02.823 | WARNING  | __main__:<module>:58 - recall		mean:0.648	std:0.114
2022-10-20 13:43:02.826 | WARNING  | __main__:<module>:59 - f1		mean:0.623	std:0.082
2022-10-20 13:43:17.352 | INFO     | __main__:<module>:30 - 测试集特征筛选前:(110, 40)
2022-10-20 13:43:17.433 | INFO     | __main__:<module>:32 - 测试集特征筛选后:(110, 40)
2022-10-20 13:43:17.533 | WARNING  | __main__:<module>:56 - accuracy		mean:0.619	std:0.076
2022-10-20 13:43:17.535 | WARNING  | __main__:<module>:57 - precision		mean:0.607	std:0.073
2022-10-20 13:43:17.537 | WARNING  | __main__:<module>:58 - recall		mean:0.648	std:0.114
2022-10-20 13:43:17.540 | WARNING  | __main__:<module>:59 - f1		mean:0.623	std:0.082
