2022-10-22 09:31:36.214 | INFO     | __main__:<module>:148 - 0.7373737373737373
2022-10-22 09:31:36.217 | INFO     | __main__:<module>:149 - {'penalty': 'l2', 'C': 0.0002504934731890093, 'n_estimators': 45, 'max_depth': 2, 'grow_policy': 'lossguide', 'learning_rate': 0.00027325519403858416, 'gamma': 0.8215613613842211, 'reg_lambda': 9.419466727125618e-07, 'reg_alpha': 1.3297902823509753e-08, 'subsample': 0.6173843218021013, 'colsample_bytree': 0.9804229131213704}
2022-10-22 09:31:36.221 | INFO     | __main__:<module>:180 - 测试集特征筛选前:(110, 60)
2022-10-22 09:31:36.230 | INFO     | __main__:<module>:182 - 测试集特征筛选后:(110, 19)
2022-10-22 09:31:36.306 | WARNING  | __main__:<module>:201 - 0.575	0.622	0.582	0.602
2022-10-22 09:31:36.917 | WARNING  | __main__:<module>:201 - 0.662	0.674	0.751	0.711
2022-10-22 09:31:37.435 | WARNING  | __main__:<module>:201 - 0.648	0.649	0.791	0.713
2022-10-22 09:31:37.878 | WARNING  | __main__:<module>:206 - accuracy		mean:0.629	std:0.038
2022-10-22 09:31:37.878 | WARNING  | __main__:<module>:207 - precision		mean:0.648	std:0.021
2022-10-22 09:31:37.878 | WARNING  | __main__:<module>:208 - recall		mean:0.708	std:0.091
2022-10-22 09:31:37.878 | WARNING  | __main__:<module>:209 - f1		mean:0.675	std:0.052
2022-10-22 09:32:12.226 | INFO     | __main__:<module>:148 - 0.7272727272727273
2022-10-22 09:32:12.228 | INFO     | __main__:<module>:149 - {'penalty': 'l2', 'C': 0.00042884711372067567, 'n_estimators': 681, 'max_depth': 23, 'grow_policy': 'depthwise', 'learning_rate': 1.712774815113367e-05, 'gamma': 1.0486177837405835e-05, 'reg_lambda': 1.1922639634520004e-07, 'reg_alpha': 0.02030415050955165, 'subsample': 0.955149404774734, 'colsample_bytree': 0.9040939186251133}
2022-10-22 09:32:12.232 | INFO     | __main__:<module>:180 - 测试集特征筛选前:(110, 60)
2022-10-22 09:32:12.239 | INFO     | __main__:<module>:182 - 测试集特征筛选后:(110, 21)
2022-10-22 09:32:13.833 | WARNING  | __main__:<module>:201 - 0.679	0.694	0.746	0.719
2022-10-22 09:32:17.674 | WARNING  | __main__:<module>:201 - 0.695	0.712	0.751	0.731
2022-10-22 09:32:21.619 | WARNING  | __main__:<module>:201 - 0.712	0.712	0.801	0.754
2022-10-22 09:32:23.864 | WARNING  | __main__:<module>:206 - accuracy		mean:0.695	std:0.013
2022-10-22 09:32:23.865 | WARNING  | __main__:<module>:207 - precision		mean:0.706	std:0.008
2022-10-22 09:32:23.867 | WARNING  | __main__:<module>:208 - recall		mean:0.766	std:0.025
2022-10-22 09:32:23.867 | WARNING  | __main__:<module>:209 - f1		mean:0.735	std:0.014
