2022-10-22 09:43:03.600 | INFO     | __main__:<module>:149 - 0.7363636363636363
2022-10-22 09:43:03.602 | INFO     | __main__:<module>:150 - {'penalty': 'l2', 'C': 2.9814721720768334e-07, 'n_estimators': 1872, 'max_depth': 15, 'grow_policy': 'lossguide', 'learning_rate': 7.046479801064335e-05, 'gamma': 0.0009914134445363268, 'reg_lambda': 5.516384352852178e-07, 'reg_alpha': 0.0023444910534734967, 'subsample': 0.7215864396606351, 'colsample_bytree': 0.9193636687658002}
2022-10-22 09:43:03.607 | INFO     | __main__:<module>:181 - 测试集特征筛选前:(1093, 60)
2022-10-22 09:43:03.617 | INFO     | __main__:<module>:183 - 测试集特征筛选后:(1093, 16)
2022-10-22 09:43:05.891 | WARNING  | __main__:<module>:202 - 0.685	0.699	0.751	0.724
2022-10-22 09:43:12.344 | WARNING  | __main__:<module>:202 - 0.709	0.715	0.786	0.749
2022-10-22 09:43:19.055 | WARNING  | __main__:<module>:202 - 0.72	0.714	0.821	0.764
2022-10-22 09:43:23.442 | WARNING  | __main__:<module>:207 - accuracy		mean:0.705	std:0.015
2022-10-22 09:43:23.444 | WARNING  | __main__:<module>:208 - precision		mean:0.709	std:0.007
2022-10-22 09:43:23.445 | WARNING  | __main__:<module>:209 - recall		mean:0.786	std:0.028
2022-10-22 09:43:23.446 | WARNING  | __main__:<module>:210 - f1		mean:0.746	std:0.016
2022-10-22 09:45:34.535 | INFO     | __main__:<module>:149 - 0.7636363636363637
2022-10-22 09:45:34.537 | INFO     | __main__:<module>:150 - {'score_func': 'mutual_info_classif', 'k': 21, 'n_estimators': 1277, 'max_depth': 14, 'grow_policy': 'depthwise', 'learning_rate': 2.3070373324404494e-08, 'gamma': 0.008413060629663486, 'reg_lambda': 1.4868378803018957e-05, 'reg_alpha': 0.0003478292297771582, 'subsample': 0.9388997518474771, 'colsample_bytree': 0.7212226108618127}
2022-10-22 09:46:18.280 | INFO     | __main__:<module>:149 - 0.7545454545454545
2022-10-22 09:46:18.283 | INFO     | __main__:<module>:150 - {'score_func': 'mutual_info_classif', 'k': 25, 'n_estimators': 1892, 'max_depth': 11, 'grow_policy': 'lossguide', 'learning_rate': 0.01343348502846658, 'gamma': 0.2986548754504694, 'reg_lambda': 0.4439394595908922, 'reg_alpha': 5.860524101880876e-07, 'subsample': 0.5340244075008532, 'colsample_bytree': 0.3603549209347995}
2022-10-22 09:48:34.110 | INFO     | __main__:<module>:150 - 0.8363636363636363
2022-10-22 09:48:34.115 | INFO     | __main__:<module>:151 - {'score_func': 'f_classif', 'k': 21, 'n_estimators': 2501, 'max_depth': 23, 'grow_policy': 'lossguide', 'learning_rate': 0.00517989127582218, 'gamma': 0.11010220387542957, 'reg_lambda': 5.1606088426998065e-05, 'reg_alpha': 4.745230346148463e-06, 'subsample': 0.3834236649678613, 'colsample_bytree': 0.22424147800665556}
2022-10-22 09:49:33.890 | INFO     | __main__:<module>:150 - 0.8090909090909091
2022-10-22 09:49:33.893 | INFO     | __main__:<module>:151 - {'score_func': 'mutual_info_classif', 'k': 23, 'n_estimators': 1792, 'max_depth': 32, 'grow_policy': 'depthwise', 'learning_rate': 3.91090886124798e-08, 'gamma': 1.9987992760833414e-06, 'reg_lambda': 0.002293510522063281, 'reg_alpha': 1.010577778929505e-06, 'subsample': 0.979613708324084, 'colsample_bytree': 0.10927322150333837}
2022-10-22 09:50:26.515 | INFO     | __main__:<module>:150 - 0.7727272727272727
2022-10-22 09:50:26.518 | INFO     | __main__:<module>:151 - {'score_func': 'mutual_info_classif', 'k': 21, 'n_estimators': 2890, 'max_depth': 21, 'grow_policy': 'depthwise', 'learning_rate': 0.06988916722136863, 'gamma': 9.58439247679402e-07, 'reg_lambda': 4.567391466200459e-07, 'reg_alpha': 2.5831055079017393e-08, 'subsample': 0.5593592582434378, 'colsample_bytree': 0.6672488861442906}
2022-10-22 09:50:26.525 | INFO     | __main__:<module>:185 - 测试集特征筛选前:(1093, 60)
2022-10-22 09:50:26.817 | INFO     | __main__:<module>:187 - 测试集特征筛选后:(1093, 21)
2022-10-22 09:50:28.709 | WARNING  | __main__:<module>:206 - 0.737	0.754	0.776	0.765
2022-10-22 09:50:31.750 | WARNING  | __main__:<module>:206 - 0.788	0.795	0.831	0.813
2022-10-22 09:50:34.831 | WARNING  | __main__:<module>:206 - 0.772	0.778	0.821	0.799
2022-10-22 09:50:35.882 | WARNING  | __main__:<module>:211 - accuracy		mean:0.766	std:0.021
2022-10-22 09:50:35.884 | WARNING  | __main__:<module>:212 - precision		mean:0.776	std:0.017
2022-10-22 09:50:35.886 | WARNING  | __main__:<module>:213 - recall		mean:0.809	std:0.024
2022-10-22 09:50:35.888 | WARNING  | __main__:<module>:214 - f1		mean:0.792	std:0.02
2022-10-22 09:52:57.396 | INFO     | __main__:<module>:149 - 0.8181818181818182
2022-10-22 09:52:57.399 | INFO     | __main__:<module>:150 - {'score_func': 'f_classif', 'k': 17, 'n_estimators': 1967, 'max_depth': 25, 'grow_policy': 'lossguide', 'learning_rate': 1.1418628249619896e-05, 'gamma': 0.08860562574681911, 'reg_lambda': 2.6470291691454386e-05, 'reg_alpha': 1.1380029671038021e-07, 'subsample': 0.5231169345054488, 'colsample_bytree': 0.2182477970870047}
2022-10-22 09:52:57.406 | INFO     | __main__:<module>:184 - 测试集特征筛选前:(1093, 60)
2022-10-22 09:52:57.414 | INFO     | __main__:<module>:186 - 测试集特征筛选后:(1093, 17)
2022-10-22 09:52:59.561 | WARNING  | __main__:<module>:205 - 0.704	0.693	0.831	0.756
2022-10-22 09:53:05.046 | WARNING  | __main__:<module>:205 - 0.725	0.703	0.871	0.778
2022-10-22 09:53:10.830 | WARNING  | __main__:<module>:205 - 0.766	0.75	0.866	0.804
2022-10-22 09:53:14.435 | WARNING  | __main__:<module>:210 - accuracy		mean:0.732	std:0.026
2022-10-22 09:53:14.438 | WARNING  | __main__:<module>:211 - precision		mean:0.715	std:0.025
2022-10-22 09:53:14.439 | WARNING  | __main__:<module>:212 - recall		mean:0.856	std:0.018
2022-10-22 09:53:14.441 | WARNING  | __main__:<module>:213 - f1		mean:0.779	std:0.02
2022-10-22 09:54:56.047 | INFO     | __main__:<module>:149 - 0.8090909090909091
2022-10-22 09:54:56.050 | INFO     | __main__:<module>:150 - {'score_func': 'f_classif', 'k': 23, 'n_estimators': 2018, 'max_depth': 24, 'grow_policy': 'depthwise', 'learning_rate': 0.015338120140051795, 'gamma': 0.026053311332051864, 'reg_lambda': 1.1153088093516253e-08, 'reg_alpha': 0.00022566770644002245, 'subsample': 0.37932792548994454, 'colsample_bytree': 0.5492143452818737}
2022-10-22 09:54:56.050 | INFO     | __main__:<module>:184 - 测试集特征筛选前:(1093, 60)
2022-10-22 09:54:56.064 | INFO     | __main__:<module>:186 - 测试集特征筛选后:(1093, 23)
2022-10-22 09:54:57.830 | WARNING  | __main__:<module>:205 - 0.723	0.734	0.781	0.757
2022-10-22 09:55:01.203 | WARNING  | __main__:<module>:205 - 0.706	0.722	0.761	0.741
2022-10-22 09:55:04.479 | WARNING  | __main__:<module>:205 - 0.739	0.745	0.801	0.772
2022-10-22 09:55:06.069 | WARNING  | __main__:<module>:210 - accuracy		mean:0.723	std:0.013
2022-10-22 09:55:06.071 | WARNING  | __main__:<module>:211 - precision		mean:0.734	std:0.01
2022-10-22 09:55:06.073 | WARNING  | __main__:<module>:212 - recall		mean:0.781	std:0.016
2022-10-22 09:55:06.075 | WARNING  | __main__:<module>:213 - f1		mean:0.757	std:0.013
2022-10-22 09:57:16.066 | INFO     | __main__:<module>:148 - 0.7909090909090909
2022-10-22 09:57:16.076 | INFO     | __main__:<module>:149 - {'score_func': 'mutual_info_classif', 'k': 15, 'n_estimators': 4366, 'max_depth': 32, 'grow_policy': 'lossguide', 'learning_rate': 6.775139389362004e-06, 'gamma': 0.0004956934662214268, 'reg_lambda': 0.01195569553007903, 'reg_alpha': 0.007493351464022115, 'subsample': 0.1813202095348938, 'colsample_bytree': 0.10703862926998857}
2022-10-22 09:57:16.081 | INFO     | __main__:<module>:183 - 测试集特征筛选前:(1093, 60)
2022-10-22 09:57:16.367 | INFO     | __main__:<module>:185 - 测试集特征筛选后:(1093, 15)
2022-10-22 09:57:19.546 | WARNING  | __main__:<module>:204 - 0.668	0.632	0.955	0.76
2022-10-22 09:57:25.413 | WARNING  | __main__:<module>:204 - 0.714	0.67	0.95	0.786
2022-10-22 09:57:31.113 | WARNING  | __main__:<module>:204 - 0.72	0.675	0.95	0.789
2022-10-22 09:57:33.946 | WARNING  | __main__:<module>:209 - accuracy		mean:0.701	std:0.023
2022-10-22 09:57:33.948 | WARNING  | __main__:<module>:210 - precision		mean:0.659	std:0.019
2022-10-22 09:57:33.950 | WARNING  | __main__:<module>:211 - recall		mean:0.952	std:0.002
2022-10-22 09:57:33.952 | WARNING  | __main__:<module>:212 - f1		mean:0.779	std:0.013
2022-10-22 10:02:32.745 | INFO     | __main__:<module>:148 - 0.8181818181818182
2022-10-22 10:02:32.748 | INFO     | __main__:<module>:149 - {'score_func': 'f_classif', 'k': 23, 'n_estimators': 4213, 'max_depth': 33, 'grow_policy': 'depthwise', 'learning_rate': 0.05759001945108838, 'gamma': 2.3297173019207835e-05, 'reg_lambda': 0.00016772109217368886, 'reg_alpha': 7.769575783492511e-05, 'subsample': 0.8322093907367141, 'colsample_bytree': 0.5723959748068376}
2022-10-22 10:02:32.755 | INFO     | __main__:<module>:183 - 测试集特征筛选前:(1093, 60)
2022-10-22 10:02:32.762 | INFO     | __main__:<module>:185 - 测试集特征筛选后:(1093, 23)
2022-10-22 10:02:35.520 | WARNING  | __main__:<module>:204 - 0.69	0.71	0.741	0.725
2022-10-22 10:02:39.726 | WARNING  | __main__:<module>:204 - 0.734	0.75	0.776	0.763
2022-10-22 10:02:43.946 | WARNING  | __main__:<module>:204 - 0.742	0.754	0.791	0.772
2022-10-22 10:02:45.223 | WARNING  | __main__:<module>:209 - accuracy		mean:0.722	std:0.023
2022-10-22 10:02:45.226 | WARNING  | __main__:<module>:210 - precision		mean:0.738	std:0.02
2022-10-22 10:02:45.227 | WARNING  | __main__:<module>:211 - recall		mean:0.769	std:0.021
2022-10-22 10:02:45.230 | WARNING  | __main__:<module>:212 - f1		mean:0.753	std:0.02
2022-10-22 10:05:52.738 | INFO     | __main__:<module>:148 - 0.8090909090909091
2022-10-22 10:05:52.741 | INFO     | __main__:<module>:149 - {'score_func': 'f_classif', 'k': 19, 'n_estimators': 4934, 'max_depth': 37, 'grow_policy': 'depthwise', 'learning_rate': 0.04146854172738826, 'gamma': 0.08590849533288133, 'reg_lambda': 1.8534614123800372e-05, 'reg_alpha': 0.007136264390003666, 'subsample': 0.7278717026966615, 'colsample_bytree': 0.5816348323893044}
2022-10-22 10:05:52.748 | INFO     | __main__:<module>:183 - 测试集特征筛选前:(1093, 60)
2022-10-22 10:05:52.756 | INFO     | __main__:<module>:185 - 测试集特征筛选后:(1093, 19)
2022-10-22 10:05:57.037 | WARNING  | __main__:<module>:204 - 0.745	0.746	0.82	0.781
2022-10-22 10:06:02.818 | WARNING  | __main__:<module>:204 - 0.7	0.719	0.754	0.736
2022-10-22 10:06:08.437 | WARNING  | __main__:<module>:204 - 0.673	0.712	0.689	0.7
2022-10-22 10:06:14.044 | WARNING  | __main__:<module>:204 - 0.743	0.735	0.833	0.781
2022-10-22 10:06:19.722 | WARNING  | __main__:<module>:204 - 0.752	0.77	0.783	0.777
2022-10-22 10:06:25.071 | WARNING  | __main__:<module>:204 - 0.706	0.741	0.717	0.729
2022-10-22 10:06:30.494 | WARNING  | __main__:<module>:204 - 0.743	0.758	0.783	0.77
2022-10-22 10:06:36.005 | WARNING  | __main__:<module>:204 - 0.761	0.804	0.75	0.776
2022-10-22 10:06:41.579 | WARNING  | __main__:<module>:204 - 0.716	0.716	0.8	0.756
2022-10-22 10:06:47.257 | WARNING  | __main__:<module>:204 - 0.817	0.845	0.817	0.831
2022-10-22 10:06:48.885 | WARNING  | __main__:<module>:209 - accuracy		mean:0.736	std:0.038
2022-10-22 10:06:48.889 | WARNING  | __main__:<module>:210 - precision		mean:0.755	std:0.04
2022-10-22 10:06:48.891 | WARNING  | __main__:<module>:211 - recall		mean:0.775	std:0.045
2022-10-22 10:06:48.894 | WARNING  | __main__:<module>:212 - f1		mean:0.764	std:0.034
2022-10-22 10:07:47.904 | INFO     | __main__:<module>:148 - 0.8454545454545455
2022-10-22 10:07:47.907 | INFO     | __main__:<module>:149 - {'score_func': 'mutual_info_classif', 'k': 14, 'n_estimators': 317, 'max_depth': 26, 'grow_policy': 'depthwise', 'learning_rate': 0.0033261388728645694, 'gamma': 9.938950549476748e-08, 'reg_lambda': 7.653546149032096e-08, 'reg_alpha': 0.03924636755062881, 'subsample': 0.4169930135814343, 'colsample_bytree': 0.10090476963793601}
2022-10-22 10:07:47.913 | INFO     | __main__:<module>:183 - 测试集特征筛选前:(1093, 60)
2022-10-22 10:07:48.188 | INFO     | __main__:<module>:185 - 测试集特征筛选后:(1093, 14)
2022-10-22 10:07:48.506 | WARNING  | __main__:<module>:204 - 0.764	0.733	0.902	0.809
2022-10-22 10:07:49.665 | WARNING  | __main__:<module>:204 - 0.755	0.736	0.869	0.797
2022-10-22 10:07:50.808 | WARNING  | __main__:<module>:204 - 0.782	0.768	0.869	0.815
2022-10-22 10:07:51.952 | WARNING  | __main__:<module>:204 - 0.817	0.786	0.917	0.846
2022-10-22 10:07:53.079 | WARNING  | __main__:<module>:204 - 0.789	0.753	0.917	0.827
2022-10-22 10:07:54.232 | WARNING  | __main__:<module>:204 - 0.807	0.783	0.9	0.837
2022-10-22 10:07:55.373 | WARNING  | __main__:<module>:204 - 0.789	0.753	0.917	0.827
2022-10-22 10:07:56.589 | WARNING  | __main__:<module>:204 - 0.844	0.852	0.867	0.86
2022-10-22 10:07:57.726 | WARNING  | __main__:<module>:204 - 0.835	0.818	0.9	0.857
2022-10-22 10:07:58.867 | WARNING  | __main__:<module>:204 - 0.798	0.771	0.9	0.831
2022-10-22 10:07:59.699 | WARNING  | __main__:<module>:209 - accuracy		mean:0.798	std:0.027
2022-10-22 10:07:59.702 | WARNING  | __main__:<module>:210 - precision		mean:0.775	std:0.035
2022-10-22 10:07:59.704 | WARNING  | __main__:<module>:211 - recall		mean:0.896	std:0.019
2022-10-22 10:07:59.707 | WARNING  | __main__:<module>:212 - f1		mean:0.831	std:0.019
