2022-10-20 14:13:49.955 | INFO     | __main__:<module>:144 - 0.8383838383838383
2022-10-20 14:13:49.957 | INFO     | __main__:<module>:145 - {'score_func': 'mutual_info_classif', 'k': 54, 'n_estimators': 24, 'max_depth': 9, 'grow_policy': 'depthwise', 'learning_rate': 0.0001131654856031012, 'gamma': 0.0019567407335221924, 'reg_lambda': 0.001044157512145134, 'reg_alpha': 7.701739527457016e-07, 'subsample': 0.8946363974893893, 'colsample_bytree': 0.6525313648695233}
2022-10-20 14:14:03.789 | INFO     | __main__:<module>:30 - 测试集特征筛选前:(110, 153)
2022-10-20 14:14:04.108 | INFO     | __main__:<module>:32 - 测试集特征筛选后:(110, 54)
2022-10-20 14:14:04.246 | WARNING  | __main__:<module>:56 - accuracy		mean:0.627	std:0.024
2022-10-20 14:14:04.249 | WARNING  | __main__:<module>:57 - precision		mean:0.621	std:0.042
2022-10-20 14:14:04.251 | WARNING  | __main__:<module>:58 - recall		mean:0.648	std:0.069
2022-10-20 14:14:04.253 | WARNING  | __main__:<module>:59 - f1		mean:0.63	std:0.018
2022-10-20 14:15:05.423 | INFO     | __main__:<module>:144 - 0.8585858585858586
2022-10-20 14:15:05.427 | INFO     | __main__:<module>:145 - {'score_func': 'mutual_info_classif', 'k': 44, 'n_estimators': 39, 'max_depth': 9, 'grow_policy': 'depthwise', 'learning_rate': 0.14189198405214612, 'gamma': 1.5575837243009025e-07, 'reg_lambda': 0.8905479842317113, 'reg_alpha': 0.0007125105155112263, 'subsample': 0.9459897332343463, 'colsample_bytree': 0.8603844721118074}
2022-10-20 14:15:05.676 | INFO     | __main__:<module>:30 - 测试集特征筛选前:(110, 153)
2022-10-20 14:15:06.039 | INFO     | __main__:<module>:32 - 测试集特征筛选后:(110, 44)
2022-10-20 14:15:06.223 | WARNING  | __main__:<module>:56 - accuracy		mean:0.709	std:0.044
2022-10-20 14:15:06.227 | WARNING  | __main__:<module>:57 - precision		mean:0.725	std:0.034
2022-10-20 14:15:06.230 | WARNING  | __main__:<module>:58 - recall		mean:0.667	std:0.164
2022-10-20 14:15:06.233 | WARNING  | __main__:<module>:59 - f1		mean:0.682	std:0.092
2022-10-20 14:25:16.892 | INFO     | __main__:<module>:30 - 测试集特征筛选前:(110, 44)
2022-10-20 14:25:17.006 | INFO     | __main__:<module>:32 - 测试集特征筛选后:(110, 44)
2022-10-20 14:25:17.065 | WARNING  | __main__:<module>:51 - 0.73	0.682	0.833	0.75
2022-10-20 14:25:17.780 | WARNING  | __main__:<module>:51 - 0.649	0.727	0.444	0.552
2022-10-20 14:25:18.387 | WARNING  | __main__:<module>:51 - 0.75	0.765	0.722	0.743
2022-10-20 14:25:18.935 | WARNING  | __main__:<module>:56 - accuracy		mean:0.709	std:0.044
2022-10-20 14:25:18.939 | WARNING  | __main__:<module>:57 - precision		mean:0.725	std:0.034
2022-10-20 14:25:18.941 | WARNING  | __main__:<module>:58 - recall		mean:0.667	std:0.164
2022-10-20 14:25:18.944 | WARNING  | __main__:<module>:59 - f1		mean:0.682	std:0.092
