2022-10-22 10:05:52.738 | INFO     | __main__:<module>:148 - 0.8090909090909091
2022-10-22 10:05:52.741 | INFO     | __main__:<module>:149 - {'score_func': 'f_classif', 'k': 19, 'n_estimators': 4934, 'max_depth': 37, 'grow_policy': 'depthwise', 'learning_rate': 0.04146854172738826, 'gamma': 0.08590849533288133, 'reg_lambda': 1.8534614123800372e-05, 'reg_alpha': 0.007136264390003666, 'subsample': 0.7278717026966615, 'colsample_bytree': 0.5816348323893044}
2022-10-22 10:05:52.748 | INFO     | __main__:<module>:183 - 测试集特征筛选前:(1093, 60)
2022-10-22 10:05:52.756 | INFO     | __main__:<module>:185 - 测试集特征筛选后:(1093, 19)
2022-10-22 10:05:57.037 | WARNING  | __main__:<module>:204 - 0.745	0.746	0.82	0.781
2022-10-22 10:06:02.818 | WARNING  | __main__:<module>:204 - 0.7	0.719	0.754	0.736
2022-10-22 10:06:08.437 | WARNING  | __main__:<module>:204 - 0.673	0.712	0.689	0.7
2022-10-22 10:06:14.044 | WARNING  | __main__:<module>:204 - 0.743	0.735	0.833	0.781
2022-10-22 10:06:19.722 | WARNING  | __main__:<module>:204 - 0.752	0.77	0.783	0.777
2022-10-22 10:06:25.071 | WARNING  | __main__:<module>:204 - 0.706	0.741	0.717	0.729
2022-10-22 10:06:30.494 | WARNING  | __main__:<module>:204 - 0.743	0.758	0.783	0.77
2022-10-22 10:06:36.005 | WARNING  | __main__:<module>:204 - 0.761	0.804	0.75	0.776
2022-10-22 10:06:41.579 | WARNING  | __main__:<module>:204 - 0.716	0.716	0.8	0.756
2022-10-22 10:06:47.257 | WARNING  | __main__:<module>:204 - 0.817	0.845	0.817	0.831
2022-10-22 10:06:48.885 | WARNING  | __main__:<module>:209 - accuracy		mean:0.736	std:0.038
2022-10-22 10:06:48.889 | WARNING  | __main__:<module>:210 - precision		mean:0.755	std:0.04
2022-10-22 10:06:48.891 | WARNING  | __main__:<module>:211 - recall		mean:0.775	std:0.045
2022-10-22 10:06:48.894 | WARNING  | __main__:<module>:212 - f1		mean:0.764	std:0.034
2022-10-22 10:07:47.904 | INFO     | __main__:<module>:148 - 0.8454545454545455
2022-10-22 10:07:47.907 | INFO     | __main__:<module>:149 - {'score_func': 'mutual_info_classif', 'k': 14, 'n_estimators': 317, 'max_depth': 26, 'grow_policy': 'depthwise', 'learning_rate': 0.0033261388728645694, 'gamma': 9.938950549476748e-08, 'reg_lambda': 7.653546149032096e-08, 'reg_alpha': 0.03924636755062881, 'subsample': 0.4169930135814343, 'colsample_bytree': 0.10090476963793601}
2022-10-22 10:07:47.913 | INFO     | __main__:<module>:183 - 测试集特征筛选前:(1093, 60)
2022-10-22 10:07:48.188 | INFO     | __main__:<module>:185 - 测试集特征筛选后:(1093, 14)
2022-10-22 10:07:48.506 | WARNING  | __main__:<module>:204 - 0.764	0.733	0.902	0.809
2022-10-22 10:07:49.665 | WARNING  | __main__:<module>:204 - 0.755	0.736	0.869	0.797
2022-10-22 10:07:50.808 | WARNING  | __main__:<module>:204 - 0.782	0.768	0.869	0.815
2022-10-22 10:07:51.952 | WARNING  | __main__:<module>:204 - 0.817	0.786	0.917	0.846
2022-10-22 10:07:53.079 | WARNING  | __main__:<module>:204 - 0.789	0.753	0.917	0.827
2022-10-22 10:07:54.232 | WARNING  | __main__:<module>:204 - 0.807	0.783	0.9	0.837
2022-10-22 10:07:55.373 | WARNING  | __main__:<module>:204 - 0.789	0.753	0.917	0.827
2022-10-22 10:07:56.589 | WARNING  | __main__:<module>:204 - 0.844	0.852	0.867	0.86
2022-10-22 10:07:57.726 | WARNING  | __main__:<module>:204 - 0.835	0.818	0.9	0.857
2022-10-22 10:07:58.867 | WARNING  | __main__:<module>:204 - 0.798	0.771	0.9	0.831
2022-10-22 10:07:59.699 | WARNING  | __main__:<module>:209 - accuracy		mean:0.798	std:0.027
2022-10-22 10:07:59.702 | WARNING  | __main__:<module>:210 - precision		mean:0.775	std:0.035
2022-10-22 10:07:59.704 | WARNING  | __main__:<module>:211 - recall		mean:0.896	std:0.019
2022-10-22 10:07:59.707 | WARNING  | __main__:<module>:212 - f1		mean:0.831	std:0.019
