2022-10-20 13:37:47.895 | INFO     | __main__:<module>:146 - 0.8484848484848485
2022-10-20 13:37:47.895 | INFO     | __main__:<module>:147 - {'score_func': 'mutual_info_classif', 'k': 40, 'n_estimators': 128, 'max_depth': 24, 'grow_policy': 'lossguide', 'learning_rate': 0.0026157874762819714, 'gamma': 9.549955272578296e-05, 'reg_lambda': 1.559602674605058e-08, 'reg_alpha': 0.0019106977826937608, 'subsample': 0.825993024667146, 'colsample_bytree': 0.6177777269556779}
2022-10-20 13:38:08.491 | INFO     | __main__:<module>:30 - 测试集特征筛选前:(110, 153)
2022-10-20 13:38:08.727 | INFO     | __main__:<module>:32 - 测试集特征筛选后:(110, 40)
2022-10-20 13:38:09.033 | WARNING  | __main__:<module>:56 - accuracy		mean:0.691	std:0.031
2022-10-20 13:38:09.041 | WARNING  | __main__:<module>:57 - precision		mean:0.697	std:0.063
2022-10-20 13:38:09.043 | WARNING  | __main__:<module>:58 - recall		mean:0.685	std:0.069
2022-10-20 13:38:09.045 | WARNING  | __main__:<module>:59 - f1		mean:0.685	std:0.016
2022-10-20 13:38:54.294 | INFO     | __main__:<module>:146 - 0.8282828282828283
2022-10-20 13:38:54.294 | INFO     | __main__:<module>:147 - {'score_func': 'mutual_info_classif', 'k': 50, 'n_estimators': 24, 'max_depth': 10, 'grow_policy': 'lossguide', 'learning_rate': 0.7283082019385656, 'gamma': 0.8797859961679788, 'reg_lambda': 2.310547252760198e-08, 'reg_alpha': 6.622460571959423e-08, 'subsample': 0.973003320897672, 'colsample_bytree': 0.5680044887457518}
2022-10-20 13:39:21.108 | INFO     | __main__:<module>:30 - 测试集特征筛选前:(110, 153)
2022-10-20 13:39:21.328 | INFO     | __main__:<module>:32 - 测试集特征筛选后:(110, 50)
2022-10-20 13:39:21.423 | WARNING  | __main__:<module>:56 - accuracy		mean:0.683	std:0.109
2022-10-20 13:39:21.429 | WARNING  | __main__:<module>:57 - precision		mean:0.663	std:0.103
2022-10-20 13:39:21.431 | WARNING  | __main__:<module>:58 - recall		mean:0.759	std:0.094
2022-10-20 13:39:21.434 | WARNING  | __main__:<module>:59 - f1		mean:0.704	std:0.089
2022-10-20 13:41:03.323 | INFO     | __main__:<module>:146 - 0.8585858585858586
2022-10-20 13:41:03.326 | INFO     | __main__:<module>:147 - {'score_func': 'mutual_info_classif', 'k': 40, 'n_estimators': 10, 'max_depth': 31, 'grow_policy': 'lossguide', 'learning_rate': 0.20839197496234613, 'gamma': 6.351226114599648e-05, 'reg_lambda': 0.002066906827230128, 'reg_alpha': 0.0049576504605663586, 'subsample': 0.8950832172783096, 'colsample_bytree': 0.9606787624925941}
2022-10-20 13:41:43.377 | INFO     | __main__:<module>:30 - 测试集特征筛选前:(110, 153)
2022-10-20 13:41:43.598 | INFO     | __main__:<module>:32 - 测试集特征筛选后:(110, 40)
2022-10-20 13:41:43.677 | WARNING  | __main__:<module>:56 - accuracy		mean:0.682	std:0.024
2022-10-20 13:41:43.679 | WARNING  | __main__:<module>:57 - precision		mean:0.688	std:0.016
2022-10-20 13:41:43.681 | WARNING  | __main__:<module>:58 - recall		mean:0.648	std:0.114
2022-10-20 13:41:43.684 | WARNING  | __main__:<module>:59 - f1		mean:0.661	std:0.059
2022-10-20 13:43:02.328 | INFO     | __main__:<module>:146 - 0.8181818181818182
2022-10-20 13:43:02.330 | INFO     | __main__:<module>:147 - {'score_func': 'mutual_info_classif', 'k': 40, 'n_estimators': 23, 'max_depth': 45, 'grow_policy': 'depthwise', 'learning_rate': 1.6877183894856666e-05, 'gamma': 5.144291937862896e-05, 'reg_lambda': 0.03445458108757234, 'reg_alpha': 2.3583346775511025e-07, 'subsample': 0.6246191117889677, 'colsample_bytree': 0.6483088977440981}
2022-10-20 13:43:02.485 | INFO     | __main__:<module>:30 - 测试集特征筛选前:(110, 153)
2022-10-20 13:43:02.713 | INFO     | __main__:<module>:32 - 测试集特征筛选后:(110, 40)
2022-10-20 13:43:02.819 | WARNING  | __main__:<module>:56 - accuracy		mean:0.619	std:0.076
2022-10-20 13:43:02.821 | WARNING  | __main__:<module>:57 - precision		mean:0.607	std:0.073
2022-10-20 13:43:02.823 | WARNING  | __main__:<module>:58 - recall		mean:0.648	std:0.114
2022-10-20 13:43:02.826 | WARNING  | __main__:<module>:59 - f1		mean:0.623	std:0.082
2022-10-20 13:43:17.352 | INFO     | __main__:<module>:30 - 测试集特征筛选前:(110, 40)
2022-10-20 13:43:17.433 | INFO     | __main__:<module>:32 - 测试集特征筛选后:(110, 40)
2022-10-20 13:43:17.533 | WARNING  | __main__:<module>:56 - accuracy		mean:0.619	std:0.076
2022-10-20 13:43:17.535 | WARNING  | __main__:<module>:57 - precision		mean:0.607	std:0.073
2022-10-20 13:43:17.537 | WARNING  | __main__:<module>:58 - recall		mean:0.648	std:0.114
2022-10-20 13:43:17.540 | WARNING  | __main__:<module>:59 - f1		mean:0.623	std:0.082
