2022-10-20 13:46:18.082 | INFO     | __main__:<module>:146 - 0.8383838383838383
2022-10-20 13:46:18.083 | INFO     | __main__:<module>:147 - {'score_func': 'mutual_info_classif', 'k': 64, 'n_estimators': 21, 'max_depth': 7, 'grow_policy': 'lossguide', 'learning_rate': 9.065314267740006e-05, 'gamma': 0.0012408682476067253, 'reg_lambda': 0.00700232550564947, 'reg_alpha': 0.009932002886204239, 'subsample': 0.8266694674602614, 'colsample_bytree': 0.709775022904686}
2022-10-20 13:47:16.972 | INFO     | __main__:<module>:30 - 测试集特征筛选前:(110, 153)
2022-10-20 13:47:17.188 | INFO     | __main__:<module>:32 - 测试集特征筛选后:(110, 64)
2022-10-20 13:47:17.311 | WARNING  | __main__:<module>:56 - accuracy		mean:0.701	std:0.115
2022-10-20 13:47:17.312 | WARNING  | __main__:<module>:57 - precision		mean:0.712	std:0.114
2022-10-20 13:47:17.313 | WARNING  | __main__:<module>:58 - recall		mean:0.685	std:0.183
2022-10-20 13:47:17.314 | WARNING  | __main__:<module>:59 - f1		mean:0.684	std:0.133
2022-10-20 13:47:34.724 | INFO     | __main__:<module>:146 - 0.8484848484848485
2022-10-20 13:47:34.724 | INFO     | __main__:<module>:147 - {'score_func': 'chi2', 'k': 50, 'n_estimators': 25, 'max_depth': 2, 'grow_policy': 'lossguide', 'learning_rate': 0.28714010491791037, 'gamma': 1.0445303801179701e-08, 'reg_lambda': 2.3607119253506786e-07, 'reg_alpha': 0.008521648449036162, 'subsample': 0.8522719642886031, 'colsample_bytree': 0.8130586097574479}
2022-10-20 13:47:34.846 | INFO     | __main__:<module>:30 - 测试集特征筛选前:(110, 153)
2022-10-20 13:47:34.852 | INFO     | __main__:<module>:32 - 测试集特征筛选后:(110, 50)
2022-10-20 13:47:34.951 | WARNING  | __main__:<module>:56 - accuracy		mean:0.645	std:0.005
2022-10-20 13:47:34.952 | WARNING  | __main__:<module>:57 - precision		mean:0.644	std:0.031
2022-10-20 13:47:34.953 | WARNING  | __main__:<module>:58 - recall		mean:0.648	std:0.131
2022-10-20 13:47:34.955 | WARNING  | __main__:<module>:59 - f1		mean:0.637	std:0.043
2022-10-20 13:48:16.312 | INFO     | __main__:<module>:146 - 0.8181818181818182
2022-10-20 13:48:16.314 | INFO     | __main__:<module>:147 - {'score_func': 'mutual_info_classif', 'k': 46, 'n_estimators': 16, 'max_depth': 9, 'grow_policy': 'depthwise', 'learning_rate': 1.7019821466503375e-06, 'gamma': 8.92530875406842e-05, 'reg_lambda': 1.021088475326679e-06, 'reg_alpha': 1.0267422882923704e-08, 'subsample': 0.5449979488397122, 'colsample_bytree': 0.6348953265136842}
2022-10-20 13:48:16.476 | INFO     | __main__:<module>:30 - 测试集特征筛选前:(110, 153)
2022-10-20 13:48:16.712 | INFO     | __main__:<module>:32 - 测试集特征筛选后:(110, 46)
2022-10-20 13:48:16.794 | WARNING  | __main__:<module>:56 - accuracy		mean:0.681	std:0.053
2022-10-20 13:48:16.794 | WARNING  | __main__:<module>:57 - precision		mean:0.676	std:0.028
2022-10-20 13:48:16.794 | WARNING  | __main__:<module>:58 - recall		mean:0.667	std:0.12
2022-10-20 13:48:16.803 | WARNING  | __main__:<module>:59 - f1		mean:0.668	std:0.072
2022-10-20 13:49:29.264 | INFO     | __main__:<module>:144 - 0.8181818181818182
2022-10-20 13:49:29.266 | INFO     | __main__:<module>:145 - {'score_func': 'mutual_info_classif', 'k': 22, 'n_estimators': 24, 'max_depth': 9, 'grow_policy': 'depthwise', 'learning_rate': 1.0058316922294542e-06, 'gamma': 0.033615958047503926, 'reg_lambda': 0.0003079140762633822, 'reg_alpha': 4.530315411521003e-08, 'subsample': 0.7019475254737851, 'colsample_bytree': 0.8919077673644943}
2022-10-20 13:49:29.403 | INFO     | __main__:<module>:30 - 测试集特征筛选前:(110, 153)
2022-10-20 13:49:29.644 | INFO     | __main__:<module>:32 - 测试集特征筛选后:(110, 22)
2022-10-20 13:49:29.733 | WARNING  | __main__:<module>:56 - accuracy		mean:0.646	std:0.036
2022-10-20 13:49:29.735 | WARNING  | __main__:<module>:57 - precision		mean:0.64	std:0.053
2022-10-20 13:49:29.737 | WARNING  | __main__:<module>:58 - recall		mean:0.667	std:0.045
2022-10-20 13:49:29.738 | WARNING  | __main__:<module>:59 - f1		mean:0.649	std:0.013
2022-10-20 14:11:41.012 | INFO     | __main__:<module>:144 - 0.797979797979798
2022-10-20 14:11:41.015 | INFO     | __main__:<module>:145 - {'score_func': 'f_classif', 'k': 28, 'n_estimators': 21, 'max_depth': 10, 'grow_policy': 'lossguide', 'learning_rate': 1.261343833466728e-07, 'gamma': 1.388624498842362e-07, 'reg_lambda': 0.06390909461216003, 'reg_alpha': 3.220252073714115e-06, 'subsample': 0.9306418797008436, 'colsample_bytree': 0.5090146020965516}
2022-10-20 14:11:41.265 | INFO     | __main__:<module>:30 - 测试集特征筛选前:(110, 153)
2022-10-20 14:11:41.271 | INFO     | __main__:<module>:32 - 测试集特征筛选后:(110, 28)
2022-10-20 14:11:41.393 | WARNING  | __main__:<module>:56 - accuracy		mean:0.736	std:0.01
2022-10-20 14:11:41.396 | WARNING  | __main__:<module>:57 - precision		mean:0.732	std:0.036
2022-10-20 14:11:41.398 | WARNING  | __main__:<module>:58 - recall		mean:0.741	std:0.069
2022-10-20 14:11:41.400 | WARNING  | __main__:<module>:59 - f1		mean:0.733	std:0.019
2022-10-20 14:12:43.296 | INFO     | __main__:<module>:144 - 0.8383838383838383
2022-10-20 14:12:43.299 | INFO     | __main__:<module>:145 - {'score_func': 'mutual_info_classif', 'k': 24, 'n_estimators': 30, 'max_depth': 9, 'grow_policy': 'lossguide', 'learning_rate': 0.07296727862925376, 'gamma': 6.911960208887231e-08, 'reg_lambda': 0.10106273257628234, 'reg_alpha': 0.01814724674710849, 'subsample': 0.5530902518253985, 'colsample_bytree': 0.6966928106027676}
2022-10-20 14:12:43.513 | INFO     | __main__:<module>:30 - 测试集特征筛选前:(110, 153)
2022-10-20 14:12:43.829 | INFO     | __main__:<module>:32 - 测试集特征筛选后:(110, 24)
2022-10-20 14:12:43.947 | WARNING  | __main__:<module>:56 - accuracy		mean:0.655	std:0.047
2022-10-20 14:12:43.949 | WARNING  | __main__:<module>:57 - precision		mean:0.653	std:0.046
2022-10-20 14:12:43.951 | WARNING  | __main__:<module>:58 - recall		mean:0.648	std:0.146
2022-10-20 14:12:43.954 | WARNING  | __main__:<module>:59 - f1		mean:0.64	std:0.083
2022-10-20 14:13:49.955 | INFO     | __main__:<module>:144 - 0.8383838383838383
2022-10-20 14:13:49.957 | INFO     | __main__:<module>:145 - {'score_func': 'mutual_info_classif', 'k': 54, 'n_estimators': 24, 'max_depth': 9, 'grow_policy': 'depthwise', 'learning_rate': 0.0001131654856031012, 'gamma': 0.0019567407335221924, 'reg_lambda': 0.001044157512145134, 'reg_alpha': 7.701739527457016e-07, 'subsample': 0.8946363974893893, 'colsample_bytree': 0.6525313648695233}
2022-10-20 14:14:03.789 | INFO     | __main__:<module>:30 - 测试集特征筛选前:(110, 153)
2022-10-20 14:14:04.108 | INFO     | __main__:<module>:32 - 测试集特征筛选后:(110, 54)
2022-10-20 14:14:04.246 | WARNING  | __main__:<module>:56 - accuracy		mean:0.627	std:0.024
2022-10-20 14:14:04.249 | WARNING  | __main__:<module>:57 - precision		mean:0.621	std:0.042
2022-10-20 14:14:04.251 | WARNING  | __main__:<module>:58 - recall		mean:0.648	std:0.069
2022-10-20 14:14:04.253 | WARNING  | __main__:<module>:59 - f1		mean:0.63	std:0.018
2022-10-20 14:15:05.423 | INFO     | __main__:<module>:144 - 0.8585858585858586
2022-10-20 14:15:05.427 | INFO     | __main__:<module>:145 - {'score_func': 'mutual_info_classif', 'k': 44, 'n_estimators': 39, 'max_depth': 9, 'grow_policy': 'depthwise', 'learning_rate': 0.14189198405214612, 'gamma': 1.5575837243009025e-07, 'reg_lambda': 0.8905479842317113, 'reg_alpha': 0.0007125105155112263, 'subsample': 0.9459897332343463, 'colsample_bytree': 0.8603844721118074}
2022-10-20 14:15:05.676 | INFO     | __main__:<module>:30 - 测试集特征筛选前:(110, 153)
2022-10-20 14:15:06.039 | INFO     | __main__:<module>:32 - 测试集特征筛选后:(110, 44)
2022-10-20 14:15:06.223 | WARNING  | __main__:<module>:56 - accuracy		mean:0.709	std:0.044
2022-10-20 14:15:06.227 | WARNING  | __main__:<module>:57 - precision		mean:0.725	std:0.034
2022-10-20 14:15:06.230 | WARNING  | __main__:<module>:58 - recall		mean:0.667	std:0.164
2022-10-20 14:15:06.233 | WARNING  | __main__:<module>:59 - f1		mean:0.682	std:0.092
2022-10-20 14:25:16.892 | INFO     | __main__:<module>:30 - 测试集特征筛选前:(110, 44)
2022-10-20 14:25:17.006 | INFO     | __main__:<module>:32 - 测试集特征筛选后:(110, 44)
2022-10-20 14:25:17.065 | WARNING  | __main__:<module>:51 - 0.73	0.682	0.833	0.75
2022-10-20 14:25:17.780 | WARNING  | __main__:<module>:51 - 0.649	0.727	0.444	0.552
2022-10-20 14:25:18.387 | WARNING  | __main__:<module>:51 - 0.75	0.765	0.722	0.743
2022-10-20 14:25:18.935 | WARNING  | __main__:<module>:56 - accuracy		mean:0.709	std:0.044
2022-10-20 14:25:18.939 | WARNING  | __main__:<module>:57 - precision		mean:0.725	std:0.034
2022-10-20 14:25:18.941 | WARNING  | __main__:<module>:58 - recall		mean:0.667	std:0.164
2022-10-20 14:25:18.944 | WARNING  | __main__:<module>:59 - f1		mean:0.682	std:0.092
